#
# There is insufficient memory for the Java Runtime Environment to continue.
# Native memory allocation (mmap) failed to map 168296448 bytes for committing reserved memory.
# Possible reasons:
#   The system is out of physical RAM or swap space
#   In 32 bit mode, the process size limit was hit
# Possible solutions:
#   Reduce memory load on the system
#   Increase physical memory or swap space
#   Check if swap backing store is full
#   Use 64 bit Java on a 64 bit OS
#   Decrease Java heap size (-Xmx/-Xms)
#   Decrease number of Java threads
#   Decrease Java thread stack sizes (-Xss)
#   Set larger code cache with -XX:ReservedCodeCacheSize=
# This output file may be truncated or incomplete.
#
#  Out of Memory Error (os_linux.cpp:2627), pid=26629, tid=0x00007f81db9f9700
#
# JRE version: Java(TM) SE Runtime Environment (8.0_101-b13) (build 1.8.0_101-b13)
# Java VM: Java HotSpot(TM) 64-Bit Server VM (25.101-b13 mixed mode linux-amd64 compressed oops)
# Failed to write core dump. Core dumps have been disabled. To enable core dumping, try "ulimit -c unlimited" before starting Java again
#

---------------  T H R E A D  ---------------

Current thread (0x00007f8204149000):  VMThread [stack: 0x00007f81db8f9000,0x00007f81db9fa000] [id=26639]

Stack: [0x00007f81db8f9000,0x00007f81db9fa000],  sp=0x00007f81db9f82a0,  free space=1020k
Native frames: (J=compiled Java code, j=interpreted, Vv=VM code, C=native code)
V  [libjvm.so+0xac3f0a]  VMError::report_and_die()+0x2ba
V  [libjvm.so+0x4fbf9b]  report_vm_out_of_memory(char const*, int, unsigned long, VMErrorType, char const*)+0x8b
V  [libjvm.so+0x9222d3]  os::Linux::commit_memory_impl(char*, unsigned long, bool)+0x103
V  [libjvm.so+0x922829]  os::pd_commit_memory(char*, unsigned long, unsigned long, bool)+0x29
V  [libjvm.so+0x91cb2a]  os::commit_memory(char*, unsigned long, unsigned long, bool)+0x2a
V  [libjvm.so+0x991053]  PSVirtualSpace::expand_by(unsigned long)+0x53
V  [libjvm.so+0x992458]  PSYoungGen::resize_generation(unsigned long, unsigned long)+0xf8
V  [libjvm.so+0x9915b2]  PSYoungGen::resize(unsigned long, unsigned long)+0x22
V  [libjvm.so+0x98e88b]  PSScavenge::invoke_no_policy()+0xf3b
V  [libjvm.so+0x98f011]  PSScavenge::invoke()+0x41
V  [libjvm.so+0x945fc0]  ParallelScavengeHeap::failed_mem_allocate(unsigned long)+0x70
V  [libjvm.so+0xac5927]  VM_ParallelGCFailedAllocation::doit()+0x97
V  [libjvm.so+0xacd405]  VM_Operation::evaluate()+0x55
V  [libjvm.so+0xacb7da]  VMThread::evaluate_operation(VM_Operation*)+0xba
V  [libjvm.so+0xacbb5e]  VMThread::loop()+0x1ce
V  [libjvm.so+0xacbfd0]  VMThread::run()+0x70
V  [libjvm.so+0x924698]  java_start(Thread*)+0x108

VM_Operation (0x00007f819e3e8720): ParallelGCFailedAllocation, mode: safepoint, requested by thread 0x00007f820502a800


---------------  P R O C E S S  ---------------

Java Threads: ( => current thread )
  0x00007f820502a800 JavaThread "DubboResponseTimeoutScanTimer" daemon [_thread_blocked, id=26697, stack(0x00007f819e2e9000,0x00007f819e3ea000)]
  0x00007f8174003800 JavaThread "DubboClientHandler-172.17.0.1:51701-thread-1" daemon [_thread_blocked, id=26696, stack(0x00007f819e3ea000,0x00007f819e4eb000)]
  0x00007f8204ff7800 JavaThread "dubbo-remoting-client-heartbeat-thread-2" daemon [_thread_blocked, id=26695, stack(0x00007f819e4eb000,0x00007f819e5ec000)]
  0x00007f8170001800 JavaThread "DubboClientHandler-172.17.0.1:51707-thread-1" daemon [_thread_blocked, id=26694, stack(0x00007f819e5ec000,0x00007f819e6ed000)]
  0x00007f8204ff7000 JavaThread "DubboClientReconnectTimer-thread-2" daemon [_thread_blocked, id=26692, stack(0x00007f819e6ed000,0x00007f819e7ee000)]
  0x00007f8204fc4000 JavaThread "dubbo-remoting-client-heartbeat-thread-1" daemon [_thread_blocked, id=26691, stack(0x00007f819e9ee000,0x00007f819eaef000)]
  0x00007f817c003000 JavaThread "DubboClientHandler-172.17.0.1:51603-thread-1" daemon [_thread_blocked, id=26690, stack(0x00007f819eaef000,0x00007f819ebf0000)]
  0x0000000000bac000 JavaThread "Hashed wheel timer #1" [_thread_blocked, id=26689, stack(0x00007f819ebf0000,0x00007f819ecf1000)]
  0x00007f8204fa6000 JavaThread "DubboClientReconnectTimer-thread-1" daemon [_thread_blocked, id=26687, stack(0x00007f819ecf1000,0x00007f819edf2000)]
  0x00007f8204f83800 JavaThread "New I/O boss #6" daemon [_thread_in_native, id=26686, stack(0x00007f819edf2000,0x00007f819eef3000)]
  0x00007f8204f6e000 JavaThread "New I/O worker #5" daemon [_thread_in_native, id=26685, stack(0x00007f819eef3000,0x00007f819eff4000)]
  0x00007f8204f4f000 JavaThread "New I/O worker #4" daemon [_thread_in_native, id=26684, stack(0x00007f819eff4000,0x00007f819f0f5000)]
  0x00007f8204f30000 JavaThread "New I/O worker #3" daemon [_thread_in_native, id=26683, stack(0x00007f819f0f5000,0x00007f819f1f6000)]
  0x00007f8204ee5000 JavaThread "New I/O worker #2" daemon [_thread_in_native, id=26682, stack(0x00007f819f1f6000,0x00007f819f2f7000)]
  0x00007f8204ee4000 JavaThread "New I/O worker #1" daemon [_thread_blocked, id=26681, stack(0x00007f819f2f7000,0x00007f819f3f8000)]
  0x00007f8204ecd000 JavaThread "DubboSaveRegistryCache-thread-1" daemon [_thread_blocked, id=26680, stack(0x00007f819f3f8000,0x00007f819f4f9000)]
  0x00007f8204ebf000 JavaThread "main-EventThread" daemon [_thread_blocked, id=26679, stack(0x00007f819f4f9000,0x00007f819f5fa000)]
  0x00007f8204ebd000 JavaThread "main-SendThread(localhost:2181)" daemon [_thread_in_native, id=26678, stack(0x00007f819f5fa000,0x00007f819f6fb000)]
  0x00007f8204e9f800 JavaThread "ZkClient-EventThread-24-localhost:2181" daemon [_thread_blocked, id=26677, stack(0x00007f819f6fb000,0x00007f819f7fc000)]
  0x00007f8204e90000 JavaThread "DubboRegistryFailedRetryTimer-thread-1" daemon [_thread_blocked, id=26676, stack(0x00007f819f7fc000,0x00007f819f8fd000)]
  0x00007f8204e2c800 JavaThread "container-0" [_thread_blocked, id=26675, stack(0x00007f819fafd000,0x00007f819fbfe000)]
  0x00007f8204e23000 JavaThread "ContainerBackgroundProcessor[StandardEngine[Tomcat]]" daemon [_thread_blocked, id=26674, stack(0x00007f819fbfe000,0x00007f819fcff000)]
  0x00007f81a424d800 JavaThread "localhost-startStop-1" daemon [_thread_blocked, id=26673, stack(0x00007f819fcff000,0x00007f819fe00000)]
  0x00007f8204e21800 JavaThread "Tomcat-startStop-1" daemon [_thread_blocked, id=26672, stack(0x00007f81da3e9000,0x00007f81da4ea000)]
  0x00007f820472c800 JavaThread "Service Thread" daemon [_thread_blocked, id=26657, stack(0x00007f81da80c000,0x00007f81da90d000)]
  0x00007f8204729800 JavaThread "C1 CompilerThread2" daemon [_thread_blocked, id=26656, stack(0x00007f81da90d000,0x00007f81daa0e000)]
  0x00007f8204727800 JavaThread "C2 CompilerThread1" daemon [_thread_blocked, id=26655, stack(0x00007f81daa0e000,0x00007f81dab0f000)]
  0x00007f8204725800 JavaThread "C2 CompilerThread0" daemon [_thread_blocked, id=26654, stack(0x00007f81dab0f000,0x00007f81dac10000)]
  0x00007f81c4001000 JavaThread "JDWP Command Reader" daemon [_thread_in_native, id=26652, stack(0x00007f81db0ef000,0x00007f81db1f0000)]
  0x00007f820419a800 JavaThread "JDWP Event Helper Thread" daemon [_thread_blocked, id=26651, stack(0x00007f81db1f0000,0x00007f81db2f1000)]
  0x00007f8204197000 JavaThread "JDWP Transport Listener: dt_socket" daemon [_thread_blocked, id=26649, stack(0x00007f81db2f1000,0x00007f81db3f2000)]
  0x00007f8204187000 JavaThread "Signal Dispatcher" daemon [_thread_blocked, id=26648, stack(0x00007f81db5f6000,0x00007f81db6f7000)]
  0x00007f8204155000 JavaThread "Finalizer" daemon [_thread_blocked, id=26641, stack(0x00007f81db6f7000,0x00007f81db7f8000)]
  0x00007f8204150800 JavaThread "Reference Handler" daemon [_thread_blocked, id=26640, stack(0x00007f81db7f8000,0x00007f81db8f9000)]
  0x00007f8204014800 JavaThread "main" [_thread_blocked, id=26630, stack(0x00007f820ae30000,0x00007f820af31000)]

Other Threads:
=>0x00007f8204149000 VMThread [stack: 0x00007f81db8f9000,0x00007f81db9fa000] [id=26639]
  0x00007f8204732000 WatcherThread [stack: 0x00007f81da70b000,0x00007f81da80c000] [id=26658]

VM state:at safepoint (normal execution)

VM Mutex/Monitor currently owned by a thread:  ([mutex/lock_event])
[0x00007f8204009ec0] Threads_lock - owner thread: 0x00007f8204149000
[0x00007f820400a3c0] Heap_lock - owner thread: 0x00007f820502a800

Heap:
 PSYoungGen      total 388096K, used 14012K [0x00000000d7000000, 0x00000000efc80000, 0x0000000100000000)
  eden space 370176K, 0% used [0x00000000d7000000,0x00000000d7000000,0x00000000ed980000)
  from space 17920K, 78% used [0x00000000ed980000,0x00000000ee72f370,0x00000000eeb00000)
  to   space 14336K, 0% used [0x00000000eec80000,0x00000000eec80000,0x00000000efa80000)
 ParOldGen       total 54272K, used 28043K [0x0000000085000000, 0x0000000088500000, 0x00000000d7000000)
  object space 54272K, 51% used [0x0000000085000000,0x0000000086b62fa0,0x0000000088500000)
 Metaspace       used 33938K, capacity 34508K, committed 34560K, reserved 1079296K
  class space    used 4238K, capacity 4341K, committed 4352K, reserved 1048576K

Card table byte_map: [0x00007f81edab3000,0x00007f81ede8c000] byte_map_base: 0x00007f81ed68b000

Marking Bits: (ParMarkBitMap*) 0x00007f820a2fb120
 Begin Bits: [0x00007f81e97a0000, 0x00007f81eb660000)
 End Bits:   [0x00007f81eb660000, 0x00007f81ed520000)

Polling page: 0x00007f820af48000

CodeCache: size=245760Kb used=8343Kb max_used=8343Kb free=237416Kb
 bounds [0x00007f81ee24c000, 0x00007f81eea7c000, 0x00007f81fd24c000]
 total_blobs=4222 nmethods=3765 adapters=377
 compilation: enabled

Compilation events (10 events):
Event: 8.715 Thread 0x00007f8204729800 3831       1       org.aspectj.apache.bcel.generic.Type::getType (232 bytes)
Event: 8.716 Thread 0x00007f8204729800 nmethod 3831 0x00007f81eea700d0 code [0x00007f81eea70320, 0x00007f81eea70a68]
Event: 8.716 Thread 0x00007f8204729800 3832       1       org.aspectj.apache.bcel.generic.Type::getType (5 bytes)
Event: 8.716 Thread 0x00007f8204729800 nmethod 3832 0x00007f81eea71250 code [0x00007f81eea713a0, 0x00007f81eea714b0]
Event: 8.717 Thread 0x00007f8204729800 3833   !   1       org.aspectj.apache.bcel.classfile.Utility::typeOfSignature (204 bytes)
Event: 8.718 Thread 0x00007f8204729800 nmethod 3833 0x00007f81eea71510 code [0x00007f81eea71740, 0x00007f81eea71f48]
Event: 8.835 Thread 0x00007f8204729800 3834       1       org.aspectj.apache.bcel.classfile.ConstantFloat::<init> (9 bytes)
Event: 8.835 Thread 0x00007f8204729800 nmethod 3834 0x00007f81eea72810 code [0x00007f81eea72980, 0x00007f81eea72ae8]
Event: 8.835 Thread 0x00007f8204729800 3835       1       java.io.DataInputStream::readFloat (8 bytes)
Event: 8.835 Thread 0x00007f8204729800 nmethod 3835 0x00007f81eea72bd0 code [0x00007f81eea72d40, 0x00007f81eea72e88]

GC Heap History (10 events):
Event: 3.601 GC heap after
Heap after GC invocations=7 (full 0):
 PSYoungGen      total 138240K, used 7878K [0x00000000d7000000, 0x00000000e7e00000, 0x0000000100000000)
  eden space 126976K, 0% used [0x00000000d7000000,0x00000000d7000000,0x00000000dec00000)
  from space 11264K, 69% used [0x00000000dec00000,0x00000000df3b1bb8,0x00000000df700000)
  to   space 11264K, 0% used [0x00000000e7300000,0x00000000e7300000,0x00000000e7e00000)
 ParOldGen       total 84992K, used 9341K [0x0000000085000000, 0x000000008a300000, 0x00000000d7000000)
  object space 84992K, 10% used [0x0000000085000000,0x000000008591f4f8,0x000000008a300000)
 Metaspace       used 19805K, capacity 20192K, committed 20352K, reserved 1067008K
  class space    used 2537K, capacity 2615K, committed 2688K, reserved 1048576K
}
Event: 3.685 GC heap before
{Heap before GC invocations=8 (full 0):
 PSYoungGen      total 138240K, used 25098K [0x00000000d7000000, 0x00000000e7e00000, 0x0000000100000000)
  eden space 126976K, 13% used [0x00000000d7000000,0x00000000d80d0df8,0x00000000dec00000)
  from space 11264K, 69% used [0x00000000dec00000,0x00000000df3b1bb8,0x00000000df700000)
  to   space 11264K, 0% used [0x00000000e7300000,0x00000000e7300000,0x00000000e7e00000)
 ParOldGen       total 84992K, used 9341K [0x0000000085000000, 0x000000008a300000, 0x00000000d7000000)
  object space 84992K, 10% used [0x0000000085000000,0x000000008591f4f8,0x000000008a300000)
 Metaspace       used 20807K, capacity 21158K, committed 21248K, reserved 1067008K
  class space    used 2632K, capacity 2744K, committed 2816K, reserved 1048576K
Event: 3.702 GC heap after
Heap after GC invocations=8 (full 0):
 PSYoungGen      total 265216K, used 4538K [0x00000000d7000000, 0x00000000e7e00000, 0x0000000100000000)
  eden space 253952K, 0% used [0x00000000d7000000,0x00000000d7000000,0x00000000e6800000)
  from space 11264K, 40% used [0x00000000e7300000,0x00000000e776eac8,0x00000000e7e00000)
  to   space 11264K, 0% used [0x00000000e6800000,0x00000000e6800000,0x00000000e7300000)
 ParOldGen       total 84992K, used 11544K [0x0000000085000000, 0x000000008a300000, 0x00000000d7000000)
  object space 84992K, 13% used [0x0000000085000000,0x0000000085b46228,0x000000008a300000)
 Metaspace       used 20807K, capacity 21158K, committed 21248K, reserved 1067008K
  class space    used 2632K, capacity 2744K, committed 2816K, reserved 1048576K
}
Event: 3.702 GC heap before
{Heap before GC invocations=9 (full 1):
 PSYoungGen      total 265216K, used 4538K [0x00000000d7000000, 0x00000000e7e00000, 0x0000000100000000)
  eden space 253952K, 0% used [0x00000000d7000000,0x00000000d7000000,0x00000000e6800000)
  from space 11264K, 40% used [0x00000000e7300000,0x00000000e776eac8,0x00000000e7e00000)
  to   space 11264K, 0% used [0x00000000e6800000,0x00000000e6800000,0x00000000e7300000)
 ParOldGen       total 84992K, used 11544K [0x0000000085000000, 0x000000008a300000, 0x00000000d7000000)
  object space 84992K, 13% used [0x0000000085000000,0x0000000085b46228,0x000000008a300000)
 Metaspace       used 20807K, capacity 21158K, committed 21248K, reserved 1067008K
  class space    used 2632K, capacity 2744K, committed 2816K, reserved 1048576K
Event: 3.747 GC heap after
Heap after GC invocations=9 (full 1):
 PSYoungGen      total 265216K, used 0K [0x00000000d7000000, 0x00000000e7e00000, 0x0000000100000000)
  eden space 253952K, 0% used [0x00000000d7000000,0x00000000d7000000,0x00000000e6800000)
  from space 11264K, 0% used [0x00000000e7300000,0x00000000e7300000,0x00000000e7e00000)
  to   space 11264K, 0% used [0x00000000e6800000,0x00000000e6800000,0x00000000e7300000)
 ParOldGen       total 54272K, used 12394K [0x0000000085000000, 0x0000000088500000, 0x00000000d7000000)
  object space 54272K, 22% used [0x0000000085000000,0x0000000085c1a8d8,0x0000000088500000)
 Metaspace       used 20807K, capacity 21158K, committed 21248K, reserved 1067008K
  class space    used 2632K, capacity 2744K, committed 2816K, reserved 1048576K
}
Event: 5.020 GC heap before
{Heap before GC invocations=10 (full 1):
 PSYoungGen      total 265216K, used 253952K [0x00000000d7000000, 0x00000000e7e00000, 0x0000000100000000)
  eden space 253952K, 100% used [0x00000000d7000000,0x00000000e6800000,0x00000000e6800000)
  from space 11264K, 0% used [0x00000000e7300000,0x00000000e7300000,0x00000000e7e00000)
  to   space 11264K, 0% used [0x00000000e6800000,0x00000000e6800000,0x00000000e7300000)
 ParOldGen       total 54272K, used 12394K [0x0000000085000000, 0x0000000088500000, 0x00000000d7000000)
  object space 54272K, 22% used [0x0000000085000000,0x0000000085c1a8d8,0x0000000088500000)
 Metaspace       used 27503K, capacity 27898K, committed 28160K, reserved 1073152K
  class space    used 3417K, capacity 3526K, committed 3584K, reserved 1048576K
Event: 5.033 GC heap after
Heap after GC invocations=10 (full 1):
 PSYoungGen      total 265216K, used 11261K [0x00000000d7000000, 0x00000000efa80000, 0x0000000100000000)
  eden space 253952K, 0% used [0x00000000d7000000,0x00000000d7000000,0x00000000e6800000)
  from space 11264K, 99% used [0x00000000e6800000,0x00000000e72ff710,0x00000000e7300000)
  to   space 14336K, 0% used [0x00000000eec80000,0x00000000eec80000,0x00000000efa80000)
 ParOldGen       total 54272K, used 16800K [0x0000000085000000, 0x0000000088500000, 0x00000000d7000000)
  object space 54272K, 30% used [0x0000000085000000,0x0000000086068298,0x0000000088500000)
 Metaspace       used 27503K, capacity 27898K, committed 28160K, reserved 1073152K
  class space    used 3417K, capacity 3526K, committed 3584K, reserved 1048576K
}
Event: 6.715 GC heap before
{Heap before GC invocations=11 (full 1):
 PSYoungGen      total 265216K, used 265213K [0x00000000d7000000, 0x00000000efa80000, 0x0000000100000000)
  eden space 253952K, 100% used [0x00000000d7000000,0x00000000e6800000,0x00000000e6800000)
  from space 11264K, 99% used [0x00000000e6800000,0x00000000e72ff710,0x00000000e7300000)
  to   space 14336K, 0% used [0x00000000eec80000,0x00000000eec80000,0x00000000efa80000)
 ParOldGen       total 54272K, used 16800K [0x0000000085000000, 0x0000000088500000, 0x00000000d7000000)
  object space 54272K, 30% used [0x0000000085000000,0x0000000086068298,0x0000000088500000)
 Metaspace       used 29879K, capacity 30284K, committed 30464K, reserved 1075200K
  class space    used 3686K, capacity 3785K, committed 3840K, reserved 1048576K
Event: 6.737 GC heap after
Heap after GC invocations=11 (full 1):
 PSYoungGen      total 384512K, used 14318K [0x00000000d7000000, 0x00000000efc80000, 0x0000000100000000)
  eden space 370176K, 0% used [0x00000000d7000000,0x00000000d7000000,0x00000000ed980000)
  from space 14336K, 99% used [0x00000000eec80000,0x00000000efa7baf8,0x00000000efa80000)
  to   space 17920K, 0% used [0x00000000ed980000,0x00000000ed980000,0x00000000eeb00000)
 ParOldGen       total 54272K, used 21554K [0x0000000085000000, 0x0000000088500000, 0x00000000d7000000)
  object space 54272K, 39% used [0x0000000085000000,0x000000008650cba8,0x0000000088500000)
 Metaspace       used 29879K, capacity 30284K, committed 30464K, reserved 1075200K
  class space    used 3686K, capacity 3785K, committed 3840K, reserved 1048576K
}
Event: 9.327 GC heap before
{Heap before GC invocations=12 (full 1):
 PSYoungGen      total 384512K, used 384494K [0x00000000d7000000, 0x00000000efc80000, 0x0000000100000000)
  eden space 370176K, 100% used [0x00000000d7000000,0x00000000ed980000,0x00000000ed980000)
  from space 14336K, 99% used [0x00000000eec80000,0x00000000efa7baf8,0x00000000efa80000)
  to   space 17920K, 0% used [0x00000000ed980000,0x00000000ed980000,0x00000000eeb00000)
 ParOldGen       total 54272K, used 21554K [0x0000000085000000, 0x0000000088500000, 0x00000000d7000000)
  object space 54272K, 39% used [0x0000000085000000,0x000000008650cba8,0x0000000088500000)
 Metaspace       used 33938K, capacity 34508K, committed 34560K, reserved 1079296K
  class space    used 4238K, capacity 4341K, committed 4352K, reserved 1048576K

Deoptimization events (0 events):
No events

Internal exceptions (10 events):
Event: 8.619 Thread 0x00007f8204014800 Exception <a 'java/lang/ArrayIndexOutOfBoundsException'> (0x00000000e790a320) thrown at [/HUDSON3/workspace/8-2-build-linux-amd64/jdk8u101/7261/hotspot/src/share/vm/runtime/sharedRuntime.cpp, line 605]
Event: 8.644 Thread 0x00007f8204014800 Exception <a 'java/lang/ArrayIndexOutOfBoundsException'> (0x00000000e82f5240) thrown at [/HUDSON3/workspace/8-2-build-linux-amd64/jdk8u101/7261/hotspot/src/share/vm/runtime/sharedRuntime.cpp, line 605]
Event: 8.644 Thread 0x00007f8204014800 Exception <a 'java/lang/ArrayIndexOutOfBoundsException'> (0x00000000e82f69f0) thrown at [/HUDSON3/workspace/8-2-build-linux-amd64/jdk8u101/7261/hotspot/src/share/vm/runtime/sharedRuntime.cpp, line 605]
Event: 8.654 Thread 0x00007f8204014800 Exception <a 'java/lang/ArrayIndexOutOfBoundsException'> (0x00000000e86286c8) thrown at [/HUDSON3/workspace/8-2-build-linux-amd64/jdk8u101/7261/hotspot/src/share/vm/runtime/sharedRuntime.cpp, line 605]
Event: 8.659 Thread 0x00007f8204014800 Exception <a 'java/lang/ArrayIndexOutOfBoundsException'> (0x00000000e8738b60) thrown at [/HUDSON3/workspace/8-2-build-linux-amd64/jdk8u101/7261/hotspot/src/share/vm/runtime/sharedRuntime.cpp, line 605]
Event: 8.659 Thread 0x00007f8204014800 Exception <a 'java/lang/ArrayIndexOutOfBoundsException'> (0x00000000e873a1c8) thrown at [/HUDSON3/workspace/8-2-build-linux-amd64/jdk8u101/7261/hotspot/src/share/vm/runtime/sharedRuntime.cpp, line 605]
Event: 8.718 Thread 0x00007f8204014800 Exception <a 'java/lang/ArrayIndexOutOfBoundsException'> (0x00000000e9a39ca0) thrown at [/HUDSON3/workspace/8-2-build-linux-amd64/jdk8u101/7261/hotspot/src/share/vm/runtime/sharedRuntime.cpp, line 605]
Event: 8.735 Thread 0x00007f8204014800 Exception <a 'java/lang/ArrayIndexOutOfBoundsException'> (0x00000000ea0bb520) thrown at [/HUDSON3/workspace/8-2-build-linux-amd64/jdk8u101/7261/hotspot/src/share/vm/runtime/sharedRuntime.cpp, line 605]
Event: 8.736 Thread 0x00007f8204014800 Exception <a 'java/lang/ArrayIndexOutOfBoundsException'> (0x00000000ea11ac58) thrown at [/HUDSON3/workspace/8-2-build-linux-amd64/jdk8u101/7261/hotspot/src/share/vm/runtime/sharedRuntime.cpp, line 605]
Event: 8.764 Thread 0x00007f8204014800 Exception <a 'java/lang/ArrayIndexOutOfBoundsException'> (0x00000000eacce3e0) thrown at [/HUDSON3/workspace/8-2-build-linux-amd64/jdk8u101/7261/hotspot/src/share/vm/runtime/sharedRuntime.cpp, line 605]

Events (10 events):
Event: 8.659 Thread 0x00007f8204014800 DEOPT UNPACKING pc=0x00007f81ee293633 sp=0x00007f820af2dba8 mode 1
Event: 8.718 Thread 0x00007f8204014800 DEOPT PACKING pc=0x00007f81ee3ebf94 sp=0x00007f820af2def0
Event: 8.718 Thread 0x00007f8204014800 DEOPT UNPACKING pc=0x00007f81ee293633 sp=0x00007f820af2dc38 mode 1
Event: 8.735 Thread 0x00007f8204014800 DEOPT PACKING pc=0x00007f81ee3ebf94 sp=0x00007f820af2def0
Event: 8.735 Thread 0x00007f8204014800 DEOPT UNPACKING pc=0x00007f81ee293633 sp=0x00007f820af2dc38 mode 1
Event: 8.736 Thread 0x00007f8204014800 DEOPT PACKING pc=0x00007f81ee3ebf94 sp=0x00007f820af2def0
Event: 8.736 Thread 0x00007f8204014800 DEOPT UNPACKING pc=0x00007f81ee293633 sp=0x00007f820af2dc38 mode 1
Event: 8.764 Thread 0x00007f8204014800 DEOPT PACKING pc=0x00007f81ee3ebf94 sp=0x00007f820af2def0
Event: 8.764 Thread 0x00007f8204014800 DEOPT UNPACKING pc=0x00007f81ee293633 sp=0x00007f820af2dc38 mode 1
Event: 9.326 Executing VM operation: ParallelGCFailedAllocation


Dynamic libraries:
00400000-00401000 r-xp 00000000 fd:02 2100689                            /home/ike/soft/jdk1.8/bin/java
00600000-00601000 rw-p 00000000 fd:02 2100689                            /home/ike/soft/jdk1.8/bin/java
00ba5000-00bc6000 rw-p 00000000 00:00 0                                  [heap]
85000000-88500000 rw-p 00000000 00:00 0 
88500000-d7000000 ---p 00000000 00:00 0 
d7000000-efc80000 rw-p 00000000 00:00 0 
f9d00000-100000000 ---p 00000000 00:00 0 
100000000-100440000 rw-p 00000000 00:00 0 
100440000-140000000 ---p 00000000 00:00 0 
7f8168000000-7f8168021000 rw-p 00000000 00:00 0 
7f8168021000-7f816c000000 ---p 00000000 00:00 0 
7f816c000000-7f816c021000 rw-p 00000000 00:00 0 
7f816c021000-7f8170000000 ---p 00000000 00:00 0 
7f8170000000-7f8170021000 rw-p 00000000 00:00 0 
7f8170021000-7f8174000000 ---p 00000000 00:00 0 
7f8174000000-7f8174021000 rw-p 00000000 00:00 0 
7f8174021000-7f8178000000 ---p 00000000 00:00 0 
7f8178000000-7f8178021000 rw-p 00000000 00:00 0 
7f8178021000-7f817c000000 ---p 00000000 00:00 0 
7f817c000000-7f817c021000 rw-p 00000000 00:00 0 
7f817c021000-7f8180000000 ---p 00000000 00:00 0 
7f8180000000-7f8180021000 rw-p 00000000 00:00 0 
7f8180021000-7f8184000000 ---p 00000000 00:00 0 
7f8184000000-7f8184021000 rw-p 00000000 00:00 0 
7f8184021000-7f8188000000 ---p 00000000 00:00 0 
7f8188000000-7f8188021000 rw-p 00000000 00:00 0 
7f8188021000-7f818c000000 ---p 00000000 00:00 0 
7f818c000000-7f818c021000 rw-p 00000000 00:00 0 
7f818c021000-7f8190000000 ---p 00000000 00:00 0 
7f8190000000-7f8190021000 rw-p 00000000 00:00 0 
7f8190021000-7f8194000000 ---p 00000000 00:00 0 
7f8194000000-7f8194021000 rw-p 00000000 00:00 0 
7f8194021000-7f8198000000 ---p 00000000 00:00 0 
7f8198000000-7f8198076000 rw-p 00000000 00:00 0 
7f8198076000-7f819c000000 ---p 00000000 00:00 0 
7f819e2e9000-7f819e2ec000 ---p 00000000 00:00 0 
7f819e2ec000-7f819e3ea000 rw-p 00000000 00:00 0 
7f819e3ea000-7f819e3ed000 ---p 00000000 00:00 0 
7f819e3ed000-7f819e4eb000 rw-p 00000000 00:00 0 
7f819e4eb000-7f819e4ee000 ---p 00000000 00:00 0 
7f819e4ee000-7f819e5ec000 rw-p 00000000 00:00 0 
7f819e5ec000-7f819e5ef000 ---p 00000000 00:00 0 
7f819e5ef000-7f819e6ed000 rw-p 00000000 00:00 0 
7f819e6ed000-7f819e6f0000 ---p 00000000 00:00 0 
7f819e6f0000-7f819e96e000 rw-p 00000000 00:00 0 
7f819e96e000-7f819e9ee000 ---p 00000000 00:00 0 
7f819e9ee000-7f819e9f1000 ---p 00000000 00:00 0 
7f819e9f1000-7f819eaef000 rw-p 00000000 00:00 0 
7f819eaef000-7f819eaf2000 ---p 00000000 00:00 0 
7f819eaf2000-7f819ebf0000 rw-p 00000000 00:00 0 
7f819ebf0000-7f819ebf3000 ---p 00000000 00:00 0 
7f819ebf3000-7f819ecf1000 rw-p 00000000 00:00 0 
7f819ecf1000-7f819ecf4000 ---p 00000000 00:00 0 
7f819ecf4000-7f819edf2000 rw-p 00000000 00:00 0 
7f819edf2000-7f819edf5000 ---p 00000000 00:00 0 
7f819edf5000-7f819eef3000 rw-p 00000000 00:00 0 
7f819eef3000-7f819eef6000 ---p 00000000 00:00 0 
7f819eef6000-7f819eff4000 rw-p 00000000 00:00 0 
7f819eff4000-7f819eff7000 ---p 00000000 00:00 0 
7f819eff7000-7f819f0f5000 rw-p 00000000 00:00 0 
7f819f0f5000-7f819f0f8000 ---p 00000000 00:00 0 
7f819f0f8000-7f819f1f6000 rw-p 00000000 00:00 0 
7f819f1f6000-7f819f1f9000 ---p 00000000 00:00 0 
7f819f1f9000-7f819f2f7000 rw-p 00000000 00:00 0 
7f819f2f7000-7f819f2fa000 ---p 00000000 00:00 0 
7f819f2fa000-7f819f3f8000 rw-p 00000000 00:00 0 
7f819f3f8000-7f819f3fb000 ---p 00000000 00:00 0 
7f819f3fb000-7f819f4f9000 rw-p 00000000 00:00 0 
7f819f4f9000-7f819f4fc000 ---p 00000000 00:00 0 
7f819f4fc000-7f819f5fa000 rw-p 00000000 00:00 0 
7f819f5fa000-7f819f5fd000 ---p 00000000 00:00 0 
7f819f5fd000-7f819f6fb000 rw-p 00000000 00:00 0 
7f819f6fb000-7f819f6fe000 ---p 00000000 00:00 0 
7f819f6fe000-7f819f7fc000 rw-p 00000000 00:00 0 
7f819f7fc000-7f819f7ff000 ---p 00000000 00:00 0 
7f819f7ff000-7f819fafd000 rw-p 00000000 00:00 0 
7f819fafd000-7f819fb00000 ---p 00000000 00:00 0 
7f819fb00000-7f819fbfe000 rw-p 00000000 00:00 0 
7f819fbfe000-7f819fc01000 ---p 00000000 00:00 0 
7f819fc01000-7f819fcff000 rw-p 00000000 00:00 0 
7f819fcff000-7f819fd02000 ---p 00000000 00:00 0 
7f819fd02000-7f81a0000000 rw-p 00000000 00:00 0 
7f81a0000000-7f81a0021000 rw-p 00000000 00:00 0 
7f81a0021000-7f81a4000000 ---p 00000000 00:00 0 
7f81a4000000-7f81a4262000 rw-p 00000000 00:00 0 
7f81a4262000-7f81a8000000 ---p 00000000 00:00 0 
7f81a8000000-7f81a8814000 rw-p 00000000 00:00 0 
7f81a8814000-7f81ac000000 ---p 00000000 00:00 0 
7f81ac000000-7f81ac021000 rw-p 00000000 00:00 0 
7f81ac021000-7f81b0000000 ---p 00000000 00:00 0 
7f81b0000000-7f81b0056000 rw-p 00000000 00:00 0 
7f81b0056000-7f81b4000000 ---p 00000000 00:00 0 
7f81b4000000-7f81b4021000 rw-p 00000000 00:00 0 
7f81b4021000-7f81b8000000 ---p 00000000 00:00 0 
7f81b8000000-7f81b8085000 rw-p 00000000 00:00 0 
7f81b8085000-7f81bc000000 ---p 00000000 00:00 0 
7f81bc000000-7f81bc021000 rw-p 00000000 00:00 0 
7f81bc021000-7f81c0000000 ---p 00000000 00:00 0 
7f81c0000000-7f81c0021000 rw-p 00000000 00:00 0 
7f81c0021000-7f81c4000000 ---p 00000000 00:00 0 
7f81c4000000-7f81c4021000 rw-p 00000000 00:00 0 
7f81c4021000-7f81c8000000 ---p 00000000 00:00 0 
7f81c8000000-7f81c8021000 rw-p 00000000 00:00 0 
7f81c8021000-7f81cc000000 ---p 00000000 00:00 0 
7f81cc000000-7f81cc021000 rw-p 00000000 00:00 0 
7f81cc021000-7f81d0000000 ---p 00000000 00:00 0 
7f81d0000000-7f81d029d000 rw-p 00000000 00:00 0 
7f81d029d000-7f81d4000000 ---p 00000000 00:00 0 
7f81d4000000-7f81d4021000 rw-p 00000000 00:00 0 
7f81d4021000-7f81d8000000 ---p 00000000 00:00 0 
7f81d8033000-7f81d8233000 rw-p 00000000 00:00 0 
7f81d8233000-7f81d8433000 rw-p 00000000 00:00 0 
7f81d8433000-7f81d8633000 rw-p 00000000 00:00 0 
7f81d8633000-7f81d8833000 rw-p 00000000 00:00 0 
7f81d8833000-7f81d8a33000 rw-p 00000000 00:00 0 
7f81d8a33000-7f81d8ac9000 r--s 01102000 fd:02 2100425                    /home/ike/soft/jdk1.8/jre/lib/ext/jfxrt.jar
7f81d8ac9000-7f81d8ada000 r-xp 00000000 fd:02 2100229                    /home/ike/soft/jdk1.8/jre/lib/amd64/libnio.so
7f81d8ada000-7f81d8cd9000 ---p 00011000 fd:02 2100229                    /home/ike/soft/jdk1.8/jre/lib/amd64/libnio.so
7f81d8cd9000-7f81d8cda000 rw-p 00010000 fd:02 2100229                    /home/ike/soft/jdk1.8/jre/lib/amd64/libnio.so
7f81d8cda000-7f81d8eda000 rw-p 00000000 00:00 0 
7f81d8eda000-7f81d90da000 rw-p 00000000 00:00 0 
7f81d90da000-7f81d92da000 rw-p 00000000 00:00 0 
7f81d92da000-7f81d92e3000 r-xp 00000000 fd:02 2100283                    /home/ike/soft/jdk1.8/jre/lib/amd64/libmanagement.so
7f81d92e3000-7f81d94e2000 ---p 00009000 fd:02 2100283                    /home/ike/soft/jdk1.8/jre/lib/amd64/libmanagement.so
7f81d94e2000-7f81d94e3000 rw-p 00008000 fd:02 2100283                    /home/ike/soft/jdk1.8/jre/lib/amd64/libmanagement.so
7f81d94e3000-7f81d9555000 r-xp 00000000 fd:00 2888714                    /usr/lib64/libpcre.so.1.2.8
7f81d9555000-7f81d9754000 ---p 00072000 fd:00 2888714                    /usr/lib64/libpcre.so.1.2.8
7f81d9754000-7f81d9755000 r--p 00071000 fd:00 2888714                    /usr/lib64/libpcre.so.1.2.8
7f81d9755000-7f81d9756000 rw-p 00072000 fd:00 2888714                    /usr/lib64/libpcre.so.1.2.8
7f81d9756000-7f81d976c000 r-xp 00000000 fd:00 2890778                    /usr/lib64/libgcc_s-6.3.1-20161221.so.1
7f81d976c000-7f81d996b000 ---p 00016000 fd:00 2890778                    /usr/lib64/libgcc_s-6.3.1-20161221.so.1
7f81d996b000-7f81d996c000 r--p 00015000 fd:00 2890778                    /usr/lib64/libgcc_s-6.3.1-20161221.so.1
7f81d996c000-7f81d996d000 rw-p 00016000 fd:00 2890778                    /usr/lib64/libgcc_s-6.3.1-20161221.so.1
7f81d996d000-7f81d9971000 r-xp 00000000 fd:00 2892562                    /usr/lib64/libcap.so.2.25
7f81d9971000-7f81d9b70000 ---p 00004000 fd:00 2892562                    /usr/lib64/libcap.so.2.25
7f81d9b70000-7f81d9b71000 r--p 00003000 fd:00 2892562                    /usr/lib64/libcap.so.2.25
7f81d9b71000-7f81d9b72000 rw-p 00004000 fd:00 2892562                    /usr/lib64/libcap.so.2.25
7f81d9b72000-7f81d9b95000 r-xp 00000000 fd:00 2892320                    /usr/lib64/libselinux.so.1
7f81d9b95000-7f81d9d95000 ---p 00023000 fd:00 2892320                    /usr/lib64/libselinux.so.1
7f81d9d95000-7f81d9d96000 r--p 00023000 fd:00 2892320                    /usr/lib64/libselinux.so.1
7f81d9d96000-7f81d9d97000 rw-p 00024000 fd:00 2892320                    /usr/lib64/libselinux.so.1
7f81d9d97000-7f81d9d99000 rw-p 00000000 00:00 0 
7f81d9d99000-7f81d9daa000 r-xp 00000000 fd:00 2894368                    /usr/lib64/libnss_myhostname.so.2
7f81d9daa000-7f81d9dab000 ---p 00011000 fd:00 2894368                    /usr/lib64/libnss_myhostname.so.2
7f81d9dab000-7f81d9dad000 r--p 00011000 fd:00 2894368                    /usr/lib64/libnss_myhostname.so.2
7f81d9dad000-7f81d9dae000 rw-p 00013000 fd:00 2894368                    /usr/lib64/libnss_myhostname.so.2
7f81d9dae000-7f81d9dc5000 r-xp 00000000 fd:00 2891940                    /usr/lib64/libresolv-2.24.so
7f81d9dc5000-7f81d9fc5000 ---p 00017000 fd:00 2891940                    /usr/lib64/libresolv-2.24.so
7f81d9fc5000-7f81d9fc6000 r--p 00017000 fd:00 2891940                    /usr/lib64/libresolv-2.24.so
7f81d9fc6000-7f81d9fc7000 rw-p 00018000 fd:00 2891940                    /usr/lib64/libresolv-2.24.so
7f81d9fc7000-7f81d9fc9000 rw-p 00000000 00:00 0 
7f81d9fc9000-7f81d9fce000 r-xp 00000000 fd:00 2891855                    /usr/lib64/libnss_dns-2.24.so
7f81d9fce000-7f81da1ce000 ---p 00005000 fd:00 2891855                    /usr/lib64/libnss_dns-2.24.so
7f81da1ce000-7f81da1cf000 r--p 00005000 fd:00 2891855                    /usr/lib64/libnss_dns-2.24.so
7f81da1cf000-7f81da1d0000 rw-p 00006000 fd:00 2891855                    /usr/lib64/libnss_dns-2.24.so
7f81da1d0000-7f81da1d2000 r-xp 00000000 fd:00 2893052                    /usr/lib64/libnss_mdns4_minimal.so.2
7f81da1d2000-7f81da3d1000 ---p 00002000 fd:00 2893052                    /usr/lib64/libnss_mdns4_minimal.so.2
7f81da3d1000-7f81da3d2000 r--p 00001000 fd:00 2893052                    /usr/lib64/libnss_mdns4_minimal.so.2
7f81da3d2000-7f81da3d3000 rw-p 00000000 00:00 0 
7f81da3e0000-7f81da3e4000 r--s 00097000 fd:02 2100406                    /home/ike/soft/jdk1.8/jre/lib/jsse.jar
7f81da3e4000-7f81da3e9000 r--s 002f9000 fd:02 2100432                    /home/ike/soft/jdk1.8/jre/lib/charsets.jar
7f81da3e9000-7f81da3ec000 ---p 00000000 00:00 0 
7f81da3ec000-7f81da4ea000 rw-p 00000000 00:00 0 
7f81da4ea000-7f81da500000 r-xp 00000000 fd:02 2100243                    /home/ike/soft/jdk1.8/jre/lib/amd64/libnet.so
7f81da500000-7f81da700000 ---p 00016000 fd:02 2100243                    /home/ike/soft/jdk1.8/jre/lib/amd64/libnet.so
7f81da700000-7f81da701000 rw-p 00016000 fd:02 2100243                    /home/ike/soft/jdk1.8/jre/lib/amd64/libnet.so
7f81da701000-7f81da70b000 r--s 00116000 fd:02 2100424                    /home/ike/soft/jdk1.8/jre/lib/ext/localedata.jar
7f81da70b000-7f81da70c000 ---p 00000000 00:00 0 
7f81da70c000-7f81da80c000 rw-p 00000000 00:00 0 
7f81da80c000-7f81da80f000 ---p 00000000 00:00 0 
7f81da80f000-7f81da90d000 rw-p 00000000 00:00 0 
7f81da90d000-7f81da910000 ---p 00000000 00:00 0 
7f81da910000-7f81daa0e000 rw-p 00000000 00:00 0 
7f81daa0e000-7f81daa11000 ---p 00000000 00:00 0 
7f81daa11000-7f81dab0f000 rw-p 00000000 00:00 0 
7f81dab0f000-7f81dab12000 ---p 00000000 00:00 0 
7f81dab12000-7f81dac10000 rw-p 00000000 00:00 0 
7f81dac10000-7f81dac12000 r--s 0000a000 fd:02 2103023                    /home/ike/soft/idea-IU-171.4424.56/plugins/Groovy/lib/agent/gragent.jar
7f81dac12000-7f81dac14000 r--s 0001a000 fd:02 2102710                    /home/ike/soft/idea-IU-171.4424.56/lib/idea_rt.jar
7f81dac14000-7f81dac2d000 r--s 0012c000 fd:02 6423561                    /home/ike/.gradle/caches/modules-2/files-2.1/io.netty/netty/3.10.5.Final/9ca7d55d246092bddd29b867706e2f6c7db701a0/netty-3.10.5.Final.jar
7f81dac2d000-7f81dac36000 r--s 0006d000 fd:02 3145956                    /home/ike/.m2/repository/log4j/log4j/1.2.16/log4j-1.2.16.jar
7f81dac36000-7f81dac43000 r--s 000b9000 fd:02 6293199                    /home/ike/.gradle/caches/modules-2/files-2.1/org.apache.zookeeper/zookeeper/3.4.9/cbd9135689d6622a411e1e9b0ce880b502be5277/zookeeper-3.4.9.jar
7f81dac43000-7f81dac4e000 r--s 0006a000 fd:02 6424508                    /home/ike/.gradle/caches/modules-2/files-2.1/ch.qos.logback/logback-core/1.1.11/88b8df40340eed549fb07e2613879bf6b006704d/logback-core-1.1.11.jar
7f81dac4e000-7f81dac50000 r--s 00005000 fd:02 2234244                    /home/ike/.m2/repository/stax/stax-api/1.0.1/stax-api-1.0.1.jar
7f81dac50000-7f81dac52000 r--s 00100000 fd:02 6423559                    /home/ike/.gradle/caches/modules-2/files-2.1/org.xerial.snappy/snappy-java/1.1.2.6/48d92871ca286a47f230feb375f0bbffa83b85f6/snappy-java-1.1.2.6.jar
7f81dac52000-7f81dac54000 r--s 00038000 fd:02 6293201                    /home/ike/.gradle/caches/modules-2/files-2.1/net.jpountz.lz4/lz4/1.3.0/c708bb2590c0652a642236ef45d9f99ff842a2ce/lz4-1.3.0.jar
7f81dac54000-7f81dac56000 r--s 00012000 fd:02 7735566                    /home/ike/.gradle/caches/modules-2/files-2.1/net.minidev/accessors-smart/1.1/a527213f2fea112a04c9bdf0ec0264e34104cd08/accessors-smart-1.1.jar
7f81dac56000-7f81dac67000 r--s 00096000 fd:02 5644044                    /home/ike/.gradle/caches/modules-2/files-2.1/org.bouncycastle/bcpkix-jdk15on/1.55/6392d8cba22b722c6570d660ca0b3921ff1bae4f/bcpkix-jdk15on-1.55.jar
7f81dac67000-7f81dac69000 r--s 0000c000 fd:02 5644042                    /home/ike/.gradle/caches/modules-2/files-2.1/org.springframework.security/spring-security-crypto/4.2.2.RELEASE/713ae22bcef55ae21ca1967d7cb217a1efab5dbf/spring-security-crypto-4.2.2.RELEASE.jar
7f81dac69000-7f81dac6c000 r--s 0002b000 fd:02 4459269                    /home/ike/.gradle/caches/modules-2/files-2.1/org.jboss/jandex/2.0.0.Final/3e899258936f94649c777193e1be846387ed54b3/jandex-2.0.0.Final.jar
7f81dac6c000-7f81dac71000 r--s 00068000 fd:02 2103485                    /home/ike/.m2/repository/antlr/antlr/2.7.7/antlr-2.7.7.jar
7f81dac71000-7f81dac73000 r--s 00004000 fd:02 5248253                    /home/ike/.gradle/caches/modules-2/files-2.1/org.slf4j/log4j-over-slf4j/1.7.24/6ab46c51a3848286a0db3ba7b22037b3834c3c44/log4j-over-slf4j-1.7.24.jar
7f81dac73000-7f81dac75000 r--s 00000000 fd:02 6424503                    /home/ike/.gradle/caches/modules-2/files-2.1/org.slf4j/jul-to-slf4j/1.7.24/25a2be668cb2ad1d05d76c0773df73b4b53617fd/jul-to-slf4j-1.7.24.jar
7f81dac75000-7f81dac77000 r--s 00003000 fd:02 6424515                    /home/ike/.gradle/caches/modules-2/files-2.1/org.slf4j/jcl-over-slf4j/1.7.24/e6a8629079856a2aa7862c6327ccf6dd1988d7fc/jcl-over-slf4j-1.7.24.jar
7f81dac77000-7f81dac7e000 r--s 00045000 fd:02 6168269                    /home/ike/.gradle/caches/modules-2/files-2.1/ch.qos.logback/logback-classic/1.1.11/ccedfbacef4a6515d2983e3f89ed753d5d4fb665/logback-classic-1.1.11.jar
7f81dac7e000-7f81dacbc000 r--s 0025d000 fd:02 2234241                    /home/ike/.m2/repository/org/apache/xmlbeans/xmlbeans/2.6.0/xmlbeans-2.6.0.jar
7f81dacbc000-7f81dacbe000 r--s 0000f000 fd:02 4459850                    /home/ike/.m2/repository/javax/activation/activation/1.1.1/activation-1.1.1.jar
7f81dacbe000-7f81dacc7000 r--s 0008c000 fd:02 5119457                    /home/ike/.gradle/caches/modules-2/files-2.1/com.sun.mail/javax.mail/1.5.6/ab5daef2f881c42c8e280cbe918ec4d7fdfd7efe/javax.mail-1.5.6.jar
7f81dacc7000-7f81dad3a000 r--s 0065b000 fd:02 6168214                    /home/ike/.gradle/caches/modules-2/files-2.1/org.scala-lang/scala-library/2.10.6/421989aa8f95a05a4f894630aad96b8c7b828732/scala-library-2.10.6.jar
7f81dad3a000-7f81dad3d000 r--s 00012000 fd:02 4985769                    /home/ike/.gradle/caches/modules-2/files-2.1/com.yammer.metrics/metrics-core/2.2.0/f82c035cfa786d3cbec362c38c22a5f5b1bc8724/metrics-core-2.2.0.jar
7f81dad3d000-7f81dad40000 r--s 00011000 fd:02 4861372                    /home/ike/.gradle/caches/modules-2/files-2.1/net.sf.jopt-simple/jopt-simple/5.0.3/cdd846cfc4e0f7eefafc02c0f5dce32b9303aa2a/jopt-simple-5.0.3.jar
7f81dad40000-7f81dad52000 r--s 000d6000 fd:02 4721438                    /home/ike/.gradle/caches/modules-2/files-2.1/org.apache.kafka/kafka-clients/0.10.2.0/c20571ff756fcf8f4a7f76fc7b23707a4c14a67d/kafka-clients-0.10.2.0.jar
7f81dad52000-7f81dad53000 r--s 00004000 fd:02 7735564                    /home/ike/.gradle/caches/modules-2/files-2.1/com.vaadin.external.google/android-json/0.0.20131108.vaadin1/fa26d351fe62a6a17f5cda1287c1c6110dec413f/android-json-0.0.20131108.vaadin1.jar
7f81dad53000-7f81dad55000 r--s 00009000 fd:02 7735562                    /home/ike/.gradle/caches/modules-2/files-2.1/org.objenesis/objenesis/2.1/87c0ea803b69252868d09308b4618f766f135a96/objenesis-2.1.jar
7f81dad55000-7f81dad58000 r--s 0001b000 fd:02 7735560                    /home/ike/.gradle/caches/modules-2/files-2.1/net.minidev/json-smart/2.2.1/5b9e5df7a62d1279b70dc882b041d249c4f0b002/json-smart-2.2.1.jar
7f81dad58000-7f81dad5a000 r--s 0000c000 fd:02 3670899                    /home/ike/.m2/repository/org/ow2/asm/asm/5.0.4/asm-5.0.4.jar
7f81dad5a000-7f81dad5c000 r--s 00007000 fd:02 5644036                    /home/ike/.gradle/caches/modules-2/files-2.1/com.netflix.hystrix/hystrix-serialization/1.5.10/c857cba459a3532a5391bd6050555ad07b8f5320/hystrix-serialization-1.5.10.jar
7f81dad5c000-7f81dad5e000 r--s 0001a000 fd:02 5644034                    /home/ike/.gradle/caches/modules-2/files-2.1/org.hdrhistogram/HdrHistogram/2.1.9/e4631ce165eb400edecfa32e03d3f1be53dee754/HdrHistogram-2.1.9.jar
7f81dad5e000-7f81dad76000 r--s 000fc000 fd:02 5644032                    /home/ike/.gradle/caches/modules-2/files-2.1/io.reactivex/rxjava/1.2.0/42bfaf64c94f3848ebf5cf1c2ea4ec9d1b3ac6c8/rxjava-1.2.0.jar
7f81dad76000-7f81dad7d000 r--s 00050000 fd:02 5644028                    /home/ike/.gradle/caches/modules-2/files-2.1/commons-configuration/commons-configuration/1.8/6cce40435bcd8018018f16898de01976b319941a/commons-configuration-1.8.jar
7f81dad7d000-7f81dad7e000 r--s 00004000 fd:02 4460908                    /home/ike/.gradle/caches/modules-2/files-2.1/org.springframework.security/spring-security-rsa/1.0.3.RELEASE/b0b1ee770597b5de1b51e9a889dfd2dc35d251b0/spring-security-rsa-1.0.3.RELEASE.jar
7f81dad7e000-7f81dad83000 r--s 00016000 fd:02 5644020                    /home/ike/.gradle/caches/modules-2/files-2.1/org.springframework.cloud/spring-cloud-commons/1.2.0.RELEASE/de0024fa88cc6c1ecbc30980e15acf25c0f5ef21/spring-cloud-commons-1.2.0.RELEASE.jar
7f81dad83000-7f81dad86000 r--s 00015000 fd:02 5644018                    /home/ike/.gradle/caches/modules-2/files-2.1/org.springframework.cloud/spring-cloud-context/1.2.0.RELEASE/4f2a9fa553883dedc21587e45080b67911fb7d26/spring-cloud-context-1.2.0.RELEASE.jar
7f81dad86000-7f81dad88000 r--s 00014000 fd:02 3539264                    /home/ike/.m2/repository/jline/jline/0.9.94/jline-0.9.94.jar
7f81dad88000-7f81dad89000 r--s 00003000 fd:02 3540889                    /home/ike/.m2/repository/org/apache/geronimo/specs/geronimo-jta_1.1_spec/1.1.1/geronimo-jta_1.1_spec-1.1.1.jar
7f81dad89000-7f81dad93000 r--s 000aa000 fd:02 6031571                    /home/ike/.gradle/caches/modules-2/files-2.1/org.javassist/javassist/3.21.0-GA/598244f595db5c5fb713731eddbb1c91a58d959b/javassist-3.21.0-GA.jar
7f81dad93000-7f81dad98000 r--s 00017000 fd:02 3148263                    /home/ike/.m2/repository/org/hibernate/javax/persistence/hibernate-jpa-2.1-api/1.0.0.Final/hibernate-jpa-2.1-api-1.0.0.Final.jar
7f81dad98000-7f81dad9b000 r--s 00010000 fd:02 4459261                    /home/ike/.gradle/caches/modules-2/files-2.1/org.hibernate.common/hibernate-commons-annotations/5.0.1.Final/71e1cff3fcb20d3b3af4f3363c3ddb24d33c6879/hibernate-commons-annotations-5.0.1.Final.jar
7f81dad9b000-7f81dada0000 r--s 00048000 fd:02 3801997                    /home/ike/.m2/repository/dom4j/dom4j/1.6.1/dom4j-1.6.1.jar
7f81dada0000-7f81dae09000 r--s 004f3000 fd:02 6031581                    /home/ike/.gradle/caches/modules-2/files-2.1/org.hibernate/hibernate-core/5.0.12.Final/e58bf1c660e6706d8e2cbb53bae110f574366102/hibernate-core-5.0.12.Final.jar
7f81dae09000-7f81dae0b000 r--s 0000f000 fd:02 3672160                    /home/ike/.m2/repository/org/jboss/logging/jboss-logging/3.3.0.Final/jboss-logging-3.3.0.Final.jar
7f81dae0b000-7f81dae0f000 r--s 0000c000 fd:02 3540885                    /home/ike/.m2/repository/javax/validation/validation-api/1.1.0.Final/validation-api-1.1.0.Final.jar
7f81dae0f000-7f81dae14000 r--s 00036000 fd:02 6031579                    /home/ike/.gradle/caches/modules-2/files-2.1/org.apache.tomcat.embed/tomcat-embed-websocket/8.5.11/dfa65e7857d46630761c0571758a56f7cbd1e9ba/tomcat-embed-websocket-8.5.11.jar
7f81dae14000-7f81dae19000 r--s 00036000 fd:02 6031577                    /home/ike/.gradle/caches/modules-2/files-2.1/org.apache.tomcat.embed/tomcat-embed-el/8.5.11/60253815b897166903bf5ec41219c5bb15333a69/tomcat-embed-el-8.5.11.jar
7f81dae19000-7f81dae42000 r--s 002b8000 fd:02 6031575                    /home/ike/.gradle/caches/modules-2/files-2.1/org.apache.tomcat.embed/tomcat-embed-core/8.5.11/72761f51fc7cef3ee19d4aafc7adc605df9f611f/tomcat-embed-core-8.5.11.jar
7f81dae42000-7f81dae48000 r--s 0003d000 fd:02 4588007                    /home/ike/.gradle/caches/modules-2/files-2.1/org.yaml/snakeyaml/1.17/7a27ea250c5130b2922b86dea63cbb1cc10a660c/snakeyaml-1.17.jar
7f81dae48000-7f81dae49000 r--s 00000000 fd:02 5644040                    /home/ike/.gradle/caches/modules-2/files-2.1/org.springframework.boot/spring-boot-starter-logging/1.5.2.RELEASE/32210889e1f9bb09ac134b9f43a117ed62f0bed2/spring-boot-starter-logging-1.5.2.RELEASE.jar
7f81dae49000-7f81dae69000 r--s 000e0000 fd:02 5644024                    /home/ike/.gradle/caches/modules-2/files-2.1/org.springframework.boot/spring-boot-autoconfigure/1.5.2.RELEASE/8a9b8c747bc2c86eefde10330cb2984541bcb9d1/spring-boot-autoconfigure-1.5.2.RELEASE.jar
7f81dae69000-7f81dae79000 r--s 00094000 fd:02 5644022                    /home/ike/.gradle/caches/modules-2/files-2.1/org.springframework.boot/spring-boot/1.5.2.RELEASE/46bb5d8c9ab5d3ef9e158ca5906ee7d3569befc1/spring-boot-1.5.2.RELEASE.jar
7f81dae79000-7f81dae7d000 r--s 00015000 fd:02 3542611                    /home/ike/.gradle/caches/modules-2/files-2.1/com.github.virtuald/curvesapi/1.04/3386abf821719bc89c7685f9eaafaf4a842f0199/curvesapi-1.04.jar
7f81dae7d000-7f81daf37000 r--s 004e0000 fd:02 7867893                    /home/ike/.gradle/caches/modules-2/files-2.1/org.apache.poi/poi-ooxml-schemas/3.16/9828a49307fc6bebfd42185b677d88b6e4994c63/poi-ooxml-schemas-3.16.jar
7f81daf37000-7f81daf47000 r--s 000a8000 fd:02 3542609                    /home/ike/.gradle/caches/modules-2/files-2.1/org.apache.commons/commons-collections4/4.1/a4cf4688fe1c7e3a63aa636cc96d013af537768e/commons-collections4-4.1.jar
7f81daf47000-7f81daf49000 r--s 0000b000 fd:02 4331416                    /home/ike/.m2/repository/org/apache/commons/commons-email/1.4/commons-email-1.4.jar
7f81daf49000-7f81dafac000 r--s 004f1000 fd:02 4588675                    /home/ike/.gradle/caches/modules-2/files-2.1/org.apache.kafka/kafka_2.10/0.10.2.0/eca9a789b4df7441796636bfb7e0f9210cae8b1e/kafka_2.10-0.10.2.0.jar
7f81dafac000-7f81dafaf000 r--s 00042000 fd:02 5376287                    /home/ike/.gradle/caches/modules-2/files-2.1/com.fasterxml.jackson.core/jackson-core/2.8.7/8b46f39c78476fb848c81a49fa807a9e9506dddd/jackson-core-2.8.7.jar
7f81dafaf000-7f81dafb2000 r--s 0000b000 fd:02 5644030                    /home/ike/.gradle/caches/modules-2/files-2.1/com.fasterxml.jackson.core/jackson-annotations/2.8.0/45b426f7796b741035581a176744d91090e2e6fb/jackson-annotations-2.8.0.jar
7f81dafb2000-7f81dafc1000 r--s 00084000 fd:02 7733303                    /home/ike/.gradle/caches/modules-2/files-2.1/org.springframework/spring-test/4.3.7.RELEASE/480fc4673b53daa1993eb1940711828ebf35807b/spring-test-4.3.7.RELEASE.jar
7f81dafc1000-7f81dafc3000 r--s 00006000 fd:02 7735556                    /home/ike/.gradle/caches/modules-2/files-2.1/org.skyscreamer/jsonassert/1.4.0/9cdbb373a06f6513e51e8c545ee6a5e981463edb/jsonassert-1.4.0.jar
7f81dafc3000-7f81dafc4000 r--s 0000c000 fd:02 7735554                    /home/ike/.gradle/caches/modules-2/files-2.1/org.hamcrest/hamcrest-library/1.3/4785a3c21320980282f9f33d0d1264a69040538f/hamcrest-library-1.3.jar
7f81dafc4000-7f81dafc6000 r--s 00009000 fd:02 2233374                    /home/ike/.m2/repository/org/hamcrest/hamcrest-core/1.3/hamcrest-core-1.3.jar
7f81dafc6000-7f81dafe2000 r--s 00103000 fd:02 7735552                    /home/ike/.gradle/caches/modules-2/files-2.1/org.mockito/mockito-core/1.10.19/e8546f5bef4e061d8dd73895b4e8f40e3fe6effe/mockito-core-1.10.19.jar
7f81dafe2000-7f81daff6000 r--s 000dc000 fd:02 7735550                    /home/ike/.gradle/caches/modules-2/files-2.1/org.assertj/assertj-core/2.6.0/b532c3fc4f66bcfee4989a3514f1cd56203a33ad/assertj-core-2.6.0.jar
7f81daff6000-7f81daffe000 r--s 00045000 fd:02 1969654                    /home/ike/.m2/repository/junit/junit/4.12/junit-4.12.jar
7f81daffe000-7f81db003000 r--s 0002e000 fd:02 7735548                    /home/ike/.gradle/caches/modules-2/files-2.1/com.jayway.jsonpath/json-path/2.2.0/22290d17944bd239fabf5ac69005a60a7ecbbbcb/json-path-2.2.0.jar
7f81db003000-7f81db008000 r--s 00019000 fd:02 7735624                    /home/ike/.gradle/caches/modules-2/files-2.1/org.springframework.boot/spring-boot-test-autoconfigure/1.5.2.RELEASE/5fb69965871626aea437c0d676d3be6186d2415d/spring-boot-test-autoconfigure-1.5.2.RELEASE.jar
7f81db008000-7f81db00c000 r--s 0001f000 fd:02 7735622                    /home/ike/.gradle/caches/modules-2/files-2.1/org.springframework.boot/spring-boot-test/1.5.2.RELEASE/7dcdee8bc720b379d6072c742e2a48ccbb00aa09/spring-boot-test-1.5.2.RELEASE.jar
7f81db00c000-7f81db011000 r--s 00026000 fd:02 5644014                    /home/ike/.gradle/caches/modules-2/files-2.1/com.netflix.hystrix/hystrix-javanica/1.5.10/2d3dc34d7beb79ef300c67a5b436657907d52af1/hystrix-javanica-1.5.10.jar
7f81db011000-7f81db013000 r--s 0000c000 fd:02 5644012                    /home/ike/.gradle/caches/modules-2/files-2.1/com.netflix.hystrix/hystrix-metrics-event-stream/1.5.10/936e69382fd4d106c550f36afb38d0357ca29cf3/hystrix-metrics-event-stream-1.5.10.jar
7f81db013000-7f81db01f000 r--s 00067000 fd:02 5644010                    /home/ike/.gradle/caches/modules-2/files-2.1/com.netflix.hystrix/hystrix-core/1.5.10/cd46dd2533138019a0473ed16a333aaea4d4b7de/hystrix-core-1.5.10.jar
7f81db01f000-7f81db020000 r--s 00000000 fd:02 5644008                    /home/ike/.gradle/caches/modules-2/files-2.1/org.springframework.cloud/spring-cloud-starter-archaius/1.3.0.RELEASE/b8665874ab5a6a37cf32af9b2e56fa145fb53432/spring-cloud-starter-archaius-1.3.0.RELEASE.jar
7f81db020000-7f81db02a000 r--s 00055000 fd:02 5644006                    /home/ike/.gradle/caches/modules-2/files-2.1/org.springframework.cloud/spring-cloud-netflix-core/1.3.0.RELEASE/1ad134229d53e9263f08124d62c65882c5dee8e7/spring-cloud-netflix-core-1.3.0.RELEASE.jar
7f81db02a000-7f81db02b000 r--s 00000000 fd:02 5644004                    /home/ike/.gradle/caches/modules-2/files-2.1/org.springframework.cloud/spring-cloud-starter/1.2.0.RELEASE/c9c4b92550081de74040ce8027e11ad18d942577/spring-cloud-starter-1.2.0.RELEASE.jar
7f81db02b000-7f81db030000 r--s 0003c000 fd:02 6554776                    /home/ike/.gradle/caches/modules-2/files-2.1/org.springframework/spring-expression/4.3.7.RELEASE/5257b6486e43d8c05674323fea5b415d4da72f38/spring-expression-4.3.7.RELEASE.jar
7f81db030000-7f81db047000 r--s 000fb000 fd:02 6424510                    /home/ike/.gradle/caches/modules-2/files-2.1/org.springframework/spring-core/4.3.7.RELEASE/54fa2db94cc7222edc90ec71354e47cd1dc07f7b/spring-core-4.3.7.RELEASE.jar
7f81db047000-7f81db061000 r--s 000fd000 fd:02 6424513                    /home/ike/.gradle/caches/modules-2/files-2.1/org.springframework/spring-context/4.3.7.RELEASE/34b66b0b7910122ef95ba4fff6da9238ef80a5de/spring-context-4.3.7.RELEASE.jar
7f81db061000-7f81db06f000 r--s 000ad000 fd:02 6424518                    /home/ike/.gradle/caches/modules-2/files-2.1/org.springframework/spring-beans/4.3.7.RELEASE/2de9f59f3202965438f3a02057d6ad8274636044/spring-beans-4.3.7.RELEASE.jar
7f81db06f000-7f81db078000 r--s 00054000 fd:02 6554774                    /home/ike/.gradle/caches/modules-2/files-2.1/org.springframework/spring-aop/4.3.7.RELEASE/3f243d685e4a8a78a0c291445c6d85560ec4d339/spring-aop-4.3.7.RELEASE.jar
7f81db078000-7f81db07f000 r--s 0003f000 fd:02 4196565                    /home/ike/.m2/repository/commons-codec/commons-codec/1.10/commons-codec-1.10.jar
7f81db07f000-7f81db081000 r--s 0000e000 fd:02 3146093                    /home/ike/.m2/repository/commons-logging/commons-logging/1.2/commons-logging-1.2.jar
7f81db081000-7f81db08e000 r--s 00089000 fd:02 6031569                    /home/ike/.gradle/caches/modules-2/files-2.1/org.hibernate/hibernate-entitymanager/5.0.12.Final/302a526f5058290e9cbd719a5caf9f248d344719/hibernate-entitymanager-5.0.12.Final.jar
7f81db08e000-7f81db09f000 r--s 000b7000 fd:02 6031561                    /home/ike/.gradle/caches/modules-2/files-2.1/org.springframework/spring-web/4.3.7.RELEASE/7b69fc68cdb74c1c92f72905af6995696fcb56aa/spring-web-4.3.7.RELEASE.jar
7f81db09f000-7f81db0b0000 r--s 000a1000 fd:02 6031567                    /home/ike/.gradle/caches/modules-2/files-2.1/org.hibernate/hibernate-validator/5.3.4.Final/2f6c8c0b646afe18e3ad205726729d3c4a85fe2e/hibernate-validator-5.3.4.Final.jar
7f81db0b0000-7f81db0c3000 r--s 0014c000 fd:02 7867891                    /home/ike/.gradle/caches/modules-2/files-2.1/org.apache.poi/poi-ooxml/3.16/76e20fe22404cc4da55ddfdaaaadee32bbfa3bdd/poi-ooxml-3.16.jar
7f81db0c3000-7f81db0ef000 r--s 00263000 fd:02 7867889                    /home/ike/.gradle/caches/modules-2/files-2.1/org.apache.poi/poi/3.16/ad21c123ee5d6b5b2a8f0d4ed23b3ffe6759a889/poi-3.16.jar
7f81db0ef000-7f81db0f2000 ---p 00000000 00:00 0 
7f81db0f2000-7f81db1f0000 rw-p 00000000 00:00 0 
7f81db1f0000-7f81db1f3000 ---p 00000000 00:00 0 
7f81db1f3000-7f81db2f1000 rw-p 00000000 00:00 0 
7f81db2f1000-7f81db2f4000 ---p 00000000 00:00 0 
7f81db2f4000-7f81db3f2000 rw-p 00000000 00:00 0 
7f81db3f2000-7f81db3f6000 r-xp 00000000 fd:02 2100248                    /home/ike/soft/jdk1.8/jre/lib/amd64/libdt_socket.so
7f81db3f6000-7f81db5f5000 ---p 00004000 fd:02 2100248                    /home/ike/soft/jdk1.8/jre/lib/amd64/libdt_socket.so
7f81db5f5000-7f81db5f6000 rw-p 00003000 fd:02 2100248                    /home/ike/soft/jdk1.8/jre/lib/amd64/libdt_socket.so
7f81db5f6000-7f81db5f9000 ---p 00000000 00:00 0 
7f81db5f9000-7f81db6f7000 rw-p 00000000 00:00 0 
7f81db6f7000-7f81db6fa000 ---p 00000000 00:00 0 
7f81db6fa000-7f81db7f8000 rw-p 00000000 00:00 0 
7f81db7f8000-7f81db7fb000 ---p 00000000 00:00 0 
7f81db7fb000-7f81db8f9000 rw-p 00000000 00:00 0 
7f81db8f9000-7f81db8fa000 ---p 00000000 00:00 0 
7f81db8fa000-7f81dc000000 rw-p 00000000 00:00 0 
7f81dc000000-7f81dc021000 rw-p 00000000 00:00 0 
7f81dc021000-7f81e0000000 ---p 00000000 00:00 0 
7f81e0000000-7f81e0021000 rw-p 00000000 00:00 0 
7f81e0021000-7f81e4000000 ---p 00000000 00:00 0 
7f81e4000000-7f81e4021000 rw-p 00000000 00:00 0 
7f81e4021000-7f81e8000000 ---p 00000000 00:00 0 
7f81e8000000-7f81e8008000 r--s 00048000 fd:02 3807593                    /home/ike/.gradle/caches/modules-2/files-2.1/org.apache.httpcomponents/httpcore/4.4.6/e3fd8ced1f52c7574af952e2e6da0df8df08eb82/httpcore-4.4.6.jar
7f81e8008000-7f81e800a000 r--s 0000e000 fd:02 4459297                    /home/ike/.gradle/caches/modules-2/files-2.1/com.fasterxml/classmate/1.3.3/864c8e370a691e343210cc7c532fc198cee460d8/classmate-1.3.3.jar
7f81e800a000-7f81e800b000 r--s 00001000 fd:02 3670688                    /home/ike/.m2/repository/org/mengyun/tcc-transaction-api/1.1.5/tcc-transaction-api-1.1.5.jar
7f81e800b000-7f81e800c000 r--s 00000000 fd:02 6031565                    /home/ike/.gradle/caches/modules-2/files-2.1/org.springframework.boot/spring-boot-starter-tomcat/1.5.2.RELEASE/354320ef371fc4fc126d1bb8564cd73085a48823/spring-boot-starter-tomcat-1.5.2.RELEASE.jar
7f81e800c000-7f81e800d000 r--s 00000000 fd:02 5644016                    /home/ike/.gradle/caches/modules-2/files-2.1/org.springframework.boot/spring-boot-starter/1.5.2.RELEASE/c72938c86ed3beadb385f29bc2954c8ca3aa47ab/spring-boot-starter-1.5.2.RELEASE.jar
7f81e800d000-7f81e801f000 r--s 0011d000 fd:02 5512227                    /home/ike/.gradle/caches/modules-2/files-2.1/com.fasterxml.jackson.core/jackson-databind/2.8.7/6c3257ef458ac58a8da69a6dca3d2a15286d88c8/jackson-databind-2.8.7.jar
7f81e801f000-7f81e8022000 r--s 00010000 fd:02 4587590                    /home/ike/.gradle/caches/modules-2/files-2.1/com.101tec/zkclient/0.10/c54d4b5a5e89af75a80b6d5857400165ce5188d0/zkclient-0.10.jar
7f81e8022000-7f81e8040000 r--s 00143000 fd:02 3670645                    /home/ike/.m2/repository/com/alibaba/dubbo/2.5.4-SNAPSHOT/dubbo-2.5.4-SNAPSHOT.jar
7f81e8040000-7f81e8044000 r--s 0002f000 fd:02 3670137                    /home/ike/.gradle/caches/modules-2/files-2.1/commons-io/commons-io/2.5/2852e6e05fbb95076fc091f6d1780f1f8fe35e0f/commons-io-2.5.jar
7f81e8044000-7f81e8073000 r--s 00239000 fd:02 5376285                    /home/ike/.gradle/caches/modules-2/files-2.1/com.google.guava/guava/21.0/3a3d111be1be1b745edfa7d91678a12d7ed38709/guava-21.0.jar
7f81e8073000-7f81e8076000 r--s 00015000 fd:02 3807983                    /home/ike/.m2/repository/javax/servlet/javax.servlet-api/3.1.0/javax.servlet-api-3.1.0.jar
7f81e8076000-7f81e8087000 r--s 000cf000 fd:02 6031563                    /home/ike/.gradle/caches/modules-2/files-2.1/org.springframework/spring-webmvc/4.3.7.RELEASE/d25b11a605589f176e3ecf1dcae62a991a18b377/spring-webmvc-4.3.7.RELEASE.jar
7f81e8087000-7f81e80a0000 r--s 001af000 fd:02 4587991                    /home/ike/.gradle/caches/modules-2/files-2.1/org.aspectj/aspectjweaver/1.8.9/db28774f477f07220eac18d5ec9c4e01f48589d7/aspectjweaver-1.8.9.jar
7f81e80a0000-7f81e80a4000 r--s 00019000 fd:02 4587747                    /home/ike/.gradle/caches/modules-2/files-2.1/org.aspectj/aspectjrt/1.8.9/87372d9e2323313bec24b09a325bfea8ae0eb867/aspectjrt-1.8.9.jar
7f81e80a4000-7f81e80ac000 r--s 0006e000 fd:02 3670118                    /home/ike/.gradle/caches/modules-2/files-2.1/org.apache.commons/commons-lang3/3.5/6c6c702c89bfff3cd9e80b04d668c5e190d588c6/commons-lang3-3.5.jar
7f81e80ac000-7f81e80b1000 r--s 00061000 fd:02 3670330                    /home/ike/.gradle/caches/modules-2/files-2.1/com.alibaba/fastjson/1.2.23/be2508e9bac203c38f3f52fc8d33332c4e7ee6c5/fastjson-1.2.23.jar
7f81e80b1000-7f81e80b3000 r--s 00009000 fd:02 4460443                    /home/ike/.gradle/caches/modules-2/files-2.1/org.slf4j/slf4j-api/1.7.24/3f6b4bd4f8dbe8d4bea06d107a3826469b85c3e9/slf4j-api-1.7.24.jar
7f81e80b3000-7f81e80c0000 r--s 000aa000 fd:02 3807591                    /home/ike/.gradle/caches/modules-2/files-2.1/org.apache.httpcomponents/httpclient/4.5.3/d1577ae15f01ef5438c5afc62162457c00a34713/httpclient-4.5.3.jar
7f81e80c0000-7f81e80d3000 r--s 00345000 fd:02 2100473                    /home/ike/soft/jdk1.8/jre/lib/resources.jar
7f81e80d3000-7f81e80e6000 r--s 000d6000 fd:02 2100468                    /home/ike/soft/jdk1.8/jre/lib/plugin.jar
7f81e80e6000-7f81e89ef000 rw-p 00000000 00:00 0 
7f81e89ef000-7f81e8bc8000 r--s 03d29000 fd:02 2100521                    /home/ike/soft/jdk1.8/jre/lib/rt.jar
7f81e8bc8000-7f81ed520000 rw-p 00000000 00:00 0 
7f81ed520000-7f81ed521000 ---p 00000000 00:00 0 
7f81ed521000-7f81ed621000 rw-p 00000000 00:00 0 
7f81ed621000-7f81ed622000 ---p 00000000 00:00 0 
7f81ed622000-7f81ed722000 rw-p 00000000 00:00 0 
7f81ed722000-7f81ed723000 ---p 00000000 00:00 0 
7f81ed723000-7f81ed83e000 rw-p 00000000 00:00 0 
7f81ed83e000-7f81edab3000 ---p 00000000 00:00 0 
7f81edab3000-7f81edace000 rw-p 00000000 00:00 0 
7f81edace000-7f81edd43000 ---p 00000000 00:00 0 
7f81edd43000-7f81ede0a000 rw-p 00000000 00:00 0 
7f81ede0a000-7f81ede8b000 ---p 00000000 00:00 0 
7f81ede8b000-7f81edead000 rw-p 00000000 00:00 0 
7f81edead000-7f81ee24c000 ---p 00000000 00:00 0 
7f81ee24c000-7f81eea7c000 rwxp 00000000 00:00 0 
7f81eea7c000-7f81fd24c000 ---p 00000000 00:00 0 
7f81fd24c000-7f81fd266000 r-xp 00000000 fd:02 2100263                    /home/ike/soft/jdk1.8/jre/lib/amd64/libzip.so
7f81fd266000-7f81fd466000 ---p 0001a000 fd:02 2100263                    /home/ike/soft/jdk1.8/jre/lib/amd64/libzip.so
7f81fd466000-7f81fd467000 rw-p 0001a000 fd:02 2100263                    /home/ike/soft/jdk1.8/jre/lib/amd64/libzip.so
7f81fd467000-7f8204000000 r--p 00000000 fd:00 2885042                    /usr/lib/locale/locale-archive
7f8204000000-7f8205072000 rw-p 00000000 00:00 0 
7f8205072000-7f8208000000 ---p 00000000 00:00 0 
7f8208000000-7f8208001000 r--s 00000000 fd:02 7735620                    /home/ike/.gradle/caches/modules-2/files-2.1/org.springframework.boot/spring-boot-starter-test/1.5.2.RELEASE/d1d42ca043ea8b25cdf0ac8a2108ee924bfae707/spring-boot-starter-test-1.5.2.RELEASE.jar
7f8208001000-7f8208003000 r--s 00009000 fd:02 6031573                    /home/ike/.gradle/caches/modules-2/files-2.1/org.apache.httpcomponents/httpmime/4.5.3/889fd6d061bb63b99dd5c6aba35a555ae863de52/httpmime-4.5.3.jar
7f8208003000-7f820801e000 r--s 00208000 fd:02 2100407                    /home/ike/soft/jdk1.8/jre/lib/deploy.jar
7f820801e000-7f8208094000 rw-p 00000000 00:00 0 
7f8208094000-7f8208095000 ---p 00000000 00:00 0 
7f8208095000-7f8208195000 rw-p 00000000 00:00 0 
7f8208195000-7f820819f000 r-xp 00000000 fd:00 2891856                    /usr/lib64/libnss_files-2.24.so
7f820819f000-7f820839f000 ---p 0000a000 fd:00 2891856                    /usr/lib64/libnss_files-2.24.so
7f820839f000-7f82083a0000 r--p 0000a000 fd:00 2891856                    /usr/lib64/libnss_files-2.24.so
7f82083a0000-7f82083a1000 rw-p 0000b000 fd:00 2891856                    /usr/lib64/libnss_files-2.24.so
7f82083a1000-7f82083a7000 rw-p 00000000 00:00 0 
7f82083a7000-7f82083b1000 r-xp 00000000 fd:02 2100232                    /home/ike/soft/jdk1.8/jre/lib/amd64/libinstrument.so
7f82083b1000-7f82085b0000 ---p 0000a000 fd:02 2100232                    /home/ike/soft/jdk1.8/jre/lib/amd64/libinstrument.so
7f82085b0000-7f82085b1000 rw-p 00009000 fd:02 2100232                    /home/ike/soft/jdk1.8/jre/lib/amd64/libinstrument.so
7f82085b1000-7f82085b3000 r-xp 00000000 fd:02 2100241                    /home/ike/soft/jdk1.8/jre/lib/amd64/libnpt.so
7f82085b3000-7f82087b3000 ---p 00002000 fd:02 2100241                    /home/ike/soft/jdk1.8/jre/lib/amd64/libnpt.so
7f82087b3000-7f82087b4000 rw-p 00002000 fd:02 2100241                    /home/ike/soft/jdk1.8/jre/lib/amd64/libnpt.so
7f82087b4000-7f82087ed000 r-xp 00000000 fd:02 2100224                    /home/ike/soft/jdk1.8/jre/lib/amd64/libjdwp.so
7f82087ed000-7f82089ec000 ---p 00039000 fd:02 2100224                    /home/ike/soft/jdk1.8/jre/lib/amd64/libjdwp.so
7f82089ec000-7f82089ee000 rw-p 00038000 fd:02 2100224                    /home/ike/soft/jdk1.8/jre/lib/amd64/libjdwp.so
7f82089ee000-7f8208a18000 r-xp 00000000 fd:02 2100286                    /home/ike/soft/jdk1.8/jre/lib/amd64/libjava.so
7f8208a18000-7f8208c18000 ---p 0002a000 fd:02 2100286                    /home/ike/soft/jdk1.8/jre/lib/amd64/libjava.so
7f8208c18000-7f8208c1a000 rw-p 0002a000 fd:02 2100286                    /home/ike/soft/jdk1.8/jre/lib/amd64/libjava.so
7f8208c1a000-7f8208c27000 r-xp 00000000 fd:02 2100257                    /home/ike/soft/jdk1.8/jre/lib/amd64/libverify.so
7f8208c27000-7f8208e27000 ---p 0000d000 fd:02 2100257                    /home/ike/soft/jdk1.8/jre/lib/amd64/libverify.so
7f8208e27000-7f8208e29000 rw-p 0000d000 fd:02 2100257                    /home/ike/soft/jdk1.8/jre/lib/amd64/libverify.so
7f8208e29000-7f8208e30000 r-xp 00000000 fd:00 2891975                    /usr/lib64/librt-2.24.so
7f8208e30000-7f820902f000 ---p 00007000 fd:00 2891975                    /usr/lib64/librt-2.24.so
7f820902f000-7f8209030000 r--p 00006000 fd:00 2891975                    /usr/lib64/librt-2.24.so
7f8209030000-7f8209031000 rw-p 00007000 fd:00 2891975                    /usr/lib64/librt-2.24.so
7f8209031000-7f8209139000 r-xp 00000000 fd:00 2891438                    /usr/lib64/libm-2.24.so
7f8209139000-7f8209338000 ---p 00108000 fd:00 2891438                    /usr/lib64/libm-2.24.so
7f8209338000-7f8209339000 r--p 00107000 fd:00 2891438                    /usr/lib64/libm-2.24.so
7f8209339000-7f820933a000 rw-p 00108000 fd:00 2891438                    /usr/lib64/libm-2.24.so
7f820933a000-7f820a005000 r-xp 00000000 fd:02 2100238                    /home/ike/soft/jdk1.8/jre/lib/amd64/server/libjvm.so
7f820a005000-7f820a204000 ---p 00ccb000 fd:02 2100238                    /home/ike/soft/jdk1.8/jre/lib/amd64/server/libjvm.so
7f820a204000-7f820a2dd000 rw-p 00cca000 fd:02 2100238                    /home/ike/soft/jdk1.8/jre/lib/amd64/server/libjvm.so
7f820a2dd000-7f820a328000 rw-p 00000000 00:00 0 
7f820a328000-7f820a4e5000 r-xp 00000000 fd:00 2891285                    /usr/lib64/libc-2.24.so
7f820a4e5000-7f820a6e4000 ---p 001bd000 fd:00 2891285                    /usr/lib64/libc-2.24.so
7f820a6e4000-7f820a6e8000 r--p 001bc000 fd:00 2891285                    /usr/lib64/libc-2.24.so
7f820a6e8000-7f820a6ea000 rw-p 001c0000 fd:00 2891285                    /usr/lib64/libc-2.24.so
7f820a6ea000-7f820a6ee000 rw-p 00000000 00:00 0 
7f820a6ee000-7f820a6f1000 r-xp 00000000 fd:00 2891382                    /usr/lib64/libdl-2.24.so
7f820a6f1000-7f820a8f0000 ---p 00003000 fd:00 2891382                    /usr/lib64/libdl-2.24.so
7f820a8f0000-7f820a8f1000 r--p 00002000 fd:00 2891382                    /usr/lib64/libdl-2.24.so
7f820a8f1000-7f820a8f2000 rw-p 00003000 fd:00 2891382                    /usr/lib64/libdl-2.24.so
7f820a8f2000-7f820a907000 r-xp 00000000 fd:02 2098935                    /home/ike/soft/jdk1.8/lib/amd64/jli/libjli.so
7f820a907000-7f820ab07000 ---p 00015000 fd:02 2098935                    /home/ike/soft/jdk1.8/lib/amd64/jli/libjli.so
7f820ab07000-7f820ab08000 rw-p 00015000 fd:02 2098935                    /home/ike/soft/jdk1.8/lib/amd64/jli/libjli.so
7f820ab08000-7f820ab20000 r-xp 00000000 fd:00 2891857                    /usr/lib64/libpthread-2.24.so
7f820ab20000-7f820ad20000 ---p 00018000 fd:00 2891857                    /usr/lib64/libpthread-2.24.so
7f820ad20000-7f820ad21000 r--p 00018000 fd:00 2891857                    /usr/lib64/libpthread-2.24.so
7f820ad21000-7f820ad22000 rw-p 00019000 fd:00 2891857                    /usr/lib64/libpthread-2.24.so
7f820ad22000-7f820ad26000 rw-p 00000000 00:00 0 
7f820ad26000-7f820ad4b000 r-xp 00000000 fd:00 2894298                    /usr/lib64/ld-2.24.so
7f820ad4b000-7f820ad4c000 r--s 00000000 fd:02 3542163                    /home/ike/.gradle/caches/modules-2/files-2.1/org.springframework.cloud/spring-cloud-starter-hystrix/1.3.0.RELEASE/8bc51104df10aae613f0887d589005e22f987bb9/spring-cloud-starter-hystrix-1.3.0.RELEASE.jar
7f820ad4c000-7f820ad50000 r--s 00097000 fd:02 2100406                    /home/ike/soft/jdk1.8/jre/lib/jsse.jar
7f820ad50000-7f820ad55000 r--s 00084000 fd:02 2100412                    /home/ike/soft/jdk1.8/jre/lib/jfr.jar
7f820ad55000-7f820ad5f000 r--s 0006c000 fd:02 2100376                    /home/ike/soft/jdk1.8/jre/lib/javaws.jar
7f820ad5f000-7f820ae30000 rw-p 00000000 00:00 0 
7f820ae30000-7f820ae33000 ---p 00000000 00:00 0 
7f820ae33000-7f820af33000 rw-p 00000000 00:00 0 
7f820af33000-7f820af34000 r--s 00000000 fd:02 6031559                    /home/ike/.gradle/caches/modules-2/files-2.1/org.springframework.boot/spring-boot-starter-web/1.5.2.RELEASE/27f29876980c079b46be16b759eafe92720f3338/spring-boot-starter-web-1.5.2.RELEASE.jar
7f820af34000-7f820af35000 r--s 00000000 fd:02 2100401                    /home/ike/soft/jdk1.8/jre/lib/management-agent.jar
7f820af35000-7f820af37000 r--s 00007000 fd:02 2100375                    /home/ike/soft/jdk1.8/jre/lib/jfxswt.jar
7f820af37000-7f820af3a000 r--s 0001a000 fd:02 2100204                    /home/ike/soft/jdk1.8/jre/lib/jce.jar
7f820af3a000-7f820af3f000 r--s 002f9000 fd:02 2100432                    /home/ike/soft/jdk1.8/jre/lib/charsets.jar
7f820af3f000-7f820af47000 rw-s 00000000 00:29 2021500                    /tmp/hsperfdata_ike/26629
7f820af47000-7f820af48000 rw-p 00000000 00:00 0 
7f820af48000-7f820af49000 ---p 00000000 00:00 0 
7f820af49000-7f820af4b000 rw-p 00000000 00:00 0 
7f820af4b000-7f820af4c000 r--p 00025000 fd:00 2894298                    /usr/lib64/ld-2.24.so
7f820af4c000-7f820af4d000 rw-p 00026000 fd:00 2894298                    /usr/lib64/ld-2.24.so
7f820af4d000-7f820af4e000 rw-p 00000000 00:00 0 
7ffe0ac41000-7ffe0ac66000 rw-p 00000000 00:00 0                          [stack]
7ffe0ad3d000-7ffe0ad3f000 r--p 00000000 00:00 0                          [vvar]
7ffe0ad3f000-7ffe0ad41000 r-xp 00000000 00:00 0                          [vdso]
ffffffffff600000-ffffffffff601000 r-xp 00000000 00:00 0                  [vsyscall]

VM Arguments:
jvm_args: -agentlib:jdwp=transport=dt_socket,address=127.0.0.1:39367,suspend=y,server=n -XX:TieredStopAtLevel=1 -Xverify:none -Dspring.output.ansi.enabled=always -javaagent:/home/ike/soft/idea-IU-171.4424.56/plugins/Groovy/lib/agent/gragent.jar -Dfile.encoding=UTF-8 
java_command: com.bjike.goddess.market.Application
java_class_path (initial): /home/ike/soft/jdk1.8/jre/lib/charsets.jar:/home/ike/soft/jdk1.8/jre/lib/deploy.jar:/home/ike/soft/jdk1.8/jre/lib/ext/cldrdata.jar:/home/ike/soft/jdk1.8/jre/lib/ext/dnsns.jar:/home/ike/soft/jdk1.8/jre/lib/ext/jaccess.jar:/home/ike/soft/jdk1.8/jre/lib/ext/jfxrt.jar:/home/ike/soft/jdk1.8/jre/lib/ext/localedata.jar:/home/ike/soft/jdk1.8/jre/lib/ext/nashorn.jar:/home/ike/soft/jdk1.8/jre/lib/ext/sunec.jar:/home/ike/soft/jdk1.8/jre/lib/ext/sunjce_provider.jar:/home/ike/soft/jdk1.8/jre/lib/ext/sunpkcs11.jar:/home/ike/soft/jdk1.8/jre/lib/ext/zipfs.jar:/home/ike/soft/jdk1.8/jre/lib/javaws.jar:/home/ike/soft/jdk1.8/jre/lib/jce.jar:/home/ike/soft/jdk1.8/jre/lib/jfr.jar:/home/ike/soft/jdk1.8/jre/lib/jfxswt.jar:/home/ike/soft/jdk1.8/jre/lib/jsse.jar:/home/ike/soft/jdk1.8/jre/lib/management-agent.jar:/home/ike/soft/jdk1.8/jre/lib/plugin.jar:/home/ike/soft/jdk1.8/jre/lib/resources.jar:/home/ike/soft/jdk1.8/jre/lib/rt.jar:/home/ike/code/goddess-java/modules/market/market-consumer/build/classes/main:/home/ike/code/goddess-java/modules/market/market-consumer/build/resources/main:/home/ike/code/goddess-java/common/common-consumer/build/classes/main:/home/ike/code/goddess-java/modules/market/market-api/build/classes/main:/home/ike/code/goddess-java/common/common-utils/build/classes/main:/home/ike/.gradle/caches/modules-2/files-2.1/org.springframework.boot/spring-boot-starter-web/1.5.2.RELEASE/27f29876980c079b46be16b759eafe92720f3338/spring-boot-starter-web-1.5.2.RELEASE.jar:/home/ike/code/goddess-java/common/common-api/build/classes/main:/home/ike/code/goddess-java/modules/user/user-api/build/classes/main:/home/ike/code/goddess-java/modules/storage/storage-api/build/classes/main:/home/ike/.gradle/caches/modules-2/files-2.1/org.apache.httpcomponents/httpclient/4.5.3/d1577ae15f01ef5438c5afc62162457c00a34713/httpclient-4.5.3.jar:/home/ike/.gradle/caches/modules-2/files-2.1/org.apache.httpcomponents/httpmime/4.5.3/889fd6d061bb63b99dd5c6aba35a555ae863de52/httpmi
Launcher Type: SUN_STANDARD

Environment Variables:
JAVA_HOME=/home/ike/soft/jdk1.8
PATH=/home/ike/soft/gradle/bin:/home/ike/soft/maven3.3.9/bin:/home/ike/soft/jdk1.8/bin:/home/ike/soft/jdk1.8/bin:/home/ike/soft/gradle/bin:/home/ike/soft/maven3.3.9/bin:/usr/lib64/qt-3.3/bin:/usr/local/bin:/usr/local/sbin:/usr/bin:/usr/sbin:/home/ike/.local/bin:/home/ike/bin
USERNAME=ike
LD_LIBRARY_PATH=/home/ike/soft/idea-IU-171.4424.56/bin:
SHELL=/bin/bash
DISPLAY=:0

Signal Handlers:
SIGSEGV: [libjvm.so+0xac4790], sa_mask[0]=11111111011111111101111111111110, sa_flags=SA_RESTART|SA_SIGINFO
SIGBUS: [libjvm.so+0xac4790], sa_mask[0]=11111111011111111101111111111110, sa_flags=SA_RESTART|SA_SIGINFO
SIGFPE: [libjvm.so+0x91f140], sa_mask[0]=11111111011111111101111111111110, sa_flags=SA_RESTART|SA_SIGINFO
SIGPIPE: [libjvm.so+0x91f140], sa_mask[0]=11111111011111111101111111111110, sa_flags=SA_RESTART|SA_SIGINFO
SIGXFSZ: [libjvm.so+0x91f140], sa_mask[0]=11111111011111111101111111111110, sa_flags=SA_RESTART|SA_SIGINFO
SIGILL: [libjvm.so+0x91f140], sa_mask[0]=11111111011111111101111111111110, sa_flags=SA_RESTART|SA_SIGINFO
SIGUSR1: SIG_DFL, sa_mask[0]=00000000000000000000000000000000, sa_flags=none
SIGUSR2: [libjvm.so+0x920770], sa_mask[0]=00100000000000000000000000000000, sa_flags=SA_RESTART|SA_SIGINFO
SIGHUP: [libjvm.so+0x921b70], sa_mask[0]=11111111011111111101111111111110, sa_flags=SA_RESTART|SA_SIGINFO
SIGINT: [libjvm.so+0x921b70], sa_mask[0]=11111111011111111101111111111110, sa_flags=SA_RESTART|SA_SIGINFO
SIGTERM: [libjvm.so+0x921b70], sa_mask[0]=11111111011111111101111111111110, sa_flags=SA_RESTART|SA_SIGINFO
SIGQUIT: [libjvm.so+0x921b70], sa_mask[0]=11111111011111111101111111111110, sa_flags=SA_RESTART|SA_SIGINFO


---------------  S Y S T E M  ---------------

OS:Fedora release 25 (Twenty Five)

uname:Linux 4.8.6-300.fc25.x86_64 #1 SMP Tue Nov 1 12:36:38 UTC 2016 x86_64
libc:glibc 2.24 NPTL 2.24 
rlimit: STACK 8192k, CORE 0k, NPROC 31367, NOFILE 4096, AS infinity
load average:18.36 10.48 4.89

/proc/meminfo:
MemTotal:        8053800 kB
MemFree:          138356 kB
MemAvailable:      48924 kB
Buffers:             832 kB
Cached:           122244 kB
SwapCached:         2132 kB
Active:          6740276 kB
Inactive:         766968 kB
Active(anon):    6727260 kB
Inactive(anon):   754440 kB
Active(file):      13016 kB
Inactive(file):    12528 kB
Unevictable:          72 kB
Mlocked:              72 kB
SwapTotal:       8187900 kB
SwapFree:              0 kB
Dirty:                12 kB
Writeback:             0 kB
AnonPages:       7383432 kB
Mapped:            35320 kB
Shmem:             97292 kB
Slab:             196508 kB
SReclaimable:      68332 kB
SUnreclaim:       128176 kB
KernelStack:       36736 kB
PageTables:       101108 kB
NFS_Unstable:          0 kB
Bounce:                0 kB
WritebackTmp:          0 kB
CommitLimit:    12214800 kB
Committed_AS:   26030328 kB
VmallocTotal:   34359738367 kB
VmallocUsed:           0 kB
VmallocChunk:          0 kB
HardwareCorrupted:     0 kB
AnonHugePages:         0 kB
ShmemHugePages:        0 kB
ShmemPmdMapped:        0 kB
CmaTotal:              0 kB
CmaFree:               0 kB
HugePages_Total:       0
HugePages_Free:        0
HugePages_Rsvd:        0
HugePages_Surp:        0
Hugepagesize:       2048 kB
DirectMap4k:      289956 kB
DirectMap2M:     7976960 kB
DirectMap1G:           0 kB


CPU:total 4 (4 cores per cpu, 1 threads per core) family 6 model 94 stepping 3, cmov, cx8, fxsr, mmx, sse, sse2, sse3, ssse3, sse4.1, sse4.2, popcnt, avx, avx2, aes, clmul, erms, rtm, 3dnowpref, lzcnt, tsc, tscinvbit, bmi1, bmi2, adx

/proc/cpuinfo:
processor	: 0
vendor_id	: GenuineIntel
cpu family	: 6
model		: 94
model name	: Intel(R) Core(TM) i5-6500 CPU @ 3.20GHz
stepping	: 3
microcode	: 0x9e
cpu MHz		: 3164.453
cache size	: 6144 KB
physical id	: 0
siblings	: 4
core id		: 0
cpu cores	: 4
apicid		: 0
initial apicid	: 0
fpu		: yes
fpu_exception	: yes
cpuid level	: 22
wp		: yes
flags		: fpu vme de pse tsc msr pae mce cx8 apic sep mtrr pge mca cmov pat pse36 clflush dts acpi mmx fxsr sse sse2 ss ht tm pbe syscall nx pdpe1gb rdtscp lm constant_tsc art arch_perfmon pebs bts rep_good nopl xtopology nonstop_tsc aperfmperf eagerfpu pni pclmulqdq dtes64 monitor ds_cpl vmx smx est tm2 ssse3 sdbg fma cx16 xtpr pdcm pcid sse4_1 sse4_2 x2apic movbe popcnt tsc_deadline_timer aes xsave avx f16c rdrand lahf_lm abm 3dnowprefetch intel_pt tpr_shadow vnmi flexpriority ept vpid fsgsbase tsc_adjust bmi1 hle avx2 smep bmi2 erms invpcid rtm mpx rdseed adx smap clflushopt xsaveopt xsavec xgetbv1 xsaves dtherm ida arat pln pts hwp hwp_notify hwp_act_window hwp_epp
bugs		:
bogomips	: 6384.00
clflush size	: 64
cache_alignment	: 64
address sizes	: 39 bits physical, 48 bits virtual
power management:

processor	: 1
vendor_id	: GenuineIntel
cpu family	: 6
model		: 94
model name	: Intel(R) Core(TM) i5-6500 CPU @ 3.20GHz
stepping	: 3
microcode	: 0x9e
cpu MHz		: 3184.570
cache size	: 6144 KB
physical id	: 0
siblings	: 4
core id		: 1
cpu cores	: 4
apicid		: 2
initial apicid	: 2
fpu		: yes
fpu_exception	: yes
cpuid level	: 22
wp		: yes
flags		: fpu vme de pse tsc msr pae mce cx8 apic sep mtrr pge mca cmov pat pse36 clflush dts acpi mmx fxsr sse sse2 ss ht tm pbe syscall nx pdpe1gb rdtscp lm constant_tsc art arch_perfmon pebs bts rep_good nopl xtopology nonstop_tsc aperfmperf eagerfpu pni pclmulqdq dtes64 monitor ds_cpl vmx smx est tm2 ssse3 sdbg fma cx16 xtpr pdcm pcid sse4_1 sse4_2 x2apic movbe popcnt tsc_deadline_timer aes xsave avx f16c rdrand lahf_lm abm 3dnowprefetch intel_pt tpr_shadow vnmi flexpriority ept vpid fsgsbase tsc_adjust bmi1 hle avx2 smep bmi2 erms invpcid rtm mpx rdseed adx smap clflushopt xsaveopt xsavec xgetbv1 xsaves dtherm ida arat pln pts hwp hwp_notify hwp_act_window hwp_epp
bugs		:
bogomips	: 6387.70
clflush size	: 64
cache_alignment	: 64
address sizes	: 39 bits physical, 48 bits virtual
power management:

processor	: 2
vendor_id	: GenuineIntel
cpu family	: 6
model		: 94
model name	: Intel(R) Core(TM) i5-6500 CPU @ 3.20GHz
stepping	: 3
microcode	: 0x9e
cpu MHz		: 3118.359
cache size	: 6144 KB
physical id	: 0
siblings	: 4
core id		: 2
cpu cores	: 4
apicid		: 4
initial apicid	: 4
fpu		: yes
fpu_exception	: yes
cpuid level	: 22
wp		: yes
flags		: fpu vme de pse tsc msr pae mce cx8 apic sep mtrr pge mca cmov pat pse36 clflush dts acpi mmx fxsr sse sse2 ss ht tm pbe syscall nx pdpe1gb rdtscp lm constant_tsc art arch_perfmon pebs bts rep_good nopl xtopology nonstop_tsc aperfmperf eagerfpu pni pclmulqdq dtes64 monitor ds_cpl vmx smx est tm2 ssse3 sdbg fma cx16 xtpr pdcm pcid sse4_1 sse4_2 x2apic movbe popcnt tsc_deadline_timer aes xsave avx f16c rdrand lahf_lm abm 3dnowprefetch intel_pt tpr_shadow vnmi flexpriority ept vpid fsgsbase tsc_adjust bmi1 hle avx2 smep bmi2 erms invpcid rtm mpx rdseed adx smap clflushopt xsaveopt xsavec xgetbv1 xsaves dtherm ida arat pln pts hwp hwp_notify hwp_act_window hwp_epp
bugs		:
bogomips	: 6387.76
clflush size	: 64
cache_alignment	: 64
address sizes	: 39 bits physical, 48 bits virtual
power management:

processor	: 3
vendor_id	: GenuineIntel
cpu family	: 6
model		: 94
model name	: Intel(R) Core(TM) i5-6500 CPU @ 3.20GHz
stepping	: 3
microcode	: 0x9e
cpu MHz		: 3179.687
cache size	: 6144 KB
physical id	: 0
siblings	: 4
core id		: 3
cpu cores	: 4
apicid		: 6
initial apicid	: 6
fpu		: yes
fpu_exception	: yes
cpuid level	: 22
wp		: yes
flags		: fpu vme de pse tsc msr pae mce cx8 apic sep mtrr pge mca cmov pat pse36 clflush dts acpi mmx fxsr sse sse2 ss ht tm pbe syscall nx pdpe1gb rdtscp lm constant_tsc art arch_perfmon pebs bts rep_good nopl xtopology nonstop_tsc aperfmperf eagerfpu pni pclmulqdq dtes64 monitor ds_cpl vmx smx est tm2 ssse3 sdbg fma cx16 xtpr pdcm pcid sse4_1 sse4_2 x2apic movbe popcnt tsc_deadline_timer aes xsave avx f16c rdrand lahf_lm abm 3dnowprefetch intel_pt tpr_shadow vnmi flexpriority ept vpid fsgsbase tsc_adjust bmi1 hle avx2 smep bmi2 erms invpcid rtm mpx rdseed adx smap clflushopt xsaveopt xsavec xgetbv1 xsaves dtherm ida arat pln pts hwp hwp_notify hwp_act_window hwp_epp
bugs		:
bogomips	: 6387.70
clflush size	: 64
cache_alignment	: 64
address sizes	: 39 bits physical, 48 bits virtual
power management:



Memory: 4k page, physical 8053800k(138356k free), swap 8187900k(4k free)

vm_info: Java HotSpot(TM) 64-Bit Server VM (25.101-b13) for linux-amd64 JRE (1.8.0_101-b13), built on Jun 22 2016 02:59:44 by "java_re" with gcc 4.3.0 20080428 (Red Hat 4.3.0-8)

time: Sat Jun 17 14:06:45 2017
elapsed time: 9 seconds (0d 0h 0m 9s)

