#
# There is insufficient memory for the Java Runtime Environment to continue.
# Native memory allocation (mmap) failed to map 180355072 bytes for committing reserved memory.
# Possible reasons:
#   The system is out of physical RAM or swap space
#   In 32 bit mode, the process size limit was hit
# Possible solutions:
#   Reduce memory load on the system
#   Increase physical memory or swap space
#   Check if swap backing store is full
#   Use 64 bit Java on a 64 bit OS
#   Decrease Java heap size (-Xmx/-Xms)
#   Decrease number of Java threads
#   Decrease Java thread stack sizes (-Xss)
#   Set larger code cache with -XX:ReservedCodeCacheSize=
# This output file may be truncated or incomplete.
#
#  Out of Memory Error (os_linux.cpp:2627), pid=24966, tid=0x00007fb12e3e3700
#
# JRE version: Java(TM) SE Runtime Environment (8.0_101-b13) (build 1.8.0_101-b13)
# Java VM: Java HotSpot(TM) 64-Bit Server VM (25.101-b13 mixed mode linux-amd64 compressed oops)
# Failed to write core dump. Core dumps have been disabled. To enable core dumping, try "ulimit -c unlimited" before starting Java again
#

---------------  T H R E A D  ---------------

Current thread (0x00007fb148149000):  VMThread [stack: 0x00007fb12e2e3000,0x00007fb12e3e4000] [id=24972]

Stack: [0x00007fb12e2e3000,0x00007fb12e3e4000],  sp=0x00007fb12e3e2220,  free space=1020k
Native frames: (J=compiled Java code, j=interpreted, Vv=VM code, C=native code)
V  [libjvm.so+0xac3f0a]  VMError::report_and_die()+0x2ba
V  [libjvm.so+0x4fbf9b]  report_vm_out_of_memory(char const*, int, unsigned long, VMErrorType, char const*)+0x8b
V  [libjvm.so+0x9222d3]  os::Linux::commit_memory_impl(char*, unsigned long, bool)+0x103
V  [libjvm.so+0x922829]  os::pd_commit_memory(char*, unsigned long, unsigned long, bool)+0x29
V  [libjvm.so+0x91cb2a]  os::commit_memory(char*, unsigned long, unsigned long, bool)+0x2a
V  [libjvm.so+0x991053]  PSVirtualSpace::expand_by(unsigned long)+0x53
V  [libjvm.so+0x992458]  PSYoungGen::resize_generation(unsigned long, unsigned long)+0xf8
V  [libjvm.so+0x9915b2]  PSYoungGen::resize(unsigned long, unsigned long)+0x22
V  [libjvm.so+0x98e88b]  PSScavenge::invoke_no_policy()+0xf3b
V  [libjvm.so+0x98f011]  PSScavenge::invoke()+0x41
V  [libjvm.so+0x945fc0]  ParallelScavengeHeap::failed_mem_allocate(unsigned long)+0x70
V  [libjvm.so+0xac5927]  VM_ParallelGCFailedAllocation::doit()+0x97
V  [libjvm.so+0xacd405]  VM_Operation::evaluate()+0x55
V  [libjvm.so+0xacb7da]  VMThread::evaluate_operation(VM_Operation*)+0xba
V  [libjvm.so+0xacbb5e]  VMThread::loop()+0x1ce
V  [libjvm.so+0xacbfd0]  VMThread::run()+0x70
V  [libjvm.so+0x924698]  java_start(Thread*)+0x108

VM_Operation (0x00007fb151851540): ParallelGCFailedAllocation, mode: safepoint, requested by thread 0x00007fb148014800


---------------  P R O C E S S  ---------------

Java Threads: ( => current thread )
  0x00007fb14902f000 JavaThread "DubboResponseTimeoutScanTimer" daemon [_thread_blocked, id=25044, stack(0x00007fb124c24000,0x00007fb124d25000)]
  0x00007fb0b0001800 JavaThread "DubboClientHandler-172.17.0.1:51701-thread-1" daemon [_thread_blocked, id=25042, stack(0x00007fb124d25000,0x00007fb124e26000)]
  0x00007fb148ffc000 JavaThread "dubbo-remoting-client-heartbeat-thread-2" daemon [_thread_blocked, id=25041, stack(0x00007fb124e26000,0x00007fb124f27000)]
  0x00007fb0bc003800 JavaThread "DubboClientHandler-172.17.0.1:51707-thread-1" daemon [_thread_blocked, id=25040, stack(0x00007fb124f27000,0x00007fb125028000)]
  0x00007fb148ffb800 JavaThread "DubboClientReconnectTimer-thread-2" daemon [_thread_blocked, id=25038, stack(0x00007fb125028000,0x00007fb125129000)]
  0x00007fb0b8002800 JavaThread "DubboClientHandler-172.17.0.1:51603-thread-1" daemon [_thread_blocked, id=25037, stack(0x00007fb125329000,0x00007fb12542a000)]
  0x00007fb148fc8800 JavaThread "dubbo-remoting-client-heartbeat-thread-1" daemon [_thread_blocked, id=25036, stack(0x00007fb12542a000,0x00007fb12552b000)]
  0x0000000001590000 JavaThread "Hashed wheel timer #1" [_thread_blocked, id=25033, stack(0x00007fb12552b000,0x00007fb12562c000)]
  0x00007fb148fb4000 JavaThread "DubboClientReconnectTimer-thread-1" daemon [_thread_blocked, id=25032, stack(0x00007fb12562c000,0x00007fb12572d000)]
  0x00007fb148f90000 JavaThread "New I/O boss #6" daemon [_thread_in_native, id=25031, stack(0x00007fb12572d000,0x00007fb12582e000)]
  0x00007fb148f7c800 JavaThread "New I/O worker #5" daemon [_thread_in_native, id=25030, stack(0x00007fb12582e000,0x00007fb12592f000)]
  0x00007fb148f5d800 JavaThread "New I/O worker #4" daemon [_thread_in_native, id=25029, stack(0x00007fb12592f000,0x00007fb125a30000)]
  0x00007fb148f3f000 JavaThread "New I/O worker #3" daemon [_thread_in_native, id=25028, stack(0x00007fb125a30000,0x00007fb125b31000)]
  0x00007fb148f21000 JavaThread "New I/O worker #2" daemon [_thread_in_native, id=25027, stack(0x00007fb125b31000,0x00007fb125c32000)]
  0x00007fb148ef1800 JavaThread "New I/O worker #1" daemon [_thread_in_native, id=25026, stack(0x00007fb125c32000,0x00007fb125d33000)]
  0x00007fb148edd000 JavaThread "DubboSaveRegistryCache-thread-1" daemon [_thread_blocked, id=25024, stack(0x00007fb125d33000,0x00007fb125e34000)]
  0x00007fb148ecd000 JavaThread "main-EventThread" daemon [_thread_blocked, id=25023, stack(0x00007fb125e34000,0x00007fb125f35000)]
  0x00007fb148ecb800 JavaThread "main-SendThread(localhost:2181)" daemon [_thread_in_native, id=25022, stack(0x00007fb125f35000,0x00007fb126036000)]
  0x00007fb148eae800 JavaThread "ZkClient-EventThread-24-localhost:2181" daemon [_thread_blocked, id=25021, stack(0x00007fb126036000,0x00007fb126137000)]
  0x00007fb148e9f000 JavaThread "DubboRegistryFailedRetryTimer-thread-1" daemon [_thread_blocked, id=25020, stack(0x00007fb126137000,0x00007fb126238000)]
  0x00007fb148e81000 JavaThread "container-0" [_thread_blocked, id=25019, stack(0x00007fb126438000,0x00007fb126539000)]
  0x00007fb148e78800 JavaThread "ContainerBackgroundProcessor[StandardEngine[Tomcat]]" daemon [_thread_blocked, id=25018, stack(0x00007fb12c007000,0x00007fb12c108000)]
  0x00007fb0e4004000 JavaThread "localhost-startStop-1" daemon [_thread_blocked, id=25017, stack(0x00007fb12c3c9000,0x00007fb12c4ca000)]
  0x00007fb148e79800 JavaThread "Tomcat-startStop-1" daemon [_thread_blocked, id=25016, stack(0x00007fb12cd0e000,0x00007fb12ce0f000)]
  0x00007fb14872c800 JavaThread "Service Thread" daemon [_thread_blocked, id=24987, stack(0x00007fb12d131000,0x00007fb12d232000)]
  0x00007fb148729800 JavaThread "C1 CompilerThread2" daemon [_thread_blocked, id=24986, stack(0x00007fb12d232000,0x00007fb12d333000)]
  0x00007fb148727000 JavaThread "C2 CompilerThread1" daemon [_thread_blocked, id=24985, stack(0x00007fb12d333000,0x00007fb12d434000)]
  0x00007fb148725800 JavaThread "C2 CompilerThread0" daemon [_thread_blocked, id=24984, stack(0x00007fb12d434000,0x00007fb12d535000)]
  0x00007fb104001000 JavaThread "JDWP Command Reader" daemon [_thread_in_native, id=24980, stack(0x00007fb12dad9000,0x00007fb12dbda000)]
  0x00007fb14819a800 JavaThread "JDWP Event Helper Thread" daemon [_thread_blocked, id=24978, stack(0x00007fb12dbda000,0x00007fb12dcdb000)]
  0x00007fb148197000 JavaThread "JDWP Transport Listener: dt_socket" daemon [_thread_blocked, id=24977, stack(0x00007fb12dcdb000,0x00007fb12dddc000)]
  0x00007fb148187000 JavaThread "Signal Dispatcher" daemon [_thread_blocked, id=24975, stack(0x00007fb12dfe0000,0x00007fb12e0e1000)]
  0x00007fb148155000 JavaThread "Finalizer" daemon [_thread_blocked, id=24974, stack(0x00007fb12e0e1000,0x00007fb12e1e2000)]
  0x00007fb148150800 JavaThread "Reference Handler" daemon [_thread_blocked, id=24973, stack(0x00007fb12e1e2000,0x00007fb12e2e3000)]
  0x00007fb148014800 JavaThread "main" [_thread_blocked, id=24967, stack(0x00007fb151755000,0x00007fb151856000)]

Other Threads:
=>0x00007fb148149000 VMThread [stack: 0x00007fb12e2e3000,0x00007fb12e3e4000] [id=24972]
  0x00007fb148731800 WatcherThread [stack: 0x00007fb12d030000,0x00007fb12d131000] [id=24988]

VM state:at safepoint (normal execution)

VM Mutex/Monitor currently owned by a thread:  ([mutex/lock_event])
[0x00007fb148009ec0] Threads_lock - owner thread: 0x00007fb148149000
[0x00007fb14800a3c0] Heap_lock - owner thread: 0x00007fb148014800

Heap:
 PSYoungGen      total 390144K, used 14034K [0x00000000d7000000, 0x00000000efe80000, 0x0000000100000000)
  eden space 372224K, 0% used [0x00000000d7000000,0x00000000d7000000,0x00000000edb80000)
  from space 17920K, 78% used [0x00000000edb80000,0x00000000ee934a08,0x00000000eed00000)
  to   space 13824K, 0% used [0x00000000eed00000,0x00000000eed00000,0x00000000efa80000)
 ParOldGen       total 52224K, used 27049K [0x0000000085000000, 0x0000000088300000, 0x00000000d7000000)
  object space 52224K, 51% used [0x0000000085000000,0x0000000086a6a7c0,0x0000000088300000)
 Metaspace       used 33952K, capacity 34540K, committed 34688K, reserved 1079296K
  class space    used 4241K, capacity 4373K, committed 4480K, reserved 1048576K

Card table byte_map: [0x00007fb14e106000,0x00007fb14e4df000] byte_map_base: 0x00007fb14dcde000

Marking Bits: (ParMarkBitMap*) 0x00007fb150c20120
 Begin Bits: [0x00007fb12e6e7000, 0x00007fb1305a7000)
 End Bits:   [0x00007fb1305a7000, 0x00007fb132467000)

Polling page: 0x00007fb15186d000

CodeCache: size=245760Kb used=8372Kb max_used=8372Kb free=237387Kb
 bounds [0x00007fb132467000, 0x00007fb132c97000, 0x00007fb141467000]
 total_blobs=4237 nmethods=3781 adapters=377
 compilation: enabled

Compilation events (10 events):
Event: 10.965 Thread 0x00007fb148729800 3849       1       org.aspectj.apache.bcel.generic.Type::getType (232 bytes)
Event: 10.966 Thread 0x00007fb148729800 nmethod 3849 0x00007fb132c933d0 code [0x00007fb132c93620, 0x00007fb132c93d68]
Event: 10.966 Thread 0x00007fb148729800 3850       1       org.aspectj.apache.bcel.generic.Type::getType (5 bytes)
Event: 10.966 Thread 0x00007fb148729800 nmethod 3850 0x00007fb132c94550 code [0x00007fb132c946a0, 0x00007fb132c947b0]
Event: 10.967 Thread 0x00007fb148729800 3851   !   1       org.aspectj.apache.bcel.classfile.Utility::typeOfSignature (204 bytes)
Event: 10.967 Thread 0x00007fb148729800 nmethod 3851 0x00007fb132c94810 code [0x00007fb132c94a40, 0x00007fb132c95248]
Event: 11.330 Thread 0x00007fb148729800 3852       1       org.aspectj.apache.bcel.classfile.ConstantFloat::<init> (9 bytes)
Event: 11.330 Thread 0x00007fb148729800 nmethod 3852 0x00007fb132c95b10 code [0x00007fb132c95c80, 0x00007fb132c95de8]
Event: 11.330 Thread 0x00007fb148729800 3853       1       java.io.DataInputStream::readFloat (8 bytes)
Event: 11.330 Thread 0x00007fb148729800 nmethod 3853 0x00007fb132c95ed0 code [0x00007fb132c96040, 0x00007fb132c96188]

GC Heap History (10 events):
Event: 5.386 GC heap after
Heap after GC invocations=7 (full 0):
 PSYoungGen      total 137728K, used 7584K [0x00000000d7000000, 0x00000000e7d00000, 0x0000000100000000)
  eden space 126976K, 0% used [0x00000000d7000000,0x00000000d7000000,0x00000000dec00000)
  from space 10752K, 70% used [0x00000000dec00000,0x00000000df368310,0x00000000df680000)
  to   space 10752K, 0% used [0x00000000e7280000,0x00000000e7280000,0x00000000e7d00000)
 ParOldGen       total 84992K, used 8800K [0x0000000085000000, 0x000000008a300000, 0x00000000d7000000)
  object space 84992K, 10% used [0x0000000085000000,0x0000000085898148,0x000000008a300000)
 Metaspace       used 19812K, capacity 20128K, committed 20352K, reserved 1067008K
  class space    used 2537K, capacity 2615K, committed 2688K, reserved 1048576K
}
Event: 5.475 GC heap before
{Heap before GC invocations=8 (full 0):
 PSYoungGen      total 137728K, used 24392K [0x00000000d7000000, 0x00000000e7d00000, 0x0000000100000000)
  eden space 126976K, 13% used [0x00000000d7000000,0x00000000d8069d40,0x00000000dec00000)
  from space 10752K, 70% used [0x00000000dec00000,0x00000000df368310,0x00000000df680000)
  to   space 10752K, 0% used [0x00000000e7280000,0x00000000e7280000,0x00000000e7d00000)
 ParOldGen       total 84992K, used 8800K [0x0000000085000000, 0x000000008a300000, 0x00000000d7000000)
  object space 84992K, 10% used [0x0000000085000000,0x0000000085898148,0x000000008a300000)
 Metaspace       used 20810K, capacity 21158K, committed 21248K, reserved 1067008K
  class space    used 2631K, capacity 2744K, committed 2816K, reserved 1048576K
Event: 5.481 GC heap after
Heap after GC invocations=8 (full 0):
 PSYoungGen      total 264704K, used 4794K [0x00000000d7000000, 0x00000000e7d00000, 0x0000000100000000)
  eden space 253952K, 0% used [0x00000000d7000000,0x00000000d7000000,0x00000000e6800000)
  from space 10752K, 44% used [0x00000000e7280000,0x00000000e772eae8,0x00000000e7d00000)
  to   space 10752K, 0% used [0x00000000e6800000,0x00000000e6800000,0x00000000e7280000)
 ParOldGen       total 84992K, used 10416K [0x0000000085000000, 0x000000008a300000, 0x00000000d7000000)
  object space 84992K, 12% used [0x0000000085000000,0x0000000085a2c210,0x000000008a300000)
 Metaspace       used 20810K, capacity 21158K, committed 21248K, reserved 1067008K
  class space    used 2631K, capacity 2744K, committed 2816K, reserved 1048576K
}
Event: 5.481 GC heap before
{Heap before GC invocations=9 (full 1):
 PSYoungGen      total 264704K, used 4794K [0x00000000d7000000, 0x00000000e7d00000, 0x0000000100000000)
  eden space 253952K, 0% used [0x00000000d7000000,0x00000000d7000000,0x00000000e6800000)
  from space 10752K, 44% used [0x00000000e7280000,0x00000000e772eae8,0x00000000e7d00000)
  to   space 10752K, 0% used [0x00000000e6800000,0x00000000e6800000,0x00000000e7280000)
 ParOldGen       total 84992K, used 10416K [0x0000000085000000, 0x000000008a300000, 0x00000000d7000000)
  object space 84992K, 12% used [0x0000000085000000,0x0000000085a2c210,0x000000008a300000)
 Metaspace       used 20810K, capacity 21158K, committed 21248K, reserved 1067008K
  class space    used 2631K, capacity 2744K, committed 2816K, reserved 1048576K
Event: 5.520 GC heap after
Heap after GC invocations=9 (full 1):
 PSYoungGen      total 264704K, used 0K [0x00000000d7000000, 0x00000000e7d00000, 0x0000000100000000)
  eden space 253952K, 0% used [0x00000000d7000000,0x00000000d7000000,0x00000000e6800000)
  from space 10752K, 0% used [0x00000000e7280000,0x00000000e7280000,0x00000000e7d00000)
  to   space 10752K, 0% used [0x00000000e6800000,0x00000000e6800000,0x00000000e7280000)
 ParOldGen       total 52224K, used 10709K [0x0000000085000000, 0x0000000088300000, 0x00000000d7000000)
  object space 52224K, 20% used [0x0000000085000000,0x0000000085a75650,0x0000000088300000)
 Metaspace       used 20810K, capacity 21158K, committed 21248K, reserved 1067008K
  class space    used 2631K, capacity 2744K, committed 2816K, reserved 1048576K
}
Event: 6.535 GC heap before
{Heap before GC invocations=10 (full 1):
 PSYoungGen      total 264704K, used 253952K [0x00000000d7000000, 0x00000000e7d00000, 0x0000000100000000)
  eden space 253952K, 100% used [0x00000000d7000000,0x00000000e6800000,0x00000000e6800000)
  from space 10752K, 0% used [0x00000000e7280000,0x00000000e7280000,0x00000000e7d00000)
  to   space 10752K, 0% used [0x00000000e6800000,0x00000000e6800000,0x00000000e7280000)
 ParOldGen       total 52224K, used 10709K [0x0000000085000000, 0x0000000088300000, 0x00000000d7000000)
  object space 52224K, 20% used [0x0000000085000000,0x0000000085a75650,0x0000000088300000)
 Metaspace       used 27526K, capacity 27898K, committed 28160K, reserved 1073152K
  class space    used 3425K, capacity 3526K, committed 3584K, reserved 1048576K
Event: 6.551 GC heap after
Heap after GC invocations=10 (full 1):
 PSYoungGen      total 264704K, used 10748K [0x00000000d7000000, 0x00000000efa80000, 0x0000000100000000)
  eden space 253952K, 0% used [0x00000000d7000000,0x00000000d7000000,0x00000000e6800000)
  from space 10752K, 99% used [0x00000000e6800000,0x00000000e727f148,0x00000000e7280000)
  to   space 13824K, 0% used [0x00000000eed00000,0x00000000eed00000,0x00000000efa80000)
 ParOldGen       total 52224K, used 15499K [0x0000000085000000, 0x0000000088300000, 0x00000000d7000000)
  object space 52224K, 29% used [0x0000000085000000,0x0000000085f22c98,0x0000000088300000)
 Metaspace       used 27526K, capacity 27898K, committed 28160K, reserved 1073152K
  class space    used 3425K, capacity 3526K, committed 3584K, reserved 1048576K
}
Event: 7.779 GC heap before
{Heap before GC invocations=11 (full 1):
 PSYoungGen      total 264704K, used 264700K [0x00000000d7000000, 0x00000000efa80000, 0x0000000100000000)
  eden space 253952K, 100% used [0x00000000d7000000,0x00000000e6800000,0x00000000e6800000)
  from space 10752K, 99% used [0x00000000e6800000,0x00000000e727f148,0x00000000e7280000)
  to   space 13824K, 0% used [0x00000000eed00000,0x00000000eed00000,0x00000000efa80000)
 ParOldGen       total 52224K, used 15499K [0x0000000085000000, 0x0000000088300000, 0x00000000d7000000)
  object space 52224K, 29% used [0x0000000085000000,0x0000000085f22c98,0x0000000088300000)
 Metaspace       used 29841K, capacity 30316K, committed 30464K, reserved 1075200K
  class space    used 3687K, capacity 3817K, committed 3840K, reserved 1048576K
Event: 7.793 GC heap after
Heap after GC invocations=11 (full 1):
 PSYoungGen      total 386048K, used 13809K [0x00000000d7000000, 0x00000000efe80000, 0x0000000100000000)
  eden space 372224K, 0% used [0x00000000d7000000,0x00000000d7000000,0x00000000edb80000)
  from space 13824K, 99% used [0x00000000eed00000,0x00000000efa7c690,0x00000000efa80000)
  to   space 17920K, 0% used [0x00000000edb80000,0x00000000edb80000,0x00000000eed00000)
 ParOldGen       total 52224K, used 20600K [0x0000000085000000, 0x0000000088300000, 0x00000000d7000000)
  object space 52224K, 39% used [0x0000000085000000,0x000000008641e3c8,0x0000000088300000)
 Metaspace       used 29841K, capacity 30316K, committed 30464K, reserved 1075200K
  class space    used 3687K, capacity 3817K, committed 3840K, reserved 1048576K
}
Event: 11.392 GC heap before
{Heap before GC invocations=12 (full 1):
 PSYoungGen      total 386048K, used 386033K [0x00000000d7000000, 0x00000000efe80000, 0x0000000100000000)
  eden space 372224K, 100% used [0x00000000d7000000,0x00000000edb80000,0x00000000edb80000)
  from space 13824K, 99% used [0x00000000eed00000,0x00000000efa7c690,0x00000000efa80000)
  to   space 17920K, 0% used [0x00000000edb80000,0x00000000edb80000,0x00000000eed00000)
 ParOldGen       total 52224K, used 20600K [0x0000000085000000, 0x0000000088300000, 0x00000000d7000000)
  object space 52224K, 39% used [0x0000000085000000,0x000000008641e3c8,0x0000000088300000)
 Metaspace       used 33952K, capacity 34540K, committed 34688K, reserved 1079296K
  class space    used 4241K, capacity 4373K, committed 4480K, reserved 1048576K

Deoptimization events (0 events):
No events

Internal exceptions (10 events):
Event: 10.881 Thread 0x00007fb148014800 Exception <a 'java/lang/ArrayIndexOutOfBoundsException'> (0x00000000e7a6f468) thrown at [/HUDSON3/workspace/8-2-build-linux-amd64/jdk8u101/7261/hotspot/src/share/vm/runtime/sharedRuntime.cpp, line 605]
Event: 10.907 Thread 0x00007fb148014800 Exception <a 'java/lang/ArrayIndexOutOfBoundsException'> (0x00000000e845a3c0) thrown at [/HUDSON3/workspace/8-2-build-linux-amd64/jdk8u101/7261/hotspot/src/share/vm/runtime/sharedRuntime.cpp, line 605]
Event: 10.907 Thread 0x00007fb148014800 Exception <a 'java/lang/ArrayIndexOutOfBoundsException'> (0x00000000e845bb70) thrown at [/HUDSON3/workspace/8-2-build-linux-amd64/jdk8u101/7261/hotspot/src/share/vm/runtime/sharedRuntime.cpp, line 605]
Event: 10.915 Thread 0x00007fb148014800 Exception <a 'java/lang/ArrayIndexOutOfBoundsException'> (0x00000000e878d818) thrown at [/HUDSON3/workspace/8-2-build-linux-amd64/jdk8u101/7261/hotspot/src/share/vm/runtime/sharedRuntime.cpp, line 605]
Event: 10.918 Thread 0x00007fb148014800 Exception <a 'java/lang/ArrayIndexOutOfBoundsException'> (0x00000000e889dcb0) thrown at [/HUDSON3/workspace/8-2-build-linux-amd64/jdk8u101/7261/hotspot/src/share/vm/runtime/sharedRuntime.cpp, line 605]
Event: 10.918 Thread 0x00007fb148014800 Exception <a 'java/lang/ArrayIndexOutOfBoundsException'> (0x00000000e889f318) thrown at [/HUDSON3/workspace/8-2-build-linux-amd64/jdk8u101/7261/hotspot/src/share/vm/runtime/sharedRuntime.cpp, line 605]
Event: 10.968 Thread 0x00007fb148014800 Exception <a 'java/lang/ArrayIndexOutOfBoundsException'> (0x00000000e9b9ef30) thrown at [/HUDSON3/workspace/8-2-build-linux-amd64/jdk8u101/7261/hotspot/src/share/vm/runtime/sharedRuntime.cpp, line 605]
Event: 11.049 Thread 0x00007fb148014800 Exception <a 'java/lang/ArrayIndexOutOfBoundsException'> (0x00000000ea2207d8) thrown at [/HUDSON3/workspace/8-2-build-linux-amd64/jdk8u101/7261/hotspot/src/share/vm/runtime/sharedRuntime.cpp, line 605]
Event: 11.051 Thread 0x00007fb148014800 Exception <a 'java/lang/ArrayIndexOutOfBoundsException'> (0x00000000ea27ff10) thrown at [/HUDSON3/workspace/8-2-build-linux-amd64/jdk8u101/7261/hotspot/src/share/vm/runtime/sharedRuntime.cpp, line 605]
Event: 11.264 Thread 0x00007fb148014800 Exception <a 'java/lang/ArrayIndexOutOfBoundsException'> (0x00000000eae337f0) thrown at [/HUDSON3/workspace/8-2-build-linux-amd64/jdk8u101/7261/hotspot/src/share/vm/runtime/sharedRuntime.cpp, line 605]

Events (10 events):
Event: 10.918 Thread 0x00007fb148014800 DEOPT UNPACKING pc=0x00007fb1324ae633 sp=0x00007fb151852ba8 mode 1
Event: 10.968 Thread 0x00007fb148014800 DEOPT PACKING pc=0x00007fb1326148d4 sp=0x00007fb151852ef0
Event: 10.968 Thread 0x00007fb148014800 DEOPT UNPACKING pc=0x00007fb1324ae633 sp=0x00007fb151852c38 mode 1
Event: 11.049 Thread 0x00007fb148014800 DEOPT PACKING pc=0x00007fb1326148d4 sp=0x00007fb151852ef0
Event: 11.049 Thread 0x00007fb148014800 DEOPT UNPACKING pc=0x00007fb1324ae633 sp=0x00007fb151852c38 mode 1
Event: 11.051 Thread 0x00007fb148014800 DEOPT PACKING pc=0x00007fb1326148d4 sp=0x00007fb151852ef0
Event: 11.051 Thread 0x00007fb148014800 DEOPT UNPACKING pc=0x00007fb1324ae633 sp=0x00007fb151852c38 mode 1
Event: 11.264 Thread 0x00007fb148014800 DEOPT PACKING pc=0x00007fb1326148d4 sp=0x00007fb151852ef0
Event: 11.264 Thread 0x00007fb148014800 DEOPT UNPACKING pc=0x00007fb1324ae633 sp=0x00007fb151852c38 mode 1
Event: 11.388 Executing VM operation: ParallelGCFailedAllocation


Dynamic libraries:
00400000-00401000 r-xp 00000000 fd:02 2100689                            /home/ike/soft/jdk1.8/bin/java
00600000-00601000 rw-p 00000000 fd:02 2100689                            /home/ike/soft/jdk1.8/bin/java
01589000-015aa000 rw-p 00000000 00:00 0                                  [heap]
85000000-88300000 rw-p 00000000 00:00 0 
88300000-d7000000 ---p 00000000 00:00 0 
d7000000-efe80000 rw-p 00000000 00:00 0 
faa80000-100000000 ---p 00000000 00:00 0 
100000000-100460000 rw-p 00000000 00:00 0 
100460000-140000000 ---p 00000000 00:00 0 
7fb0a8000000-7fb0a8021000 rw-p 00000000 00:00 0 
7fb0a8021000-7fb0ac000000 ---p 00000000 00:00 0 
7fb0b0000000-7fb0b0021000 rw-p 00000000 00:00 0 
7fb0b0021000-7fb0b4000000 ---p 00000000 00:00 0 
7fb0b4000000-7fb0b4021000 rw-p 00000000 00:00 0 
7fb0b4021000-7fb0b8000000 ---p 00000000 00:00 0 
7fb0b8000000-7fb0b8021000 rw-p 00000000 00:00 0 
7fb0b8021000-7fb0bc000000 ---p 00000000 00:00 0 
7fb0bc000000-7fb0bc021000 rw-p 00000000 00:00 0 
7fb0bc021000-7fb0c0000000 ---p 00000000 00:00 0 
7fb0c0000000-7fb0c0021000 rw-p 00000000 00:00 0 
7fb0c0021000-7fb0c4000000 ---p 00000000 00:00 0 
7fb0c4000000-7fb0c4021000 rw-p 00000000 00:00 0 
7fb0c4021000-7fb0c8000000 ---p 00000000 00:00 0 
7fb0c8000000-7fb0c8021000 rw-p 00000000 00:00 0 
7fb0c8021000-7fb0cc000000 ---p 00000000 00:00 0 
7fb0cc000000-7fb0cc021000 rw-p 00000000 00:00 0 
7fb0cc021000-7fb0d0000000 ---p 00000000 00:00 0 
7fb0d0000000-7fb0d0021000 rw-p 00000000 00:00 0 
7fb0d0021000-7fb0d4000000 ---p 00000000 00:00 0 
7fb0d4000000-7fb0d4021000 rw-p 00000000 00:00 0 
7fb0d4021000-7fb0d8000000 ---p 00000000 00:00 0 
7fb0d8000000-7fb0d8290000 rw-p 00000000 00:00 0 
7fb0d8290000-7fb0dc000000 ---p 00000000 00:00 0 
7fb0dc000000-7fb0dc021000 rw-p 00000000 00:00 0 
7fb0dc021000-7fb0e0000000 ---p 00000000 00:00 0 
7fb0e0000000-7fb0e0021000 rw-p 00000000 00:00 0 
7fb0e0021000-7fb0e4000000 ---p 00000000 00:00 0 
7fb0e4000000-7fb0e4021000 rw-p 00000000 00:00 0 
7fb0e4021000-7fb0e8000000 ---p 00000000 00:00 0 
7fb0e8000000-7fb0e8702000 rw-p 00000000 00:00 0 
7fb0e8702000-7fb0ec000000 ---p 00000000 00:00 0 
7fb0ec000000-7fb0ec021000 rw-p 00000000 00:00 0 
7fb0ec021000-7fb0f0000000 ---p 00000000 00:00 0 
7fb0f0000000-7fb0f0056000 rw-p 00000000 00:00 0 
7fb0f0056000-7fb0f4000000 ---p 00000000 00:00 0 
7fb0f4000000-7fb0f4021000 rw-p 00000000 00:00 0 
7fb0f4021000-7fb0f8000000 ---p 00000000 00:00 0 
7fb0f8000000-7fb0f8086000 rw-p 00000000 00:00 0 
7fb0f8086000-7fb0fc000000 ---p 00000000 00:00 0 
7fb0fc000000-7fb0fc021000 rw-p 00000000 00:00 0 
7fb0fc021000-7fb100000000 ---p 00000000 00:00 0 
7fb100000000-7fb100021000 rw-p 00000000 00:00 0 
7fb100021000-7fb104000000 ---p 00000000 00:00 0 
7fb104000000-7fb104021000 rw-p 00000000 00:00 0 
7fb104021000-7fb108000000 ---p 00000000 00:00 0 
7fb108000000-7fb108021000 rw-p 00000000 00:00 0 
7fb108021000-7fb10c000000 ---p 00000000 00:00 0 
7fb10c000000-7fb10c021000 rw-p 00000000 00:00 0 
7fb10c021000-7fb110000000 ---p 00000000 00:00 0 
7fb110000000-7fb110021000 rw-p 00000000 00:00 0 
7fb110021000-7fb114000000 ---p 00000000 00:00 0 
7fb114000000-7fb11428d000 rw-p 00000000 00:00 0 
7fb11428d000-7fb118000000 ---p 00000000 00:00 0 
7fb118000000-7fb118021000 rw-p 00000000 00:00 0 
7fb118021000-7fb11c000000 ---p 00000000 00:00 0 
7fb120000000-7fb120021000 rw-p 00000000 00:00 0 
7fb120021000-7fb124000000 ---p 00000000 00:00 0 
7fb124c24000-7fb124c27000 ---p 00000000 00:00 0 
7fb124c27000-7fb124d25000 rw-p 00000000 00:00 0 
7fb124d25000-7fb124d28000 ---p 00000000 00:00 0 
7fb124d28000-7fb124e26000 rw-p 00000000 00:00 0 
7fb124e26000-7fb124e29000 ---p 00000000 00:00 0 
7fb124e29000-7fb124f27000 rw-p 00000000 00:00 0 
7fb124f27000-7fb124f2a000 ---p 00000000 00:00 0 
7fb124f2a000-7fb125028000 rw-p 00000000 00:00 0 
7fb125028000-7fb12502b000 ---p 00000000 00:00 0 
7fb12502b000-7fb1252a9000 rw-p 00000000 00:00 0 
7fb1252a9000-7fb125329000 ---p 00000000 00:00 0 
7fb125329000-7fb12532c000 ---p 00000000 00:00 0 
7fb12532c000-7fb12542a000 rw-p 00000000 00:00 0 
7fb12542a000-7fb12542d000 ---p 00000000 00:00 0 
7fb12542d000-7fb12552b000 rw-p 00000000 00:00 0 
7fb12552b000-7fb12552e000 ---p 00000000 00:00 0 
7fb12552e000-7fb12562c000 rw-p 00000000 00:00 0 
7fb12562c000-7fb12562f000 ---p 00000000 00:00 0 
7fb12562f000-7fb12572d000 rw-p 00000000 00:00 0 
7fb12572d000-7fb125730000 ---p 00000000 00:00 0 
7fb125730000-7fb12582e000 rw-p 00000000 00:00 0 
7fb12582e000-7fb125831000 ---p 00000000 00:00 0 
7fb125831000-7fb12592f000 rw-p 00000000 00:00 0 
7fb12592f000-7fb125932000 ---p 00000000 00:00 0 
7fb125932000-7fb125a30000 rw-p 00000000 00:00 0 
7fb125a30000-7fb125a33000 ---p 00000000 00:00 0 
7fb125a33000-7fb125b31000 rw-p 00000000 00:00 0 
7fb125b31000-7fb125b34000 ---p 00000000 00:00 0 
7fb125b34000-7fb125c32000 rw-p 00000000 00:00 0 
7fb125c32000-7fb125c35000 ---p 00000000 00:00 0 
7fb125c35000-7fb125d33000 rw-p 00000000 00:00 0 
7fb125d33000-7fb125d36000 ---p 00000000 00:00 0 
7fb125d36000-7fb125e34000 rw-p 00000000 00:00 0 
7fb125e34000-7fb125e37000 ---p 00000000 00:00 0 
7fb125e37000-7fb125f35000 rw-p 00000000 00:00 0 
7fb125f35000-7fb125f38000 ---p 00000000 00:00 0 
7fb125f38000-7fb126036000 rw-p 00000000 00:00 0 
7fb126036000-7fb126039000 ---p 00000000 00:00 0 
7fb126039000-7fb126137000 rw-p 00000000 00:00 0 
7fb126137000-7fb12613a000 ---p 00000000 00:00 0 
7fb12613a000-7fb126438000 rw-p 00000000 00:00 0 
7fb126438000-7fb12643b000 ---p 00000000 00:00 0 
7fb12643b000-7fb126739000 rw-p 00000000 00:00 0 
7fb126739000-7fb126939000 rw-p 00000000 00:00 0 
7fb126939000-7fb126b39000 rw-p 00000000 00:00 0 
7fb126b39000-7fb126d39000 rw-p 00000000 00:00 0 
7fb126d39000-7fb126dab000 r-xp 00000000 fd:00 2888714                    /usr/lib64/libpcre.so.1.2.8
7fb126dab000-7fb126faa000 ---p 00072000 fd:00 2888714                    /usr/lib64/libpcre.so.1.2.8
7fb126faa000-7fb126fab000 r--p 00071000 fd:00 2888714                    /usr/lib64/libpcre.so.1.2.8
7fb126fab000-7fb126fac000 rw-p 00072000 fd:00 2888714                    /usr/lib64/libpcre.so.1.2.8
7fb126fac000-7fb126fc2000 r-xp 00000000 fd:00 2890778                    /usr/lib64/libgcc_s-6.3.1-20161221.so.1
7fb126fc2000-7fb1271c1000 ---p 00016000 fd:00 2890778                    /usr/lib64/libgcc_s-6.3.1-20161221.so.1
7fb1271c1000-7fb1271c2000 r--p 00015000 fd:00 2890778                    /usr/lib64/libgcc_s-6.3.1-20161221.so.1
7fb1271c2000-7fb1271c3000 rw-p 00016000 fd:00 2890778                    /usr/lib64/libgcc_s-6.3.1-20161221.so.1
7fb1271c3000-7fb1271c7000 r-xp 00000000 fd:00 2892562                    /usr/lib64/libcap.so.2.25
7fb1271c7000-7fb1273c6000 ---p 00004000 fd:00 2892562                    /usr/lib64/libcap.so.2.25
7fb1273c6000-7fb1273c7000 r--p 00003000 fd:00 2892562                    /usr/lib64/libcap.so.2.25
7fb1273c7000-7fb1273c8000 rw-p 00004000 fd:00 2892562                    /usr/lib64/libcap.so.2.25
7fb1273c8000-7fb1273eb000 r-xp 00000000 fd:00 2892320                    /usr/lib64/libselinux.so.1
7fb1273eb000-7fb1275eb000 ---p 00023000 fd:00 2892320                    /usr/lib64/libselinux.so.1
7fb1275eb000-7fb1275ec000 r--p 00023000 fd:00 2892320                    /usr/lib64/libselinux.so.1
7fb1275ec000-7fb1275ed000 rw-p 00024000 fd:00 2892320                    /usr/lib64/libselinux.so.1
7fb1275ed000-7fb1277ef000 rw-p 00000000 00:00 0 
7fb1277ef000-7fb1279ef000 rw-p 00000000 00:00 0 
7fb1279ef000-7fb127a00000 r-xp 00000000 fd:02 2100229                    /home/ike/soft/jdk1.8/jre/lib/amd64/libnio.so
7fb127a00000-7fb127bff000 ---p 00011000 fd:02 2100229                    /home/ike/soft/jdk1.8/jre/lib/amd64/libnio.so
7fb127bff000-7fb127c00000 rw-p 00010000 fd:02 2100229                    /home/ike/soft/jdk1.8/jre/lib/amd64/libnio.so
7fb127c00000-7fb127e00000 rw-p 00000000 00:00 0 
7fb127e00000-7fb128000000 rw-p 00000000 00:00 0 
7fb128000000-7fb128021000 rw-p 00000000 00:00 0 
7fb128021000-7fb12c000000 ---p 00000000 00:00 0 
7fb12c007000-7fb12c00a000 ---p 00000000 00:00 0 
7fb12c00a000-7fb12c108000 rw-p 00000000 00:00 0 
7fb12c108000-7fb12c119000 r-xp 00000000 fd:00 2894368                    /usr/lib64/libnss_myhostname.so.2
7fb12c119000-7fb12c11a000 ---p 00011000 fd:00 2894368                    /usr/lib64/libnss_myhostname.so.2
7fb12c11a000-7fb12c11c000 r--p 00011000 fd:00 2894368                    /usr/lib64/libnss_myhostname.so.2
7fb12c11c000-7fb12c11d000 rw-p 00013000 fd:00 2894368                    /usr/lib64/libnss_myhostname.so.2
7fb12c133000-7fb12c1c9000 r--s 01102000 fd:02 2100425                    /home/ike/soft/jdk1.8/jre/lib/ext/jfxrt.jar
7fb12c1c9000-7fb12c3c9000 rw-p 00000000 00:00 0 
7fb12c3c9000-7fb12c3cc000 ---p 00000000 00:00 0 
7fb12c3cc000-7fb12c4ca000 rw-p 00000000 00:00 0 
7fb12c4ca000-7fb12c4d3000 r-xp 00000000 fd:02 2100283                    /home/ike/soft/jdk1.8/jre/lib/amd64/libmanagement.so
7fb12c4d3000-7fb12c6d2000 ---p 00009000 fd:02 2100283                    /home/ike/soft/jdk1.8/jre/lib/amd64/libmanagement.so
7fb12c6d2000-7fb12c6d3000 rw-p 00008000 fd:02 2100283                    /home/ike/soft/jdk1.8/jre/lib/amd64/libmanagement.so
7fb12c6d3000-7fb12c6ea000 r-xp 00000000 fd:00 2891940                    /usr/lib64/libresolv-2.24.so
7fb12c6ea000-7fb12c8ea000 ---p 00017000 fd:00 2891940                    /usr/lib64/libresolv-2.24.so
7fb12c8ea000-7fb12c8eb000 r--p 00017000 fd:00 2891940                    /usr/lib64/libresolv-2.24.so
7fb12c8eb000-7fb12c8ec000 rw-p 00018000 fd:00 2891940                    /usr/lib64/libresolv-2.24.so
7fb12c8ec000-7fb12c8ee000 rw-p 00000000 00:00 0 
7fb12c8ee000-7fb12c8f3000 r-xp 00000000 fd:00 2891855                    /usr/lib64/libnss_dns-2.24.so
7fb12c8f3000-7fb12caf3000 ---p 00005000 fd:00 2891855                    /usr/lib64/libnss_dns-2.24.so
7fb12caf3000-7fb12caf4000 r--p 00005000 fd:00 2891855                    /usr/lib64/libnss_dns-2.24.so
7fb12caf4000-7fb12caf5000 rw-p 00006000 fd:00 2891855                    /usr/lib64/libnss_dns-2.24.so
7fb12caf5000-7fb12caf7000 r-xp 00000000 fd:00 2893052                    /usr/lib64/libnss_mdns4_minimal.so.2
7fb12caf7000-7fb12ccf6000 ---p 00002000 fd:00 2893052                    /usr/lib64/libnss_mdns4_minimal.so.2
7fb12ccf6000-7fb12ccf7000 r--p 00001000 fd:00 2893052                    /usr/lib64/libnss_mdns4_minimal.so.2
7fb12ccf7000-7fb12ccf8000 rw-p 00000000 00:00 0 
7fb12cd05000-7fb12cd09000 r--s 00097000 fd:02 2100406                    /home/ike/soft/jdk1.8/jre/lib/jsse.jar
7fb12cd09000-7fb12cd0e000 r--s 002f9000 fd:02 2100432                    /home/ike/soft/jdk1.8/jre/lib/charsets.jar
7fb12cd0e000-7fb12cd11000 ---p 00000000 00:00 0 
7fb12cd11000-7fb12ce0f000 rw-p 00000000 00:00 0 
7fb12ce0f000-7fb12ce25000 r-xp 00000000 fd:02 2100243                    /home/ike/soft/jdk1.8/jre/lib/amd64/libnet.so
7fb12ce25000-7fb12d025000 ---p 00016000 fd:02 2100243                    /home/ike/soft/jdk1.8/jre/lib/amd64/libnet.so
7fb12d025000-7fb12d026000 rw-p 00016000 fd:02 2100243                    /home/ike/soft/jdk1.8/jre/lib/amd64/libnet.so
7fb12d026000-7fb12d030000 r--s 00116000 fd:02 2100424                    /home/ike/soft/jdk1.8/jre/lib/ext/localedata.jar
7fb12d030000-7fb12d031000 ---p 00000000 00:00 0 
7fb12d031000-7fb12d131000 rw-p 00000000 00:00 0 
7fb12d131000-7fb12d134000 ---p 00000000 00:00 0 
7fb12d134000-7fb12d232000 rw-p 00000000 00:00 0 
7fb12d232000-7fb12d235000 ---p 00000000 00:00 0 
7fb12d235000-7fb12d333000 rw-p 00000000 00:00 0 
7fb12d333000-7fb12d336000 ---p 00000000 00:00 0 
7fb12d336000-7fb12d434000 rw-p 00000000 00:00 0 
7fb12d434000-7fb12d437000 ---p 00000000 00:00 0 
7fb12d437000-7fb12d535000 rw-p 00000000 00:00 0 
7fb12d535000-7fb12d537000 r--s 0000a000 fd:02 2103023                    /home/ike/soft/idea-IU-171.4424.56/plugins/Groovy/lib/agent/gragent.jar
7fb12d537000-7fb12d539000 r--s 0001a000 fd:02 2102710                    /home/ike/soft/idea-IU-171.4424.56/lib/idea_rt.jar
7fb12d539000-7fb12d552000 r--s 0012c000 fd:02 6423561                    /home/ike/.gradle/caches/modules-2/files-2.1/io.netty/netty/3.10.5.Final/9ca7d55d246092bddd29b867706e2f6c7db701a0/netty-3.10.5.Final.jar
7fb12d552000-7fb12d55b000 r--s 0006d000 fd:02 3145956                    /home/ike/.m2/repository/log4j/log4j/1.2.16/log4j-1.2.16.jar
7fb12d55b000-7fb12d568000 r--s 000b9000 fd:02 6293199                    /home/ike/.gradle/caches/modules-2/files-2.1/org.apache.zookeeper/zookeeper/3.4.9/cbd9135689d6622a411e1e9b0ce880b502be5277/zookeeper-3.4.9.jar
7fb12d568000-7fb12d573000 r--s 0006a000 fd:02 6424508                    /home/ike/.gradle/caches/modules-2/files-2.1/ch.qos.logback/logback-core/1.1.11/88b8df40340eed549fb07e2613879bf6b006704d/logback-core-1.1.11.jar
7fb12d573000-7fb12d575000 r--s 00005000 fd:02 2234244                    /home/ike/.m2/repository/stax/stax-api/1.0.1/stax-api-1.0.1.jar
7fb12d575000-7fb12d577000 r--s 00100000 fd:02 6423559                    /home/ike/.gradle/caches/modules-2/files-2.1/org.xerial.snappy/snappy-java/1.1.2.6/48d92871ca286a47f230feb375f0bbffa83b85f6/snappy-java-1.1.2.6.jar
7fb12d577000-7fb12d579000 r--s 00038000 fd:02 6293201                    /home/ike/.gradle/caches/modules-2/files-2.1/net.jpountz.lz4/lz4/1.3.0/c708bb2590c0652a642236ef45d9f99ff842a2ce/lz4-1.3.0.jar
7fb12d579000-7fb12d57b000 r--s 00012000 fd:02 7735566                    /home/ike/.gradle/caches/modules-2/files-2.1/net.minidev/accessors-smart/1.1/a527213f2fea112a04c9bdf0ec0264e34104cd08/accessors-smart-1.1.jar
7fb12d57b000-7fb12d58c000 r--s 00096000 fd:02 5644044                    /home/ike/.gradle/caches/modules-2/files-2.1/org.bouncycastle/bcpkix-jdk15on/1.55/6392d8cba22b722c6570d660ca0b3921ff1bae4f/bcpkix-jdk15on-1.55.jar
7fb12d58c000-7fb12d58e000 r--s 0000c000 fd:02 5644042                    /home/ike/.gradle/caches/modules-2/files-2.1/org.springframework.security/spring-security-crypto/4.2.2.RELEASE/713ae22bcef55ae21ca1967d7cb217a1efab5dbf/spring-security-crypto-4.2.2.RELEASE.jar
7fb12d58e000-7fb12d591000 r--s 0002b000 fd:02 4459269                    /home/ike/.gradle/caches/modules-2/files-2.1/org.jboss/jandex/2.0.0.Final/3e899258936f94649c777193e1be846387ed54b3/jandex-2.0.0.Final.jar
7fb12d591000-7fb12d596000 r--s 00068000 fd:02 2103485                    /home/ike/.m2/repository/antlr/antlr/2.7.7/antlr-2.7.7.jar
7fb12d596000-7fb12d598000 r--s 00004000 fd:02 5248253                    /home/ike/.gradle/caches/modules-2/files-2.1/org.slf4j/log4j-over-slf4j/1.7.24/6ab46c51a3848286a0db3ba7b22037b3834c3c44/log4j-over-slf4j-1.7.24.jar
7fb12d598000-7fb12d59a000 r--s 00000000 fd:02 6424503                    /home/ike/.gradle/caches/modules-2/files-2.1/org.slf4j/jul-to-slf4j/1.7.24/25a2be668cb2ad1d05d76c0773df73b4b53617fd/jul-to-slf4j-1.7.24.jar
7fb12d59a000-7fb12d59c000 r--s 00003000 fd:02 6424515                    /home/ike/.gradle/caches/modules-2/files-2.1/org.slf4j/jcl-over-slf4j/1.7.24/e6a8629079856a2aa7862c6327ccf6dd1988d7fc/jcl-over-slf4j-1.7.24.jar
7fb12d59c000-7fb12d5a3000 r--s 00045000 fd:02 6168269                    /home/ike/.gradle/caches/modules-2/files-2.1/ch.qos.logback/logback-classic/1.1.11/ccedfbacef4a6515d2983e3f89ed753d5d4fb665/logback-classic-1.1.11.jar
7fb12d5a3000-7fb12d5e1000 r--s 0025d000 fd:02 2234241                    /home/ike/.m2/repository/org/apache/xmlbeans/xmlbeans/2.6.0/xmlbeans-2.6.0.jar
7fb12d5e1000-7fb12d5e3000 r--s 0000f000 fd:02 4459850                    /home/ike/.m2/repository/javax/activation/activation/1.1.1/activation-1.1.1.jar
7fb12d5e3000-7fb12d5ec000 r--s 0008c000 fd:02 5119457                    /home/ike/.gradle/caches/modules-2/files-2.1/com.sun.mail/javax.mail/1.5.6/ab5daef2f881c42c8e280cbe918ec4d7fdfd7efe/javax.mail-1.5.6.jar
7fb12d5ec000-7fb12d65f000 r--s 0065b000 fd:02 6168214                    /home/ike/.gradle/caches/modules-2/files-2.1/org.scala-lang/scala-library/2.10.6/421989aa8f95a05a4f894630aad96b8c7b828732/scala-library-2.10.6.jar
7fb12d65f000-7fb12d662000 r--s 00012000 fd:02 4985769                    /home/ike/.gradle/caches/modules-2/files-2.1/com.yammer.metrics/metrics-core/2.2.0/f82c035cfa786d3cbec362c38c22a5f5b1bc8724/metrics-core-2.2.0.jar
7fb12d662000-7fb12d665000 r--s 00011000 fd:02 4861372                    /home/ike/.gradle/caches/modules-2/files-2.1/net.sf.jopt-simple/jopt-simple/5.0.3/cdd846cfc4e0f7eefafc02c0f5dce32b9303aa2a/jopt-simple-5.0.3.jar
7fb12d665000-7fb12d677000 r--s 000d6000 fd:02 4721438                    /home/ike/.gradle/caches/modules-2/files-2.1/org.apache.kafka/kafka-clients/0.10.2.0/c20571ff756fcf8f4a7f76fc7b23707a4c14a67d/kafka-clients-0.10.2.0.jar
7fb12d677000-7fb12d678000 r--s 00004000 fd:02 7735564                    /home/ike/.gradle/caches/modules-2/files-2.1/com.vaadin.external.google/android-json/0.0.20131108.vaadin1/fa26d351fe62a6a17f5cda1287c1c6110dec413f/android-json-0.0.20131108.vaadin1.jar
7fb12d678000-7fb12d67a000 r--s 00009000 fd:02 7735562                    /home/ike/.gradle/caches/modules-2/files-2.1/org.objenesis/objenesis/2.1/87c0ea803b69252868d09308b4618f766f135a96/objenesis-2.1.jar
7fb12d67a000-7fb12d67d000 r--s 0001b000 fd:02 7735560                    /home/ike/.gradle/caches/modules-2/files-2.1/net.minidev/json-smart/2.2.1/5b9e5df7a62d1279b70dc882b041d249c4f0b002/json-smart-2.2.1.jar
7fb12d67d000-7fb12d67f000 r--s 0000c000 fd:02 3670899                    /home/ike/.m2/repository/org/ow2/asm/asm/5.0.4/asm-5.0.4.jar
7fb12d67f000-7fb12d681000 r--s 00007000 fd:02 5644036                    /home/ike/.gradle/caches/modules-2/files-2.1/com.netflix.hystrix/hystrix-serialization/1.5.10/c857cba459a3532a5391bd6050555ad07b8f5320/hystrix-serialization-1.5.10.jar
7fb12d681000-7fb12d683000 r--s 0001a000 fd:02 5644034                    /home/ike/.gradle/caches/modules-2/files-2.1/org.hdrhistogram/HdrHistogram/2.1.9/e4631ce165eb400edecfa32e03d3f1be53dee754/HdrHistogram-2.1.9.jar
7fb12d683000-7fb12d69b000 r--s 000fc000 fd:02 5644032                    /home/ike/.gradle/caches/modules-2/files-2.1/io.reactivex/rxjava/1.2.0/42bfaf64c94f3848ebf5cf1c2ea4ec9d1b3ac6c8/rxjava-1.2.0.jar
7fb12d69b000-7fb12d6a2000 r--s 00050000 fd:02 5644028                    /home/ike/.gradle/caches/modules-2/files-2.1/commons-configuration/commons-configuration/1.8/6cce40435bcd8018018f16898de01976b319941a/commons-configuration-1.8.jar
7fb12d6a2000-7fb12d6a3000 r--s 00004000 fd:02 4460908                    /home/ike/.gradle/caches/modules-2/files-2.1/org.springframework.security/spring-security-rsa/1.0.3.RELEASE/b0b1ee770597b5de1b51e9a889dfd2dc35d251b0/spring-security-rsa-1.0.3.RELEASE.jar
7fb12d6a3000-7fb12d6a8000 r--s 00016000 fd:02 5644020                    /home/ike/.gradle/caches/modules-2/files-2.1/org.springframework.cloud/spring-cloud-commons/1.2.0.RELEASE/de0024fa88cc6c1ecbc30980e15acf25c0f5ef21/spring-cloud-commons-1.2.0.RELEASE.jar
7fb12d6a8000-7fb12d6ab000 r--s 00015000 fd:02 5644018                    /home/ike/.gradle/caches/modules-2/files-2.1/org.springframework.cloud/spring-cloud-context/1.2.0.RELEASE/4f2a9fa553883dedc21587e45080b67911fb7d26/spring-cloud-context-1.2.0.RELEASE.jar
7fb12d6ab000-7fb12d6ad000 r--s 00014000 fd:02 3539264                    /home/ike/.m2/repository/jline/jline/0.9.94/jline-0.9.94.jar
7fb12d6ad000-7fb12d6ae000 r--s 00003000 fd:02 3540889                    /home/ike/.m2/repository/org/apache/geronimo/specs/geronimo-jta_1.1_spec/1.1.1/geronimo-jta_1.1_spec-1.1.1.jar
7fb12d6ae000-7fb12d6b8000 r--s 000aa000 fd:02 6031571                    /home/ike/.gradle/caches/modules-2/files-2.1/org.javassist/javassist/3.21.0-GA/598244f595db5c5fb713731eddbb1c91a58d959b/javassist-3.21.0-GA.jar
7fb12d6b8000-7fb12d6bd000 r--s 00017000 fd:02 3148263                    /home/ike/.m2/repository/org/hibernate/javax/persistence/hibernate-jpa-2.1-api/1.0.0.Final/hibernate-jpa-2.1-api-1.0.0.Final.jar
7fb12d6bd000-7fb12d6c0000 r--s 00010000 fd:02 4459261                    /home/ike/.gradle/caches/modules-2/files-2.1/org.hibernate.common/hibernate-commons-annotations/5.0.1.Final/71e1cff3fcb20d3b3af4f3363c3ddb24d33c6879/hibernate-commons-annotations-5.0.1.Final.jar
7fb12d6c0000-7fb12d6c5000 r--s 00048000 fd:02 3801997                    /home/ike/.m2/repository/dom4j/dom4j/1.6.1/dom4j-1.6.1.jar
7fb12d6c5000-7fb12d72e000 r--s 004f3000 fd:02 6031581                    /home/ike/.gradle/caches/modules-2/files-2.1/org.hibernate/hibernate-core/5.0.12.Final/e58bf1c660e6706d8e2cbb53bae110f574366102/hibernate-core-5.0.12.Final.jar
7fb12d72e000-7fb12d730000 r--s 0000f000 fd:02 3672160                    /home/ike/.m2/repository/org/jboss/logging/jboss-logging/3.3.0.Final/jboss-logging-3.3.0.Final.jar
7fb12d730000-7fb12d734000 r--s 0000c000 fd:02 3540885                    /home/ike/.m2/repository/javax/validation/validation-api/1.1.0.Final/validation-api-1.1.0.Final.jar
7fb12d734000-7fb12d739000 r--s 00036000 fd:02 6031579                    /home/ike/.gradle/caches/modules-2/files-2.1/org.apache.tomcat.embed/tomcat-embed-websocket/8.5.11/dfa65e7857d46630761c0571758a56f7cbd1e9ba/tomcat-embed-websocket-8.5.11.jar
7fb12d739000-7fb12d73e000 r--s 00036000 fd:02 6031577                    /home/ike/.gradle/caches/modules-2/files-2.1/org.apache.tomcat.embed/tomcat-embed-el/8.5.11/60253815b897166903bf5ec41219c5bb15333a69/tomcat-embed-el-8.5.11.jar
7fb12d73e000-7fb12d767000 r--s 002b8000 fd:02 6031575                    /home/ike/.gradle/caches/modules-2/files-2.1/org.apache.tomcat.embed/tomcat-embed-core/8.5.11/72761f51fc7cef3ee19d4aafc7adc605df9f611f/tomcat-embed-core-8.5.11.jar
7fb12d767000-7fb12d76d000 r--s 0003d000 fd:02 4588007                    /home/ike/.gradle/caches/modules-2/files-2.1/org.yaml/snakeyaml/1.17/7a27ea250c5130b2922b86dea63cbb1cc10a660c/snakeyaml-1.17.jar
7fb12d76d000-7fb12d76e000 r--s 00000000 fd:02 5644040                    /home/ike/.gradle/caches/modules-2/files-2.1/org.springframework.boot/spring-boot-starter-logging/1.5.2.RELEASE/32210889e1f9bb09ac134b9f43a117ed62f0bed2/spring-boot-starter-logging-1.5.2.RELEASE.jar
7fb12d76e000-7fb12d78e000 r--s 000e0000 fd:02 5644024                    /home/ike/.gradle/caches/modules-2/files-2.1/org.springframework.boot/spring-boot-autoconfigure/1.5.2.RELEASE/8a9b8c747bc2c86eefde10330cb2984541bcb9d1/spring-boot-autoconfigure-1.5.2.RELEASE.jar
7fb12d78e000-7fb12d79e000 r--s 00094000 fd:02 5644022                    /home/ike/.gradle/caches/modules-2/files-2.1/org.springframework.boot/spring-boot/1.5.2.RELEASE/46bb5d8c9ab5d3ef9e158ca5906ee7d3569befc1/spring-boot-1.5.2.RELEASE.jar
7fb12d79e000-7fb12d7a2000 r--s 00015000 fd:02 3542611                    /home/ike/.gradle/caches/modules-2/files-2.1/com.github.virtuald/curvesapi/1.04/3386abf821719bc89c7685f9eaafaf4a842f0199/curvesapi-1.04.jar
7fb12d7a2000-7fb12d85c000 r--s 004e0000 fd:02 7867893                    /home/ike/.gradle/caches/modules-2/files-2.1/org.apache.poi/poi-ooxml-schemas/3.16/9828a49307fc6bebfd42185b677d88b6e4994c63/poi-ooxml-schemas-3.16.jar
7fb12d85c000-7fb12d86c000 r--s 000a8000 fd:02 3542609                    /home/ike/.gradle/caches/modules-2/files-2.1/org.apache.commons/commons-collections4/4.1/a4cf4688fe1c7e3a63aa636cc96d013af537768e/commons-collections4-4.1.jar
7fb12d86c000-7fb12d86e000 r--s 0000b000 fd:02 4331416                    /home/ike/.m2/repository/org/apache/commons/commons-email/1.4/commons-email-1.4.jar
7fb12d86e000-7fb12d8d1000 r--s 004f1000 fd:02 4588675                    /home/ike/.gradle/caches/modules-2/files-2.1/org.apache.kafka/kafka_2.10/0.10.2.0/eca9a789b4df7441796636bfb7e0f9210cae8b1e/kafka_2.10-0.10.2.0.jar
7fb12d8d1000-7fb12d8d4000 r--s 00042000 fd:02 5376287                    /home/ike/.gradle/caches/modules-2/files-2.1/com.fasterxml.jackson.core/jackson-core/2.8.7/8b46f39c78476fb848c81a49fa807a9e9506dddd/jackson-core-2.8.7.jar
7fb12d8d4000-7fb12d8d7000 r--s 0000b000 fd:02 5644030                    /home/ike/.gradle/caches/modules-2/files-2.1/com.fasterxml.jackson.core/jackson-annotations/2.8.0/45b426f7796b741035581a176744d91090e2e6fb/jackson-annotations-2.8.0.jar
7fb12d8d7000-7fb12d8e6000 r--s 00084000 fd:02 7733303                    /home/ike/.gradle/caches/modules-2/files-2.1/org.springframework/spring-test/4.3.7.RELEASE/480fc4673b53daa1993eb1940711828ebf35807b/spring-test-4.3.7.RELEASE.jar
7fb12d8e6000-7fb12d8e8000 r--s 00006000 fd:02 7735556                    /home/ike/.gradle/caches/modules-2/files-2.1/org.skyscreamer/jsonassert/1.4.0/9cdbb373a06f6513e51e8c545ee6a5e981463edb/jsonassert-1.4.0.jar
7fb12d8e8000-7fb12d8e9000 r--s 0000c000 fd:02 7735554                    /home/ike/.gradle/caches/modules-2/files-2.1/org.hamcrest/hamcrest-library/1.3/4785a3c21320980282f9f33d0d1264a69040538f/hamcrest-library-1.3.jar
7fb12d8e9000-7fb12d8eb000 r--s 00009000 fd:02 2233374                    /home/ike/.m2/repository/org/hamcrest/hamcrest-core/1.3/hamcrest-core-1.3.jar
7fb12d8eb000-7fb12d907000 r--s 00103000 fd:02 7735552                    /home/ike/.gradle/caches/modules-2/files-2.1/org.mockito/mockito-core/1.10.19/e8546f5bef4e061d8dd73895b4e8f40e3fe6effe/mockito-core-1.10.19.jar
7fb12d907000-7fb12d91b000 r--s 000dc000 fd:02 7735550                    /home/ike/.gradle/caches/modules-2/files-2.1/org.assertj/assertj-core/2.6.0/b532c3fc4f66bcfee4989a3514f1cd56203a33ad/assertj-core-2.6.0.jar
7fb12d91b000-7fb12d923000 r--s 00045000 fd:02 1969654                    /home/ike/.m2/repository/junit/junit/4.12/junit-4.12.jar
7fb12d923000-7fb12d928000 r--s 0002e000 fd:02 7735548                    /home/ike/.gradle/caches/modules-2/files-2.1/com.jayway.jsonpath/json-path/2.2.0/22290d17944bd239fabf5ac69005a60a7ecbbbcb/json-path-2.2.0.jar
7fb12d928000-7fb12d92d000 r--s 00019000 fd:02 7735624                    /home/ike/.gradle/caches/modules-2/files-2.1/org.springframework.boot/spring-boot-test-autoconfigure/1.5.2.RELEASE/5fb69965871626aea437c0d676d3be6186d2415d/spring-boot-test-autoconfigure-1.5.2.RELEASE.jar
7fb12d92d000-7fb12d931000 r--s 0001f000 fd:02 7735622                    /home/ike/.gradle/caches/modules-2/files-2.1/org.springframework.boot/spring-boot-test/1.5.2.RELEASE/7dcdee8bc720b379d6072c742e2a48ccbb00aa09/spring-boot-test-1.5.2.RELEASE.jar
7fb12d931000-7fb12d936000 r--s 00026000 fd:02 5644014                    /home/ike/.gradle/caches/modules-2/files-2.1/com.netflix.hystrix/hystrix-javanica/1.5.10/2d3dc34d7beb79ef300c67a5b436657907d52af1/hystrix-javanica-1.5.10.jar
7fb12d936000-7fb12d938000 r--s 0000c000 fd:02 5644012                    /home/ike/.gradle/caches/modules-2/files-2.1/com.netflix.hystrix/hystrix-metrics-event-stream/1.5.10/936e69382fd4d106c550f36afb38d0357ca29cf3/hystrix-metrics-event-stream-1.5.10.jar
7fb12d938000-7fb12d944000 r--s 00067000 fd:02 5644010                    /home/ike/.gradle/caches/modules-2/files-2.1/com.netflix.hystrix/hystrix-core/1.5.10/cd46dd2533138019a0473ed16a333aaea4d4b7de/hystrix-core-1.5.10.jar
7fb12d944000-7fb12d945000 r--s 00000000 fd:02 5644008                    /home/ike/.gradle/caches/modules-2/files-2.1/org.springframework.cloud/spring-cloud-starter-archaius/1.3.0.RELEASE/b8665874ab5a6a37cf32af9b2e56fa145fb53432/spring-cloud-starter-archaius-1.3.0.RELEASE.jar
7fb12d945000-7fb12d94f000 r--s 00055000 fd:02 5644006                    /home/ike/.gradle/caches/modules-2/files-2.1/org.springframework.cloud/spring-cloud-netflix-core/1.3.0.RELEASE/1ad134229d53e9263f08124d62c65882c5dee8e7/spring-cloud-netflix-core-1.3.0.RELEASE.jar
7fb12d94f000-7fb12d950000 r--s 00000000 fd:02 5644004                    /home/ike/.gradle/caches/modules-2/files-2.1/org.springframework.cloud/spring-cloud-starter/1.2.0.RELEASE/c9c4b92550081de74040ce8027e11ad18d942577/spring-cloud-starter-1.2.0.RELEASE.jar
7fb12d950000-7fb12d955000 r--s 0003c000 fd:02 6554776                    /home/ike/.gradle/caches/modules-2/files-2.1/org.springframework/spring-expression/4.3.7.RELEASE/5257b6486e43d8c05674323fea5b415d4da72f38/spring-expression-4.3.7.RELEASE.jar
7fb12d955000-7fb12d96c000 r--s 000fb000 fd:02 6424510                    /home/ike/.gradle/caches/modules-2/files-2.1/org.springframework/spring-core/4.3.7.RELEASE/54fa2db94cc7222edc90ec71354e47cd1dc07f7b/spring-core-4.3.7.RELEASE.jar
7fb12d96c000-7fb12d986000 r--s 000fd000 fd:02 6424513                    /home/ike/.gradle/caches/modules-2/files-2.1/org.springframework/spring-context/4.3.7.RELEASE/34b66b0b7910122ef95ba4fff6da9238ef80a5de/spring-context-4.3.7.RELEASE.jar
7fb12d986000-7fb12d994000 r--s 000ad000 fd:02 6424518                    /home/ike/.gradle/caches/modules-2/files-2.1/org.springframework/spring-beans/4.3.7.RELEASE/2de9f59f3202965438f3a02057d6ad8274636044/spring-beans-4.3.7.RELEASE.jar
7fb12d994000-7fb12d99d000 r--s 00054000 fd:02 6554774                    /home/ike/.gradle/caches/modules-2/files-2.1/org.springframework/spring-aop/4.3.7.RELEASE/3f243d685e4a8a78a0c291445c6d85560ec4d339/spring-aop-4.3.7.RELEASE.jar
7fb12d99d000-7fb12d9a4000 r--s 0003f000 fd:02 4196565                    /home/ike/.m2/repository/commons-codec/commons-codec/1.10/commons-codec-1.10.jar
7fb12d9a4000-7fb12d9a6000 r--s 0000e000 fd:02 3146093                    /home/ike/.m2/repository/commons-logging/commons-logging/1.2/commons-logging-1.2.jar
7fb12d9a6000-7fb12d9ae000 r--s 00048000 fd:02 3807593                    /home/ike/.gradle/caches/modules-2/files-2.1/org.apache.httpcomponents/httpcore/4.4.6/e3fd8ced1f52c7574af952e2e6da0df8df08eb82/httpcore-4.4.6.jar
7fb12d9ae000-7fb12d9b0000 r--s 0000e000 fd:02 4459297                    /home/ike/.gradle/caches/modules-2/files-2.1/com.fasterxml/classmate/1.3.3/864c8e370a691e343210cc7c532fc198cee460d8/classmate-1.3.3.jar
7fb12d9b0000-7fb12d9b1000 r--s 00001000 fd:02 3670688                    /home/ike/.m2/repository/org/mengyun/tcc-transaction-api/1.1.5/tcc-transaction-api-1.1.5.jar
7fb12d9b1000-7fb12d9be000 r--s 00089000 fd:02 6031569                    /home/ike/.gradle/caches/modules-2/files-2.1/org.hibernate/hibernate-entitymanager/5.0.12.Final/302a526f5058290e9cbd719a5caf9f248d344719/hibernate-entitymanager-5.0.12.Final.jar
7fb12d9be000-7fb12d9cf000 r--s 000b7000 fd:02 6031561                    /home/ike/.gradle/caches/modules-2/files-2.1/org.springframework/spring-web/4.3.7.RELEASE/7b69fc68cdb74c1c92f72905af6995696fcb56aa/spring-web-4.3.7.RELEASE.jar
7fb12d9cf000-7fb12d9e0000 r--s 000a1000 fd:02 6031567                    /home/ike/.gradle/caches/modules-2/files-2.1/org.hibernate/hibernate-validator/5.3.4.Final/2f6c8c0b646afe18e3ad205726729d3c4a85fe2e/hibernate-validator-5.3.4.Final.jar
7fb12d9e0000-7fb12d9e1000 r--s 00000000 fd:02 6031565                    /home/ike/.gradle/caches/modules-2/files-2.1/org.springframework.boot/spring-boot-starter-tomcat/1.5.2.RELEASE/354320ef371fc4fc126d1bb8564cd73085a48823/spring-boot-starter-tomcat-1.5.2.RELEASE.jar
7fb12d9e1000-7fb12d9e2000 r--s 00000000 fd:02 5644016                    /home/ike/.gradle/caches/modules-2/files-2.1/org.springframework.boot/spring-boot-starter/1.5.2.RELEASE/c72938c86ed3beadb385f29bc2954c8ca3aa47ab/spring-boot-starter-1.5.2.RELEASE.jar
7fb12d9e2000-7fb12d9f5000 r--s 0014c000 fd:02 7867891                    /home/ike/.gradle/caches/modules-2/files-2.1/org.apache.poi/poi-ooxml/3.16/76e20fe22404cc4da55ddfdaaaadee32bbfa3bdd/poi-ooxml-3.16.jar
7fb12d9f5000-7fb12da21000 r--s 00263000 fd:02 7867889                    /home/ike/.gradle/caches/modules-2/files-2.1/org.apache.poi/poi/3.16/ad21c123ee5d6b5b2a8f0d4ed23b3ffe6759a889/poi-3.16.jar
7fb12da21000-7fb12da33000 r--s 0011d000 fd:02 5512227                    /home/ike/.gradle/caches/modules-2/files-2.1/com.fasterxml.jackson.core/jackson-databind/2.8.7/6c3257ef458ac58a8da69a6dca3d2a15286d88c8/jackson-databind-2.8.7.jar
7fb12da33000-7fb12da34000 r--s 00000000 fd:02 7735620                    /home/ike/.gradle/caches/modules-2/files-2.1/org.springframework.boot/spring-boot-starter-test/1.5.2.RELEASE/d1d42ca043ea8b25cdf0ac8a2108ee924bfae707/spring-boot-starter-test-1.5.2.RELEASE.jar
7fb12da34000-7fb12da37000 r--s 00010000 fd:02 4587590                    /home/ike/.gradle/caches/modules-2/files-2.1/com.101tec/zkclient/0.10/c54d4b5a5e89af75a80b6d5857400165ce5188d0/zkclient-0.10.jar
7fb12da37000-7fb12da55000 r--s 00143000 fd:02 3670645                    /home/ike/.m2/repository/com/alibaba/dubbo/2.5.4-SNAPSHOT/dubbo-2.5.4-SNAPSHOT.jar
7fb12da55000-7fb12da59000 r--s 0002f000 fd:02 3670137                    /home/ike/.gradle/caches/modules-2/files-2.1/commons-io/commons-io/2.5/2852e6e05fbb95076fc091f6d1780f1f8fe35e0f/commons-io-2.5.jar
7fb12da59000-7fb12da88000 r--s 00239000 fd:02 5376285                    /home/ike/.gradle/caches/modules-2/files-2.1/com.google.guava/guava/21.0/3a3d111be1be1b745edfa7d91678a12d7ed38709/guava-21.0.jar
7fb12da88000-7fb12da8b000 r--s 00015000 fd:02 3807983                    /home/ike/.m2/repository/javax/servlet/javax.servlet-api/3.1.0/javax.servlet-api-3.1.0.jar
7fb12da8b000-7fb12da9c000 r--s 000cf000 fd:02 6031563                    /home/ike/.gradle/caches/modules-2/files-2.1/org.springframework/spring-webmvc/4.3.7.RELEASE/d25b11a605589f176e3ecf1dcae62a991a18b377/spring-webmvc-4.3.7.RELEASE.jar
7fb12da9c000-7fb12dab5000 r--s 001af000 fd:02 4587991                    /home/ike/.gradle/caches/modules-2/files-2.1/org.aspectj/aspectjweaver/1.8.9/db28774f477f07220eac18d5ec9c4e01f48589d7/aspectjweaver-1.8.9.jar
7fb12dab5000-7fb12dab9000 r--s 00019000 fd:02 4587747                    /home/ike/.gradle/caches/modules-2/files-2.1/org.aspectj/aspectjrt/1.8.9/87372d9e2323313bec24b09a325bfea8ae0eb867/aspectjrt-1.8.9.jar
7fb12dab9000-7fb12dac1000 r--s 0006e000 fd:02 3670118                    /home/ike/.gradle/caches/modules-2/files-2.1/org.apache.commons/commons-lang3/3.5/6c6c702c89bfff3cd9e80b04d668c5e190d588c6/commons-lang3-3.5.jar
7fb12dac1000-7fb12dac6000 r--s 00061000 fd:02 3670330                    /home/ike/.gradle/caches/modules-2/files-2.1/com.alibaba/fastjson/1.2.23/be2508e9bac203c38f3f52fc8d33332c4e7ee6c5/fastjson-1.2.23.jar
7fb12dac6000-7fb12dad9000 r--s 00345000 fd:02 2100473                    /home/ike/soft/jdk1.8/jre/lib/resources.jar
7fb12dad9000-7fb12dadc000 ---p 00000000 00:00 0 
7fb12dadc000-7fb12dbda000 rw-p 00000000 00:00 0 
7fb12dbda000-7fb12dbdd000 ---p 00000000 00:00 0 
7fb12dbdd000-7fb12dcdb000 rw-p 00000000 00:00 0 
7fb12dcdb000-7fb12dcde000 ---p 00000000 00:00 0 
7fb12dcde000-7fb12dddc000 rw-p 00000000 00:00 0 
7fb12dddc000-7fb12dde0000 r-xp 00000000 fd:02 2100248                    /home/ike/soft/jdk1.8/jre/lib/amd64/libdt_socket.so
7fb12dde0000-7fb12dfdf000 ---p 00004000 fd:02 2100248                    /home/ike/soft/jdk1.8/jre/lib/amd64/libdt_socket.so
7fb12dfdf000-7fb12dfe0000 rw-p 00003000 fd:02 2100248                    /home/ike/soft/jdk1.8/jre/lib/amd64/libdt_socket.so
7fb12dfe0000-7fb12dfe3000 ---p 00000000 00:00 0 
7fb12dfe3000-7fb12e0e1000 rw-p 00000000 00:00 0 
7fb12e0e1000-7fb12e0e4000 ---p 00000000 00:00 0 
7fb12e0e4000-7fb12e1e2000 rw-p 00000000 00:00 0 
7fb12e1e2000-7fb12e1e5000 ---p 00000000 00:00 0 
7fb12e1e5000-7fb12e2e3000 rw-p 00000000 00:00 0 
7fb12e2e3000-7fb12e2e4000 ---p 00000000 00:00 0 
7fb12e2e4000-7fb132467000 rw-p 00000000 00:00 0 
7fb132467000-7fb132c97000 rwxp 00000000 00:00 0 
7fb132c97000-7fb141467000 ---p 00000000 00:00 0 
7fb141467000-7fb148000000 r--p 00000000 fd:00 2885042                    /usr/lib/locale/locale-archive
7fb148000000-7fb149051000 rw-p 00000000 00:00 0 
7fb149051000-7fb14c000000 ---p 00000000 00:00 0 
7fb14c000000-7fb14c002000 r--s 00009000 fd:02 4460443                    /home/ike/.gradle/caches/modules-2/files-2.1/org.slf4j/slf4j-api/1.7.24/3f6b4bd4f8dbe8d4bea06d107a3826469b85c3e9/slf4j-api-1.7.24.jar
7fb14c002000-7fb14c004000 r--s 00009000 fd:02 6031573                    /home/ike/.gradle/caches/modules-2/files-2.1/org.apache.httpcomponents/httpmime/4.5.3/889fd6d061bb63b99dd5c6aba35a555ae863de52/httpmime-4.5.3.jar
7fb14c004000-7fb14c011000 r--s 000aa000 fd:02 3807591                    /home/ike/.gradle/caches/modules-2/files-2.1/org.apache.httpcomponents/httpclient/4.5.3/d1577ae15f01ef5438c5afc62162457c00a34713/httpclient-4.5.3.jar
7fb14c011000-7fb14c024000 r--s 000d6000 fd:02 2100468                    /home/ike/soft/jdk1.8/jre/lib/plugin.jar
7fb14c024000-7fb14c03f000 r--s 00208000 fd:02 2100407                    /home/ike/soft/jdk1.8/jre/lib/deploy.jar
7fb14c03f000-7fb14cc4b000 rw-p 00000000 00:00 0 
7fb14cc4b000-7fb14ce24000 r--s 03d29000 fd:02 2100521                    /home/ike/soft/jdk1.8/jre/lib/rt.jar
7fb14ce24000-7fb14da72000 rw-p 00000000 00:00 0 
7fb14da72000-7fb14da73000 ---p 00000000 00:00 0 
7fb14da73000-7fb14db73000 rw-p 00000000 00:00 0 
7fb14db73000-7fb14db74000 ---p 00000000 00:00 0 
7fb14db74000-7fb14dc74000 rw-p 00000000 00:00 0 
7fb14dc74000-7fb14dc75000 ---p 00000000 00:00 0 
7fb14dc75000-7fb14dd75000 rw-p 00000000 00:00 0 
7fb14dd75000-7fb14dd76000 ---p 00000000 00:00 0 
7fb14dd76000-7fb14de90000 rw-p 00000000 00:00 0 
7fb14de90000-7fb14e106000 ---p 00000000 00:00 0 
7fb14e106000-7fb14e120000 rw-p 00000000 00:00 0 
7fb14e120000-7fb14e396000 ---p 00000000 00:00 0 
7fb14e396000-7fb14e45e000 rw-p 00000000 00:00 0 
7fb14e45e000-7fb14e4de000 ---p 00000000 00:00 0 
7fb14e4de000-7fb14e500000 rw-p 00000000 00:00 0 
7fb14e500000-7fb14e89f000 ---p 00000000 00:00 0 
7fb14e89f000-7fb14e8b9000 r-xp 00000000 fd:02 2100263                    /home/ike/soft/jdk1.8/jre/lib/amd64/libzip.so
7fb14e8b9000-7fb14eab9000 ---p 0001a000 fd:02 2100263                    /home/ike/soft/jdk1.8/jre/lib/amd64/libzip.so
7fb14eab9000-7fb14eaba000 rw-p 0001a000 fd:02 2100263                    /home/ike/soft/jdk1.8/jre/lib/amd64/libzip.so
7fb14eaba000-7fb14eac4000 r-xp 00000000 fd:00 2891856                    /usr/lib64/libnss_files-2.24.so
7fb14eac4000-7fb14ecc4000 ---p 0000a000 fd:00 2891856                    /usr/lib64/libnss_files-2.24.so
7fb14ecc4000-7fb14ecc5000 r--p 0000a000 fd:00 2891856                    /usr/lib64/libnss_files-2.24.so
7fb14ecc5000-7fb14ecc6000 rw-p 0000b000 fd:00 2891856                    /usr/lib64/libnss_files-2.24.so
7fb14ecc6000-7fb14eccc000 rw-p 00000000 00:00 0 
7fb14eccc000-7fb14ecd6000 r-xp 00000000 fd:02 2100232                    /home/ike/soft/jdk1.8/jre/lib/amd64/libinstrument.so
7fb14ecd6000-7fb14eed5000 ---p 0000a000 fd:02 2100232                    /home/ike/soft/jdk1.8/jre/lib/amd64/libinstrument.so
7fb14eed5000-7fb14eed6000 rw-p 00009000 fd:02 2100232                    /home/ike/soft/jdk1.8/jre/lib/amd64/libinstrument.so
7fb14eed6000-7fb14eed8000 r-xp 00000000 fd:02 2100241                    /home/ike/soft/jdk1.8/jre/lib/amd64/libnpt.so
7fb14eed8000-7fb14f0d8000 ---p 00002000 fd:02 2100241                    /home/ike/soft/jdk1.8/jre/lib/amd64/libnpt.so
7fb14f0d8000-7fb14f0d9000 rw-p 00002000 fd:02 2100241                    /home/ike/soft/jdk1.8/jre/lib/amd64/libnpt.so
7fb14f0d9000-7fb14f112000 r-xp 00000000 fd:02 2100224                    /home/ike/soft/jdk1.8/jre/lib/amd64/libjdwp.so
7fb14f112000-7fb14f311000 ---p 00039000 fd:02 2100224                    /home/ike/soft/jdk1.8/jre/lib/amd64/libjdwp.so
7fb14f311000-7fb14f313000 rw-p 00038000 fd:02 2100224                    /home/ike/soft/jdk1.8/jre/lib/amd64/libjdwp.so
7fb14f313000-7fb14f33d000 r-xp 00000000 fd:02 2100286                    /home/ike/soft/jdk1.8/jre/lib/amd64/libjava.so
7fb14f33d000-7fb14f53d000 ---p 0002a000 fd:02 2100286                    /home/ike/soft/jdk1.8/jre/lib/amd64/libjava.so
7fb14f53d000-7fb14f53f000 rw-p 0002a000 fd:02 2100286                    /home/ike/soft/jdk1.8/jre/lib/amd64/libjava.so
7fb14f53f000-7fb14f54c000 r-xp 00000000 fd:02 2100257                    /home/ike/soft/jdk1.8/jre/lib/amd64/libverify.so
7fb14f54c000-7fb14f74c000 ---p 0000d000 fd:02 2100257                    /home/ike/soft/jdk1.8/jre/lib/amd64/libverify.so
7fb14f74c000-7fb14f74e000 rw-p 0000d000 fd:02 2100257                    /home/ike/soft/jdk1.8/jre/lib/amd64/libverify.so
7fb14f74e000-7fb14f755000 r-xp 00000000 fd:00 2891975                    /usr/lib64/librt-2.24.so
7fb14f755000-7fb14f954000 ---p 00007000 fd:00 2891975                    /usr/lib64/librt-2.24.so
7fb14f954000-7fb14f955000 r--p 00006000 fd:00 2891975                    /usr/lib64/librt-2.24.so
7fb14f955000-7fb14f956000 rw-p 00007000 fd:00 2891975                    /usr/lib64/librt-2.24.so
7fb14f956000-7fb14fa5e000 r-xp 00000000 fd:00 2891438                    /usr/lib64/libm-2.24.so
7fb14fa5e000-7fb14fc5d000 ---p 00108000 fd:00 2891438                    /usr/lib64/libm-2.24.so
7fb14fc5d000-7fb14fc5e000 r--p 00107000 fd:00 2891438                    /usr/lib64/libm-2.24.so
7fb14fc5e000-7fb14fc5f000 rw-p 00108000 fd:00 2891438                    /usr/lib64/libm-2.24.so
7fb14fc5f000-7fb15092a000 r-xp 00000000 fd:02 2100238                    /home/ike/soft/jdk1.8/jre/lib/amd64/server/libjvm.so
7fb15092a000-7fb150b29000 ---p 00ccb000 fd:02 2100238                    /home/ike/soft/jdk1.8/jre/lib/amd64/server/libjvm.so
7fb150b29000-7fb150c02000 rw-p 00cca000 fd:02 2100238                    /home/ike/soft/jdk1.8/jre/lib/amd64/server/libjvm.so
7fb150c02000-7fb150c4d000 rw-p 00000000 00:00 0 
7fb150c4d000-7fb150e0a000 r-xp 00000000 fd:00 2891285                    /usr/lib64/libc-2.24.so
7fb150e0a000-7fb151009000 ---p 001bd000 fd:00 2891285                    /usr/lib64/libc-2.24.so
7fb151009000-7fb15100d000 r--p 001bc000 fd:00 2891285                    /usr/lib64/libc-2.24.so
7fb15100d000-7fb15100f000 rw-p 001c0000 fd:00 2891285                    /usr/lib64/libc-2.24.so
7fb15100f000-7fb151013000 rw-p 00000000 00:00 0 
7fb151013000-7fb151016000 r-xp 00000000 fd:00 2891382                    /usr/lib64/libdl-2.24.so
7fb151016000-7fb151215000 ---p 00003000 fd:00 2891382                    /usr/lib64/libdl-2.24.so
7fb151215000-7fb151216000 r--p 00002000 fd:00 2891382                    /usr/lib64/libdl-2.24.so
7fb151216000-7fb151217000 rw-p 00003000 fd:00 2891382                    /usr/lib64/libdl-2.24.so
7fb151217000-7fb15122c000 r-xp 00000000 fd:02 2098935                    /home/ike/soft/jdk1.8/lib/amd64/jli/libjli.so
7fb15122c000-7fb15142c000 ---p 00015000 fd:02 2098935                    /home/ike/soft/jdk1.8/lib/amd64/jli/libjli.so
7fb15142c000-7fb15142d000 rw-p 00015000 fd:02 2098935                    /home/ike/soft/jdk1.8/lib/amd64/jli/libjli.so
7fb15142d000-7fb151445000 r-xp 00000000 fd:00 2891857                    /usr/lib64/libpthread-2.24.so
7fb151445000-7fb151645000 ---p 00018000 fd:00 2891857                    /usr/lib64/libpthread-2.24.so
7fb151645000-7fb151646000 r--p 00018000 fd:00 2891857                    /usr/lib64/libpthread-2.24.so
7fb151646000-7fb151647000 rw-p 00019000 fd:00 2891857                    /usr/lib64/libpthread-2.24.so
7fb151647000-7fb15164b000 rw-p 00000000 00:00 0 
7fb15164b000-7fb151670000 r-xp 00000000 fd:00 2894298                    /usr/lib64/ld-2.24.so
7fb151670000-7fb151671000 r--s 00000000 fd:02 3542163                    /home/ike/.gradle/caches/modules-2/files-2.1/org.springframework.cloud/spring-cloud-starter-hystrix/1.3.0.RELEASE/8bc51104df10aae613f0887d589005e22f987bb9/spring-cloud-starter-hystrix-1.3.0.RELEASE.jar
7fb151671000-7fb151675000 r--s 00097000 fd:02 2100406                    /home/ike/soft/jdk1.8/jre/lib/jsse.jar
7fb151675000-7fb15167a000 r--s 00084000 fd:02 2100412                    /home/ike/soft/jdk1.8/jre/lib/jfr.jar
7fb15167a000-7fb151684000 r--s 0006c000 fd:02 2100376                    /home/ike/soft/jdk1.8/jre/lib/javaws.jar
7fb151684000-7fb151755000 rw-p 00000000 00:00 0 
7fb151755000-7fb151758000 ---p 00000000 00:00 0 
7fb151758000-7fb151858000 rw-p 00000000 00:00 0 
7fb151858000-7fb151859000 r--s 00000000 fd:02 6031559                    /home/ike/.gradle/caches/modules-2/files-2.1/org.springframework.boot/spring-boot-starter-web/1.5.2.RELEASE/27f29876980c079b46be16b759eafe92720f3338/spring-boot-starter-web-1.5.2.RELEASE.jar
7fb151859000-7fb15185a000 r--s 00000000 fd:02 2100401                    /home/ike/soft/jdk1.8/jre/lib/management-agent.jar
7fb15185a000-7fb15185c000 r--s 00007000 fd:02 2100375                    /home/ike/soft/jdk1.8/jre/lib/jfxswt.jar
7fb15185c000-7fb15185f000 r--s 0001a000 fd:02 2100204                    /home/ike/soft/jdk1.8/jre/lib/jce.jar
7fb15185f000-7fb151864000 r--s 002f9000 fd:02 2100432                    /home/ike/soft/jdk1.8/jre/lib/charsets.jar
7fb151864000-7fb15186c000 rw-s 00000000 00:29 2009775                    /tmp/hsperfdata_ike/24966
7fb15186c000-7fb15186d000 rw-p 00000000 00:00 0 
7fb15186d000-7fb15186e000 ---p 00000000 00:00 0 
7fb15186e000-7fb151870000 rw-p 00000000 00:00 0 
7fb151870000-7fb151871000 r--p 00025000 fd:00 2894298                    /usr/lib64/ld-2.24.so
7fb151871000-7fb151872000 rw-p 00026000 fd:00 2894298                    /usr/lib64/ld-2.24.so
7fb151872000-7fb151873000 rw-p 00000000 00:00 0 
7fff595a9000-7fff595ce000 rw-p 00000000 00:00 0                          [stack]
7fff595f2000-7fff595f4000 r--p 00000000 00:00 0                          [vvar]
7fff595f4000-7fff595f6000 r-xp 00000000 00:00 0                          [vdso]
ffffffffff600000-ffffffffff601000 r-xp 00000000 00:00 0                  [vsyscall]

VM Arguments:
jvm_args: -agentlib:jdwp=transport=dt_socket,address=127.0.0.1:34685,suspend=y,server=n -XX:TieredStopAtLevel=1 -Xverify:none -Dspring.output.ansi.enabled=always -javaagent:/home/ike/soft/idea-IU-171.4424.56/plugins/Groovy/lib/agent/gragent.jar -Dfile.encoding=UTF-8 
java_command: com.bjike.goddess.market.Application
java_class_path (initial): /home/ike/soft/jdk1.8/jre/lib/charsets.jar:/home/ike/soft/jdk1.8/jre/lib/deploy.jar:/home/ike/soft/jdk1.8/jre/lib/ext/cldrdata.jar:/home/ike/soft/jdk1.8/jre/lib/ext/dnsns.jar:/home/ike/soft/jdk1.8/jre/lib/ext/jaccess.jar:/home/ike/soft/jdk1.8/jre/lib/ext/jfxrt.jar:/home/ike/soft/jdk1.8/jre/lib/ext/localedata.jar:/home/ike/soft/jdk1.8/jre/lib/ext/nashorn.jar:/home/ike/soft/jdk1.8/jre/lib/ext/sunec.jar:/home/ike/soft/jdk1.8/jre/lib/ext/sunjce_provider.jar:/home/ike/soft/jdk1.8/jre/lib/ext/sunpkcs11.jar:/home/ike/soft/jdk1.8/jre/lib/ext/zipfs.jar:/home/ike/soft/jdk1.8/jre/lib/javaws.jar:/home/ike/soft/jdk1.8/jre/lib/jce.jar:/home/ike/soft/jdk1.8/jre/lib/jfr.jar:/home/ike/soft/jdk1.8/jre/lib/jfxswt.jar:/home/ike/soft/jdk1.8/jre/lib/jsse.jar:/home/ike/soft/jdk1.8/jre/lib/management-agent.jar:/home/ike/soft/jdk1.8/jre/lib/plugin.jar:/home/ike/soft/jdk1.8/jre/lib/resources.jar:/home/ike/soft/jdk1.8/jre/lib/rt.jar:/home/ike/code/goddess-java/modules/market/market-consumer/build/classes/main:/home/ike/code/goddess-java/modules/market/market-consumer/build/resources/main:/home/ike/code/goddess-java/common/common-consumer/build/classes/main:/home/ike/code/goddess-java/modules/market/market-api/build/classes/main:/home/ike/code/goddess-java/common/common-utils/build/classes/main:/home/ike/.gradle/caches/modules-2/files-2.1/org.springframework.boot/spring-boot-starter-web/1.5.2.RELEASE/27f29876980c079b46be16b759eafe92720f3338/spring-boot-starter-web-1.5.2.RELEASE.jar:/home/ike/code/goddess-java/common/common-api/build/classes/main:/home/ike/code/goddess-java/modules/user/user-api/build/classes/main:/home/ike/code/goddess-java/modules/storage/storage-api/build/classes/main:/home/ike/.gradle/caches/modules-2/files-2.1/org.apache.httpcomponents/httpclient/4.5.3/d1577ae15f01ef5438c5afc62162457c00a34713/httpclient-4.5.3.jar:/home/ike/.gradle/caches/modules-2/files-2.1/org.apache.httpcomponents/httpmime/4.5.3/889fd6d061bb63b99dd5c6aba35a555ae863de52/httpmi
Launcher Type: SUN_STANDARD

Environment Variables:
JAVA_HOME=/home/ike/soft/jdk1.8
PATH=/home/ike/soft/gradle/bin:/home/ike/soft/maven3.3.9/bin:/home/ike/soft/jdk1.8/bin:/home/ike/soft/jdk1.8/bin:/home/ike/soft/gradle/bin:/home/ike/soft/maven3.3.9/bin:/usr/lib64/qt-3.3/bin:/usr/local/bin:/usr/local/sbin:/usr/bin:/usr/sbin:/home/ike/.local/bin:/home/ike/bin
USERNAME=ike
LD_LIBRARY_PATH=/home/ike/soft/idea-IU-171.4424.56/bin:
SHELL=/bin/bash
DISPLAY=:0

Signal Handlers:
SIGSEGV: [libjvm.so+0xac4790], sa_mask[0]=11111111011111111101111111111110, sa_flags=SA_RESTART|SA_SIGINFO
SIGBUS: [libjvm.so+0xac4790], sa_mask[0]=11111111011111111101111111111110, sa_flags=SA_RESTART|SA_SIGINFO
SIGFPE: [libjvm.so+0x91f140], sa_mask[0]=11111111011111111101111111111110, sa_flags=SA_RESTART|SA_SIGINFO
SIGPIPE: [libjvm.so+0x91f140], sa_mask[0]=11111111011111111101111111111110, sa_flags=SA_RESTART|SA_SIGINFO
SIGXFSZ: [libjvm.so+0x91f140], sa_mask[0]=11111111011111111101111111111110, sa_flags=SA_RESTART|SA_SIGINFO
SIGILL: [libjvm.so+0x91f140], sa_mask[0]=11111111011111111101111111111110, sa_flags=SA_RESTART|SA_SIGINFO
SIGUSR1: SIG_DFL, sa_mask[0]=00000000000000000000000000000000, sa_flags=none
SIGUSR2: [libjvm.so+0x920770], sa_mask[0]=00100000000000000000000000000000, sa_flags=SA_RESTART|SA_SIGINFO
SIGHUP: [libjvm.so+0x921b70], sa_mask[0]=11111111011111111101111111111110, sa_flags=SA_RESTART|SA_SIGINFO
SIGINT: [libjvm.so+0x921b70], sa_mask[0]=11111111011111111101111111111110, sa_flags=SA_RESTART|SA_SIGINFO
SIGTERM: [libjvm.so+0x921b70], sa_mask[0]=11111111011111111101111111111110, sa_flags=SA_RESTART|SA_SIGINFO
SIGQUIT: [libjvm.so+0x921b70], sa_mask[0]=11111111011111111101111111111110, sa_flags=SA_RESTART|SA_SIGINFO


---------------  S Y S T E M  ---------------

OS:Fedora release 25 (Twenty Five)

uname:Linux 4.8.6-300.fc25.x86_64 #1 SMP Tue Nov 1 12:36:38 UTC 2016 x86_64
libc:glibc 2.24 NPTL 2.24 
rlimit: STACK 8192k, CORE 0k, NPROC 31367, NOFILE 4096, AS infinity
load average:6.22 3.44 2.07

/proc/meminfo:
MemTotal:        8053800 kB
MemFree:          115648 kB
MemAvailable:      20200 kB
Buffers:             412 kB
Cached:           116352 kB
SwapCached:         2316 kB
Active:          6643228 kB
Inactive:         865640 kB
Active(anon):    6637252 kB
Inactive(anon):   859864 kB
Active(file):       5976 kB
Inactive(file):     5776 kB
Unevictable:          72 kB
Mlocked:              72 kB
SwapTotal:       8187900 kB
SwapFree:              0 kB
Dirty:                56 kB
Writeback:             0 kB
AnonPages:       7391908 kB
Mapped:            88756 kB
Shmem:            104592 kB
Slab:             208292 kB
SReclaimable:      70096 kB
SUnreclaim:       138196 kB
KernelStack:       36208 kB
PageTables:       105640 kB
NFS_Unstable:          0 kB
Bounce:                0 kB
WritebackTmp:          0 kB
CommitLimit:    12214800 kB
Committed_AS:   26320764 kB
VmallocTotal:   34359738367 kB
VmallocUsed:           0 kB
VmallocChunk:          0 kB
HardwareCorrupted:     0 kB
AnonHugePages:         0 kB
ShmemHugePages:        0 kB
ShmemPmdMapped:        0 kB
CmaTotal:              0 kB
CmaFree:               0 kB
HugePages_Total:       0
HugePages_Free:        0
HugePages_Rsvd:        0
HugePages_Surp:        0
Hugepagesize:       2048 kB
DirectMap4k:      287908 kB
DirectMap2M:     7979008 kB
DirectMap1G:           0 kB


CPU:total 4 (4 cores per cpu, 1 threads per core) family 6 model 94 stepping 3, cmov, cx8, fxsr, mmx, sse, sse2, sse3, ssse3, sse4.1, sse4.2, popcnt, avx, avx2, aes, clmul, erms, rtm, 3dnowpref, lzcnt, tsc, tscinvbit, bmi1, bmi2, adx

/proc/cpuinfo:
processor	: 0
vendor_id	: GenuineIntel
cpu family	: 6
model		: 94
model name	: Intel(R) Core(TM) i5-6500 CPU @ 3.20GHz
stepping	: 3
microcode	: 0x9e
cpu MHz		: 3273.632
cache size	: 6144 KB
physical id	: 0
siblings	: 4
core id		: 0
cpu cores	: 4
apicid		: 0
initial apicid	: 0
fpu		: yes
fpu_exception	: yes
cpuid level	: 22
wp		: yes
flags		: fpu vme de pse tsc msr pae mce cx8 apic sep mtrr pge mca cmov pat pse36 clflush dts acpi mmx fxsr sse sse2 ss ht tm pbe syscall nx pdpe1gb rdtscp lm constant_tsc art arch_perfmon pebs bts rep_good nopl xtopology nonstop_tsc aperfmperf eagerfpu pni pclmulqdq dtes64 monitor ds_cpl vmx smx est tm2 ssse3 sdbg fma cx16 xtpr pdcm pcid sse4_1 sse4_2 x2apic movbe popcnt tsc_deadline_timer aes xsave avx f16c rdrand lahf_lm abm 3dnowprefetch intel_pt tpr_shadow vnmi flexpriority ept vpid fsgsbase tsc_adjust bmi1 hle avx2 smep bmi2 erms invpcid rtm mpx rdseed adx smap clflushopt xsaveopt xsavec xgetbv1 xsaves dtherm ida arat pln pts hwp hwp_notify hwp_act_window hwp_epp
bugs		:
bogomips	: 6384.00
clflush size	: 64
cache_alignment	: 64
address sizes	: 39 bits physical, 48 bits virtual
power management:

processor	: 1
vendor_id	: GenuineIntel
cpu family	: 6
model		: 94
model name	: Intel(R) Core(TM) i5-6500 CPU @ 3.20GHz
stepping	: 3
microcode	: 0x9e
cpu MHz		: 3246.679
cache size	: 6144 KB
physical id	: 0
siblings	: 4
core id		: 1
cpu cores	: 4
apicid		: 2
initial apicid	: 2
fpu		: yes
fpu_exception	: yes
cpuid level	: 22
wp		: yes
flags		: fpu vme de pse tsc msr pae mce cx8 apic sep mtrr pge mca cmov pat pse36 clflush dts acpi mmx fxsr sse sse2 ss ht tm pbe syscall nx pdpe1gb rdtscp lm constant_tsc art arch_perfmon pebs bts rep_good nopl xtopology nonstop_tsc aperfmperf eagerfpu pni pclmulqdq dtes64 monitor ds_cpl vmx smx est tm2 ssse3 sdbg fma cx16 xtpr pdcm pcid sse4_1 sse4_2 x2apic movbe popcnt tsc_deadline_timer aes xsave avx f16c rdrand lahf_lm abm 3dnowprefetch intel_pt tpr_shadow vnmi flexpriority ept vpid fsgsbase tsc_adjust bmi1 hle avx2 smep bmi2 erms invpcid rtm mpx rdseed adx smap clflushopt xsaveopt xsavec xgetbv1 xsaves dtherm ida arat pln pts hwp hwp_notify hwp_act_window hwp_epp
bugs		:
bogomips	: 6387.70
clflush size	: 64
cache_alignment	: 64
address sizes	: 39 bits physical, 48 bits virtual
power management:

processor	: 2
vendor_id	: GenuineIntel
cpu family	: 6
model		: 94
model name	: Intel(R) Core(TM) i5-6500 CPU @ 3.20GHz
stepping	: 3
microcode	: 0x9e
cpu MHz		: 3262.109
cache size	: 6144 KB
physical id	: 0
siblings	: 4
core id		: 2
cpu cores	: 4
apicid		: 4
initial apicid	: 4
fpu		: yes
fpu_exception	: yes
cpuid level	: 22
wp		: yes
flags		: fpu vme de pse tsc msr pae mce cx8 apic sep mtrr pge mca cmov pat pse36 clflush dts acpi mmx fxsr sse sse2 ss ht tm pbe syscall nx pdpe1gb rdtscp lm constant_tsc art arch_perfmon pebs bts rep_good nopl xtopology nonstop_tsc aperfmperf eagerfpu pni pclmulqdq dtes64 monitor ds_cpl vmx smx est tm2 ssse3 sdbg fma cx16 xtpr pdcm pcid sse4_1 sse4_2 x2apic movbe popcnt tsc_deadline_timer aes xsave avx f16c rdrand lahf_lm abm 3dnowprefetch intel_pt tpr_shadow vnmi flexpriority ept vpid fsgsbase tsc_adjust bmi1 hle avx2 smep bmi2 erms invpcid rtm mpx rdseed adx smap clflushopt xsaveopt xsavec xgetbv1 xsaves dtherm ida arat pln pts hwp hwp_notify hwp_act_window hwp_epp
bugs		:
bogomips	: 6387.76
clflush size	: 64
cache_alignment	: 64
address sizes	: 39 bits physical, 48 bits virtual
power management:

processor	: 3
vendor_id	: GenuineIntel
cpu family	: 6
model		: 94
model name	: Intel(R) Core(TM) i5-6500 CPU @ 3.20GHz
stepping	: 3
microcode	: 0x9e
cpu MHz		: 3237.695
cache size	: 6144 KB
physical id	: 0
siblings	: 4
core id		: 3
cpu cores	: 4
apicid		: 6
initial apicid	: 6
fpu		: yes
fpu_exception	: yes
cpuid level	: 22
wp		: yes
flags		: fpu vme de pse tsc msr pae mce cx8 apic sep mtrr pge mca cmov pat pse36 clflush dts acpi mmx fxsr sse sse2 ss ht tm pbe syscall nx pdpe1gb rdtscp lm constant_tsc art arch_perfmon pebs bts rep_good nopl xtopology nonstop_tsc aperfmperf eagerfpu pni pclmulqdq dtes64 monitor ds_cpl vmx smx est tm2 ssse3 sdbg fma cx16 xtpr pdcm pcid sse4_1 sse4_2 x2apic movbe popcnt tsc_deadline_timer aes xsave avx f16c rdrand lahf_lm abm 3dnowprefetch intel_pt tpr_shadow vnmi flexpriority ept vpid fsgsbase tsc_adjust bmi1 hle avx2 smep bmi2 erms invpcid rtm mpx rdseed adx smap clflushopt xsaveopt xsavec xgetbv1 xsaves dtherm ida arat pln pts hwp hwp_notify hwp_act_window hwp_epp
bugs		:
bogomips	: 6387.70
clflush size	: 64
cache_alignment	: 64
address sizes	: 39 bits physical, 48 bits virtual
power management:



Memory: 4k page, physical 8053800k(115000k free), swap 8187900k(0k free)

vm_info: Java HotSpot(TM) 64-Bit Server VM (25.101-b13) for linux-amd64 JRE (1.8.0_101-b13), built on Jun 22 2016 02:59:44 by "java_re" with gcc 4.3.0 20080428 (Red Hat 4.3.0-8)

time: Sat Jun 17 14:04:37 2017
elapsed time: 11 seconds (0d 0h 0m 11s)

