#
# There is insufficient memory for the Java Runtime Environment to continue.
# Native memory allocation (mmap) failed to map 101711872 bytes for committing reserved memory.
# Possible reasons:
#   The system is out of physical RAM or swap space
#   In 32 bit mode, the process size limit was hit
# Possible solutions:
#   Reduce memory load on the system
#   Increase physical memory or swap space
#   Check if swap backing store is full
#   Use 64 bit Java on a 64 bit OS
#   Decrease Java heap size (-Xmx/-Xms)
#   Decrease number of Java threads
#   Decrease Java thread stack sizes (-Xss)
#   Set larger code cache with -XX:ReservedCodeCacheSize=
# This output file may be truncated or incomplete.
#
#  Out of Memory Error (os_linux.cpp:2627), pid=14392, tid=0x00007fe55bd7a700
#
# JRE version: Java(TM) SE Runtime Environment (8.0_101-b13) (build 1.8.0_101-b13)
# Java VM: Java HotSpot(TM) 64-Bit Server VM (25.101-b13 mixed mode linux-amd64 compressed oops)
# Failed to write core dump. Core dumps have been disabled. To enable core dumping, try "ulimit -c unlimited" before starting Java again
#

---------------  T H R E A D  ---------------

Current thread (0x00007fe588148000):  VMThread [stack: 0x00007fe55bc7a000,0x00007fe55bd7b000] [id=14403]

Stack: [0x00007fe55bc7a000,0x00007fe55bd7b000],  sp=0x00007fe55bd79120,  free space=1020k
Native frames: (J=compiled Java code, j=interpreted, Vv=VM code, C=native code)
V  [libjvm.so+0xac3f0a]  VMError::report_and_die()+0x2ba
V  [libjvm.so+0x4fbf9b]  report_vm_out_of_memory(char const*, int, unsigned long, VMErrorType, char const*)+0x8b
V  [libjvm.so+0x9222d3]  os::Linux::commit_memory_impl(char*, unsigned long, bool)+0x103
V  [libjvm.so+0x922829]  os::pd_commit_memory(char*, unsigned long, unsigned long, bool)+0x29
V  [libjvm.so+0x91cb2a]  os::commit_memory(char*, unsigned long, unsigned long, bool)+0x2a
V  [libjvm.so+0x991053]  PSVirtualSpace::expand_by(unsigned long)+0x53
V  [libjvm.so+0x992458]  PSYoungGen::resize_generation(unsigned long, unsigned long)+0xf8
V  [libjvm.so+0x9915b2]  PSYoungGen::resize(unsigned long, unsigned long)+0x22
V  [libjvm.so+0x98e88b]  PSScavenge::invoke_no_policy()+0xf3b
V  [libjvm.so+0x98f011]  PSScavenge::invoke()+0x41
V  [libjvm.so+0x945fc0]  ParallelScavengeHeap::failed_mem_allocate(unsigned long)+0x70
V  [libjvm.so+0xac5927]  VM_ParallelGCFailedAllocation::doit()+0x97
V  [libjvm.so+0xacd405]  VM_Operation::evaluate()+0x55
V  [libjvm.so+0xacb7da]  VMThread::evaluate_operation(VM_Operation*)+0xba
V  [libjvm.so+0xacbb5e]  VMThread::loop()+0x1ce
V  [libjvm.so+0xacbfd0]  VMThread::run()+0x70
V  [libjvm.so+0x924698]  java_start(Thread*)+0x108

VM_Operation (0x00007fe5233f80d0): ParallelGCFailedAllocation, mode: safepoint, requested by thread 0x00007fe5886df000


---------------  P R O C E S S  ---------------

Java Threads: ( => current thread )
  0x00007fe50800e800 JavaThread "main-EventThread" daemon [_thread_blocked, id=25971, stack(0x00007fe5207d8000,0x00007fe5208d9000)]
  0x00007fe50800d000 JavaThread "main-SendThread(localhost:2181)" daemon [_thread_in_native, id=25970, stack(0x00007fe5208d9000,0x00007fe5209da000)]
  0x00007fe4f0004000 JavaThread "DubboClientHandler-172.17.0.1:51301-thread-4" daemon [_thread_blocked, id=25898, stack(0x00007fe5209da000,0x00007fe520adb000)]
  0x00007fe4f4006000 JavaThread "DubboClientHandler-172.17.0.1:51301-thread-3" daemon [_thread_blocked, id=25897, stack(0x00007fe520adb000,0x00007fe520bdc000)]
  0x00007fe4ec00c800 JavaThread "DubboClientHandler-172.17.0.1:51705-thread-10" daemon [_thread_blocked, id=25896, stack(0x00007fe5210df000,0x00007fe5211e0000)]
  0x00007fe4ec009000 JavaThread "DubboClientHandler-172.17.0.1:51705-thread-9" daemon [_thread_blocked, id=25883, stack(0x00007fe520edd000,0x00007fe520fde000)]
  0x00007fe4f8007000 JavaThread "DubboClientHandler-172.17.0.1:51701-thread-2" daemon [_thread_blocked, id=25803, stack(0x00007fe520fde000,0x00007fe5210df000)]
  0x00007fe50000f000 JavaThread "DubboClientHandler-172.17.0.1:51621-thread-12" daemon [_thread_blocked, id=25798, stack(0x00007fe520bdc000,0x00007fe520cdd000)]
  0x00007fe51c0b7000 JavaThread "http-nio-51622-exec-10" daemon [_thread_blocked, id=18863, stack(0x00007fe5211e0000,0x00007fe5212e1000)]
  0x00007fe514004000 JavaThread "http-nio-51622-exec-9" daemon [_thread_blocked, id=18862, stack(0x00007fe55a7c9000,0x00007fe55a8ca000)]
  0x00007fe51c0b6000 JavaThread "http-nio-51622-exec-8" daemon [_thread_blocked, id=18752, stack(0x00007fe5212e1000,0x00007fe5213e2000)]
  0x00007fe51c0b5800 JavaThread "http-nio-51622-exec-7" daemon [_thread_blocked, id=18673, stack(0x00007fe5213e2000,0x00007fe5214e3000)]
  0x00007fe514003000 JavaThread "http-nio-51622-exec-6" daemon [_thread_blocked, id=18672, stack(0x00007fe5214e3000,0x00007fe5215e4000)]
  0x00007fe51c0b4800 JavaThread "http-nio-51622-exec-5" daemon [_thread_blocked, id=18660, stack(0x00007fe558312000,0x00007fe558413000)]
  0x00007fe514002000 JavaThread "http-nio-51622-exec-4" daemon [_thread_blocked, id=18659, stack(0x00007fe5222eb000,0x00007fe5223ec000)]
  0x00007fe51c0b4000 JavaThread "http-nio-51622-exec-3" daemon [_thread_blocked, id=18649, stack(0x00007fe5224ed000,0x00007fe5225ee000)]
  0x00007fe51c0b1800 JavaThread "http-nio-51622-exec-2" daemon [_thread_blocked, id=18478, stack(0x00007fe5221ea000,0x00007fe5222eb000)]
  0x00007fe51400b800 JavaThread "http-nio-51622-exec-1" daemon [_thread_blocked, id=18477, stack(0x00007fe5229f0000,0x00007fe522af1000)]
  0x00007fe5898f2000 JavaThread "http-nio-51622-AsyncTimeout" daemon [_thread_blocked, id=14525, stack(0x00007fe5217e4000,0x00007fe5218e5000)]
  0x00007fe5898f0800 JavaThread "http-nio-51622-Acceptor-0" daemon [_thread_in_native, id=14524, stack(0x00007fe5218e5000,0x00007fe5219e6000)]
  0x00007fe5898ee000 JavaThread "http-nio-51622-ClientPoller-1" daemon [_thread_blocked, id=14523, stack(0x00007fe5219e6000,0x00007fe521ae7000)]
  0x00007fe5898e0000 JavaThread "http-nio-51622-ClientPoller-0" daemon [_thread_blocked, id=14522, stack(0x00007fe521ae7000,0x00007fe521be8000)]
  0x00007fe5898be800 JavaThread "NioBlockingSelector.BlockPoller-1" daemon [_thread_blocked, id=14521, stack(0x00007fe521be8000,0x00007fe521ce9000)]
  0x00007fe589507000 JavaThread "DubboResponseTimeoutScanTimer" daemon [_thread_blocked, id=14467, stack(0x00007fe5220e9000,0x00007fe5221ea000)]
  0x00007fe58871f000 JavaThread "dubbo-remoting-client-heartbeat-thread-2" daemon [_thread_blocked, id=14460, stack(0x00007fe5223ec000,0x00007fe5224ed000)]
  0x00007fe58871e800 JavaThread "DubboClientReconnectTimer-thread-2" daemon [_thread_blocked, id=14456, stack(0x00007fe5225ee000,0x00007fe5226ef000)]
  0x00007fe588f75000 JavaThread "dubbo-remoting-client-heartbeat-thread-1" daemon [_thread_blocked, id=14455, stack(0x00007fe5228ef000,0x00007fe5229f0000)]
  0x000000000175a800 JavaThread "Hashed wheel timer #1" [_thread_blocked, id=14451, stack(0x00007fe522af1000,0x00007fe522bf2000)]
  0x00007fe588cc9800 JavaThread "DubboClientReconnectTimer-thread-1" daemon [_thread_blocked, id=14450, stack(0x00007fe522bf2000,0x00007fe522cf3000)]
  0x00007fe588db1800 JavaThread "New I/O boss #6" daemon [_thread_blocked, id=14449, stack(0x00007fe522cf3000,0x00007fe522df4000)]
  0x00007fe588d80800 JavaThread "New I/O worker #5" daemon [_thread_blocked, id=14448, stack(0x00007fe522df4000,0x00007fe522ef5000)]
  0x00007fe588d7f000 JavaThread "New I/O worker #4" daemon [_thread_blocked, id=14447, stack(0x00007fe522ef5000,0x00007fe522ff6000)]
  0x00007fe58905f800 JavaThread "New I/O worker #3" daemon [_thread_blocked, id=14446, stack(0x00007fe522ff6000,0x00007fe5230f7000)]
  0x00007fe5891ce000 JavaThread "New I/O worker #2" daemon [_thread_blocked, id=14445, stack(0x00007fe5230f7000,0x00007fe5231f8000)]
  0x00007fe5891cd000 JavaThread "New I/O worker #1" daemon [_thread_blocked, id=14444, stack(0x00007fe5231f8000,0x00007fe5232f9000)]
  0x00007fe5886df000 JavaThread "DubboSaveRegistryCache-thread-1" daemon [_thread_blocked, id=14443, stack(0x00007fe5232f9000,0x00007fe5233fa000)]
  0x00007fe58869f800 JavaThread "ZkClient-EventThread-24-localhost:2181" daemon [_thread_blocked, id=14440, stack(0x00007fe5235fc000,0x00007fe5236fd000)]
  0x00007fe5886f9800 JavaThread "DubboRegistryFailedRetryTimer-thread-1" daemon [_thread_blocked, id=14439, stack(0x00007fe5236fd000,0x00007fe5237fe000)]
  0x00007fe588e50000 JavaThread "container-0" [_thread_blocked, id=14438, stack(0x00007fe5239fe000,0x00007fe523aff000)]
  0x00007fe588e4f000 JavaThread "ContainerBackgroundProcessor[StandardEngine[Tomcat]]" daemon [_thread_blocked, id=14437, stack(0x00007fe523aff000,0x00007fe523c00000)]
  0x00007fe5886a3000 JavaThread "Service Thread" daemon [_thread_blocked, id=14420, stack(0x00007fe55abec000,0x00007fe55aced000)]
  0x00007fe588697800 JavaThread "C1 CompilerThread2" daemon [_thread_blocked, id=14419, stack(0x00007fe55aced000,0x00007fe55adee000)]
  0x00007fe588694800 JavaThread "C2 CompilerThread1" daemon [_thread_blocked, id=14418, stack(0x00007fe55adee000,0x00007fe55aeef000)]
  0x00007fe588693000 JavaThread "C2 CompilerThread0" daemon [_thread_blocked, id=14417, stack(0x00007fe55aeef000,0x00007fe55aff0000)]
  0x00007fe548001000 JavaThread "JDWP Command Reader" daemon [_thread_in_native, id=14415, stack(0x00007fe55b470000,0x00007fe55b571000)]
  0x00007fe588199800 JavaThread "JDWP Event Helper Thread" daemon [_thread_blocked, id=14412, stack(0x00007fe55b571000,0x00007fe55b672000)]
  0x00007fe588196000 JavaThread "JDWP Transport Listener: dt_socket" daemon [_thread_blocked, id=14410, stack(0x00007fe55b672000,0x00007fe55b773000)]
  0x00007fe588186000 JavaThread "Signal Dispatcher" daemon [_thread_blocked, id=14409, stack(0x00007fe55b977000,0x00007fe55ba78000)]
  0x00007fe588154800 JavaThread "Finalizer" daemon [_thread_blocked, id=14408, stack(0x00007fe55ba78000,0x00007fe55bb79000)]
  0x00007fe588150000 JavaThread "Reference Handler" daemon [_thread_blocked, id=14407, stack(0x00007fe55bb79000,0x00007fe55bc7a000)]
  0x00007fe588012800 JavaThread "main" [_thread_in_native, id=14394, stack(0x00007fe58f10f000,0x00007fe58f210000)]

Other Threads:
=>0x00007fe588148000 VMThread [stack: 0x00007fe55bc7a000,0x00007fe55bd7b000] [id=14403]
  0x00007fe5886a8000 WatcherThread [stack: 0x00007fe55aaeb000,0x00007fe55abec000] [id=14421]

VM state:at safepoint (normal execution)

VM Mutex/Monitor currently owned by a thread:  ([mutex/lock_event])
[0x00007fe588009840] Threads_lock - owner thread: 0x00007fe588148000
[0x00007fe588009d40] Heap_lock - owner thread: 0x00007fe5886df000

Heap:
 PSYoungGen      total 542720K, used 1408K [0x00000000d7000000, 0x00000000f9f00000, 0x0000000100000000)
  eden space 518144K, 0% used [0x00000000d7000000,0x00000000d7000000,0x00000000f6a00000)
  from space 24576K, 5% used [0x00000000f6f00000,0x00000000f7060000,0x00000000f8700000)
  to   space 19456K, 0% used [0x00000000f8c00000,0x00000000f8c00000,0x00000000f9f00000)
 ParOldGen       total 79872K, used 26836K [0x0000000085000000, 0x0000000089e00000, 0x00000000d7000000)
  object space 79872K, 33% used [0x0000000085000000,0x0000000086a351c8,0x0000000089e00000)
 Metaspace       used 46126K, capacity 47022K, committed 47360K, reserved 1091584K
  class space    used 5406K, capacity 5574K, committed 5632K, reserved 1048576K

Card table byte_map: [0x00007fe571cce000,0x00007fe5720a7000] byte_map_base: 0x00007fe5718a6000

Marking Bits: (ParMarkBitMap*) 0x00007fe58e5da120
 Begin Bits: [0x00007fe55c280000, 0x00007fe55e140000)
 End Bits:   [0x00007fe55e140000, 0x00007fe560000000)

Polling page: 0x00007fe58f227000

CodeCache: size=245760Kb used=20852Kb max_used=20867Kb free=224907Kb
 bounds [0x00007fe572467000, 0x00007fe5738f7000, 0x00007fe581467000]
 total_blobs=6079 nmethods=5599 adapters=401
 compilation: enabled

Compilation events (10 events):
Event: 60723.898 Thread 0x00007fe588693000 nmethod 6974 0x00007fe572965e10 code [0x00007fe572966080, 0x00007fe572967488]
Event: 60723.898 Thread 0x00007fe588693000 6977       4       java.lang.CharacterDataLatin1::digit (91 bytes)
Event: 60723.901 Thread 0x00007fe588693000 nmethod 6977 0x00007fe5738e0990 code [0x00007fe5738e0ae0, 0x00007fe5738e0bf8]
Event: 60723.901 Thread 0x00007fe588694800 nmethod 6976 0x00007fe572964110 code [0x00007fe572964300, 0x00007fe572964fc8]
Event: 60725.546 Thread 0x00007fe588693000 6978       4       ch.qos.logback.classic.spi.StackTraceElementProxy::getSTEAsString (38 bytes)
Event: 60725.714 Thread 0x00007fe588693000 nmethod 6978 0x00007fe5738e51d0 code [0x00007fe5738e54a0, 0x00007fe5738e7b78]
Event: 60725.731 Thread 0x00007fe588694800 6979       4       java.lang.AbstractStringBuilder::append (29 bytes)
Event: 60725.734 Thread 0x00007fe588694800 nmethod 6979 0x00007fe5729699d0 code [0x00007fe572969b40, 0x00007fe572969e58]
Event: 60725.812 Thread 0x00007fe588693000 6980       4       java.lang.AbstractStringBuilder::append (62 bytes)
Event: 60725.839 Thread 0x00007fe588693000 nmethod 6980 0x00007fe57296a750 code [0x00007fe57296a900, 0x00007fe57296b3d8]

GC Heap History (10 events):
Event: 5.792 GC heap after
Heap after GC invocations=12 (full 1):
 PSYoungGen      total 266752K, used 4751K [0x00000000d7000000, 0x00000000f0180000, 0x0000000100000000)
  eden space 247808K, 0% used [0x00000000d7000000,0x00000000d7000000,0x00000000e6200000)
  from space 18944K, 25% used [0x00000000e6200000,0x00000000e66a3c68,0x00000000e7480000)
  to   space 18944K, 0% used [0x00000000eef00000,0x00000000eef00000,0x00000000f0180000)
 ParOldGen       total 61440K, used 22969K [0x0000000085000000, 0x0000000088c00000, 0x00000000d7000000)
  object space 61440K, 37% used [0x0000000085000000,0x000000008666e468,0x0000000088c00000)
 Metaspace       used 34900K, capacity 35222K, committed 35496K, reserved 1081344K
  class space    used 4160K, capacity 4234K, committed 4352K, reserved 1048576K
}
Event: 5.792 GC heap before
{Heap before GC invocations=13 (full 2):
 PSYoungGen      total 266752K, used 4751K [0x00000000d7000000, 0x00000000f0180000, 0x0000000100000000)
  eden space 247808K, 0% used [0x00000000d7000000,0x00000000d7000000,0x00000000e6200000)
  from space 18944K, 25% used [0x00000000e6200000,0x00000000e66a3c68,0x00000000e7480000)
  to   space 18944K, 0% used [0x00000000eef00000,0x00000000eef00000,0x00000000f0180000)
 ParOldGen       total 61440K, used 22969K [0x0000000085000000, 0x0000000088c00000, 0x00000000d7000000)
  object space 61440K, 37% used [0x0000000085000000,0x000000008666e468,0x0000000088c00000)
 Metaspace       used 34900K, capacity 35222K, committed 35496K, reserved 1081344K
  class space    used 4160K, capacity 4234K, committed 4352K, reserved 1048576K
Event: 5.850 GC heap after
Heap after GC invocations=13 (full 2):
 PSYoungGen      total 266752K, used 0K [0x00000000d7000000, 0x00000000f0180000, 0x0000000100000000)
  eden space 247808K, 0% used [0x00000000d7000000,0x00000000d7000000,0x00000000e6200000)
  from space 18944K, 0% used [0x00000000e6200000,0x00000000e6200000,0x00000000e7480000)
  to   space 18944K, 0% used [0x00000000eef00000,0x00000000eef00000,0x00000000f0180000)
 ParOldGen       total 79872K, used 18149K [0x0000000085000000, 0x0000000089e00000, 0x00000000d7000000)
  object space 79872K, 22% used [0x0000000085000000,0x00000000861b9768,0x0000000089e00000)
 Metaspace       used 34900K, capacity 35222K, committed 35496K, reserved 1081344K
  class space    used 4160K, capacity 4234K, committed 4352K, reserved 1048576K
}
Event: 7.682 GC heap before
{Heap before GC invocations=14 (full 2):
 PSYoungGen      total 266752K, used 247808K [0x00000000d7000000, 0x00000000f0180000, 0x0000000100000000)
  eden space 247808K, 100% used [0x00000000d7000000,0x00000000e6200000,0x00000000e6200000)
  from space 18944K, 0% used [0x00000000e6200000,0x00000000e6200000,0x00000000e7480000)
  to   space 18944K, 0% used [0x00000000eef00000,0x00000000eef00000,0x00000000f0180000)
 ParOldGen       total 79872K, used 18149K [0x0000000085000000, 0x0000000089e00000, 0x00000000d7000000)
  object space 79872K, 22% used [0x0000000085000000,0x00000000861b9768,0x0000000089e00000)
 Metaspace       used 39290K, capacity 39988K, committed 40192K, reserved 1085440K
  class space    used 4715K, capacity 4827K, committed 4864K, reserved 1048576K
Event: 7.695 GC heap after
Heap after GC invocations=14 (full 2):
 PSYoungGen      total 374784K, used 7020K [0x00000000d7000000, 0x00000000ef800000, 0x0000000100000000)
  eden space 365568K, 0% used [0x00000000d7000000,0x00000000d7000000,0x00000000ed500000)
  from space 9216K, 76% used [0x00000000eef00000,0x00000000ef5db010,0x00000000ef800000)
  to   space 17920K, 0% used [0x00000000ed500000,0x00000000ed500000,0x00000000ee680000)
 ParOldGen       total 79872K, used 18157K [0x0000000085000000, 0x0000000089e00000, 0x00000000d7000000)
  object space 79872K, 22% used [0x0000000085000000,0x00000000861bb768,0x0000000089e00000)
 Metaspace       used 39290K, capacity 39988K, committed 40192K, reserved 1085440K
  class space    used 4715K, capacity 4827K, committed 4864K, reserved 1048576K
}
Event: 8.773 GC heap before
{Heap before GC invocations=15 (full 2):
 PSYoungGen      total 374784K, used 372588K [0x00000000d7000000, 0x00000000ef800000, 0x0000000100000000)
  eden space 365568K, 100% used [0x00000000d7000000,0x00000000ed500000,0x00000000ed500000)
  from space 9216K, 76% used [0x00000000eef00000,0x00000000ef5db010,0x00000000ef800000)
  to   space 17920K, 0% used [0x00000000ed500000,0x00000000ed500000,0x00000000ee680000)
 ParOldGen       total 79872K, used 18157K [0x0000000085000000, 0x0000000089e00000, 0x00000000d7000000)
  object space 79872K, 22% used [0x0000000085000000,0x00000000861bb768,0x0000000089e00000)
 Metaspace       used 41094K, capacity 41818K, committed 41984K, reserved 1085440K
  class space    used 4911K, capacity 5052K, committed 5120K, reserved 1048576K
Event: 8.789 GC heap after
Heap after GC invocations=15 (full 2):
 PSYoungGen      total 383488K, used 17913K [0x00000000d7000000, 0x00000000fa180000, 0x0000000100000000)
  eden space 365568K, 0% used [0x00000000d7000000,0x00000000d7000000,0x00000000ed500000)
  from space 17920K, 99% used [0x00000000ed500000,0x00000000ee67e768,0x00000000ee680000)
  to   space 22016K, 0% used [0x00000000f8c00000,0x00000000f8c00000,0x00000000fa180000)
 ParOldGen       total 79872K, used 22042K [0x0000000085000000, 0x0000000089e00000, 0x00000000d7000000)
  object space 79872K, 27% used [0x0000000085000000,0x0000000086586998,0x0000000089e00000)
 Metaspace       used 41094K, capacity 41818K, committed 41984K, reserved 1085440K
  class space    used 4911K, capacity 5052K, committed 5120K, reserved 1048576K
}
Event: 2341.810 GC heap before
{Heap before GC invocations=16 (full 2):
 PSYoungGen      total 383488K, used 383481K [0x00000000d7000000, 0x00000000fa180000, 0x0000000100000000)
  eden space 365568K, 100% used [0x00000000d7000000,0x00000000ed500000,0x00000000ed500000)
  from space 17920K, 99% used [0x00000000ed500000,0x00000000ee67e768,0x00000000ee680000)
  to   space 22016K, 0% used [0x00000000f8c00000,0x00000000f8c00000,0x00000000fa180000)
 ParOldGen       total 79872K, used 22042K [0x0000000085000000, 0x0000000089e00000, 0x00000000d7000000)
  object space 79872K, 27% used [0x0000000085000000,0x0000000086586998,0x0000000089e00000)
 Metaspace       used 44726K, capacity 45548K, committed 45696K, reserved 1089536K
  class space    used 5308K, capacity 5460K, committed 5504K, reserved 1048576K
Event: 2342.791 GC heap after
Heap after GC invocations=16 (full 2):
 PSYoungGen      total 537600K, used 18954K [0x00000000d7000000, 0x00000000f9f00000, 0x0000000100000000)
  eden space 518144K, 0% used [0x00000000d7000000,0x00000000d7000000,0x00000000f6a00000)
  from space 19456K, 97% used [0x00000000f8c00000,0x00000000f9e82958,0x00000000f9f00000)
  to   space 24576K, 0% used [0x00000000f6f00000,0x00000000f6f00000,0x00000000f8700000)
 ParOldGen       total 79872K, used 23798K [0x0000000085000000, 0x0000000089e00000, 0x00000000d7000000)
  object space 79872K, 29% used [0x0000000085000000,0x000000008673d9d8,0x0000000089e00000)
 Metaspace       used 44726K, capacity 45548K, committed 45696K, reserved 1089536K
  class space    used 5308K, capacity 5460K, committed 5504K, reserved 1048576K
}
Event: 60726.065 GC heap before
{Heap before GC invocations=17 (full 2):
 PSYoungGen      total 537600K, used 537098K [0x00000000d7000000, 0x00000000f9f00000, 0x0000000100000000)
  eden space 518144K, 100% used [0x00000000d7000000,0x00000000f6a00000,0x00000000f6a00000)
  from space 19456K, 97% used [0x00000000f8c00000,0x00000000f9e82958,0x00000000f9f00000)
  to   space 24576K, 0% used [0x00000000f6f00000,0x00000000f6f00000,0x00000000f8700000)
 ParOldGen       total 79872K, used 23798K [0x0000000085000000, 0x0000000089e00000, 0x00000000d7000000)
  object space 79872K, 29% used [0x0000000085000000,0x000000008673d9d8,0x0000000089e00000)
 Metaspace       used 46126K, capacity 47022K, committed 47360K, reserved 1091584K
  class space    used 5406K, capacity 5574K, committed 5632K, reserved 1048576K

Deoptimization events (10 events):
Event: 60702.495 Thread 0x00007fe5891ce000 Uncommon trap: reason=unstable_if action=reinterpret pc=0x00007fe572a35c50 method=sun.nio.ch.SelectionKeyImpl.ensureValid()V @ 4
Event: 60705.034 Thread 0x00007fe588d7f000 Uncommon trap: reason=class_check action=maybe_recompile pc=0x00007fe5736c2ccc method=org.jboss.netty.channel.socket.nio.AbstractNioSelector.processTaskQueue()V @ 9
Event: 60706.331 Thread 0x00007fe58883e000 Uncommon trap: reason=unstable_if action=reinterpret pc=0x00007fe572fe34cc method=org.apache.zookeeper.ZooKeeper$States.isAlive()Z @ 4
Event: 60706.348 Thread 0x00007fe58869f800 Uncommon trap: reason=unstable_if action=reinterpret pc=0x00007fe57286fd94 method=java.util.concurrent.ConcurrentHashMap$KeySetView.iterator()Ljava/util/Iterator; @ 11
Event: 60706.702 Thread 0x00007fe50800d000 Uncommon trap: reason=unstable_if action=reinterpret pc=0x00007fe57375266c method=sun.nio.ch.Util$BufferCache.get(I)Ljava/nio/ByteBuffer; @ 26
Event: 60707.468 Thread 0x00007fe5886f9800 Uncommon trap: reason=unstable_if action=reinterpret pc=0x00007fe572c59190 method=com.alibaba.dubbo.registry.support.FailbackRegistry.retry()V @ 9
Event: 60710.970 Thread 0x00007fe50800d000 Uncommon trap: reason=unstable_if action=reinterpret pc=0x00007fe572c55374 method=org.apache.zookeeper.ClientCnxn$SendThread.readResponse(Ljava/nio/ByteBuffer;)V @ 227
Event: 60717.596 Thread 0x00007fe5886df000 Uncommon trap: reason=unstable_if action=reinterpret pc=0x00007fe572bd1498 method=java.util.Properties$LineReader.readLine()I @ 93
Event: 60717.604 Thread 0x00007fe5886f9800 Uncommon trap: reason=unstable_if action=reinterpret pc=0x00007fe5737629f8 method=sun.nio.ch.EPollSelectorImpl.wakeup()Ljava/nio/channels/Selector; @ 11
Event: 60720.447 Thread 0x00007fe50800d000 Uncommon trap: reason=unstable_if action=reinterpret pc=0x00007fe5737311b0 method=sun.nio.ch.Util$BufferCache.get(I)Ljava/nio/ByteBuffer; @ 26

Internal exceptions (10 events):
Event: 60402.689 Thread 0x00007fe58905f800 Exception <a 'java/lang/NullPointerException'> (0x00000000e4fc03c8) thrown at [/HUDSON3/workspace/8-2-build-linux-amd64/jdk8u101/7261/hotspot/src/share/vm/runtime/sharedRuntime.cpp, line 605]
Event: 60404.284 Thread 0x00007fe5891cd000 Implicit null exception at 0x00007fe572bdb161 to 0x00007fe572bdba02
Event: 60404.452 Thread 0x00007fe5891cd000 Exception <a 'java/lang/NullPointerException'> (0x00000000e5882478) thrown at [/HUDSON3/workspace/8-2-build-linux-amd64/jdk8u101/7261/hotspot/src/share/vm/runtime/sharedRuntime.cpp, line 605]
Event: 60404.999 Thread 0x00007fe588d9d800 Implicit null exception at 0x00007fe57371fca0 to 0x00007fe5737227d5
Event: 60429.147 Thread 0x00007fe5891ce000 Implicit null exception at 0x00007fe572bdb78c to 0x00007fe572bdbaa3
Event: 60429.770 Thread 0x00007fe5891ce000 Exception <a 'java/lang/NullPointerException'> (0x00000000e5aab880) thrown at [/HUDSON3/workspace/8-2-build-linux-amd64/jdk8u101/7261/hotspot/src/share/vm/runtime/sharedRuntime.cpp, line 605]
Event: 60453.500 Thread 0x00007fe588d7f000 Implicit null exception at 0x00007fe572bdb161 to 0x00007fe572bdba02
Event: 60453.640 Thread 0x00007fe588d7f000 Exception <a 'java/lang/NullPointerException'> (0x00000000e55cbf88) thrown at [/HUDSON3/workspace/8-2-build-linux-amd64/jdk8u101/7261/hotspot/src/share/vm/runtime/sharedRuntime.cpp, line 605]
Event: 60667.890 Thread 0x00007fe5891cd000 Implicit null exception at 0x00007fe57305ae4c to 0x00007fe57305af93
Event: 60667.903 Thread 0x00007fe588d80800 Implicit null exception at 0x00007fe57305ae4c to 0x00007fe57305af93

Events (10 events):
Event: 60725.995 Thread 0x00007fe5886df000 DEOPT UNPACKING pc=0x00007fe5724ae633 sp=0x00007fe5233f82f0 mode 1
Event: 60725.997 Thread 0x00007fe5886df000 DEOPT PACKING pc=0x00007fe5738b6054 sp=0x00007fe5233f83d0
Event: 60725.997 Thread 0x00007fe5886df000 DEOPT UNPACKING pc=0x00007fe5724ae633 sp=0x00007fe5233f82f0 mode 1
Event: 60725.999 Thread 0x00007fe5886df000 DEOPT PACKING pc=0x00007fe5738b6054 sp=0x00007fe5233f83d0
Event: 60725.999 Thread 0x00007fe5886df000 DEOPT UNPACKING pc=0x00007fe5724ae633 sp=0x00007fe5233f82f0 mode 1
Event: 60726.008 Thread 0x00007fe5886df000 DEOPT PACKING pc=0x00007fe5738b6054 sp=0x00007fe5233f83d0
Event: 60726.008 Thread 0x00007fe5886df000 DEOPT UNPACKING pc=0x00007fe5724ae633 sp=0x00007fe5233f82f0 mode 1
Event: 60726.017 Thread 0x00007fe5886df000 DEOPT PACKING pc=0x00007fe5738b6054 sp=0x00007fe5233f83d0
Event: 60726.017 Thread 0x00007fe5886df000 DEOPT UNPACKING pc=0x00007fe5724ae633 sp=0x00007fe5233f82f0 mode 1
Event: 60726.055 Executing VM operation: ParallelGCFailedAllocation


Dynamic libraries:
00400000-00401000 r-xp 00000000 fd:02 2100689                            /home/ike/soft/jdk1.8/bin/java
00600000-00601000 rw-p 00000000 fd:02 2100689                            /home/ike/soft/jdk1.8/bin/java
01754000-01775000 rw-p 00000000 00:00 0                                  [heap]
85000000-89e00000 rw-p 00000000 00:00 0 
89e00000-d7000000 ---p 00000000 00:00 0 
d7000000-f9f00000 rw-p 00000000 00:00 0 
100000000-100580000 rw-p 00000000 00:00 0 
100580000-140000000 ---p 00000000 00:00 0 
7fe4ec000000-7fe4ec021000 rw-p 00000000 00:00 0 
7fe4ec021000-7fe4f0000000 ---p 00000000 00:00 0 
7fe4f0000000-7fe4f0021000 rw-p 00000000 00:00 0 
7fe4f0021000-7fe4f4000000 ---p 00000000 00:00 0 
7fe4f4000000-7fe4f4024000 rw-p 00000000 00:00 0 
7fe4f4024000-7fe4f8000000 ---p 00000000 00:00 0 
7fe4f8000000-7fe4f8021000 rw-p 00000000 00:00 0 
7fe4f8021000-7fe4fc000000 ---p 00000000 00:00 0 
7fe4fc000000-7fe4fc10f000 rw-p 00000000 00:00 0 
7fe4fc10f000-7fe500000000 ---p 00000000 00:00 0 
7fe500000000-7fe500069000 rw-p 00000000 00:00 0 
7fe500069000-7fe504000000 ---p 00000000 00:00 0 
7fe504000000-7fe504029000 rw-p 00000000 00:00 0 
7fe504029000-7fe508000000 ---p 00000000 00:00 0 
7fe508000000-7fe508049000 rw-p 00000000 00:00 0 
7fe508049000-7fe50c000000 ---p 00000000 00:00 0 
7fe50c000000-7fe50c28e000 rw-p 00000000 00:00 0 
7fe50c28e000-7fe510000000 ---p 00000000 00:00 0 
7fe510000000-7fe510021000 rw-p 00000000 00:00 0 
7fe510021000-7fe514000000 ---p 00000000 00:00 0 
7fe514000000-7fe514021000 rw-p 00000000 00:00 0 
7fe514021000-7fe518000000 ---p 00000000 00:00 0 
7fe518000000-7fe518021000 rw-p 00000000 00:00 0 
7fe518021000-7fe51c000000 ---p 00000000 00:00 0 
7fe51c000000-7fe51c37c000 rw-p 00000000 00:00 0 
7fe51c37c000-7fe520000000 ---p 00000000 00:00 0 
7fe5207d8000-7fe5207db000 ---p 00000000 00:00 0 
7fe5207db000-7fe5208d9000 rw-p 00000000 00:00 0 
7fe5208d9000-7fe5208dc000 ---p 00000000 00:00 0 
7fe5208dc000-7fe5209da000 rw-p 00000000 00:00 0 
7fe5209da000-7fe5209dd000 ---p 00000000 00:00 0 
7fe5209dd000-7fe520adb000 rw-p 00000000 00:00 0 
7fe520adb000-7fe520ade000 ---p 00000000 00:00 0 
7fe520ade000-7fe520bdc000 rw-p 00000000 00:00 0 
7fe520bdc000-7fe520bdf000 ---p 00000000 00:00 0 
7fe520bdf000-7fe520d9d000 rw-p 00000000 00:00 0 
7fe520d9d000-7fe520edd000 ---p 00000000 00:00 0 
7fe520edd000-7fe520ee0000 ---p 00000000 00:00 0 
7fe520ee0000-7fe520fde000 rw-p 00000000 00:00 0 
7fe520fde000-7fe520fe1000 ---p 00000000 00:00 0 
7fe520fe1000-7fe5210df000 rw-p 00000000 00:00 0 
7fe5210df000-7fe5210e2000 ---p 00000000 00:00 0 
7fe5210e2000-7fe5211e0000 rw-p 00000000 00:00 0 
7fe5211e0000-7fe5211e3000 ---p 00000000 00:00 0 
7fe5211e3000-7fe5212e1000 rw-p 00000000 00:00 0 
7fe5212e1000-7fe5212e4000 ---p 00000000 00:00 0 
7fe5212e4000-7fe5213e2000 rw-p 00000000 00:00 0 
7fe5213e2000-7fe5213e5000 ---p 00000000 00:00 0 
7fe5213e5000-7fe5214e3000 rw-p 00000000 00:00 0 
7fe5214e3000-7fe5214e6000 ---p 00000000 00:00 0 
7fe5214e6000-7fe5217e4000 rw-p 00000000 00:00 0 
7fe5217e4000-7fe5217e7000 ---p 00000000 00:00 0 
7fe5217e7000-7fe5218e5000 rw-p 00000000 00:00 0 
7fe5218e5000-7fe5218e8000 ---p 00000000 00:00 0 
7fe5218e8000-7fe5219e6000 rw-p 00000000 00:00 0 
7fe5219e6000-7fe5219e9000 ---p 00000000 00:00 0 
7fe5219e9000-7fe521ae7000 rw-p 00000000 00:00 0 
7fe521ae7000-7fe521aea000 ---p 00000000 00:00 0 
7fe521aea000-7fe521be8000 rw-p 00000000 00:00 0 
7fe521be8000-7fe521beb000 ---p 00000000 00:00 0 
7fe521beb000-7fe521ee9000 rw-p 00000000 00:00 0 
7fe521ee9000-7fe5220e9000 rw-p 00000000 00:00 0 
7fe5220e9000-7fe5220ec000 ---p 00000000 00:00 0 
7fe5220ec000-7fe5221ea000 rw-p 00000000 00:00 0 
7fe5221ea000-7fe5221ed000 ---p 00000000 00:00 0 
7fe5221ed000-7fe5222eb000 rw-p 00000000 00:00 0 
7fe5222eb000-7fe5222ee000 ---p 00000000 00:00 0 
7fe5222ee000-7fe5223ec000 rw-p 00000000 00:00 0 
7fe5223ec000-7fe5223ef000 ---p 00000000 00:00 0 
7fe5223ef000-7fe5224ed000 rw-p 00000000 00:00 0 
7fe5224ed000-7fe5224f0000 ---p 00000000 00:00 0 
7fe5224f0000-7fe5225ee000 rw-p 00000000 00:00 0 
7fe5225ee000-7fe5225f1000 ---p 00000000 00:00 0 
7fe5225f1000-7fe5228ef000 rw-p 00000000 00:00 0 
7fe5228ef000-7fe5228f2000 ---p 00000000 00:00 0 
7fe5228f2000-7fe5229f0000 rw-p 00000000 00:00 0 
7fe5229f0000-7fe5229f3000 ---p 00000000 00:00 0 
7fe5229f3000-7fe522af1000 rw-p 00000000 00:00 0 
7fe522af1000-7fe522af4000 ---p 00000000 00:00 0 
7fe522af4000-7fe522bf2000 rw-p 00000000 00:00 0 
7fe522bf2000-7fe522bf5000 ---p 00000000 00:00 0 
7fe522bf5000-7fe522cf3000 rw-p 00000000 00:00 0 
7fe522cf3000-7fe522cf6000 ---p 00000000 00:00 0 
7fe522cf6000-7fe522df4000 rw-p 00000000 00:00 0 
7fe522df4000-7fe522df7000 ---p 00000000 00:00 0 
7fe522df7000-7fe522ef5000 rw-p 00000000 00:00 0 
7fe522ef5000-7fe522ef8000 ---p 00000000 00:00 0 
7fe522ef8000-7fe522ff6000 rw-p 00000000 00:00 0 
7fe522ff6000-7fe522ff9000 ---p 00000000 00:00 0 
7fe522ff9000-7fe5230f7000 rw-p 00000000 00:00 0 
7fe5230f7000-7fe5230fa000 ---p 00000000 00:00 0 
7fe5230fa000-7fe5231f8000 rw-p 00000000 00:00 0 
7fe5231f8000-7fe5231fb000 ---p 00000000 00:00 0 
7fe5231fb000-7fe5232f9000 rw-p 00000000 00:00 0 
7fe5232f9000-7fe5232fc000 ---p 00000000 00:00 0 
7fe5232fc000-7fe5233fa000 rw-p 00000000 00:00 0 
7fe5233fa000-7fe5233fd000 ---p 00000000 00:00 0 
7fe5233fd000-7fe5234fb000 rw-p 00000000 00:00 0 
7fe5234fb000-7fe5234fe000 ---p 00000000 00:00 0 
7fe5234fe000-7fe5235fc000 rw-p 00000000 00:00 0 
7fe5235fc000-7fe5235ff000 ---p 00000000 00:00 0 
7fe5235ff000-7fe5236fd000 rw-p 00000000 00:00 0 
7fe5236fd000-7fe523700000 ---p 00000000 00:00 0 
7fe523700000-7fe5239fe000 rw-p 00000000 00:00 0 
7fe5239fe000-7fe523a01000 ---p 00000000 00:00 0 
7fe523a01000-7fe523aff000 rw-p 00000000 00:00 0 
7fe523aff000-7fe523b02000 ---p 00000000 00:00 0 
7fe523b02000-7fe523e00000 rw-p 00000000 00:00 0 
7fe523e00000-7fe524000000 rw-p 00000000 00:00 0 
7fe524000000-7fe524021000 rw-p 00000000 00:00 0 
7fe524021000-7fe528000000 ---p 00000000 00:00 0 
7fe528000000-7fe52826c000 rw-p 00000000 00:00 0 
7fe52826c000-7fe52c000000 ---p 00000000 00:00 0 
7fe52c000000-7fe52d0dd000 rw-p 00000000 00:00 0 
7fe52d0dd000-7fe530000000 ---p 00000000 00:00 0 
7fe530000000-7fe5302b6000 rw-p 00000000 00:00 0 
7fe5302b6000-7fe534000000 ---p 00000000 00:00 0 
7fe534000000-7fe537ffc000 rw-p 00000000 00:00 0 
7fe537ffc000-7fe538000000 ---p 00000000 00:00 0 
7fe538000000-7fe53c000000 rw-p 00000000 00:00 0 
7fe53c000000-7fe53c0a2000 rw-p 00000000 00:00 0 
7fe53c0a2000-7fe540000000 ---p 00000000 00:00 0 
7fe540000000-7fe5400ba000 rw-p 00000000 00:00 0 
7fe5400ba000-7fe544000000 ---p 00000000 00:00 0 
7fe544000000-7fe544021000 rw-p 00000000 00:00 0 
7fe544021000-7fe548000000 ---p 00000000 00:00 0 
7fe548000000-7fe548021000 rw-p 00000000 00:00 0 
7fe548021000-7fe54c000000 ---p 00000000 00:00 0 
7fe54c000000-7fe54c021000 rw-p 00000000 00:00 0 
7fe54c021000-7fe550000000 ---p 00000000 00:00 0 
7fe550000000-7fe550021000 rw-p 00000000 00:00 0 
7fe550021000-7fe554000000 ---p 00000000 00:00 0 
7fe554000000-7fe554294000 rw-p 00000000 00:00 0 
7fe554294000-7fe558000000 ---p 00000000 00:00 0 
7fe55806b000-7fe55826b000 rw-p 00000000 00:00 0 
7fe5582f6000-7fe558312000 r--s 00393000 fd:02 2100430                    /home/ike/soft/jdk1.8/jre/lib/ext/cldrdata.jar
7fe558312000-7fe558315000 ---p 00000000 00:00 0 
7fe558315000-7fe558613000 rw-p 00000000 00:00 0 
7fe558613000-7fe558813000 rw-p 00000000 00:00 0 
7fe558813000-7fe558a13000 rw-p 00000000 00:00 0 
7fe558a13000-7fe558aa9000 r--s 01102000 fd:02 2100425                    /home/ike/soft/jdk1.8/jre/lib/ext/jfxrt.jar
7fe558aa9000-7fe558aba000 r-xp 00000000 fd:02 2100229                    /home/ike/soft/jdk1.8/jre/lib/amd64/libnio.so
7fe558aba000-7fe558cb9000 ---p 00011000 fd:02 2100229                    /home/ike/soft/jdk1.8/jre/lib/amd64/libnio.so
7fe558cb9000-7fe558cba000 rw-p 00010000 fd:02 2100229                    /home/ike/soft/jdk1.8/jre/lib/amd64/libnio.so
7fe558cba000-7fe558eba000 rw-p 00000000 00:00 0 
7fe558eba000-7fe5590ba000 rw-p 00000000 00:00 0 
7fe5590ba000-7fe5592ba000 rw-p 00000000 00:00 0 
7fe5592ba000-7fe5594ba000 rw-p 00000000 00:00 0 
7fe5594ba000-7fe5596ba000 rw-p 00000000 00:00 0 
7fe5596ba000-7fe5596c3000 r-xp 00000000 fd:02 2100283                    /home/ike/soft/jdk1.8/jre/lib/amd64/libmanagement.so
7fe5596c3000-7fe5598c2000 ---p 00009000 fd:02 2100283                    /home/ike/soft/jdk1.8/jre/lib/amd64/libmanagement.so
7fe5598c2000-7fe5598c3000 rw-p 00008000 fd:02 2100283                    /home/ike/soft/jdk1.8/jre/lib/amd64/libmanagement.so
7fe5598c3000-7fe559935000 r-xp 00000000 fd:00 2888714                    /usr/lib64/libpcre.so.1.2.8
7fe559935000-7fe559b34000 ---p 00072000 fd:00 2888714                    /usr/lib64/libpcre.so.1.2.8
7fe559b34000-7fe559b35000 r--p 00071000 fd:00 2888714                    /usr/lib64/libpcre.so.1.2.8
7fe559b35000-7fe559b36000 rw-p 00072000 fd:00 2888714                    /usr/lib64/libpcre.so.1.2.8
7fe559b36000-7fe559b4c000 r-xp 00000000 fd:00 2890778                    /usr/lib64/libgcc_s-6.3.1-20161221.so.1
7fe559b4c000-7fe559d4b000 ---p 00016000 fd:00 2890778                    /usr/lib64/libgcc_s-6.3.1-20161221.so.1
7fe559d4b000-7fe559d4c000 r--p 00015000 fd:00 2890778                    /usr/lib64/libgcc_s-6.3.1-20161221.so.1
7fe559d4c000-7fe559d4d000 rw-p 00016000 fd:00 2890778                    /usr/lib64/libgcc_s-6.3.1-20161221.so.1
7fe559d4d000-7fe559d51000 r-xp 00000000 fd:00 2892562                    /usr/lib64/libcap.so.2.25
7fe559d51000-7fe559f50000 ---p 00004000 fd:00 2892562                    /usr/lib64/libcap.so.2.25
7fe559f50000-7fe559f51000 r--p 00003000 fd:00 2892562                    /usr/lib64/libcap.so.2.25
7fe559f51000-7fe559f52000 rw-p 00004000 fd:00 2892562                    /usr/lib64/libcap.so.2.25
7fe559f52000-7fe559f75000 r-xp 00000000 fd:00 2892320                    /usr/lib64/libselinux.so.1
7fe559f75000-7fe55a175000 ---p 00023000 fd:00 2892320                    /usr/lib64/libselinux.so.1
7fe55a175000-7fe55a176000 r--p 00023000 fd:00 2892320                    /usr/lib64/libselinux.so.1
7fe55a176000-7fe55a177000 rw-p 00024000 fd:00 2892320                    /usr/lib64/libselinux.so.1
7fe55a177000-7fe55a179000 rw-p 00000000 00:00 0 
7fe55a179000-7fe55a18a000 r-xp 00000000 fd:00 2894368                    /usr/lib64/libnss_myhostname.so.2
7fe55a18a000-7fe55a18b000 ---p 00011000 fd:00 2894368                    /usr/lib64/libnss_myhostname.so.2
7fe55a18b000-7fe55a18d000 r--p 00011000 fd:00 2894368                    /usr/lib64/libnss_myhostname.so.2
7fe55a18d000-7fe55a18e000 rw-p 00013000 fd:00 2894368                    /usr/lib64/libnss_myhostname.so.2
7fe55a18e000-7fe55a1a5000 r-xp 00000000 fd:00 2891940                    /usr/lib64/libresolv-2.24.so
7fe55a1a5000-7fe55a3a5000 ---p 00017000 fd:00 2891940                    /usr/lib64/libresolv-2.24.so
7fe55a3a5000-7fe55a3a6000 r--p 00017000 fd:00 2891940                    /usr/lib64/libresolv-2.24.so
7fe55a3a6000-7fe55a3a7000 rw-p 00018000 fd:00 2891940                    /usr/lib64/libresolv-2.24.so
7fe55a3a7000-7fe55a3a9000 rw-p 00000000 00:00 0 
7fe55a3a9000-7fe55a3ae000 r-xp 00000000 fd:00 2891855                    /usr/lib64/libnss_dns-2.24.so
7fe55a3ae000-7fe55a5ae000 ---p 00005000 fd:00 2891855                    /usr/lib64/libnss_dns-2.24.so
7fe55a5ae000-7fe55a5af000 r--p 00005000 fd:00 2891855                    /usr/lib64/libnss_dns-2.24.so
7fe55a5af000-7fe55a5b0000 rw-p 00006000 fd:00 2891855                    /usr/lib64/libnss_dns-2.24.so
7fe55a5b0000-7fe55a5b2000 r-xp 00000000 fd:00 2893052                    /usr/lib64/libnss_mdns4_minimal.so.2
7fe55a5b2000-7fe55a7b1000 ---p 00002000 fd:00 2893052                    /usr/lib64/libnss_mdns4_minimal.so.2
7fe55a7b1000-7fe55a7b2000 r--p 00001000 fd:00 2893052                    /usr/lib64/libnss_mdns4_minimal.so.2
7fe55a7b2000-7fe55a7b3000 rw-p 00000000 00:00 0 
7fe55a7c0000-7fe55a7c4000 r--s 00097000 fd:02 2100406                    /home/ike/soft/jdk1.8/jre/lib/jsse.jar
7fe55a7c4000-7fe55a7c9000 r--s 002f9000 fd:02 2100432                    /home/ike/soft/jdk1.8/jre/lib/charsets.jar
7fe55a7c9000-7fe55a7cc000 ---p 00000000 00:00 0 
7fe55a7cc000-7fe55a8ca000 rw-p 00000000 00:00 0 
7fe55a8ca000-7fe55a8e0000 r-xp 00000000 fd:02 2100243                    /home/ike/soft/jdk1.8/jre/lib/amd64/libnet.so
7fe55a8e0000-7fe55aae0000 ---p 00016000 fd:02 2100243                    /home/ike/soft/jdk1.8/jre/lib/amd64/libnet.so
7fe55aae0000-7fe55aae1000 rw-p 00016000 fd:02 2100243                    /home/ike/soft/jdk1.8/jre/lib/amd64/libnet.so
7fe55aae1000-7fe55aaeb000 r--s 00116000 fd:02 2100424                    /home/ike/soft/jdk1.8/jre/lib/ext/localedata.jar
7fe55aaeb000-7fe55aaec000 ---p 00000000 00:00 0 
7fe55aaec000-7fe55abec000 rw-p 00000000 00:00 0 
7fe55abec000-7fe55abef000 ---p 00000000 00:00 0 
7fe55abef000-7fe55aced000 rw-p 00000000 00:00 0 
7fe55aced000-7fe55acf0000 ---p 00000000 00:00 0 
7fe55acf0000-7fe55adee000 rw-p 00000000 00:00 0 
7fe55adee000-7fe55adf1000 ---p 00000000 00:00 0 
7fe55adf1000-7fe55aeef000 rw-p 00000000 00:00 0 
7fe55aeef000-7fe55aef2000 ---p 00000000 00:00 0 
7fe55aef2000-7fe55aff0000 rw-p 00000000 00:00 0 
7fe55aff0000-7fe55aff2000 r--s 0000a000 fd:02 2103023                    /home/ike/soft/idea-IU-171.4424.56/plugins/Groovy/lib/agent/gragent.jar
7fe55aff2000-7fe55aff4000 r--s 0001a000 fd:02 2102710                    /home/ike/soft/idea-IU-171.4424.56/lib/idea_rt.jar
7fe55aff4000-7fe55aff6000 r--s 00005000 fd:02 2234244                    /home/ike/.m2/repository/stax/stax-api/1.0.1/stax-api-1.0.1.jar
7fe55aff6000-7fe55b001000 r--s 0006a000 fd:02 6424508                    /home/ike/.gradle/caches/modules-2/files-2.1/ch.qos.logback/logback-core/1.1.11/88b8df40340eed549fb07e2613879bf6b006704d/logback-core-1.1.11.jar
7fe55b001000-7fe55b03f000 r--s 0025d000 fd:02 2234241                    /home/ike/.m2/repository/org/apache/xmlbeans/xmlbeans/2.6.0/xmlbeans-2.6.0.jar
7fe55b03f000-7fe55b041000 r--s 00012000 fd:02 7735566                    /home/ike/.gradle/caches/modules-2/files-2.1/net.minidev/accessors-smart/1.1/a527213f2fea112a04c9bdf0ec0264e34104cd08/accessors-smart-1.1.jar
7fe55b041000-7fe55b052000 r--s 00096000 fd:02 5644044                    /home/ike/.gradle/caches/modules-2/files-2.1/org.bouncycastle/bcpkix-jdk15on/1.55/6392d8cba22b722c6570d660ca0b3921ff1bae4f/bcpkix-jdk15on-1.55.jar
7fe55b052000-7fe55b054000 r--s 0000c000 fd:02 5644042                    /home/ike/.gradle/caches/modules-2/files-2.1/org.springframework.security/spring-security-crypto/4.2.2.RELEASE/713ae22bcef55ae21ca1967d7cb217a1efab5dbf/spring-security-crypto-4.2.2.RELEASE.jar
7fe55b054000-7fe55b057000 r--s 0002b000 fd:02 4459269                    /home/ike/.gradle/caches/modules-2/files-2.1/org.jboss/jandex/2.0.0.Final/3e899258936f94649c777193e1be846387ed54b3/jandex-2.0.0.Final.jar
7fe55b057000-7fe55b05c000 r--s 00068000 fd:02 2103485                    /home/ike/.m2/repository/antlr/antlr/2.7.7/antlr-2.7.7.jar
7fe55b05c000-7fe55b05e000 r--s 00004000 fd:02 5248253                    /home/ike/.gradle/caches/modules-2/files-2.1/org.slf4j/log4j-over-slf4j/1.7.24/6ab46c51a3848286a0db3ba7b22037b3834c3c44/log4j-over-slf4j-1.7.24.jar
7fe55b05e000-7fe55b060000 r--s 00000000 fd:02 6424503                    /home/ike/.gradle/caches/modules-2/files-2.1/org.slf4j/jul-to-slf4j/1.7.24/25a2be668cb2ad1d05d76c0773df73b4b53617fd/jul-to-slf4j-1.7.24.jar
7fe55b060000-7fe55b062000 r--s 00003000 fd:02 6424515                    /home/ike/.gradle/caches/modules-2/files-2.1/org.slf4j/jcl-over-slf4j/1.7.24/e6a8629079856a2aa7862c6327ccf6dd1988d7fc/jcl-over-slf4j-1.7.24.jar
7fe55b062000-7fe55b069000 r--s 00045000 fd:02 6168269                    /home/ike/.gradle/caches/modules-2/files-2.1/ch.qos.logback/logback-classic/1.1.11/ccedfbacef4a6515d2983e3f89ed753d5d4fb665/logback-classic-1.1.11.jar
7fe55b069000-7fe55b06d000 r--s 00015000 fd:02 3542611                    /home/ike/.gradle/caches/modules-2/files-2.1/com.github.virtuald/curvesapi/1.04/3386abf821719bc89c7685f9eaafaf4a842f0199/curvesapi-1.04.jar
7fe55b06d000-7fe55b127000 r--s 004e0000 fd:02 7867893                    /home/ike/.gradle/caches/modules-2/files-2.1/org.apache.poi/poi-ooxml-schemas/3.16/9828a49307fc6bebfd42185b677d88b6e4994c63/poi-ooxml-schemas-3.16.jar
7fe55b127000-7fe55b137000 r--s 000a8000 fd:02 3542609                    /home/ike/.gradle/caches/modules-2/files-2.1/org.apache.commons/commons-collections4/4.1/a4cf4688fe1c7e3a63aa636cc96d013af537768e/commons-collections4-4.1.jar
7fe55b137000-7fe55b138000 r--s 00004000 fd:02 7735564                    /home/ike/.gradle/caches/modules-2/files-2.1/com.vaadin.external.google/android-json/0.0.20131108.vaadin1/fa26d351fe62a6a17f5cda1287c1c6110dec413f/android-json-0.0.20131108.vaadin1.jar
7fe55b138000-7fe55b13a000 r--s 00009000 fd:02 7735562                    /home/ike/.gradle/caches/modules-2/files-2.1/org.objenesis/objenesis/2.1/87c0ea803b69252868d09308b4618f766f135a96/objenesis-2.1.jar
7fe55b13a000-7fe55b13d000 r--s 0001b000 fd:02 7735560                    /home/ike/.gradle/caches/modules-2/files-2.1/net.minidev/json-smart/2.2.1/5b9e5df7a62d1279b70dc882b041d249c4f0b002/json-smart-2.2.1.jar
7fe55b13d000-7fe55b13f000 r--s 0000c000 fd:02 3670899                    /home/ike/.m2/repository/org/ow2/asm/asm/5.0.4/asm-5.0.4.jar
7fe55b13f000-7fe55b141000 r--s 00007000 fd:02 5644036                    /home/ike/.gradle/caches/modules-2/files-2.1/com.netflix.hystrix/hystrix-serialization/1.5.10/c857cba459a3532a5391bd6050555ad07b8f5320/hystrix-serialization-1.5.10.jar
7fe55b141000-7fe55b143000 r--s 0001a000 fd:02 5644034                    /home/ike/.gradle/caches/modules-2/files-2.1/org.hdrhistogram/HdrHistogram/2.1.9/e4631ce165eb400edecfa32e03d3f1be53dee754/HdrHistogram-2.1.9.jar
7fe55b143000-7fe55b15b000 r--s 000fc000 fd:02 5644032                    /home/ike/.gradle/caches/modules-2/files-2.1/io.reactivex/rxjava/1.2.0/42bfaf64c94f3848ebf5cf1c2ea4ec9d1b3ac6c8/rxjava-1.2.0.jar
7fe55b15b000-7fe55b162000 r--s 00050000 fd:02 5644028                    /home/ike/.gradle/caches/modules-2/files-2.1/commons-configuration/commons-configuration/1.8/6cce40435bcd8018018f16898de01976b319941a/commons-configuration-1.8.jar
7fe55b162000-7fe55b163000 r--s 00004000 fd:02 4460908                    /home/ike/.gradle/caches/modules-2/files-2.1/org.springframework.security/spring-security-rsa/1.0.3.RELEASE/b0b1ee770597b5de1b51e9a889dfd2dc35d251b0/spring-security-rsa-1.0.3.RELEASE.jar
7fe55b163000-7fe55b168000 r--s 00016000 fd:02 5644020                    /home/ike/.gradle/caches/modules-2/files-2.1/org.springframework.cloud/spring-cloud-commons/1.2.0.RELEASE/de0024fa88cc6c1ecbc30980e15acf25c0f5ef21/spring-cloud-commons-1.2.0.RELEASE.jar
7fe55b168000-7fe55b16b000 r--s 00015000 fd:02 5644018                    /home/ike/.gradle/caches/modules-2/files-2.1/org.springframework.cloud/spring-cloud-context/1.2.0.RELEASE/4f2a9fa553883dedc21587e45080b67911fb7d26/spring-cloud-context-1.2.0.RELEASE.jar
7fe55b16b000-7fe55b183000 r--s 00110000 fd:02 3670926                    /home/ike/.m2/repository/io/netty/netty/3.7.0.Final/netty-3.7.0.Final.jar
7fe55b183000-7fe55b185000 r--s 00014000 fd:02 3539264                    /home/ike/.m2/repository/jline/jline/0.9.94/jline-0.9.94.jar
7fe55b185000-7fe55b186000 r--s 00003000 fd:02 3540889                    /home/ike/.m2/repository/org/apache/geronimo/specs/geronimo-jta_1.1_spec/1.1.1/geronimo-jta_1.1_spec-1.1.1.jar
7fe55b186000-7fe55b190000 r--s 000aa000 fd:02 6031571                    /home/ike/.gradle/caches/modules-2/files-2.1/org.javassist/javassist/3.21.0-GA/598244f595db5c5fb713731eddbb1c91a58d959b/javassist-3.21.0-GA.jar
7fe55b190000-7fe55b195000 r--s 00017000 fd:02 3148263                    /home/ike/.m2/repository/org/hibernate/javax/persistence/hibernate-jpa-2.1-api/1.0.0.Final/hibernate-jpa-2.1-api-1.0.0.Final.jar
7fe55b195000-7fe55b198000 r--s 00010000 fd:02 4459261                    /home/ike/.gradle/caches/modules-2/files-2.1/org.hibernate.common/hibernate-commons-annotations/5.0.1.Final/71e1cff3fcb20d3b3af4f3363c3ddb24d33c6879/hibernate-commons-annotations-5.0.1.Final.jar
7fe55b198000-7fe55b19d000 r--s 00048000 fd:02 3801997                    /home/ike/.m2/repository/dom4j/dom4j/1.6.1/dom4j-1.6.1.jar
7fe55b19d000-7fe55b206000 r--s 004f3000 fd:02 6031581                    /home/ike/.gradle/caches/modules-2/files-2.1/org.hibernate/hibernate-core/5.0.12.Final/e58bf1c660e6706d8e2cbb53bae110f574366102/hibernate-core-5.0.12.Final.jar
7fe55b206000-7fe55b208000 r--s 0000f000 fd:02 3672160                    /home/ike/.m2/repository/org/jboss/logging/jboss-logging/3.3.0.Final/jboss-logging-3.3.0.Final.jar
7fe55b208000-7fe55b20c000 r--s 0000c000 fd:02 3540885                    /home/ike/.m2/repository/javax/validation/validation-api/1.1.0.Final/validation-api-1.1.0.Final.jar
7fe55b20c000-7fe55b211000 r--s 00036000 fd:02 6031579                    /home/ike/.gradle/caches/modules-2/files-2.1/org.apache.tomcat.embed/tomcat-embed-websocket/8.5.11/dfa65e7857d46630761c0571758a56f7cbd1e9ba/tomcat-embed-websocket-8.5.11.jar
7fe55b211000-7fe55b216000 r--s 00036000 fd:02 6031577                    /home/ike/.gradle/caches/modules-2/files-2.1/org.apache.tomcat.embed/tomcat-embed-el/8.5.11/60253815b897166903bf5ec41219c5bb15333a69/tomcat-embed-el-8.5.11.jar
7fe55b216000-7fe55b23f000 r--s 002b8000 fd:02 6031575                    /home/ike/.gradle/caches/modules-2/files-2.1/org.apache.tomcat.embed/tomcat-embed-core/8.5.11/72761f51fc7cef3ee19d4aafc7adc605df9f611f/tomcat-embed-core-8.5.11.jar
7fe55b23f000-7fe55b245000 r--s 0003d000 fd:02 4588007                    /home/ike/.gradle/caches/modules-2/files-2.1/org.yaml/snakeyaml/1.17/7a27ea250c5130b2922b86dea63cbb1cc10a660c/snakeyaml-1.17.jar
7fe55b245000-7fe55b246000 r--s 00000000 fd:02 5644040                    /home/ike/.gradle/caches/modules-2/files-2.1/org.springframework.boot/spring-boot-starter-logging/1.5.2.RELEASE/32210889e1f9bb09ac134b9f43a117ed62f0bed2/spring-boot-starter-logging-1.5.2.RELEASE.jar
7fe55b246000-7fe55b266000 r--s 000e0000 fd:02 5644024                    /home/ike/.gradle/caches/modules-2/files-2.1/org.springframework.boot/spring-boot-autoconfigure/1.5.2.RELEASE/8a9b8c747bc2c86eefde10330cb2984541bcb9d1/spring-boot-autoconfigure-1.5.2.RELEASE.jar
7fe55b266000-7fe55b276000 r--s 00094000 fd:02 5644022                    /home/ike/.gradle/caches/modules-2/files-2.1/org.springframework.boot/spring-boot/1.5.2.RELEASE/46bb5d8c9ab5d3ef9e158ca5906ee7d3569befc1/spring-boot-1.5.2.RELEASE.jar
7fe55b276000-7fe55b289000 r--s 0014c000 fd:02 7867891                    /home/ike/.gradle/caches/modules-2/files-2.1/org.apache.poi/poi-ooxml/3.16/76e20fe22404cc4da55ddfdaaaadee32bbfa3bdd/poi-ooxml-3.16.jar
7fe55b289000-7fe55b2b5000 r--s 00263000 fd:02 7867889                    /home/ike/.gradle/caches/modules-2/files-2.1/org.apache.poi/poi/3.16/ad21c123ee5d6b5b2a8f0d4ed23b3ffe6759a889/poi-3.16.jar
7fe55b2b5000-7fe55b2b8000 r--s 00042000 fd:02 5376287                    /home/ike/.gradle/caches/modules-2/files-2.1/com.fasterxml.jackson.core/jackson-core/2.8.7/8b46f39c78476fb848c81a49fa807a9e9506dddd/jackson-core-2.8.7.jar
7fe55b2b8000-7fe55b2bb000 r--s 0000b000 fd:02 5644030                    /home/ike/.gradle/caches/modules-2/files-2.1/com.fasterxml.jackson.core/jackson-annotations/2.8.0/45b426f7796b741035581a176744d91090e2e6fb/jackson-annotations-2.8.0.jar
7fe55b2bb000-7fe55b2ca000 r--s 00084000 fd:02 7733303                    /home/ike/.gradle/caches/modules-2/files-2.1/org.springframework/spring-test/4.3.7.RELEASE/480fc4673b53daa1993eb1940711828ebf35807b/spring-test-4.3.7.RELEASE.jar
7fe55b2ca000-7fe55b2cc000 r--s 00006000 fd:02 7735556                    /home/ike/.gradle/caches/modules-2/files-2.1/org.skyscreamer/jsonassert/1.4.0/9cdbb373a06f6513e51e8c545ee6a5e981463edb/jsonassert-1.4.0.jar
7fe55b2cc000-7fe55b2cd000 r--s 0000c000 fd:02 7735554                    /home/ike/.gradle/caches/modules-2/files-2.1/org.hamcrest/hamcrest-library/1.3/4785a3c21320980282f9f33d0d1264a69040538f/hamcrest-library-1.3.jar
7fe55b2cd000-7fe55b2cf000 r--s 00009000 fd:02 2233374                    /home/ike/.m2/repository/org/hamcrest/hamcrest-core/1.3/hamcrest-core-1.3.jar
7fe55b2cf000-7fe55b2eb000 r--s 00103000 fd:02 7735552                    /home/ike/.gradle/caches/modules-2/files-2.1/org.mockito/mockito-core/1.10.19/e8546f5bef4e061d8dd73895b4e8f40e3fe6effe/mockito-core-1.10.19.jar
7fe55b2eb000-7fe55b2ff000 r--s 000dc000 fd:02 7735550                    /home/ike/.gradle/caches/modules-2/files-2.1/org.assertj/assertj-core/2.6.0/b532c3fc4f66bcfee4989a3514f1cd56203a33ad/assertj-core-2.6.0.jar
7fe55b2ff000-7fe55b307000 r--s 00045000 fd:02 1969654                    /home/ike/.m2/repository/junit/junit/4.12/junit-4.12.jar
7fe55b307000-7fe55b30c000 r--s 0002e000 fd:02 7735548                    /home/ike/.gradle/caches/modules-2/files-2.1/com.jayway.jsonpath/json-path/2.2.0/22290d17944bd239fabf5ac69005a60a7ecbbbcb/json-path-2.2.0.jar
7fe55b30c000-7fe55b311000 r--s 00019000 fd:02 7735624                    /home/ike/.gradle/caches/modules-2/files-2.1/org.springframework.boot/spring-boot-test-autoconfigure/1.5.2.RELEASE/5fb69965871626aea437c0d676d3be6186d2415d/spring-boot-test-autoconfigure-1.5.2.RELEASE.jar
7fe55b311000-7fe55b315000 r--s 0001f000 fd:02 7735622                    /home/ike/.gradle/caches/modules-2/files-2.1/org.springframework.boot/spring-boot-test/1.5.2.RELEASE/7dcdee8bc720b379d6072c742e2a48ccbb00aa09/spring-boot-test-1.5.2.RELEASE.jar
7fe55b315000-7fe55b31a000 r--s 00026000 fd:02 5644014                    /home/ike/.gradle/caches/modules-2/files-2.1/com.netflix.hystrix/hystrix-javanica/1.5.10/2d3dc34d7beb79ef300c67a5b436657907d52af1/hystrix-javanica-1.5.10.jar
7fe55b31a000-7fe55b31c000 r--s 0000c000 fd:02 5644012                    /home/ike/.gradle/caches/modules-2/files-2.1/com.netflix.hystrix/hystrix-metrics-event-stream/1.5.10/936e69382fd4d106c550f36afb38d0357ca29cf3/hystrix-metrics-event-stream-1.5.10.jar
7fe55b31c000-7fe55b328000 r--s 00067000 fd:02 5644010                    /home/ike/.gradle/caches/modules-2/files-2.1/com.netflix.hystrix/hystrix-core/1.5.10/cd46dd2533138019a0473ed16a333aaea4d4b7de/hystrix-core-1.5.10.jar
7fe55b328000-7fe55b329000 r--s 00000000 fd:02 5644008                    /home/ike/.gradle/caches/modules-2/files-2.1/org.springframework.cloud/spring-cloud-starter-archaius/1.3.0.RELEASE/b8665874ab5a6a37cf32af9b2e56fa145fb53432/spring-cloud-starter-archaius-1.3.0.RELEASE.jar
7fe55b329000-7fe55b333000 r--s 00055000 fd:02 5644006                    /home/ike/.gradle/caches/modules-2/files-2.1/org.springframework.cloud/spring-cloud-netflix-core/1.3.0.RELEASE/1ad134229d53e9263f08124d62c65882c5dee8e7/spring-cloud-netflix-core-1.3.0.RELEASE.jar
7fe55b333000-7fe55b334000 r--s 00000000 fd:02 5644004                    /home/ike/.gradle/caches/modules-2/files-2.1/org.springframework.cloud/spring-cloud-starter/1.2.0.RELEASE/c9c4b92550081de74040ce8027e11ad18d942577/spring-cloud-starter-1.2.0.RELEASE.jar
7fe55b334000-7fe55b340000 r--s 000b9000 fd:02 4587592                    /home/ike/.gradle/caches/modules-2/files-2.1/org.apache.zookeeper/zookeeper/3.4.8/933ea2ed15e6a0e24b788973e3d128ff163c3136/zookeeper-3.4.8.jar
7fe55b340000-7fe55b345000 r--s 0003c000 fd:02 6554776                    /home/ike/.gradle/caches/modules-2/files-2.1/org.springframework/spring-expression/4.3.7.RELEASE/5257b6486e43d8c05674323fea5b415d4da72f38/spring-expression-4.3.7.RELEASE.jar
7fe55b345000-7fe55b35c000 r--s 000fb000 fd:02 6424510                    /home/ike/.gradle/caches/modules-2/files-2.1/org.springframework/spring-core/4.3.7.RELEASE/54fa2db94cc7222edc90ec71354e47cd1dc07f7b/spring-core-4.3.7.RELEASE.jar
7fe55b35c000-7fe55b376000 r--s 000fd000 fd:02 6424513                    /home/ike/.gradle/caches/modules-2/files-2.1/org.springframework/spring-context/4.3.7.RELEASE/34b66b0b7910122ef95ba4fff6da9238ef80a5de/spring-context-4.3.7.RELEASE.jar
7fe55b376000-7fe55b384000 r--s 000ad000 fd:02 6424518                    /home/ike/.gradle/caches/modules-2/files-2.1/org.springframework/spring-beans/4.3.7.RELEASE/2de9f59f3202965438f3a02057d6ad8274636044/spring-beans-4.3.7.RELEASE.jar
7fe55b384000-7fe55b38d000 r--s 00054000 fd:02 6554774                    /home/ike/.gradle/caches/modules-2/files-2.1/org.springframework/spring-aop/4.3.7.RELEASE/3f243d685e4a8a78a0c291445c6d85560ec4d339/spring-aop-4.3.7.RELEASE.jar
7fe55b38d000-7fe55b394000 r--s 0003f000 fd:02 4196565                    /home/ike/.m2/repository/commons-codec/commons-codec/1.10/commons-codec-1.10.jar
7fe55b394000-7fe55b396000 r--s 0000e000 fd:02 3146093                    /home/ike/.m2/repository/commons-logging/commons-logging/1.2/commons-logging-1.2.jar
7fe55b396000-7fe55b39e000 r--s 00048000 fd:02 3807593                    /home/ike/.gradle/caches/modules-2/files-2.1/org.apache.httpcomponents/httpcore/4.4.6/e3fd8ced1f52c7574af952e2e6da0df8df08eb82/httpcore-4.4.6.jar
7fe55b39e000-7fe55b3a0000 r--s 0000e000 fd:02 4459297                    /home/ike/.gradle/caches/modules-2/files-2.1/com.fasterxml/classmate/1.3.3/864c8e370a691e343210cc7c532fc198cee460d8/classmate-1.3.3.jar
7fe55b3a0000-7fe55b3a1000 r--s 00001000 fd:02 3670688                    /home/ike/.m2/repository/org/mengyun/tcc-transaction-api/1.1.5/tcc-transaction-api-1.1.5.jar
7fe55b3a1000-7fe55b3ae000 r--s 00089000 fd:02 6031569                    /home/ike/.gradle/caches/modules-2/files-2.1/org.hibernate/hibernate-entitymanager/5.0.12.Final/302a526f5058290e9cbd719a5caf9f248d344719/hibernate-entitymanager-5.0.12.Final.jar
7fe55b3ae000-7fe55b3bf000 r--s 000b7000 fd:02 6031561                    /home/ike/.gradle/caches/modules-2/files-2.1/org.springframework/spring-web/4.3.7.RELEASE/7b69fc68cdb74c1c92f72905af6995696fcb56aa/spring-web-4.3.7.RELEASE.jar
7fe55b3bf000-7fe55b3d0000 r--s 000a1000 fd:02 6031567                    /home/ike/.gradle/caches/modules-2/files-2.1/org.hibernate/hibernate-validator/5.3.4.Final/2f6c8c0b646afe18e3ad205726729d3c4a85fe2e/hibernate-validator-5.3.4.Final.jar
7fe55b3d0000-7fe55b3d1000 r--s 00000000 fd:02 6031565                    /home/ike/.gradle/caches/modules-2/files-2.1/org.springframework.boot/spring-boot-starter-tomcat/1.5.2.RELEASE/354320ef371fc4fc126d1bb8564cd73085a48823/spring-boot-starter-tomcat-1.5.2.RELEASE.jar
7fe55b3d1000-7fe55b3e3000 r--s 0011d000 fd:02 5512227                    /home/ike/.gradle/caches/modules-2/files-2.1/com.fasterxml.jackson.core/jackson-databind/2.8.7/6c3257ef458ac58a8da69a6dca3d2a15286d88c8/jackson-databind-2.8.7.jar
7fe55b3e3000-7fe55b3e6000 r--s 00010000 fd:02 4587590                    /home/ike/.gradle/caches/modules-2/files-2.1/com.101tec/zkclient/0.10/c54d4b5a5e89af75a80b6d5857400165ce5188d0/zkclient-0.10.jar
7fe55b3e6000-7fe55b404000 r--s 00143000 fd:02 3670645                    /home/ike/.m2/repository/com/alibaba/dubbo/2.5.4-SNAPSHOT/dubbo-2.5.4-SNAPSHOT.jar
7fe55b404000-7fe55b408000 r--s 0002f000 fd:02 3670137                    /home/ike/.gradle/caches/modules-2/files-2.1/commons-io/commons-io/2.5/2852e6e05fbb95076fc091f6d1780f1f8fe35e0f/commons-io-2.5.jar
7fe55b408000-7fe55b437000 r--s 00239000 fd:02 5376285                    /home/ike/.gradle/caches/modules-2/files-2.1/com.google.guava/guava/21.0/3a3d111be1be1b745edfa7d91678a12d7ed38709/guava-21.0.jar
7fe55b437000-7fe55b43a000 r--s 00015000 fd:02 3807983                    /home/ike/.m2/repository/javax/servlet/javax.servlet-api/3.1.0/javax.servlet-api-3.1.0.jar
7fe55b43a000-7fe55b44b000 r--s 000cf000 fd:02 6031563                    /home/ike/.gradle/caches/modules-2/files-2.1/org.springframework/spring-webmvc/4.3.7.RELEASE/d25b11a605589f176e3ecf1dcae62a991a18b377/spring-webmvc-4.3.7.RELEASE.jar
7fe55b44b000-7fe55b464000 r--s 001af000 fd:02 4587991                    /home/ike/.gradle/caches/modules-2/files-2.1/org.aspectj/aspectjweaver/1.8.9/db28774f477f07220eac18d5ec9c4e01f48589d7/aspectjweaver-1.8.9.jar
7fe55b464000-7fe55b468000 r--s 00019000 fd:02 4587747                    /home/ike/.gradle/caches/modules-2/files-2.1/org.aspectj/aspectjrt/1.8.9/87372d9e2323313bec24b09a325bfea8ae0eb867/aspectjrt-1.8.9.jar
7fe55b468000-7fe55b470000 r--s 0006e000 fd:02 3670118                    /home/ike/.gradle/caches/modules-2/files-2.1/org.apache.commons/commons-lang3/3.5/6c6c702c89bfff3cd9e80b04d668c5e190d588c6/commons-lang3-3.5.jar
7fe55b470000-7fe55b473000 ---p 00000000 00:00 0 
7fe55b473000-7fe55b571000 rw-p 00000000 00:00 0 
7fe55b571000-7fe55b574000 ---p 00000000 00:00 0 
7fe55b574000-7fe55b672000 rw-p 00000000 00:00 0 
7fe55b672000-7fe55b675000 ---p 00000000 00:00 0 
7fe55b675000-7fe55b773000 rw-p 00000000 00:00 0 
7fe55b773000-7fe55b777000 r-xp 00000000 fd:02 2100248                    /home/ike/soft/jdk1.8/jre/lib/amd64/libdt_socket.so
7fe55b777000-7fe55b976000 ---p 00004000 fd:02 2100248                    /home/ike/soft/jdk1.8/jre/lib/amd64/libdt_socket.so
7fe55b976000-7fe55b977000 rw-p 00003000 fd:02 2100248                    /home/ike/soft/jdk1.8/jre/lib/amd64/libdt_socket.so
7fe55b977000-7fe55b97a000 ---p 00000000 00:00 0 
7fe55b97a000-7fe55ba78000 rw-p 00000000 00:00 0 
7fe55ba78000-7fe55ba7b000 ---p 00000000 00:00 0 
7fe55ba7b000-7fe55bb79000 rw-p 00000000 00:00 0 
7fe55bb79000-7fe55bb7c000 ---p 00000000 00:00 0 
7fe55bb7c000-7fe55bc7a000 rw-p 00000000 00:00 0 
7fe55bc7a000-7fe55bc7b000 ---p 00000000 00:00 0 
7fe55bc7b000-7fe560000000 rw-p 00000000 00:00 0 
7fe560000000-7fe56003d000 rw-p 00000000 00:00 0 
7fe56003d000-7fe564000000 ---p 00000000 00:00 0 
7fe564000000-7fe564057000 rw-p 00000000 00:00 0 
7fe564057000-7fe568000000 ---p 00000000 00:00 0 
7fe568000000-7fe568021000 rw-p 00000000 00:00 0 
7fe568021000-7fe56c000000 ---p 00000000 00:00 0 
7fe56c000000-7fe56c021000 rw-p 00000000 00:00 0 
7fe56c021000-7fe570000000 ---p 00000000 00:00 0 
7fe570000000-7fe570001000 r--s 00000000 fd:02 5644016                    /home/ike/.gradle/caches/modules-2/files-2.1/org.springframework.boot/spring-boot-starter/1.5.2.RELEASE/c72938c86ed3beadb385f29bc2954c8ca3aa47ab/spring-boot-starter-1.5.2.RELEASE.jar
7fe570001000-7fe570002000 r--s 00000000 fd:02 7735620                    /home/ike/.gradle/caches/modules-2/files-2.1/org.springframework.boot/spring-boot-starter-test/1.5.2.RELEASE/d1d42ca043ea8b25cdf0ac8a2108ee924bfae707/spring-boot-starter-test-1.5.2.RELEASE.jar
7fe570002000-7fe570007000 r--s 00061000 fd:02 3670330                    /home/ike/.gradle/caches/modules-2/files-2.1/com.alibaba/fastjson/1.2.23/be2508e9bac203c38f3f52fc8d33332c4e7ee6c5/fastjson-1.2.23.jar
7fe570007000-7fe570009000 r--s 00009000 fd:02 4460443                    /home/ike/.gradle/caches/modules-2/files-2.1/org.slf4j/slf4j-api/1.7.24/3f6b4bd4f8dbe8d4bea06d107a3826469b85c3e9/slf4j-api-1.7.24.jar
7fe570009000-7fe57000b000 r--s 00009000 fd:02 6031573                    /home/ike/.gradle/caches/modules-2/files-2.1/org.apache.httpcomponents/httpmime/4.5.3/889fd6d061bb63b99dd5c6aba35a555ae863de52/httpmime-4.5.3.jar
7fe57000b000-7fe570a15000 rw-p 00000000 00:00 0 
7fe570a15000-7fe570bee000 r--s 03d29000 fd:02 2100521                    /home/ike/soft/jdk1.8/jre/lib/rt.jar
7fe570bee000-7fe57183c000 rw-p 00000000 00:00 0 
7fe57183c000-7fe57183d000 ---p 00000000 00:00 0 
7fe57183d000-7fe57193d000 rw-p 00000000 00:00 0 
7fe57193d000-7fe57193e000 ---p 00000000 00:00 0 
7fe57193e000-7fe571a65000 rw-p 00000000 00:00 0 
7fe571a65000-7fe571cce000 ---p 00000000 00:00 0 
7fe571cce000-7fe571cf5000 rw-p 00000000 00:00 0 
7fe571cf5000-7fe571f5e000 ---p 00000000 00:00 0 
7fe571f5e000-7fe572076000 rw-p 00000000 00:00 0 
7fe572076000-7fe5720a6000 ---p 00000000 00:00 0 
7fe5720a6000-7fe5720fa000 rw-p 00000000 00:00 0 
7fe5720fa000-7fe572467000 ---p 00000000 00:00 0 
7fe572467000-7fe5738f7000 rwxp 00000000 00:00 0 
7fe5738f7000-7fe581467000 ---p 00000000 00:00 0 
7fe581467000-7fe588000000 r--p 00000000 fd:00 2885042                    /usr/lib/locale/locale-archive
7fe588000000-7fe589905000 rw-p 00000000 00:00 0 
7fe589905000-7fe58c000000 ---p 00000000 00:00 0 
7fe58c000000-7fe58c00d000 r--s 000aa000 fd:02 3807591                    /home/ike/.gradle/caches/modules-2/files-2.1/org.apache.httpcomponents/httpclient/4.5.3/d1577ae15f01ef5438c5afc62162457c00a34713/httpclient-4.5.3.jar
7fe58c00d000-7fe58c016000 r--s 00058000 fd:02 4063557                    /home/ike/.gradle/caches/modules-2/files-2.1/com.caucho/hessian/4.0.33/9b4588f77da82e94e8c2e642d861813556b5c594/hessian-4.0.33.jar
7fe58c016000-7fe58c029000 r--s 00345000 fd:02 2100473                    /home/ike/soft/jdk1.8/jre/lib/resources.jar
7fe58c029000-7fe58c03c000 r--s 000d6000 fd:02 2100468                    /home/ike/soft/jdk1.8/jre/lib/plugin.jar
7fe58c03c000-7fe58c057000 r--s 00208000 fd:02 2100407                    /home/ike/soft/jdk1.8/jre/lib/deploy.jar
7fe58c057000-7fe58c058000 ---p 00000000 00:00 0 
7fe58c058000-7fe58c158000 rw-p 00000000 00:00 0 
7fe58c158000-7fe58c159000 ---p 00000000 00:00 0 
7fe58c159000-7fe58c259000 rw-p 00000000 00:00 0 
7fe58c259000-7fe58c273000 r-xp 00000000 fd:02 2100263                    /home/ike/soft/jdk1.8/jre/lib/amd64/libzip.so
7fe58c273000-7fe58c473000 ---p 0001a000 fd:02 2100263                    /home/ike/soft/jdk1.8/jre/lib/amd64/libzip.so
7fe58c473000-7fe58c474000 rw-p 0001a000 fd:02 2100263                    /home/ike/soft/jdk1.8/jre/lib/amd64/libzip.so
7fe58c474000-7fe58c47e000 r-xp 00000000 fd:00 2891856                    /usr/lib64/libnss_files-2.24.so
7fe58c47e000-7fe58c67e000 ---p 0000a000 fd:00 2891856                    /usr/lib64/libnss_files-2.24.so
7fe58c67e000-7fe58c67f000 r--p 0000a000 fd:00 2891856                    /usr/lib64/libnss_files-2.24.so
7fe58c67f000-7fe58c680000 rw-p 0000b000 fd:00 2891856                    /usr/lib64/libnss_files-2.24.so
7fe58c680000-7fe58c686000 rw-p 00000000 00:00 0 
7fe58c686000-7fe58c690000 r-xp 00000000 fd:02 2100232                    /home/ike/soft/jdk1.8/jre/lib/amd64/libinstrument.so
7fe58c690000-7fe58c88f000 ---p 0000a000 fd:02 2100232                    /home/ike/soft/jdk1.8/jre/lib/amd64/libinstrument.so
7fe58c88f000-7fe58c890000 rw-p 00009000 fd:02 2100232                    /home/ike/soft/jdk1.8/jre/lib/amd64/libinstrument.so
7fe58c890000-7fe58c892000 r-xp 00000000 fd:02 2100241                    /home/ike/soft/jdk1.8/jre/lib/amd64/libnpt.so
7fe58c892000-7fe58ca92000 ---p 00002000 fd:02 2100241                    /home/ike/soft/jdk1.8/jre/lib/amd64/libnpt.so
7fe58ca92000-7fe58ca93000 rw-p 00002000 fd:02 2100241                    /home/ike/soft/jdk1.8/jre/lib/amd64/libnpt.so
7fe58ca93000-7fe58cacc000 r-xp 00000000 fd:02 2100224                    /home/ike/soft/jdk1.8/jre/lib/amd64/libjdwp.so
7fe58cacc000-7fe58cccb000 ---p 00039000 fd:02 2100224                    /home/ike/soft/jdk1.8/jre/lib/amd64/libjdwp.so
7fe58cccb000-7fe58cccd000 rw-p 00038000 fd:02 2100224                    /home/ike/soft/jdk1.8/jre/lib/amd64/libjdwp.so
7fe58cccd000-7fe58ccf7000 r-xp 00000000 fd:02 2100286                    /home/ike/soft/jdk1.8/jre/lib/amd64/libjava.so
7fe58ccf7000-7fe58cef7000 ---p 0002a000 fd:02 2100286                    /home/ike/soft/jdk1.8/jre/lib/amd64/libjava.so
7fe58cef7000-7fe58cef9000 rw-p 0002a000 fd:02 2100286                    /home/ike/soft/jdk1.8/jre/lib/amd64/libjava.so
7fe58cef9000-7fe58cf06000 r-xp 00000000 fd:02 2100257                    /home/ike/soft/jdk1.8/jre/lib/amd64/libverify.so
7fe58cf06000-7fe58d106000 ---p 0000d000 fd:02 2100257                    /home/ike/soft/jdk1.8/jre/lib/amd64/libverify.so
7fe58d106000-7fe58d108000 rw-p 0000d000 fd:02 2100257                    /home/ike/soft/jdk1.8/jre/lib/amd64/libverify.so
7fe58d108000-7fe58d10f000 r-xp 00000000 fd:00 2891975                    /usr/lib64/librt-2.24.so
7fe58d10f000-7fe58d30e000 ---p 00007000 fd:00 2891975                    /usr/lib64/librt-2.24.so
7fe58d30e000-7fe58d30f000 r--p 00006000 fd:00 2891975                    /usr/lib64/librt-2.24.so
7fe58d30f000-7fe58d310000 rw-p 00007000 fd:00 2891975                    /usr/lib64/librt-2.24.so
7fe58d310000-7fe58d418000 r-xp 00000000 fd:00 2891438                    /usr/lib64/libm-2.24.so
7fe58d418000-7fe58d617000 ---p 00108000 fd:00 2891438                    /usr/lib64/libm-2.24.so
7fe58d617000-7fe58d618000 r--p 00107000 fd:00 2891438                    /usr/lib64/libm-2.24.so
7fe58d618000-7fe58d619000 rw-p 00108000 fd:00 2891438                    /usr/lib64/libm-2.24.so
7fe58d619000-7fe58e2e4000 r-xp 00000000 fd:02 2100238                    /home/ike/soft/jdk1.8/jre/lib/amd64/server/libjvm.so
7fe58e2e4000-7fe58e4e3000 ---p 00ccb000 fd:02 2100238                    /home/ike/soft/jdk1.8/jre/lib/amd64/server/libjvm.so
7fe58e4e3000-7fe58e5bc000 rw-p 00cca000 fd:02 2100238                    /home/ike/soft/jdk1.8/jre/lib/amd64/server/libjvm.so
7fe58e5bc000-7fe58e607000 rw-p 00000000 00:00 0 
7fe58e607000-7fe58e7c4000 r-xp 00000000 fd:00 2891285                    /usr/lib64/libc-2.24.so
7fe58e7c4000-7fe58e9c3000 ---p 001bd000 fd:00 2891285                    /usr/lib64/libc-2.24.so
7fe58e9c3000-7fe58e9c7000 r--p 001bc000 fd:00 2891285                    /usr/lib64/libc-2.24.so
7fe58e9c7000-7fe58e9c9000 rw-p 001c0000 fd:00 2891285                    /usr/lib64/libc-2.24.so
7fe58e9c9000-7fe58e9cd000 rw-p 00000000 00:00 0 
7fe58e9cd000-7fe58e9d0000 r-xp 00000000 fd:00 2891382                    /usr/lib64/libdl-2.24.so
7fe58e9d0000-7fe58ebcf000 ---p 00003000 fd:00 2891382                    /usr/lib64/libdl-2.24.so
7fe58ebcf000-7fe58ebd0000 r--p 00002000 fd:00 2891382                    /usr/lib64/libdl-2.24.so
7fe58ebd0000-7fe58ebd1000 rw-p 00003000 fd:00 2891382                    /usr/lib64/libdl-2.24.so
7fe58ebd1000-7fe58ebe6000 r-xp 00000000 fd:02 2098935                    /home/ike/soft/jdk1.8/lib/amd64/jli/libjli.so
7fe58ebe6000-7fe58ede6000 ---p 00015000 fd:02 2098935                    /home/ike/soft/jdk1.8/lib/amd64/jli/libjli.so
7fe58ede6000-7fe58ede7000 rw-p 00015000 fd:02 2098935                    /home/ike/soft/jdk1.8/lib/amd64/jli/libjli.so
7fe58ede7000-7fe58edff000 r-xp 00000000 fd:00 2891857                    /usr/lib64/libpthread-2.24.so
7fe58edff000-7fe58efff000 ---p 00018000 fd:00 2891857                    /usr/lib64/libpthread-2.24.so
7fe58efff000-7fe58f000000 r--p 00018000 fd:00 2891857                    /usr/lib64/libpthread-2.24.so
7fe58f000000-7fe58f001000 rw-p 00019000 fd:00 2891857                    /usr/lib64/libpthread-2.24.so
7fe58f001000-7fe58f005000 rw-p 00000000 00:00 0 
7fe58f005000-7fe58f02a000 r-xp 00000000 fd:00 2894298                    /usr/lib64/ld-2.24.so
7fe58f02a000-7fe58f02b000 r--s 00000000 fd:02 3542163                    /home/ike/.gradle/caches/modules-2/files-2.1/org.springframework.cloud/spring-cloud-starter-hystrix/1.3.0.RELEASE/8bc51104df10aae613f0887d589005e22f987bb9/spring-cloud-starter-hystrix-1.3.0.RELEASE.jar
7fe58f02b000-7fe58f02f000 r--s 00097000 fd:02 2100406                    /home/ike/soft/jdk1.8/jre/lib/jsse.jar
7fe58f02f000-7fe58f034000 r--s 00084000 fd:02 2100412                    /home/ike/soft/jdk1.8/jre/lib/jfr.jar
7fe58f034000-7fe58f03e000 r--s 0006c000 fd:02 2100376                    /home/ike/soft/jdk1.8/jre/lib/javaws.jar
7fe58f03e000-7fe58f10f000 rw-p 00000000 00:00 0 
7fe58f10f000-7fe58f112000 ---p 00000000 00:00 0 
7fe58f112000-7fe58f212000 rw-p 00000000 00:00 0 
7fe58f212000-7fe58f213000 r--s 00000000 fd:02 6031559                    /home/ike/.gradle/caches/modules-2/files-2.1/org.springframework.boot/spring-boot-starter-web/1.5.2.RELEASE/27f29876980c079b46be16b759eafe92720f3338/spring-boot-starter-web-1.5.2.RELEASE.jar
7fe58f213000-7fe58f214000 r--s 00000000 fd:02 2100401                    /home/ike/soft/jdk1.8/jre/lib/management-agent.jar
7fe58f214000-7fe58f216000 r--s 00007000 fd:02 2100375                    /home/ike/soft/jdk1.8/jre/lib/jfxswt.jar
7fe58f216000-7fe58f219000 r--s 0001a000 fd:02 2100204                    /home/ike/soft/jdk1.8/jre/lib/jce.jar
7fe58f219000-7fe58f21e000 r--s 002f9000 fd:02 2100432                    /home/ike/soft/jdk1.8/jre/lib/charsets.jar
7fe58f21e000-7fe58f226000 rw-s 00000000 00:29 210291                     /tmp/hsperfdata_ike/14392
7fe58f226000-7fe58f227000 rw-p 00000000 00:00 0 
7fe58f227000-7fe58f228000 ---p 00000000 00:00 0 
7fe58f228000-7fe58f22a000 rw-p 00000000 00:00 0 
7fe58f22a000-7fe58f22b000 r--p 00025000 fd:00 2894298                    /usr/lib64/ld-2.24.so
7fe58f22b000-7fe58f22c000 rw-p 00026000 fd:00 2894298                    /usr/lib64/ld-2.24.so
7fe58f22c000-7fe58f22d000 rw-p 00000000 00:00 0 
7ffc56f20000-7ffc56f45000 rw-p 00000000 00:00 0                          [stack]
7ffc56f95000-7ffc56f97000 r--p 00000000 00:00 0                          [vvar]
7ffc56f97000-7ffc56f99000 r-xp 00000000 00:00 0                          [vdso]
ffffffffff600000-ffffffffff601000 r-xp 00000000 00:00 0                  [vsyscall]

VM Arguments:
jvm_args: -agentlib:jdwp=transport=dt_socket,address=127.0.0.1:43627,suspend=y,server=n -javaagent:/home/ike/soft/idea-IU-171.4424.56/plugins/Groovy/lib/agent/gragent.jar -Dfile.encoding=UTF-8 
java_command: com.bjike.goddess.rentutilitiespay.Application
java_class_path (initial): /home/ike/soft/jdk1.8/jre/lib/charsets.jar:/home/ike/soft/jdk1.8/jre/lib/deploy.jar:/home/ike/soft/jdk1.8/jre/lib/ext/cldrdata.jar:/home/ike/soft/jdk1.8/jre/lib/ext/dnsns.jar:/home/ike/soft/jdk1.8/jre/lib/ext/jaccess.jar:/home/ike/soft/jdk1.8/jre/lib/ext/jfxrt.jar:/home/ike/soft/jdk1.8/jre/lib/ext/localedata.jar:/home/ike/soft/jdk1.8/jre/lib/ext/nashorn.jar:/home/ike/soft/jdk1.8/jre/lib/ext/sunec.jar:/home/ike/soft/jdk1.8/jre/lib/ext/sunjce_provider.jar:/home/ike/soft/jdk1.8/jre/lib/ext/sunpkcs11.jar:/home/ike/soft/jdk1.8/jre/lib/ext/zipfs.jar:/home/ike/soft/jdk1.8/jre/lib/javaws.jar:/home/ike/soft/jdk1.8/jre/lib/jce.jar:/home/ike/soft/jdk1.8/jre/lib/jfr.jar:/home/ike/soft/jdk1.8/jre/lib/jfxswt.jar:/home/ike/soft/jdk1.8/jre/lib/jsse.jar:/home/ike/soft/jdk1.8/jre/lib/management-agent.jar:/home/ike/soft/jdk1.8/jre/lib/plugin.jar:/home/ike/soft/jdk1.8/jre/lib/resources.jar:/home/ike/soft/jdk1.8/jre/lib/rt.jar:/home/ike/code/goddess-java/modules/rentutilitiespay/rentutilitiespay-consumer/build/classes/main:/home/ike/code/goddess-java/modules/rentutilitiespay/rentutilitiespay-consumer/build/resources/main:/home/ike/code/goddess-java/common/common-consumer/build/classes/main:/home/ike/code/goddess-java/modules/rentutilitiespay/rentutilitiespay-api/build/classes/main:/home/ike/.gradle/caches/modules-2/files-2.1/com.caucho/hessian/4.0.33/9b4588f77da82e94e8c2e642d861813556b5c594/hessian-4.0.33.jar:/home/ike/.gradle/caches/modules-2/files-2.1/org.springframework.boot/spring-boot-starter-web/1.5.2.RELEASE/27f29876980c079b46be16b759eafe92720f3338/spring-boot-starter-web-1.5.2.RELEASE.jar:/home/ike/code/goddess-java/common/common-api/build/classes/main:/home/ike/code/goddess-java/modules/user/user-api/build/classes/main:/home/ike/code/goddess-java/modules/storage/storage-api/build/classes/main:/home/ike/.gradle/caches/modules-2/files-2.1/org.apache.httpcomponents/httpclient/4.5.3/d1577ae15f01ef5438c5afc62162457c00a34713/httpclient-4.5.3.jar:/home/ike
Launcher Type: SUN_STANDARD

Environment Variables:
JAVA_HOME=/home/ike/soft/jdk1.8
PATH=/home/ike/soft/gradle/bin:/home/ike/soft/maven3.3.9/bin:/home/ike/soft/jdk1.8/bin:/home/ike/soft/jdk1.8/bin:/home/ike/soft/gradle/bin:/home/ike/soft/maven3.3.9/bin:/usr/lib64/qt-3.3/bin:/usr/local/bin:/usr/local/sbin:/usr/bin:/usr/sbin:/home/ike/.local/bin:/home/ike/bin
USERNAME=ike
LD_LIBRARY_PATH=/home/ike/soft/idea-IU-171.4424.56/bin:
SHELL=/bin/bash
DISPLAY=:0

Signal Handlers:
SIGSEGV: [libjvm.so+0xac4790], sa_mask[0]=11111111011111111101111111111110, sa_flags=SA_RESTART|SA_SIGINFO
SIGBUS: [libjvm.so+0xac4790], sa_mask[0]=11111111011111111101111111111110, sa_flags=SA_RESTART|SA_SIGINFO
SIGFPE: [libjvm.so+0x91f140], sa_mask[0]=11111111011111111101111111111110, sa_flags=SA_RESTART|SA_SIGINFO
SIGPIPE: [libjvm.so+0x91f140], sa_mask[0]=11111111011111111101111111111110, sa_flags=SA_RESTART|SA_SIGINFO
SIGXFSZ: [libjvm.so+0x91f140], sa_mask[0]=11111111011111111101111111111110, sa_flags=SA_RESTART|SA_SIGINFO
SIGILL: [libjvm.so+0x91f140], sa_mask[0]=11111111011111111101111111111110, sa_flags=SA_RESTART|SA_SIGINFO
SIGUSR1: SIG_DFL, sa_mask[0]=00000000000000000000000000000000, sa_flags=none
SIGUSR2: [libjvm.so+0x920770], sa_mask[0]=00100000000000000000000000000000, sa_flags=SA_RESTART|SA_SIGINFO
SIGHUP: [libjvm.so+0x921b70], sa_mask[0]=11111111011111111101111111111110, sa_flags=SA_RESTART|SA_SIGINFO
SIGINT: [libjvm.so+0x921b70], sa_mask[0]=11111111011111111101111111111110, sa_flags=SA_RESTART|SA_SIGINFO
SIGTERM: [libjvm.so+0x921b70], sa_mask[0]=11111111011111111101111111111110, sa_flags=SA_RESTART|SA_SIGINFO
SIGQUIT: [libjvm.so+0x921b70], sa_mask[0]=11111111011111111101111111111110, sa_flags=SA_RESTART|SA_SIGINFO


---------------  S Y S T E M  ---------------

OS:Fedora release 25 (Twenty Five)

uname:Linux 4.8.6-300.fc25.x86_64 #1 SMP Tue Nov 1 12:36:38 UTC 2016 x86_64
libc:glibc 2.24 NPTL 2.24 
rlimit: STACK 8192k, CORE 0k, NPROC 31367, NOFILE 4096, AS infinity
load average:78.81 60.52 28.15

/proc/meminfo:
MemTotal:        8053804 kB
MemFree:          105720 kB
MemAvailable:      16692 kB
Buffers:            2052 kB
Cached:            66896 kB
SwapCached:         2228 kB
Active:          6676556 kB
Inactive:         873360 kB
Active(anon):    6662072 kB
Inactive(anon):   854516 kB
Active(file):      14484 kB
Inactive(file):    18844 kB
Unevictable:          72 kB
Mlocked:              72 kB
SwapTotal:       8187900 kB
SwapFree:            336 kB
Dirty:                 0 kB
Writeback:           916 kB
AnonPages:       7480084 kB
Mapped:            25200 kB
Shmem:             35120 kB
Slab:             187660 kB
SReclaimable:      61236 kB
SUnreclaim:       126424 kB
KernelStack:       35856 kB
PageTables:       100280 kB
NFS_Unstable:          0 kB
Bounce:                0 kB
WritebackTmp:          0 kB
CommitLimit:    12214800 kB
Committed_AS:   25449060 kB
VmallocTotal:   34359738367 kB
VmallocUsed:           0 kB
VmallocChunk:          0 kB
HardwareCorrupted:     0 kB
AnonHugePages:         0 kB
ShmemHugePages:        0 kB
ShmemPmdMapped:        0 kB
CmaTotal:              0 kB
CmaFree:               0 kB
HugePages_Total:       0
HugePages_Free:        0
HugePages_Rsvd:        0
HugePages_Surp:        0
Hugepagesize:       2048 kB
DirectMap4k:      294052 kB
DirectMap2M:     7972864 kB
DirectMap1G:           0 kB


CPU:total 4 (4 cores per cpu, 1 threads per core) family 6 model 94 stepping 3, cmov, cx8, fxsr, mmx, sse, sse2, sse3, ssse3, sse4.1, sse4.2, popcnt, avx, avx2, aes, clmul, erms, rtm, 3dnowpref, lzcnt, tsc, tscinvbit, bmi1, bmi2, adx

/proc/cpuinfo:
processor	: 0
vendor_id	: GenuineIntel
cpu family	: 6
model		: 94
model name	: Intel(R) Core(TM) i5-6500 CPU @ 3.20GHz
stepping	: 3
microcode	: 0x9e
cpu MHz		: 2675.976
cache size	: 6144 KB
physical id	: 0
siblings	: 4
core id		: 0
cpu cores	: 4
apicid		: 0
initial apicid	: 0
fpu		: yes
fpu_exception	: yes
cpuid level	: 22
wp		: yes
flags		: fpu vme de pse tsc msr pae mce cx8 apic sep mtrr pge mca cmov pat pse36 clflush dts acpi mmx fxsr sse sse2 ss ht tm pbe syscall nx pdpe1gb rdtscp lm constant_tsc art arch_perfmon pebs bts rep_good nopl xtopology nonstop_tsc aperfmperf eagerfpu pni pclmulqdq dtes64 monitor ds_cpl vmx smx est tm2 ssse3 sdbg fma cx16 xtpr pdcm pcid sse4_1 sse4_2 x2apic movbe popcnt tsc_deadline_timer aes xsave avx f16c rdrand lahf_lm abm 3dnowprefetch intel_pt tpr_shadow vnmi flexpriority ept vpid fsgsbase tsc_adjust bmi1 hle avx2 smep bmi2 erms invpcid rtm mpx rdseed adx smap clflushopt xsaveopt xsavec xgetbv1 xsaves dtherm ida arat pln pts hwp hwp_notify hwp_act_window hwp_epp
bugs		:
bogomips	: 6384.00
clflush size	: 64
cache_alignment	: 64
address sizes	: 39 bits physical, 48 bits virtual
power management:

processor	: 1
vendor_id	: GenuineIntel
cpu family	: 6
model		: 94
model name	: Intel(R) Core(TM) i5-6500 CPU @ 3.20GHz
stepping	: 3
microcode	: 0x9e
cpu MHz		: 2649.609
cache size	: 6144 KB
physical id	: 0
siblings	: 4
core id		: 1
cpu cores	: 4
apicid		: 2
initial apicid	: 2
fpu		: yes
fpu_exception	: yes
cpuid level	: 22
wp		: yes
flags		: fpu vme de pse tsc msr pae mce cx8 apic sep mtrr pge mca cmov pat pse36 clflush dts acpi mmx fxsr sse sse2 ss ht tm pbe syscall nx pdpe1gb rdtscp lm constant_tsc art arch_perfmon pebs bts rep_good nopl xtopology nonstop_tsc aperfmperf eagerfpu pni pclmulqdq dtes64 monitor ds_cpl vmx smx est tm2 ssse3 sdbg fma cx16 xtpr pdcm pcid sse4_1 sse4_2 x2apic movbe popcnt tsc_deadline_timer aes xsave avx f16c rdrand lahf_lm abm 3dnowprefetch intel_pt tpr_shadow vnmi flexpriority ept vpid fsgsbase tsc_adjust bmi1 hle avx2 smep bmi2 erms invpcid rtm mpx rdseed adx smap clflushopt xsaveopt xsavec xgetbv1 xsaves dtherm ida arat pln pts hwp hwp_notify hwp_act_window hwp_epp
bugs		:
bogomips	: 6387.62
clflush size	: 64
cache_alignment	: 64
address sizes	: 39 bits physical, 48 bits virtual
power management:

processor	: 2
vendor_id	: GenuineIntel
cpu family	: 6
model		: 94
model name	: Intel(R) Core(TM) i5-6500 CPU @ 3.20GHz
stepping	: 3
microcode	: 0x9e
cpu MHz		: 2604.296
cache size	: 6144 KB
physical id	: 0
siblings	: 4
core id		: 2
cpu cores	: 4
apicid		: 4
initial apicid	: 4
fpu		: yes
fpu_exception	: yes
cpuid level	: 22
wp		: yes
flags		: fpu vme de pse tsc msr pae mce cx8 apic sep mtrr pge mca cmov pat pse36 clflush dts acpi mmx fxsr sse sse2 ss ht tm pbe syscall nx pdpe1gb rdtscp lm constant_tsc art arch_perfmon pebs bts rep_good nopl xtopology nonstop_tsc aperfmperf eagerfpu pni pclmulqdq dtes64 monitor ds_cpl vmx smx est tm2 ssse3 sdbg fma cx16 xtpr pdcm pcid sse4_1 sse4_2 x2apic movbe popcnt tsc_deadline_timer aes xsave avx f16c rdrand lahf_lm abm 3dnowprefetch intel_pt tpr_shadow vnmi flexpriority ept vpid fsgsbase tsc_adjust bmi1 hle avx2 smep bmi2 erms invpcid rtm mpx rdseed adx smap clflushopt xsaveopt xsavec xgetbv1 xsaves dtherm ida arat pln pts hwp hwp_notify hwp_act_window hwp_epp
bugs		:
bogomips	: 6387.62
clflush size	: 64
cache_alignment	: 64
address sizes	: 39 bits physical, 48 bits virtual
power management:

processor	: 3
vendor_id	: GenuineIntel
cpu family	: 6
model		: 94
model name	: Intel(R) Core(TM) i5-6500 CPU @ 3.20GHz
stepping	: 3
microcode	: 0x9e
cpu MHz		: 2678.906
cache size	: 6144 KB
physical id	: 0
siblings	: 4
core id		: 3
cpu cores	: 4
apicid		: 6
initial apicid	: 6
fpu		: yes
fpu_exception	: yes
cpuid level	: 22
wp		: yes
flags		: fpu vme de pse tsc msr pae mce cx8 apic sep mtrr pge mca cmov pat pse36 clflush dts acpi mmx fxsr sse sse2 ss ht tm pbe syscall nx pdpe1gb rdtscp lm constant_tsc art arch_perfmon pebs bts rep_good nopl xtopology nonstop_tsc aperfmperf eagerfpu pni pclmulqdq dtes64 monitor ds_cpl vmx smx est tm2 ssse3 sdbg fma cx16 xtpr pdcm pcid sse4_1 sse4_2 x2apic movbe popcnt tsc_deadline_timer aes xsave avx f16c rdrand lahf_lm abm 3dnowprefetch intel_pt tpr_shadow vnmi flexpriority ept vpid fsgsbase tsc_adjust bmi1 hle avx2 smep bmi2 erms invpcid rtm mpx rdseed adx smap clflushopt xsaveopt xsavec xgetbv1 xsaves dtherm ida arat pln pts hwp hwp_notify hwp_act_window hwp_epp
bugs		:
bogomips	: 6387.64
clflush size	: 64
cache_alignment	: 64
address sizes	: 39 bits physical, 48 bits virtual
power management:



Memory: 4k page, physical 8053804k(105720k free), swap 8187900k(336k free)

vm_info: Java HotSpot(TM) 64-Bit Server VM (25.101-b13) for linux-amd64 JRE (1.8.0_101-b13), built on Jun 22 2016 02:59:44 by "java_re" with gcc 4.3.0 20080428 (Red Hat 4.3.0-8)

time: Wed Aug  9 08:09:01 2017
elapsed time: 60732 seconds (0d 16h 52m 12s)

