#
# There is insufficient memory for the Java Runtime Environment to continue.
# Native memory allocation (mmap) failed to map 105906176 bytes for committing reserved memory.
# Possible reasons:
#   The system is out of physical RAM or swap space
#   In 32 bit mode, the process size limit was hit
# Possible solutions:
#   Reduce memory load on the system
#   Increase physical memory or swap space
#   Check if swap backing store is full
#   Use 64 bit Java on a 64 bit OS
#   Decrease Java heap size (-Xmx/-Xms)
#   Decrease number of Java threads
#   Decrease Java thread stack sizes (-Xss)
#   Set larger code cache with -XX:ReservedCodeCacheSize=
# This output file may be truncated or incomplete.
#
#  Out of Memory Error (os_linux.cpp:2627), pid=2655, tid=0x00007f38807bb700
#
# JRE version: Java(TM) SE Runtime Environment (8.0_101-b13) (build 1.8.0_101-b13)
# Java VM: Java HotSpot(TM) 64-Bit Server VM (25.101-b13 mixed mode linux-amd64 compressed oops)
# Core dump written. Default location: /home/ike/github/goddess-java/core or core.2655
#

---------------  T H R E A D  ---------------

Current thread (0x00007f389c149000):  VMThread [stack: 0x00007f38806bb000,0x00007f38807bc000] [id=2671]

Stack: [0x00007f38806bb000,0x00007f38807bc000],  sp=0x00007f38807ba1a0,  free space=1020k
Native frames: (J=compiled Java code, j=interpreted, Vv=VM code, C=native code)
V  [libjvm.so+0xac3f0a]  VMError::report_and_die()+0x2ba
V  [libjvm.so+0x4fbf9b]  report_vm_out_of_memory(char const*, int, unsigned long, VMErrorType, char const*)+0x8b
V  [libjvm.so+0x9222d3]  os::Linux::commit_memory_impl(char*, unsigned long, bool)+0x103
V  [libjvm.so+0x922829]  os::pd_commit_memory(char*, unsigned long, unsigned long, bool)+0x29
V  [libjvm.so+0x91cb2a]  os::commit_memory(char*, unsigned long, unsigned long, bool)+0x2a
V  [libjvm.so+0x991053]  PSVirtualSpace::expand_by(unsigned long)+0x53
V  [libjvm.so+0x992458]  PSYoungGen::resize_generation(unsigned long, unsigned long)+0xf8
V  [libjvm.so+0x9915b2]  PSYoungGen::resize(unsigned long, unsigned long)+0x22
V  [libjvm.so+0x98e88b]  PSScavenge::invoke_no_policy()+0xf3b
V  [libjvm.so+0x98f011]  PSScavenge::invoke()+0x41
V  [libjvm.so+0x945fc0]  ParallelScavengeHeap::failed_mem_allocate(unsigned long)+0x70
V  [libjvm.so+0xac5927]  VM_ParallelGCFailedAllocation::doit()+0x97
V  [libjvm.so+0xacd405]  VM_Operation::evaluate()+0x55
V  [libjvm.so+0xacb7da]  VMThread::evaluate_operation(VM_Operation*)+0xba
V  [libjvm.so+0xacbb5e]  VMThread::loop()+0x1ce
V  [libjvm.so+0xacbfd0]  VMThread::run()+0x70
V  [libjvm.so+0x924698]  java_start(Thread*)+0x108

VM_Operation (0x00007f38379f8320): ParallelGCFailedAllocation, mode: safepoint, requested by thread 0x00007f389d5d4800


---------------  P R O C E S S  ---------------

Java Threads: ( => current thread )
  0x00007f3820008800 JavaThread "main-EventThread" daemon [_thread_blocked, id=11199, stack(0x00007f3836cef000,0x00007f3836df0000)]
  0x00007f382000e000 JavaThread "main-SendThread(localhost:2181)" daemon [_thread_blocked, id=11198, stack(0x00007f38367ea000,0x00007f38368eb000)]
  0x00007f389d9c0000 JavaThread "http-nio-51016-AsyncTimeout" daemon [_thread_blocked, id=2738, stack(0x00007f3835de4000,0x00007f3835ee5000)]
  0x00007f389d9be800 JavaThread "http-nio-51016-Acceptor-0" daemon [_thread_in_native, id=2737, stack(0x00007f3835ee5000,0x00007f3835fe6000)]
  0x00007f389d9bc000 JavaThread "http-nio-51016-ClientPoller-1" daemon [_thread_blocked, id=2736, stack(0x00007f3835fe6000,0x00007f38360e7000)]
  0x00007f389d9ae000 JavaThread "http-nio-51016-ClientPoller-0" daemon [_thread_blocked, id=2735, stack(0x00007f38360e7000,0x00007f38361e8000)]
  0x00007f389d99d800 JavaThread "NioBlockingSelector.BlockPoller-1" daemon [_thread_blocked, id=2734, stack(0x00007f38361e8000,0x00007f38362e9000)]
  0x00007f389ce90800 JavaThread "DubboResponseTimeoutScanTimer" daemon [_thread_blocked, id=2732, stack(0x00007f38364e9000,0x00007f38365ea000)]
  0x00007f389cefa000 JavaThread "dubbo-remoting-client-heartbeat-thread-2" daemon [_thread_blocked, id=2728, stack(0x00007f38369ec000,0x00007f3836aed000)]
  0x00007f389cef8800 JavaThread "DubboClientReconnectTimer-thread-2" daemon [_thread_blocked, id=2724, stack(0x00007f3836bee000,0x00007f3836cef000)]
  0x00007f389d69e000 JavaThread "dubbo-remoting-client-heartbeat-thread-1" daemon [_thread_blocked, id=2722, stack(0x00007f3836df0000,0x00007f3836ef1000)]
  0x00000000011bc000 JavaThread "Hashed wheel timer #1" [_thread_blocked, id=2721, stack(0x00007f3836ef1000,0x00007f3836ff2000)]
  0x00007f389d698800 JavaThread "DubboClientReconnectTimer-thread-1" daemon [_thread_blocked, id=2719, stack(0x00007f38371f2000,0x00007f38372f3000)]
  0x00007f389d682000 JavaThread "New I/O boss #6" daemon [_thread_blocked, id=2718, stack(0x00007f38372f3000,0x00007f38373f4000)]
  0x00007f389d667000 JavaThread "New I/O worker #5" daemon [_thread_blocked, id=2717, stack(0x00007f38373f4000,0x00007f38374f5000)]
  0x00007f389d648800 JavaThread "New I/O worker #4" daemon [_thread_blocked, id=2716, stack(0x00007f38374f5000,0x00007f38375f6000)]
  0x00007f389d5dc000 JavaThread "New I/O worker #3" daemon [_thread_blocked, id=2715, stack(0x00007f38375f6000,0x00007f38376f7000)]
  0x00007f389d5d7000 JavaThread "New I/O worker #2" daemon [_thread_blocked, id=2714, stack(0x00007f38376f7000,0x00007f38377f8000)]
  0x00007f389d5d9000 JavaThread "New I/O worker #1" daemon [_thread_blocked, id=2713, stack(0x00007f38377f8000,0x00007f38378f9000)]
  0x00007f389d5d4800 JavaThread "DubboSaveRegistryCache-thread-1" daemon [_thread_blocked, id=2712, stack(0x00007f38378f9000,0x00007f38379fa000)]
  0x00007f389d594800 JavaThread "ZkClient-EventThread-24-localhost:2181" daemon [_thread_blocked, id=2709, stack(0x00007f3837bfc000,0x00007f3837cfd000)]
  0x00007f389d58b000 JavaThread "DubboRegistryFailedRetryTimer-thread-1" daemon [_thread_blocked, id=2708, stack(0x00007f3837cfd000,0x00007f3837dfe000)]
  0x00007f389d56f000 JavaThread "container-0" [_thread_blocked, id=2707, stack(0x00007f3837dfe000,0x00007f3837eff000)]
  0x00007f389d56d000 JavaThread "ContainerBackgroundProcessor[StandardEngine[Tomcat]]" daemon [_thread_blocked, id=2706, stack(0x00007f3837eff000,0x00007f3838000000)]
  0x00007f389c73a800 JavaThread "Service Thread" daemon [_thread_blocked, id=2689, stack(0x00007f38634ca000,0x00007f38635cb000)]
  0x00007f389c737800 JavaThread "C1 CompilerThread2" daemon [_thread_blocked, id=2688, stack(0x00007f38635cb000,0x00007f38636cc000)]
  0x00007f389c735000 JavaThread "C2 CompilerThread1" daemon [_thread_blocked, id=2687, stack(0x00007f38636cc000,0x00007f38637cd000)]
  0x00007f389c733000 JavaThread "C2 CompilerThread0" daemon [_thread_blocked, id=2686, stack(0x00007f38637cd000,0x00007f38638ce000)]
  0x00007f3850001000 JavaThread "JDWP Command Reader" daemon [_thread_in_native, id=2685, stack(0x00007f3863dfe000,0x00007f3863eff000)]
  0x00007f389c19b000 JavaThread "JDWP Event Helper Thread" daemon [_thread_blocked, id=2683, stack(0x00007f3863eff000,0x00007f3864000000)]
  0x00007f389c197800 JavaThread "JDWP Transport Listener: dt_socket" daemon [_thread_blocked, id=2681, stack(0x00007f38800b3000,0x00007f38801b4000)]
  0x00007f389c187000 JavaThread "Signal Dispatcher" daemon [_thread_blocked, id=2680, stack(0x00007f38803b8000,0x00007f38804b9000)]
  0x00007f389c155800 JavaThread "Finalizer" daemon [_thread_blocked, id=2673, stack(0x00007f38804b9000,0x00007f38805ba000)]
  0x00007f389c150800 JavaThread "Reference Handler" daemon [_thread_blocked, id=2672, stack(0x00007f38805ba000,0x00007f38806bb000)]
  0x00007f389c013800 JavaThread "main" [_thread_in_native, id=2658, stack(0x00007f38a38c7000,0x00007f38a39c8000)]

Other Threads:
=>0x00007f389c149000 VMThread [stack: 0x00007f38806bb000,0x00007f38807bc000] [id=2671]
  0x00007f389c740000 WatcherThread [stack: 0x00007f38633c9000,0x00007f38634ca000] [id=2690]

VM state:at safepoint (normal execution)

VM Mutex/Monitor currently owned by a thread:  ([mutex/lock_event])
[0x00007f389c009fb0] Threads_lock - owner thread: 0x00007f389c149000
[0x00007f389c00a4b0] Heap_lock - owner thread: 0x00007f389d5d4800

Heap:
 PSYoungGen      total 487424K, used 2112K [0x00000000d7000000, 0x00000000f6180000, 0x0000000100000000)
  eden space 465408K, 0% used [0x00000000d7000000,0x00000000d7000000,0x00000000f3680000)
  from space 22016K, 9% used [0x00000000f3680000,0x00000000f3890000,0x00000000f4c00000)
  to   space 7168K, 0% used [0x00000000f5a80000,0x00000000f5a80000,0x00000000f6180000)
 ParOldGen       total 93184K, used 39535K [0x0000000085000000, 0x000000008ab00000, 0x00000000d7000000)
  object space 93184K, 42% used [0x0000000085000000,0x000000008769bd10,0x000000008ab00000)
 Metaspace       used 43900K, capacity 44746K, committed 45056K, reserved 1089536K
  class space    used 5148K, capacity 5312K, committed 5376K, reserved 1048576K

Card table byte_map: [0x00007f38a0283000,0x00007f38a065c000] byte_map_base: 0x00007f389fe5b000

Marking Bits: (ParMarkBitMap*) 0x00007f38a2d9d120
 Begin Bits: [0x00007f388247c000, 0x00007f388433c000)
 End Bits:   [0x00007f388433c000, 0x00007f38861fc000)

Polling page: 0x00007f38a39e3000

CodeCache: size=245760Kb used=19771Kb max_used=19819Kb free=225988Kb
 bounds [0x00007f388668e000, 0x00007f3887a2e000, 0x00007f389568e000]
 total_blobs=5758 nmethods=5287 adapters=392
 compilation: enabled

Compilation events (10 events):
Event: 125748.504 Thread 0x00007f389c735000 nmethod 6572 0x00007f38879bead0 code [0x00007f38879bed20, 0x00007f38879bf4b0]
Event: 125748.508 Thread 0x00007f389c735000 6573       4       java.util.Calendar::checkDisplayNameParams (61 bytes)
Event: 125748.509 Thread 0x00007f389c735000 nmethod 6573 0x00007f38878e1b10 code [0x00007f38878e1c60, 0x00007f38878e1e78]
Event: 125748.527 Thread 0x00007f389c735000 6574       4       java.util.ArrayList::remove (69 bytes)
Event: 125748.558 Thread 0x00007f389c735000 nmethod 6574 0x00007f3886a90e10 code [0x00007f3886a90f80, 0x00007f3886a911f8]
Event: 125749.904 Thread 0x00007f389c737800 6575       3       java.lang.Throwable::<init> (50 bytes)
Event: 125749.934 Thread 0x00007f389c733000 nmethod 6571 0x00007f3887a06e50 code [0x00007f3887a078a0, 0x00007f3887a12978]
Event: 125749.936 Thread 0x00007f389c737800 nmethod 6575 0x00007f38879be410 code [0x00007f38879be5a0, 0x00007f38879be9b8]
Event: 125749.936 Thread 0x00007f389c737800 6576       3       java.lang.Integer::parseInt (7 bytes)
Event: 125749.936 Thread 0x00007f389c737800 nmethod 6576 0x00007f3886a90a50 code [0x00007f3886a90bc0, 0x00007f3886a90d48]

GC Heap History (10 events):
Event: 5.169 GC heap after
Heap after GC invocations=12 (full 2):
 PSYoungGen      total 296960K, used 0K [0x00000000d7000000, 0x00000000ea780000, 0x0000000100000000)
  eden space 282112K, 0% used [0x00000000d7000000,0x00000000d7000000,0x00000000e8380000)
  from space 14848K, 0% used [0x00000000e9380000,0x00000000e9380000,0x00000000ea200000)
  to   space 16384K, 0% used [0x00000000e8380000,0x00000000e8380000,0x00000000e9380000)
 ParOldGen       total 93184K, used 24937K [0x0000000085000000, 0x000000008ab00000, 0x00000000d7000000)
  object space 93184K, 26% used [0x0000000085000000,0x000000008685a5b8,0x000000008ab00000)
 Metaspace       used 34852K, capacity 35256K, committed 35496K, reserved 1081344K
  class space    used 4142K, capacity 4241K, committed 4352K, reserved 1048576K
}
Event: 6.456 GC heap before
{Heap before GC invocations=13 (full 2):
 PSYoungGen      total 296960K, used 282112K [0x00000000d7000000, 0x00000000ea780000, 0x0000000100000000)
  eden space 282112K, 100% used [0x00000000d7000000,0x00000000e8380000,0x00000000e8380000)
  from space 14848K, 0% used [0x00000000e9380000,0x00000000e9380000,0x00000000ea200000)
  to   space 16384K, 0% used [0x00000000e8380000,0x00000000e8380000,0x00000000e9380000)
 ParOldGen       total 93184K, used 24937K [0x0000000085000000, 0x000000008ab00000, 0x00000000d7000000)
  object space 93184K, 26% used [0x0000000085000000,0x000000008685a5b8,0x000000008ab00000)
 Metaspace       used 38244K, capacity 38984K, committed 39168K, reserved 1083392K
  class space    used 4591K, capacity 4741K, committed 4864K, reserved 1048576K
Event: 6.482 GC heap after
Heap after GC invocations=13 (full 2):
 PSYoungGen      total 298496K, used 5515K [0x00000000d7000000, 0x00000000efb80000, 0x0000000100000000)
  eden space 282112K, 0% used [0x00000000d7000000,0x00000000d7000000,0x00000000e8380000)
  from space 16384K, 33% used [0x00000000e8380000,0x00000000e88e2c40,0x00000000e9380000)
  to   space 15872K, 0% used [0x00000000eec00000,0x00000000eec00000,0x00000000efb80000)
 ParOldGen       total 93184K, used 24945K [0x0000000085000000, 0x000000008ab00000, 0x00000000d7000000)
  object space 93184K, 26% used [0x0000000085000000,0x000000008685c5b8,0x000000008ab00000)
 Metaspace       used 38244K, capacity 38984K, committed 39168K, reserved 1083392K
  class space    used 4591K, capacity 4741K, committed 4864K, reserved 1048576K
}
Event: 7.644 GC heap before
{Heap before GC invocations=14 (full 2):
 PSYoungGen      total 298496K, used 287627K [0x00000000d7000000, 0x00000000efb80000, 0x0000000100000000)
  eden space 282112K, 100% used [0x00000000d7000000,0x00000000e8380000,0x00000000e8380000)
  from space 16384K, 33% used [0x00000000e8380000,0x00000000e88e2c40,0x00000000e9380000)
  to   space 15872K, 0% used [0x00000000eec00000,0x00000000eec00000,0x00000000efb80000)
 ParOldGen       total 93184K, used 24945K [0x0000000085000000, 0x000000008ab00000, 0x00000000d7000000)
  object space 93184K, 26% used [0x0000000085000000,0x000000008685c5b8,0x000000008ab00000)
 Metaspace       used 39846K, capacity 40660K, committed 40832K, reserved 1085440K
  class space    used 4772K, capacity 4935K, committed 4992K, reserved 1048576K
Event: 7.656 GC heap after
Heap after GC invocations=14 (full 2):
 PSYoungGen      total 378880K, used 11620K [0x00000000d7000000, 0x00000000ef780000, 0x0000000100000000)
  eden space 367104K, 0% used [0x00000000d7000000,0x00000000d7000000,0x00000000ed680000)
  from space 11776K, 98% used [0x00000000eec00000,0x00000000ef759170,0x00000000ef780000)
  to   space 16384K, 0% used [0x00000000ed780000,0x00000000ed780000,0x00000000ee780000)
 ParOldGen       total 93184K, used 28026K [0x0000000085000000, 0x000000008ab00000, 0x00000000d7000000)
  object space 93184K, 30% used [0x0000000085000000,0x0000000086b5e810,0x000000008ab00000)
 Metaspace       used 39846K, capacity 40660K, committed 40832K, reserved 1085440K
  class space    used 4772K, capacity 4935K, committed 4992K, reserved 1048576K
}
Event: 8.694 GC heap before
{Heap before GC invocations=15 (full 2):
 PSYoungGen      total 378880K, used 378724K [0x00000000d7000000, 0x00000000ef780000, 0x0000000100000000)
  eden space 367104K, 100% used [0x00000000d7000000,0x00000000ed680000,0x00000000ed680000)
  from space 11776K, 98% used [0x00000000eec00000,0x00000000ef759170,0x00000000ef780000)
  to   space 16384K, 0% used [0x00000000ed780000,0x00000000ed780000,0x00000000ee780000)
 ParOldGen       total 93184K, used 28026K [0x0000000085000000, 0x000000008ab00000, 0x00000000d7000000)
  object space 93184K, 30% used [0x0000000085000000,0x0000000086b5e810,0x000000008ab00000)
 Metaspace       used 42243K, capacity 43066K, committed 43392K, reserved 1087488K
  class space    used 5043K, capacity 5208K, committed 5248K, reserved 1048576K
Event: 8.719 GC heap after
Heap after GC invocations=15 (full 2):
 PSYoungGen      total 384512K, used 16378K [0x00000000d7000000, 0x00000000f7080000, 0x0000000100000000)
  eden space 368128K, 0% used [0x00000000d7000000,0x00000000d7000000,0x00000000ed780000)
  from space 16384K, 99% used [0x00000000ed780000,0x00000000ee77eb50,0x00000000ee780000)
  to   space 22528K, 0% used [0x00000000f5a80000,0x00000000f5a80000,0x00000000f7080000)
 ParOldGen       total 93184K, used 37287K [0x0000000085000000, 0x000000008ab00000, 0x00000000d7000000)
  object space 93184K, 40% used [0x0000000085000000,0x0000000087469ce0,0x000000008ab00000)
 Metaspace       used 42243K, capacity 43066K, committed 43392K, reserved 1087488K
  class space    used 5043K, capacity 5208K, committed 5248K, reserved 1048576K
}
Event: 34204.032 GC heap before
{Heap before GC invocations=16 (full 2):
 PSYoungGen      total 384512K, used 384506K [0x00000000d7000000, 0x00000000f7080000, 0x0000000100000000)
  eden space 368128K, 100% used [0x00000000d7000000,0x00000000ed780000,0x00000000ed780000)
  from space 16384K, 99% used [0x00000000ed780000,0x00000000ee77eb50,0x00000000ee780000)
  to   space 22528K, 0% used [0x00000000f5a80000,0x00000000f5a80000,0x00000000f7080000)
 ParOldGen       total 93184K, used 37287K [0x0000000085000000, 0x000000008ab00000, 0x00000000d7000000)
  object space 93184K, 40% used [0x0000000085000000,0x0000000087469ce0,0x000000008ab00000)
 Metaspace       used 43821K, capacity 44618K, committed 44800K, reserved 1089536K
  class space    used 5148K, capacity 5312K, committed 5376K, reserved 1048576K
Event: 34204.310 GC heap after
Heap after GC invocations=16 (full 2):
 PSYoungGen      total 472576K, used 3464K [0x00000000d7000000, 0x00000000f6180000, 0x0000000100000000)
  eden space 465408K, 0% used [0x00000000d7000000,0x00000000d7000000,0x00000000f3680000)
  from space 7168K, 48% used [0x00000000f5a80000,0x00000000f5de21d8,0x00000000f6180000)
  to   space 22016K, 0% used [0x00000000f3680000,0x00000000f3680000,0x00000000f4c00000)
 ParOldGen       total 93184K, used 39527K [0x0000000085000000, 0x000000008ab00000, 0x00000000d7000000)
  object space 93184K, 42% used [0x0000000085000000,0x0000000087699d10,0x000000008ab00000)
 Metaspace       used 43821K, capacity 44618K, committed 44800K, reserved 1089536K
  class space    used 5148K, capacity 5312K, committed 5376K, reserved 1048576K
}
Event: 125750.068 GC heap before
{Heap before GC invocations=17 (full 2):
 PSYoungGen      total 472576K, used 468872K [0x00000000d7000000, 0x00000000f6180000, 0x0000000100000000)
  eden space 465408K, 100% used [0x00000000d7000000,0x00000000f3680000,0x00000000f3680000)
  from space 7168K, 48% used [0x00000000f5a80000,0x00000000f5de21d8,0x00000000f6180000)
  to   space 22016K, 0% used [0x00000000f3680000,0x00000000f3680000,0x00000000f4c00000)
 ParOldGen       total 93184K, used 39527K [0x0000000085000000, 0x000000008ab00000, 0x00000000d7000000)
  object space 93184K, 42% used [0x0000000085000000,0x0000000087699d10,0x000000008ab00000)
 Metaspace       used 43900K, capacity 44746K, committed 45056K, reserved 1089536K
  class space    used 5148K, capacity 5312K, committed 5376K, reserved 1048576K

Deoptimization events (10 events):
Event: 11698.121 Thread 0x00007f389d5a6000 Uncommon trap: reason=unstable_if action=reinterpret pc=0x00007f3886de5acc method=org.apache.zookeeper.ZooKeeper$States.isAlive()Z @ 4
Event: 11698.156 Thread 0x00007f389d594800 Uncommon trap: reason=unstable_if action=reinterpret pc=0x00007f3886c4234c method=java.util.concurrent.ConcurrentHashMap$KeySetView.iterator()Ljava/util/Iterator; @ 11
Event: 11698.212 Thread 0x00007f3814005000 Uncommon trap: reason=unstable_if action=reinterpret pc=0x00007f38875a09ac method=org.apache.zookeeper.ClientCnxnSocketNIO.enableWrite()V @ 11
Event: 11698.357 Thread 0x00007f389d5d4800 Uncommon trap: reason=class_check action=maybe_recompile pc=0x00007f388684acec method=java.util.concurrent.ThreadPoolExecutor.getTask()Ljava/lang/Runnable; @ 149
Event: 11698.357 Thread 0x00007f389d5d4800 Uncommon trap: reason=class_check action=maybe_recompile pc=0x00007f388684acec method=java.util.concurrent.ThreadPoolExecutor.getTask()Ljava/lang/Runnable; @ 149
Event: 11698.357 Thread 0x00007f389d5d4800 Uncommon trap: reason=class_check action=maybe_recompile pc=0x00007f388684acec method=java.util.concurrent.ThreadPoolExecutor.getTask()Ljava/lang/Runnable; @ 149
Event: 11698.450 Thread 0x00007f389d5d4800 Uncommon trap: reason=class_check action=maybe_recompile pc=0x00007f388684acec method=java.util.concurrent.ThreadPoolExecutor.getTask()Ljava/lang/Runnable; @ 149
Event: 11698.479 Thread 0x00007f389d594800 Uncommon trap: reason=unstable_if action=reinterpret pc=0x00007f38868cb090 method=java.util.concurrent.ThreadPoolExecutor.runStateAtLeast(II)Z @ 2
Event: 104017.388 Thread 0x00007f3814006000 Uncommon trap: reason=unstable_if action=reinterpret pc=0x00007f38869e90ac method=java.util.concurrent.ConcurrentHashMap$EntrySetView.iterator()Ljava/util/Iterator; @ 11
Event: 104021.227 Thread 0x00007f389d5d4800 Uncommon trap: reason=unstable_if action=reinterpret pc=0x00007f3887120524 method=java.util.Properties$LineReader.readLine()I @ 93

Internal exceptions (10 events):
Event: 97197.010 Thread 0x00007f389d667000 Exception <a 'java/lang/NullPointerException'> (0x00000000e3fb5a78) thrown at [/HUDSON3/workspace/8-2-build-linux-amd64/jdk8u101/7261/hotspot/src/share/vm/runtime/sharedRuntime.cpp, line 605]
Event: 97221.777 Thread 0x00007f389d5dc000 Implicit null exception at 0x00007f3887303721 to 0x00007f3887303fc2
Event: 97221.778 Thread 0x00007f389d5dc000 Exception <a 'java/lang/NullPointerException'> (0x00000000e42e64c8) thrown at [/HUDSON3/workspace/8-2-build-linux-amd64/jdk8u101/7261/hotspot/src/share/vm/runtime/sharedRuntime.cpp, line 605]
Event: 97253.327 Thread 0x00007f389d5d9000 Implicit null exception at 0x00007f3887303721 to 0x00007f3887303fc2
Event: 97253.327 Thread 0x00007f389d5d9000 Exception <a 'java/lang/NullPointerException'> (0x00000000e4bb2f00) thrown at [/HUDSON3/workspace/8-2-build-linux-amd64/jdk8u101/7261/hotspot/src/share/vm/runtime/sharedRuntime.cpp, line 605]
Event: 97257.014 Thread 0x00007f389d667000 Implicit null exception at 0x00007f3887303721 to 0x00007f3887303fc2
Event: 97257.023 Thread 0x00007f389d667000 Exception <a 'java/lang/NullPointerException'> (0x00000000e3fb80a0) thrown at [/HUDSON3/workspace/8-2-build-linux-amd64/jdk8u101/7261/hotspot/src/share/vm/runtime/sharedRuntime.cpp, line 605]
Event: 97267.211 Thread 0x00007f389d5d7000 Implicit null exception at 0x00007f3887303d4c to 0x00007f3887304063
Event: 97267.211 Thread 0x00007f389d5d7000 Exception <a 'java/lang/NullPointerException'> (0x00000000e4f10118) thrown at [/HUDSON3/workspace/8-2-build-linux-amd64/jdk8u101/7261/hotspot/src/share/vm/runtime/sharedRuntime.cpp, line 605]
Event: 104017.388 Thread 0x00007f3814006000 Implicit null exception at 0x00007f38869e8d08 to 0x00007f38869e9091

Events (10 events):
Event: 125750.065 Thread 0x00007f389d58b000 DEOPT UNPACKING pc=0x00007f38866d5633 sp=0x00007f3837dfbcc8 mode 1
Event: 125750.065 Thread 0x00007f389d58b000 DEOPT PACKING pc=0x00007f38878345e4 sp=0x00007f3837dfc010
Event: 125750.065 Thread 0x00007f389d58b000 DEOPT UNPACKING pc=0x00007f38866d5633 sp=0x00007f3837dfbd08 mode 1
Event: 125750.065 Thread 0x00007f389d58b000 DEOPT PACKING pc=0x00007f3887580554 sp=0x00007f3837dfc0d0
Event: 125750.065 Thread 0x00007f389d58b000 DEOPT UNPACKING pc=0x00007f38866d5633 sp=0x00007f3837dfbf18 mode 1
Event: 125750.065 Thread 0x00007f389d58b000 DEOPT PACKING pc=0x00007f38878727dc sp=0x00007f3837dfc230
Event: 125750.065 Thread 0x00007f389d58b000 DEOPT UNPACKING pc=0x00007f38866d5633 sp=0x00007f3837dfbfd0 mode 1
Event: 125750.065 Thread 0x00007f389d58b000 DEOPT PACKING pc=0x00007f388799ebdc sp=0x00007f3837dfc2f0
Event: 125750.065 Thread 0x00007f389d58b000 DEOPT UNPACKING pc=0x00007f38866d5633 sp=0x00007f3837dfc070 mode 1
Event: 125750.066 Executing VM operation: ParallelGCFailedAllocation


Dynamic libraries:
00400000-00401000 r-xp 00000000 fd:02 1842668                            /home/ike/soft/jdk1.8.0_101/bin/java
00600000-00601000 rw-p 00000000 fd:02 1842668                            /home/ike/soft/jdk1.8.0_101/bin/java
011b5000-011d6000 rw-p 00000000 00:00 0                                  [heap]
85000000-8ab00000 rw-p 00000000 00:00 0 
8ab00000-d7000000 ---p 00000000 00:00 0 
d7000000-f6180000 rw-p 00000000 00:00 0 
fc680000-100000000 ---p 00000000 00:00 0 
100000000-100540000 rw-p 00000000 00:00 0 
100540000-140000000 ---p 00000000 00:00 0 
7f37f4000000-7f37f4a93000 rw-p 00000000 00:00 0 
7f37f4a93000-7f37f8000000 ---p 00000000 00:00 0 
7f37fc000000-7f37fc021000 rw-p 00000000 00:00 0 
7f37fc021000-7f3800000000 ---p 00000000 00:00 0 
7f3800000000-7f3800021000 rw-p 00000000 00:00 0 
7f3800021000-7f3804000000 ---p 00000000 00:00 0 
7f3804000000-7f3804021000 rw-p 00000000 00:00 0 
7f3804021000-7f3808000000 ---p 00000000 00:00 0 
7f380c000000-7f380c06a000 rw-p 00000000 00:00 0 
7f380c06a000-7f3810000000 ---p 00000000 00:00 0 
7f3810000000-7f3810021000 rw-p 00000000 00:00 0 
7f3810021000-7f3814000000 ---p 00000000 00:00 0 
7f3814000000-7f3814028000 rw-p 00000000 00:00 0 
7f3814028000-7f3818000000 ---p 00000000 00:00 0 
7f3818000000-7f3818021000 rw-p 00000000 00:00 0 
7f3818021000-7f381c000000 ---p 00000000 00:00 0 
7f381c000000-7f381c032000 rw-p 00000000 00:00 0 
7f381c032000-7f3820000000 ---p 00000000 00:00 0 
7f3820000000-7f3820036000 rw-p 00000000 00:00 0 
7f3820036000-7f3824000000 ---p 00000000 00:00 0 
7f3824000000-7f3824021000 rw-p 00000000 00:00 0 
7f3824021000-7f3828000000 ---p 00000000 00:00 0 
7f3828000000-7f382828e000 rw-p 00000000 00:00 0 
7f382828e000-7f382c000000 ---p 00000000 00:00 0 
7f382c000000-7f382c021000 rw-p 00000000 00:00 0 
7f382c021000-7f3830000000 ---p 00000000 00:00 0 
7f3830000000-7f3830060000 rw-p 00000000 00:00 0 
7f3830060000-7f3834000000 ---p 00000000 00:00 0 
7f3835be4000-7f3835ca4000 rw-p 00000000 00:00 0 
7f3835ca4000-7f3835de4000 ---p 00000000 00:00 0 
7f3835de4000-7f3835de7000 ---p 00000000 00:00 0 
7f3835de7000-7f3835ee5000 rw-p 00000000 00:00 0 
7f3835ee5000-7f3835ee8000 ---p 00000000 00:00 0 
7f3835ee8000-7f3835fe6000 rw-p 00000000 00:00 0 
7f3835fe6000-7f3835fe9000 ---p 00000000 00:00 0 
7f3835fe9000-7f38360e7000 rw-p 00000000 00:00 0 
7f38360e7000-7f38360ea000 ---p 00000000 00:00 0 
7f38360ea000-7f38361e8000 rw-p 00000000 00:00 0 
7f38361e8000-7f38361eb000 ---p 00000000 00:00 0 
7f38361eb000-7f38364e9000 rw-p 00000000 00:00 0 
7f38364e9000-7f38364ec000 ---p 00000000 00:00 0 
7f38364ec000-7f38367ea000 rw-p 00000000 00:00 0 
7f38367ea000-7f38367ed000 ---p 00000000 00:00 0 
7f38367ed000-7f38368eb000 rw-p 00000000 00:00 0 
7f38368eb000-7f38368ee000 ---p 00000000 00:00 0 
7f38368ee000-7f38369ec000 rw-p 00000000 00:00 0 
7f38369ec000-7f38369ef000 ---p 00000000 00:00 0 
7f38369ef000-7f3836aed000 rw-p 00000000 00:00 0 
7f3836aed000-7f3836af0000 ---p 00000000 00:00 0 
7f3836af0000-7f3836bee000 rw-p 00000000 00:00 0 
7f3836bee000-7f3836bf1000 ---p 00000000 00:00 0 
7f3836bf1000-7f3836cef000 rw-p 00000000 00:00 0 
7f3836cef000-7f3836cf2000 ---p 00000000 00:00 0 
7f3836cf2000-7f3836df0000 rw-p 00000000 00:00 0 
7f3836df0000-7f3836df3000 ---p 00000000 00:00 0 
7f3836df3000-7f3836ef1000 rw-p 00000000 00:00 0 
7f3836ef1000-7f3836ef4000 ---p 00000000 00:00 0 
7f3836ef4000-7f38371f2000 rw-p 00000000 00:00 0 
7f38371f2000-7f38371f5000 ---p 00000000 00:00 0 
7f38371f5000-7f38372f3000 rw-p 00000000 00:00 0 
7f38372f3000-7f38372f6000 ---p 00000000 00:00 0 
7f38372f6000-7f38373f4000 rw-p 00000000 00:00 0 
7f38373f4000-7f38373f7000 ---p 00000000 00:00 0 
7f38373f7000-7f38374f5000 rw-p 00000000 00:00 0 
7f38374f5000-7f38374f8000 ---p 00000000 00:00 0 
7f38374f8000-7f38375f6000 rw-p 00000000 00:00 0 
7f38375f6000-7f38375f9000 ---p 00000000 00:00 0 
7f38375f9000-7f38376f7000 rw-p 00000000 00:00 0 
7f38376f7000-7f38376fa000 ---p 00000000 00:00 0 
7f38376fa000-7f38377f8000 rw-p 00000000 00:00 0 
7f38377f8000-7f38377fb000 ---p 00000000 00:00 0 
7f38377fb000-7f38378f9000 rw-p 00000000 00:00 0 
7f38378f9000-7f38378fc000 ---p 00000000 00:00 0 
7f38378fc000-7f38379fa000 rw-p 00000000 00:00 0 
7f38379fa000-7f38379fd000 ---p 00000000 00:00 0 
7f38379fd000-7f3837afb000 rw-p 00000000 00:00 0 
7f3837afb000-7f3837afe000 ---p 00000000 00:00 0 
7f3837afe000-7f3837bfc000 rw-p 00000000 00:00 0 
7f3837bfc000-7f3837bff000 ---p 00000000 00:00 0 
7f3837bff000-7f3837cfd000 rw-p 00000000 00:00 0 
7f3837cfd000-7f3837d00000 ---p 00000000 00:00 0 
7f3837d00000-7f3837dfe000 rw-p 00000000 00:00 0 
7f3837dfe000-7f3837e01000 ---p 00000000 00:00 0 
7f3837e01000-7f3837eff000 rw-p 00000000 00:00 0 
7f3837eff000-7f3837f02000 ---p 00000000 00:00 0 
7f3837f02000-7f3838000000 rw-p 00000000 00:00 0 
7f3838000000-7f3838021000 rw-p 00000000 00:00 0 
7f3838021000-7f383c000000 ---p 00000000 00:00 0 
7f383c000000-7f383c293000 rw-p 00000000 00:00 0 
7f383c293000-7f3840000000 ---p 00000000 00:00 0 
7f3840000000-7f3841342000 rw-p 00000000 00:00 0 
7f3841342000-7f3844000000 ---p 00000000 00:00 0 
7f3844000000-7f3844021000 rw-p 00000000 00:00 0 
7f3844021000-7f3848000000 ---p 00000000 00:00 0 
7f3848000000-7f384bfff000 rw-p 00000000 00:00 0 
7f384bfff000-7f384c000000 ---p 00000000 00:00 0 
7f384c000000-7f384facb000 rw-p 00000000 00:00 0 
7f384facb000-7f3850000000 ---p 00000000 00:00 0 
7f3850000000-7f3850021000 rw-p 00000000 00:00 0 
7f3850021000-7f3854000000 ---p 00000000 00:00 0 
7f3854000000-7f3854021000 rw-p 00000000 00:00 0 
7f3854021000-7f3858000000 ---p 00000000 00:00 0 
7f3858000000-7f3858098000 rw-p 00000000 00:00 0 
7f3858098000-7f385c000000 ---p 00000000 00:00 0 
7f385c000000-7f385c038000 rw-p 00000000 00:00 0 
7f385c038000-7f3860000000 ---p 00000000 00:00 0 
7f38600e6000-7f38602e6000 rw-p 00000000 00:00 0 
7f38602e6000-7f38604e6000 rw-p 00000000 00:00 0 
7f38604e6000-7f38606e6000 rw-p 00000000 00:00 0 
7f38607d2000-7f38607d5000 ---p 00000000 00:00 0 
7f38607d5000-7f3860ad3000 rw-p 00000000 00:00 0 
7f3860ad3000-7f3860cd3000 rw-p 00000000 00:00 0 
7f3860cd3000-7f3860ed3000 rw-p 00000000 00:00 0 
7f3860ed3000-7f38610d3000 rw-p 00000000 00:00 0 
7f38610d3000-7f3861169000 r--s 01102000 fd:02 1842825                    /home/ike/soft/jdk1.8.0_101/jre/lib/ext/jfxrt.jar
7f3861169000-7f3861369000 rw-p 00000000 00:00 0 
7f3861369000-7f386137a000 r-xp 00000000 fd:02 1842775                    /home/ike/soft/jdk1.8.0_101/jre/lib/amd64/libnio.so
7f386137a000-7f3861579000 ---p 00011000 fd:02 1842775                    /home/ike/soft/jdk1.8.0_101/jre/lib/amd64/libnio.so
7f3861579000-7f386157a000 rw-p 00010000 fd:02 1842775                    /home/ike/soft/jdk1.8.0_101/jre/lib/amd64/libnio.so
7f386157a000-7f386177a000 rw-p 00000000 00:00 0 
7f386177a000-7f386197a000 rw-p 00000000 00:00 0 
7f386197a000-7f3861b7a000 rw-p 00000000 00:00 0 
7f3861b7a000-7f3861d7a000 rw-p 00000000 00:00 0 
7f3861d7a000-7f3861d83000 r-xp 00000000 fd:02 1842786                    /home/ike/soft/jdk1.8.0_101/jre/lib/amd64/libmanagement.so
7f3861d83000-7f3861f82000 ---p 00009000 fd:02 1842786                    /home/ike/soft/jdk1.8.0_101/jre/lib/amd64/libmanagement.so
7f3861f82000-7f3861f83000 rw-p 00008000 fd:02 1842786                    /home/ike/soft/jdk1.8.0_101/jre/lib/amd64/libmanagement.so
7f3861f83000-7f3861f87000 r-xp 00000000 fd:00 664365                     /usr/lib64/libattr.so.1.1.0
7f3861f87000-7f3862186000 ---p 00004000 fd:00 664365                     /usr/lib64/libattr.so.1.1.0
7f3862186000-7f3862187000 r--p 00003000 fd:00 664365                     /usr/lib64/libattr.so.1.1.0
7f3862187000-7f3862188000 rw-p 00000000 00:00 0 
7f3862188000-7f38621f7000 r-xp 00000000 fd:00 664979                     /usr/lib64/libpcre.so.1.2.6
7f38621f7000-7f38623f7000 ---p 0006f000 fd:00 664979                     /usr/lib64/libpcre.so.1.2.6
7f38623f7000-7f38623f8000 r--p 0006f000 fd:00 664979                     /usr/lib64/libpcre.so.1.2.6
7f38623f8000-7f38623f9000 rw-p 00070000 fd:00 664979                     /usr/lib64/libpcre.so.1.2.6
7f38623f9000-7f386240f000 r-xp 00000000 fd:00 664597                     /usr/lib64/libgcc_s-6.1.1-20160510.so.1
7f386240f000-7f386260e000 ---p 00016000 fd:00 664597                     /usr/lib64/libgcc_s-6.1.1-20160510.so.1
7f386260e000-7f386260f000 r--p 00015000 fd:00 664597                     /usr/lib64/libgcc_s-6.1.1-20160510.so.1
7f386260f000-7f3862610000 rw-p 00016000 fd:00 664597                     /usr/lib64/libgcc_s-6.1.1-20160510.so.1
7f3862610000-7f3862614000 r-xp 00000000 fd:00 664426                     /usr/lib64/libcap.so.2.24
7f3862614000-7f3862813000 ---p 00004000 fd:00 664426                     /usr/lib64/libcap.so.2.24
7f3862813000-7f3862814000 r--p 00003000 fd:00 664426                     /usr/lib64/libcap.so.2.24
7f3862814000-7f3862815000 rw-p 00004000 fd:00 664426                     /usr/lib64/libcap.so.2.24
7f3862815000-7f3862838000 r-xp 00000000 fd:00 665086                     /usr/lib64/libselinux.so.1
7f3862838000-7f3862a38000 ---p 00023000 fd:00 665086                     /usr/lib64/libselinux.so.1
7f3862a38000-7f3862a39000 r--p 00023000 fd:00 665086                     /usr/lib64/libselinux.so.1
7f3862a39000-7f3862a3a000 rw-p 00024000 fd:00 665086                     /usr/lib64/libselinux.so.1
7f3862a3a000-7f3862a3c000 rw-p 00000000 00:00 0 
7f3862a3c000-7f3862a4d000 r-xp 00000000 fd:00 664928                     /usr/lib64/libnss_myhostname.so.2
7f3862a4d000-7f3862a4f000 r--p 00010000 fd:00 664928                     /usr/lib64/libnss_myhostname.so.2
7f3862a4f000-7f3862a50000 rw-p 00012000 fd:00 664928                     /usr/lib64/libnss_myhostname.so.2
7f3862a50000-7f3862a67000 r-xp 00000000 fd:00 663745                     /usr/lib64/libresolv-2.23.so
7f3862a67000-7f3862c66000 ---p 00017000 fd:00 663745                     /usr/lib64/libresolv-2.23.so
7f3862c66000-7f3862c67000 r--p 00016000 fd:00 663745                     /usr/lib64/libresolv-2.23.so
7f3862c67000-7f3862c68000 rw-p 00017000 fd:00 663745                     /usr/lib64/libresolv-2.23.so
7f3862c68000-7f3862c6a000 rw-p 00000000 00:00 0 
7f3862c6a000-7f3862c6f000 r-xp 00000000 fd:00 663664                     /usr/lib64/libnss_dns-2.23.so
7f3862c6f000-7f3862e6e000 ---p 00005000 fd:00 663664                     /usr/lib64/libnss_dns-2.23.so
7f3862e6e000-7f3862e6f000 r--p 00004000 fd:00 663664                     /usr/lib64/libnss_dns-2.23.so
7f3862e6f000-7f3862e70000 rw-p 00005000 fd:00 663664                     /usr/lib64/libnss_dns-2.23.so
7f3862e70000-7f3862e72000 r-xp 00000000 fd:00 664924                     /usr/lib64/libnss_mdns4_minimal.so.2
7f3862e72000-7f3863071000 ---p 00002000 fd:00 664924                     /usr/lib64/libnss_mdns4_minimal.so.2
7f3863071000-7f3863072000 r--p 00001000 fd:00 664924                     /usr/lib64/libnss_mdns4_minimal.so.2
7f3863072000-7f3863073000 rw-p 00000000 00:00 0 
7f3863082000-7f3863086000 r--s 00097000 fd:02 1842696                    /home/ike/soft/jdk1.8.0_101/jre/lib/jsse.jar
7f3863086000-7f386308b000 r--s 002f9000 fd:02 1842697                    /home/ike/soft/jdk1.8.0_101/jre/lib/charsets.jar
7f386308b000-7f386308e000 ---p 00000000 00:00 0 
7f386308e000-7f386318c000 rw-p 00000000 00:00 0 
7f386318c000-7f38631a2000 r-xp 00000000 fd:02 1842752                    /home/ike/soft/jdk1.8.0_101/jre/lib/amd64/libnet.so
7f38631a2000-7f38633a2000 ---p 00016000 fd:02 1842752                    /home/ike/soft/jdk1.8.0_101/jre/lib/amd64/libnet.so
7f38633a2000-7f38633a3000 rw-p 00016000 fd:02 1842752                    /home/ike/soft/jdk1.8.0_101/jre/lib/amd64/libnet.so
7f38633a3000-7f38633ad000 r--s 00116000 fd:02 1842829                    /home/ike/soft/jdk1.8.0_101/jre/lib/ext/localedata.jar
7f38633ad000-7f38633c9000 r--s 00393000 fd:02 1842832                    /home/ike/soft/jdk1.8.0_101/jre/lib/ext/cldrdata.jar
7f38633c9000-7f38633ca000 ---p 00000000 00:00 0 
7f38633ca000-7f38634ca000 rw-p 00000000 00:00 0 
7f38634ca000-7f38634cd000 ---p 00000000 00:00 0 
7f38634cd000-7f38635cb000 rw-p 00000000 00:00 0 
7f38635cb000-7f38635ce000 ---p 00000000 00:00 0 
7f38635ce000-7f38636cc000 rw-p 00000000 00:00 0 
7f38636cc000-7f38636cf000 ---p 00000000 00:00 0 
7f38636cf000-7f38637cd000 rw-p 00000000 00:00 0 
7f38637cd000-7f38637d0000 ---p 00000000 00:00 0 
7f38637d0000-7f38638ce000 rw-p 00000000 00:00 0 
7f38638ce000-7f38638d0000 r--s 0000a000 fd:02 1967374                    /home/ike/soft/idea-IU-163.10154.41/plugins/Groovy/lib/agent/gragent.jar
7f38638d0000-7f38638d2000 r--s 00019000 fd:02 1967154                    /home/ike/soft/idea-IU-163.10154.41/lib/idea_rt.jar
7f38638d2000-7f38638eb000 r--s 0012c000 fd:02 5375625                    /home/ike/.gradle/caches/modules-2/files-2.1/io.netty/netty/3.10.5.Final/9ca7d55d246092bddd29b867706e2f6c7db701a0/netty-3.10.5.Final.jar
7f38638eb000-7f38638f4000 r--s 0006d000 fd:02 2890752                    /home/ike/.m2/repository/log4j/log4j/1.2.16/log4j-1.2.16.jar
7f38638f4000-7f3863901000 r--s 000b9000 fd:02 5375621                    /home/ike/.gradle/caches/modules-2/files-2.1/org.apache.zookeeper/zookeeper/3.4.9/cbd9135689d6622a411e1e9b0ce880b502be5277/zookeeper-3.4.9.jar
7f3863901000-7f3863903000 r--s 00005000 fd:02 2361155                    /home/ike/.m2/repository/stax/stax-api/1.0.1/stax-api-1.0.1.jar
7f3863903000-7f386390e000 r--s 0006a000 fd:02 6948932                    /home/ike/.gradle/caches/modules-2/files-2.1/ch.qos.logback/logback-core/1.1.11/88b8df40340eed549fb07e2613879bf6b006704d/logback-core-1.1.11.jar
7f386390e000-7f3863910000 r--s 00100000 fd:02 4457535                    /home/ike/.gradle/caches/modules-2/files-2.1/org.xerial.snappy/snappy-java/1.1.2.6/48d92871ca286a47f230feb375f0bbffa83b85f6/snappy-java-1.1.2.6.jar
7f3863910000-7f3863912000 r--s 00038000 fd:02 4457533                    /home/ike/.gradle/caches/modules-2/files-2.1/net.jpountz.lz4/lz4/1.3.0/c708bb2590c0652a642236ef45d9f99ff842a2ce/lz4-1.3.0.jar
7f3863912000-7f3863950000 r--s 0025d000 fd:02 2361153                    /home/ike/.m2/repository/org/apache/xmlbeans/xmlbeans/2.6.0/xmlbeans-2.6.0.jar
7f3863950000-7f3863952000 r--s 00012000 fd:02 6293310                    /home/ike/.gradle/caches/modules-2/files-2.1/net.minidev/accessors-smart/1.1/a527213f2fea112a04c9bdf0ec0264e34104cd08/accessors-smart-1.1.jar
7f3863952000-7f3863963000 r--s 00096000 fd:02 7868382                    /home/ike/.gradle/caches/modules-2/files-2.1/org.bouncycastle/bcpkix-jdk15on/1.55/6392d8cba22b722c6570d660ca0b3921ff1bae4f/bcpkix-jdk15on-1.55.jar
7f3863963000-7f3863965000 r--s 0000c000 fd:02 7868380                    /home/ike/.gradle/caches/modules-2/files-2.1/org.springframework.security/spring-security-crypto/4.2.2.RELEASE/713ae22bcef55ae21ca1967d7cb217a1efab5dbf/spring-security-crypto-4.2.2.RELEASE.jar
7f3863965000-7f3863968000 r--s 0002b000 fd:02 5375424                    /home/ike/.gradle/caches/modules-2/files-2.1/org.jboss/jandex/2.0.0.Final/3e899258936f94649c777193e1be846387ed54b3/jandex-2.0.0.Final.jar
7f3863968000-7f386396d000 r--s 00068000 fd:02 2361099                    /home/ike/.m2/repository/antlr/antlr/2.7.7/antlr-2.7.7.jar
7f386396d000-7f386396f000 r--s 00004000 fd:02 5638028                    /home/ike/.gradle/caches/modules-2/files-2.1/org.slf4j/log4j-over-slf4j/1.7.24/6ab46c51a3848286a0db3ba7b22037b3834c3c44/log4j-over-slf4j-1.7.24.jar
7f386396f000-7f3863971000 r--s 00000000 fd:02 6948928                    /home/ike/.gradle/caches/modules-2/files-2.1/org.slf4j/jul-to-slf4j/1.7.24/25a2be668cb2ad1d05d76c0773df73b4b53617fd/jul-to-slf4j-1.7.24.jar
7f3863971000-7f3863973000 r--s 00003000 fd:02 6948938                    /home/ike/.gradle/caches/modules-2/files-2.1/org.slf4j/jcl-over-slf4j/1.7.24/e6a8629079856a2aa7862c6327ccf6dd1988d7fc/jcl-over-slf4j-1.7.24.jar
7f3863973000-7f386397a000 r--s 00045000 fd:02 6948926                    /home/ike/.gradle/caches/modules-2/files-2.1/ch.qos.logback/logback-classic/1.1.11/ccedfbacef4a6515d2983e3f89ed753d5d4fb665/logback-classic-1.1.11.jar
7f386397a000-7f386397c000 r--s 0000f000 fd:02 2361235                    /home/ike/.m2/repository/javax/activation/activation/1.1.1/activation-1.1.1.jar
7f386397c000-7f3863985000 r--s 0008c000 fd:02 4196457                    /home/ike/.gradle/caches/modules-2/files-2.1/com.sun.mail/javax.mail/1.5.6/ab5daef2f881c42c8e280cbe918ec4d7fdfd7efe/javax.mail-1.5.6.jar
7f3863985000-7f38639f8000 r--s 0065b000 fd:02 4457531                    /home/ike/.gradle/caches/modules-2/files-2.1/org.scala-lang/scala-library/2.10.6/421989aa8f95a05a4f894630aad96b8c7b828732/scala-library-2.10.6.jar
7f38639f8000-7f38639fb000 r--s 00012000 fd:02 4457529                    /home/ike/.gradle/caches/modules-2/files-2.1/com.yammer.metrics/metrics-core/2.2.0/f82c035cfa786d3cbec362c38c22a5f5b1bc8724/metrics-core-2.2.0.jar
7f38639fb000-7f38639fe000 r--s 00011000 fd:02 4457527                    /home/ike/.gradle/caches/modules-2/files-2.1/net.sf.jopt-simple/jopt-simple/5.0.3/cdd846cfc4e0f7eefafc02c0f5dce32b9303aa2a/jopt-simple-5.0.3.jar
7f38639fe000-7f3863a10000 r--s 000d6000 fd:02 4457525                    /home/ike/.gradle/caches/modules-2/files-2.1/org.apache.kafka/kafka-clients/0.10.2.0/c20571ff756fcf8f4a7f76fc7b23707a4c14a67d/kafka-clients-0.10.2.0.jar
7f3863a10000-7f3863a14000 r--s 00015000 fd:02 4198063                    /home/ike/.gradle/caches/modules-2/files-2.1/com.github.virtuald/curvesapi/1.04/3386abf821719bc89c7685f9eaafaf4a842f0199/curvesapi-1.04.jar
7f3863a14000-7f3863ace000 r--s 004e0000 fd:02 4330750                    /home/ike/.gradle/caches/modules-2/files-2.1/org.apache.poi/poi-ooxml-schemas/3.16/9828a49307fc6bebfd42185b677d88b6e4994c63/poi-ooxml-schemas-3.16.jar
7f3863ace000-7f3863ade000 r--s 000a8000 fd:02 6820877                    /home/ike/.gradle/caches/modules-2/files-2.1/org.apache.commons/commons-collections4/4.1/a4cf4688fe1c7e3a63aa636cc96d013af537768e/commons-collections4-4.1.jar
7f3863ade000-7f3863adf000 r--s 00004000 fd:02 7473804                    /home/ike/.gradle/caches/modules-2/files-2.1/com.vaadin.external.google/android-json/0.0.20131108.vaadin1/fa26d351fe62a6a17f5cda1287c1c6110dec413f/android-json-0.0.20131108.vaadin1.jar
7f3863adf000-7f3863ae1000 r--s 00009000 fd:02 7473802                    /home/ike/.gradle/caches/modules-2/files-2.1/org.objenesis/objenesis/2.1/87c0ea803b69252868d09308b4618f766f135a96/objenesis-2.1.jar
7f3863ae1000-7f3863ae4000 r--s 0001b000 fd:02 6293306                    /home/ike/.gradle/caches/modules-2/files-2.1/net.minidev/json-smart/2.2.1/5b9e5df7a62d1279b70dc882b041d249c4f0b002/json-smart-2.2.1.jar
7f3863ae4000-7f3863ae6000 r--s 0000c000 fd:02 3673183                    /home/ike/.m2/repository/org/ow2/asm/asm/5.0.4/asm-5.0.4.jar
7f3863ae6000-7f3863ae8000 r--s 00007000 fd:02 7868376                    /home/ike/.gradle/caches/modules-2/files-2.1/com.netflix.hystrix/hystrix-serialization/1.5.10/c857cba459a3532a5391bd6050555ad07b8f5320/hystrix-serialization-1.5.10.jar
7f3863ae8000-7f3863aea000 r--s 0001a000 fd:02 7868374                    /home/ike/.gradle/caches/modules-2/files-2.1/org.hdrhistogram/HdrHistogram/2.1.9/e4631ce165eb400edecfa32e03d3f1be53dee754/HdrHistogram-2.1.9.jar
7f3863aea000-7f3863b02000 r--s 000fc000 fd:02 7868372                    /home/ike/.gradle/caches/modules-2/files-2.1/io.reactivex/rxjava/1.2.0/42bfaf64c94f3848ebf5cf1c2ea4ec9d1b3ac6c8/rxjava-1.2.0.jar
7f3863b02000-7f3863b09000 r--s 00050000 fd:02 7868370                    /home/ike/.gradle/caches/modules-2/files-2.1/commons-configuration/commons-configuration/1.8/6cce40435bcd8018018f16898de01976b319941a/commons-configuration-1.8.jar
7f3863b09000-7f3863b0a000 r--s 00004000 fd:02 6427202                    /home/ike/.gradle/caches/modules-2/files-2.1/org.springframework.security/spring-security-rsa/1.0.3.RELEASE/b0b1ee770597b5de1b51e9a889dfd2dc35d251b0/spring-security-rsa-1.0.3.RELEASE.jar
7f3863b0a000-7f3863b0f000 r--s 00016000 fd:02 7868364                    /home/ike/.gradle/caches/modules-2/files-2.1/org.springframework.cloud/spring-cloud-commons/1.2.0.RELEASE/de0024fa88cc6c1ecbc30980e15acf25c0f5ef21/spring-cloud-commons-1.2.0.RELEASE.jar
7f3863b0f000-7f3863b12000 r--s 00015000 fd:02 7868362                    /home/ike/.gradle/caches/modules-2/files-2.1/org.springframework.cloud/spring-cloud-context/1.2.0.RELEASE/4f2a9fa553883dedc21587e45080b67911fb7d26/spring-cloud-context-1.2.0.RELEASE.jar
7f3863b12000-7f3863b14000 r--s 00014000 fd:02 2232683                    /home/ike/.m2/repository/jline/jline/0.9.94/jline-0.9.94.jar
7f3863b14000-7f3863b15000 r--s 00003000 fd:02 2361109                    /home/ike/.m2/repository/org/apache/geronimo/specs/geronimo-jta_1.1_spec/1.1.1/geronimo-jta_1.1_spec-1.1.1.jar
7f3863b15000-7f3863b1f000 r--s 000aa000 fd:02 4330094                    /home/ike/.gradle/caches/modules-2/files-2.1/org.javassist/javassist/3.21.0-GA/598244f595db5c5fb713731eddbb1c91a58d959b/javassist-3.21.0-GA.jar
7f3863b1f000-7f3863b24000 r--s 00017000 fd:02 2361107                    /home/ike/.m2/repository/org/hibernate/javax/persistence/hibernate-jpa-2.1-api/1.0.0.Final/hibernate-jpa-2.1-api-1.0.0.Final.jar
7f3863b24000-7f3863b27000 r--s 00010000 fd:02 5375422                    /home/ike/.gradle/caches/modules-2/files-2.1/org.hibernate.common/hibernate-commons-annotations/5.0.1.Final/71e1cff3fcb20d3b3af4f3363c3ddb24d33c6879/hibernate-commons-annotations-5.0.1.Final.jar
7f3863b27000-7f3863b2c000 r--s 00048000 fd:02 2361103                    /home/ike/.m2/repository/dom4j/dom4j/1.6.1/dom4j-1.6.1.jar
7f3863b2c000-7f3863b95000 r--s 004f3000 fd:02 7996731                    /home/ike/.gradle/caches/modules-2/files-2.1/org.hibernate/hibernate-core/5.0.12.Final/e58bf1c660e6706d8e2cbb53bae110f574366102/hibernate-core-5.0.12.Final.jar
7f3863b95000-7f3863b97000 r--s 0000f000 fd:02 2361095                    /home/ike/.m2/repository/org/jboss/logging/jboss-logging/3.3.0.Final/jboss-logging-3.3.0.Final.jar
7f3863b97000-7f3863b9b000 r--s 0000c000 fd:02 2361123                    /home/ike/.m2/repository/javax/validation/validation-api/1.1.0.Final/validation-api-1.1.0.Final.jar
7f3863b9b000-7f3863ba0000 r--s 00036000 fd:02 7996729                    /home/ike/.gradle/caches/modules-2/files-2.1/org.apache.tomcat.embed/tomcat-embed-websocket/8.5.11/dfa65e7857d46630761c0571758a56f7cbd1e9ba/tomcat-embed-websocket-8.5.11.jar
7f3863ba0000-7f3863ba5000 r--s 00036000 fd:02 7996727                    /home/ike/.gradle/caches/modules-2/files-2.1/org.apache.tomcat.embed/tomcat-embed-el/8.5.11/60253815b897166903bf5ec41219c5bb15333a69/tomcat-embed-el-8.5.11.jar
7f3863ba5000-7f3863bce000 r--s 002b8000 fd:02 7996725                    /home/ike/.gradle/caches/modules-2/files-2.1/org.apache.tomcat.embed/tomcat-embed-core/8.5.11/72761f51fc7cef3ee19d4aafc7adc605df9f611f/tomcat-embed-core-8.5.11.jar
7f3863bce000-7f3863bd4000 r--s 0003d000 fd:02 5375510                    /home/ike/.gradle/caches/modules-2/files-2.1/org.yaml/snakeyaml/1.17/7a27ea250c5130b2922b86dea63cbb1cc10a660c/snakeyaml-1.17.jar
7f3863bd4000-7f3863bd5000 r--s 00000000 fd:02 7605353                    /home/ike/.gradle/caches/modules-2/files-2.1/org.springframework.boot/spring-boot-starter-logging/1.5.2.RELEASE/32210889e1f9bb09ac134b9f43a117ed62f0bed2/spring-boot-starter-logging-1.5.2.RELEASE.jar
7f3863bd5000-7f3863bf5000 r--s 000e0000 fd:02 7868366                    /home/ike/.gradle/caches/modules-2/files-2.1/org.springframework.boot/spring-boot-autoconfigure/1.5.2.RELEASE/8a9b8c747bc2c86eefde10330cb2984541bcb9d1/spring-boot-autoconfigure-1.5.2.RELEASE.jar
7f3863bf5000-7f3863c05000 r--s 00094000 fd:02 7476151                    /home/ike/.gradle/caches/modules-2/files-2.1/org.springframework.boot/spring-boot/1.5.2.RELEASE/46bb5d8c9ab5d3ef9e158ca5906ee7d3569befc1/spring-boot-1.5.2.RELEASE.jar
7f3863c05000-7f3863c07000 r--s 0000b000 fd:02 2361231                    /home/ike/.m2/repository/org/apache/commons/commons-email/1.4/commons-email-1.4.jar
7f3863c07000-7f3863c6a000 r--s 004f1000 fd:02 4457523                    /home/ike/.gradle/caches/modules-2/files-2.1/org.apache.kafka/kafka_2.10/0.10.2.0/eca9a789b4df7441796636bfb7e0f9210cae8b1e/kafka_2.10-0.10.2.0.jar
7f3863c6a000-7f3863c7d000 r--s 0014c000 fd:02 4198061                    /home/ike/.gradle/caches/modules-2/files-2.1/org.apache.poi/poi-ooxml/3.16/76e20fe22404cc4da55ddfdaaaadee32bbfa3bdd/poi-ooxml-3.16.jar
7f3863c7d000-7f3863ca9000 r--s 00263000 fd:02 4330748                    /home/ike/.gradle/caches/modules-2/files-2.1/org.apache.poi/poi/3.16/ad21c123ee5d6b5b2a8f0d4ed23b3ffe6759a889/poi-3.16.jar
7f3863ca9000-7f3863cac000 r--s 00042000 fd:02 6033535                    /home/ike/.gradle/caches/modules-2/files-2.1/com.fasterxml.jackson.core/jackson-core/2.8.7/8b46f39c78476fb848c81a49fa807a9e9506dddd/jackson-core-2.8.7.jar
7f3863cac000-7f3863caf000 r--s 0000b000 fd:02 5508120                    /home/ike/.gradle/caches/modules-2/files-2.1/com.fasterxml.jackson.core/jackson-annotations/2.8.0/45b426f7796b741035581a176744d91090e2e6fb/jackson-annotations-2.8.0.jar
7f3863caf000-7f3863cbe000 r--s 00084000 fd:02 5508190                    /home/ike/.gradle/caches/modules-2/files-2.1/org.springframework/spring-test/4.3.7.RELEASE/480fc4673b53daa1993eb1940711828ebf35807b/spring-test-4.3.7.RELEASE.jar
7f3863cbe000-7f3863cc0000 r--s 00006000 fd:02 7473800                    /home/ike/.gradle/caches/modules-2/files-2.1/org.skyscreamer/jsonassert/1.4.0/9cdbb373a06f6513e51e8c545ee6a5e981463edb/jsonassert-1.4.0.jar
7f3863cc0000-7f3863cc1000 r--s 0000c000 fd:02 6293302                    /home/ike/.gradle/caches/modules-2/files-2.1/org.hamcrest/hamcrest-library/1.3/4785a3c21320980282f9f33d0d1264a69040538f/hamcrest-library-1.3.jar
7f3863cc1000-7f3863cc3000 r--s 00009000 fd:02 2360676                    /home/ike/.m2/repository/org/hamcrest/hamcrest-core/1.3/hamcrest-core-1.3.jar
7f3863cc3000-7f3863cdf000 r--s 00103000 fd:02 4982731                    /home/ike/.gradle/caches/modules-2/files-2.1/org.mockito/mockito-core/1.10.19/e8546f5bef4e061d8dd73895b4e8f40e3fe6effe/mockito-core-1.10.19.jar
7f3863cdf000-7f3863cf3000 r--s 000dc000 fd:02 7473798                    /home/ike/.gradle/caches/modules-2/files-2.1/org.assertj/assertj-core/2.6.0/b532c3fc4f66bcfee4989a3514f1cd56203a33ad/assertj-core-2.6.0.jar
7f3863cf3000-7f3863cfb000 r--s 00045000 fd:02 2361056                    /home/ike/.m2/repository/junit/junit/4.12/junit-4.12.jar
7f3863cfb000-7f3863d00000 r--s 0002e000 fd:02 4720944                    /home/ike/.gradle/caches/modules-2/files-2.1/com.jayway.jsonpath/json-path/2.2.0/22290d17944bd239fabf5ac69005a60a7ecbbbcb/json-path-2.2.0.jar
7f3863d00000-7f3863d05000 r--s 00019000 fd:02 7473796                    /home/ike/.gradle/caches/modules-2/files-2.1/org.springframework.boot/spring-boot-test-autoconfigure/1.5.2.RELEASE/5fb69965871626aea437c0d676d3be6186d2415d/spring-boot-test-autoconfigure-1.5.2.RELEASE.jar
7f3863d05000-7f3863d09000 r--s 0001f000 fd:02 7473794                    /home/ike/.gradle/caches/modules-2/files-2.1/org.springframework.boot/spring-boot-test/1.5.2.RELEASE/7dcdee8bc720b379d6072c742e2a48ccbb00aa09/spring-boot-test-1.5.2.RELEASE.jar
7f3863d09000-7f3863d0e000 r--s 00026000 fd:02 7868360                    /home/ike/.gradle/caches/modules-2/files-2.1/com.netflix.hystrix/hystrix-javanica/1.5.10/2d3dc34d7beb79ef300c67a5b436657907d52af1/hystrix-javanica-1.5.10.jar
7f3863d0e000-7f3863d10000 r--s 0000c000 fd:02 7868358                    /home/ike/.gradle/caches/modules-2/files-2.1/com.netflix.hystrix/hystrix-metrics-event-stream/1.5.10/936e69382fd4d106c550f36afb38d0357ca29cf3/hystrix-metrics-event-stream-1.5.10.jar
7f3863d10000-7f3863d1c000 r--s 00067000 fd:02 7868356                    /home/ike/.gradle/caches/modules-2/files-2.1/com.netflix.hystrix/hystrix-core/1.5.10/cd46dd2533138019a0473ed16a333aaea4d4b7de/hystrix-core-1.5.10.jar
7f3863d1c000-7f3863d1d000 r--s 00000000 fd:02 7868354                    /home/ike/.gradle/caches/modules-2/files-2.1/org.springframework.cloud/spring-cloud-starter-archaius/1.3.0.RELEASE/b8665874ab5a6a37cf32af9b2e56fa145fb53432/spring-cloud-starter-archaius-1.3.0.RELEASE.jar
7f3863d1d000-7f3863d27000 r--s 00055000 fd:02 7868352                    /home/ike/.gradle/caches/modules-2/files-2.1/org.springframework.cloud/spring-cloud-netflix-core/1.3.0.RELEASE/1ad134229d53e9263f08124d62c65882c5dee8e7/spring-cloud-netflix-core-1.3.0.RELEASE.jar
7f3863d27000-7f3863d28000 r--s 00000000 fd:02 7868350                    /home/ike/.gradle/caches/modules-2/files-2.1/org.springframework.cloud/spring-cloud-starter/1.2.0.RELEASE/c9c4b92550081de74040ce8027e11ad18d942577/spring-cloud-starter-1.2.0.RELEASE.jar
7f3863d28000-7f3863d2d000 r--s 0003c000 fd:02 6948946                    /home/ike/.gradle/caches/modules-2/files-2.1/org.springframework/spring-expression/4.3.7.RELEASE/5257b6486e43d8c05674323fea5b415d4da72f38/spring-expression-4.3.7.RELEASE.jar
7f3863d2d000-7f3863d44000 r--s 000fb000 fd:02 6948934                    /home/ike/.gradle/caches/modules-2/files-2.1/org.springframework/spring-core/4.3.7.RELEASE/54fa2db94cc7222edc90ec71354e47cd1dc07f7b/spring-core-4.3.7.RELEASE.jar
7f3863d44000-7f3863d5e000 r--s 000fd000 fd:02 6948936                    /home/ike/.gradle/caches/modules-2/files-2.1/org.springframework/spring-context/4.3.7.RELEASE/34b66b0b7910122ef95ba4fff6da9238ef80a5de/spring-context-4.3.7.RELEASE.jar
7f3863d5e000-7f3863d6c000 r--s 000ad000 fd:02 6948940                    /home/ike/.gradle/caches/modules-2/files-2.1/org.springframework/spring-beans/4.3.7.RELEASE/2de9f59f3202965438f3a02057d6ad8274636044/spring-beans-4.3.7.RELEASE.jar
7f3863d6c000-7f3863d75000 r--s 00054000 fd:02 6948944                    /home/ike/.gradle/caches/modules-2/files-2.1/org.springframework/spring-aop/4.3.7.RELEASE/3f243d685e4a8a78a0c291445c6d85560ec4d339/spring-aop-4.3.7.RELEASE.jar
7f3863d75000-7f3863d7c000 r--s 0003f000 fd:02 2361720                    /home/ike/.m2/repository/commons-codec/commons-codec/1.10/commons-codec-1.10.jar
7f3863d7c000-7f3863d7e000 r--s 0000e000 fd:02 2231993                    /home/ike/.m2/repository/commons-logging/commons-logging/1.2/commons-logging-1.2.jar
7f3863d7e000-7f3863d86000 r--s 00048000 fd:02 5769355                    /home/ike/.gradle/caches/modules-2/files-2.1/org.apache.httpcomponents/httpcore/4.4.6/e3fd8ced1f52c7574af952e2e6da0df8df08eb82/httpcore-4.4.6.jar
7f3863d86000-7f3863d88000 r--s 0000e000 fd:02 6292671                    /home/ike/.gradle/caches/modules-2/files-2.1/com.fasterxml/classmate/1.3.3/864c8e370a691e343210cc7c532fc198cee460d8/classmate-1.3.3.jar
7f3863d88000-7f3863d89000 r--s 00001000 fd:02 3547313                    /home/ike/.m2/repository/org/mengyun/tcc-transaction-api/1.1.5/tcc-transaction-api-1.1.5.jar
7f3863d89000-7f3863d96000 r--s 00089000 fd:02 7996723                    /home/ike/.gradle/caches/modules-2/files-2.1/org.hibernate/hibernate-entitymanager/5.0.12.Final/302a526f5058290e9cbd719a5caf9f248d344719/hibernate-entitymanager-5.0.12.Final.jar
7f3863d96000-7f3863da7000 r--s 000b7000 fd:02 7996715                    /home/ike/.gradle/caches/modules-2/files-2.1/org.springframework/spring-web/4.3.7.RELEASE/7b69fc68cdb74c1c92f72905af6995696fcb56aa/spring-web-4.3.7.RELEASE.jar
7f3863da7000-7f3863db8000 r--s 000a1000 fd:02 7996721                    /home/ike/.gradle/caches/modules-2/files-2.1/org.hibernate/hibernate-validator/5.3.4.Final/2f6c8c0b646afe18e3ad205726729d3c4a85fe2e/hibernate-validator-5.3.4.Final.jar
7f3863db8000-7f3863db9000 r--s 00000000 fd:02 7996719                    /home/ike/.gradle/caches/modules-2/files-2.1/org.springframework.boot/spring-boot-starter-tomcat/1.5.2.RELEASE/354320ef371fc4fc126d1bb8564cd73085a48823/spring-boot-starter-tomcat-1.5.2.RELEASE.jar
7f3863db9000-7f3863dba000 r--s 00000000 fd:02 5377743                    /home/ike/.gradle/caches/modules-2/files-2.1/org.springframework.boot/spring-boot-starter/1.5.2.RELEASE/c72938c86ed3beadb385f29bc2954c8ca3aa47ab/spring-boot-starter-1.5.2.RELEASE.jar
7f3863dba000-7f3863dcc000 r--s 0011d000 fd:02 6951421                    /home/ike/.gradle/caches/modules-2/files-2.1/com.fasterxml.jackson.core/jackson-databind/2.8.7/6c3257ef458ac58a8da69a6dca3d2a15286d88c8/jackson-databind-2.8.7.jar
7f3863dcc000-7f3863dcf000 r--s 00010000 fd:02 5375623                    /home/ike/.gradle/caches/modules-2/files-2.1/com.101tec/zkclient/0.10/c54d4b5a5e89af75a80b6d5857400165ce5188d0/zkclient-0.10.jar
7f3863dcf000-7f3863dfe000 r--s 00239000 fd:02 7868348                    /home/ike/.gradle/caches/modules-2/files-2.1/com.google.guava/guava/21.0/3a3d111be1be1b745edfa7d91678a12d7ed38709/guava-21.0.jar
7f3863dfe000-7f3863e01000 ---p 00000000 00:00 0 
7f3863e01000-7f3863eff000 rw-p 00000000 00:00 0 
7f3863eff000-7f3863f02000 ---p 00000000 00:00 0 
7f3863f02000-7f3864000000 rw-p 00000000 00:00 0 
7f3864000000-7f3864021000 rw-p 00000000 00:00 0 
7f3864021000-7f3868000000 ---p 00000000 00:00 0 
7f3868000000-7f3868021000 rw-p 00000000 00:00 0 
7f3868021000-7f386c000000 ---p 00000000 00:00 0 
7f386c000000-7f386c021000 rw-p 00000000 00:00 0 
7f386c021000-7f3870000000 ---p 00000000 00:00 0 
7f3870000000-7f38702f0000 rw-p 00000000 00:00 0 
7f38702f0000-7f3874000000 ---p 00000000 00:00 0 
7f3874000000-7f3874021000 rw-p 00000000 00:00 0 
7f3874021000-7f3878000000 ---p 00000000 00:00 0 
7f3878000000-7f3878021000 rw-p 00000000 00:00 0 
7f3878021000-7f387c000000 ---p 00000000 00:00 0 
7f387c000000-7f387c021000 rw-p 00000000 00:00 0 
7f387c021000-7f3880000000 ---p 00000000 00:00 0 
7f3880000000-7f3880001000 r--s 00000000 fd:02 4329330                    /home/ike/.gradle/caches/modules-2/files-2.1/org.springframework.boot/spring-boot-starter-test/1.5.2.RELEASE/d1d42ca043ea8b25cdf0ac8a2108ee924bfae707/spring-boot-starter-test-1.5.2.RELEASE.jar
7f3880001000-7f388001f000 r--s 00143000 fd:02 4718692                    /home/ike/.m2/repository/com/alibaba/dubbo/2.5.4-SNAPSHOT/dubbo-2.5.4-SNAPSHOT.jar
7f388001f000-7f3880023000 r--s 0002f000 fd:02 4850916                    /home/ike/.gradle/caches/modules-2/files-2.1/commons-io/commons-io/2.5/2852e6e05fbb95076fc091f6d1780f1f8fe35e0f/commons-io-2.5.jar
7f3880023000-7f3880026000 r--s 00015000 fd:02 2361165                    /home/ike/.m2/repository/javax/servlet/javax.servlet-api/3.1.0/javax.servlet-api-3.1.0.jar
7f3880026000-7f3880037000 r--s 000cf000 fd:02 7996717                    /home/ike/.gradle/caches/modules-2/files-2.1/org.springframework/spring-webmvc/4.3.7.RELEASE/d25b11a605589f176e3ecf1dcae62a991a18b377/spring-webmvc-4.3.7.RELEASE.jar
7f3880037000-7f3880050000 r--s 001af000 fd:02 5506676                    /home/ike/.gradle/caches/modules-2/files-2.1/org.aspectj/aspectjweaver/1.8.9/db28774f477f07220eac18d5ec9c4e01f48589d7/aspectjweaver-1.8.9.jar
7f3880050000-7f3880054000 r--s 00019000 fd:02 5375410                    /home/ike/.gradle/caches/modules-2/files-2.1/org.aspectj/aspectjrt/1.8.9/87372d9e2323313bec24b09a325bfea8ae0eb867/aspectjrt-1.8.9.jar
7f3880054000-7f388005c000 r--s 0006e000 fd:02 6161536                    /home/ike/.gradle/caches/modules-2/files-2.1/org.apache.commons/commons-lang3/3.5/6c6c702c89bfff3cd9e80b04d668c5e190d588c6/commons-lang3-3.5.jar
7f388005c000-7f3880061000 r--s 00061000 fd:02 6161553                    /home/ike/.gradle/caches/modules-2/files-2.1/com.alibaba/fastjson/1.2.23/be2508e9bac203c38f3f52fc8d33332c4e7ee6c5/fastjson-1.2.23.jar
7f3880061000-7f3880063000 r--s 00009000 fd:02 6948942                    /home/ike/.gradle/caches/modules-2/files-2.1/org.slf4j/slf4j-api/1.7.24/3f6b4bd4f8dbe8d4bea06d107a3826469b85c3e9/slf4j-api-1.7.24.jar
7f3880063000-7f3880065000 r--s 00009000 fd:02 4330096                    /home/ike/.gradle/caches/modules-2/files-2.1/org.apache.httpcomponents/httpmime/4.5.3/889fd6d061bb63b99dd5c6aba35a555ae863de52/httpmime-4.5.3.jar
7f3880065000-7f3880072000 r--s 000aa000 fd:02 5769353                    /home/ike/.gradle/caches/modules-2/files-2.1/org.apache.httpcomponents/httpclient/4.5.3/d1577ae15f01ef5438c5afc62162457c00a34713/httpclient-4.5.3.jar
7f3880072000-7f3880085000 r--s 00345000 fd:02 1842973                    /home/ike/soft/jdk1.8.0_101/jre/lib/resources.jar
7f3880085000-7f3880098000 r--s 000d6000 fd:02 1842972                    /home/ike/soft/jdk1.8.0_101/jre/lib/plugin.jar
7f3880098000-7f38800b3000 r--s 00208000 fd:02 1842857                    /home/ike/soft/jdk1.8.0_101/jre/lib/deploy.jar
7f38800b3000-7f38800b6000 ---p 00000000 00:00 0 
7f38800b6000-7f38801b4000 rw-p 00000000 00:00 0 
7f38801b4000-7f38801b8000 r-xp 00000000 fd:02 1842791                    /home/ike/soft/jdk1.8.0_101/jre/lib/amd64/libdt_socket.so
7f38801b8000-7f38803b7000 ---p 00004000 fd:02 1842791                    /home/ike/soft/jdk1.8.0_101/jre/lib/amd64/libdt_socket.so
7f38803b7000-7f38803b8000 rw-p 00003000 fd:02 1842791                    /home/ike/soft/jdk1.8.0_101/jre/lib/amd64/libdt_socket.so
7f38803b8000-7f38803bb000 ---p 00000000 00:00 0 
7f38803bb000-7f38804b9000 rw-p 00000000 00:00 0 
7f38804b9000-7f38804bc000 ---p 00000000 00:00 0 
7f38804bc000-7f38805ba000 rw-p 00000000 00:00 0 
7f38805ba000-7f38805bd000 ---p 00000000 00:00 0 
7f38805bd000-7f38806bb000 rw-p 00000000 00:00 0 
7f38806bb000-7f38806bc000 ---p 00000000 00:00 0 
7f38806bc000-7f38816cb000 rw-p 00000000 00:00 0 
7f38816cb000-7f38818a4000 r--s 03d29000 fd:02 1842744                    /home/ike/soft/jdk1.8.0_101/jre/lib/rt.jar
7f38818a4000-7f38861fc000 rw-p 00000000 00:00 0 
7f38861fc000-7f38861fd000 ---p 00000000 00:00 0 
7f38861fd000-7f38862fd000 rw-p 00000000 00:00 0 
7f38862fd000-7f38862fe000 ---p 00000000 00:00 0 
7f38862fe000-7f388642c000 rw-p 00000000 00:00 0 
7f388642c000-7f388668e000 ---p 00000000 00:00 0 
7f388668e000-7f3887a2e000 rwxp 00000000 00:00 0 
7f3887a2e000-7f389568e000 ---p 00000000 00:00 0 
7f389568e000-7f389c000000 r--p 00000000 fd:00 666413                     /usr/lib/locale/locale-archive
7f389c000000-7f389d9d3000 rw-p 00000000 00:00 0 
7f389d9d3000-7f38a0000000 ---p 00000000 00:00 0 
7f38a0000000-7f38a0001000 r--s 00000000 fd:02 4197331                    /home/ike/.gradle/caches/modules-2/files-2.1/org.springframework.cloud/spring-cloud-starter-hystrix/1.3.0.RELEASE/8bc51104df10aae613f0887d589005e22f987bb9/spring-cloud-starter-hystrix-1.3.0.RELEASE.jar
7f38a0001000-7f38a0002000 r--s 00000000 fd:02 7996713                    /home/ike/.gradle/caches/modules-2/files-2.1/org.springframework.boot/spring-boot-starter-web/1.5.2.RELEASE/27f29876980c079b46be16b759eafe92720f3338/spring-boot-starter-web-1.5.2.RELEASE.jar
7f38a0002000-7f38a000b000 r--s 00058000 fd:02 4197644                    /home/ike/.gradle/caches/modules-2/files-2.1/com.caucho/hessian/4.0.33/9b4588f77da82e94e8c2e642d861813556b5c594/hessian-4.0.33.jar
7f38a000b000-7f38a0081000 rw-p 00000000 00:00 0 
7f38a0081000-7f38a0082000 ---p 00000000 00:00 0 
7f38a0082000-7f38a0182000 rw-p 00000000 00:00 0 
7f38a0182000-7f38a0183000 ---p 00000000 00:00 0 
7f38a0183000-7f38a02b1000 rw-p 00000000 00:00 0 
7f38a02b1000-7f38a0513000 ---p 00000000 00:00 0 
7f38a0513000-7f38a060c000 rw-p 00000000 00:00 0 
7f38a060c000-7f38a065b000 ---p 00000000 00:00 0 
7f38a065b000-7f38a06ab000 rw-p 00000000 00:00 0 
7f38a06ab000-7f38a0a1c000 ---p 00000000 00:00 0 
7f38a0a1c000-7f38a0a36000 r-xp 00000000 fd:02 1842773                    /home/ike/soft/jdk1.8.0_101/jre/lib/amd64/libzip.so
7f38a0a36000-7f38a0c36000 ---p 0001a000 fd:02 1842773                    /home/ike/soft/jdk1.8.0_101/jre/lib/amd64/libzip.so
7f38a0c36000-7f38a0c37000 rw-p 0001a000 fd:02 1842773                    /home/ike/soft/jdk1.8.0_101/jre/lib/amd64/libzip.so
7f38a0c37000-7f38a0c42000 r-xp 00000000 fd:00 663666                     /usr/lib64/libnss_files-2.23.so
7f38a0c42000-7f38a0e41000 ---p 0000b000 fd:00 663666                     /usr/lib64/libnss_files-2.23.so
7f38a0e41000-7f38a0e42000 r--p 0000a000 fd:00 663666                     /usr/lib64/libnss_files-2.23.so
7f38a0e42000-7f38a0e43000 rw-p 0000b000 fd:00 663666                     /usr/lib64/libnss_files-2.23.so
7f38a0e43000-7f38a0e49000 rw-p 00000000 00:00 0 
7f38a0e49000-7f38a0e53000 r-xp 00000000 fd:02 1842810                    /home/ike/soft/jdk1.8.0_101/jre/lib/amd64/libinstrument.so
7f38a0e53000-7f38a1052000 ---p 0000a000 fd:02 1842810                    /home/ike/soft/jdk1.8.0_101/jre/lib/amd64/libinstrument.so
7f38a1052000-7f38a1053000 rw-p 00009000 fd:02 1842810                    /home/ike/soft/jdk1.8.0_101/jre/lib/amd64/libinstrument.so
7f38a1053000-7f38a1055000 r-xp 00000000 fd:02 1842781                    /home/ike/soft/jdk1.8.0_101/jre/lib/amd64/libnpt.so
7f38a1055000-7f38a1255000 ---p 00002000 fd:02 1842781                    /home/ike/soft/jdk1.8.0_101/jre/lib/amd64/libnpt.so
7f38a1255000-7f38a1256000 rw-p 00002000 fd:02 1842781                    /home/ike/soft/jdk1.8.0_101/jre/lib/amd64/libnpt.so
7f38a1256000-7f38a128f000 r-xp 00000000 fd:02 1842749                    /home/ike/soft/jdk1.8.0_101/jre/lib/amd64/libjdwp.so
7f38a128f000-7f38a148e000 ---p 00039000 fd:02 1842749                    /home/ike/soft/jdk1.8.0_101/jre/lib/amd64/libjdwp.so
7f38a148e000-7f38a1490000 rw-p 00038000 fd:02 1842749                    /home/ike/soft/jdk1.8.0_101/jre/lib/amd64/libjdwp.so
7f38a1490000-7f38a14ba000 r-xp 00000000 fd:02 1842799                    /home/ike/soft/jdk1.8.0_101/jre/lib/amd64/libjava.so
7f38a14ba000-7f38a16ba000 ---p 0002a000 fd:02 1842799                    /home/ike/soft/jdk1.8.0_101/jre/lib/amd64/libjava.so
7f38a16ba000-7f38a16bc000 rw-p 0002a000 fd:02 1842799                    /home/ike/soft/jdk1.8.0_101/jre/lib/amd64/libjava.so
7f38a16bc000-7f38a16c9000 r-xp 00000000 fd:02 1842753                    /home/ike/soft/jdk1.8.0_101/jre/lib/amd64/libverify.so
7f38a16c9000-7f38a18c9000 ---p 0000d000 fd:02 1842753                    /home/ike/soft/jdk1.8.0_101/jre/lib/amd64/libverify.so
7f38a18c9000-7f38a18cb000 rw-p 0000d000 fd:02 1842753                    /home/ike/soft/jdk1.8.0_101/jre/lib/amd64/libverify.so
7f38a18cb000-7f38a18d2000 r-xp 00000000 fd:00 663774                     /usr/lib64/librt-2.23.so
7f38a18d2000-7f38a1ad1000 ---p 00007000 fd:00 663774                     /usr/lib64/librt-2.23.so
7f38a1ad1000-7f38a1ad2000 r--p 00006000 fd:00 663774                     /usr/lib64/librt-2.23.so
7f38a1ad2000-7f38a1ad3000 rw-p 00007000 fd:00 663774                     /usr/lib64/librt-2.23.so
7f38a1ad3000-7f38a1bdb000 r-xp 00000000 fd:00 663268                     /usr/lib64/libm-2.23.so
7f38a1bdb000-7f38a1dda000 ---p 00108000 fd:00 663268                     /usr/lib64/libm-2.23.so
7f38a1dda000-7f38a1ddb000 r--p 00107000 fd:00 663268                     /usr/lib64/libm-2.23.so
7f38a1ddb000-7f38a1ddc000 rw-p 00108000 fd:00 663268                     /usr/lib64/libm-2.23.so
7f38a1ddc000-7f38a2aa7000 r-xp 00000000 fd:02 1842803                    /home/ike/soft/jdk1.8.0_101/jre/lib/amd64/server/libjvm.so
7f38a2aa7000-7f38a2ca6000 ---p 00ccb000 fd:02 1842803                    /home/ike/soft/jdk1.8.0_101/jre/lib/amd64/server/libjvm.so
7f38a2ca6000-7f38a2d7f000 rw-p 00cca000 fd:02 1842803                    /home/ike/soft/jdk1.8.0_101/jre/lib/amd64/server/libjvm.so
7f38a2d7f000-7f38a2dca000 rw-p 00000000 00:00 0 
7f38a2dca000-7f38a2f83000 r-xp 00000000 fd:00 663117                     /usr/lib64/libc-2.23.so
7f38a2f83000-7f38a3182000 ---p 001b9000 fd:00 663117                     /usr/lib64/libc-2.23.so
7f38a3182000-7f38a3186000 r--p 001b8000 fd:00 663117                     /usr/lib64/libc-2.23.so
7f38a3186000-7f38a3188000 rw-p 001bc000 fd:00 663117                     /usr/lib64/libc-2.23.so
7f38a3188000-7f38a318c000 rw-p 00000000 00:00 0 
7f38a318c000-7f38a318f000 r-xp 00000000 fd:00 663244                     /usr/lib64/libdl-2.23.so
7f38a318f000-7f38a338e000 ---p 00003000 fd:00 663244                     /usr/lib64/libdl-2.23.so
7f38a338e000-7f38a338f000 r--p 00002000 fd:00 663244                     /usr/lib64/libdl-2.23.so
7f38a338f000-7f38a3390000 rw-p 00003000 fd:00 663244                     /usr/lib64/libdl-2.23.so
7f38a3390000-7f38a33a5000 r-xp 00000000 fd:02 1841887                    /home/ike/soft/jdk1.8.0_101/lib/amd64/jli/libjli.so
7f38a33a5000-7f38a35a5000 ---p 00015000 fd:02 1841887                    /home/ike/soft/jdk1.8.0_101/lib/amd64/jli/libjli.so
7f38a35a5000-7f38a35a6000 rw-p 00015000 fd:02 1841887                    /home/ike/soft/jdk1.8.0_101/lib/amd64/jli/libjli.so
7f38a35a6000-7f38a35bd000 r-xp 00000000 fd:00 663674                     /usr/lib64/libpthread-2.23.so
7f38a35bd000-7f38a37bc000 ---p 00017000 fd:00 663674                     /usr/lib64/libpthread-2.23.so
7f38a37bc000-7f38a37bd000 r--p 00016000 fd:00 663674                     /usr/lib64/libpthread-2.23.so
7f38a37bd000-7f38a37be000 rw-p 00017000 fd:00 663674                     /usr/lib64/libpthread-2.23.so
7f38a37be000-7f38a37c2000 rw-p 00000000 00:00 0 
7f38a37c2000-7f38a37e6000 r-xp 00000000 fd:00 666350                     /usr/lib64/ld-2.23.so
7f38a37e6000-7f38a37ea000 r--s 00097000 fd:02 1842696                    /home/ike/soft/jdk1.8.0_101/jre/lib/jsse.jar
7f38a37ea000-7f38a37ec000 r--s 00007000 fd:02 1842814                    /home/ike/soft/jdk1.8.0_101/jre/lib/jfxswt.jar
7f38a37ec000-7f38a37f6000 r--s 0006c000 fd:02 1842856                    /home/ike/soft/jdk1.8.0_101/jre/lib/javaws.jar
7f38a37f6000-7f38a38c7000 rw-p 00000000 00:00 0 
7f38a38c7000-7f38a38ca000 ---p 00000000 00:00 0 
7f38a38ca000-7f38a39cc000 rw-p 00000000 00:00 0 
7f38a39cc000-7f38a39cd000 r--s 00000000 fd:02 1842820                    /home/ike/soft/jdk1.8.0_101/jre/lib/management-agent.jar
7f38a39cd000-7f38a39d2000 r--s 00084000 fd:02 1842848                    /home/ike/soft/jdk1.8.0_101/jre/lib/jfr.jar
7f38a39d2000-7f38a39d5000 r--s 0001a000 fd:02 1843003                    /home/ike/soft/jdk1.8.0_101/jre/lib/jce.jar
7f38a39d5000-7f38a39da000 r--s 002f9000 fd:02 1842697                    /home/ike/soft/jdk1.8.0_101/jre/lib/charsets.jar
7f38a39da000-7f38a39e2000 rw-s 00000000 00:27 6944902                    /tmp/hsperfdata_ike/2655
7f38a39e2000-7f38a39e3000 rw-p 00000000 00:00 0 
7f38a39e3000-7f38a39e4000 ---p 00000000 00:00 0 
7f38a39e4000-7f38a39e5000 rw-p 00000000 00:00 0 
7f38a39e5000-7f38a39e6000 r--p 00023000 fd:00 666350                     /usr/lib64/ld-2.23.so
7f38a39e6000-7f38a39e7000 rw-p 00024000 fd:00 666350                     /usr/lib64/ld-2.23.so
7f38a39e7000-7f38a39e8000 rw-p 00000000 00:00 0 
7ffcf6f94000-7ffcf6fb9000 rw-p 00000000 00:00 0                          [stack]
7ffcf6ff8000-7ffcf6ffb000 r--p 00000000 00:00 0                          [vvar]
7ffcf6ffb000-7ffcf6ffd000 r-xp 00000000 00:00 0                          [vdso]
ffffffffff600000-ffffffffff601000 r-xp 00000000 00:00 0                  [vsyscall]

VM Arguments:
jvm_args: -agentlib:jdwp=transport=dt_socket,address=127.0.0.1:43491,suspend=y,server=n -javaagent:/home/ike/soft/idea-IU-163.10154.41/plugins/Groovy/lib/agent/gragent.jar -Dfile.encoding=UTF-8 
java_command: com.bjike.goddess.interiorrecommend.Application
java_class_path (initial): /home/ike/soft/jdk1.8.0_101/jre/lib/charsets.jar:/home/ike/soft/jdk1.8.0_101/jre/lib/deploy.jar:/home/ike/soft/jdk1.8.0_101/jre/lib/ext/cldrdata.jar:/home/ike/soft/jdk1.8.0_101/jre/lib/ext/dnsns.jar:/home/ike/soft/jdk1.8.0_101/jre/lib/ext/jaccess.jar:/home/ike/soft/jdk1.8.0_101/jre/lib/ext/jfxrt.jar:/home/ike/soft/jdk1.8.0_101/jre/lib/ext/localedata.jar:/home/ike/soft/jdk1.8.0_101/jre/lib/ext/nashorn.jar:/home/ike/soft/jdk1.8.0_101/jre/lib/ext/sunec.jar:/home/ike/soft/jdk1.8.0_101/jre/lib/ext/sunjce_provider.jar:/home/ike/soft/jdk1.8.0_101/jre/lib/ext/sunpkcs11.jar:/home/ike/soft/jdk1.8.0_101/jre/lib/ext/zipfs.jar:/home/ike/soft/jdk1.8.0_101/jre/lib/javaws.jar:/home/ike/soft/jdk1.8.0_101/jre/lib/jce.jar:/home/ike/soft/jdk1.8.0_101/jre/lib/jfr.jar:/home/ike/soft/jdk1.8.0_101/jre/lib/jfxswt.jar:/home/ike/soft/jdk1.8.0_101/jre/lib/jsse.jar:/home/ike/soft/jdk1.8.0_101/jre/lib/management-agent.jar:/home/ike/soft/jdk1.8.0_101/jre/lib/plugin.jar:/home/ike/soft/jdk1.8.0_101/jre/lib/resources.jar:/home/ike/soft/jdk1.8.0_101/jre/lib/rt.jar:/home/ike/github/goddess-java/modules/interiorrecommend/interiorrecommend-consumer/build/classes/main:/home/ike/github/goddess-java/modules/interiorrecommend/interiorrecommend-consumer/build/resources/main:/home/ike/github/goddess-java/common/common-consumer/build/classes/main:/home/ike/github/goddess-java/modules/interiorrecommend/interiorrecommend-api/build/classes/main:/home/ike/.gradle/caches/modules-2/files-2.1/com.caucho/hessian/4.0.33/9b4588f77da82e94e8c2e642d861813556b5c594/hessian-4.0.33.jar:/home/ike/.gradle/caches/modules-2/files-2.1/org.springframework.boot/spring-boot-starter-web/1.5.2.RELEASE/27f29876980c079b46be16b759eafe92720f3338/spring-boot-starter-web-1.5.2.RELEASE.jar:/home/ike/github/goddess-java/common/common-api/build/classes/main:/home/ike/github/goddess-java/modules/user/user-api/build/classes/main:/home/ike/github/goddess-java/modules/storage/storage-api/build/classes/main:/home/ike/.gr
Launcher Type: SUN_STANDARD

Environment Variables:
JAVA_HOME=/home/ike/soft/jdk1.8.0_101
PATH=/home/ike/soft:/home/ike/soft/gradle-3.2.1/bin:/home/ike/soft/apache-maven-3.3.9/bin:/home/ike/soft/jdk1.8.0_101/bin:/usr/lib64/qt-3.3/bin:/usr/local/bin:/usr/local/sbin:/usr/bin:/usr/sbin:/home/ike/bin
USERNAME=ike
LD_LIBRARY_PATH=/home/ike/soft/idea-IU-163.10154.41/bin:
SHELL=/bin/zsh
DISPLAY=:0

Signal Handlers:
SIGSEGV: [libjvm.so+0xac4790], sa_mask[0]=11111111011111111101111111111110, sa_flags=SA_RESTART|SA_SIGINFO
SIGBUS: [libjvm.so+0xac4790], sa_mask[0]=11111111011111111101111111111110, sa_flags=SA_RESTART|SA_SIGINFO
SIGFPE: [libjvm.so+0x91f140], sa_mask[0]=11111111011111111101111111111110, sa_flags=SA_RESTART|SA_SIGINFO
SIGPIPE: [libjvm.so+0x91f140], sa_mask[0]=11111111011111111101111111111110, sa_flags=SA_RESTART|SA_SIGINFO
SIGXFSZ: [libjvm.so+0x91f140], sa_mask[0]=11111111011111111101111111111110, sa_flags=SA_RESTART|SA_SIGINFO
SIGILL: [libjvm.so+0x91f140], sa_mask[0]=11111111011111111101111111111110, sa_flags=SA_RESTART|SA_SIGINFO
SIGUSR1: SIG_DFL, sa_mask[0]=00000000000000000000000000000000, sa_flags=none
SIGUSR2: [libjvm.so+0x920770], sa_mask[0]=00100000000000000000000000000000, sa_flags=SA_RESTART|SA_SIGINFO
SIGHUP: [libjvm.so+0x921b70], sa_mask[0]=11111111011111111101111111111110, sa_flags=SA_RESTART|SA_SIGINFO
SIGINT: [libjvm.so+0x921b70], sa_mask[0]=11111111011111111101111111111110, sa_flags=SA_RESTART|SA_SIGINFO
SIGTERM: [libjvm.so+0x921b70], sa_mask[0]=11111111011111111101111111111110, sa_flags=SA_RESTART|SA_SIGINFO
SIGQUIT: [libjvm.so+0x921b70], sa_mask[0]=11111111011111111101111111111110, sa_flags=SA_RESTART|SA_SIGINFO


---------------  S Y S T E M  ---------------

OS:Fedora release 24 (Twenty Four)

uname:Linux 4.5.5-300.fc24.x86_64 #1 SMP Thu May 19 13:05:32 UTC 2016 x86_64
libc:glibc 2.23 NPTL 2.23 
rlimit: STACK 8192k, CORE infinity, NPROC 30911, NOFILE 4096, AS infinity
load average:44.18 11.67 4.34

/proc/meminfo:
MemTotal:        8053808 kB
MemFree:          102716 kB
MemAvailable:      25832 kB
Buffers:             984 kB
Cached:           132620 kB
SwapCached:         9604 kB
Active:          6274964 kB
Inactive:        1315128 kB
Active(anon):    6249364 kB
Inactive(anon):  1285400 kB
Active(file):      25600 kB
Inactive(file):    29728 kB
Unevictable:          68 kB
Mlocked:              68 kB
SwapTotal:       8126460 kB
SwapFree:             44 kB
Dirty:              1020 kB
Writeback:           180 kB
AnonPages:       7447896 kB
Mapped:            42120 kB
Shmem:             78052 kB
Slab:             143884 kB
SReclaimable:      63668 kB
SUnreclaim:        80216 kB
KernelStack:       40688 kB
PageTables:        93156 kB
NFS_Unstable:          0 kB
Bounce:                0 kB
WritebackTmp:          0 kB
CommitLimit:    12153364 kB
Committed_AS:   22738968 kB
VmallocTotal:   34359738367 kB
VmallocUsed:           0 kB
VmallocChunk:          0 kB
HardwareCorrupted:     0 kB
AnonHugePages:         0 kB
CmaTotal:              0 kB
CmaFree:               0 kB
HugePages_Total:       0
HugePages_Free:        0
HugePages_Rsvd:        0
HugePages_Surp:        0
Hugepagesize:       2048 kB
DirectMap4k:      335012 kB
DirectMap2M:     7931904 kB
DirectMap1G:           0 kB


CPU:total 4 (4 cores per cpu, 1 threads per core) family 6 model 94 stepping 3, cmov, cx8, fxsr, mmx, sse, sse2, sse3, ssse3, sse4.1, sse4.2, popcnt, avx, avx2, aes, clmul, erms, rtm, 3dnowpref, lzcnt, tsc, tscinvbit, bmi1, bmi2, adx

/proc/cpuinfo:
processor	: 0
vendor_id	: GenuineIntel
cpu family	: 6
model		: 94
model name	: Intel(R) Core(TM) i5-6500 CPU @ 3.20GHz
stepping	: 3
microcode	: 0x84
cpu MHz		: 1158.875
cache size	: 6144 KB
physical id	: 0
siblings	: 4
core id		: 0
cpu cores	: 4
apicid		: 0
initial apicid	: 0
fpu		: yes
fpu_exception	: yes
cpuid level	: 22
wp		: yes
flags		: fpu vme de pse tsc msr pae mce cx8 apic sep mtrr pge mca cmov pat pse36 clflush dts acpi mmx fxsr sse sse2 ss ht tm pbe syscall nx pdpe1gb rdtscp lm constant_tsc arch_perfmon pebs bts rep_good nopl xtopology nonstop_tsc aperfmperf eagerfpu pni pclmulqdq dtes64 monitor ds_cpl vmx smx est tm2 ssse3 sdbg fma cx16 xtpr pdcm pcid sse4_1 sse4_2 x2apic movbe popcnt tsc_deadline_timer aes xsave avx f16c rdrand lahf_lm abm 3dnowprefetch intel_pt tpr_shadow vnmi flexpriority ept vpid fsgsbase tsc_adjust bmi1 hle avx2 smep bmi2 erms invpcid rtm mpx rdseed adx smap clflushopt xsaveopt xsavec xgetbv1 dtherm ida arat pln pts hwp hwp_notify hwp_act_window hwp_epp
bugs		:
bogomips	: 6383.92
clflush size	: 64
cache_alignment	: 64
address sizes	: 39 bits physical, 48 bits virtual
power management:

processor	: 1
vendor_id	: GenuineIntel
cpu family	: 6
model		: 94
model name	: Intel(R) Core(TM) i5-6500 CPU @ 3.20GHz
stepping	: 3
microcode	: 0x84
cpu MHz		: 3046.125
cache size	: 6144 KB
physical id	: 0
siblings	: 4
core id		: 1
cpu cores	: 4
apicid		: 2
initial apicid	: 2
fpu		: yes
fpu_exception	: yes
cpuid level	: 22
wp		: yes
flags		: fpu vme de pse tsc msr pae mce cx8 apic sep mtrr pge mca cmov pat pse36 clflush dts acpi mmx fxsr sse sse2 ss ht tm pbe syscall nx pdpe1gb rdtscp lm constant_tsc arch_perfmon pebs bts rep_good nopl xtopology nonstop_tsc aperfmperf eagerfpu pni pclmulqdq dtes64 monitor ds_cpl vmx smx est tm2 ssse3 sdbg fma cx16 xtpr pdcm pcid sse4_1 sse4_2 x2apic movbe popcnt tsc_deadline_timer aes xsave avx f16c rdrand lahf_lm abm 3dnowprefetch intel_pt tpr_shadow vnmi flexpriority ept vpid fsgsbase tsc_adjust bmi1 hle avx2 smep bmi2 erms invpcid rtm mpx rdseed adx smap clflushopt xsaveopt xsavec xgetbv1 dtherm ida arat pln pts hwp hwp_notify hwp_act_window hwp_epp
bugs		:
bogomips	: 6383.92
clflush size	: 64
cache_alignment	: 64
address sizes	: 39 bits physical, 48 bits virtual
power management:

processor	: 2
vendor_id	: GenuineIntel
cpu family	: 6
model		: 94
model name	: Intel(R) Core(TM) i5-6500 CPU @ 3.20GHz
stepping	: 3
microcode	: 0x84
cpu MHz		: 885.625
cache size	: 6144 KB
physical id	: 0
siblings	: 4
core id		: 2
cpu cores	: 4
apicid		: 4
initial apicid	: 4
fpu		: yes
fpu_exception	: yes
cpuid level	: 22
wp		: yes
flags		: fpu vme de pse tsc msr pae mce cx8 apic sep mtrr pge mca cmov pat pse36 clflush dts acpi mmx fxsr sse sse2 ss ht tm pbe syscall nx pdpe1gb rdtscp lm constant_tsc arch_perfmon pebs bts rep_good nopl xtopology nonstop_tsc aperfmperf eagerfpu pni pclmulqdq dtes64 monitor ds_cpl vmx smx est tm2 ssse3 sdbg fma cx16 xtpr pdcm pcid sse4_1 sse4_2 x2apic movbe popcnt tsc_deadline_timer aes xsave avx f16c rdrand lahf_lm abm 3dnowprefetch intel_pt tpr_shadow vnmi flexpriority ept vpid fsgsbase tsc_adjust bmi1 hle avx2 smep bmi2 erms invpcid rtm mpx rdseed adx smap clflushopt xsaveopt xsavec xgetbv1 dtherm ida arat pln pts hwp hwp_notify hwp_act_window hwp_epp
bugs		:
bogomips	: 6383.92
clflush size	: 64
cache_alignment	: 64
address sizes	: 39 bits physical, 48 bits virtual
power management:

processor	: 3
vendor_id	: GenuineIntel
cpu family	: 6
model		: 94
model name	: Intel(R) Core(TM) i5-6500 CPU @ 3.20GHz
stepping	: 3
microcode	: 0x84
cpu MHz		: 3257.750
cache size	: 6144 KB
physical id	: 0
siblings	: 4
core id		: 3
cpu cores	: 4
apicid		: 6
initial apicid	: 6
fpu		: yes
fpu_exception	: yes
cpuid level	: 22
wp		: yes
flags		: fpu vme de pse tsc msr pae mce cx8 apic sep mtrr pge mca cmov pat pse36 clflush dts acpi mmx fxsr sse sse2 ss ht tm pbe syscall nx pdpe1gb rdtscp lm constant_tsc arch_perfmon pebs bts rep_good nopl xtopology nonstop_tsc aperfmperf eagerfpu pni pclmulqdq dtes64 monitor ds_cpl vmx smx est tm2 ssse3 sdbg fma cx16 xtpr pdcm pcid sse4_1 sse4_2 x2apic movbe popcnt tsc_deadline_timer aes xsave avx f16c rdrand lahf_lm abm 3dnowprefetch intel_pt tpr_shadow vnmi flexpriority ept vpid fsgsbase tsc_adjust bmi1 hle avx2 smep bmi2 erms invpcid rtm mpx rdseed adx smap clflushopt xsaveopt xsavec xgetbv1 dtherm ida arat pln pts hwp hwp_notify hwp_act_window hwp_epp
bugs		:
bogomips	: 6383.92
clflush size	: 64
cache_alignment	: 64
address sizes	: 39 bits physical, 48 bits virtual
power management:



Memory: 4k page, physical 8053808k(102468k free), swap 8126460k(44k free)

vm_info: Java HotSpot(TM) 64-Bit Server VM (25.101-b13) for linux-amd64 JRE (1.8.0_101-b13), built on Jun 22 2016 02:59:44 by "java_re" with gcc 4.3.0 20080428 (Red Hat 4.3.0-8)

time: Sun Aug 13 23:43:07 2017
elapsed time: 125750 seconds (1d 10h 55m 50s)

