#
# There is insufficient memory for the Java Runtime Environment to continue.
# Native memory allocation (mmap) failed to map 153092096 bytes for committing reserved memory.
# Possible reasons:
#   The system is out of physical RAM or swap space
#   In 32 bit mode, the process size limit was hit
# Possible solutions:
#   Reduce memory load on the system
#   Increase physical memory or swap space
#   Check if swap backing store is full
#   Use 64 bit Java on a 64 bit OS
#   Decrease Java heap size (-Xmx/-Xms)
#   Decrease number of Java threads
#   Decrease Java thread stack sizes (-Xss)
#   Set larger code cache with -XX:ReservedCodeCacheSize=
# This output file may be truncated or incomplete.
#
#  Out of Memory Error (os_linux.cpp:2627), pid=24586, tid=0x00007f21e8efe700
#
# JRE version: Java(TM) SE Runtime Environment (8.0_101-b13) (build 1.8.0_101-b13)
# Java VM: Java HotSpot(TM) 64-Bit Server VM (25.101-b13 mixed mode linux-amd64 compressed oops)
# Failed to write core dump. Core dumps have been disabled. To enable core dumping, try "ulimit -c unlimited" before starting Java again
#

---------------  T H R E A D  ---------------

Current thread (0x00007f21f8076800):  VMThread [stack: 0x00007f21e8dfe000,0x00007f21e8eff000] [id=24594]

Stack: [0x00007f21e8dfe000,0x00007f21e8eff000],  sp=0x00007f21e8efd0a0,  free space=1020k
Native frames: (J=compiled Java code, j=interpreted, Vv=VM code, C=native code)
V  [libjvm.so+0xac3f0a]  VMError::report_and_die()+0x2ba
V  [libjvm.so+0x4fbf9b]  report_vm_out_of_memory(char const*, int, unsigned long, VMErrorType, char const*)+0x8b
V  [libjvm.so+0x9222d3]  os::Linux::commit_memory_impl(char*, unsigned long, bool)+0x103
V  [libjvm.so+0x922829]  os::pd_commit_memory(char*, unsigned long, unsigned long, bool)+0x29
V  [libjvm.so+0x91cb2a]  os::commit_memory(char*, unsigned long, unsigned long, bool)+0x2a
V  [libjvm.so+0x991053]  PSVirtualSpace::expand_by(unsigned long)+0x53
V  [libjvm.so+0x981920]  PSOldGen::expand(unsigned long)+0x170
V  [libjvm.so+0x981b2b]  PSOldGen::resize(unsigned long)+0x1cb
V  [libjvm.so+0x989821]  PSParallelCompact::invoke_no_policy(bool)+0x991
V  [libjvm.so+0x98f17d]  PSScavenge::invoke()+0x1ad
V  [libjvm.so+0x945fc0]  ParallelScavengeHeap::failed_mem_allocate(unsigned long)+0x70
V  [libjvm.so+0xac5927]  VM_ParallelGCFailedAllocation::doit()+0x97
V  [libjvm.so+0xacd405]  VM_Operation::evaluate()+0x55
V  [libjvm.so+0xacb7da]  VMThread::evaluate_operation(VM_Operation*)+0xba
V  [libjvm.so+0xacbb5e]  VMThread::loop()+0x1ce
V  [libjvm.so+0xacbfd0]  VMThread::run()+0x70
V  [libjvm.so+0x924698]  java_start(Thread*)+0x108

VM_Operation (0x00007f21e0a17bd0): ParallelGCFailedAllocation, mode: safepoint, requested by thread 0x00007f219c007800


---------------  P R O C E S S  ---------------

Java Threads: ( => current thread )
  0x00007f2188f6c000 JavaThread "build operations Thread 4" [_thread_blocked, id=24622, stack(0x00007f216f9fc000,0x00007f216fafd000)]
  0x00007f218863a000 JavaThread "build operations Thread 3" [_thread_blocked, id=24621, stack(0x00007f216fafd000,0x00007f216fbfe000)]
  0x00007f2188638000 JavaThread "build operations Thread 2" [_thread_blocked, id=24620, stack(0x00007f216fbfe000,0x00007f216fcff000)]
  0x00007f218863b800 JavaThread "build operations" [_thread_blocked, id=24619, stack(0x00007f216fcff000,0x00007f216fe00000)]
  0x00007f21893dd000 JavaThread "Memory manager" [_thread_blocked, id=24618, stack(0x00007f21bc48f000,0x00007f21bc590000)]
  0x00007f21890d3000 JavaThread "Cache worker for Artifact transforms cache (/home/ike/.gradle/caches/transforms-1)" [_thread_blocked, id=24617, stack(0x00007f21bcb90000,0x00007f21bcc91000)]
  0x00007f21881ea800 JavaThread "Cache worker for file hash cache (/home/ike/code/goddess-java/.gradle/4.1/fileHashes)" [_thread_blocked, id=24616, stack(0x00007f21e0018000,0x00007f21e0119000)]
  0x00007f2188118000 JavaThread "File lock request listener" [_thread_in_native, id=24615, stack(0x00007f21e0319000,0x00007f21e041a000)]
  0x00007f218810d800 JavaThread "Cache worker for file hash cache (/home/ike/.gradle/caches/4.1/fileHashes)" [_thread_blocked, id=24614, stack(0x00007f21e041a000,0x00007f21e051b000)]
  0x00007f2188011800 JavaThread "Stdin handler" [_thread_blocked, id=24613, stack(0x00007f21e051b000,0x00007f21e061c000)]
  0x00007f2188004000 JavaThread "Asynchronous log dispatcher for DefaultDaemonConnection: socket connection from /127.0.0.1:36045 to /127.0.0.1:36550" [_thread_blocked, id=24612, stack(0x00007f21e061c000,0x00007f21e071d000)]
  0x00007f219c007800 JavaThread "Daemon worker" [_thread_blocked, id=24609, stack(0x00007f21e091d000,0x00007f21e0a1e000)]
  0x00007f219c00c000 JavaThread "Cancel handler" [_thread_blocked, id=24608, stack(0x00007f21e0a1e000,0x00007f21e0b1f000)]
  0x00007f219c006800 JavaThread "Handler for socket connection from /127.0.0.1:36045 to /127.0.0.1:36550" [_thread_in_native, id=24607, stack(0x00007f21e0b1f000,0x00007f21e0c20000)]
  0x00007f21a4037000 JavaThread "Daemon" [_thread_blocked, id=24606, stack(0x00007f21e0c20000,0x00007f21e0d21000)]
  0x00007f21f8d44000 JavaThread "Daemon periodic checks" [_thread_blocked, id=24605, stack(0x00007f21e0d21000,0x00007f21e0e22000)]
  0x00007f21f8d29000 JavaThread "Incoming local TCP Connector on port 36045" [_thread_in_native, id=24604, stack(0x00007f21e0e29000,0x00007f21e0f2a000)]
  0x00007f21f8ce2000 JavaThread "Daemon health stats" [_thread_blocked, id=24603, stack(0x00007f21e112e000,0x00007f21e122f000)]
  0x00007f21f80c7000 JavaThread "Service Thread" daemon [_thread_blocked, id=24601, stack(0x00007f21e86f7000,0x00007f21e87f8000)]
  0x00007f21f80bb800 JavaThread "C1 CompilerThread2" daemon [_thread_blocked, id=24600, stack(0x00007f21e87f8000,0x00007f21e88f9000)]
  0x00007f21f80ba000 JavaThread "C2 CompilerThread1" daemon [_thread_blocked, id=24599, stack(0x00007f21e88f9000,0x00007f21e89fa000)]
  0x00007f21f80b7000 JavaThread "C2 CompilerThread0" daemon [_thread_blocked, id=24598, stack(0x00007f21e89fa000,0x00007f21e8afb000)]
  0x00007f21f80b5800 JavaThread "Signal Dispatcher" daemon [_thread_blocked, id=24597, stack(0x00007f21e8afb000,0x00007f21e8bfc000)]
  0x00007f21f8083000 JavaThread "Finalizer" daemon [_thread_blocked, id=24596, stack(0x00007f21e8bfc000,0x00007f21e8cfd000)]
  0x00007f21f807e000 JavaThread "Reference Handler" daemon [_thread_blocked, id=24595, stack(0x00007f21e8cfd000,0x00007f21e8dfe000)]
  0x00007f21f8008000 JavaThread "main" [_thread_blocked, id=24589, stack(0x00007f2200ea9000,0x00007f2200faa000)]

Other Threads:
=>0x00007f21f8076800 VMThread [stack: 0x00007f21e8dfe000,0x00007f21e8eff000] [id=24594]
  0x00007f21f80c9800 WatcherThread [stack: 0x00007f21e85f6000,0x00007f21e86f7000] [id=24602]

VM state:at safepoint (normal execution)

VM Mutex/Monitor currently owned by a thread:  ([mutex/lock_event])
[0x00007f21f8005ad0] ExpandHeap_lock - owner thread: 0x00007f21f8076800
[0x00007f21f8006150] Threads_lock - owner thread: 0x00007f21f8076800
[0x00007f21f8006650] Heap_lock - owner thread: 0x00007f219c007800

Heap:
 PSYoungGen      total 303104K, used 0K [0x00000000eab00000, 0x0000000100000000, 0x0000000100000000)
  eden space 258560K, 0% used [0x00000000eab00000,0x00000000eab00000,0x00000000fa780000)
  from space 44544K, 0% used [0x00000000fa780000,0x00000000fa780000,0x00000000fd300000)
  to   space 45056K, 0% used [0x00000000fd400000,0x00000000fd400000,0x0000000100000000)
 ParOldGen       total 400896K, used 377301K [0x00000000c0000000, 0x00000000d8780000, 0x00000000eab00000)
  object space 400896K, 94% used [0x00000000c0000000,0x00000000d70755a8,0x00000000d8780000)
 Metaspace       used 55887K, capacity 67438K, committed 67544K, reserved 1103872K
  class space    used 8612K, capacity 12937K, committed 13016K, reserved 1048576K

Card table byte_map: [0x00007f21fe079000,0x00007f21fe27a000] byte_map_base: 0x00007f21fda79000

Marking Bits: (ParMarkBitMap*) 0x00007f2200374120
 Begin Bits: [0x00007f21e2000000, 0x00007f21e3000000)
 End Bits:   [0x00007f21e3000000, 0x00007f21e4000000)

Polling page: 0x00007f2200fc1000

CodeCache: size=245760Kb used=38150Kb max_used=38809Kb free=207609Kb
 bounds [0x00007f21e9000000, 0x00007f21eb640000, 0x00007f21f8000000]
 total_blobs=12217 nmethods=11515 adapters=614
 compilation: enabled

Compilation events (10 events):
Event: 43.299 Thread 0x00007f21f80bb800 nmethod 14593% 0x00007f21ea8d0c50 code [0x00007f21ea8d0dc0, 0x00007f21ea8d0fa8]
Event: 43.368 Thread 0x00007f21f80b7000 14594       4       java.util.concurrent.locks.AbstractQueuedSynchronizer$ConditionObject::signalAll (33 bytes)
Event: 43.374 Thread 0x00007f21f80b7000 nmethod 14594 0x00007f21e9e29790 code [0x00007f21e9e29900, 0x00007f21e9e29c58]
Event: 43.420 Thread 0x00007f21f80bb800 14595       3       org.gradle.api.internal.project.DefaultProject_Decorated::getBuildscript (30 bytes)
Event: 43.420 Thread 0x00007f21f80bb800 nmethod 14595 0x00007f21e977a490 code [0x00007f21e977a620, 0x00007f21e977aac8]
Event: 43.544 Thread 0x00007f21f80bb800 14596       3       org.gradle.api.internal.artifacts.result.DefaultArtifactResolutionResult::getResolvedComponents (56 bytes)
Event: 43.545 Thread 0x00007f21f80ba000 14597 %     4       org.gradle.plugins.ide.internal.IdeDependenciesExtractor::downloadAuxiliaryArtifacts @ 124 (283 bytes)
Event: 43.545 Thread 0x00007f21f80bb800 nmethod 14596 0x00007f21eafd0e50 code [0x00007f21eafd10a0, 0x00007f21eafd1e08]
Event: 43.557 Thread 0x00007f21f80bb800 14598       3       sun.misc.FDBigInteger::leftShift (395 bytes)
Event: 43.558 Thread 0x00007f21f80bb800 nmethod 14598 0x00007f21eaea8b90 code [0x00007f21eaea8de0, 0x00007f21eaea9c68]

GC Heap History (10 events):
Event: 42.349 GC heap after
Heap after GC invocations=99 (full 4):
 PSYoungGen      total 302080K, used 35424K [0x00000000eab00000, 0x0000000100000000, 0x0000000100000000)
  eden space 254976K, 0% used [0x00000000eab00000,0x00000000eab00000,0x00000000fa400000)
  from space 47104K, 75% used [0x00000000fa400000,0x00000000fc698020,0x00000000fd200000)
  to   space 47104K, 0% used [0x00000000fd200000,0x00000000fd200000,0x0000000100000000)
 ParOldGen       total 400896K, used 370433K [0x00000000c0000000, 0x00000000d8780000, 0x00000000eab00000)
  object space 400896K, 92% used [0x00000000c0000000,0x00000000d69c07c0,0x00000000d8780000)
 Metaspace       used 55882K, capacity 67432K, committed 67544K, reserved 1103872K
  class space    used 8611K, capacity 12936K, committed 13016K, reserved 1048576K
}
Event: 42.623 GC heap before
{Heap before GC invocations=100 (full 4):
 PSYoungGen      total 302080K, used 290400K [0x00000000eab00000, 0x0000000100000000, 0x0000000100000000)
  eden space 254976K, 100% used [0x00000000eab00000,0x00000000fa400000,0x00000000fa400000)
  from space 47104K, 75% used [0x00000000fa400000,0x00000000fc698020,0x00000000fd200000)
  to   space 47104K, 0% used [0x00000000fd200000,0x00000000fd200000,0x0000000100000000)
 ParOldGen       total 400896K, used 370433K [0x00000000c0000000, 0x00000000d8780000, 0x00000000eab00000)
  object space 400896K, 92% used [0x00000000c0000000,0x00000000d69c07c0,0x00000000d8780000)
 Metaspace       used 55882K, capacity 67432K, committed 67544K, reserved 1103872K
  class space    used 8611K, capacity 12936K, committed 13016K, reserved 1048576K
Event: 42.649 GC heap after
Heap after GC invocations=100 (full 4):
 PSYoungGen      total 299008K, used 31520K [0x00000000eab00000, 0x00000000ffd00000, 0x0000000100000000)
  eden space 254976K, 0% used [0x00000000eab00000,0x00000000eab00000,0x00000000fa400000)
  from space 44032K, 71% used [0x00000000fd200000,0x00000000ff0c8000,0x00000000ffd00000)
  to   space 45568K, 0% used [0x00000000fa400000,0x00000000fa400000,0x00000000fd080000)
 ParOldGen       total 400896K, used 374934K [0x00000000c0000000, 0x00000000d8780000, 0x00000000eab00000)
  object space 400896K, 93% used [0x00000000c0000000,0x00000000d6e25830,0x00000000d8780000)
 Metaspace       used 55882K, capacity 67432K, committed 67544K, reserved 1103872K
  class space    used 8611K, capacity 12936K, committed 13016K, reserved 1048576K
}
Event: 42.945 GC heap before
{Heap before GC invocations=101 (full 4):
 PSYoungGen      total 299008K, used 286496K [0x00000000eab00000, 0x00000000ffd00000, 0x0000000100000000)
  eden space 254976K, 100% used [0x00000000eab00000,0x00000000fa400000,0x00000000fa400000)
  from space 44032K, 71% used [0x00000000fd200000,0x00000000ff0c8000,0x00000000ffd00000)
  to   space 45568K, 0% used [0x00000000fa400000,0x00000000fa400000,0x00000000fd080000)
 ParOldGen       total 400896K, used 374934K [0x00000000c0000000, 0x00000000d8780000, 0x00000000eab00000)
  object space 400896K, 93% used [0x00000000c0000000,0x00000000d6e25830,0x00000000d8780000)
 Metaspace       used 55882K, capacity 67432K, committed 67544K, reserved 1103872K
  class space    used 8611K, capacity 12936K, committed 13016K, reserved 1048576K
Event: 42.965 GC heap after
Heap after GC invocations=101 (full 4):
 PSYoungGen      total 300544K, used 27136K [0x00000000eab00000, 0x0000000100000000, 0x0000000100000000)
  eden space 254976K, 0% used [0x00000000eab00000,0x00000000eab00000,0x00000000fa400000)
  from space 45568K, 59% used [0x00000000fa400000,0x00000000fbe80000,0x00000000fd080000)
  to   space 45056K, 0% used [0x00000000fd400000,0x00000000fd400000,0x0000000100000000)
 ParOldGen       total 400896K, used 382450K [0x00000000c0000000, 0x00000000d8780000, 0x00000000eab00000)
  object space 400896K, 95% used [0x00000000c0000000,0x00000000d757c920,0x00000000d8780000)
 Metaspace       used 55882K, capacity 67432K, committed 67544K, reserved 1103872K
  class space    used 8611K, capacity 12936K, committed 13016K, reserved 1048576K
}
Event: 43.267 GC heap before
{Heap before GC invocations=102 (full 4):
 PSYoungGen      total 300544K, used 282112K [0x00000000eab00000, 0x0000000100000000, 0x0000000100000000)
  eden space 254976K, 100% used [0x00000000eab00000,0x00000000fa400000,0x00000000fa400000)
  from space 45568K, 59% used [0x00000000fa400000,0x00000000fbe80000,0x00000000fd080000)
  to   space 45056K, 0% used [0x00000000fd400000,0x00000000fd400000,0x0000000100000000)
 ParOldGen       total 400896K, used 382450K [0x00000000c0000000, 0x00000000d8780000, 0x00000000eab00000)
  object space 400896K, 95% used [0x00000000c0000000,0x00000000d757c920,0x00000000d8780000)
 Metaspace       used 55887K, capacity 67438K, committed 67544K, reserved 1103872K
  class space    used 8612K, capacity 12937K, committed 13016K, reserved 1048576K
Event: 43.297 GC heap after
Heap after GC invocations=102 (full 4):
 PSYoungGen      total 302080K, used 25792K [0x00000000eab00000, 0x00000000ffe80000, 0x0000000100000000)
  eden space 258560K, 0% used [0x00000000eab00000,0x00000000eab00000,0x00000000fa780000)
  from space 43520K, 59% used [0x00000000fd400000,0x00000000fed30000,0x00000000ffe80000)
  to   space 44544K, 0% used [0x00000000fa780000,0x00000000fa780000,0x00000000fd300000)
 ParOldGen       total 400896K, used 388386K [0x00000000c0000000, 0x00000000d8780000, 0x00000000eab00000)
  object space 400896K, 96% used [0x00000000c0000000,0x00000000d7b489a0,0x00000000d8780000)
 Metaspace       used 55887K, capacity 67438K, committed 67544K, reserved 1103872K
  class space    used 8612K, capacity 12937K, committed 13016K, reserved 1048576K
}
Event: 43.567 GC heap before
{Heap before GC invocations=103 (full 4):
 PSYoungGen      total 302080K, used 284352K [0x00000000eab00000, 0x00000000ffe80000, 0x0000000100000000)
  eden space 258560K, 100% used [0x00000000eab00000,0x00000000fa780000,0x00000000fa780000)
  from space 43520K, 59% used [0x00000000fd400000,0x00000000fed30000,0x00000000ffe80000)
  to   space 44544K, 0% used [0x00000000fa780000,0x00000000fa780000,0x00000000fd300000)
 ParOldGen       total 400896K, used 388386K [0x00000000c0000000, 0x00000000d8780000, 0x00000000eab00000)
  object space 400896K, 96% used [0x00000000c0000000,0x00000000d7b489a0,0x00000000d8780000)
 Metaspace       used 55887K, capacity 67438K, committed 67544K, reserved 1103872K
  class space    used 8612K, capacity 12937K, committed 13016K, reserved 1048576K
Event: 43.590 GC heap after
Heap after GC invocations=103 (full 4):
 PSYoungGen      total 303104K, used 19456K [0x00000000eab00000, 0x0000000100000000, 0x0000000100000000)
  eden space 258560K, 0% used [0x00000000eab00000,0x00000000eab00000,0x00000000fa780000)
  from space 44544K, 43% used [0x00000000fa780000,0x00000000fba80000,0x00000000fd300000)
  to   space 45056K, 0% used [0x00000000fd400000,0x00000000fd400000,0x0000000100000000)
 ParOldGen       total 400896K, used 395942K [0x00000000c0000000, 0x00000000d8780000, 0x00000000eab00000)
  object space 400896K, 98% used [0x00000000c0000000,0x00000000d82a9a30,0x00000000d8780000)
 Metaspace       used 55887K, capacity 67438K, committed 67544K, reserved 1103872K
  class space    used 8612K, capacity 12937K, committed 13016K, reserved 1048576K
}
Event: 43.591 GC heap before
{Heap before GC invocations=104 (full 5):
 PSYoungGen      total 303104K, used 19456K [0x00000000eab00000, 0x0000000100000000, 0x0000000100000000)
  eden space 258560K, 0% used [0x00000000eab00000,0x00000000eab00000,0x00000000fa780000)
  from space 44544K, 43% used [0x00000000fa780000,0x00000000fba80000,0x00000000fd300000)
  to   space 45056K, 0% used [0x00000000fd400000,0x00000000fd400000,0x0000000100000000)
 ParOldGen       total 400896K, used 395942K [0x00000000c0000000, 0x00000000d8780000, 0x00000000eab00000)
  object space 400896K, 98% used [0x00000000c0000000,0x00000000d82a9a30,0x00000000d8780000)
 Metaspace       used 55887K, capacity 67438K, committed 67544K, reserved 1103872K
  class space    used 8612K, capacity 12937K, committed 13016K, reserved 1048576K

Deoptimization events (10 events):
Event: 21.150 Thread 0x00007f2188004000 Uncommon trap: reason=speculate_class_check action=maybe_recompile pc=0x00007f21ea6b8e04 method=java.io.ObjectOutputStream.verifySubclass()V @ 8
Event: 22.894 Thread 0x00007f219c007800 Uncommon trap: reason=null_check action=make_not_entrant pc=0x00007f21eb483150 method=io.spring.gradle.dependencymanagement.org.codehaus.plexus.util.xml.Xpp3Dom.mergeIntoXpp3Dom(Lio/spring/gradle/dependencymanagement/org/codehaus/plexus/util/xml/Xpp3Dom;L
Event: 23.024 Thread 0x00007f2188004000 Uncommon trap: reason=speculate_class_check action=maybe_recompile pc=0x00007f21ea6b8e04 method=java.io.ObjectOutputStream.verifySubclass()V @ 8
Event: 26.455 Thread 0x00007f219c007800 Uncommon trap: reason=null_check action=make_not_entrant pc=0x00007f21ea1587ec method=io.spring.gradle.dependencymanagement.org.apache.maven.model.profile.activation.PropertyProfileActivator.isActive(Lio/spring/gradle/dependencymanagement/org/apache/maven
Event: 30.850 Thread 0x00007f21f8d44000 Uncommon trap: reason=speculate_class_check action=maybe_recompile pc=0x00007f21e9df6298 method=java.util.AbstractList.listIterator()Ljava/util/ListIterator; @ 2
Event: 40.853 Thread 0x00007f21f8d44000 Uncommon trap: reason=speculate_class_check action=maybe_recompile pc=0x00007f21e9df6298 method=java.util.AbstractList.listIterator()Ljava/util/ListIterator; @ 2
Event: 42.592 Thread 0x00007f2188004000 Uncommon trap: reason=unstable_if action=reinterpret pc=0x00007f21e9ca8004 method=com.esotericsoftware.kryo.io.Output.writeLong(JZ)I @ 55
Event: 42.840 Thread 0x00007f219c007800 Uncommon trap: reason=unstable_if action=reinterpret pc=0x00007f21e9403398 method=java.io.ExpiringCache.entryFor(Ljava/lang/String;)Ljava/io/ExpiringCache$Entry; @ 39
Event: 43.075 Thread 0x00007f219c007800 Uncommon trap: reason=class_check action=maybe_recompile pc=0x00007f21eb5e4740 method=org.gradle.plugins.ide.internal.resolver.DefaultIdeDependencyResolver.findAllExternalDependencies(Ljava/util/List;Ljava/util/List;Lorg/gradle/api/artifacts/Configuration
Event: 43.075 Thread 0x00007f219c007800 Uncommon trap: reason=class_check action=maybe_recompile pc=0x00007f21eb5e4740 method=org.gradle.plugins.ide.internal.resolver.DefaultIdeDependencyResolver.findAllExternalDependencies(Ljava/util/List;Ljava/util/List;Lorg/gradle/api/artifacts/Configuration

Internal exceptions (10 events):
Event: 19.326 Thread 0x00007f219c007800 Implicit null exception at 0x00007f21eb2bd409 to 0x00007f21eb2c0181
Event: 19.861 Thread 0x00007f219c007800 Implicit null exception at 0x00007f21eb33d89f to 0x00007f21eb343b15
Event: 20.548 Thread 0x00007f219c007800 Implicit null exception at 0x00007f21eb37726b to 0x00007f21eb37d431
Event: 21.053 Thread 0x00007f219c007800 Implicit null exception at 0x00007f21eb3a7745 to 0x00007f21eb3ae99d
Event: 22.894 Thread 0x00007f219c007800 Implicit null exception at 0x00007f21eb47cf22 to 0x00007f21eb483145
Event: 23.207 Thread 0x00007f21893dd000 Exception <a 'java/io/IOException'> (0x00000000eb8ba5d8) thrown at [/HUDSON3/workspace/8-2-build-linux-amd64/jdk8u101/7261/hotspot/src/share/vm/prims/jni.cpp, line 709]
Event: 28.243 Thread 0x00007f21893dd000 Exception <a 'java/io/IOException'> (0x00000000eaffd798) thrown at [/HUDSON3/workspace/8-2-build-linux-amd64/jdk8u101/7261/hotspot/src/share/vm/prims/jni.cpp, line 709]
Event: 33.207 Thread 0x00007f21893dd000 Exception <a 'java/io/IOException'> (0x00000000f6b84630) thrown at [/HUDSON3/workspace/8-2-build-linux-amd64/jdk8u101/7261/hotspot/src/share/vm/prims/jni.cpp, line 709]
Event: 38.207 Thread 0x00007f21893dd000 Exception <a 'java/io/IOException'> (0x00000000f260e9f0) thrown at [/HUDSON3/workspace/8-2-build-linux-amd64/jdk8u101/7261/hotspot/src/share/vm/prims/jni.cpp, line 709]
Event: 43.209 Thread 0x00007f21893dd000 Exception <a 'java/io/IOException'> (0x00000000f726e488) thrown at [/HUDSON3/workspace/8-2-build-linux-amd64/jdk8u101/7261/hotspot/src/share/vm/prims/jni.cpp, line 709]

Events (10 events):
Event: 43.075 Thread 0x00007f219c007800 Uncommon trap: trap_request=0xffffffde fr.pc=0x00007f21eb5e4740
Event: 43.075 Thread 0x00007f219c007800 DEOPT PACKING pc=0x00007f21eb5e4740 sp=0x00007f21e0a19530
Event: 43.075 Thread 0x00007f219c007800 DEOPT UNPACKING pc=0x00007f21e9005229 sp=0x00007f21e0a19558 mode 2
Event: 43.145 loading class java/lang/ref/ReferenceQueue$1
Event: 43.146 loading class java/lang/ref/ReferenceQueue$1 done
Event: 43.267 Executing VM operation: ParallelGCFailedAllocation
Event: 43.297 Executing VM operation: ParallelGCFailedAllocation done
Event: 43.544 Thread 0x00007f219c007800 DEOPT PACKING pc=0x00007f21eaa981b1 sp=0x00007f21e0a195a0
Event: 43.544 Thread 0x00007f219c007800 DEOPT UNPACKING pc=0x00007f21e9047633 sp=0x00007f21e0a19380 mode 0
Event: 43.567 Executing VM operation: ParallelGCFailedAllocation


Dynamic libraries:
00400000-00401000 r-xp 00000000 fd:02 2100689                            /home/ike/soft/jdk1.8/bin/java
00600000-00601000 rw-p 00000000 fd:02 2100689                            /home/ike/soft/jdk1.8/bin/java
02010000-02031000 rw-p 00000000 00:00 0                                  [heap]
c0000000-d8780000 rw-p 00000000 00:00 0 
e1980000-eab00000 ---p 00000000 00:00 0 
eab00000-100000000 rw-p 00000000 00:00 0 
100000000-100cb6000 rw-p 00000000 00:00 0 
100cb6000-140000000 ---p 00000000 00:00 0 
7f2160000000-7f2160021000 rw-p 00000000 00:00 0 
7f2160021000-7f2164000000 ---p 00000000 00:00 0 
7f2164000000-7f2164021000 rw-p 00000000 00:00 0 
7f2164021000-7f2168000000 ---p 00000000 00:00 0 
7f2168000000-7f2168021000 rw-p 00000000 00:00 0 
7f2168021000-7f216c000000 ---p 00000000 00:00 0 
7f216e3fc000-7f216e53c000 rw-p 00000000 00:00 0 
7f216e53c000-7f216e5fc000 ---p 00000000 00:00 0 
7f216e5fc000-7f216e7fc000 rw-p 00000000 00:00 0 
7f216e7fc000-7f216e9fc000 rw-p 00000000 00:00 0 
7f216e9fc000-7f216ebfc000 rw-p 00000000 00:00 0 
7f216ebfc000-7f216edfc000 rw-p 00000000 00:00 0 
7f216edfc000-7f216effc000 rw-p 00000000 00:00 0 
7f216effc000-7f216f1fc000 rw-p 00000000 00:00 0 
7f216f1fc000-7f216f3fc000 rw-p 00000000 00:00 0 
7f216f3fc000-7f216f5fc000 rw-p 00000000 00:00 0 
7f216f5fc000-7f216f7fc000 rw-p 00000000 00:00 0 
7f216f7fc000-7f216f9fc000 rw-p 00000000 00:00 0 
7f216f9fc000-7f216f9ff000 ---p 00000000 00:00 0 
7f216f9ff000-7f216fafd000 rw-p 00000000 00:00 0 
7f216fafd000-7f216fb00000 ---p 00000000 00:00 0 
7f216fb00000-7f216fbfe000 rw-p 00000000 00:00 0 
7f216fbfe000-7f216fc01000 ---p 00000000 00:00 0 
7f216fc01000-7f216fcff000 rw-p 00000000 00:00 0 
7f216fcff000-7f216fd02000 ---p 00000000 00:00 0 
7f216fd02000-7f2170000000 rw-p 00000000 00:00 0 
7f2170000000-7f2170021000 rw-p 00000000 00:00 0 
7f2170021000-7f2174000000 ---p 00000000 00:00 0 
7f2174000000-7f2174021000 rw-p 00000000 00:00 0 
7f2174021000-7f2178000000 ---p 00000000 00:00 0 
7f2178000000-7f2178021000 rw-p 00000000 00:00 0 
7f2178021000-7f217c000000 ---p 00000000 00:00 0 
7f217c000000-7f217c021000 rw-p 00000000 00:00 0 
7f217c021000-7f2180000000 ---p 00000000 00:00 0 
7f2180000000-7f2180021000 rw-p 00000000 00:00 0 
7f2180021000-7f2184000000 ---p 00000000 00:00 0 
7f2184000000-7f2184025000 rw-p 00000000 00:00 0 
7f2184025000-7f2188000000 ---p 00000000 00:00 0 
7f2188000000-7f21894ef000 rw-p 00000000 00:00 0 
7f21894ef000-7f218c000000 ---p 00000000 00:00 0 
7f218c000000-7f218c295000 rw-p 00000000 00:00 0 
7f218c295000-7f2190000000 ---p 00000000 00:00 0 
7f2190000000-7f2190029000 rw-p 00000000 00:00 0 
7f2190029000-7f2194000000 ---p 00000000 00:00 0 
7f2194000000-7f2194021000 rw-p 00000000 00:00 0 
7f2194021000-7f2198000000 ---p 00000000 00:00 0 
7f2198000000-7f2198021000 rw-p 00000000 00:00 0 
7f2198021000-7f219c000000 ---p 00000000 00:00 0 
7f219c000000-7f219c021000 rw-p 00000000 00:00 0 
7f219c021000-7f21a0000000 ---p 00000000 00:00 0 
7f21a0000000-7f21a0021000 rw-p 00000000 00:00 0 
7f21a0021000-7f21a4000000 ---p 00000000 00:00 0 
7f21a4000000-7f21a406c000 rw-p 00000000 00:00 0 
7f21a406c000-7f21a8000000 ---p 00000000 00:00 0 
7f21a8000000-7f21a8021000 rw-p 00000000 00:00 0 
7f21a8021000-7f21ac000000 ---p 00000000 00:00 0 
7f21ac000000-7f21ac021000 rw-p 00000000 00:00 0 
7f21ac021000-7f21b0000000 ---p 00000000 00:00 0 
7f21b0000000-7f21b1dc1000 rw-p 00000000 00:00 0 
7f21b1dc1000-7f21b4000000 ---p 00000000 00:00 0 
7f21b4000000-7f21b5054000 rw-p 00000000 00:00 0 
7f21b5054000-7f21b8000000 ---p 00000000 00:00 0 
7f21b8000000-7f21b9c9a000 rw-p 00000000 00:00 0 
7f21b9c9a000-7f21bc000000 ---p 00000000 00:00 0 
7f21bc078000-7f21bc08f000 r--s 000fb000 fd:02 6424510                    /home/ike/.gradle/caches/modules-2/files-2.1/org.springframework/spring-core/4.3.7.RELEASE/54fa2db94cc7222edc90ec71354e47cd1dc07f7b/spring-core-4.3.7.RELEASE.jar
7f21bc08f000-7f21bc28f000 rw-p 00000000 00:00 0 
7f21bc28f000-7f21bc48f000 rw-p 00000000 00:00 0 
7f21bc48f000-7f21bc492000 ---p 00000000 00:00 0 
7f21bc492000-7f21bc790000 rw-p 00000000 00:00 0 
7f21bc790000-7f21bc990000 rw-p 00000000 00:00 0 
7f21bc990000-7f21bcb90000 rw-p 00000000 00:00 0 
7f21bcb90000-7f21bcb93000 ---p 00000000 00:00 0 
7f21bcb93000-7f21bce91000 rw-p 00000000 00:00 0 
7f21bce97000-7f21bce9e000 r--s 00063000 fd:02 5771569                    /home/ike/.gradle/caches/modules-2/files-2.1/org.springframework/springloaded/1.2.7.RELEASE/36be57f1a306cec1185b0276960fbe95dee08bf/springloaded-1.2.7.RELEASE.jar
7f21bce9e000-7f21bcea0000 r--s 0000e000 fd:02 3540268                    /home/ike/.gradle/caches/modules-2/files-2.1/commons-logging/commons-logging/1.2/4bfc12adfe4842bf07b657f0369c4cb522955686/commons-logging-1.2.jar
7f21bcea0000-7f21bceae000 r--s 0009d000 fd:02 5769847                    /home/ike/.gradle/caches/modules-2/files-2.1/io.spring.gradle/dependency-management-plugin/1.0.0.RELEASE/d329501e7bf024f9557bdd66be4f8c4caf65769f/dependency-management-plugin-1.0.0.RELEASE.jar
7f21bceae000-7f21bceb1000 r--s 00022000 fd:02 5769845                    /home/ike/.gradle/caches/modules-2/files-2.1/org.springframework.boot/spring-boot-loader-tools/1.5.2.RELEASE/15c14c8a45c5876cb6389376eb6202c99e9e5d73/spring-boot-loader-tools-1.5.2.RELEASE.jar
7f21bceb1000-7f21bceb3000 r--s 0000b000 fd:02 5769843                    /home/ike/.gradle/caches/modules-2/files-2.1/org.springframework.boot/spring-boot-gradle-plugin/1.5.2.RELEASE/b3f123b179b0170c62c8a9ce33b47f9f28df4ca/spring-boot-gradle-plugin-1.5.2.RELEASE.jar
7f21bceb3000-7f21bceb4000 r--s 00003000 fd:02 3155905                    /home/ike/.gradle/caches/jars-3/00889819b46cbed66ae64f6c9cb1c957/grails-rt.jar
7f21bceb4000-7f21bcec2000 r--s 000c9000 fd:02 3155903                    /home/ike/.gradle/caches/jars-3/d836ee27dfcc7bf89f9e2b7025f62f21/kotlin-runtime.jar
7f21bcec2000-7f21bcf32000 r--s 00643000 fd:02 3155901                    /home/ike/.gradle/caches/jars-3/fd607a71f3d781451515f815d21ecd8e/groovy-all-2.4.6.jar
7f21bcf32000-7f21bcf38000 r--s 00090000 fd:02 3155899                    /home/ike/.gradle/caches/jars-3/d4625b15f6be2b0f210c7eb705521562/gradle-tooling-extension-impl.jar
7f21bcf38000-7f21bcf3d000 r--s 00034000 fd:02 3155897                    /home/ike/.gradle/caches/jars-3/d447f2396a03dbc75b6d52fec5a488d6/gson-2.5.jar
7f21bcf3d000-7f21bd13d000 rw-p 00000000 00:00 0 
7f21bd13d000-7f21bd13e000 r--s 00005000 fd:02 3155864                    /home/ike/.gradle/caches/jars-3/365c6db642c6504428a64370e32c73a8/grails-gradle-tooling.jar
7f21bd13e000-7f21bd17b000 r--s 00556000 fd:02 3155866                    /home/ike/.gradle/caches/jars-3/36ec32e5474897539a832822faa49641/sdk-tools.jar
7f21bd17b000-7f21bd17d000 r--s 00002000 fd:02 3155868                    /home/ike/.gradle/caches/jars-3/051bd7a04df129b69cac505d3d910ec9/kotlin-gradle-tooling.jar
7f21bd17d000-7f21bd17e000 r--s 00002000 fd:02 3027744                    /home/ike/.gradle/caches/jars-3/da326b2ddfbbbcfaf01e5582c3433dbd/external-system-rt.jar
7f21bd17e000-7f21bd37e000 rw-p 00000000 00:00 0 
7f21bd37e000-7f21bd384000 r--s 00027000 fd:02 3027740                    /home/ike/.gradle/caches/jars-3/f89407f44f289ae7adf2aa801e42dcaf/gradle-messaging-3.3.jar
7f21bd384000-7f21bd389000 r--s 00041000 fd:02 3027738                    /home/ike/.gradle/caches/jars-3/c0502f5c2cf6dfd52d250e1b7d027d24/commons-lang-2.6.jar
7f21bd389000-7f21bd3c6000 r--s 001f8000 fd:02 3027736                    /home/ike/.gradle/caches/jars-3/d26e134fafb5ec05907d81bca6e339a5/gradle-core-3.3.jar
7f21bd3c6000-7f21bd3ee000 r--s 001cf000 fd:02 3027732                    /home/ike/.gradle/caches/jars-3/566e7e0f530f75a42eba4833ef84d88c/guava-jdk5-17.0.jar
7f21bd3ee000-7f21bd467000 r--s 010e5000 fd:02 2098936                    /home/ike/soft/jdk1.8/lib/tools.jar
7f21bd467000-7f21c4000000 r--p 00000000 fd:00 2885042                    /usr/lib/locale/locale-archive
7f21c4000000-7f21c4021000 rw-p 00000000 00:00 0 
7f21c4021000-7f21c8000000 ---p 00000000 00:00 0 
7f21c8000000-7f21c8021000 rw-p 00000000 00:00 0 
7f21c8021000-7f21cc000000 ---p 00000000 00:00 0 
7f21cc000000-7f21cc310000 rw-p 00000000 00:00 0 
7f21cc310000-7f21d0000000 ---p 00000000 00:00 0 
7f21d0000000-7f21d0021000 rw-p 00000000 00:00 0 
7f21d0021000-7f21d4000000 ---p 00000000 00:00 0 
7f21d4000000-7f21d404d000 rw-p 00000000 00:00 0 
7f21d404d000-7f21d8000000 ---p 00000000 00:00 0 
7f21d8000000-7f21d8041000 rw-p 00000000 00:00 0 
7f21d8041000-7f21dc000000 ---p 00000000 00:00 0 
7f21dc000000-7f21dc021000 rw-p 00000000 00:00 0 
7f21dc021000-7f21e0000000 ---p 00000000 00:00 0 
7f21e0000000-7f21e0002000 r--s 0000d000 fd:02 3027742                    /home/ike/.gradle/caches/jars-3/8e5f63df4da42d2f04ea304ca5c9bb98/gradle-tooling-extension-api.jar
7f21e0002000-7f21e000b000 r--s 00042000 fd:02 3027734                    /home/ike/.gradle/caches/jars-3/6bcc387f718b96b0f07a751f65aa3518/gradle-base-services-3.3.jar
7f21e000b000-7f21e0018000 r--s 00041000 fd:02 3027730                    /home/ike/.gradle/caches/jars-3/f3e5a7704032832aac1e05c981cb276a/gradle-tooling-api-3.3.jar
7f21e0018000-7f21e001b000 ---p 00000000 00:00 0 
7f21e001b000-7f21e0319000 rw-p 00000000 00:00 0 
7f21e0319000-7f21e031c000 ---p 00000000 00:00 0 
7f21e031c000-7f21e041a000 rw-p 00000000 00:00 0 
7f21e041a000-7f21e041d000 ---p 00000000 00:00 0 
7f21e041d000-7f21e051b000 rw-p 00000000 00:00 0 
7f21e051b000-7f21e051e000 ---p 00000000 00:00 0 
7f21e051e000-7f21e061c000 rw-p 00000000 00:00 0 
7f21e061c000-7f21e061f000 ---p 00000000 00:00 0 
7f21e061f000-7f21e091d000 rw-p 00000000 00:00 0 
7f21e091d000-7f21e0920000 ---p 00000000 00:00 0 
7f21e0920000-7f21e0a1e000 rw-p 00000000 00:00 0 
7f21e0a1e000-7f21e0a21000 ---p 00000000 00:00 0 
7f21e0a21000-7f21e0b1f000 rw-p 00000000 00:00 0 
7f21e0b1f000-7f21e0b22000 ---p 00000000 00:00 0 
7f21e0b22000-7f21e0c20000 rw-p 00000000 00:00 0 
7f21e0c20000-7f21e0c23000 ---p 00000000 00:00 0 
7f21e0c23000-7f21e0d21000 rw-p 00000000 00:00 0 
7f21e0d21000-7f21e0d24000 ---p 00000000 00:00 0 
7f21e0d24000-7f21e0e22000 rw-p 00000000 00:00 0 
7f21e0e22000-7f21e0e29000 r--s 00000000 fd:00 2834                       /usr/lib64/gconv/gconv-modules.cache
7f21e0e29000-7f21e0e2c000 ---p 00000000 00:00 0 
7f21e0e2c000-7f21e0f2a000 rw-p 00000000 00:00 0 
7f21e0f2a000-7f21e0f2e000 r--s 00097000 fd:02 2100406                    /home/ike/soft/jdk1.8/jre/lib/jsse.jar
7f21e0f2e000-7f21e112e000 rw-p 00000000 00:00 0 
7f21e112e000-7f21e1131000 ---p 00000000 00:00 0 
7f21e1131000-7f21e122f000 rw-p 00000000 00:00 0 
7f21e122f000-7f21e1238000 r-xp 00000000 fd:02 2100283                    /home/ike/soft/jdk1.8/jre/lib/amd64/libmanagement.so
7f21e1238000-7f21e1437000 ---p 00009000 fd:02 2100283                    /home/ike/soft/jdk1.8/jre/lib/amd64/libmanagement.so
7f21e1437000-7f21e1438000 rw-p 00008000 fd:02 2100283                    /home/ike/soft/jdk1.8/jre/lib/amd64/libmanagement.so
7f21e1438000-7f21e143a000 r--s 00007000 fd:02 2249179                    /home/ike/soft/gradle-4.1/lib/plugins/gradle-tooling-api-builders-4.1.jar
7f21e143a000-7f21e143d000 r--s 00009000 fd:02 2249189                    /home/ike/soft/gradle-4.1/lib/plugins/gradle-testing-native-4.1.jar
7f21e143d000-7f21e143f000 r--s 00009000 fd:02 2249262                    /home/ike/soft/gradle-4.1/lib/plugins/hamcrest-core-1.3.jar
7f21e143f000-7f21e1444000 r--s 00040000 fd:02 2249257                    /home/ike/soft/gradle-4.1/lib/plugins/bsh-2.0b4.jar
7f21e1444000-7f21e1446000 r--s 00006000 fd:02 2249258                    /home/ike/soft/gradle-4.1/lib/plugins/jcommander-1.12.jar
7f21e1446000-7f21e144c000 r--s 00033000 fd:02 2249259                    /home/ike/soft/gradle-4.1/lib/plugins/snakeyaml-1.6.jar
7f21e144c000-7f21e1455000 r--s 00089000 fd:02 2249217                    /home/ike/soft/gradle-4.1/lib/plugins/testng-6.3.1.jar
7f21e1455000-7f21e145d000 r--s 00045000 fd:02 2249218                    /home/ike/soft/gradle-4.1/lib/plugins/junit-4.12.jar
7f21e145d000-7f21e1463000 r--s 0002e000 fd:02 2249185                    /home/ike/soft/gradle-4.1/lib/plugins/gradle-testing-jvm-4.1.jar
7f21e1463000-7f21e1467000 r--s 00017000 fd:02 2249193                    /home/ike/soft/gradle-4.1/lib/plugins/gradle-testing-base-4.1.jar
7f21e1467000-7f21e146e000 r--s 00038000 fd:02 2249213                    /home/ike/soft/gradle-4.1/lib/plugins/bcpg-jdk15on-1.51.jar
7f21e146e000-7f21e1470000 r--s 0000c000 fd:02 2249164                    /home/ike/soft/gradle-4.1/lib/plugins/gradle-signing-4.1.jar
7f21e1470000-7f21e1472000 r--s 00007000 fd:02 2249170                    /home/ike/soft/gradle-4.1/lib/plugins/gradle-scala-4.1.jar
7f21e1472000-7f21e1473000 r--s 00004000 fd:02 2249201                    /home/ike/soft/gradle-4.1/lib/plugins/gradle-resources-sftp-4.1.jar
7f21e1473000-7f21e1483000 r--s 00088000 fd:02 2249230                    /home/ike/soft/gradle-4.1/lib/plugins/joda-time-2.8.2.jar
7f21e1483000-7f21e1494000 r--s 0010d000 fd:02 2249229                    /home/ike/soft/gradle-4.1/lib/plugins/jackson-databind-2.6.6.jar
7f21e1494000-7f21e1497000 r--s 00009000 fd:02 2249228                    /home/ike/soft/gradle-4.1/lib/plugins/jackson-annotations-2.6.6.jar
7f21e1497000-7f21e149b000 r--s 0003c000 fd:02 2249227                    /home/ike/soft/gradle-4.1/lib/plugins/jackson-core-2.6.6.jar
7f21e149b000-7f21e14a9000 r--s 00087000 fd:02 2249226                    /home/ike/soft/gradle-4.1/lib/plugins/aws-java-sdk-core-1.11.6.jar
7f21e14a9000-7f21e14b0000 r--s 00057000 fd:02 2249225                    /home/ike/soft/gradle-4.1/lib/plugins/aws-java-sdk-kms-1.11.6.jar
7f21e14b0000-7f21e14bd000 r--s 0008e000 fd:02 2249224                    /home/ike/soft/gradle-4.1/lib/plugins/aws-java-sdk-s3-1.11.6.jar
7f21e14bd000-7f21e14bf000 r--s 00004000 fd:02 2249198                    /home/ike/soft/gradle-4.1/lib/plugins/gradle-resources-s3-4.1.jar
7f21e14bf000-7f21e14c1000 r--s 00010000 fd:02 2249194                    /home/ike/soft/gradle-4.1/lib/plugins/gradle-reporting-4.1.jar
7f21e14c1000-7f21e14c3000 r--s 00002000 fd:02 2249195                    /home/ike/soft/gradle-4.1/lib/plugins/gradle-publish-4.1.jar
7f21e14c3000-7f21e14c5000 r--s 00009000 fd:02 2249206                    /home/ike/soft/gradle-4.1/lib/plugins/commons-cli-1.2.jar
7f21e14c5000-7f21e14cb000 r--s 00036000 fd:02 2249178                    /home/ike/soft/gradle-4.1/lib/plugins/gradle-plugins-4.1.jar
7f21e14cb000-7f21e14cd000 r--s 00009000 fd:02 2249165                    /home/ike/soft/gradle-4.1/lib/plugins/gradle-plugin-development-4.1.jar
7f21e14cd000-7f21e14d3000 r--s 0002b000 fd:02 2249173                    /home/ike/soft/gradle-4.1/lib/plugins/gradle-platform-play-4.1.jar
7f21e14d3000-7f21e14e2000 r--s 0005b000 fd:02 2249191                    /home/ike/soft/gradle-4.1/lib/plugins/gradle-platform-native-4.1.jar
7f21e14e2000-7f21e14e6000 r--s 0001b000 fd:02 2249188                    /home/ike/soft/gradle-4.1/lib/plugins/gradle-platform-jvm-4.1.jar
7f21e14e6000-7f21e14ee000 r--s 00027000 fd:02 2249196                    /home/ike/soft/gradle-4.1/lib/plugins/gradle-platform-base-4.1.jar
7f21e14ee000-7f21e1516000 r--s 0021c000 fd:02 2249207                    /home/ike/soft/gradle-4.1/lib/plugins/biz.aQute.bndlib-3.2.0.jar
7f21e1516000-7f21e1517000 r--s 00004000 fd:02 2249163                    /home/ike/soft/gradle-4.1/lib/plugins/gradle-osgi-4.1.jar
7f21e1517000-7f21e151a000 r--s 0000c000 fd:02 2249210                    /home/ike/soft/gradle-4.1/lib/plugins/pmaven-groovy-0.8-20100325.jar
7f21e151a000-7f21e151b000 r--s 00004000 fd:02 2249209                    /home/ike/soft/gradle-4.1/lib/plugins/pmaven-common-0.8-20100325.jar
7f21e151b000-7f21e1521000 r--s 00023000 fd:02 2249166                    /home/ike/soft/gradle-4.1/lib/plugins/gradle-maven-4.1.jar
7f21e1521000-7f21e1524000 r--s 0000b000 fd:02 2249184                    /home/ike/soft/gradle-4.1/lib/plugins/gradle-language-scala-4.1.jar
7f21e1524000-7f21e152b000 r--s 00020000 fd:02 2249190                    /home/ike/soft/gradle-4.1/lib/plugins/gradle-language-native-4.1.jar
7f21e152b000-7f21e152d000 r--s 00005000 fd:02 2249187                    /home/ike/soft/gradle-4.1/lib/plugins/gradle-language-jvm-4.1.jar
7f21e152d000-7f21e1534000 r--s 0002f000 fd:02 2249186                    /home/ike/soft/gradle-4.1/lib/plugins/gradle-language-java-4.1.jar
7f21e1534000-7f21e1537000 r--s 0000a000 fd:02 2249183                    /home/ike/soft/gradle-4.1/lib/plugins/gradle-language-groovy-4.1.jar
7f21e1537000-7f21e153e000 r--s 00035000 fd:02 2249216                    /home/ike/soft/gradle-4.1/lib/plugins/simple-4.1.21.jar
7f21e153e000-7f21e154a000 r--s 00100000 fd:02 2249214                    /home/ike/soft/gradle-4.1/lib/plugins/rhino-1.7R3.jar
7f21e154a000-7f21e154e000 r--s 00012000 fd:02 2249174                    /home/ike/soft/gradle-4.1/lib/plugins/gradle-javascript-4.1.jar
7f21e154e000-7f21e1551000 r--s 00011000 fd:02 2249176                    /home/ike/soft/gradle-4.1/lib/plugins/gradle-jacoco-4.1.jar
7f21e1551000-7f21e1554000 r--s 0000e000 fd:02 2249175                    /home/ike/soft/gradle-4.1/lib/plugins/gradle-ivy-4.1.jar
7f21e1554000-7f21e1555000 r--s 00002000 fd:02 2249167                    /home/ike/soft/gradle-4.1/lib/plugins/gradle-ide-play-4.1.jar
7f21e1555000-7f21e1558000 r--s 00013000 fd:02 2249168                    /home/ike/soft/gradle-4.1/lib/plugins/gradle-ide-native-4.1.jar
7f21e1558000-7f21e1562000 r--s 00054000 fd:02 2249169                    /home/ike/soft/gradle-4.1/lib/plugins/gradle-ide-4.1.jar
7f21e1562000-7f21e1564000 r--s 00007000 fd:02 2249172                    /home/ike/soft/gradle-4.1/lib/plugins/gradle-ear-4.1.jar
7f21e1564000-7f21e1566000 r--s 00005000 fd:02 2249204                    /home/ike/soft/gradle-4.1/lib/plugins/jatl-0.2.2.jar
7f21e1566000-7f21e156d000 r--s 00038000 fd:02 2249192                    /home/ike/soft/gradle-4.1/lib/plugins/gradle-diagnostics-4.1.jar
7f21e156d000-7f21e156f000 r--s 0000b000 fd:02 2249181                    /home/ike/soft/gradle-4.1/lib/plugins/gradle-composite-builds-4.1.jar
7f21e156f000-7f21e1574000 r--s 00025000 fd:02 2249161                    /home/ike/soft/gradle-4.1/lib/plugins/gradle-code-quality-4.1.jar
7f21e1574000-7f21e1579000 r--s 00022000 fd:02 2249177                    /home/ike/soft/gradle-4.1/lib/plugins/gradle-build-init-4.1.jar
7f21e1579000-7f21e157f000 r--s 0008e000 fd:02 2249171                    /home/ike/soft/gradle-4.1/lib/plugins/gradle-build-comparison-4.1.jar
7f21e157f000-7f21e1580000 r--s 00002000 fd:02 2249199                    /home/ike/soft/gradle-4.1/lib/plugins/gradle-build-cache-http-4.1.jar
7f21e1580000-7f21e1582000 r--s 00008000 fd:02 2249162                    /home/ike/soft/gradle-4.1/lib/plugins/gradle-antlr-4.1.jar
7f21e1582000-7f21e1584000 r--s 00004000 fd:02 2249182                    /home/ike/soft/gradle-4.1/lib/plugins/gradle-announce-4.1.jar
7f21e1584000-7f21e1586000 r--s 00008000 fd:02 2249101                    /home/ike/soft/gradle-4.1/lib/gradle-kotlin-dsl-tooling-builders-0.10.3.jar
7f21e1586000-7f21e1589000 r--s 0001c000 fd:02 2249220                    /home/ike/soft/gradle-4.1/lib/plugins/nekohtml-1.9.14.jar
7f21e1589000-7f21e1591000 r--s 00028000 fd:02 2249261                    /home/ike/soft/gradle-4.1/lib/plugins/xml-apis-1.3.04.jar
7f21e1591000-7f21e15a9000 r--s 00115000 fd:02 2249221                    /home/ike/soft/gradle-4.1/lib/plugins/xercesImpl-2.9.1.jar
7f21e15a9000-7f21e15af000 r--s 0005b000 fd:02 2249219                    /home/ike/soft/gradle-4.1/lib/plugins/jcifs-1.3.17.jar
7f21e15af000-7f21e15b6000 r--s 00049000 fd:02 2249260                    /home/ike/soft/gradle-4.1/lib/plugins/httpcore-4.4.4.jar
7f21e15b6000-7f21e15bc000 r--s 00033000 fd:02 2249212                    /home/ike/soft/gradle-4.1/lib/plugins/commons-codec-1.6.jar
7f21e15bc000-7f21e15c9000 r--s 000a4000 fd:02 2249205                    /home/ike/soft/gradle-4.1/lib/plugins/httpclient-4.4.1.jar
7f21e15c9000-7f21e15cb000 r--s 0000b000 fd:02 2249200                    /home/ike/soft/gradle-4.1/lib/plugins/gradle-resources-http-4.1.jar
7f21e15cb000-7f21e15cf000 r--s 00017000 fd:02 2249197                    /home/ike/soft/gradle-4.1/lib/plugins/gradle-plugin-use-4.1.jar
7f21e15cf000-7f21e15d0000 r--s 00000000 fd:02 2249107                    /home/ike/soft/gradle-4.1/lib/gradle-runtime-api-info-4.1.jar
7f21e15d0000-7f21e15d1000 r--s 00000000 fd:02 2249111                    /home/ike/soft/gradle-4.1/lib/gradle-installation-beacon-4.1.jar
7f21e15d1000-7f21e1611000 r--s 00277000 fd:02 2249232                    /home/ike/soft/gradle-4.1/lib/plugins/bcprov-jdk15on-1.51.jar
7f21e1611000-7f21e1615000 r--s 0001d000 fd:02 2249231                    /home/ike/soft/gradle-4.1/lib/plugins/xbean-reflect-3.4.jar
7f21e1615000-7f21e1617000 r--s 0000a000 fd:02 2249233                    /home/ike/soft/gradle-4.1/lib/plugins/maven-settings-3.0.4.jar
7f21e1617000-7f21e161a000 r--s 00008000 fd:02 2249234                    /home/ike/soft/gradle-4.1/lib/plugins/maven-settings-builder-3.0.4.jar
7f21e161a000-7f21e161e000 r--s 00033000 fd:02 2249235                    /home/ike/soft/gradle-4.1/lib/plugins/plexus-utils-2.0.6.jar
7f21e161e000-7f21e1620000 r--s 0000d000 fd:02 2249236                    /home/ike/soft/gradle-4.1/lib/plugins/plexus-interpolation-1.14.jar
7f21e1620000-7f21e1622000 r--s 00000000 fd:02 2249211                    /home/ike/soft/gradle-4.1/lib/plugins/plexus-component-annotations-1.5.5.jar
7f21e1622000-7f21e1629000 r--s 0002e000 fd:02 2249237                    /home/ike/soft/gradle-4.1/lib/plugins/plexus-container-default-1.5.5.jar
7f21e1629000-7f21e162b000 r--s 0000a000 fd:02 2249238                    /home/ike/soft/gradle-4.1/lib/plugins/plexus-classworlds-2.4.jar
7f21e162b000-7f21e162d000 r--s 00002000 fd:02 2249239                    /home/ike/soft/gradle-4.1/lib/plugins/plexus-cipher-1.7.jar
7f21e162d000-7f21e162e000 r--s 00006000 fd:02 2249240                    /home/ike/soft/gradle-4.1/lib/plugins/plexus-sec-dispatcher-1.3.jar
7f21e162e000-7f21e1634000 r--s 0003f000 fd:02 2249241                    /home/ike/soft/gradle-4.1/lib/plugins/maven-compat-3.0.4.jar
7f21e1634000-7f21e1638000 r--s 00021000 fd:02 2249242                    /home/ike/soft/gradle-4.1/lib/plugins/maven-model-builder-3.0.4.jar
7f21e1638000-7f21e163a000 r--s 00026000 fd:02 2249243                    /home/ike/soft/gradle-4.1/lib/plugins/maven-model-3.0.4.jar
7f21e163a000-7f21e163c000 r--s 0000b000 fd:02 2249244                    /home/ike/soft/gradle-4.1/lib/plugins/maven-artifact-3.0.4.jar
7f21e163c000-7f21e163e000 r--s 00006000 fd:02 2249245                    /home/ike/soft/gradle-4.1/lib/plugins/maven-repository-metadata-3.0.4.jar
7f21e163e000-7f21e1640000 r--s 0000b000 fd:02 2249246                    /home/ike/soft/gradle-4.1/lib/plugins/maven-plugin-api-3.0.4.jar
7f21e1640000-7f21e1642000 r--s 0000c000 fd:02 2249247                    /home/ike/soft/gradle-4.1/lib/plugins/maven-aether-provider-3.0.4.jar
7f21e1642000-7f21e1643000 r--s 00002000 fd:02 2249248                    /home/ike/soft/gradle-4.1/lib/plugins/wagon-file-2.4.jar
7f21e1643000-7f21e1645000 r--s 0000b000 fd:02 2249250                    /home/ike/soft/gradle-4.1/lib/plugins/wagon-provider-api-2.4.jar
7f21e1645000-7f21e1648000 r--s 00013000 fd:02 2249252                    /home/ike/soft/gradle-4.1/lib/plugins/aether-api-1.13.1.jar
7f21e1648000-7f21e164b000 r--s 0001d000 fd:02 2249253                    /home/ike/soft/gradle-4.1/lib/plugins/aether-impl-1.13.1.jar
7f21e164b000-7f21e1661000 r-xp 00000000 fd:00 2890778                    /usr/lib64/libgcc_s-6.3.1-20161221.so.1
7f21e1661000-7f21e1860000 ---p 00016000 fd:00 2890778                    /usr/lib64/libgcc_s-6.3.1-20161221.so.1
7f21e1860000-7f21e1861000 r--p 00015000 fd:00 2890778                    /usr/lib64/libgcc_s-6.3.1-20161221.so.1
7f21e1861000-7f21e1862000 rw-p 00016000 fd:00 2890778                    /usr/lib64/libgcc_s-6.3.1-20161221.so.1
7f21e1862000-7f21e19da000 r-xp 00000000 fd:00 2892058                    /usr/lib64/libstdc++.so.6.0.22
7f21e19da000-7f21e1bda000 ---p 00178000 fd:00 2892058                    /usr/lib64/libstdc++.so.6.0.22
7f21e1bda000-7f21e1be4000 r--p 00178000 fd:00 2892058                    /usr/lib64/libstdc++.so.6.0.22
7f21e1be4000-7f21e1be6000 rw-p 00182000 fd:00 2892058                    /usr/lib64/libstdc++.so.6.0.22
7f21e1be6000-7f21e1bea000 rw-p 00000000 00:00 0 
7f21e1bea000-7f21e1bef000 r-xp 00000000 fd:02 3027712                    /home/ike/.gradle/native/25/linux-amd64/libnative-platform.so
7f21e1bef000-7f21e1dee000 ---p 00005000 fd:02 3027712                    /home/ike/.gradle/native/25/linux-amd64/libnative-platform.so
7f21e1dee000-7f21e1def000 rw-p 00004000 fd:02 3027712                    /home/ike/.gradle/native/25/linux-amd64/libnative-platform.so
7f21e1def000-7f21e1e00000 r-xp 00000000 fd:02 2100229                    /home/ike/soft/jdk1.8/jre/lib/amd64/libnio.so
7f21e1e00000-7f21e1fff000 ---p 00011000 fd:02 2100229                    /home/ike/soft/jdk1.8/jre/lib/amd64/libnio.so
7f21e1fff000-7f21e2000000 rw-p 00010000 fd:02 2100229                    /home/ike/soft/jdk1.8/jre/lib/amd64/libnio.so
7f21e2000000-7f21e4000000 rw-p 00000000 00:00 0 
7f21e4000000-7f21e4021000 rw-p 00000000 00:00 0 
7f21e4021000-7f21e8000000 ---p 00000000 00:00 0 
7f21e8000000-7f21e8001000 r--s 00002000 fd:02 2249249                    /home/ike/soft/gradle-4.1/lib/plugins/wagon-http-2.4.jar
7f21e8001000-7f21e8002000 r--s 00007000 fd:02 2249251                    /home/ike/soft/gradle-4.1/lib/plugins/wagon-http-shared4-2.4.jar
7f21e8002000-7f21e8003000 r--s 00003000 fd:02 2249254                    /home/ike/soft/gradle-4.1/lib/plugins/aether-spi-1.13.1.jar
7f21e8003000-7f21e8007000 r--s 0001c000 fd:02 2249255                    /home/ike/soft/gradle-4.1/lib/plugins/aether-util-1.13.1.jar
7f21e8007000-7f21e8009000 r--s 00006000 fd:02 2249256                    /home/ike/soft/gradle-4.1/lib/plugins/aether-connector-wagon-1.13.1.jar
7f21e8009000-7f21e8015000 r--s 0007d000 fd:02 2249208                    /home/ike/soft/gradle-4.1/lib/plugins/maven-core-3.0.4.jar
7f21e8015000-7f21e801a000 r--s 00034000 fd:02 2249215                    /home/ike/soft/gradle-4.1/lib/plugins/gson-2.7.jar
7f21e801a000-7f21e801f000 r--s 00040000 fd:02 2249223                    /home/ike/soft/gradle-4.1/lib/plugins/jsch-0.1.54.jar
7f21e801f000-7f21e802e000 r--s 000d9000 fd:02 2249222                    /home/ike/soft/gradle-4.1/lib/plugins/ivy-2.2.0.jar
7f21e802e000-7f21e8052000 r--s 0011a000 fd:02 2249203                    /home/ike/soft/gradle-4.1/lib/plugins/gradle-dependency-management-4.1.jar
7f21e8052000-7f21e8055000 r--s 0000d000 fd:02 2249202                    /home/ike/soft/gradle-4.1/lib/plugins/gradle-workers-4.1.jar
7f21e8055000-7f21e806b000 r-xp 00000000 fd:02 2100243                    /home/ike/soft/jdk1.8/jre/lib/amd64/libnet.so
7f21e806b000-7f21e826b000 ---p 00016000 fd:02 2100243                    /home/ike/soft/jdk1.8/jre/lib/amd64/libnet.so
7f21e826b000-7f21e826c000 rw-p 00016000 fd:02 2100243                    /home/ike/soft/jdk1.8/jre/lib/amd64/libnet.so
7f21e826c000-7f21e8276000 r--s 00116000 fd:02 2100424                    /home/ike/soft/jdk1.8/jre/lib/ext/localedata.jar
7f21e8276000-7f21e8277000 r--s 00006000 fd:02 2249110                    /home/ike/soft/gradle-4.1/lib/gradle-wrapper-4.1.jar
7f21e8277000-7f21e8284000 r--s 00043000 fd:02 2249109                    /home/ike/soft/gradle-4.1/lib/gradle-tooling-api-4.1.jar
7f21e8284000-7f21e8293000 r--s 000c8000 fd:02 2249105                    /home/ike/soft/gradle-4.1/lib/kotlin-stdlib-1.1.3-2.jar
7f21e8293000-7f21e82c5000 r--s 0021b000 fd:02 2249104                    /home/ike/soft/gradle-4.1/lib/kotlin-reflect-1.1.3-2.jar
7f21e82c5000-7f21e847c000 r--s 01786000 fd:02 2249103                    /home/ike/soft/gradle-4.1/lib/kotlin-compiler-embeddable-1.1.3-2.jar
7f21e847c000-7f21e847d000 r--s 00000000 fd:02 2249102                    /home/ike/soft/gradle-4.1/lib/gradle-kotlin-dsl-tooling-models-0.10.3.jar
7f21e847d000-7f21e847e000 r--s 00001000 fd:02 2249100                    /home/ike/soft/gradle-4.1/lib/gradle-kotlin-dsl-compiler-plugin-0.10.3.jar
7f21e847e000-7f21e8480000 r--s 00003000 fd:02 2249098                    /home/ike/soft/gradle-4.1/lib/annotations-13.0.jar
7f21e8480000-7f21e848a000 r--s 00073000 fd:02 2249099                    /home/ike/soft/gradle-4.1/lib/gradle-kotlin-dsl-0.10.3.jar
7f21e848a000-7f21e848f000 r--s 00013000 fd:02 2249116                    /home/ike/soft/gradle-4.1/lib/gradle-resources-4.1.jar
7f21e848f000-7f21e8491000 r--s 00005000 fd:02 2249123                    /home/ike/soft/gradle-4.1/lib/gradle-cli-4.1.jar
7f21e8491000-7f21e8493000 r--s 00003000 fd:02 2249130                    /home/ike/soft/gradle-4.1/lib/jcl-over-slf4j-1.7.10.jar
7f21e8493000-7f21e8494000 r--s 00005000 fd:02 2249129                    /home/ike/soft/gradle-4.1/lib/log4j-over-slf4j-1.7.10.jar
7f21e8494000-7f21e8496000 r--s 00000000 fd:02 2249128                    /home/ike/soft/gradle-4.1/lib/jul-to-slf4j-1.7.10.jar
7f21e8496000-7f21e849d000 r--s 0002c000 fd:02 2249114                    /home/ike/soft/gradle-4.1/lib/gradle-logging-4.1.jar
7f21e849d000-7f21e84ad000 r--s 00082000 fd:02 2249119                    /home/ike/soft/gradle-4.1/lib/gradle-model-core-4.1.jar
7f21e84ad000-7f21e84af000 r--s 00006000 fd:02 2249120                    /home/ike/soft/gradle-4.1/lib/gradle-base-services-groovy-4.1.jar
7f21e84af000-7f21e84b1000 r--s 00007000 fd:02 2249118                    /home/ike/soft/gradle-4.1/lib/gradle-model-groovy-4.1.jar
7f21e84b1000-7f21e84b2000 r--s 00002000 fd:02 2249141                    /home/ike/soft/gradle-4.1/lib/gradle-docs-4.1.jar
7f21e84b2000-7f21e84bf000 r--s 00083000 fd:02 2249139                    /home/ike/soft/gradle-4.1/lib/commons-collections-3.2.2.jar
7f21e84bf000-7f21e84c0000 r--s 00000000 fd:02 2249138                    /home/ike/soft/gradle-4.1/lib/javax.inject-1.jar
7f21e84c0000-7f21e8530000 r--s 00645000 fd:02 2249136                    /home/ike/soft/gradle-4.1/lib/groovy-all-2.4.11.jar
7f21e8530000-7f21e8533000 r--s 00023000 fd:02 2249142                    /home/ike/soft/gradle-4.1/lib/jansi-1.14.jar
7f21e8533000-7f21e8534000 r--s 00004000 fd:02 2249144                    /home/ike/soft/gradle-4.1/lib/native-platform-freebsd-amd64-libcpp-0.14.jar
7f21e8534000-7f21e8535000 r--s 00004000 fd:02 2249145                    /home/ike/soft/gradle-4.1/lib/native-platform-freebsd-amd64-libstdcpp-0.14.jar
7f21e8535000-7f21e8536000 r--s 00004000 fd:02 2249146                    /home/ike/soft/gradle-4.1/lib/native-platform-freebsd-i386-libcpp-0.14.jar
7f21e8536000-7f21e8537000 r--s 00003000 fd:02 2249147                    /home/ike/soft/gradle-4.1/lib/native-platform-freebsd-i386-libstdcpp-0.14.jar
7f21e8537000-7f21e8538000 r--s 00002000 fd:02 2249148                    /home/ike/soft/gradle-4.1/lib/native-platform-linux-amd64-0.14.jar
7f21e8538000-7f21e8539000 r--s 00002000 fd:02 2249149                    /home/ike/soft/gradle-4.1/lib/native-platform-linux-i386-0.14.jar
7f21e8539000-7f21e853b000 r--s 00002000 fd:02 2249150                    /home/ike/soft/gradle-4.1/lib/native-platform-osx-amd64-0.14.jar
7f21e853b000-7f21e853c000 r--s 00003000 fd:02 2249151                    /home/ike/soft/gradle-4.1/lib/native-platform-osx-i386-0.14.jar
7f21e853c000-7f21e853e000 r--s 0000b000 fd:02 2249152                    /home/ike/soft/gradle-4.1/lib/native-platform-windows-amd64-0.14.jar
7f21e853e000-7f21e853f000 r--s 0000b000 fd:02 2249153                    /home/ike/soft/gradle-4.1/lib/native-platform-windows-i386-0.14.jar
7f21e853f000-7f21e8540000 r--s 00001000 fd:02 2249154                    /home/ike/soft/gradle-4.1/lib/native-platform-linux-amd64-ncurses5-0.14.jar
7f21e8540000-7f21e8541000 r--s 00001000 fd:02 2249155                    /home/ike/soft/gradle-4.1/lib/native-platform-linux-amd64-ncurses6-0.14.jar
7f21e8541000-7f21e8542000 r--s 00001000 fd:02 2249156                    /home/ike/soft/gradle-4.1/lib/native-platform-linux-i386-ncurses5-0.14.jar
7f21e8542000-7f21e8546000 r--s 00012000 fd:02 2249140                    /home/ike/soft/gradle-4.1/lib/native-platform-0.14.jar
7f21e8546000-7f21e8549000 r--s 0000c000 fd:02 2249117                    /home/ike/soft/gradle-4.1/lib/gradle-native-4.1.jar
7f21e8549000-7f21e854b000 r--s 0000f000 fd:02 2249125                    /home/ike/soft/gradle-4.1/lib/reflectasm-1.07-shaded.jar
7f21e854b000-7f21e854d000 r--s 00000000 fd:02 2249158                    /home/ike/soft/gradle-4.1/lib/minlog-1.2.jar
7f21e854d000-7f21e854f000 r--s 00007000 fd:02 2249159                    /home/ike/soft/gradle-4.1/lib/objenesis-1.2.jar
7f21e854f000-7f21e8553000 r--s 00026000 fd:02 2249124                    /home/ike/soft/gradle-4.1/lib/kryo-2.20.jar
7f21e8553000-7f21e8559000 r--s 0002b000 fd:02 2249121                    /home/ike/soft/gradle-4.1/lib/gradle-messaging-4.1.jar
7f21e8559000-7f21e855b000 r--s 00006000 fd:02 2249115                    /home/ike/soft/gradle-4.1/lib/gradle-process-services-4.1.jar
7f21e855b000-7f21e855d000 r--s 00000000 fd:02 2249113                    /home/ike/soft/gradle-4.1/lib/gradle-jvm-services-4.1.jar
7f21e855d000-7f21e8562000 r--s 00041000 fd:02 2249134                    /home/ike/soft/gradle-4.1/lib/commons-lang-2.6.jar
7f21e8562000-7f21e8565000 r--s 00006000 fd:02 2249133                    /home/ike/soft/gradle-4.1/lib/jsr305-1.3.9.jar
7f21e8565000-7f21e858d000 r--s 001cf000 fd:02 2249132                    /home/ike/soft/gradle-4.1/lib/guava-jdk5-17.0.jar
7f21e858d000-7f21e85ac000 r--s 001d1000 fd:02 2249137                    /home/ike/soft/gradle-4.1/lib/ant-1.9.6.jar
7f21e85ac000-7f21e85f6000 r--s 00253000 fd:02 2249112                    /home/ike/soft/gradle-4.1/lib/gradle-core-4.1.jar
7f21e85f6000-7f21e85f7000 ---p 00000000 00:00 0 
7f21e85f7000-7f21e86f7000 rw-p 00000000 00:00 0 
7f21e86f7000-7f21e86fa000 ---p 00000000 00:00 0 
7f21e86fa000-7f21e87f8000 rw-p 00000000 00:00 0 
7f21e87f8000-7f21e87fb000 ---p 00000000 00:00 0 
7f21e87fb000-7f21e88f9000 rw-p 00000000 00:00 0 
7f21e88f9000-7f21e88fc000 ---p 00000000 00:00 0 
7f21e88fc000-7f21e89fa000 rw-p 00000000 00:00 0 
7f21e89fa000-7f21e89fd000 ---p 00000000 00:00 0 
7f21e89fd000-7f21e8afb000 rw-p 00000000 00:00 0 
7f21e8afb000-7f21e8afe000 ---p 00000000 00:00 0 
7f21e8afe000-7f21e8bfc000 rw-p 00000000 00:00 0 
7f21e8bfc000-7f21e8bff000 ---p 00000000 00:00 0 
7f21e8bff000-7f21e8cfd000 rw-p 00000000 00:00 0 
7f21e8cfd000-7f21e8d00000 ---p 00000000 00:00 0 
7f21e8d00000-7f21e8dfe000 rw-p 00000000 00:00 0 
7f21e8dfe000-7f21e8dff000 ---p 00000000 00:00 0 
7f21e8dff000-7f21e9000000 rw-p 00000000 00:00 0 
7f21e9000000-7f21eb640000 rwxp 00000000 00:00 0 
7f21eb640000-7f21f8000000 ---p 00000000 00:00 0 
7f21f8000000-7f21f8d52000 rw-p 00000000 00:00 0 
7f21f8d52000-7f21fc000000 ---p 00000000 00:00 0 
7f21fc000000-7f21fc001000 r--s 00001000 fd:02 2249157                    /home/ike/soft/gradle-4.1/lib/native-platform-linux-i386-ncurses6-0.14.jar
7f21fc001000-7f21fc002000 r--s 00000000 fd:02 2249135                    /home/ike/soft/gradle-4.1/lib/jcip-annotations-1.0.jar
7f21fc002000-7f21fc003000 r--s 00007000 fd:02 2249131                    /home/ike/soft/gradle-4.1/lib/slf4j-api-1.7.10.jar
7f21fc003000-7f21fc007000 r--s 00027000 fd:02 2249127                    /home/ike/soft/gradle-4.1/lib/commons-io-2.2.jar
7f21fc007000-7f21fc00f000 r--s 000bd000 fd:02 2249126                    /home/ike/soft/gradle-4.1/lib/asm-debug-all-6.0_ALPHA.jar
7f21fc00f000-7f21fc010000 r--s 00004000 fd:02 2249143                    /home/ike/soft/gradle-4.1/lib/ant-launcher-1.9.6.jar
7f21fc010000-7f21fced0000 rw-p 00000000 00:00 0 
7f21fced0000-7f21fd0a9000 r--s 03d29000 fd:02 2100521                    /home/ike/soft/jdk1.8/jre/lib/rt.jar
7f21fd0a9000-7f21fdb1f000 rw-p 00000000 00:00 0 
7f21fdb1f000-7f21fdb20000 ---p 00000000 00:00 0 
7f21fdb20000-7f21fdc20000 rw-p 00000000 00:00 0 
7f21fdc20000-7f21fdc21000 ---p 00000000 00:00 0 
7f21fdc21000-7f21fdd21000 rw-p 00000000 00:00 0 
7f21fdd21000-7f21fdd22000 ---p 00000000 00:00 0 
7f21fdd22000-7f21fde22000 rw-p 00000000 00:00 0 
7f21fde22000-7f21fde23000 ---p 00000000 00:00 0 
7f21fde23000-7f21fdfe7000 rw-p 00000000 00:00 0 
7f21fdfe7000-7f21fe079000 ---p 00000000 00:00 0 
7f21fe079000-7f21fe13d000 rw-p 00000000 00:00 0 
7f21fe13d000-7f21fe1ce000 ---p 00000000 00:00 0 
7f21fe1ce000-7f21fe279000 rw-p 00000000 00:00 0 
7f21fe279000-7f21fe313000 rw-p 00000000 00:00 0 
7f21fe313000-7f21fe63a000 ---p 00000000 00:00 0 
7f21fe63a000-7f21fe654000 r-xp 00000000 fd:02 2100263                    /home/ike/soft/jdk1.8/jre/lib/amd64/libzip.so
7f21fe654000-7f21fe854000 ---p 0001a000 fd:02 2100263                    /home/ike/soft/jdk1.8/jre/lib/amd64/libzip.so
7f21fe854000-7f21fe855000 rw-p 0001a000 fd:02 2100263                    /home/ike/soft/jdk1.8/jre/lib/amd64/libzip.so
7f21fe855000-7f21fe85f000 r-xp 00000000 fd:00 2891856                    /usr/lib64/libnss_files-2.24.so
7f21fe85f000-7f21fea5f000 ---p 0000a000 fd:00 2891856                    /usr/lib64/libnss_files-2.24.so
7f21fea5f000-7f21fea60000 r--p 0000a000 fd:00 2891856                    /usr/lib64/libnss_files-2.24.so
7f21fea60000-7f21fea61000 rw-p 0000b000 fd:00 2891856                    /usr/lib64/libnss_files-2.24.so
7f21fea61000-7f21fea67000 rw-p 00000000 00:00 0 
7f21fea67000-7f21fea91000 r-xp 00000000 fd:02 2100286                    /home/ike/soft/jdk1.8/jre/lib/amd64/libjava.so
7f21fea91000-7f21fec91000 ---p 0002a000 fd:02 2100286                    /home/ike/soft/jdk1.8/jre/lib/amd64/libjava.so
7f21fec91000-7f21fec93000 rw-p 0002a000 fd:02 2100286                    /home/ike/soft/jdk1.8/jre/lib/amd64/libjava.so
7f21fec93000-7f21feca0000 r-xp 00000000 fd:02 2100257                    /home/ike/soft/jdk1.8/jre/lib/amd64/libverify.so
7f21feca0000-7f21feea0000 ---p 0000d000 fd:02 2100257                    /home/ike/soft/jdk1.8/jre/lib/amd64/libverify.so
7f21feea0000-7f21feea2000 rw-p 0000d000 fd:02 2100257                    /home/ike/soft/jdk1.8/jre/lib/amd64/libverify.so
7f21feea2000-7f21feea9000 r-xp 00000000 fd:00 2891975                    /usr/lib64/librt-2.24.so
7f21feea9000-7f21ff0a8000 ---p 00007000 fd:00 2891975                    /usr/lib64/librt-2.24.so
7f21ff0a8000-7f21ff0a9000 r--p 00006000 fd:00 2891975                    /usr/lib64/librt-2.24.so
7f21ff0a9000-7f21ff0aa000 rw-p 00007000 fd:00 2891975                    /usr/lib64/librt-2.24.so
7f21ff0aa000-7f21ff1b2000 r-xp 00000000 fd:00 2891438                    /usr/lib64/libm-2.24.so
7f21ff1b2000-7f21ff3b1000 ---p 00108000 fd:00 2891438                    /usr/lib64/libm-2.24.so
7f21ff3b1000-7f21ff3b2000 r--p 00107000 fd:00 2891438                    /usr/lib64/libm-2.24.so
7f21ff3b2000-7f21ff3b3000 rw-p 00108000 fd:00 2891438                    /usr/lib64/libm-2.24.so
7f21ff3b3000-7f220007e000 r-xp 00000000 fd:02 2100238                    /home/ike/soft/jdk1.8/jre/lib/amd64/server/libjvm.so
7f220007e000-7f220027d000 ---p 00ccb000 fd:02 2100238                    /home/ike/soft/jdk1.8/jre/lib/amd64/server/libjvm.so
7f220027d000-7f2200356000 rw-p 00cca000 fd:02 2100238                    /home/ike/soft/jdk1.8/jre/lib/amd64/server/libjvm.so
7f2200356000-7f22003a1000 rw-p 00000000 00:00 0 
7f22003a1000-7f220055e000 r-xp 00000000 fd:00 2891285                    /usr/lib64/libc-2.24.so
7f220055e000-7f220075d000 ---p 001bd000 fd:00 2891285                    /usr/lib64/libc-2.24.so
7f220075d000-7f2200761000 r--p 001bc000 fd:00 2891285                    /usr/lib64/libc-2.24.so
7f2200761000-7f2200763000 rw-p 001c0000 fd:00 2891285                    /usr/lib64/libc-2.24.so
7f2200763000-7f2200767000 rw-p 00000000 00:00 0 
7f2200767000-7f220076a000 r-xp 00000000 fd:00 2891382                    /usr/lib64/libdl-2.24.so
7f220076a000-7f2200969000 ---p 00003000 fd:00 2891382                    /usr/lib64/libdl-2.24.so
7f2200969000-7f220096a000 r--p 00002000 fd:00 2891382                    /usr/lib64/libdl-2.24.so
7f220096a000-7f220096b000 rw-p 00003000 fd:00 2891382                    /usr/lib64/libdl-2.24.so
7f220096b000-7f2200980000 r-xp 00000000 fd:02 2098935                    /home/ike/soft/jdk1.8/lib/amd64/jli/libjli.so
7f2200980000-7f2200b80000 ---p 00015000 fd:02 2098935                    /home/ike/soft/jdk1.8/lib/amd64/jli/libjli.so
7f2200b80000-7f2200b81000 rw-p 00015000 fd:02 2098935                    /home/ike/soft/jdk1.8/lib/amd64/jli/libjli.so
7f2200b81000-7f2200b99000 r-xp 00000000 fd:00 2891857                    /usr/lib64/libpthread-2.24.so
7f2200b99000-7f2200d99000 ---p 00018000 fd:00 2891857                    /usr/lib64/libpthread-2.24.so
7f2200d99000-7f2200d9a000 r--p 00018000 fd:00 2891857                    /usr/lib64/libpthread-2.24.so
7f2200d9a000-7f2200d9b000 rw-p 00019000 fd:00 2891857                    /usr/lib64/libpthread-2.24.so
7f2200d9b000-7f2200d9f000 rw-p 00000000 00:00 0 
7f2200d9f000-7f2200dc4000 r-xp 00000000 fd:00 2894298                    /usr/lib64/ld-2.24.so
7f2200dc4000-7f2200dd0000 r--s 00053000 fd:02 2249122                    /home/ike/soft/gradle-4.1/lib/gradle-base-services-4.1.jar
7f2200dd0000-7f2200ea9000 rw-p 00000000 00:00 0 
7f2200ea9000-7f2200eac000 ---p 00000000 00:00 0 
7f2200eac000-7f2200fac000 rw-p 00000000 00:00 0 
7f2200fac000-7f2200fb8000 r--s 0005c000 fd:02 2249106                    /home/ike/soft/gradle-4.1/lib/gradle-launcher-4.1.jar
7f2200fb8000-7f2200fc0000 rw-s 00000000 00:29 1029443                    /tmp/hsperfdata_ike/24586
7f2200fc0000-7f2200fc1000 rw-p 00000000 00:00 0 
7f2200fc1000-7f2200fc2000 ---p 00000000 00:00 0 
7f2200fc2000-7f2200fc4000 rw-p 00000000 00:00 0 
7f2200fc4000-7f2200fc5000 r--p 00025000 fd:00 2894298                    /usr/lib64/ld-2.24.so
7f2200fc5000-7f2200fc6000 rw-p 00026000 fd:00 2894298                    /usr/lib64/ld-2.24.so
7f2200fc6000-7f2200fc7000 rw-p 00000000 00:00 0 
7fff03d7a000-7fff03d9b000 rw-p 00000000 00:00 0                          [stack]
7fff03dad000-7fff03daf000 r--p 00000000 00:00 0                          [vvar]
7fff03daf000-7fff03db1000 r-xp 00000000 00:00 0                          [vdso]
ffffffffff600000-ffffffffff601000 r-xp 00000000 00:00 0                  [vsyscall]

VM Arguments:
jvm_args: -XX:+HeapDumpOnOutOfMemoryError -Xmx1024m -Dfile.encoding=UTF-8 -Duser.country=CN -Duser.language=zh -Duser.variant 
java_command: org.gradle.launcher.daemon.bootstrap.GradleDaemon 4.1
java_class_path (initial): /home/ike/soft/gradle-4.1/lib/gradle-launcher-4.1.jar
Launcher Type: SUN_STANDARD

Environment Variables:
JAVA_HOME=/home/ike/soft/jdk1.8
PATH=/home/ike/soft/gradle/bin:/home/ike/soft/maven3.3.9/bin:/home/ike/soft/jdk1.8/bin:/home/ike/soft/jdk1.8/bin:/home/ike/soft/gradle-4.1/bin:/home/ike/soft/maven3.3.9/bin:/usr/lib64/qt-3.3/bin:/usr/local/bin:/usr/local/sbin:/usr/bin:/usr/sbin:/home/ike/.local/bin:/home/ike/bin
USERNAME=ike
LD_LIBRARY_PATH=/home/ike/soft/idea-IU-171.4424.56/bin:
SHELL=/bin/bash
DISPLAY=:0

Signal Handlers:
SIGSEGV: [libjvm.so+0xac4790], sa_mask[0]=11111111011111111101111111111110, sa_flags=SA_RESTART|SA_SIGINFO
SIGBUS: [libjvm.so+0xac4790], sa_mask[0]=11111111011111111101111111111110, sa_flags=SA_RESTART|SA_SIGINFO
SIGFPE: [libjvm.so+0x91f140], sa_mask[0]=11111111011111111101111111111110, sa_flags=SA_RESTART|SA_SIGINFO
SIGPIPE: [libjvm.so+0x91f140], sa_mask[0]=11111111011111111101111111111110, sa_flags=SA_RESTART|SA_SIGINFO
SIGXFSZ: [libjvm.so+0x91f140], sa_mask[0]=11111111011111111101111111111110, sa_flags=SA_RESTART|SA_SIGINFO
SIGILL: [libjvm.so+0x91f140], sa_mask[0]=11111111011111111101111111111110, sa_flags=SA_RESTART|SA_SIGINFO
SIGUSR1: SIG_DFL, sa_mask[0]=00000000000000000000000000000000, sa_flags=none
SIGUSR2: [libjvm.so+0x920770], sa_mask[0]=00100000000000000000000000000000, sa_flags=SA_RESTART|SA_SIGINFO
SIGHUP: [libjvm.so+0x921b70], sa_mask[0]=11111111011111111101111111111110, sa_flags=SA_RESTART|SA_SIGINFO
SIGINT: [libjvm.so+0x921b70], sa_mask[0]=11111111011111111101111111111110, sa_flags=SA_RESTART|SA_SIGINFO
SIGTERM: [libjvm.so+0x921b70], sa_mask[0]=11111111011111111101111111111110, sa_flags=SA_RESTART|SA_SIGINFO
SIGQUIT: [libjvm.so+0x921b70], sa_mask[0]=11111111011111111101111111111110, sa_flags=SA_RESTART|SA_SIGINFO


---------------  S Y S T E M  ---------------

OS:Fedora release 25 (Twenty Five)

uname:Linux 4.8.6-300.fc25.x86_64 #1 SMP Tue Nov 1 12:36:38 UTC 2016 x86_64
libc:glibc 2.24 NPTL 2.24 
rlimit: STACK 8192k, CORE 0k, NPROC 31367, NOFILE 4096, AS infinity
load average:3.16 2.17 1.58

/proc/meminfo:
MemTotal:        8053804 kB
MemFree:          119180 kB
MemAvailable:      24968 kB
Buffers:             784 kB
Cached:           217000 kB
SwapCached:         3316 kB
Active:          6592000 kB
Inactive:         916256 kB
Active(anon):    6577304 kB
Inactive(anon):   906692 kB
Active(file):      14696 kB
Inactive(file):     9564 kB
Unevictable:          80 kB
Mlocked:              80 kB
SwapTotal:       8187900 kB
SwapFree:              0 kB
Dirty:                52 kB
Writeback:             0 kB
AnonPages:       7288524 kB
Mapped:            71864 kB
Shmem:            193260 kB
Slab:             191792 kB
SReclaimable:      59936 kB
SUnreclaim:       131856 kB
KernelStack:       44592 kB
PageTables:       108188 kB
NFS_Unstable:          0 kB
Bounce:                0 kB
WritebackTmp:          0 kB
CommitLimit:    12214800 kB
Committed_AS:   26043572 kB
VmallocTotal:   34359738367 kB
VmallocUsed:           0 kB
VmallocChunk:          0 kB
HardwareCorrupted:     0 kB
AnonHugePages:         0 kB
ShmemHugePages:        0 kB
ShmemPmdMapped:        0 kB
CmaTotal:              0 kB
CmaFree:               0 kB
HugePages_Total:       0
HugePages_Free:        0
HugePages_Rsvd:        0
HugePages_Surp:        0
Hugepagesize:       2048 kB
DirectMap4k:      298148 kB
DirectMap2M:     7968768 kB
DirectMap1G:           0 kB


CPU:total 4 (4 cores per cpu, 1 threads per core) family 6 model 94 stepping 3, cmov, cx8, fxsr, mmx, sse, sse2, sse3, ssse3, sse4.1, sse4.2, popcnt, avx, avx2, aes, clmul, erms, rtm, 3dnowpref, lzcnt, tsc, tscinvbit, bmi1, bmi2, adx

/proc/cpuinfo:
processor	: 0
vendor_id	: GenuineIntel
cpu family	: 6
model		: 94
model name	: Intel(R) Core(TM) i5-6500 CPU @ 3.20GHz
stepping	: 3
microcode	: 0x9e
cpu MHz		: 3195.703
cache size	: 6144 KB
physical id	: 0
siblings	: 4
core id		: 0
cpu cores	: 4
apicid		: 0
initial apicid	: 0
fpu		: yes
fpu_exception	: yes
cpuid level	: 22
wp		: yes
flags		: fpu vme de pse tsc msr pae mce cx8 apic sep mtrr pge mca cmov pat pse36 clflush dts acpi mmx fxsr sse sse2 ss ht tm pbe syscall nx pdpe1gb rdtscp lm constant_tsc art arch_perfmon pebs bts rep_good nopl xtopology nonstop_tsc aperfmperf eagerfpu pni pclmulqdq dtes64 monitor ds_cpl vmx smx est tm2 ssse3 sdbg fma cx16 xtpr pdcm pcid sse4_1 sse4_2 x2apic movbe popcnt tsc_deadline_timer aes xsave avx f16c rdrand lahf_lm abm 3dnowprefetch intel_pt tpr_shadow vnmi flexpriority ept vpid fsgsbase tsc_adjust bmi1 hle avx2 smep bmi2 erms invpcid rtm mpx rdseed adx smap clflushopt xsaveopt xsavec xgetbv1 xsaves dtherm ida arat pln pts hwp hwp_notify hwp_act_window hwp_epp
bugs		:
bogomips	: 6384.00
clflush size	: 64
cache_alignment	: 64
address sizes	: 39 bits physical, 48 bits virtual
power management:

processor	: 1
vendor_id	: GenuineIntel
cpu family	: 6
model		: 94
model name	: Intel(R) Core(TM) i5-6500 CPU @ 3.20GHz
stepping	: 3
microcode	: 0x9e
cpu MHz		: 3235.937
cache size	: 6144 KB
physical id	: 0
siblings	: 4
core id		: 1
cpu cores	: 4
apicid		: 2
initial apicid	: 2
fpu		: yes
fpu_exception	: yes
cpuid level	: 22
wp		: yes
flags		: fpu vme de pse tsc msr pae mce cx8 apic sep mtrr pge mca cmov pat pse36 clflush dts acpi mmx fxsr sse sse2 ss ht tm pbe syscall nx pdpe1gb rdtscp lm constant_tsc art arch_perfmon pebs bts rep_good nopl xtopology nonstop_tsc aperfmperf eagerfpu pni pclmulqdq dtes64 monitor ds_cpl vmx smx est tm2 ssse3 sdbg fma cx16 xtpr pdcm pcid sse4_1 sse4_2 x2apic movbe popcnt tsc_deadline_timer aes xsave avx f16c rdrand lahf_lm abm 3dnowprefetch intel_pt tpr_shadow vnmi flexpriority ept vpid fsgsbase tsc_adjust bmi1 hle avx2 smep bmi2 erms invpcid rtm mpx rdseed adx smap clflushopt xsaveopt xsavec xgetbv1 xsaves dtherm ida arat pln pts hwp hwp_notify hwp_act_window hwp_epp
bugs		:
bogomips	: 6387.67
clflush size	: 64
cache_alignment	: 64
address sizes	: 39 bits physical, 48 bits virtual
power management:

processor	: 2
vendor_id	: GenuineIntel
cpu family	: 6
model		: 94
model name	: Intel(R) Core(TM) i5-6500 CPU @ 3.20GHz
stepping	: 3
microcode	: 0x9e
cpu MHz		: 3254.687
cache size	: 6144 KB
physical id	: 0
siblings	: 4
core id		: 2
cpu cores	: 4
apicid		: 4
initial apicid	: 4
fpu		: yes
fpu_exception	: yes
cpuid level	: 22
wp		: yes
flags		: fpu vme de pse tsc msr pae mce cx8 apic sep mtrr pge mca cmov pat pse36 clflush dts acpi mmx fxsr sse sse2 ss ht tm pbe syscall nx pdpe1gb rdtscp lm constant_tsc art arch_perfmon pebs bts rep_good nopl xtopology nonstop_tsc aperfmperf eagerfpu pni pclmulqdq dtes64 monitor ds_cpl vmx smx est tm2 ssse3 sdbg fma cx16 xtpr pdcm pcid sse4_1 sse4_2 x2apic movbe popcnt tsc_deadline_timer aes xsave avx f16c rdrand lahf_lm abm 3dnowprefetch intel_pt tpr_shadow vnmi flexpriority ept vpid fsgsbase tsc_adjust bmi1 hle avx2 smep bmi2 erms invpcid rtm mpx rdseed adx smap clflushopt xsaveopt xsavec xgetbv1 xsaves dtherm ida arat pln pts hwp hwp_notify hwp_act_window hwp_epp
bugs		:
bogomips	: 6387.68
clflush size	: 64
cache_alignment	: 64
address sizes	: 39 bits physical, 48 bits virtual
power management:

processor	: 3
vendor_id	: GenuineIntel
cpu family	: 6
model		: 94
model name	: Intel(R) Core(TM) i5-6500 CPU @ 3.20GHz
stepping	: 3
microcode	: 0x9e
cpu MHz		: 3295.312
cache size	: 6144 KB
physical id	: 0
siblings	: 4
core id		: 3
cpu cores	: 4
apicid		: 6
initial apicid	: 6
fpu		: yes
fpu_exception	: yes
cpuid level	: 22
wp		: yes
flags		: fpu vme de pse tsc msr pae mce cx8 apic sep mtrr pge mca cmov pat pse36 clflush dts acpi mmx fxsr sse sse2 ss ht tm pbe syscall nx pdpe1gb rdtscp lm constant_tsc art arch_perfmon pebs bts rep_good nopl xtopology nonstop_tsc aperfmperf eagerfpu pni pclmulqdq dtes64 monitor ds_cpl vmx smx est tm2 ssse3 sdbg fma cx16 xtpr pdcm pcid sse4_1 sse4_2 x2apic movbe popcnt tsc_deadline_timer aes xsave avx f16c rdrand lahf_lm abm 3dnowprefetch intel_pt tpr_shadow vnmi flexpriority ept vpid fsgsbase tsc_adjust bmi1 hle avx2 smep bmi2 erms invpcid rtm mpx rdseed adx smap clflushopt xsaveopt xsavec xgetbv1 xsaves dtherm ida arat pln pts hwp hwp_notify hwp_act_window hwp_epp
bugs		:
bogomips	: 6387.70
clflush size	: 64
cache_alignment	: 64
address sizes	: 39 bits physical, 48 bits virtual
power management:



Memory: 4k page, physical 8053804k(119228k free), swap 8187900k(0k free)

vm_info: Java HotSpot(TM) 64-Bit Server VM (25.101-b13) for linux-amd64 JRE (1.8.0_101-b13), built on Jun 22 2016 02:59:44 by "java_re" with gcc 4.3.0 20080428 (Red Hat 4.3.0-8)

time: Sat Oct 21 11:59:34 2017
elapsed time: 44 seconds (0d 0h 0m 44s)

