#
# There is insufficient memory for the Java Runtime Environment to continue.
# Native memory allocation (mmap) failed to map 202899456 bytes for committing reserved memory.
# Possible reasons:
#   The system is out of physical RAM or swap space
#   In 32 bit mode, the process size limit was hit
# Possible solutions:
#   Reduce memory load on the system
#   Increase physical memory or swap space
#   Check if swap backing store is full
#   Use 64 bit Java on a 64 bit OS
#   Decrease Java heap size (-Xmx/-Xms)
#   Decrease number of Java threads
#   Decrease Java thread stack sizes (-Xss)
#   Set larger code cache with -XX:ReservedCodeCacheSize=
# This output file may be truncated or incomplete.
#
#  Out of Memory Error (os_linux.cpp:2627), pid=26954, tid=0x00007f66706ad700
#
# JRE version: Java(TM) SE Runtime Environment (8.0_101-b13) (build 1.8.0_101-b13)
# Java VM: Java HotSpot(TM) 64-Bit Server VM (25.101-b13 mixed mode linux-amd64 compressed oops)
# Failed to write core dump. Core dumps have been disabled. To enable core dumping, try "ulimit -c unlimited" before starting Java again
#

---------------  T H R E A D  ---------------

Current thread (0x00007f668c149000):  VMThread [stack: 0x00007f66705ad000,0x00007f66706ae000] [id=26970]

Stack: [0x00007f66705ad000,0x00007f66706ae000],  sp=0x00007f66706ac020,  free space=1020k
Native frames: (J=compiled Java code, j=interpreted, Vv=VM code, C=native code)
V  [libjvm.so+0xac3f0a]  VMError::report_and_die()+0x2ba
V  [libjvm.so+0x4fbf9b]  report_vm_out_of_memory(char const*, int, unsigned long, VMErrorType, char const*)+0x8b
V  [libjvm.so+0x9222d3]  os::Linux::commit_memory_impl(char*, unsigned long, bool)+0x103
V  [libjvm.so+0x922829]  os::pd_commit_memory(char*, unsigned long, unsigned long, bool)+0x29
V  [libjvm.so+0x91cb2a]  os::commit_memory(char*, unsigned long, unsigned long, bool)+0x2a
V  [libjvm.so+0x991053]  PSVirtualSpace::expand_by(unsigned long)+0x53
V  [libjvm.so+0x992458]  PSYoungGen::resize_generation(unsigned long, unsigned long)+0xf8
V  [libjvm.so+0x9915b2]  PSYoungGen::resize(unsigned long, unsigned long)+0x22
V  [libjvm.so+0x98e88b]  PSScavenge::invoke_no_policy()+0xf3b
V  [libjvm.so+0x98f011]  PSScavenge::invoke()+0x41
V  [libjvm.so+0x945fc0]  ParallelScavengeHeap::failed_mem_allocate(unsigned long)+0x70
V  [libjvm.so+0xac5927]  VM_ParallelGCFailedAllocation::doit()+0x97
V  [libjvm.so+0xacd405]  VM_Operation::evaluate()+0x55
V  [libjvm.so+0xacb7da]  VMThread::evaluate_operation(VM_Operation*)+0xba
V  [libjvm.so+0xacbb5e]  VMThread::loop()+0x1ce
V  [libjvm.so+0xacbfd0]  VMThread::run()+0x70
V  [libjvm.so+0x924698]  java_start(Thread*)+0x108

VM_Operation (0x00007f6616bec4a0): ParallelGCFailedAllocation, mode: safepoint, requested by thread 0x00007f668d1fa800


---------------  P R O C E S S  ---------------

Java Threads: ( => current thread )
  0x00007f668d1fa800 JavaThread "DubboResponseTimeoutScanTimer" daemon [_thread_blocked, id=27032, stack(0x00007f6616aed000,0x00007f6616bee000)]
  0x00007f65fc001800 JavaThread "DubboClientHandler-172.17.0.1:51701-thread-1" daemon [_thread_blocked, id=27031, stack(0x00007f6616bee000,0x00007f6616cef000)]
  0x00007f668d05c800 JavaThread "dubbo-remoting-client-heartbeat-thread-2" daemon [_thread_blocked, id=27030, stack(0x00007f6616cef000,0x00007f6616df0000)]
  0x00007f65f8005800 JavaThread "DubboClientHandler-172.17.0.1:51707-thread-1" daemon [_thread_blocked, id=27029, stack(0x00007f6616df0000,0x00007f6616ef1000)]
  0x00007f668d05c000 JavaThread "DubboClientReconnectTimer-thread-2" daemon [_thread_blocked, id=27027, stack(0x00007f6616ef1000,0x00007f6616ff2000)]
  0x00007f6604002000 JavaThread "DubboClientHandler-172.17.0.1:51603-thread-1" daemon [_thread_blocked, id=27026, stack(0x00007f6616ff2000,0x00007f66170f3000)]
  0x00007f668cf82000 JavaThread "dubbo-remoting-client-heartbeat-thread-1" daemon [_thread_blocked, id=27025, stack(0x00007f66170f3000,0x00007f66171f4000)]
  0x0000000001efe800 JavaThread "Hashed wheel timer #1" [_thread_blocked, id=27023, stack(0x00007f66173f4000,0x00007f66174f5000)]
  0x00007f668cf74000 JavaThread "DubboClientReconnectTimer-thread-1" daemon [_thread_blocked, id=27021, stack(0x00007f66174f5000,0x00007f66175f6000)]
  0x00007f668cf57800 JavaThread "New I/O boss #6" daemon [_thread_blocked, id=27020, stack(0x00007f66175f6000,0x00007f66176f7000)]
  0x00007f668cbef000 JavaThread "New I/O worker #5" daemon [_thread_blocked, id=27019, stack(0x00007f66176f7000,0x00007f66177f8000)]
  0x00007f668cbed000 JavaThread "New I/O worker #4" daemon [_thread_blocked, id=27018, stack(0x00007f66177f8000,0x00007f66178f9000)]
  0x00007f668cbeb800 JavaThread "New I/O worker #3" daemon [_thread_blocked, id=27017, stack(0x00007f66178f9000,0x00007f66179fa000)]
  0x00007f668c815000 JavaThread "New I/O worker #2" daemon [_thread_blocked, id=27016, stack(0x00007f66179fa000,0x00007f6617afb000)]
  0x00007f668c812000 JavaThread "New I/O worker #1" daemon [_thread_blocked, id=27015, stack(0x00007f6617afb000,0x00007f6617bfc000)]
  0x00007f668c817000 JavaThread "DubboSaveRegistryCache-thread-1" daemon [_thread_blocked, id=27014, stack(0x00007f6617bfc000,0x00007f6617cfd000)]
  0x00007f668c746000 JavaThread "main-EventThread" daemon [_thread_blocked, id=27013, stack(0x00007f6617cfd000,0x00007f6617dfe000)]
  0x00007f668c7dd000 JavaThread "main-SendThread(localhost:2181)" daemon [_thread_in_native, id=27012, stack(0x00007f6617dfe000,0x00007f6617eff000)]
  0x00007f668c7c3000 JavaThread "ZkClient-EventThread-24-localhost:2181" daemon [_thread_blocked, id=27011, stack(0x00007f6617eff000,0x00007f6618000000)]
  0x00007f668c7bd800 JavaThread "DubboRegistryFailedRetryTimer-thread-1" daemon [_thread_blocked, id=27010, stack(0x00007f6650042000,0x00007f6650143000)]
  0x00007f668c7a8800 JavaThread "container-0" [_thread_blocked, id=27009, stack(0x00007f6650343000,0x00007f6650444000)]
  0x00007f668c7a5800 JavaThread "ContainerBackgroundProcessor[StandardEngine[Tomcat]]" daemon [_thread_blocked, id=27008, stack(0x00007f6650444000,0x00007f6650545000)]
  0x00007f662c270800 JavaThread "localhost-startStop-1" daemon [_thread_blocked, id=27006, stack(0x00007f6650545000,0x00007f6650646000)]
  0x00007f668cedf000 JavaThread "Tomcat-startStop-1" daemon [_thread_blocked, id=27005, stack(0x00007f6653001000,0x00007f6653102000)]
  0x00007f668c737000 JavaThread "Service Thread" daemon [_thread_blocked, id=26990, stack(0x00007f6653424000,0x00007f6653525000)]
  0x00007f668c72b800 JavaThread "C1 CompilerThread2" daemon [_thread_blocked, id=26989, stack(0x00007f6653525000,0x00007f6653626000)]
  0x00007f668c729000 JavaThread "C2 CompilerThread1" daemon [_thread_blocked, id=26988, stack(0x00007f6653626000,0x00007f6653727000)]
  0x00007f668c727000 JavaThread "C2 CompilerThread0" daemon [_thread_blocked, id=26987, stack(0x00007f6653727000,0x00007f6653828000)]
  0x00007f6648001000 JavaThread "JDWP Command Reader" daemon [_thread_in_native, id=26985, stack(0x00007f6653cfd000,0x00007f6653dfe000)]
  0x00007f668c19a800 JavaThread "JDWP Event Helper Thread" daemon [_thread_blocked, id=26984, stack(0x00007f6653dfe000,0x00007f6653eff000)]
  0x00007f668c197000 JavaThread "JDWP Transport Listener: dt_socket" daemon [_thread_blocked, id=26982, stack(0x00007f6653eff000,0x00007f6654000000)]
  0x00007f668c187000 JavaThread "Signal Dispatcher" daemon [_thread_blocked, id=26981, stack(0x00007f66702aa000,0x00007f66703ab000)]
  0x00007f668c155000 JavaThread "Finalizer" daemon [_thread_blocked, id=26973, stack(0x00007f66703ab000,0x00007f66704ac000)]
  0x00007f668c150800 JavaThread "Reference Handler" daemon [_thread_blocked, id=26972, stack(0x00007f66704ac000,0x00007f66705ad000)]
  0x00007f668c014800 JavaThread "main" [_thread_blocked, id=26958, stack(0x00007f6693a48000,0x00007f6693b49000)]

Other Threads:
=>0x00007f668c149000 VMThread [stack: 0x00007f66705ad000,0x00007f66706ae000] [id=26970]
  0x00007f668c73c000 WatcherThread [stack: 0x00007f6653323000,0x00007f6653424000] [id=26991]

VM state:at safepoint (normal execution)

VM Mutex/Monitor currently owned by a thread:  ([mutex/lock_event])
[0x00007f668c009d60] Threads_lock - owner thread: 0x00007f668c149000
[0x00007f668c00a260] Heap_lock - owner thread: 0x00007f668d1fa800

Heap:
 PSYoungGen      total 416768K, used 17904K [0x00000000d7000000, 0x00000000f3700000, 0x0000000100000000)
  eden space 398848K, 0% used [0x00000000d7000000,0x00000000d7000000,0x00000000ef580000)
  from space 17920K, 99% used [0x00000000ef580000,0x00000000f06fc2f0,0x00000000f0700000)
  to   space 17408K, 0% used [0x00000000f0700000,0x00000000f0700000,0x00000000f1800000)
 ParOldGen       total 79872K, used 25899K [0x0000000085000000, 0x0000000089e00000, 0x00000000d7000000)
  object space 79872K, 32% used [0x0000000085000000,0x000000008694ae50,0x0000000089e00000)
 Metaspace       used 41052K, capacity 41596K, committed 41984K, reserved 1085440K
  class space    used 4897K, capacity 5017K, committed 5120K, reserved 1048576K

Card table byte_map: [0x00007f66903f9000,0x00007f66907d2000] byte_map_base: 0x00007f668ffd1000

Marking Bits: (ParMarkBitMap*) 0x00007f6692f13120
 Begin Bits: [0x00007f66723e4000, 0x00007f66742a4000)
 End Bits:   [0x00007f66742a4000, 0x00007f6676164000)

Polling page: 0x00007f6693b60000

CodeCache: size=245760Kb used=17490Kb max_used=17580Kb free=228269Kb
 bounds [0x00007f6676467000, 0x00007f66775b7000, 0x00007f6685467000]
 total_blobs=4605 nmethods=4149 adapters=377
 compilation: enabled

Compilation events (10 events):
Event: 16.120 Thread 0x00007f668c727000 nmethod 4840 0x00007f667755f590 code [0x00007f667755f8e0, 0x00007f66775621b0]
Event: 16.120 Thread 0x00007f668c727000 4844       4       org.springframework.core.ResolvableType$1::isAssignableFrom (9 bytes)
Event: 16.121 Thread 0x00007f668c72b800 4847   !   3       org.springframework.beans.factory.support.DefaultSingletonBeanRegistry::getSingleton (128 bytes)
Event: 16.122 Thread 0x00007f668c72b800 nmethod 4847 0x00007f667752c690 code [0x00007f667752c8a0, 0x00007f667752d588]
Event: 16.128 Thread 0x00007f668c727000 nmethod 4844 0x00007f667752bc50 code [0x00007f667752bde0, 0x00007f667752c1e8]
Event: 16.128 Thread 0x00007f668c727000 4849       4       org.springframework.aop.aspectj.AspectJExpressionPointcut::matches (81 bytes)
Event: 16.145 Thread 0x00007f668c729000 nmethod 4641 0x00007f667757b010 code [0x00007f667757bc00, 0x00007f6677590cb0]
Event: 16.145 Thread 0x00007f668c729000 4848       4       org.springframework.aop.framework.autoproxy.AbstractAutoProxyCreator::predictBeanType (35 bytes)
Event: 16.167 Thread 0x00007f668c729000 nmethod 4848 0x00007f66775799d0 code [0x00007f6677579bc0, 0x00007f667757a788]
Event: 16.167 Thread 0x00007f668c729000 4850   !   4       org.springframework.aop.aspectj.AspectJExpressionPointcut::getShadowMatch (265 bytes)

GC Heap History (10 events):
Event: 9.892 GC heap after
Heap after GC invocations=10 (full 1):
 PSYoungGen      total 210944K, used 11750K [0x00000000d7000000, 0x00000000e9e80000, 0x0000000100000000)
  eden space 199168K, 0% used [0x00000000d7000000,0x00000000d7000000,0x00000000e3280000)
  from space 11776K, 99% used [0x00000000e3280000,0x00000000e3df9b78,0x00000000e3e00000)
  to   space 15872K, 0% used [0x00000000e8f00000,0x00000000e8f00000,0x00000000e9e80000)
 ParOldGen       total 57856K, used 16541K [0x0000000085000000, 0x0000000088880000, 0x00000000d7000000)
  object space 57856K, 28% used [0x0000000085000000,0x0000000086027428,0x0000000088880000)
 Metaspace       used 31874K, capacity 32306K, committed 32640K, reserved 1077248K
  class space    used 3806K, capacity 3910K, committed 3968K, reserved 1048576K
}
Event: 10.853 GC heap before
{Heap before GC invocations=11 (full 1):
 PSYoungGen      total 210944K, used 210918K [0x00000000d7000000, 0x00000000e9e80000, 0x0000000100000000)
  eden space 199168K, 100% used [0x00000000d7000000,0x00000000e3280000,0x00000000e3280000)
  from space 11776K, 99% used [0x00000000e3280000,0x00000000e3df9b78,0x00000000e3e00000)
  to   space 15872K, 0% used [0x00000000e8f00000,0x00000000e8f00000,0x00000000e9e80000)
 ParOldGen       total 57856K, used 16541K [0x0000000085000000, 0x0000000088880000, 0x00000000d7000000)
  object space 57856K, 28% used [0x0000000085000000,0x0000000086027428,0x0000000088880000)
 Metaspace       used 34341K, capacity 34788K, committed 34944K, reserved 1079296K
  class space    used 4091K, capacity 4201K, committed 4224K, reserved 1048576K
Event: 10.872 GC heap after
Heap after GC invocations=11 (full 1):
 PSYoungGen      total 292352K, used 13171K [0x00000000d7000000, 0x00000000ea280000, 0x0000000100000000)
  eden space 276480K, 0% used [0x00000000d7000000,0x00000000d7000000,0x00000000e7e00000)
  from space 15872K, 82% used [0x00000000e8f00000,0x00000000e9bdcf80,0x00000000e9e80000)
  to   space 17408K, 0% used [0x00000000e7e00000,0x00000000e7e00000,0x00000000e8f00000)
 ParOldGen       total 57856K, used 21129K [0x0000000085000000, 0x0000000088880000, 0x00000000d7000000)
  object space 57856K, 36% used [0x0000000085000000,0x00000000864a24b8,0x0000000088880000)
 Metaspace       used 34341K, capacity 34788K, committed 34944K, reserved 1079296K
  class space    used 4091K, capacity 4201K, committed 4224K, reserved 1048576K
}
Event: 11.071 GC heap before
{Heap before GC invocations=12 (full 1):
 PSYoungGen      total 292352K, used 39356K [0x00000000d7000000, 0x00000000ea280000, 0x0000000100000000)
  eden space 276480K, 9% used [0x00000000d7000000,0x00000000d8992130,0x00000000e7e00000)
  from space 15872K, 82% used [0x00000000e8f00000,0x00000000e9bdcf80,0x00000000e9e80000)
  to   space 17408K, 0% used [0x00000000e7e00000,0x00000000e7e00000,0x00000000e8f00000)
 ParOldGen       total 57856K, used 21129K [0x0000000085000000, 0x0000000088880000, 0x00000000d7000000)
  object space 57856K, 36% used [0x0000000085000000,0x00000000864a24b8,0x0000000088880000)
 Metaspace       used 34839K, capacity 35204K, committed 35496K, reserved 1081344K
  class space    used 4139K, capacity 4233K, committed 4352K, reserved 1048576K
Event: 11.081 GC heap after
Heap after GC invocations=12 (full 1):
 PSYoungGen      total 293888K, used 1408K [0x00000000d7000000, 0x00000000f1800000, 0x0000000100000000)
  eden space 276480K, 0% used [0x00000000d7000000,0x00000000d7000000,0x00000000e7e00000)
  from space 17408K, 8% used [0x00000000e7e00000,0x00000000e7f60150,0x00000000e8f00000)
  to   space 17408K, 0% used [0x00000000f0700000,0x00000000f0700000,0x00000000f1800000)
 ParOldGen       total 57856K, used 24856K [0x0000000085000000, 0x0000000088880000, 0x00000000d7000000)
  object space 57856K, 42% used [0x0000000085000000,0x00000000868460a8,0x0000000088880000)
 Metaspace       used 34839K, capacity 35204K, committed 35496K, reserved 1081344K
  class space    used 4139K, capacity 4233K, committed 4352K, reserved 1048576K
}
Event: 11.081 GC heap before
{Heap before GC invocations=13 (full 2):
 PSYoungGen      total 293888K, used 1408K [0x00000000d7000000, 0x00000000f1800000, 0x0000000100000000)
  eden space 276480K, 0% used [0x00000000d7000000,0x00000000d7000000,0x00000000e7e00000)
  from space 17408K, 8% used [0x00000000e7e00000,0x00000000e7f60150,0x00000000e8f00000)
  to   space 17408K, 0% used [0x00000000f0700000,0x00000000f0700000,0x00000000f1800000)
 ParOldGen       total 57856K, used 24856K [0x0000000085000000, 0x0000000088880000, 0x00000000d7000000)
  object space 57856K, 42% used [0x0000000085000000,0x00000000868460a8,0x0000000088880000)
 Metaspace       used 34839K, capacity 35204K, committed 35496K, reserved 1081344K
  class space    used 4139K, capacity 4233K, committed 4352K, reserved 1048576K
Event: 11.141 GC heap after
Heap after GC invocations=13 (full 2):
 PSYoungGen      total 293888K, used 0K [0x00000000d7000000, 0x00000000f1800000, 0x0000000100000000)
  eden space 276480K, 0% used [0x00000000d7000000,0x00000000d7000000,0x00000000e7e00000)
  from space 17408K, 0% used [0x00000000e7e00000,0x00000000e7e00000,0x00000000e8f00000)
  to   space 17408K, 0% used [0x00000000f0700000,0x00000000f0700000,0x00000000f1800000)
 ParOldGen       total 79872K, used 17806K [0x0000000085000000, 0x0000000089e00000, 0x00000000d7000000)
  object space 79872K, 22% used [0x0000000085000000,0x0000000086163a80,0x0000000089e00000)
 Metaspace       used 34839K, capacity 35204K, committed 35496K, reserved 1081344K
  class space    used 4139K, capacity 4233K, committed 4352K, reserved 1048576K
}
Event: 13.382 GC heap before
{Heap before GC invocations=14 (full 2):
 PSYoungGen      total 293888K, used 276480K [0x00000000d7000000, 0x00000000f1800000, 0x0000000100000000)
  eden space 276480K, 100% used [0x00000000d7000000,0x00000000e7e00000,0x00000000e7e00000)
  from space 17408K, 0% used [0x00000000e7e00000,0x00000000e7e00000,0x00000000e8f00000)
  to   space 17408K, 0% used [0x00000000f0700000,0x00000000f0700000,0x00000000f1800000)
 ParOldGen       total 79872K, used 17806K [0x0000000085000000, 0x0000000089e00000, 0x00000000d7000000)
  object space 79872K, 22% used [0x0000000085000000,0x0000000086163a80,0x0000000089e00000)
 Metaspace       used 39079K, capacity 39652K, committed 39936K, reserved 1085440K
  class space    used 4687K, capacity 4821K, committed 4864K, reserved 1048576K
Event: 14.737 GC heap after
Heap after GC invocations=14 (full 2):
 PSYoungGen      total 416256K, used 11652K [0x00000000d7000000, 0x00000000f3700000, 0x0000000100000000)
  eden space 398848K, 0% used [0x00000000d7000000,0x00000000d7000000,0x00000000ef580000)
  from space 17408K, 66% used [0x00000000f0700000,0x00000000f12613d0,0x00000000f1800000)
  to   space 17920K, 0% used [0x00000000ef580000,0x00000000ef580000,0x00000000f0700000)
 ParOldGen       total 79872K, used 17806K [0x0000000085000000, 0x0000000089e00000, 0x00000000d7000000)
  object space 79872K, 22% used [0x0000000085000000,0x0000000086163a80,0x0000000089e00000)
 Metaspace       used 39079K, capacity 39652K, committed 39936K, reserved 1085440K
  class space    used 4687K, capacity 4821K, committed 4864K, reserved 1048576K
}
Event: 16.200 GC heap before
{Heap before GC invocations=15 (full 2):
 PSYoungGen      total 416256K, used 410500K [0x00000000d7000000, 0x00000000f3700000, 0x0000000100000000)
  eden space 398848K, 100% used [0x00000000d7000000,0x00000000ef580000,0x00000000ef580000)
  from space 17408K, 66% used [0x00000000f0700000,0x00000000f12613d0,0x00000000f1800000)
  to   space 17920K, 0% used [0x00000000ef580000,0x00000000ef580000,0x00000000f0700000)
 ParOldGen       total 79872K, used 17806K [0x0000000085000000, 0x0000000089e00000, 0x00000000d7000000)
  object space 79872K, 22% used [0x0000000085000000,0x0000000086163a80,0x0000000089e00000)
 Metaspace       used 41052K, capacity 41596K, committed 41984K, reserved 1085440K
  class space    used 4897K, capacity 5017K, committed 5120K, reserved 1048576K

Deoptimization events (10 events):
Event: 13.243 Thread 0x00007f668c014800 Uncommon trap: reason=unstable_if action=reinterpret pc=0x00007f6676b75298 method=java.util.concurrent.ConcurrentHashMap.putVal(Ljava/lang/Object;Ljava/lang/Object;Z)Ljava/lang/Object; @ 331
Event: 13.244 Thread 0x00007f668c014800 Uncommon trap: reason=unstable_if action=reinterpret pc=0x00007f6677015e58 method=java.util.concurrent.ConcurrentHashMap.get(Ljava/lang/Object;)Ljava/lang/Object; @ 86
Event: 14.738 Thread 0x00007f668c014800 Uncommon trap: reason=null_check action=make_not_entrant pc=0x00007f66771bf650 method=java.util.WeakHashMap.eq(Ljava/lang/Object;Ljava/lang/Object;)Z @ 7
Event: 14.738 Thread 0x00007f668c014800 Uncommon trap: reason=unstable_if action=reinterpret pc=0x00007f66766bac50 method=java.util.WeakHashMap.put(Ljava/lang/Object;Ljava/lang/Object;)Ljava/lang/Object; @ 59
Event: 15.052 Thread 0x00007f668c014800 Uncommon trap: reason=unstable_if action=reinterpret pc=0x00007f66770316a8 method=java.util.IdentityHashMap.nextKeyIndex(II)I @ 4
Event: 15.180 Thread 0x00007f668c014800 Uncommon trap: reason=unloaded action=reinterpret pc=0x00007f6677372d58 method=org.aspectj.apache.bcel.classfile.Attribute.readAttribute(Ljava/io/DataInputStream;Lorg/aspectj/apache/bcel/classfile/ConstantPool;)Lorg/aspectj/apache/bcel/classfile/Attribute
Event: 15.207 Thread 0x00007f668c014800 Uncommon trap: reason=unstable_if action=reinterpret pc=0x00007f667659bb04 method=java.util.concurrent.ConcurrentHashMap.transfer([Ljava/util/concurrent/ConcurrentHashMap$Node;[Ljava/util/concurrent/ConcurrentHashMap$Node;)V @ 356
Event: 15.685 Thread 0x00007f668c014800 Uncommon trap: reason=unstable_if action=reinterpret pc=0x00007f66773d7af4 method=org.aspectj.weaver.UnresolvedType.nameToSignature(Ljava/lang/String;)Ljava/lang/String; @ 53
Event: 15.747 Thread 0x00007f668c014800 Uncommon trap: reason=unstable_if action=reinterpret pc=0x00007f66770b9a54 method=org.springframework.beans.factory.support.AbstractBeanFactory.isTypeMatch(Ljava/lang/String;Lorg/springframework/core/ResolvableType;)Z @ 478
Event: 16.063 Thread 0x00007f668c014800 Uncommon trap: reason=unstable_if action=reinterpret pc=0x00007f6676edbbe4 method=org.springframework.beans.factory.support.DefaultSingletonBeanRegistry.getSingleton(Ljava/lang/String;Z)Ljava/lang/Object; @ 47

Internal exceptions (10 events):
Event: 16.119 Thread 0x00007f668c014800 Exception <a 'java/lang/ClassNotFoundException': org/springframework/web/context/ServletContextAwareCustomizer> (0x00000000eec73fe8) thrown at [/HUDSON3/workspace/8-2-build-linux-amd64/jdk8u101/7261/hotspot/src/share/vm/classfile/systemDictionary.cpp, lin
Event: 16.120 Thread 0x00007f668c014800 Exception <a 'java/lang/ClassNotFoundException': org/springframework/context/ApplicationContextAwareCustomizer> (0x00000000eeca4b28) thrown at [/HUDSON3/workspace/8-2-build-linux-amd64/jdk8u101/7261/hotspot/src/share/vm/classfile/systemDictionary.cpp, lin
Event: 16.126 Thread 0x00007f668c014800 Exception <a 'java/lang/ClassNotFoundException': java/lang/ObjectCustomizer> (0x00000000eed5da58) thrown at [/HUDSON3/workspace/8-2-build-linux-amd64/jdk8u101/7261/hotspot/src/share/vm/classfile/systemDictionary.cpp, line 210]
Event: 16.126 Thread 0x00007f668c014800 Exception <a 'java/lang/ClassNotFoundException': org/springframework/cloud/client/CommonsClientAutoConfigurationCustomizer> (0x00000000eed95f68) thrown at [/HUDSON3/workspace/8-2-build-linux-amd64/jdk8u101/7261/hotspot/src/share/vm/classfile/systemDiction
Event: 16.127 Thread 0x00007f668c014800 Exception <a 'java/lang/ClassNotFoundException': org/springframework/cloud/client/CommonsClientAutoConfiguration$$EnhancerBySpringCGLIB$$737aa211Customizer> (0x00000000eedda8e0) thrown at [/HUDSON3/workspace/8-2-build-linux-amd64/jdk8u101/7261/hotspot/src
Event: 16.128 Thread 0x00007f668c014800 Exception <a 'java/lang/ClassNotFoundException': org/springframework/context/annotation/ConfigurationClassEnhancer$EnhancedConfigurationCustomizer> (0x00000000eee1fa50) thrown at [/HUDSON3/workspace/8-2-build-linux-amd64/jdk8u101/7261/hotspot/src/share/vm
Event: 16.149 Thread 0x00007f668c014800 Exception <a 'java/lang/ClassNotFoundException': java/lang/ObjectCustomizer> (0x00000000ef039998) thrown at [/HUDSON3/workspace/8-2-build-linux-amd64/jdk8u101/7261/hotspot/src/share/vm/classfile/systemDictionary.cpp, line 210]
Event: 16.172 Thread 0x00007f668c014800 Exception <a 'java/lang/ClassNotFoundException': org/springframework/cloud/commons/util/UtilAutoConfigurationCustomizer> (0x00000000ef070b00) thrown at [/HUDSON3/workspace/8-2-build-linux-amd64/jdk8u101/7261/hotspot/src/share/vm/classfile/systemDictionary
Event: 16.176 Thread 0x00007f668c014800 Exception <a 'java/lang/ClassNotFoundException': org/springframework/cloud/commons/util/UtilAutoConfiguration$$EnhancerBySpringCGLIB$$1b918899Customizer> (0x00000000ef0b59d8) thrown at [/HUDSON3/workspace/8-2-build-linux-amd64/jdk8u101/7261/hotspot/src/sh
Event: 16.189 Thread 0x00007f668c014800 Exception <a 'java/lang/ClassNotFoundException': org/springframework/context/annotation/ConfigurationClassEnhancer$EnhancedConfigurationCustomizer> (0x00000000ef0fd698) thrown at [/HUDSON3/workspace/8-2-build-linux-amd64/jdk8u101/7261/hotspot/src/share/vm

Events (10 events):
Event: 16.189 Thread 0x00007f668c014800 DEOPT UNPACKING pc=0x00007f66764ae633 sp=0x00007f6693b46420 mode 1
Event: 16.189 Thread 0x00007f668c014800 DEOPT PACKING pc=0x00007f6676b08bb4 sp=0x00007f6693b46740
Event: 16.189 Thread 0x00007f668c014800 DEOPT UNPACKING pc=0x00007f66764ae633 sp=0x00007f6693b46568 mode 1
Event: 16.189 loading class org/springframework/context/annotation/ConfigurationClassEnhancer$EnhancedConfigurationCustomizer
Event: 16.189 loading class org/springframework/context/annotation/ConfigurationClassEnhancer$EnhancedConfigurationCustomizer done
Event: 16.189 Thread 0x00007f668c014800 DEOPT PACKING pc=0x00007f6676bdf1d4 sp=0x00007f6693b46780
Event: 16.189 Thread 0x00007f668c014800 DEOPT UNPACKING pc=0x00007f66764ae633 sp=0x00007f6693b464f8 mode 1
Event: 16.189 Thread 0x00007f668c014800 DEOPT PACKING pc=0x00007f667735f5fc sp=0x00007f6693b46ae0
Event: 16.189 Thread 0x00007f668c014800 DEOPT UNPACKING pc=0x00007f66764ae633 sp=0x00007f6693b46888 mode 1
Event: 16.189 Executing VM operation: ParallelGCFailedAllocation


Dynamic libraries:
00400000-00401000 r-xp 00000000 fd:02 2100689                            /home/ike/soft/jdk1.8/bin/java
00600000-00601000 rw-p 00000000 fd:02 2100689                            /home/ike/soft/jdk1.8/bin/java
01ef8000-01f19000 rw-p 00000000 00:00 0                                  [heap]
85000000-89e00000 rw-p 00000000 00:00 0 
89e00000-d7000000 ---p 00000000 00:00 0 
d7000000-f3700000 rw-p 00000000 00:00 0 
ff880000-100000000 ---p 00000000 00:00 0 
100000000-100500000 rw-p 00000000 00:00 0 
100500000-140000000 ---p 00000000 00:00 0 
7f65f0000000-7f65f0021000 rw-p 00000000 00:00 0 
7f65f0021000-7f65f4000000 ---p 00000000 00:00 0 
7f65f4000000-7f65f4021000 rw-p 00000000 00:00 0 
7f65f4021000-7f65f8000000 ---p 00000000 00:00 0 
7f65f8000000-7f65f8021000 rw-p 00000000 00:00 0 
7f65f8021000-7f65fc000000 ---p 00000000 00:00 0 
7f65fc000000-7f65fc021000 rw-p 00000000 00:00 0 
7f65fc021000-7f6600000000 ---p 00000000 00:00 0 
7f6600000000-7f66000ed000 rw-p 00000000 00:00 0 
7f66000ed000-7f6604000000 ---p 00000000 00:00 0 
7f6604000000-7f6604075000 rw-p 00000000 00:00 0 
7f6604075000-7f6608000000 ---p 00000000 00:00 0 
7f6608000000-7f6608026000 rw-p 00000000 00:00 0 
7f6608026000-7f660c000000 ---p 00000000 00:00 0 
7f660c000000-7f660c021000 rw-p 00000000 00:00 0 
7f660c021000-7f6610000000 ---p 00000000 00:00 0 
7f6610000000-7f6610021000 rw-p 00000000 00:00 0 
7f6610021000-7f6614000000 ---p 00000000 00:00 0 
7f66168ed000-7f6616aed000 rw-p 00000000 00:00 0 
7f6616aed000-7f6616af0000 ---p 00000000 00:00 0 
7f6616af0000-7f6616bee000 rw-p 00000000 00:00 0 
7f6616bee000-7f6616bf1000 ---p 00000000 00:00 0 
7f6616bf1000-7f6616cef000 rw-p 00000000 00:00 0 
7f6616cef000-7f6616cf2000 ---p 00000000 00:00 0 
7f6616cf2000-7f6616df0000 rw-p 00000000 00:00 0 
7f6616df0000-7f6616df3000 ---p 00000000 00:00 0 
7f6616df3000-7f6616ef1000 rw-p 00000000 00:00 0 
7f6616ef1000-7f6616ef4000 ---p 00000000 00:00 0 
7f6616ef4000-7f6616ff2000 rw-p 00000000 00:00 0 
7f6616ff2000-7f6616ff5000 ---p 00000000 00:00 0 
7f6616ff5000-7f66170f3000 rw-p 00000000 00:00 0 
7f66170f3000-7f66170f6000 ---p 00000000 00:00 0 
7f66170f6000-7f66173f4000 rw-p 00000000 00:00 0 
7f66173f4000-7f66173f7000 ---p 00000000 00:00 0 
7f66173f7000-7f66174f5000 rw-p 00000000 00:00 0 
7f66174f5000-7f66174f8000 ---p 00000000 00:00 0 
7f66174f8000-7f66175f6000 rw-p 00000000 00:00 0 
7f66175f6000-7f66175f9000 ---p 00000000 00:00 0 
7f66175f9000-7f66176f7000 rw-p 00000000 00:00 0 
7f66176f7000-7f66176fa000 ---p 00000000 00:00 0 
7f66176fa000-7f66177f8000 rw-p 00000000 00:00 0 
7f66177f8000-7f66177fb000 ---p 00000000 00:00 0 
7f66177fb000-7f66178f9000 rw-p 00000000 00:00 0 
7f66178f9000-7f66178fc000 ---p 00000000 00:00 0 
7f66178fc000-7f66179fa000 rw-p 00000000 00:00 0 
7f66179fa000-7f66179fd000 ---p 00000000 00:00 0 
7f66179fd000-7f6617afb000 rw-p 00000000 00:00 0 
7f6617afb000-7f6617afe000 ---p 00000000 00:00 0 
7f6617afe000-7f6617bfc000 rw-p 00000000 00:00 0 
7f6617bfc000-7f6617bff000 ---p 00000000 00:00 0 
7f6617bff000-7f6617cfd000 rw-p 00000000 00:00 0 
7f6617cfd000-7f6617d00000 ---p 00000000 00:00 0 
7f6617d00000-7f6617dfe000 rw-p 00000000 00:00 0 
7f6617dfe000-7f6617e01000 ---p 00000000 00:00 0 
7f6617e01000-7f6617eff000 rw-p 00000000 00:00 0 
7f6617eff000-7f6617f02000 ---p 00000000 00:00 0 
7f6617f02000-7f6618000000 rw-p 00000000 00:00 0 
7f6618000000-7f6618021000 rw-p 00000000 00:00 0 
7f6618021000-7f661c000000 ---p 00000000 00:00 0 
7f661c000000-7f661c021000 rw-p 00000000 00:00 0 
7f661c021000-7f6620000000 ---p 00000000 00:00 0 
7f6620000000-7f6620257000 rw-p 00000000 00:00 0 
7f6620257000-7f6624000000 ---p 00000000 00:00 0 
7f6624000000-7f6624021000 rw-p 00000000 00:00 0 
7f6624021000-7f6628000000 ---p 00000000 00:00 0 
7f6628000000-7f6628021000 rw-p 00000000 00:00 0 
7f6628021000-7f662c000000 ---p 00000000 00:00 0 
7f662c000000-7f662c27c000 rw-p 00000000 00:00 0 
7f662c27c000-7f6630000000 ---p 00000000 00:00 0 
7f6630000000-7f6630dfc000 rw-p 00000000 00:00 0 
7f6630dfc000-7f6634000000 ---p 00000000 00:00 0 
7f6634000000-7f6634021000 rw-p 00000000 00:00 0 
7f6634021000-7f6638000000 ---p 00000000 00:00 0 
7f6638000000-7f663ac1c000 rw-p 00000000 00:00 0 
7f663ac1c000-7f663c000000 ---p 00000000 00:00 0 
7f663c000000-7f663f5a3000 rw-p 00000000 00:00 0 
7f663f5a3000-7f6640000000 ---p 00000000 00:00 0 
7f6640000000-7f664008e000 rw-p 00000000 00:00 0 
7f664008e000-7f6644000000 ---p 00000000 00:00 0 
7f6644000000-7f6644021000 rw-p 00000000 00:00 0 
7f6644021000-7f6648000000 ---p 00000000 00:00 0 
7f6648000000-7f6648021000 rw-p 00000000 00:00 0 
7f6648021000-7f664c000000 ---p 00000000 00:00 0 
7f664c000000-7f664c021000 rw-p 00000000 00:00 0 
7f664c021000-7f6650000000 ---p 00000000 00:00 0 
7f6650042000-7f6650045000 ---p 00000000 00:00 0 
7f6650045000-7f6650343000 rw-p 00000000 00:00 0 
7f6650343000-7f6650346000 ---p 00000000 00:00 0 
7f6650346000-7f6650444000 rw-p 00000000 00:00 0 
7f6650444000-7f6650447000 ---p 00000000 00:00 0 
7f6650447000-7f6650545000 rw-p 00000000 00:00 0 
7f6650545000-7f6650548000 ---p 00000000 00:00 0 
7f6650548000-7f6650846000 rw-p 00000000 00:00 0 
7f6650846000-7f6650a46000 rw-p 00000000 00:00 0 
7f6650a46000-7f6650c46000 rw-p 00000000 00:00 0 
7f6650c4b000-7f6650e4b000 rw-p 00000000 00:00 0 
7f6650e4b000-7f665104b000 rw-p 00000000 00:00 0 
7f665104b000-7f665124b000 rw-p 00000000 00:00 0 
7f665124b000-7f66512e1000 r--s 01102000 fd:02 2100425                    /home/ike/soft/jdk1.8/jre/lib/ext/jfxrt.jar
7f66512e1000-7f66514e1000 rw-p 00000000 00:00 0 
7f66514e1000-7f66514f2000 r-xp 00000000 fd:02 2100229                    /home/ike/soft/jdk1.8/jre/lib/amd64/libnio.so
7f66514f2000-7f66516f1000 ---p 00011000 fd:02 2100229                    /home/ike/soft/jdk1.8/jre/lib/amd64/libnio.so
7f66516f1000-7f66516f2000 rw-p 00010000 fd:02 2100229                    /home/ike/soft/jdk1.8/jre/lib/amd64/libnio.so
7f66516f2000-7f66518f2000 rw-p 00000000 00:00 0 
7f66518f2000-7f6651af2000 rw-p 00000000 00:00 0 
7f6651af2000-7f6651cf2000 rw-p 00000000 00:00 0 
7f6651cf2000-7f6651ef2000 rw-p 00000000 00:00 0 
7f6651ef2000-7f6651efb000 r-xp 00000000 fd:02 2100283                    /home/ike/soft/jdk1.8/jre/lib/amd64/libmanagement.so
7f6651efb000-7f66520fa000 ---p 00009000 fd:02 2100283                    /home/ike/soft/jdk1.8/jre/lib/amd64/libmanagement.so
7f66520fa000-7f66520fb000 rw-p 00008000 fd:02 2100283                    /home/ike/soft/jdk1.8/jre/lib/amd64/libmanagement.so
7f66520fb000-7f665216d000 r-xp 00000000 fd:00 2888714                    /usr/lib64/libpcre.so.1.2.8
7f665216d000-7f665236c000 ---p 00072000 fd:00 2888714                    /usr/lib64/libpcre.so.1.2.8
7f665236c000-7f665236d000 r--p 00071000 fd:00 2888714                    /usr/lib64/libpcre.so.1.2.8
7f665236d000-7f665236e000 rw-p 00072000 fd:00 2888714                    /usr/lib64/libpcre.so.1.2.8
7f665236e000-7f6652384000 r-xp 00000000 fd:00 2890778                    /usr/lib64/libgcc_s-6.3.1-20161221.so.1
7f6652384000-7f6652583000 ---p 00016000 fd:00 2890778                    /usr/lib64/libgcc_s-6.3.1-20161221.so.1
7f6652583000-7f6652584000 r--p 00015000 fd:00 2890778                    /usr/lib64/libgcc_s-6.3.1-20161221.so.1
7f6652584000-7f6652585000 rw-p 00016000 fd:00 2890778                    /usr/lib64/libgcc_s-6.3.1-20161221.so.1
7f6652585000-7f6652589000 r-xp 00000000 fd:00 2892562                    /usr/lib64/libcap.so.2.25
7f6652589000-7f6652788000 ---p 00004000 fd:00 2892562                    /usr/lib64/libcap.so.2.25
7f6652788000-7f6652789000 r--p 00003000 fd:00 2892562                    /usr/lib64/libcap.so.2.25
7f6652789000-7f665278a000 rw-p 00004000 fd:00 2892562                    /usr/lib64/libcap.so.2.25
7f665278a000-7f66527ad000 r-xp 00000000 fd:00 2892320                    /usr/lib64/libselinux.so.1
7f66527ad000-7f66529ad000 ---p 00023000 fd:00 2892320                    /usr/lib64/libselinux.so.1
7f66529ad000-7f66529ae000 r--p 00023000 fd:00 2892320                    /usr/lib64/libselinux.so.1
7f66529ae000-7f66529af000 rw-p 00024000 fd:00 2892320                    /usr/lib64/libselinux.so.1
7f66529af000-7f66529b1000 rw-p 00000000 00:00 0 
7f66529b1000-7f66529c2000 r-xp 00000000 fd:00 2894368                    /usr/lib64/libnss_myhostname.so.2
7f66529c2000-7f66529c3000 ---p 00011000 fd:00 2894368                    /usr/lib64/libnss_myhostname.so.2
7f66529c3000-7f66529c5000 r--p 00011000 fd:00 2894368                    /usr/lib64/libnss_myhostname.so.2
7f66529c5000-7f66529c6000 rw-p 00013000 fd:00 2894368                    /usr/lib64/libnss_myhostname.so.2
7f66529c6000-7f66529dd000 r-xp 00000000 fd:00 2891940                    /usr/lib64/libresolv-2.24.so
7f66529dd000-7f6652bdd000 ---p 00017000 fd:00 2891940                    /usr/lib64/libresolv-2.24.so
7f6652bdd000-7f6652bde000 r--p 00017000 fd:00 2891940                    /usr/lib64/libresolv-2.24.so
7f6652bde000-7f6652bdf000 rw-p 00018000 fd:00 2891940                    /usr/lib64/libresolv-2.24.so
7f6652bdf000-7f6652be1000 rw-p 00000000 00:00 0 
7f6652be1000-7f6652be6000 r-xp 00000000 fd:00 2891855                    /usr/lib64/libnss_dns-2.24.so
7f6652be6000-7f6652de6000 ---p 00005000 fd:00 2891855                    /usr/lib64/libnss_dns-2.24.so
7f6652de6000-7f6652de7000 r--p 00005000 fd:00 2891855                    /usr/lib64/libnss_dns-2.24.so
7f6652de7000-7f6652de8000 rw-p 00006000 fd:00 2891855                    /usr/lib64/libnss_dns-2.24.so
7f6652de8000-7f6652dea000 r-xp 00000000 fd:00 2893052                    /usr/lib64/libnss_mdns4_minimal.so.2
7f6652dea000-7f6652fe9000 ---p 00002000 fd:00 2893052                    /usr/lib64/libnss_mdns4_minimal.so.2
7f6652fe9000-7f6652fea000 r--p 00001000 fd:00 2893052                    /usr/lib64/libnss_mdns4_minimal.so.2
7f6652fea000-7f6652feb000 rw-p 00000000 00:00 0 
7f6652ff8000-7f6652ffc000 r--s 00097000 fd:02 2100406                    /home/ike/soft/jdk1.8/jre/lib/jsse.jar
7f6652ffc000-7f6653001000 r--s 002f9000 fd:02 2100432                    /home/ike/soft/jdk1.8/jre/lib/charsets.jar
7f6653001000-7f6653004000 ---p 00000000 00:00 0 
7f6653004000-7f6653102000 rw-p 00000000 00:00 0 
7f6653102000-7f6653118000 r-xp 00000000 fd:02 2100243                    /home/ike/soft/jdk1.8/jre/lib/amd64/libnet.so
7f6653118000-7f6653318000 ---p 00016000 fd:02 2100243                    /home/ike/soft/jdk1.8/jre/lib/amd64/libnet.so
7f6653318000-7f6653319000 rw-p 00016000 fd:02 2100243                    /home/ike/soft/jdk1.8/jre/lib/amd64/libnet.so
7f6653319000-7f6653323000 r--s 00116000 fd:02 2100424                    /home/ike/soft/jdk1.8/jre/lib/ext/localedata.jar
7f6653323000-7f6653324000 ---p 00000000 00:00 0 
7f6653324000-7f6653424000 rw-p 00000000 00:00 0 
7f6653424000-7f6653427000 ---p 00000000 00:00 0 
7f6653427000-7f6653525000 rw-p 00000000 00:00 0 
7f6653525000-7f6653528000 ---p 00000000 00:00 0 
7f6653528000-7f6653626000 rw-p 00000000 00:00 0 
7f6653626000-7f6653629000 ---p 00000000 00:00 0 
7f6653629000-7f6653727000 rw-p 00000000 00:00 0 
7f6653727000-7f665372a000 ---p 00000000 00:00 0 
7f665372a000-7f6653828000 rw-p 00000000 00:00 0 
7f6653828000-7f665382a000 r--s 0000a000 fd:02 2103023                    /home/ike/soft/idea-IU-171.4424.56/plugins/Groovy/lib/agent/gragent.jar
7f665382a000-7f665382c000 r--s 0001a000 fd:02 2102710                    /home/ike/soft/idea-IU-171.4424.56/lib/idea_rt.jar
7f665382c000-7f6653845000 r--s 0012c000 fd:02 6423561                    /home/ike/.gradle/caches/modules-2/files-2.1/io.netty/netty/3.10.5.Final/9ca7d55d246092bddd29b867706e2f6c7db701a0/netty-3.10.5.Final.jar
7f6653845000-7f665384e000 r--s 0006d000 fd:02 3145956                    /home/ike/.m2/repository/log4j/log4j/1.2.16/log4j-1.2.16.jar
7f665384e000-7f665385b000 r--s 000b9000 fd:02 6293199                    /home/ike/.gradle/caches/modules-2/files-2.1/org.apache.zookeeper/zookeeper/3.4.9/cbd9135689d6622a411e1e9b0ce880b502be5277/zookeeper-3.4.9.jar
7f665385b000-7f6653866000 r--s 0006a000 fd:02 6424508                    /home/ike/.gradle/caches/modules-2/files-2.1/ch.qos.logback/logback-core/1.1.11/88b8df40340eed549fb07e2613879bf6b006704d/logback-core-1.1.11.jar
7f6653866000-7f6653868000 r--s 00005000 fd:02 2234244                    /home/ike/.m2/repository/stax/stax-api/1.0.1/stax-api-1.0.1.jar
7f6653868000-7f665386a000 r--s 00100000 fd:02 6423559                    /home/ike/.gradle/caches/modules-2/files-2.1/org.xerial.snappy/snappy-java/1.1.2.6/48d92871ca286a47f230feb375f0bbffa83b85f6/snappy-java-1.1.2.6.jar
7f665386a000-7f665386c000 r--s 00038000 fd:02 6293201                    /home/ike/.gradle/caches/modules-2/files-2.1/net.jpountz.lz4/lz4/1.3.0/c708bb2590c0652a642236ef45d9f99ff842a2ce/lz4-1.3.0.jar
7f665386c000-7f665386e000 r--s 00012000 fd:02 7735566                    /home/ike/.gradle/caches/modules-2/files-2.1/net.minidev/accessors-smart/1.1/a527213f2fea112a04c9bdf0ec0264e34104cd08/accessors-smart-1.1.jar
7f665386e000-7f665387f000 r--s 00096000 fd:02 5644044                    /home/ike/.gradle/caches/modules-2/files-2.1/org.bouncycastle/bcpkix-jdk15on/1.55/6392d8cba22b722c6570d660ca0b3921ff1bae4f/bcpkix-jdk15on-1.55.jar
7f665387f000-7f6653881000 r--s 0000c000 fd:02 5644042                    /home/ike/.gradle/caches/modules-2/files-2.1/org.springframework.security/spring-security-crypto/4.2.2.RELEASE/713ae22bcef55ae21ca1967d7cb217a1efab5dbf/spring-security-crypto-4.2.2.RELEASE.jar
7f6653881000-7f6653884000 r--s 0002b000 fd:02 4459269                    /home/ike/.gradle/caches/modules-2/files-2.1/org.jboss/jandex/2.0.0.Final/3e899258936f94649c777193e1be846387ed54b3/jandex-2.0.0.Final.jar
7f6653884000-7f6653889000 r--s 00068000 fd:02 2103485                    /home/ike/.m2/repository/antlr/antlr/2.7.7/antlr-2.7.7.jar
7f6653889000-7f665388b000 r--s 00004000 fd:02 5248253                    /home/ike/.gradle/caches/modules-2/files-2.1/org.slf4j/log4j-over-slf4j/1.7.24/6ab46c51a3848286a0db3ba7b22037b3834c3c44/log4j-over-slf4j-1.7.24.jar
7f665388b000-7f665388d000 r--s 00000000 fd:02 6424503                    /home/ike/.gradle/caches/modules-2/files-2.1/org.slf4j/jul-to-slf4j/1.7.24/25a2be668cb2ad1d05d76c0773df73b4b53617fd/jul-to-slf4j-1.7.24.jar
7f665388d000-7f665388f000 r--s 00003000 fd:02 6424515                    /home/ike/.gradle/caches/modules-2/files-2.1/org.slf4j/jcl-over-slf4j/1.7.24/e6a8629079856a2aa7862c6327ccf6dd1988d7fc/jcl-over-slf4j-1.7.24.jar
7f665388f000-7f6653896000 r--s 00045000 fd:02 6168269                    /home/ike/.gradle/caches/modules-2/files-2.1/ch.qos.logback/logback-classic/1.1.11/ccedfbacef4a6515d2983e3f89ed753d5d4fb665/logback-classic-1.1.11.jar
7f6653896000-7f66538d4000 r--s 0025d000 fd:02 2234241                    /home/ike/.m2/repository/org/apache/xmlbeans/xmlbeans/2.6.0/xmlbeans-2.6.0.jar
7f66538d4000-7f66538d6000 r--s 0000f000 fd:02 4459850                    /home/ike/.m2/repository/javax/activation/activation/1.1.1/activation-1.1.1.jar
7f66538d6000-7f66538df000 r--s 0008c000 fd:02 5119457                    /home/ike/.gradle/caches/modules-2/files-2.1/com.sun.mail/javax.mail/1.5.6/ab5daef2f881c42c8e280cbe918ec4d7fdfd7efe/javax.mail-1.5.6.jar
7f66538df000-7f6653952000 r--s 0065b000 fd:02 6168214                    /home/ike/.gradle/caches/modules-2/files-2.1/org.scala-lang/scala-library/2.10.6/421989aa8f95a05a4f894630aad96b8c7b828732/scala-library-2.10.6.jar
7f6653952000-7f6653955000 r--s 00012000 fd:02 4985769                    /home/ike/.gradle/caches/modules-2/files-2.1/com.yammer.metrics/metrics-core/2.2.0/f82c035cfa786d3cbec362c38c22a5f5b1bc8724/metrics-core-2.2.0.jar
7f6653955000-7f6653958000 r--s 00011000 fd:02 4861372                    /home/ike/.gradle/caches/modules-2/files-2.1/net.sf.jopt-simple/jopt-simple/5.0.3/cdd846cfc4e0f7eefafc02c0f5dce32b9303aa2a/jopt-simple-5.0.3.jar
7f6653958000-7f665396a000 r--s 000d6000 fd:02 4721438                    /home/ike/.gradle/caches/modules-2/files-2.1/org.apache.kafka/kafka-clients/0.10.2.0/c20571ff756fcf8f4a7f76fc7b23707a4c14a67d/kafka-clients-0.10.2.0.jar
7f665396a000-7f665396b000 r--s 00004000 fd:02 7735564                    /home/ike/.gradle/caches/modules-2/files-2.1/com.vaadin.external.google/android-json/0.0.20131108.vaadin1/fa26d351fe62a6a17f5cda1287c1c6110dec413f/android-json-0.0.20131108.vaadin1.jar
7f665396b000-7f665396d000 r--s 00009000 fd:02 7735562                    /home/ike/.gradle/caches/modules-2/files-2.1/org.objenesis/objenesis/2.1/87c0ea803b69252868d09308b4618f766f135a96/objenesis-2.1.jar
7f665396d000-7f6653970000 r--s 0001b000 fd:02 7735560                    /home/ike/.gradle/caches/modules-2/files-2.1/net.minidev/json-smart/2.2.1/5b9e5df7a62d1279b70dc882b041d249c4f0b002/json-smart-2.2.1.jar
7f6653970000-7f6653972000 r--s 0000c000 fd:02 3670899                    /home/ike/.m2/repository/org/ow2/asm/asm/5.0.4/asm-5.0.4.jar
7f6653972000-7f6653974000 r--s 00007000 fd:02 5644036                    /home/ike/.gradle/caches/modules-2/files-2.1/com.netflix.hystrix/hystrix-serialization/1.5.10/c857cba459a3532a5391bd6050555ad07b8f5320/hystrix-serialization-1.5.10.jar
7f6653974000-7f6653976000 r--s 0001a000 fd:02 5644034                    /home/ike/.gradle/caches/modules-2/files-2.1/org.hdrhistogram/HdrHistogram/2.1.9/e4631ce165eb400edecfa32e03d3f1be53dee754/HdrHistogram-2.1.9.jar
7f6653976000-7f665398e000 r--s 000fc000 fd:02 5644032                    /home/ike/.gradle/caches/modules-2/files-2.1/io.reactivex/rxjava/1.2.0/42bfaf64c94f3848ebf5cf1c2ea4ec9d1b3ac6c8/rxjava-1.2.0.jar
7f665398e000-7f6653995000 r--s 00050000 fd:02 5644028                    /home/ike/.gradle/caches/modules-2/files-2.1/commons-configuration/commons-configuration/1.8/6cce40435bcd8018018f16898de01976b319941a/commons-configuration-1.8.jar
7f6653995000-7f6653996000 r--s 00004000 fd:02 4460908                    /home/ike/.gradle/caches/modules-2/files-2.1/org.springframework.security/spring-security-rsa/1.0.3.RELEASE/b0b1ee770597b5de1b51e9a889dfd2dc35d251b0/spring-security-rsa-1.0.3.RELEASE.jar
7f6653996000-7f665399b000 r--s 00016000 fd:02 5644020                    /home/ike/.gradle/caches/modules-2/files-2.1/org.springframework.cloud/spring-cloud-commons/1.2.0.RELEASE/de0024fa88cc6c1ecbc30980e15acf25c0f5ef21/spring-cloud-commons-1.2.0.RELEASE.jar
7f665399b000-7f665399e000 r--s 00015000 fd:02 5644018                    /home/ike/.gradle/caches/modules-2/files-2.1/org.springframework.cloud/spring-cloud-context/1.2.0.RELEASE/4f2a9fa553883dedc21587e45080b67911fb7d26/spring-cloud-context-1.2.0.RELEASE.jar
7f665399e000-7f66539a0000 r--s 00014000 fd:02 3539264                    /home/ike/.m2/repository/jline/jline/0.9.94/jline-0.9.94.jar
7f66539a0000-7f66539a1000 r--s 00003000 fd:02 3540889                    /home/ike/.m2/repository/org/apache/geronimo/specs/geronimo-jta_1.1_spec/1.1.1/geronimo-jta_1.1_spec-1.1.1.jar
7f66539a1000-7f66539ab000 r--s 000aa000 fd:02 6031571                    /home/ike/.gradle/caches/modules-2/files-2.1/org.javassist/javassist/3.21.0-GA/598244f595db5c5fb713731eddbb1c91a58d959b/javassist-3.21.0-GA.jar
7f66539ab000-7f66539b0000 r--s 00017000 fd:02 3148263                    /home/ike/.m2/repository/org/hibernate/javax/persistence/hibernate-jpa-2.1-api/1.0.0.Final/hibernate-jpa-2.1-api-1.0.0.Final.jar
7f66539b0000-7f66539b3000 r--s 00010000 fd:02 4459261                    /home/ike/.gradle/caches/modules-2/files-2.1/org.hibernate.common/hibernate-commons-annotations/5.0.1.Final/71e1cff3fcb20d3b3af4f3363c3ddb24d33c6879/hibernate-commons-annotations-5.0.1.Final.jar
7f66539b3000-7f66539b8000 r--s 00048000 fd:02 3801997                    /home/ike/.m2/repository/dom4j/dom4j/1.6.1/dom4j-1.6.1.jar
7f66539b8000-7f6653a21000 r--s 004f3000 fd:02 6031581                    /home/ike/.gradle/caches/modules-2/files-2.1/org.hibernate/hibernate-core/5.0.12.Final/e58bf1c660e6706d8e2cbb53bae110f574366102/hibernate-core-5.0.12.Final.jar
7f6653a21000-7f6653a23000 r--s 0000f000 fd:02 3672160                    /home/ike/.m2/repository/org/jboss/logging/jboss-logging/3.3.0.Final/jboss-logging-3.3.0.Final.jar
7f6653a23000-7f6653a27000 r--s 0000c000 fd:02 3540885                    /home/ike/.m2/repository/javax/validation/validation-api/1.1.0.Final/validation-api-1.1.0.Final.jar
7f6653a27000-7f6653a2c000 r--s 00036000 fd:02 6031579                    /home/ike/.gradle/caches/modules-2/files-2.1/org.apache.tomcat.embed/tomcat-embed-websocket/8.5.11/dfa65e7857d46630761c0571758a56f7cbd1e9ba/tomcat-embed-websocket-8.5.11.jar
7f6653a2c000-7f6653a31000 r--s 00036000 fd:02 6031577                    /home/ike/.gradle/caches/modules-2/files-2.1/org.apache.tomcat.embed/tomcat-embed-el/8.5.11/60253815b897166903bf5ec41219c5bb15333a69/tomcat-embed-el-8.5.11.jar
7f6653a31000-7f6653a5a000 r--s 002b8000 fd:02 6031575                    /home/ike/.gradle/caches/modules-2/files-2.1/org.apache.tomcat.embed/tomcat-embed-core/8.5.11/72761f51fc7cef3ee19d4aafc7adc605df9f611f/tomcat-embed-core-8.5.11.jar
7f6653a5a000-7f6653a60000 r--s 0003d000 fd:02 4588007                    /home/ike/.gradle/caches/modules-2/files-2.1/org.yaml/snakeyaml/1.17/7a27ea250c5130b2922b86dea63cbb1cc10a660c/snakeyaml-1.17.jar
7f6653a60000-7f6653a61000 r--s 00000000 fd:02 5644040                    /home/ike/.gradle/caches/modules-2/files-2.1/org.springframework.boot/spring-boot-starter-logging/1.5.2.RELEASE/32210889e1f9bb09ac134b9f43a117ed62f0bed2/spring-boot-starter-logging-1.5.2.RELEASE.jar
7f6653a61000-7f6653a81000 r--s 000e0000 fd:02 5644024                    /home/ike/.gradle/caches/modules-2/files-2.1/org.springframework.boot/spring-boot-autoconfigure/1.5.2.RELEASE/8a9b8c747bc2c86eefde10330cb2984541bcb9d1/spring-boot-autoconfigure-1.5.2.RELEASE.jar
7f6653a81000-7f6653a91000 r--s 00094000 fd:02 5644022                    /home/ike/.gradle/caches/modules-2/files-2.1/org.springframework.boot/spring-boot/1.5.2.RELEASE/46bb5d8c9ab5d3ef9e158ca5906ee7d3569befc1/spring-boot-1.5.2.RELEASE.jar
7f6653a91000-7f6653a95000 r--s 00015000 fd:02 3542611                    /home/ike/.gradle/caches/modules-2/files-2.1/com.github.virtuald/curvesapi/1.04/3386abf821719bc89c7685f9eaafaf4a842f0199/curvesapi-1.04.jar
7f6653a95000-7f6653b4f000 r--s 004e0000 fd:02 7867893                    /home/ike/.gradle/caches/modules-2/files-2.1/org.apache.poi/poi-ooxml-schemas/3.16/9828a49307fc6bebfd42185b677d88b6e4994c63/poi-ooxml-schemas-3.16.jar
7f6653b4f000-7f6653b5f000 r--s 000a8000 fd:02 3542609                    /home/ike/.gradle/caches/modules-2/files-2.1/org.apache.commons/commons-collections4/4.1/a4cf4688fe1c7e3a63aa636cc96d013af537768e/commons-collections4-4.1.jar
7f6653b5f000-7f6653b61000 r--s 0000b000 fd:02 4331416                    /home/ike/.m2/repository/org/apache/commons/commons-email/1.4/commons-email-1.4.jar
7f6653b61000-7f6653bc4000 r--s 004f1000 fd:02 4588675                    /home/ike/.gradle/caches/modules-2/files-2.1/org.apache.kafka/kafka_2.10/0.10.2.0/eca9a789b4df7441796636bfb7e0f9210cae8b1e/kafka_2.10-0.10.2.0.jar
7f6653bc4000-7f6653bc7000 r--s 00042000 fd:02 5376287                    /home/ike/.gradle/caches/modules-2/files-2.1/com.fasterxml.jackson.core/jackson-core/2.8.7/8b46f39c78476fb848c81a49fa807a9e9506dddd/jackson-core-2.8.7.jar
7f6653bc7000-7f6653bca000 r--s 0000b000 fd:02 5644030                    /home/ike/.gradle/caches/modules-2/files-2.1/com.fasterxml.jackson.core/jackson-annotations/2.8.0/45b426f7796b741035581a176744d91090e2e6fb/jackson-annotations-2.8.0.jar
7f6653bca000-7f6653bd9000 r--s 00084000 fd:02 7733303                    /home/ike/.gradle/caches/modules-2/files-2.1/org.springframework/spring-test/4.3.7.RELEASE/480fc4673b53daa1993eb1940711828ebf35807b/spring-test-4.3.7.RELEASE.jar
7f6653bd9000-7f6653bdb000 r--s 00006000 fd:02 7735556                    /home/ike/.gradle/caches/modules-2/files-2.1/org.skyscreamer/jsonassert/1.4.0/9cdbb373a06f6513e51e8c545ee6a5e981463edb/jsonassert-1.4.0.jar
7f6653bdb000-7f6653bdc000 r--s 0000c000 fd:02 7735554                    /home/ike/.gradle/caches/modules-2/files-2.1/org.hamcrest/hamcrest-library/1.3/4785a3c21320980282f9f33d0d1264a69040538f/hamcrest-library-1.3.jar
7f6653bdc000-7f6653bde000 r--s 00009000 fd:02 2233374                    /home/ike/.m2/repository/org/hamcrest/hamcrest-core/1.3/hamcrest-core-1.3.jar
7f6653bde000-7f6653bfa000 r--s 00103000 fd:02 7735552                    /home/ike/.gradle/caches/modules-2/files-2.1/org.mockito/mockito-core/1.10.19/e8546f5bef4e061d8dd73895b4e8f40e3fe6effe/mockito-core-1.10.19.jar
7f6653bfa000-7f6653c0e000 r--s 000dc000 fd:02 7735550                    /home/ike/.gradle/caches/modules-2/files-2.1/org.assertj/assertj-core/2.6.0/b532c3fc4f66bcfee4989a3514f1cd56203a33ad/assertj-core-2.6.0.jar
7f6653c0e000-7f6653c16000 r--s 00045000 fd:02 1969654                    /home/ike/.m2/repository/junit/junit/4.12/junit-4.12.jar
7f6653c16000-7f6653c1b000 r--s 0002e000 fd:02 7735548                    /home/ike/.gradle/caches/modules-2/files-2.1/com.jayway.jsonpath/json-path/2.2.0/22290d17944bd239fabf5ac69005a60a7ecbbbcb/json-path-2.2.0.jar
7f6653c1b000-7f6653c20000 r--s 00019000 fd:02 7735624                    /home/ike/.gradle/caches/modules-2/files-2.1/org.springframework.boot/spring-boot-test-autoconfigure/1.5.2.RELEASE/5fb69965871626aea437c0d676d3be6186d2415d/spring-boot-test-autoconfigure-1.5.2.RELEASE.jar
7f6653c20000-7f6653c24000 r--s 0001f000 fd:02 7735622                    /home/ike/.gradle/caches/modules-2/files-2.1/org.springframework.boot/spring-boot-test/1.5.2.RELEASE/7dcdee8bc720b379d6072c742e2a48ccbb00aa09/spring-boot-test-1.5.2.RELEASE.jar
7f6653c24000-7f6653c29000 r--s 00026000 fd:02 5644014                    /home/ike/.gradle/caches/modules-2/files-2.1/com.netflix.hystrix/hystrix-javanica/1.5.10/2d3dc34d7beb79ef300c67a5b436657907d52af1/hystrix-javanica-1.5.10.jar
7f6653c29000-7f6653c2b000 r--s 0000c000 fd:02 5644012                    /home/ike/.gradle/caches/modules-2/files-2.1/com.netflix.hystrix/hystrix-metrics-event-stream/1.5.10/936e69382fd4d106c550f36afb38d0357ca29cf3/hystrix-metrics-event-stream-1.5.10.jar
7f6653c2b000-7f6653c37000 r--s 00067000 fd:02 5644010                    /home/ike/.gradle/caches/modules-2/files-2.1/com.netflix.hystrix/hystrix-core/1.5.10/cd46dd2533138019a0473ed16a333aaea4d4b7de/hystrix-core-1.5.10.jar
7f6653c37000-7f6653c38000 r--s 00000000 fd:02 5644008                    /home/ike/.gradle/caches/modules-2/files-2.1/org.springframework.cloud/spring-cloud-starter-archaius/1.3.0.RELEASE/b8665874ab5a6a37cf32af9b2e56fa145fb53432/spring-cloud-starter-archaius-1.3.0.RELEASE.jar
7f6653c38000-7f6653c42000 r--s 00055000 fd:02 5644006                    /home/ike/.gradle/caches/modules-2/files-2.1/org.springframework.cloud/spring-cloud-netflix-core/1.3.0.RELEASE/1ad134229d53e9263f08124d62c65882c5dee8e7/spring-cloud-netflix-core-1.3.0.RELEASE.jar
7f6653c42000-7f6653c47000 r--s 0003c000 fd:02 6554776                    /home/ike/.gradle/caches/modules-2/files-2.1/org.springframework/spring-expression/4.3.7.RELEASE/5257b6486e43d8c05674323fea5b415d4da72f38/spring-expression-4.3.7.RELEASE.jar
7f6653c47000-7f6653c5e000 r--s 000fb000 fd:02 6424510                    /home/ike/.gradle/caches/modules-2/files-2.1/org.springframework/spring-core/4.3.7.RELEASE/54fa2db94cc7222edc90ec71354e47cd1dc07f7b/spring-core-4.3.7.RELEASE.jar
7f6653c5e000-7f6653c78000 r--s 000fd000 fd:02 6424513                    /home/ike/.gradle/caches/modules-2/files-2.1/org.springframework/spring-context/4.3.7.RELEASE/34b66b0b7910122ef95ba4fff6da9238ef80a5de/spring-context-4.3.7.RELEASE.jar
7f6653c78000-7f6653c86000 r--s 000ad000 fd:02 6424518                    /home/ike/.gradle/caches/modules-2/files-2.1/org.springframework/spring-beans/4.3.7.RELEASE/2de9f59f3202965438f3a02057d6ad8274636044/spring-beans-4.3.7.RELEASE.jar
7f6653c86000-7f6653c8f000 r--s 00054000 fd:02 6554774                    /home/ike/.gradle/caches/modules-2/files-2.1/org.springframework/spring-aop/4.3.7.RELEASE/3f243d685e4a8a78a0c291445c6d85560ec4d339/spring-aop-4.3.7.RELEASE.jar
7f6653c8f000-7f6653c96000 r--s 0003f000 fd:02 4196565                    /home/ike/.m2/repository/commons-codec/commons-codec/1.10/commons-codec-1.10.jar
7f6653c96000-7f6653c98000 r--s 0000e000 fd:02 3146093                    /home/ike/.m2/repository/commons-logging/commons-logging/1.2/commons-logging-1.2.jar
7f6653c98000-7f6653ca0000 r--s 00048000 fd:02 3807593                    /home/ike/.gradle/caches/modules-2/files-2.1/org.apache.httpcomponents/httpcore/4.4.6/e3fd8ced1f52c7574af952e2e6da0df8df08eb82/httpcore-4.4.6.jar
7f6653ca0000-7f6653ca2000 r--s 0000e000 fd:02 4459297                    /home/ike/.gradle/caches/modules-2/files-2.1/com.fasterxml/classmate/1.3.3/864c8e370a691e343210cc7c532fc198cee460d8/classmate-1.3.3.jar
7f6653ca2000-7f6653caf000 r--s 00089000 fd:02 6031569                    /home/ike/.gradle/caches/modules-2/files-2.1/org.hibernate/hibernate-entitymanager/5.0.12.Final/302a526f5058290e9cbd719a5caf9f248d344719/hibernate-entitymanager-5.0.12.Final.jar
7f6653caf000-7f6653cc0000 r--s 000b7000 fd:02 6031561                    /home/ike/.gradle/caches/modules-2/files-2.1/org.springframework/spring-web/4.3.7.RELEASE/7b69fc68cdb74c1c92f72905af6995696fcb56aa/spring-web-4.3.7.RELEASE.jar
7f6653cc0000-7f6653cd1000 r--s 000a1000 fd:02 6031567                    /home/ike/.gradle/caches/modules-2/files-2.1/org.hibernate/hibernate-validator/5.3.4.Final/2f6c8c0b646afe18e3ad205726729d3c4a85fe2e/hibernate-validator-5.3.4.Final.jar
7f6653cd1000-7f6653cfd000 r--s 00263000 fd:02 7867889                    /home/ike/.gradle/caches/modules-2/files-2.1/org.apache.poi/poi/3.16/ad21c123ee5d6b5b2a8f0d4ed23b3ffe6759a889/poi-3.16.jar
7f6653cfd000-7f6653d00000 ---p 00000000 00:00 0 
7f6653d00000-7f6653dfe000 rw-p 00000000 00:00 0 
7f6653dfe000-7f6653e01000 ---p 00000000 00:00 0 
7f6653e01000-7f6653eff000 rw-p 00000000 00:00 0 
7f6653eff000-7f6653f02000 ---p 00000000 00:00 0 
7f6653f02000-7f6654000000 rw-p 00000000 00:00 0 
7f6654000000-7f6654021000 rw-p 00000000 00:00 0 
7f6654021000-7f6658000000 ---p 00000000 00:00 0 
7f6658000000-7f6658021000 rw-p 00000000 00:00 0 
7f6658021000-7f665c000000 ---p 00000000 00:00 0 
7f665c000000-7f665c021000 rw-p 00000000 00:00 0 
7f665c021000-7f6660000000 ---p 00000000 00:00 0 
7f6660000000-7f66602a7000 rw-p 00000000 00:00 0 
7f66602a7000-7f6664000000 ---p 00000000 00:00 0 
7f6664000000-7f6664021000 rw-p 00000000 00:00 0 
7f6664021000-7f6668000000 ---p 00000000 00:00 0 
7f6668000000-7f6668021000 rw-p 00000000 00:00 0 
7f6668021000-7f666c000000 ---p 00000000 00:00 0 
7f666c000000-7f666c021000 rw-p 00000000 00:00 0 
7f666c021000-7f6670000000 ---p 00000000 00:00 0 
7f6670000000-7f6670001000 r--s 00000000 fd:02 5644004                    /home/ike/.gradle/caches/modules-2/files-2.1/org.springframework.cloud/spring-cloud-starter/1.2.0.RELEASE/c9c4b92550081de74040ce8027e11ad18d942577/spring-cloud-starter-1.2.0.RELEASE.jar
7f6670001000-7f6670002000 r--s 00001000 fd:02 3670688                    /home/ike/.m2/repository/org/mengyun/tcc-transaction-api/1.1.5/tcc-transaction-api-1.1.5.jar
7f6670002000-7f6670003000 r--s 00000000 fd:02 6031565                    /home/ike/.gradle/caches/modules-2/files-2.1/org.springframework.boot/spring-boot-starter-tomcat/1.5.2.RELEASE/354320ef371fc4fc126d1bb8564cd73085a48823/spring-boot-starter-tomcat-1.5.2.RELEASE.jar
7f6670003000-7f6670016000 r--s 0014c000 fd:02 7867891                    /home/ike/.gradle/caches/modules-2/files-2.1/org.apache.poi/poi-ooxml/3.16/76e20fe22404cc4da55ddfdaaaadee32bbfa3bdd/poi-ooxml-3.16.jar
7f6670016000-7f6670028000 r--s 0011d000 fd:02 5512227                    /home/ike/.gradle/caches/modules-2/files-2.1/com.fasterxml.jackson.core/jackson-databind/2.8.7/6c3257ef458ac58a8da69a6dca3d2a15286d88c8/jackson-databind-2.8.7.jar
7f6670028000-7f667002b000 r--s 00010000 fd:02 4587590                    /home/ike/.gradle/caches/modules-2/files-2.1/com.101tec/zkclient/0.10/c54d4b5a5e89af75a80b6d5857400165ce5188d0/zkclient-0.10.jar
7f667002b000-7f6670049000 r--s 00143000 fd:02 3670645                    /home/ike/.m2/repository/com/alibaba/dubbo/2.5.4-SNAPSHOT/dubbo-2.5.4-SNAPSHOT.jar
7f6670049000-7f667004d000 r--s 0002f000 fd:02 3670137                    /home/ike/.gradle/caches/modules-2/files-2.1/commons-io/commons-io/2.5/2852e6e05fbb95076fc091f6d1780f1f8fe35e0f/commons-io-2.5.jar
7f667004d000-7f667007c000 r--s 00239000 fd:02 5376285                    /home/ike/.gradle/caches/modules-2/files-2.1/com.google.guava/guava/21.0/3a3d111be1be1b745edfa7d91678a12d7ed38709/guava-21.0.jar
7f667007c000-7f667008d000 r--s 000cf000 fd:02 6031563                    /home/ike/.gradle/caches/modules-2/files-2.1/org.springframework/spring-webmvc/4.3.7.RELEASE/d25b11a605589f176e3ecf1dcae62a991a18b377/spring-webmvc-4.3.7.RELEASE.jar
7f667008d000-7f66700a6000 r--s 001af000 fd:02 4587991                    /home/ike/.gradle/caches/modules-2/files-2.1/org.aspectj/aspectjweaver/1.8.9/db28774f477f07220eac18d5ec9c4e01f48589d7/aspectjweaver-1.8.9.jar
7f66700a6000-7f66700aa000 r-xp 00000000 fd:02 2100248                    /home/ike/soft/jdk1.8/jre/lib/amd64/libdt_socket.so
7f66700aa000-7f66702a9000 ---p 00004000 fd:02 2100248                    /home/ike/soft/jdk1.8/jre/lib/amd64/libdt_socket.so
7f66702a9000-7f66702aa000 rw-p 00003000 fd:02 2100248                    /home/ike/soft/jdk1.8/jre/lib/amd64/libdt_socket.so
7f66702aa000-7f66702ad000 ---p 00000000 00:00 0 
7f66702ad000-7f66703ab000 rw-p 00000000 00:00 0 
7f66703ab000-7f66703ae000 ---p 00000000 00:00 0 
7f66703ae000-7f66704ac000 rw-p 00000000 00:00 0 
7f66704ac000-7f66704af000 ---p 00000000 00:00 0 
7f66704af000-7f66705ad000 rw-p 00000000 00:00 0 
7f66705ad000-7f66705ae000 ---p 00000000 00:00 0 
7f66705ae000-7f66715bd000 rw-p 00000000 00:00 0 
7f66715bd000-7f6671796000 r--s 03d29000 fd:02 2100521                    /home/ike/soft/jdk1.8/jre/lib/rt.jar
7f6671796000-7f6676164000 rw-p 00000000 00:00 0 
7f6676164000-7f6676165000 ---p 00000000 00:00 0 
7f6676165000-7f6676265000 rw-p 00000000 00:00 0 
7f6676265000-7f6676266000 ---p 00000000 00:00 0 
7f6676266000-7f6676366000 rw-p 00000000 00:00 0 
7f6676366000-7f6676367000 ---p 00000000 00:00 0 
7f6676367000-7f6676467000 rw-p 00000000 00:00 0 
7f6676467000-7f66775b7000 rwxp 00000000 00:00 0 
7f66775b7000-7f6685467000 ---p 00000000 00:00 0 
7f6685467000-7f668c000000 r--p 00000000 fd:00 2885042                    /usr/lib/locale/locale-archive
7f668c000000-7f668d31b000 rw-p 00000000 00:00 0 
7f668d31b000-7f6690000000 ---p 00000000 00:00 0 
7f6690000000-7f6690001000 r--s 00000000 fd:02 5644016                    /home/ike/.gradle/caches/modules-2/files-2.1/org.springframework.boot/spring-boot-starter/1.5.2.RELEASE/c72938c86ed3beadb385f29bc2954c8ca3aa47ab/spring-boot-starter-1.5.2.RELEASE.jar
7f6690001000-7f6690002000 r--s 00000000 fd:02 7735620                    /home/ike/.gradle/caches/modules-2/files-2.1/org.springframework.boot/spring-boot-starter-test/1.5.2.RELEASE/d1d42ca043ea8b25cdf0ac8a2108ee924bfae707/spring-boot-starter-test-1.5.2.RELEASE.jar
7f6690002000-7f6690005000 r--s 00015000 fd:02 3807983                    /home/ike/.m2/repository/javax/servlet/javax.servlet-api/3.1.0/javax.servlet-api-3.1.0.jar
7f6690005000-7f6690009000 r--s 00019000 fd:02 4587747                    /home/ike/.gradle/caches/modules-2/files-2.1/org.aspectj/aspectjrt/1.8.9/87372d9e2323313bec24b09a325bfea8ae0eb867/aspectjrt-1.8.9.jar
7f6690009000-7f6690011000 r--s 0006e000 fd:02 3670118                    /home/ike/.gradle/caches/modules-2/files-2.1/org.apache.commons/commons-lang3/3.5/6c6c702c89bfff3cd9e80b04d668c5e190d588c6/commons-lang3-3.5.jar
7f6690011000-7f6690016000 r--s 00061000 fd:02 3670330                    /home/ike/.gradle/caches/modules-2/files-2.1/com.alibaba/fastjson/1.2.23/be2508e9bac203c38f3f52fc8d33332c4e7ee6c5/fastjson-1.2.23.jar
7f6690016000-7f6690018000 r--s 00009000 fd:02 4460443                    /home/ike/.gradle/caches/modules-2/files-2.1/org.slf4j/slf4j-api/1.7.24/3f6b4bd4f8dbe8d4bea06d107a3826469b85c3e9/slf4j-api-1.7.24.jar
7f6690018000-7f669001a000 r--s 00009000 fd:02 6031573                    /home/ike/.gradle/caches/modules-2/files-2.1/org.apache.httpcomponents/httpmime/4.5.3/889fd6d061bb63b99dd5c6aba35a555ae863de52/httpmime-4.5.3.jar
7f669001a000-7f6690027000 r--s 000aa000 fd:02 3807591                    /home/ike/.gradle/caches/modules-2/files-2.1/org.apache.httpcomponents/httpclient/4.5.3/d1577ae15f01ef5438c5afc62162457c00a34713/httpclient-4.5.3.jar
7f6690027000-7f669003a000 r--s 00345000 fd:02 2100473                    /home/ike/soft/jdk1.8/jre/lib/resources.jar
7f669003a000-7f669004d000 r--s 000d6000 fd:02 2100468                    /home/ike/soft/jdk1.8/jre/lib/plugin.jar
7f669004d000-7f6690068000 r--s 00208000 fd:02 2100407                    /home/ike/soft/jdk1.8/jre/lib/deploy.jar
7f6690068000-7f6690069000 ---p 00000000 00:00 0 
7f6690069000-7f6690190000 rw-p 00000000 00:00 0 
7f6690190000-7f66903f9000 ---p 00000000 00:00 0 
7f66903f9000-7f6690420000 rw-p 00000000 00:00 0 
7f6690420000-7f6690689000 ---p 00000000 00:00 0 
7f6690689000-7f669076d000 rw-p 00000000 00:00 0 
7f669076d000-7f66907d1000 ---p 00000000 00:00 0 
7f66907d1000-7f6690818000 rw-p 00000000 00:00 0 
7f6690818000-7f6690b92000 ---p 00000000 00:00 0 
7f6690b92000-7f6690bac000 r-xp 00000000 fd:02 2100263                    /home/ike/soft/jdk1.8/jre/lib/amd64/libzip.so
7f6690bac000-7f6690dac000 ---p 0001a000 fd:02 2100263                    /home/ike/soft/jdk1.8/jre/lib/amd64/libzip.so
7f6690dac000-7f6690dad000 rw-p 0001a000 fd:02 2100263                    /home/ike/soft/jdk1.8/jre/lib/amd64/libzip.so
7f6690dad000-7f6690db7000 r-xp 00000000 fd:00 2891856                    /usr/lib64/libnss_files-2.24.so
7f6690db7000-7f6690fb7000 ---p 0000a000 fd:00 2891856                    /usr/lib64/libnss_files-2.24.so
7f6690fb7000-7f6690fb8000 r--p 0000a000 fd:00 2891856                    /usr/lib64/libnss_files-2.24.so
7f6690fb8000-7f6690fb9000 rw-p 0000b000 fd:00 2891856                    /usr/lib64/libnss_files-2.24.so
7f6690fb9000-7f6690fbf000 rw-p 00000000 00:00 0 
7f6690fbf000-7f6690fc9000 r-xp 00000000 fd:02 2100232                    /home/ike/soft/jdk1.8/jre/lib/amd64/libinstrument.so
7f6690fc9000-7f66911c8000 ---p 0000a000 fd:02 2100232                    /home/ike/soft/jdk1.8/jre/lib/amd64/libinstrument.so
7f66911c8000-7f66911c9000 rw-p 00009000 fd:02 2100232                    /home/ike/soft/jdk1.8/jre/lib/amd64/libinstrument.so
7f66911c9000-7f66911cb000 r-xp 00000000 fd:02 2100241                    /home/ike/soft/jdk1.8/jre/lib/amd64/libnpt.so
7f66911cb000-7f66913cb000 ---p 00002000 fd:02 2100241                    /home/ike/soft/jdk1.8/jre/lib/amd64/libnpt.so
7f66913cb000-7f66913cc000 rw-p 00002000 fd:02 2100241                    /home/ike/soft/jdk1.8/jre/lib/amd64/libnpt.so
7f66913cc000-7f6691405000 r-xp 00000000 fd:02 2100224                    /home/ike/soft/jdk1.8/jre/lib/amd64/libjdwp.so
7f6691405000-7f6691604000 ---p 00039000 fd:02 2100224                    /home/ike/soft/jdk1.8/jre/lib/amd64/libjdwp.so
7f6691604000-7f6691606000 rw-p 00038000 fd:02 2100224                    /home/ike/soft/jdk1.8/jre/lib/amd64/libjdwp.so
7f6691606000-7f6691630000 r-xp 00000000 fd:02 2100286                    /home/ike/soft/jdk1.8/jre/lib/amd64/libjava.so
7f6691630000-7f6691830000 ---p 0002a000 fd:02 2100286                    /home/ike/soft/jdk1.8/jre/lib/amd64/libjava.so
7f6691830000-7f6691832000 rw-p 0002a000 fd:02 2100286                    /home/ike/soft/jdk1.8/jre/lib/amd64/libjava.so
7f6691832000-7f669183f000 r-xp 00000000 fd:02 2100257                    /home/ike/soft/jdk1.8/jre/lib/amd64/libverify.so
7f669183f000-7f6691a3f000 ---p 0000d000 fd:02 2100257                    /home/ike/soft/jdk1.8/jre/lib/amd64/libverify.so
7f6691a3f000-7f6691a41000 rw-p 0000d000 fd:02 2100257                    /home/ike/soft/jdk1.8/jre/lib/amd64/libverify.so
7f6691a41000-7f6691a48000 r-xp 00000000 fd:00 2891975                    /usr/lib64/librt-2.24.so
7f6691a48000-7f6691c47000 ---p 00007000 fd:00 2891975                    /usr/lib64/librt-2.24.so
7f6691c47000-7f6691c48000 r--p 00006000 fd:00 2891975                    /usr/lib64/librt-2.24.so
7f6691c48000-7f6691c49000 rw-p 00007000 fd:00 2891975                    /usr/lib64/librt-2.24.so
7f6691c49000-7f6691d51000 r-xp 00000000 fd:00 2891438                    /usr/lib64/libm-2.24.so
7f6691d51000-7f6691f50000 ---p 00108000 fd:00 2891438                    /usr/lib64/libm-2.24.so
7f6691f50000-7f6691f51000 r--p 00107000 fd:00 2891438                    /usr/lib64/libm-2.24.so
7f6691f51000-7f6691f52000 rw-p 00108000 fd:00 2891438                    /usr/lib64/libm-2.24.so
7f6691f52000-7f6692c1d000 r-xp 00000000 fd:02 2100238                    /home/ike/soft/jdk1.8/jre/lib/amd64/server/libjvm.so
7f6692c1d000-7f6692e1c000 ---p 00ccb000 fd:02 2100238                    /home/ike/soft/jdk1.8/jre/lib/amd64/server/libjvm.so
7f6692e1c000-7f6692ef5000 rw-p 00cca000 fd:02 2100238                    /home/ike/soft/jdk1.8/jre/lib/amd64/server/libjvm.so
7f6692ef5000-7f6692f40000 rw-p 00000000 00:00 0 
7f6692f40000-7f66930fd000 r-xp 00000000 fd:00 2891285                    /usr/lib64/libc-2.24.so
7f66930fd000-7f66932fc000 ---p 001bd000 fd:00 2891285                    /usr/lib64/libc-2.24.so
7f66932fc000-7f6693300000 r--p 001bc000 fd:00 2891285                    /usr/lib64/libc-2.24.so
7f6693300000-7f6693302000 rw-p 001c0000 fd:00 2891285                    /usr/lib64/libc-2.24.so
7f6693302000-7f6693306000 rw-p 00000000 00:00 0 
7f6693306000-7f6693309000 r-xp 00000000 fd:00 2891382                    /usr/lib64/libdl-2.24.so
7f6693309000-7f6693508000 ---p 00003000 fd:00 2891382                    /usr/lib64/libdl-2.24.so
7f6693508000-7f6693509000 r--p 00002000 fd:00 2891382                    /usr/lib64/libdl-2.24.so
7f6693509000-7f669350a000 rw-p 00003000 fd:00 2891382                    /usr/lib64/libdl-2.24.so
7f669350a000-7f669351f000 r-xp 00000000 fd:02 2098935                    /home/ike/soft/jdk1.8/lib/amd64/jli/libjli.so
7f669351f000-7f669371f000 ---p 00015000 fd:02 2098935                    /home/ike/soft/jdk1.8/lib/amd64/jli/libjli.so
7f669371f000-7f6693720000 rw-p 00015000 fd:02 2098935                    /home/ike/soft/jdk1.8/lib/amd64/jli/libjli.so
7f6693720000-7f6693738000 r-xp 00000000 fd:00 2891857                    /usr/lib64/libpthread-2.24.so
7f6693738000-7f6693938000 ---p 00018000 fd:00 2891857                    /usr/lib64/libpthread-2.24.so
7f6693938000-7f6693939000 r--p 00018000 fd:00 2891857                    /usr/lib64/libpthread-2.24.so
7f6693939000-7f669393a000 rw-p 00019000 fd:00 2891857                    /usr/lib64/libpthread-2.24.so
7f669393a000-7f669393e000 rw-p 00000000 00:00 0 
7f669393e000-7f6693963000 r-xp 00000000 fd:00 2894298                    /usr/lib64/ld-2.24.so
7f6693963000-7f6693964000 r--s 00000000 fd:02 3542163                    /home/ike/.gradle/caches/modules-2/files-2.1/org.springframework.cloud/spring-cloud-starter-hystrix/1.3.0.RELEASE/8bc51104df10aae613f0887d589005e22f987bb9/spring-cloud-starter-hystrix-1.3.0.RELEASE.jar
7f6693964000-7f6693968000 r--s 00097000 fd:02 2100406                    /home/ike/soft/jdk1.8/jre/lib/jsse.jar
7f6693968000-7f669396d000 r--s 00084000 fd:02 2100412                    /home/ike/soft/jdk1.8/jre/lib/jfr.jar
7f669396d000-7f6693977000 r--s 0006c000 fd:02 2100376                    /home/ike/soft/jdk1.8/jre/lib/javaws.jar
7f6693977000-7f6693a48000 rw-p 00000000 00:00 0 
7f6693a48000-7f6693a4b000 ---p 00000000 00:00 0 
7f6693a4b000-7f6693b4b000 rw-p 00000000 00:00 0 
7f6693b4b000-7f6693b4c000 r--s 00000000 fd:02 6031559                    /home/ike/.gradle/caches/modules-2/files-2.1/org.springframework.boot/spring-boot-starter-web/1.5.2.RELEASE/27f29876980c079b46be16b759eafe92720f3338/spring-boot-starter-web-1.5.2.RELEASE.jar
7f6693b4c000-7f6693b4d000 r--s 00000000 fd:02 2100401                    /home/ike/soft/jdk1.8/jre/lib/management-agent.jar
7f6693b4d000-7f6693b4f000 r--s 00007000 fd:02 2100375                    /home/ike/soft/jdk1.8/jre/lib/jfxswt.jar
7f6693b4f000-7f6693b52000 r--s 0001a000 fd:02 2100204                    /home/ike/soft/jdk1.8/jre/lib/jce.jar
7f6693b52000-7f6693b57000 r--s 002f9000 fd:02 2100432                    /home/ike/soft/jdk1.8/jre/lib/charsets.jar
7f6693b57000-7f6693b5f000 rw-s 00000000 00:29 2033673                    /tmp/hsperfdata_ike/26954
7f6693b5f000-7f6693b60000 rw-p 00000000 00:00 0 
7f6693b60000-7f6693b61000 ---p 00000000 00:00 0 
7f6693b61000-7f6693b63000 rw-p 00000000 00:00 0 
7f6693b63000-7f6693b64000 r--p 00025000 fd:00 2894298                    /usr/lib64/ld-2.24.so
7f6693b64000-7f6693b65000 rw-p 00026000 fd:00 2894298                    /usr/lib64/ld-2.24.so
7f6693b65000-7f6693b66000 rw-p 00000000 00:00 0 
7ffc04f2b000-7ffc04f50000 rw-p 00000000 00:00 0                          [stack]
7ffc04f88000-7ffc04f8a000 r--p 00000000 00:00 0                          [vvar]
7ffc04f8a000-7ffc04f8c000 r-xp 00000000 00:00 0                          [vdso]
ffffffffff600000-ffffffffff601000 r-xp 00000000 00:00 0                  [vsyscall]

VM Arguments:
jvm_args: -agentlib:jdwp=transport=dt_socket,address=127.0.0.1:40209,suspend=y,server=n -javaagent:/home/ike/soft/idea-IU-171.4424.56/plugins/Groovy/lib/agent/gragent.jar -Dfile.encoding=UTF-8 
java_command: com.bjike.goddess.market.Application
java_class_path (initial): /home/ike/soft/jdk1.8/jre/lib/charsets.jar:/home/ike/soft/jdk1.8/jre/lib/deploy.jar:/home/ike/soft/jdk1.8/jre/lib/ext/cldrdata.jar:/home/ike/soft/jdk1.8/jre/lib/ext/dnsns.jar:/home/ike/soft/jdk1.8/jre/lib/ext/jaccess.jar:/home/ike/soft/jdk1.8/jre/lib/ext/jfxrt.jar:/home/ike/soft/jdk1.8/jre/lib/ext/localedata.jar:/home/ike/soft/jdk1.8/jre/lib/ext/nashorn.jar:/home/ike/soft/jdk1.8/jre/lib/ext/sunec.jar:/home/ike/soft/jdk1.8/jre/lib/ext/sunjce_provider.jar:/home/ike/soft/jdk1.8/jre/lib/ext/sunpkcs11.jar:/home/ike/soft/jdk1.8/jre/lib/ext/zipfs.jar:/home/ike/soft/jdk1.8/jre/lib/javaws.jar:/home/ike/soft/jdk1.8/jre/lib/jce.jar:/home/ike/soft/jdk1.8/jre/lib/jfr.jar:/home/ike/soft/jdk1.8/jre/lib/jfxswt.jar:/home/ike/soft/jdk1.8/jre/lib/jsse.jar:/home/ike/soft/jdk1.8/jre/lib/management-agent.jar:/home/ike/soft/jdk1.8/jre/lib/plugin.jar:/home/ike/soft/jdk1.8/jre/lib/resources.jar:/home/ike/soft/jdk1.8/jre/lib/rt.jar:/home/ike/code/goddess-java/modules/market/market-consumer/build/classes/main:/home/ike/code/goddess-java/modules/market/market-consumer/build/resources/main:/home/ike/code/goddess-java/common/common-consumer/build/classes/main:/home/ike/code/goddess-java/modules/market/market-api/build/classes/main:/home/ike/code/goddess-java/common/common-utils/build/classes/main:/home/ike/.gradle/caches/modules-2/files-2.1/org.springframework.boot/spring-boot-starter-web/1.5.2.RELEASE/27f29876980c079b46be16b759eafe92720f3338/spring-boot-starter-web-1.5.2.RELEASE.jar:/home/ike/code/goddess-java/common/common-api/build/classes/main:/home/ike/code/goddess-java/modules/user/user-api/build/classes/main:/home/ike/code/goddess-java/modules/storage/storage-api/build/classes/main:/home/ike/.gradle/caches/modules-2/files-2.1/org.apache.httpcomponents/httpclient/4.5.3/d1577ae15f01ef5438c5afc62162457c00a34713/httpclient-4.5.3.jar:/home/ike/.gradle/caches/modules-2/files-2.1/org.apache.httpcomponents/httpmime/4.5.3/889fd6d061bb63b99dd5c6aba35a555ae863de52/httpmi
Launcher Type: SUN_STANDARD

Environment Variables:
JAVA_HOME=/home/ike/soft/jdk1.8
PATH=/home/ike/soft/gradle/bin:/home/ike/soft/maven3.3.9/bin:/home/ike/soft/jdk1.8/bin:/home/ike/soft/jdk1.8/bin:/home/ike/soft/gradle/bin:/home/ike/soft/maven3.3.9/bin:/usr/lib64/qt-3.3/bin:/usr/local/bin:/usr/local/sbin:/usr/bin:/usr/sbin:/home/ike/.local/bin:/home/ike/bin
USERNAME=ike
LD_LIBRARY_PATH=/home/ike/soft/idea-IU-171.4424.56/bin:
SHELL=/bin/bash
DISPLAY=:0

Signal Handlers:
SIGSEGV: [libjvm.so+0xac4790], sa_mask[0]=11111111011111111101111111111110, sa_flags=SA_RESTART|SA_SIGINFO
SIGBUS: [libjvm.so+0xac4790], sa_mask[0]=11111111011111111101111111111110, sa_flags=SA_RESTART|SA_SIGINFO
SIGFPE: [libjvm.so+0x91f140], sa_mask[0]=11111111011111111101111111111110, sa_flags=SA_RESTART|SA_SIGINFO
SIGPIPE: [libjvm.so+0x91f140], sa_mask[0]=11111111011111111101111111111110, sa_flags=SA_RESTART|SA_SIGINFO
SIGXFSZ: [libjvm.so+0x91f140], sa_mask[0]=11111111011111111101111111111110, sa_flags=SA_RESTART|SA_SIGINFO
SIGILL: [libjvm.so+0x91f140], sa_mask[0]=11111111011111111101111111111110, sa_flags=SA_RESTART|SA_SIGINFO
SIGUSR1: SIG_DFL, sa_mask[0]=00000000000000000000000000000000, sa_flags=none
SIGUSR2: [libjvm.so+0x920770], sa_mask[0]=00100000000000000000000000000000, sa_flags=SA_RESTART|SA_SIGINFO
SIGHUP: [libjvm.so+0x921b70], sa_mask[0]=11111111011111111101111111111110, sa_flags=SA_RESTART|SA_SIGINFO
SIGINT: [libjvm.so+0x921b70], sa_mask[0]=11111111011111111101111111111110, sa_flags=SA_RESTART|SA_SIGINFO
SIGTERM: [libjvm.so+0x921b70], sa_mask[0]=11111111011111111101111111111110, sa_flags=SA_RESTART|SA_SIGINFO
SIGQUIT: [libjvm.so+0x921b70], sa_mask[0]=11111111011111111101111111111110, sa_flags=SA_RESTART|SA_SIGINFO


---------------  S Y S T E M  ---------------

OS:Fedora release 25 (Twenty Five)

uname:Linux 4.8.6-300.fc25.x86_64 #1 SMP Tue Nov 1 12:36:38 UTC 2016 x86_64
libc:glibc 2.24 NPTL 2.24 
rlimit: STACK 8192k, CORE 0k, NPROC 31367, NOFILE 4096, AS infinity
load average:5.23 7.77 4.67

/proc/meminfo:
MemTotal:        8053800 kB
MemFree:          116316 kB
MemAvailable:      28768 kB
Buffers:             520 kB
Cached:           140424 kB
SwapCached:         1372 kB
Active:          6656616 kB
Inactive:         874332 kB
Active(anon):    6638952 kB
Inactive(anon):   862636 kB
Active(file):      17664 kB
Inactive(file):    11696 kB
Unevictable:          72 kB
Mlocked:              72 kB
SwapTotal:       8187900 kB
SwapFree:              0 kB
Dirty:                80 kB
Writeback:             0 kB
AnonPages:       7390432 kB
Mapped:            37060 kB
Shmem:            111264 kB
Slab:             196048 kB
SReclaimable:      68284 kB
SUnreclaim:       127764 kB
KernelStack:       36224 kB
PageTables:       101196 kB
NFS_Unstable:          0 kB
Bounce:                0 kB
WritebackTmp:          0 kB
CommitLimit:    12214800 kB
Committed_AS:   25921564 kB
VmallocTotal:   34359738367 kB
VmallocUsed:           0 kB
VmallocChunk:          0 kB
HardwareCorrupted:     0 kB
AnonHugePages:         0 kB
ShmemHugePages:        0 kB
ShmemPmdMapped:        0 kB
CmaTotal:              0 kB
CmaFree:               0 kB
HugePages_Total:       0
HugePages_Free:        0
HugePages_Rsvd:        0
HugePages_Surp:        0
Hugepagesize:       2048 kB
DirectMap4k:      289956 kB
DirectMap2M:     7976960 kB
DirectMap1G:           0 kB


CPU:total 4 (4 cores per cpu, 1 threads per core) family 6 model 94 stepping 3, cmov, cx8, fxsr, mmx, sse, sse2, sse3, ssse3, sse4.1, sse4.2, popcnt, avx, avx2, aes, clmul, erms, rtm, 3dnowpref, lzcnt, tsc, tscinvbit, bmi1, bmi2, adx

/proc/cpuinfo:
processor	: 0
vendor_id	: GenuineIntel
cpu family	: 6
model		: 94
model name	: Intel(R) Core(TM) i5-6500 CPU @ 3.20GHz
stepping	: 3
microcode	: 0x9e
cpu MHz		: 2315.625
cache size	: 6144 KB
physical id	: 0
siblings	: 4
core id		: 0
cpu cores	: 4
apicid		: 0
initial apicid	: 0
fpu		: yes
fpu_exception	: yes
cpuid level	: 22
wp		: yes
flags		: fpu vme de pse tsc msr pae mce cx8 apic sep mtrr pge mca cmov pat pse36 clflush dts acpi mmx fxsr sse sse2 ss ht tm pbe syscall nx pdpe1gb rdtscp lm constant_tsc art arch_perfmon pebs bts rep_good nopl xtopology nonstop_tsc aperfmperf eagerfpu pni pclmulqdq dtes64 monitor ds_cpl vmx smx est tm2 ssse3 sdbg fma cx16 xtpr pdcm pcid sse4_1 sse4_2 x2apic movbe popcnt tsc_deadline_timer aes xsave avx f16c rdrand lahf_lm abm 3dnowprefetch intel_pt tpr_shadow vnmi flexpriority ept vpid fsgsbase tsc_adjust bmi1 hle avx2 smep bmi2 erms invpcid rtm mpx rdseed adx smap clflushopt xsaveopt xsavec xgetbv1 xsaves dtherm ida arat pln pts hwp hwp_notify hwp_act_window hwp_epp
bugs		:
bogomips	: 6384.00
clflush size	: 64
cache_alignment	: 64
address sizes	: 39 bits physical, 48 bits virtual
power management:

processor	: 1
vendor_id	: GenuineIntel
cpu family	: 6
model		: 94
model name	: Intel(R) Core(TM) i5-6500 CPU @ 3.20GHz
stepping	: 3
microcode	: 0x9e
cpu MHz		: 3299.804
cache size	: 6144 KB
physical id	: 0
siblings	: 4
core id		: 1
cpu cores	: 4
apicid		: 2
initial apicid	: 2
fpu		: yes
fpu_exception	: yes
cpuid level	: 22
wp		: yes
flags		: fpu vme de pse tsc msr pae mce cx8 apic sep mtrr pge mca cmov pat pse36 clflush dts acpi mmx fxsr sse sse2 ss ht tm pbe syscall nx pdpe1gb rdtscp lm constant_tsc art arch_perfmon pebs bts rep_good nopl xtopology nonstop_tsc aperfmperf eagerfpu pni pclmulqdq dtes64 monitor ds_cpl vmx smx est tm2 ssse3 sdbg fma cx16 xtpr pdcm pcid sse4_1 sse4_2 x2apic movbe popcnt tsc_deadline_timer aes xsave avx f16c rdrand lahf_lm abm 3dnowprefetch intel_pt tpr_shadow vnmi flexpriority ept vpid fsgsbase tsc_adjust bmi1 hle avx2 smep bmi2 erms invpcid rtm mpx rdseed adx smap clflushopt xsaveopt xsavec xgetbv1 xsaves dtherm ida arat pln pts hwp hwp_notify hwp_act_window hwp_epp
bugs		:
bogomips	: 6387.70
clflush size	: 64
cache_alignment	: 64
address sizes	: 39 bits physical, 48 bits virtual
power management:

processor	: 2
vendor_id	: GenuineIntel
cpu family	: 6
model		: 94
model name	: Intel(R) Core(TM) i5-6500 CPU @ 3.20GHz
stepping	: 3
microcode	: 0x9e
cpu MHz		: 2235.742
cache size	: 6144 KB
physical id	: 0
siblings	: 4
core id		: 2
cpu cores	: 4
apicid		: 4
initial apicid	: 4
fpu		: yes
fpu_exception	: yes
cpuid level	: 22
wp		: yes
flags		: fpu vme de pse tsc msr pae mce cx8 apic sep mtrr pge mca cmov pat pse36 clflush dts acpi mmx fxsr sse sse2 ss ht tm pbe syscall nx pdpe1gb rdtscp lm constant_tsc art arch_perfmon pebs bts rep_good nopl xtopology nonstop_tsc aperfmperf eagerfpu pni pclmulqdq dtes64 monitor ds_cpl vmx smx est tm2 ssse3 sdbg fma cx16 xtpr pdcm pcid sse4_1 sse4_2 x2apic movbe popcnt tsc_deadline_timer aes xsave avx f16c rdrand lahf_lm abm 3dnowprefetch intel_pt tpr_shadow vnmi flexpriority ept vpid fsgsbase tsc_adjust bmi1 hle avx2 smep bmi2 erms invpcid rtm mpx rdseed adx smap clflushopt xsaveopt xsavec xgetbv1 xsaves dtherm ida arat pln pts hwp hwp_notify hwp_act_window hwp_epp
bugs		:
bogomips	: 6387.76
clflush size	: 64
cache_alignment	: 64
address sizes	: 39 bits physical, 48 bits virtual
power management:

processor	: 3
vendor_id	: GenuineIntel
cpu family	: 6
model		: 94
model name	: Intel(R) Core(TM) i5-6500 CPU @ 3.20GHz
stepping	: 3
microcode	: 0x9e
cpu MHz		: 3022.656
cache size	: 6144 KB
physical id	: 0
siblings	: 4
core id		: 3
cpu cores	: 4
apicid		: 6
initial apicid	: 6
fpu		: yes
fpu_exception	: yes
cpuid level	: 22
wp		: yes
flags		: fpu vme de pse tsc msr pae mce cx8 apic sep mtrr pge mca cmov pat pse36 clflush dts acpi mmx fxsr sse sse2 ss ht tm pbe syscall nx pdpe1gb rdtscp lm constant_tsc art arch_perfmon pebs bts rep_good nopl xtopology nonstop_tsc aperfmperf eagerfpu pni pclmulqdq dtes64 monitor ds_cpl vmx smx est tm2 ssse3 sdbg fma cx16 xtpr pdcm pcid sse4_1 sse4_2 x2apic movbe popcnt tsc_deadline_timer aes xsave avx f16c rdrand lahf_lm abm 3dnowprefetch intel_pt tpr_shadow vnmi flexpriority ept vpid fsgsbase tsc_adjust bmi1 hle avx2 smep bmi2 erms invpcid rtm mpx rdseed adx smap clflushopt xsaveopt xsavec xgetbv1 xsaves dtherm ida arat pln pts hwp hwp_notify hwp_act_window hwp_epp
bugs		:
bogomips	: 6387.70
clflush size	: 64
cache_alignment	: 64
address sizes	: 39 bits physical, 48 bits virtual
power management:



Memory: 4k page, physical 8053800k(116068k free), swap 8187900k(0k free)

vm_info: Java HotSpot(TM) 64-Bit Server VM (25.101-b13) for linux-amd64 JRE (1.8.0_101-b13), built on Jun 22 2016 02:59:44 by "java_re" with gcc 4.3.0 20080428 (Red Hat 4.3.0-8)

time: Sat Jun 17 14:09:11 2017
elapsed time: 17 seconds (0d 0h 0m 17s)

