#
# There is insufficient memory for the Java Runtime Environment to continue.
# Native memory allocation (mmap) failed to map 170393600 bytes for committing reserved memory.
# Possible reasons:
#   The system is out of physical RAM or swap space
#   In 32 bit mode, the process size limit was hit
# Possible solutions:
#   Reduce memory load on the system
#   Increase physical memory or swap space
#   Check if swap backing store is full
#   Use 64 bit Java on a 64 bit OS
#   Decrease Java heap size (-Xmx/-Xms)
#   Decrease number of Java threads
#   Decrease Java thread stack sizes (-Xss)
#   Set larger code cache with -XX:ReservedCodeCacheSize=
# This output file may be truncated or incomplete.
#
#  Out of Memory Error (os_linux.cpp:2627), pid=24542, tid=0x00007fb8642f2700
#
# JRE version: Java(TM) SE Runtime Environment (8.0_101-b13) (build 1.8.0_101-b13)
# Java VM: Java HotSpot(TM) 64-Bit Server VM (25.101-b13 mixed mode linux-amd64 compressed oops)
# Failed to write core dump. Core dumps have been disabled. To enable core dumping, try "ulimit -c unlimited" before starting Java again
#

---------------  T H R E A D  ---------------

Current thread (0x00007fb874076800):  VMThread [stack: 0x00007fb8641f2000,0x00007fb8642f3000] [id=24550]

Stack: [0x00007fb8641f2000,0x00007fb8642f3000],  sp=0x00007fb8642f12a0,  free space=1020k
Native frames: (J=compiled Java code, j=interpreted, Vv=VM code, C=native code)
V  [libjvm.so+0xac3f0a]  VMError::report_and_die()+0x2ba
V  [libjvm.so+0x4fbf9b]  report_vm_out_of_memory(char const*, int, unsigned long, VMErrorType, char const*)+0x8b
V  [libjvm.so+0x9222d3]  os::Linux::commit_memory_impl(char*, unsigned long, bool)+0x103
V  [libjvm.so+0x922829]  os::pd_commit_memory(char*, unsigned long, unsigned long, bool)+0x29
V  [libjvm.so+0x91cb2a]  os::commit_memory(char*, unsigned long, unsigned long, bool)+0x2a
V  [libjvm.so+0x991053]  PSVirtualSpace::expand_by(unsigned long)+0x53
V  [libjvm.so+0x981920]  PSOldGen::expand(unsigned long)+0x170
V  [libjvm.so+0x981b2b]  PSOldGen::resize(unsigned long)+0x1cb
V  [libjvm.so+0x989821]  PSParallelCompact::invoke_no_policy(bool)+0x991
V  [libjvm.so+0x98f17d]  PSScavenge::invoke()+0x1ad
V  [libjvm.so+0x945fc0]  ParallelScavengeHeap::failed_mem_allocate(unsigned long)+0x70
V  [libjvm.so+0xac5927]  VM_ParallelGCFailedAllocation::doit()+0x97
V  [libjvm.so+0xacd405]  VM_Operation::evaluate()+0x55
V  [libjvm.so+0xacb7da]  VMThread::evaluate_operation(VM_Operation*)+0xba
V  [libjvm.so+0xacbb5e]  VMThread::loop()+0x1ce
V  [libjvm.so+0xacbfd0]  VMThread::run()+0x70
V  [libjvm.so+0x924698]  java_start(Thread*)+0x108

VM_Operation (0x00007fb857df80e0): ParallelGCFailedAllocation, mode: safepoint, requested by thread 0x00007fb80c007800


---------------  P R O C E S S  ---------------

Java Threads: ( => current thread )
  0x00007fb80863a000 JavaThread "build operations Thread 4" [_thread_blocked, id=24578, stack(0x00007fb855a45000,0x00007fb855b46000)]
  0x00007fb808638000 JavaThread "build operations Thread 3" [_thread_blocked, id=24577, stack(0x00007fb855b46000,0x00007fb855c47000)]
  0x00007fb808e92800 JavaThread "build operations Thread 2" [_thread_blocked, id=24576, stack(0x00007fb855c47000,0x00007fb855d48000)]
  0x00007fb808e90800 JavaThread "build operations" [_thread_blocked, id=24575, stack(0x00007fb855d48000,0x00007fb855e49000)]
  0x00007fb809483000 JavaThread "Memory manager" [_thread_blocked, id=24574, stack(0x00007fb856449000,0x00007fb85654a000)]
  0x00007fb809166000 JavaThread "Cache worker for Artifact transforms cache (/home/ike/.gradle/caches/transforms-1)" [_thread_blocked, id=24573, stack(0x00007fb856b4a000,0x00007fb856c4b000)]
  0x00007fb808289800 JavaThread "Cache worker for file hash cache (/home/ike/code/goddess-java/.gradle/4.1/fileHashes)" [_thread_blocked, id=24572, stack(0x00007fb8573f8000,0x00007fb8574f9000)]
  0x00007fb808114000 JavaThread "File lock request listener" [_thread_in_native, id=24571, stack(0x00007fb8576f9000,0x00007fb8577fa000)]
  0x00007fb808117800 JavaThread "Cache worker for file hash cache (/home/ike/.gradle/caches/4.1/fileHashes)" [_thread_blocked, id=24570, stack(0x00007fb8577fa000,0x00007fb8578fb000)]
  0x00007fb808011800 JavaThread "Stdin handler" [_thread_blocked, id=24569, stack(0x00007fb8578fb000,0x00007fb8579fc000)]
  0x00007fb808002800 JavaThread "Asynchronous log dispatcher for DefaultDaemonConnection: socket connection from /127.0.0.1:41231 to /127.0.0.1:33334" [_thread_blocked, id=24568, stack(0x00007fb857bfc000,0x00007fb857cfd000)]
  0x00007fb80c007800 JavaThread "Daemon worker" [_thread_blocked, id=24565, stack(0x00007fb857cfd000,0x00007fb857dfe000)]
  0x00007fb80c00c000 JavaThread "Cancel handler" [_thread_blocked, id=24564, stack(0x00007fb857dfe000,0x00007fb857eff000)]
  0x00007fb80c006800 JavaThread "Handler for socket connection from /127.0.0.1:41231 to /127.0.0.1:33334" [_thread_in_native, id=24563, stack(0x00007fb857eff000,0x00007fb858000000)]
  0x00007fb81401d800 JavaThread "Daemon" [_thread_blocked, id=24562, stack(0x00007fb85c056000,0x00007fb85c157000)]
  0x00007fb874d61800 JavaThread "Daemon periodic checks" [_thread_blocked, id=24561, stack(0x00007fb85c157000,0x00007fb85c258000)]
  0x00007fb874d52000 JavaThread "Incoming local TCP Connector on port 41231" [_thread_in_native, id=24560, stack(0x00007fb85c25f000,0x00007fb85c360000)]
  0x00007fb874cfd000 JavaThread "Daemon health stats" [_thread_blocked, id=24559, stack(0x00007fb85c564000,0x00007fb85c665000)]
  0x00007fb8740be800 JavaThread "Service Thread" daemon [_thread_blocked, id=24557, stack(0x00007fb85d9fa000,0x00007fb85dafb000)]
  0x00007fb8740bb800 JavaThread "C1 CompilerThread2" daemon [_thread_blocked, id=24556, stack(0x00007fb85dafb000,0x00007fb85dbfc000)]
  0x00007fb8740ba000 JavaThread "C2 CompilerThread1" daemon [_thread_blocked, id=24555, stack(0x00007fb85dbfc000,0x00007fb85dcfd000)]
  0x00007fb8740b7000 JavaThread "C2 CompilerThread0" daemon [_thread_blocked, id=24554, stack(0x00007fb85dcfd000,0x00007fb85ddfe000)]
  0x00007fb8740b5800 JavaThread "Signal Dispatcher" daemon [_thread_blocked, id=24553, stack(0x00007fb85ddfe000,0x00007fb85deff000)]
  0x00007fb874083000 JavaThread "Finalizer" daemon [_thread_blocked, id=24552, stack(0x00007fb85deff000,0x00007fb85e000000)]
  0x00007fb87407e000 JavaThread "Reference Handler" daemon [_thread_blocked, id=24551, stack(0x00007fb8640f1000,0x00007fb8641f2000)]
  0x00007fb874008000 JavaThread "main" [_thread_blocked, id=24545, stack(0x00007fb87c2df000,0x00007fb87c3e0000)]

Other Threads:
=>0x00007fb874076800 VMThread [stack: 0x00007fb8641f2000,0x00007fb8642f3000] [id=24550]
  0x00007fb8740c1800 WatcherThread [stack: 0x00007fb85d8f9000,0x00007fb85d9fa000] [id=24558]

VM state:at safepoint (normal execution)

VM Mutex/Monitor currently owned by a thread:  ([mutex/lock_event])
[0x00007fb874005ad0] ExpandHeap_lock - owner thread: 0x00007fb874076800
[0x00007fb874006150] Threads_lock - owner thread: 0x00007fb874076800
[0x00007fb874006650] Heap_lock - owner thread: 0x00007fb80c007800

Heap:
 PSYoungGen      total 272384K, used 6456K [0x00000000eab00000, 0x0000000100000000, 0x0000000100000000)
  eden space 228352K, 0% used [0x00000000eab00000,0x00000000eab00000,0x00000000f8a00000)
  from space 44032K, 14% used [0x00000000f8a00000,0x00000000f904e0a0,0x00000000fb500000)
  to   space 60928K, 0% used [0x00000000fc480000,0x00000000fc480000,0x0000000100000000)
 ParOldGen       total 390144K, used 390074K [0x00000000c0000000, 0x00000000d7d00000, 0x00000000eab00000)
  object space 390144K, 99% used [0x00000000c0000000,0x00000000d7cee800,0x00000000d7d00000)
 Metaspace       used 55950K, capacity 67502K, committed 67800K, reserved 1103872K
  class space    used 8618K, capacity 12937K, committed 13016K, reserved 1048576K

Card table byte_map: [0x00007fb8794af000,0x00007fb8796b0000] byte_map_base: 0x00007fb878eaf000

Marking Bits: (ParMarkBitMap*) 0x00007fb87b7aa120
 Begin Bits: [0x00007fb85e000000, 0x00007fb85f000000)
 End Bits:   [0x00007fb85f000000, 0x00007fb860000000)

Polling page: 0x00007fb87c3f7000

CodeCache: size=245760Kb used=37164Kb max_used=38620Kb free=208595Kb
 bounds [0x00007fb865000000, 0x00007fb867630000, 0x00007fb874000000]
 total_blobs=11800 nmethods=11098 adapters=614
 compilation: enabled

Compilation events (10 events):
Event: 47.031 Thread 0x00007fb8740b7000 nmethod 14387 0x00007fb865f93290 code [0x00007fb865f934c0, 0x00007fb865f94038]
Event: 47.126 Thread 0x00007fb8740ba000 nmethod 14383 0x00007fb8663964d0 code [0x00007fb8663969e0, 0x00007fb86639a5d0]
Event: 47.127 Thread 0x00007fb8740bb800 14388       3       org.gradle.internal.dispatch.ProxyDispatchAdapter$DispatchingInvocationHandler::<init> (7 bytes)
Event: 47.137 Thread 0x00007fb8740bb800 nmethod 14388 0x00007fb8653bca90 code [0x00007fb8653bcc00, 0x00007fb8653bce30]
Event: 47.137 Thread 0x00007fb8740bb800 14389       3       org.gradle.internal.dispatch.ProxyDispatchAdapter$DispatchingInvocationHandler::<init> (15 bytes)
Event: 47.137 Thread 0x00007fb8740bb800 nmethod 14389 0x00007fb866a95910 code [0x00007fb866a95a80, 0x00007fb866a95c50]
Event: 47.170 Thread 0x00007fb8740bb800 14390       3       sun.nio.cs.UTF_8$Decoder::isNotContinuation (17 bytes)
Event: 47.170 Thread 0x00007fb8740bb800 nmethod 14390 0x00007fb8651144d0 code [0x00007fb865114640, 0x00007fb8651147d0]
Event: 47.229 Thread 0x00007fb8740b7000 14391       4       io.spring.gradle.dependencymanagement.org.apache.maven.model.building.DefaultModelBuilderFactory::newInstance (163 bytes)
Event: 47.249 Thread 0x00007fb8740b7000 nmethod 14391 0x00007fb865d136d0 code [0x00007fb865d13a40, 0x00007fb865d15250]

GC Heap History (10 events):
Event: 45.766 GC heap after
Heap after GC invocations=103 (full 4):
 PSYoungGen      total 290816K, used 46080K [0x00000000eab00000, 0x0000000100000000, 0x0000000100000000)
  eden space 244736K, 0% used [0x00000000eab00000,0x00000000eab00000,0x00000000f9a00000)
  from space 46080K, 100% used [0x00000000f9a00000,0x00000000fc700000,0x00000000fc700000)
  to   space 55296K, 0% used [0x00000000fca00000,0x00000000fca00000,0x0000000100000000)
 ParOldGen       total 390144K, used 376487K [0x00000000c0000000, 0x00000000d7d00000, 0x00000000eab00000)
  object space 390144K, 96% used [0x00000000c0000000,0x00000000d6fa9c08,0x00000000d7d00000)
 Metaspace       used 55944K, capacity 67502K, committed 67800K, reserved 1103872K
  class space    used 8618K, capacity 12937K, committed 13016K, reserved 1048576K
}
Event: 46.129 GC heap before
{Heap before GC invocations=104 (full 4):
 PSYoungGen      total 290816K, used 290816K [0x00000000eab00000, 0x0000000100000000, 0x0000000100000000)
  eden space 244736K, 100% used [0x00000000eab00000,0x00000000f9a00000,0x00000000f9a00000)
  from space 46080K, 100% used [0x00000000f9a00000,0x00000000fc700000,0x00000000fc700000)
  to   space 55296K, 0% used [0x00000000fca00000,0x00000000fca00000,0x0000000100000000)
 ParOldGen       total 390144K, used 376487K [0x00000000c0000000, 0x00000000d7d00000, 0x00000000eab00000)
  object space 390144K, 96% used [0x00000000c0000000,0x00000000d6fa9c08,0x00000000d7d00000)
 Metaspace       used 55950K, capacity 67502K, committed 67800K, reserved 1103872K
  class space    used 8618K, capacity 12937K, committed 13016K, reserved 1048576K
Event: 46.161 GC heap after
Heap after GC invocations=104 (full 4):
 PSYoungGen      total 290816K, used 43584K [0x00000000eab00000, 0x0000000100000000, 0x0000000100000000)
  eden space 235520K, 0% used [0x00000000eab00000,0x00000000eab00000,0x00000000f9100000)
  from space 55296K, 78% used [0x00000000fca00000,0x00000000ff490000,0x0000000100000000)
  to   space 56832K, 0% used [0x00000000f9100000,0x00000000f9100000,0x00000000fc880000)
 ParOldGen       total 390144K, used 378947K [0x00000000c0000000, 0x00000000d7d00000, 0x00000000eab00000)
  object space 390144K, 97% used [0x00000000c0000000,0x00000000d7210c78,0x00000000d7d00000)
 Metaspace       used 55950K, capacity 67502K, committed 67800K, reserved 1103872K
  class space    used 8618K, capacity 12937K, committed 13016K, reserved 1048576K
}
Event: 46.708 GC heap before
{Heap before GC invocations=105 (full 4):
 PSYoungGen      total 290816K, used 279104K [0x00000000eab00000, 0x0000000100000000, 0x0000000100000000)
  eden space 235520K, 100% used [0x00000000eab00000,0x00000000f9100000,0x00000000f9100000)
  from space 55296K, 78% used [0x00000000fca00000,0x00000000ff490000,0x0000000100000000)
  to   space 56832K, 0% used [0x00000000f9100000,0x00000000f9100000,0x00000000fc880000)
 ParOldGen       total 390144K, used 378947K [0x00000000c0000000, 0x00000000d7d00000, 0x00000000eab00000)
  object space 390144K, 97% used [0x00000000c0000000,0x00000000d7210c78,0x00000000d7d00000)
 Metaspace       used 55950K, capacity 67502K, committed 67800K, reserved 1103872K
  class space    used 8618K, capacity 12937K, committed 13016K, reserved 1048576K
Event: 46.745 GC heap after
Heap after GC invocations=105 (full 4):
 PSYoungGen      total 284160K, used 48192K [0x00000000eab00000, 0x0000000100000000, 0x0000000100000000)
  eden space 235520K, 0% used [0x00000000eab00000,0x00000000eab00000,0x00000000f9100000)
  from space 48640K, 99% used [0x00000000f9100000,0x00000000fc010000,0x00000000fc080000)
  to   space 59904K, 0% used [0x00000000fc580000,0x00000000fc580000,0x0000000100000000)
 ParOldGen       total 390144K, used 380539K [0x00000000c0000000, 0x00000000d7d00000, 0x00000000eab00000)
  object space 390144K, 97% used [0x00000000c0000000,0x00000000d739ec98,0x00000000d7d00000)
 Metaspace       used 55950K, capacity 67502K, committed 67800K, reserved 1103872K
  class space    used 8618K, capacity 12937K, committed 13016K, reserved 1048576K
}
Event: 47.065 GC heap before
{Heap before GC invocations=106 (full 4):
 PSYoungGen      total 284160K, used 283712K [0x00000000eab00000, 0x0000000100000000, 0x0000000100000000)
  eden space 235520K, 100% used [0x00000000eab00000,0x00000000f9100000,0x00000000f9100000)
  from space 48640K, 99% used [0x00000000f9100000,0x00000000fc010000,0x00000000fc080000)
  to   space 59904K, 0% used [0x00000000fc580000,0x00000000fc580000,0x0000000100000000)
 ParOldGen       total 390144K, used 380539K [0x00000000c0000000, 0x00000000d7d00000, 0x00000000eab00000)
  object space 390144K, 97% used [0x00000000c0000000,0x00000000d739ec98,0x00000000d7d00000)
 Metaspace       used 55950K, capacity 67502K, committed 67800K, reserved 1103872K
  class space    used 8618K, capacity 12937K, committed 13016K, reserved 1048576K
Event: 47.114 GC heap after
Heap after GC invocations=106 (full 4):
 PSYoungGen      total 288256K, used 43680K [0x00000000eab00000, 0x0000000100000000, 0x0000000100000000)
  eden space 228352K, 0% used [0x00000000eab00000,0x00000000eab00000,0x00000000f8a00000)
  from space 59904K, 72% used [0x00000000fc580000,0x00000000ff028000,0x0000000100000000)
  to   space 60416K, 0% used [0x00000000f8a00000,0x00000000f8a00000,0x00000000fc500000)
 ParOldGen       total 390144K, used 383791K [0x00000000c0000000, 0x00000000d7d00000, 0x00000000eab00000)
  object space 390144K, 98% used [0x00000000c0000000,0x00000000d76cbd28,0x00000000d7d00000)
 Metaspace       used 55950K, capacity 67502K, committed 67800K, reserved 1103872K
  class space    used 8618K, capacity 12937K, committed 13016K, reserved 1048576K
}
Event: 47.740 GC heap before
{Heap before GC invocations=107 (full 4):
 PSYoungGen      total 288256K, used 272032K [0x00000000eab00000, 0x0000000100000000, 0x0000000100000000)
  eden space 228352K, 100% used [0x00000000eab00000,0x00000000f8a00000,0x00000000f8a00000)
  from space 59904K, 72% used [0x00000000fc580000,0x00000000ff028000,0x0000000100000000)
  to   space 60416K, 0% used [0x00000000f8a00000,0x00000000f8a00000,0x00000000fc500000)
 ParOldGen       total 390144K, used 383791K [0x00000000c0000000, 0x00000000d7d00000, 0x00000000eab00000)
  object space 390144K, 98% used [0x00000000c0000000,0x00000000d76cbd28,0x00000000d7d00000)
 Metaspace       used 55950K, capacity 67502K, committed 67800K, reserved 1103872K
  class space    used 8618K, capacity 12937K, committed 13016K, reserved 1048576K
Event: 47.772 GC heap after
Heap after GC invocations=107 (full 4):
 PSYoungGen      total 272384K, used 43968K [0x00000000eab00000, 0x0000000100000000, 0x0000000100000000)
  eden space 228352K, 0% used [0x00000000eab00000,0x00000000eab00000,0x00000000f8a00000)
  from space 44032K, 99% used [0x00000000f8a00000,0x00000000fb4f0000,0x00000000fb500000)
  to   space 60928K, 0% used [0x00000000fc480000,0x00000000fc480000,0x0000000100000000)
 ParOldGen       total 390144K, used 386639K [0x00000000c0000000, 0x00000000d7d00000, 0x00000000eab00000)
  object space 390144K, 99% used [0x00000000c0000000,0x00000000d7993d88,0x00000000d7d00000)
 Metaspace       used 55950K, capacity 67502K, committed 67800K, reserved 1103872K
  class space    used 8618K, capacity 12937K, committed 13016K, reserved 1048576K
}
Event: 47.772 GC heap before
{Heap before GC invocations=108 (full 5):
 PSYoungGen      total 272384K, used 43968K [0x00000000eab00000, 0x0000000100000000, 0x0000000100000000)
  eden space 228352K, 0% used [0x00000000eab00000,0x00000000eab00000,0x00000000f8a00000)
  from space 44032K, 99% used [0x00000000f8a00000,0x00000000fb4f0000,0x00000000fb500000)
  to   space 60928K, 0% used [0x00000000fc480000,0x00000000fc480000,0x0000000100000000)
 ParOldGen       total 390144K, used 386639K [0x00000000c0000000, 0x00000000d7d00000, 0x00000000eab00000)
  object space 390144K, 99% used [0x00000000c0000000,0x00000000d7993d88,0x00000000d7d00000)
 Metaspace       used 55950K, capacity 67502K, committed 67800K, reserved 1103872K
  class space    used 8618K, capacity 12937K, committed 13016K, reserved 1048576K

Deoptimization events (10 events):
Event: 24.275 Thread 0x00007fb80c007800 Uncommon trap: reason=null_check action=make_not_entrant pc=0x00007fb86751977c method=io.spring.gradle.dependencymanagement.org.codehaus.plexus.util.xml.Xpp3Dom.mergeIntoXpp3Dom(Lio/spring/gradle/dependencymanagement/org/codehaus/plexus/util/xml/Xpp3Dom;L
Event: 25.966 Thread 0x00007fb80c007800 Uncommon trap: reason=null_check action=make_not_entrant pc=0x00007fb8651bbd34 method=io.spring.gradle.dependencymanagement.org.apache.maven.model.profile.activation.PropertyProfileActivator.isActive(Lio/spring/gradle/dependencymanagement/org/apache/maven
Event: 29.939 Thread 0x00007fb80c007800 Uncommon trap: reason=speculate_class_check action=maybe_recompile pc=0x00007fb865eac43c method=org.gradle.api.internal.artifacts.ivyservice.resolveengine.excludes.AbstractModuleExclusion.equals(Ljava/lang/Object;)Z @ 26
Event: 29.939 Thread 0x00007fb80c007800 Uncommon trap: reason=speculate_class_check action=maybe_recompile pc=0x00007fb865eac43c method=org.gradle.api.internal.artifacts.ivyservice.resolveengine.excludes.AbstractModuleExclusion.equals(Ljava/lang/Object;)Z @ 26
Event: 30.911 Thread 0x00007fb874d61800 Uncommon trap: reason=speculate_class_check action=maybe_recompile pc=0x00007fb865d5dbc8 method=java.util.AbstractList.listIterator()Ljava/util/ListIterator; @ 2
Event: 40.927 Thread 0x00007fb874d61800 Uncommon trap: reason=speculate_class_check action=maybe_recompile pc=0x00007fb865d5dbc8 method=java.util.AbstractList.listIterator()Ljava/util/ListIterator; @ 2
Event: 42.135 Thread 0x00007fb808002800 Uncommon trap: reason=unstable_if action=reinterpret pc=0x00007fb865ca34f4 method=com.esotericsoftware.kryo.io.Output.writeLong(JZ)I @ 55
Event: 42.363 Thread 0x00007fb80c007800 Uncommon trap: reason=unstable_if action=reinterpret pc=0x00007fb8666d3e18 method=java.io.ExpiringCache.entryFor(Ljava/lang/String;)Ljava/io/ExpiringCache$Entry; @ 39
Event: 43.256 Thread 0x00007fb809483000 Uncommon trap: reason=unstable_if action=reinterpret pc=0x00007fb866cfab04 method=java.lang.Class.getConstructor0([Ljava/lang/Class;I)Ljava/lang/reflect/Constructor; @ 2
Event: 44.027 Thread 0x00007fb80c007800 Uncommon trap: reason=unstable_if action=reinterpret pc=0x00007fb8654d6aa8 method=java.io.ExpiringCache.entryFor(Ljava/lang/String;)Ljava/io/ExpiringCache$Entry; @ 39

Internal exceptions (10 events):
Event: 18.240 Thread 0x00007fb809483000 Exception <a 'java/io/IOException'> (0x00000000ee8e7000) thrown at [/HUDSON3/workspace/8-2-build-linux-amd64/jdk8u101/7261/hotspot/src/share/vm/prims/jni.cpp, line 709]
Event: 18.341 Thread 0x00007fb80c007800 Implicit null exception at 0x00007fb86727f813 to 0x00007fb867282f79
Event: 19.880 Thread 0x00007fb80c007800 Implicit null exception at 0x00007fb86738f82d to 0x00007fb867391b31
Event: 22.526 Thread 0x00007fb80c007800 Implicit null exception at 0x00007fb8661675c9 to 0x00007fb86616cf4d
Event: 23.738 Thread 0x00007fb809483000 Exception <a 'java/io/IOException'> (0x00000000eb022eb8) thrown at [/HUDSON3/workspace/8-2-build-linux-amd64/jdk8u101/7261/hotspot/src/share/vm/prims/jni.cpp, line 709]
Event: 24.275 Thread 0x00007fb80c007800 Implicit null exception at 0x00007fb867513bbd to 0x00007fb867519771
Event: 28.240 Thread 0x00007fb809483000 Exception <a 'java/io/IOException'> (0x00000000f7c9fe90) thrown at [/HUDSON3/workspace/8-2-build-linux-amd64/jdk8u101/7261/hotspot/src/share/vm/prims/jni.cpp, line 709]
Event: 33.240 Thread 0x00007fb809483000 Exception <a 'java/io/IOException'> (0x00000000f391b820) thrown at [/HUDSON3/workspace/8-2-build-linux-amd64/jdk8u101/7261/hotspot/src/share/vm/prims/jni.cpp, line 709]
Event: 38.263 Thread 0x00007fb809483000 Exception <a 'java/io/IOException'> (0x00000000eaf8f1e0) thrown at [/HUDSON3/workspace/8-2-build-linux-amd64/jdk8u101/7261/hotspot/src/share/vm/prims/jni.cpp, line 709]
Event: 43.251 Thread 0x00007fb809483000 Exception <a 'java/io/IOException'> (0x00000000eb0154b0) thrown at [/HUDSON3/workspace/8-2-build-linux-amd64/jdk8u101/7261/hotspot/src/share/vm/prims/jni.cpp, line 709]

Events (10 events):
Event: 45.766 Executing VM operation: ParallelGCFailedAllocation done
Event: 46.129 Executing VM operation: ParallelGCFailedAllocation
Event: 46.161 Executing VM operation: ParallelGCFailedAllocation done
Event: 46.706 Executing VM operation: ParallelGCFailedAllocation
Event: 46.745 Executing VM operation: ParallelGCFailedAllocation done
Event: 46.961 Thread 0x00007fb80c007800 DEOPT PACKING pc=0x00007fb866b11feb sp=0x00007fb857df9490
Event: 46.961 Thread 0x00007fb80c007800 DEOPT UNPACKING pc=0x00007fb865047633 sp=0x00007fb857df9280 mode 0
Event: 47.065 Executing VM operation: ParallelGCFailedAllocation
Event: 47.116 Executing VM operation: ParallelGCFailedAllocation done
Event: 47.738 Executing VM operation: ParallelGCFailedAllocation


Dynamic libraries:
00400000-00401000 r-xp 00000000 fd:02 2100689                            /home/ike/soft/jdk1.8/bin/java
00600000-00601000 rw-p 00000000 fd:02 2100689                            /home/ike/soft/jdk1.8/bin/java
02244000-02265000 rw-p 00000000 00:00 0                                  [heap]
c0000000-d7d00000 rw-p 00000000 00:00 0 
e1f80000-eab00000 ---p 00000000 00:00 0 
eab00000-100000000 rw-p 00000000 00:00 0 
100000000-100cb6000 rw-p 00000000 00:00 0 
100cb6000-140000000 ---p 00000000 00:00 0 
7fb7dc000000-7fb7dc021000 rw-p 00000000 00:00 0 
7fb7dc021000-7fb7e0000000 ---p 00000000 00:00 0 
7fb7e0000000-7fb7e0021000 rw-p 00000000 00:00 0 
7fb7e0021000-7fb7e4000000 ---p 00000000 00:00 0 
7fb7e4000000-7fb7e4021000 rw-p 00000000 00:00 0 
7fb7e4021000-7fb7e8000000 ---p 00000000 00:00 0 
7fb7e8000000-7fb7e8021000 rw-p 00000000 00:00 0 
7fb7e8021000-7fb7ec000000 ---p 00000000 00:00 0 
7fb7ec000000-7fb7ec021000 rw-p 00000000 00:00 0 
7fb7ec021000-7fb7f0000000 ---p 00000000 00:00 0 
7fb7f0000000-7fb7f0021000 rw-p 00000000 00:00 0 
7fb7f0021000-7fb7f4000000 ---p 00000000 00:00 0 
7fb7f4000000-7fb7f4025000 rw-p 00000000 00:00 0 
7fb7f4025000-7fb7f8000000 ---p 00000000 00:00 0 
7fb7f8000000-7fb7f8021000 rw-p 00000000 00:00 0 
7fb7f8021000-7fb7fc000000 ---p 00000000 00:00 0 
7fb7fc000000-7fb7fc28d000 rw-p 00000000 00:00 0 
7fb7fc28d000-7fb800000000 ---p 00000000 00:00 0 
7fb800000000-7fb800021000 rw-p 00000000 00:00 0 
7fb800021000-7fb804000000 ---p 00000000 00:00 0 
7fb804000000-7fb804021000 rw-p 00000000 00:00 0 
7fb804021000-7fb808000000 ---p 00000000 00:00 0 
7fb808000000-7fb809595000 rw-p 00000000 00:00 0 
7fb809595000-7fb80c000000 ---p 00000000 00:00 0 
7fb80c000000-7fb80c021000 rw-p 00000000 00:00 0 
7fb80c021000-7fb810000000 ---p 00000000 00:00 0 
7fb810000000-7fb810029000 rw-p 00000000 00:00 0 
7fb810029000-7fb814000000 ---p 00000000 00:00 0 
7fb814000000-7fb81406c000 rw-p 00000000 00:00 0 
7fb81406c000-7fb818000000 ---p 00000000 00:00 0 
7fb818000000-7fb81802a000 rw-p 00000000 00:00 0 
7fb81802a000-7fb81c000000 ---p 00000000 00:00 0 
7fb81c000000-7fb81c021000 rw-p 00000000 00:00 0 
7fb81c021000-7fb820000000 ---p 00000000 00:00 0 
7fb820000000-7fb820021000 rw-p 00000000 00:00 0 
7fb820021000-7fb824000000 ---p 00000000 00:00 0 
7fb824000000-7fb824f67000 rw-p 00000000 00:00 0 
7fb824f67000-7fb828000000 ---p 00000000 00:00 0 
7fb828000000-7fb828021000 rw-p 00000000 00:00 0 
7fb828021000-7fb82c000000 ---p 00000000 00:00 0 
7fb82c000000-7fb82dae2000 rw-p 00000000 00:00 0 
7fb82dae2000-7fb830000000 ---p 00000000 00:00 0 
7fb830000000-7fb832b48000 rw-p 00000000 00:00 0 
7fb832b48000-7fb834000000 ---p 00000000 00:00 0 
7fb834000000-7fb834021000 rw-p 00000000 00:00 0 
7fb834021000-7fb838000000 ---p 00000000 00:00 0 
7fb839467000-7fb840000000 r--p 00000000 fd:00 2885042                    /usr/lib/locale/locale-archive
7fb840000000-7fb840021000 rw-p 00000000 00:00 0 
7fb840021000-7fb844000000 ---p 00000000 00:00 0 
7fb844000000-7fb844021000 rw-p 00000000 00:00 0 
7fb844021000-7fb848000000 ---p 00000000 00:00 0 
7fb848000000-7fb848026000 rw-p 00000000 00:00 0 
7fb848026000-7fb84c000000 ---p 00000000 00:00 0 
7fb84c000000-7fb84c2b0000 rw-p 00000000 00:00 0 
7fb84c2b0000-7fb850000000 ---p 00000000 00:00 0 
7fb850000000-7fb85002f000 rw-p 00000000 00:00 0 
7fb85002f000-7fb854000000 ---p 00000000 00:00 0 
7fb854445000-7fb8545c5000 rw-p 00000000 00:00 0 
7fb8545c5000-7fb854645000 ---p 00000000 00:00 0 
7fb854645000-7fb854845000 rw-p 00000000 00:00 0 
7fb854845000-7fb854a45000 rw-p 00000000 00:00 0 
7fb854a45000-7fb854c45000 rw-p 00000000 00:00 0 
7fb854c45000-7fb854e45000 rw-p 00000000 00:00 0 
7fb854e45000-7fb855045000 rw-p 00000000 00:00 0 
7fb855045000-7fb855245000 rw-p 00000000 00:00 0 
7fb855245000-7fb855445000 rw-p 00000000 00:00 0 
7fb855445000-7fb855645000 rw-p 00000000 00:00 0 
7fb855645000-7fb855845000 rw-p 00000000 00:00 0 
7fb855845000-7fb855a45000 rw-p 00000000 00:00 0 
7fb855a45000-7fb855a48000 ---p 00000000 00:00 0 
7fb855a48000-7fb855b46000 rw-p 00000000 00:00 0 
7fb855b46000-7fb855b49000 ---p 00000000 00:00 0 
7fb855b49000-7fb855c47000 rw-p 00000000 00:00 0 
7fb855c47000-7fb855c4a000 ---p 00000000 00:00 0 
7fb855c4a000-7fb855d48000 rw-p 00000000 00:00 0 
7fb855d48000-7fb855d4b000 ---p 00000000 00:00 0 
7fb855d4b000-7fb856049000 rw-p 00000000 00:00 0 
7fb856049000-7fb856249000 rw-p 00000000 00:00 0 
7fb856249000-7fb856449000 rw-p 00000000 00:00 0 
7fb856449000-7fb85644c000 ---p 00000000 00:00 0 
7fb85644c000-7fb85674a000 rw-p 00000000 00:00 0 
7fb85674a000-7fb85694a000 rw-p 00000000 00:00 0 
7fb85694a000-7fb856b4a000 rw-p 00000000 00:00 0 
7fb856b4a000-7fb856b4d000 ---p 00000000 00:00 0 
7fb856b4d000-7fb856e4b000 rw-p 00000000 00:00 0 
7fb856e4e000-7fb856e55000 r--s 00063000 fd:02 5771569                    /home/ike/.gradle/caches/modules-2/files-2.1/org.springframework/springloaded/1.2.7.RELEASE/36be57f1a306cec1185b0276960fbe95dee08bf/springloaded-1.2.7.RELEASE.jar
7fb856e55000-7fb856e57000 r--s 0000e000 fd:02 3540268                    /home/ike/.gradle/caches/modules-2/files-2.1/commons-logging/commons-logging/1.2/4bfc12adfe4842bf07b657f0369c4cb522955686/commons-logging-1.2.jar
7fb856e57000-7fb856e6e000 r--s 000fb000 fd:02 6424510                    /home/ike/.gradle/caches/modules-2/files-2.1/org.springframework/spring-core/4.3.7.RELEASE/54fa2db94cc7222edc90ec71354e47cd1dc07f7b/spring-core-4.3.7.RELEASE.jar
7fb856e6e000-7fb856e7c000 r--s 0009d000 fd:02 5769847                    /home/ike/.gradle/caches/modules-2/files-2.1/io.spring.gradle/dependency-management-plugin/1.0.0.RELEASE/d329501e7bf024f9557bdd66be4f8c4caf65769f/dependency-management-plugin-1.0.0.RELEASE.jar
7fb856e7c000-7fb856e7f000 r--s 00022000 fd:02 5769845                    /home/ike/.gradle/caches/modules-2/files-2.1/org.springframework.boot/spring-boot-loader-tools/1.5.2.RELEASE/15c14c8a45c5876cb6389376eb6202c99e9e5d73/spring-boot-loader-tools-1.5.2.RELEASE.jar
7fb856e7f000-7fb856e81000 r--s 0000b000 fd:02 5769843                    /home/ike/.gradle/caches/modules-2/files-2.1/org.springframework.boot/spring-boot-gradle-plugin/1.5.2.RELEASE/b3f123b179b0170c62c8a9ce33b47f9f28df4ca/spring-boot-gradle-plugin-1.5.2.RELEASE.jar
7fb856e81000-7fb856e8f000 r--s 000c9000 fd:02 3155903                    /home/ike/.gradle/caches/jars-3/d836ee27dfcc7bf89f9e2b7025f62f21/kotlin-runtime.jar
7fb856e8f000-7fb856eff000 r--s 00643000 fd:02 3155901                    /home/ike/.gradle/caches/jars-3/fd607a71f3d781451515f815d21ecd8e/groovy-all-2.4.6.jar
7fb856eff000-7fb856f05000 r--s 00090000 fd:02 3155899                    /home/ike/.gradle/caches/jars-3/d4625b15f6be2b0f210c7eb705521562/gradle-tooling-extension-impl.jar
7fb856f05000-7fb857105000 rw-p 00000000 00:00 0 
7fb857105000-7fb857142000 r--s 00556000 fd:02 3155866                    /home/ike/.gradle/caches/jars-3/36ec32e5474897539a832822faa49641/sdk-tools.jar
7fb857142000-7fb857342000 rw-p 00000000 00:00 0 
7fb857342000-7fb85737f000 r--s 001f8000 fd:02 3027736                    /home/ike/.gradle/caches/jars-3/d26e134fafb5ec05907d81bca6e339a5/gradle-core-3.3.jar
7fb85737f000-7fb8573f8000 r--s 010e5000 fd:02 2098936                    /home/ike/soft/jdk1.8/lib/tools.jar
7fb8573f8000-7fb8573fb000 ---p 00000000 00:00 0 
7fb8573fb000-7fb8576f9000 rw-p 00000000 00:00 0 
7fb8576f9000-7fb8576fc000 ---p 00000000 00:00 0 
7fb8576fc000-7fb8577fa000 rw-p 00000000 00:00 0 
7fb8577fa000-7fb8577fd000 ---p 00000000 00:00 0 
7fb8577fd000-7fb8578fb000 rw-p 00000000 00:00 0 
7fb8578fb000-7fb8578fe000 ---p 00000000 00:00 0 
7fb8578fe000-7fb857bfc000 rw-p 00000000 00:00 0 
7fb857bfc000-7fb857bff000 ---p 00000000 00:00 0 
7fb857bff000-7fb857cfd000 rw-p 00000000 00:00 0 
7fb857cfd000-7fb857d00000 ---p 00000000 00:00 0 
7fb857d00000-7fb857dfe000 rw-p 00000000 00:00 0 
7fb857dfe000-7fb857e01000 ---p 00000000 00:00 0 
7fb857e01000-7fb857eff000 rw-p 00000000 00:00 0 
7fb857eff000-7fb857f02000 ---p 00000000 00:00 0 
7fb857f02000-7fb858000000 rw-p 00000000 00:00 0 
7fb858000000-7fb858021000 rw-p 00000000 00:00 0 
7fb858021000-7fb85c000000 ---p 00000000 00:00 0 
7fb85c001000-7fb85c002000 r--s 00003000 fd:02 3155905                    /home/ike/.gradle/caches/jars-3/00889819b46cbed66ae64f6c9cb1c957/grails-rt.jar
7fb85c002000-7fb85c007000 r--s 00034000 fd:02 3155897                    /home/ike/.gradle/caches/jars-3/d447f2396a03dbc75b6d52fec5a488d6/gson-2.5.jar
7fb85c007000-7fb85c008000 r--s 00005000 fd:02 3155864                    /home/ike/.gradle/caches/jars-3/365c6db642c6504428a64370e32c73a8/grails-gradle-tooling.jar
7fb85c008000-7fb85c00a000 r--s 00002000 fd:02 3155868                    /home/ike/.gradle/caches/jars-3/051bd7a04df129b69cac505d3d910ec9/kotlin-gradle-tooling.jar
7fb85c00a000-7fb85c00b000 r--s 00002000 fd:02 3027744                    /home/ike/.gradle/caches/jars-3/da326b2ddfbbbcfaf01e5582c3433dbd/external-system-rt.jar
7fb85c00b000-7fb85c00d000 r--s 0000d000 fd:02 3027742                    /home/ike/.gradle/caches/jars-3/8e5f63df4da42d2f04ea304ca5c9bb98/gradle-tooling-extension-api.jar
7fb85c00d000-7fb85c013000 r--s 00027000 fd:02 3027740                    /home/ike/.gradle/caches/jars-3/f89407f44f289ae7adf2aa801e42dcaf/gradle-messaging-3.3.jar
7fb85c013000-7fb85c018000 r--s 00041000 fd:02 3027738                    /home/ike/.gradle/caches/jars-3/c0502f5c2cf6dfd52d250e1b7d027d24/commons-lang-2.6.jar
7fb85c018000-7fb85c021000 r--s 00042000 fd:02 3027734                    /home/ike/.gradle/caches/jars-3/6bcc387f718b96b0f07a751f65aa3518/gradle-base-services-3.3.jar
7fb85c021000-7fb85c049000 r--s 001cf000 fd:02 3027732                    /home/ike/.gradle/caches/jars-3/566e7e0f530f75a42eba4833ef84d88c/guava-jdk5-17.0.jar
7fb85c049000-7fb85c056000 r--s 00041000 fd:02 3027730                    /home/ike/.gradle/caches/jars-3/f3e5a7704032832aac1e05c981cb276a/gradle-tooling-api-3.3.jar
7fb85c056000-7fb85c059000 ---p 00000000 00:00 0 
7fb85c059000-7fb85c157000 rw-p 00000000 00:00 0 
7fb85c157000-7fb85c15a000 ---p 00000000 00:00 0 
7fb85c15a000-7fb85c258000 rw-p 00000000 00:00 0 
7fb85c258000-7fb85c25f000 r--s 00000000 fd:00 2834                       /usr/lib64/gconv/gconv-modules.cache
7fb85c25f000-7fb85c262000 ---p 00000000 00:00 0 
7fb85c262000-7fb85c360000 rw-p 00000000 00:00 0 
7fb85c360000-7fb85c364000 r--s 00097000 fd:02 2100406                    /home/ike/soft/jdk1.8/jre/lib/jsse.jar
7fb85c364000-7fb85c564000 rw-p 00000000 00:00 0 
7fb85c564000-7fb85c567000 ---p 00000000 00:00 0 
7fb85c567000-7fb85c665000 rw-p 00000000 00:00 0 
7fb85c665000-7fb85c66e000 r-xp 00000000 fd:02 2100283                    /home/ike/soft/jdk1.8/jre/lib/amd64/libmanagement.so
7fb85c66e000-7fb85c86d000 ---p 00009000 fd:02 2100283                    /home/ike/soft/jdk1.8/jre/lib/amd64/libmanagement.so
7fb85c86d000-7fb85c86e000 rw-p 00008000 fd:02 2100283                    /home/ike/soft/jdk1.8/jre/lib/amd64/libmanagement.so
7fb85c86e000-7fb85c870000 r--s 00007000 fd:02 2249179                    /home/ike/soft/gradle-4.1/lib/plugins/gradle-tooling-api-builders-4.1.jar
7fb85c870000-7fb85c873000 r--s 00009000 fd:02 2249189                    /home/ike/soft/gradle-4.1/lib/plugins/gradle-testing-native-4.1.jar
7fb85c873000-7fb85c875000 r--s 00009000 fd:02 2249262                    /home/ike/soft/gradle-4.1/lib/plugins/hamcrest-core-1.3.jar
7fb85c875000-7fb85c87a000 r--s 00040000 fd:02 2249257                    /home/ike/soft/gradle-4.1/lib/plugins/bsh-2.0b4.jar
7fb85c87a000-7fb85c87c000 r--s 00006000 fd:02 2249258                    /home/ike/soft/gradle-4.1/lib/plugins/jcommander-1.12.jar
7fb85c87c000-7fb85c882000 r--s 00033000 fd:02 2249259                    /home/ike/soft/gradle-4.1/lib/plugins/snakeyaml-1.6.jar
7fb85c882000-7fb85c88b000 r--s 00089000 fd:02 2249217                    /home/ike/soft/gradle-4.1/lib/plugins/testng-6.3.1.jar
7fb85c88b000-7fb85c893000 r--s 00045000 fd:02 2249218                    /home/ike/soft/gradle-4.1/lib/plugins/junit-4.12.jar
7fb85c893000-7fb85c899000 r--s 0002e000 fd:02 2249185                    /home/ike/soft/gradle-4.1/lib/plugins/gradle-testing-jvm-4.1.jar
7fb85c899000-7fb85c89d000 r--s 00017000 fd:02 2249193                    /home/ike/soft/gradle-4.1/lib/plugins/gradle-testing-base-4.1.jar
7fb85c89d000-7fb85c8a4000 r--s 00038000 fd:02 2249213                    /home/ike/soft/gradle-4.1/lib/plugins/bcpg-jdk15on-1.51.jar
7fb85c8a4000-7fb85c8a6000 r--s 0000c000 fd:02 2249164                    /home/ike/soft/gradle-4.1/lib/plugins/gradle-signing-4.1.jar
7fb85c8a6000-7fb85c8a8000 r--s 00007000 fd:02 2249170                    /home/ike/soft/gradle-4.1/lib/plugins/gradle-scala-4.1.jar
7fb85c8a8000-7fb85c8a9000 r--s 00004000 fd:02 2249201                    /home/ike/soft/gradle-4.1/lib/plugins/gradle-resources-sftp-4.1.jar
7fb85c8a9000-7fb85c8b9000 r--s 00088000 fd:02 2249230                    /home/ike/soft/gradle-4.1/lib/plugins/joda-time-2.8.2.jar
7fb85c8b9000-7fb85c8ca000 r--s 0010d000 fd:02 2249229                    /home/ike/soft/gradle-4.1/lib/plugins/jackson-databind-2.6.6.jar
7fb85c8ca000-7fb85c8cd000 r--s 00009000 fd:02 2249228                    /home/ike/soft/gradle-4.1/lib/plugins/jackson-annotations-2.6.6.jar
7fb85c8cd000-7fb85c8d1000 r--s 0003c000 fd:02 2249227                    /home/ike/soft/gradle-4.1/lib/plugins/jackson-core-2.6.6.jar
7fb85c8d1000-7fb85c8df000 r--s 00087000 fd:02 2249226                    /home/ike/soft/gradle-4.1/lib/plugins/aws-java-sdk-core-1.11.6.jar
7fb85c8df000-7fb85c8e6000 r--s 00057000 fd:02 2249225                    /home/ike/soft/gradle-4.1/lib/plugins/aws-java-sdk-kms-1.11.6.jar
7fb85c8e6000-7fb85c8f3000 r--s 0008e000 fd:02 2249224                    /home/ike/soft/gradle-4.1/lib/plugins/aws-java-sdk-s3-1.11.6.jar
7fb85c8f3000-7fb85c8f5000 r--s 00004000 fd:02 2249198                    /home/ike/soft/gradle-4.1/lib/plugins/gradle-resources-s3-4.1.jar
7fb85c8f5000-7fb85c8f7000 r--s 00010000 fd:02 2249194                    /home/ike/soft/gradle-4.1/lib/plugins/gradle-reporting-4.1.jar
7fb85c8f7000-7fb85c8f9000 r--s 00002000 fd:02 2249195                    /home/ike/soft/gradle-4.1/lib/plugins/gradle-publish-4.1.jar
7fb85c8f9000-7fb85c8fb000 r--s 00009000 fd:02 2249206                    /home/ike/soft/gradle-4.1/lib/plugins/commons-cli-1.2.jar
7fb85c8fb000-7fb85c901000 r--s 00036000 fd:02 2249178                    /home/ike/soft/gradle-4.1/lib/plugins/gradle-plugins-4.1.jar
7fb85c901000-7fb85c903000 r--s 00009000 fd:02 2249165                    /home/ike/soft/gradle-4.1/lib/plugins/gradle-plugin-development-4.1.jar
7fb85c903000-7fb85c909000 r--s 0002b000 fd:02 2249173                    /home/ike/soft/gradle-4.1/lib/plugins/gradle-platform-play-4.1.jar
7fb85c909000-7fb85c918000 r--s 0005b000 fd:02 2249191                    /home/ike/soft/gradle-4.1/lib/plugins/gradle-platform-native-4.1.jar
7fb85c918000-7fb85c91c000 r--s 0001b000 fd:02 2249188                    /home/ike/soft/gradle-4.1/lib/plugins/gradle-platform-jvm-4.1.jar
7fb85c91c000-7fb85c924000 r--s 00027000 fd:02 2249196                    /home/ike/soft/gradle-4.1/lib/plugins/gradle-platform-base-4.1.jar
7fb85c924000-7fb85c94c000 r--s 0021c000 fd:02 2249207                    /home/ike/soft/gradle-4.1/lib/plugins/biz.aQute.bndlib-3.2.0.jar
7fb85c94c000-7fb85c94d000 r--s 00004000 fd:02 2249163                    /home/ike/soft/gradle-4.1/lib/plugins/gradle-osgi-4.1.jar
7fb85c94d000-7fb85c950000 r--s 0000c000 fd:02 2249210                    /home/ike/soft/gradle-4.1/lib/plugins/pmaven-groovy-0.8-20100325.jar
7fb85c950000-7fb85c951000 r--s 00004000 fd:02 2249209                    /home/ike/soft/gradle-4.1/lib/plugins/pmaven-common-0.8-20100325.jar
7fb85c951000-7fb85c957000 r--s 00023000 fd:02 2249166                    /home/ike/soft/gradle-4.1/lib/plugins/gradle-maven-4.1.jar
7fb85c957000-7fb85c95a000 r--s 0000b000 fd:02 2249184                    /home/ike/soft/gradle-4.1/lib/plugins/gradle-language-scala-4.1.jar
7fb85c95a000-7fb85c961000 r--s 00020000 fd:02 2249190                    /home/ike/soft/gradle-4.1/lib/plugins/gradle-language-native-4.1.jar
7fb85c961000-7fb85c963000 r--s 00005000 fd:02 2249187                    /home/ike/soft/gradle-4.1/lib/plugins/gradle-language-jvm-4.1.jar
7fb85c963000-7fb85c96a000 r--s 0002f000 fd:02 2249186                    /home/ike/soft/gradle-4.1/lib/plugins/gradle-language-java-4.1.jar
7fb85c96a000-7fb85c96d000 r--s 0000a000 fd:02 2249183                    /home/ike/soft/gradle-4.1/lib/plugins/gradle-language-groovy-4.1.jar
7fb85c96d000-7fb85c974000 r--s 00035000 fd:02 2249216                    /home/ike/soft/gradle-4.1/lib/plugins/simple-4.1.21.jar
7fb85c974000-7fb85c980000 r--s 00100000 fd:02 2249214                    /home/ike/soft/gradle-4.1/lib/plugins/rhino-1.7R3.jar
7fb85c980000-7fb85c984000 r--s 00012000 fd:02 2249174                    /home/ike/soft/gradle-4.1/lib/plugins/gradle-javascript-4.1.jar
7fb85c984000-7fb85c987000 r--s 00011000 fd:02 2249176                    /home/ike/soft/gradle-4.1/lib/plugins/gradle-jacoco-4.1.jar
7fb85c987000-7fb85c98a000 r--s 0000e000 fd:02 2249175                    /home/ike/soft/gradle-4.1/lib/plugins/gradle-ivy-4.1.jar
7fb85c98a000-7fb85c98b000 r--s 00002000 fd:02 2249167                    /home/ike/soft/gradle-4.1/lib/plugins/gradle-ide-play-4.1.jar
7fb85c98b000-7fb85c98e000 r--s 00013000 fd:02 2249168                    /home/ike/soft/gradle-4.1/lib/plugins/gradle-ide-native-4.1.jar
7fb85c98e000-7fb85c998000 r--s 00054000 fd:02 2249169                    /home/ike/soft/gradle-4.1/lib/plugins/gradle-ide-4.1.jar
7fb85c998000-7fb85c99a000 r--s 00007000 fd:02 2249172                    /home/ike/soft/gradle-4.1/lib/plugins/gradle-ear-4.1.jar
7fb85c99a000-7fb85c99c000 r--s 00005000 fd:02 2249204                    /home/ike/soft/gradle-4.1/lib/plugins/jatl-0.2.2.jar
7fb85c99c000-7fb85c9a3000 r--s 00038000 fd:02 2249192                    /home/ike/soft/gradle-4.1/lib/plugins/gradle-diagnostics-4.1.jar
7fb85c9a3000-7fb85c9a5000 r--s 0000b000 fd:02 2249181                    /home/ike/soft/gradle-4.1/lib/plugins/gradle-composite-builds-4.1.jar
7fb85c9a5000-7fb85c9aa000 r--s 00025000 fd:02 2249161                    /home/ike/soft/gradle-4.1/lib/plugins/gradle-code-quality-4.1.jar
7fb85c9aa000-7fb85c9af000 r--s 00022000 fd:02 2249177                    /home/ike/soft/gradle-4.1/lib/plugins/gradle-build-init-4.1.jar
7fb85c9af000-7fb85c9b5000 r--s 0008e000 fd:02 2249171                    /home/ike/soft/gradle-4.1/lib/plugins/gradle-build-comparison-4.1.jar
7fb85c9b5000-7fb85c9b6000 r--s 00002000 fd:02 2249199                    /home/ike/soft/gradle-4.1/lib/plugins/gradle-build-cache-http-4.1.jar
7fb85c9b6000-7fb85c9b8000 r--s 00008000 fd:02 2249162                    /home/ike/soft/gradle-4.1/lib/plugins/gradle-antlr-4.1.jar
7fb85c9b8000-7fb85c9ba000 r--s 00004000 fd:02 2249182                    /home/ike/soft/gradle-4.1/lib/plugins/gradle-announce-4.1.jar
7fb85c9ba000-7fb85c9bc000 r--s 00008000 fd:02 2249101                    /home/ike/soft/gradle-4.1/lib/gradle-kotlin-dsl-tooling-builders-0.10.3.jar
7fb85c9bc000-7fb85c9bf000 r--s 0001c000 fd:02 2249220                    /home/ike/soft/gradle-4.1/lib/plugins/nekohtml-1.9.14.jar
7fb85c9bf000-7fb85c9c7000 r--s 00028000 fd:02 2249261                    /home/ike/soft/gradle-4.1/lib/plugins/xml-apis-1.3.04.jar
7fb85c9c7000-7fb85c9df000 r--s 00115000 fd:02 2249221                    /home/ike/soft/gradle-4.1/lib/plugins/xercesImpl-2.9.1.jar
7fb85c9df000-7fb85c9e5000 r--s 0005b000 fd:02 2249219                    /home/ike/soft/gradle-4.1/lib/plugins/jcifs-1.3.17.jar
7fb85c9e5000-7fb85c9ec000 r--s 00049000 fd:02 2249260                    /home/ike/soft/gradle-4.1/lib/plugins/httpcore-4.4.4.jar
7fb85c9ec000-7fb85c9f2000 r--s 00033000 fd:02 2249212                    /home/ike/soft/gradle-4.1/lib/plugins/commons-codec-1.6.jar
7fb85c9f2000-7fb85c9ff000 r--s 000a4000 fd:02 2249205                    /home/ike/soft/gradle-4.1/lib/plugins/httpclient-4.4.1.jar
7fb85c9ff000-7fb85ca01000 r--s 0000b000 fd:02 2249200                    /home/ike/soft/gradle-4.1/lib/plugins/gradle-resources-http-4.1.jar
7fb85ca01000-7fb85ca05000 r--s 00017000 fd:02 2249197                    /home/ike/soft/gradle-4.1/lib/plugins/gradle-plugin-use-4.1.jar
7fb85ca05000-7fb85ca06000 r--s 00000000 fd:02 2249107                    /home/ike/soft/gradle-4.1/lib/gradle-runtime-api-info-4.1.jar
7fb85ca06000-7fb85ca07000 r--s 00000000 fd:02 2249111                    /home/ike/soft/gradle-4.1/lib/gradle-installation-beacon-4.1.jar
7fb85ca07000-7fb85ca47000 r--s 00277000 fd:02 2249232                    /home/ike/soft/gradle-4.1/lib/plugins/bcprov-jdk15on-1.51.jar
7fb85ca47000-7fb85ca4b000 r--s 0001d000 fd:02 2249231                    /home/ike/soft/gradle-4.1/lib/plugins/xbean-reflect-3.4.jar
7fb85ca4b000-7fb85ca4d000 r--s 0000a000 fd:02 2249233                    /home/ike/soft/gradle-4.1/lib/plugins/maven-settings-3.0.4.jar
7fb85ca4d000-7fb85ca50000 r--s 00008000 fd:02 2249234                    /home/ike/soft/gradle-4.1/lib/plugins/maven-settings-builder-3.0.4.jar
7fb85ca50000-7fb85ca54000 r--s 00033000 fd:02 2249235                    /home/ike/soft/gradle-4.1/lib/plugins/plexus-utils-2.0.6.jar
7fb85ca54000-7fb85ca56000 r--s 0000d000 fd:02 2249236                    /home/ike/soft/gradle-4.1/lib/plugins/plexus-interpolation-1.14.jar
7fb85ca56000-7fb85ca58000 r--s 00000000 fd:02 2249211                    /home/ike/soft/gradle-4.1/lib/plugins/plexus-component-annotations-1.5.5.jar
7fb85ca58000-7fb85ca5f000 r--s 0002e000 fd:02 2249237                    /home/ike/soft/gradle-4.1/lib/plugins/plexus-container-default-1.5.5.jar
7fb85ca5f000-7fb85ca61000 r--s 0000a000 fd:02 2249238                    /home/ike/soft/gradle-4.1/lib/plugins/plexus-classworlds-2.4.jar
7fb85ca61000-7fb85ca63000 r--s 00002000 fd:02 2249239                    /home/ike/soft/gradle-4.1/lib/plugins/plexus-cipher-1.7.jar
7fb85ca63000-7fb85ca64000 r--s 00006000 fd:02 2249240                    /home/ike/soft/gradle-4.1/lib/plugins/plexus-sec-dispatcher-1.3.jar
7fb85ca64000-7fb85ca6a000 r--s 0003f000 fd:02 2249241                    /home/ike/soft/gradle-4.1/lib/plugins/maven-compat-3.0.4.jar
7fb85ca6a000-7fb85ca6e000 r--s 00021000 fd:02 2249242                    /home/ike/soft/gradle-4.1/lib/plugins/maven-model-builder-3.0.4.jar
7fb85ca6e000-7fb85ca70000 r--s 00026000 fd:02 2249243                    /home/ike/soft/gradle-4.1/lib/plugins/maven-model-3.0.4.jar
7fb85ca70000-7fb85ca72000 r--s 0000b000 fd:02 2249244                    /home/ike/soft/gradle-4.1/lib/plugins/maven-artifact-3.0.4.jar
7fb85ca72000-7fb85ca74000 r--s 00006000 fd:02 2249245                    /home/ike/soft/gradle-4.1/lib/plugins/maven-repository-metadata-3.0.4.jar
7fb85ca74000-7fb85ca76000 r--s 0000b000 fd:02 2249246                    /home/ike/soft/gradle-4.1/lib/plugins/maven-plugin-api-3.0.4.jar
7fb85ca76000-7fb85ca78000 r--s 0000c000 fd:02 2249247                    /home/ike/soft/gradle-4.1/lib/plugins/maven-aether-provider-3.0.4.jar
7fb85ca78000-7fb85ca79000 r--s 00002000 fd:02 2249248                    /home/ike/soft/gradle-4.1/lib/plugins/wagon-file-2.4.jar
7fb85ca79000-7fb85ca7a000 r--s 00002000 fd:02 2249249                    /home/ike/soft/gradle-4.1/lib/plugins/wagon-http-2.4.jar
7fb85ca7a000-7fb85ca7c000 r--s 0000b000 fd:02 2249250                    /home/ike/soft/gradle-4.1/lib/plugins/wagon-provider-api-2.4.jar
7fb85ca7c000-7fb85ca7d000 r--s 00007000 fd:02 2249251                    /home/ike/soft/gradle-4.1/lib/plugins/wagon-http-shared4-2.4.jar
7fb85ca7d000-7fb85ca80000 r--s 00013000 fd:02 2249252                    /home/ike/soft/gradle-4.1/lib/plugins/aether-api-1.13.1.jar
7fb85ca80000-7fb85ca83000 r--s 0001d000 fd:02 2249253                    /home/ike/soft/gradle-4.1/lib/plugins/aether-impl-1.13.1.jar
7fb85ca83000-7fb85ca84000 r--s 00003000 fd:02 2249254                    /home/ike/soft/gradle-4.1/lib/plugins/aether-spi-1.13.1.jar
7fb85ca84000-7fb85ca90000 r--s 0007d000 fd:02 2249208                    /home/ike/soft/gradle-4.1/lib/plugins/maven-core-3.0.4.jar
7fb85ca90000-7fb85ca95000 r--s 00034000 fd:02 2249215                    /home/ike/soft/gradle-4.1/lib/plugins/gson-2.7.jar
7fb85ca95000-7fb85ca9a000 r--s 00040000 fd:02 2249223                    /home/ike/soft/gradle-4.1/lib/plugins/jsch-0.1.54.jar
7fb85ca9a000-7fb85cabe000 r--s 0011a000 fd:02 2249203                    /home/ike/soft/gradle-4.1/lib/plugins/gradle-dependency-management-4.1.jar
7fb85cabe000-7fb85cad4000 r-xp 00000000 fd:00 2890778                    /usr/lib64/libgcc_s-6.3.1-20161221.so.1
7fb85cad4000-7fb85ccd3000 ---p 00016000 fd:00 2890778                    /usr/lib64/libgcc_s-6.3.1-20161221.so.1
7fb85ccd3000-7fb85ccd4000 r--p 00015000 fd:00 2890778                    /usr/lib64/libgcc_s-6.3.1-20161221.so.1
7fb85ccd4000-7fb85ccd5000 rw-p 00016000 fd:00 2890778                    /usr/lib64/libgcc_s-6.3.1-20161221.so.1
7fb85ccd5000-7fb85ce4d000 r-xp 00000000 fd:00 2892058                    /usr/lib64/libstdc++.so.6.0.22
7fb85ce4d000-7fb85d04d000 ---p 00178000 fd:00 2892058                    /usr/lib64/libstdc++.so.6.0.22
7fb85d04d000-7fb85d057000 r--p 00178000 fd:00 2892058                    /usr/lib64/libstdc++.so.6.0.22
7fb85d057000-7fb85d059000 rw-p 00182000 fd:00 2892058                    /usr/lib64/libstdc++.so.6.0.22
7fb85d059000-7fb85d05d000 rw-p 00000000 00:00 0 
7fb85d05d000-7fb85d061000 r--s 0001c000 fd:02 2249255                    /home/ike/soft/gradle-4.1/lib/plugins/aether-util-1.13.1.jar
7fb85d061000-7fb85d070000 r--s 000d9000 fd:02 2249222                    /home/ike/soft/gradle-4.1/lib/plugins/ivy-2.2.0.jar
7fb85d070000-7fb85d073000 r--s 0000d000 fd:02 2249202                    /home/ike/soft/gradle-4.1/lib/plugins/gradle-workers-4.1.jar
7fb85d073000-7fb85d078000 r-xp 00000000 fd:02 3027712                    /home/ike/.gradle/native/25/linux-amd64/libnative-platform.so
7fb85d078000-7fb85d277000 ---p 00005000 fd:02 3027712                    /home/ike/.gradle/native/25/linux-amd64/libnative-platform.so
7fb85d277000-7fb85d278000 rw-p 00004000 fd:02 3027712                    /home/ike/.gradle/native/25/linux-amd64/libnative-platform.so
7fb85d278000-7fb85d289000 r-xp 00000000 fd:02 2100229                    /home/ike/soft/jdk1.8/jre/lib/amd64/libnio.so
7fb85d289000-7fb85d488000 ---p 00011000 fd:02 2100229                    /home/ike/soft/jdk1.8/jre/lib/amd64/libnio.so
7fb85d488000-7fb85d489000 rw-p 00010000 fd:02 2100229                    /home/ike/soft/jdk1.8/jre/lib/amd64/libnio.so
7fb85d489000-7fb85d49f000 r-xp 00000000 fd:02 2100243                    /home/ike/soft/jdk1.8/jre/lib/amd64/libnet.so
7fb85d49f000-7fb85d69f000 ---p 00016000 fd:02 2100243                    /home/ike/soft/jdk1.8/jre/lib/amd64/libnet.so
7fb85d69f000-7fb85d6a0000 rw-p 00016000 fd:02 2100243                    /home/ike/soft/jdk1.8/jre/lib/amd64/libnet.so
7fb85d6a0000-7fb85d6d2000 r--s 0021b000 fd:02 2249104                    /home/ike/soft/gradle-4.1/lib/kotlin-reflect-1.1.3-2.jar
7fb85d6d2000-7fb85d889000 r--s 01786000 fd:02 2249103                    /home/ike/soft/gradle-4.1/lib/kotlin-compiler-embeddable-1.1.3-2.jar
7fb85d889000-7fb85d8f9000 r--s 00645000 fd:02 2249136                    /home/ike/soft/gradle-4.1/lib/groovy-all-2.4.11.jar
7fb85d8f9000-7fb85d8fa000 ---p 00000000 00:00 0 
7fb85d8fa000-7fb85d9fa000 rw-p 00000000 00:00 0 
7fb85d9fa000-7fb85d9fd000 ---p 00000000 00:00 0 
7fb85d9fd000-7fb85dafb000 rw-p 00000000 00:00 0 
7fb85dafb000-7fb85dafe000 ---p 00000000 00:00 0 
7fb85dafe000-7fb85dbfc000 rw-p 00000000 00:00 0 
7fb85dbfc000-7fb85dbff000 ---p 00000000 00:00 0 
7fb85dbff000-7fb85dcfd000 rw-p 00000000 00:00 0 
7fb85dcfd000-7fb85dd00000 ---p 00000000 00:00 0 
7fb85dd00000-7fb85ddfe000 rw-p 00000000 00:00 0 
7fb85ddfe000-7fb85de01000 ---p 00000000 00:00 0 
7fb85de01000-7fb85deff000 rw-p 00000000 00:00 0 
7fb85deff000-7fb85df02000 ---p 00000000 00:00 0 
7fb85df02000-7fb860000000 rw-p 00000000 00:00 0 
7fb860000000-7fb86003d000 rw-p 00000000 00:00 0 
7fb86003d000-7fb864000000 ---p 00000000 00:00 0 
7fb864000000-7fb864002000 r--s 00006000 fd:02 2249256                    /home/ike/soft/gradle-4.1/lib/plugins/aether-connector-wagon-1.13.1.jar
7fb864002000-7fb86400c000 r--s 00116000 fd:02 2100424                    /home/ike/soft/jdk1.8/jre/lib/ext/localedata.jar
7fb86400c000-7fb86400d000 r--s 00006000 fd:02 2249110                    /home/ike/soft/gradle-4.1/lib/gradle-wrapper-4.1.jar
7fb86400d000-7fb86401a000 r--s 00043000 fd:02 2249109                    /home/ike/soft/gradle-4.1/lib/gradle-tooling-api-4.1.jar
7fb86401a000-7fb864029000 r--s 000c8000 fd:02 2249105                    /home/ike/soft/gradle-4.1/lib/kotlin-stdlib-1.1.3-2.jar
7fb864029000-7fb86402a000 r--s 00000000 fd:02 2249102                    /home/ike/soft/gradle-4.1/lib/gradle-kotlin-dsl-tooling-models-0.10.3.jar
7fb86402a000-7fb86402b000 r--s 00001000 fd:02 2249100                    /home/ike/soft/gradle-4.1/lib/gradle-kotlin-dsl-compiler-plugin-0.10.3.jar
7fb86402b000-7fb86402d000 r--s 00003000 fd:02 2249098                    /home/ike/soft/gradle-4.1/lib/annotations-13.0.jar
7fb86402d000-7fb864037000 r--s 00073000 fd:02 2249099                    /home/ike/soft/gradle-4.1/lib/gradle-kotlin-dsl-0.10.3.jar
7fb864037000-7fb86403c000 r--s 00013000 fd:02 2249116                    /home/ike/soft/gradle-4.1/lib/gradle-resources-4.1.jar
7fb86403c000-7fb86403e000 r--s 00005000 fd:02 2249123                    /home/ike/soft/gradle-4.1/lib/gradle-cli-4.1.jar
7fb86403e000-7fb864040000 r--s 00003000 fd:02 2249130                    /home/ike/soft/gradle-4.1/lib/jcl-over-slf4j-1.7.10.jar
7fb864040000-7fb864041000 r--s 00005000 fd:02 2249129                    /home/ike/soft/gradle-4.1/lib/log4j-over-slf4j-1.7.10.jar
7fb864041000-7fb864043000 r--s 00000000 fd:02 2249128                    /home/ike/soft/gradle-4.1/lib/jul-to-slf4j-1.7.10.jar
7fb864043000-7fb86404a000 r--s 0002c000 fd:02 2249114                    /home/ike/soft/gradle-4.1/lib/gradle-logging-4.1.jar
7fb86404a000-7fb86405a000 r--s 00082000 fd:02 2249119                    /home/ike/soft/gradle-4.1/lib/gradle-model-core-4.1.jar
7fb86405a000-7fb86405c000 r--s 00006000 fd:02 2249120                    /home/ike/soft/gradle-4.1/lib/gradle-base-services-groovy-4.1.jar
7fb86405c000-7fb86405e000 r--s 00007000 fd:02 2249118                    /home/ike/soft/gradle-4.1/lib/gradle-model-groovy-4.1.jar
7fb86405e000-7fb86405f000 r--s 00002000 fd:02 2249141                    /home/ike/soft/gradle-4.1/lib/gradle-docs-4.1.jar
7fb86405f000-7fb86406c000 r--s 00083000 fd:02 2249139                    /home/ike/soft/gradle-4.1/lib/commons-collections-3.2.2.jar
7fb86406c000-7fb86406d000 r--s 00000000 fd:02 2249138                    /home/ike/soft/gradle-4.1/lib/javax.inject-1.jar
7fb86406d000-7fb864070000 r--s 00023000 fd:02 2249142                    /home/ike/soft/gradle-4.1/lib/jansi-1.14.jar
7fb864070000-7fb864071000 r--s 00004000 fd:02 2249144                    /home/ike/soft/gradle-4.1/lib/native-platform-freebsd-amd64-libcpp-0.14.jar
7fb864071000-7fb864072000 r--s 00004000 fd:02 2249145                    /home/ike/soft/gradle-4.1/lib/native-platform-freebsd-amd64-libstdcpp-0.14.jar
7fb864072000-7fb864073000 r--s 00004000 fd:02 2249146                    /home/ike/soft/gradle-4.1/lib/native-platform-freebsd-i386-libcpp-0.14.jar
7fb864073000-7fb864074000 r--s 00003000 fd:02 2249147                    /home/ike/soft/gradle-4.1/lib/native-platform-freebsd-i386-libstdcpp-0.14.jar
7fb864074000-7fb864075000 r--s 00002000 fd:02 2249148                    /home/ike/soft/gradle-4.1/lib/native-platform-linux-amd64-0.14.jar
7fb864075000-7fb864076000 r--s 00002000 fd:02 2249149                    /home/ike/soft/gradle-4.1/lib/native-platform-linux-i386-0.14.jar
7fb864076000-7fb864078000 r--s 00002000 fd:02 2249150                    /home/ike/soft/gradle-4.1/lib/native-platform-osx-amd64-0.14.jar
7fb864078000-7fb864079000 r--s 00003000 fd:02 2249151                    /home/ike/soft/gradle-4.1/lib/native-platform-osx-i386-0.14.jar
7fb864079000-7fb86407b000 r--s 0000b000 fd:02 2249152                    /home/ike/soft/gradle-4.1/lib/native-platform-windows-amd64-0.14.jar
7fb86407b000-7fb86407c000 r--s 0000b000 fd:02 2249153                    /home/ike/soft/gradle-4.1/lib/native-platform-windows-i386-0.14.jar
7fb86407c000-7fb86407d000 r--s 00001000 fd:02 2249154                    /home/ike/soft/gradle-4.1/lib/native-platform-linux-amd64-ncurses5-0.14.jar
7fb86407d000-7fb86407e000 r--s 00001000 fd:02 2249155                    /home/ike/soft/gradle-4.1/lib/native-platform-linux-amd64-ncurses6-0.14.jar
7fb86407e000-7fb86407f000 r--s 00001000 fd:02 2249156                    /home/ike/soft/gradle-4.1/lib/native-platform-linux-i386-ncurses5-0.14.jar
7fb86407f000-7fb864083000 r--s 00012000 fd:02 2249140                    /home/ike/soft/gradle-4.1/lib/native-platform-0.14.jar
7fb864083000-7fb864086000 r--s 0000c000 fd:02 2249117                    /home/ike/soft/gradle-4.1/lib/gradle-native-4.1.jar
7fb864086000-7fb864088000 r--s 0000f000 fd:02 2249125                    /home/ike/soft/gradle-4.1/lib/reflectasm-1.07-shaded.jar
7fb864088000-7fb86408a000 r--s 00000000 fd:02 2249158                    /home/ike/soft/gradle-4.1/lib/minlog-1.2.jar
7fb86408a000-7fb86408c000 r--s 00007000 fd:02 2249159                    /home/ike/soft/gradle-4.1/lib/objenesis-1.2.jar
7fb86408c000-7fb864090000 r--s 00026000 fd:02 2249124                    /home/ike/soft/gradle-4.1/lib/kryo-2.20.jar
7fb864090000-7fb864096000 r--s 0002b000 fd:02 2249121                    /home/ike/soft/gradle-4.1/lib/gradle-messaging-4.1.jar
7fb864096000-7fb864098000 r--s 00006000 fd:02 2249115                    /home/ike/soft/gradle-4.1/lib/gradle-process-services-4.1.jar
7fb864098000-7fb86409a000 r--s 00000000 fd:02 2249113                    /home/ike/soft/gradle-4.1/lib/gradle-jvm-services-4.1.jar
7fb86409a000-7fb86409f000 r--s 00041000 fd:02 2249134                    /home/ike/soft/gradle-4.1/lib/commons-lang-2.6.jar
7fb86409f000-7fb8640a2000 r--s 00006000 fd:02 2249133                    /home/ike/soft/gradle-4.1/lib/jsr305-1.3.9.jar
7fb8640a2000-7fb8640ca000 r--s 001cf000 fd:02 2249132                    /home/ike/soft/gradle-4.1/lib/guava-jdk5-17.0.jar
7fb8640ca000-7fb8640d2000 r--s 000bd000 fd:02 2249126                    /home/ike/soft/gradle-4.1/lib/asm-debug-all-6.0_ALPHA.jar
7fb8640d2000-7fb8640f1000 r--s 001d1000 fd:02 2249137                    /home/ike/soft/gradle-4.1/lib/ant-1.9.6.jar
7fb8640f1000-7fb8640f4000 ---p 00000000 00:00 0 
7fb8640f4000-7fb8641f2000 rw-p 00000000 00:00 0 
7fb8641f2000-7fb8641f3000 ---p 00000000 00:00 0 
7fb8641f3000-7fb865000000 rw-p 00000000 00:00 0 
7fb865000000-7fb867630000 rwxp 00000000 00:00 0 
7fb867630000-7fb874000000 ---p 00000000 00:00 0 
7fb874000000-7fb874d72000 rw-p 00000000 00:00 0 
7fb874d72000-7fb878000000 ---p 00000000 00:00 0 
7fb878000000-7fb878001000 r--s 00001000 fd:02 2249157                    /home/ike/soft/gradle-4.1/lib/native-platform-linux-i386-ncurses6-0.14.jar
7fb878001000-7fb878002000 r--s 00000000 fd:02 2249135                    /home/ike/soft/gradle-4.1/lib/jcip-annotations-1.0.jar
7fb878002000-7fb878003000 r--s 00007000 fd:02 2249131                    /home/ike/soft/gradle-4.1/lib/slf4j-api-1.7.10.jar
7fb878003000-7fb878007000 r--s 00027000 fd:02 2249127                    /home/ike/soft/gradle-4.1/lib/commons-io-2.2.jar
7fb878007000-7fb878008000 r--s 00004000 fd:02 2249143                    /home/ike/soft/gradle-4.1/lib/ant-launcher-1.9.6.jar
7fb878008000-7fb878052000 r--s 00253000 fd:02 2249112                    /home/ike/soft/gradle-4.1/lib/gradle-core-4.1.jar
7fb878052000-7fb878306000 rw-p 00000000 00:00 0 
7fb878306000-7fb8784df000 r--s 03d29000 fd:02 2100521                    /home/ike/soft/jdk1.8/jre/lib/rt.jar
7fb8784df000-7fb878f55000 rw-p 00000000 00:00 0 
7fb878f55000-7fb878f56000 ---p 00000000 00:00 0 
7fb878f56000-7fb879056000 rw-p 00000000 00:00 0 
7fb879056000-7fb879057000 ---p 00000000 00:00 0 
7fb879057000-7fb879157000 rw-p 00000000 00:00 0 
7fb879157000-7fb879158000 ---p 00000000 00:00 0 
7fb879158000-7fb879258000 rw-p 00000000 00:00 0 
7fb879258000-7fb879259000 ---p 00000000 00:00 0 
7fb879259000-7fb879418000 rw-p 00000000 00:00 0 
7fb879418000-7fb8794af000 ---p 00000000 00:00 0 
7fb8794af000-7fb87956e000 rw-p 00000000 00:00 0 
7fb87956e000-7fb879604000 ---p 00000000 00:00 0 
7fb879604000-7fb8796af000 rw-p 00000000 00:00 0 
7fb8796af000-7fb879749000 rw-p 00000000 00:00 0 
7fb879749000-7fb879a70000 ---p 00000000 00:00 0 
7fb879a70000-7fb879a8a000 r-xp 00000000 fd:02 2100263                    /home/ike/soft/jdk1.8/jre/lib/amd64/libzip.so
7fb879a8a000-7fb879c8a000 ---p 0001a000 fd:02 2100263                    /home/ike/soft/jdk1.8/jre/lib/amd64/libzip.so
7fb879c8a000-7fb879c8b000 rw-p 0001a000 fd:02 2100263                    /home/ike/soft/jdk1.8/jre/lib/amd64/libzip.so
7fb879c8b000-7fb879c95000 r-xp 00000000 fd:00 2891856                    /usr/lib64/libnss_files-2.24.so
7fb879c95000-7fb879e95000 ---p 0000a000 fd:00 2891856                    /usr/lib64/libnss_files-2.24.so
7fb879e95000-7fb879e96000 r--p 0000a000 fd:00 2891856                    /usr/lib64/libnss_files-2.24.so
7fb879e96000-7fb879e97000 rw-p 0000b000 fd:00 2891856                    /usr/lib64/libnss_files-2.24.so
7fb879e97000-7fb879e9d000 rw-p 00000000 00:00 0 
7fb879e9d000-7fb879ec7000 r-xp 00000000 fd:02 2100286                    /home/ike/soft/jdk1.8/jre/lib/amd64/libjava.so
7fb879ec7000-7fb87a0c7000 ---p 0002a000 fd:02 2100286                    /home/ike/soft/jdk1.8/jre/lib/amd64/libjava.so
7fb87a0c7000-7fb87a0c9000 rw-p 0002a000 fd:02 2100286                    /home/ike/soft/jdk1.8/jre/lib/amd64/libjava.so
7fb87a0c9000-7fb87a0d6000 r-xp 00000000 fd:02 2100257                    /home/ike/soft/jdk1.8/jre/lib/amd64/libverify.so
7fb87a0d6000-7fb87a2d6000 ---p 0000d000 fd:02 2100257                    /home/ike/soft/jdk1.8/jre/lib/amd64/libverify.so
7fb87a2d6000-7fb87a2d8000 rw-p 0000d000 fd:02 2100257                    /home/ike/soft/jdk1.8/jre/lib/amd64/libverify.so
7fb87a2d8000-7fb87a2df000 r-xp 00000000 fd:00 2891975                    /usr/lib64/librt-2.24.so
7fb87a2df000-7fb87a4de000 ---p 00007000 fd:00 2891975                    /usr/lib64/librt-2.24.so
7fb87a4de000-7fb87a4df000 r--p 00006000 fd:00 2891975                    /usr/lib64/librt-2.24.so
7fb87a4df000-7fb87a4e0000 rw-p 00007000 fd:00 2891975                    /usr/lib64/librt-2.24.so
7fb87a4e0000-7fb87a5e8000 r-xp 00000000 fd:00 2891438                    /usr/lib64/libm-2.24.so
7fb87a5e8000-7fb87a7e7000 ---p 00108000 fd:00 2891438                    /usr/lib64/libm-2.24.so
7fb87a7e7000-7fb87a7e8000 r--p 00107000 fd:00 2891438                    /usr/lib64/libm-2.24.so
7fb87a7e8000-7fb87a7e9000 rw-p 00108000 fd:00 2891438                    /usr/lib64/libm-2.24.so
7fb87a7e9000-7fb87b4b4000 r-xp 00000000 fd:02 2100238                    /home/ike/soft/jdk1.8/jre/lib/amd64/server/libjvm.so
7fb87b4b4000-7fb87b6b3000 ---p 00ccb000 fd:02 2100238                    /home/ike/soft/jdk1.8/jre/lib/amd64/server/libjvm.so
7fb87b6b3000-7fb87b78c000 rw-p 00cca000 fd:02 2100238                    /home/ike/soft/jdk1.8/jre/lib/amd64/server/libjvm.so
7fb87b78c000-7fb87b7d7000 rw-p 00000000 00:00 0 
7fb87b7d7000-7fb87b994000 r-xp 00000000 fd:00 2891285                    /usr/lib64/libc-2.24.so
7fb87b994000-7fb87bb93000 ---p 001bd000 fd:00 2891285                    /usr/lib64/libc-2.24.so
7fb87bb93000-7fb87bb97000 r--p 001bc000 fd:00 2891285                    /usr/lib64/libc-2.24.so
7fb87bb97000-7fb87bb99000 rw-p 001c0000 fd:00 2891285                    /usr/lib64/libc-2.24.so
7fb87bb99000-7fb87bb9d000 rw-p 00000000 00:00 0 
7fb87bb9d000-7fb87bba0000 r-xp 00000000 fd:00 2891382                    /usr/lib64/libdl-2.24.so
7fb87bba0000-7fb87bd9f000 ---p 00003000 fd:00 2891382                    /usr/lib64/libdl-2.24.so
7fb87bd9f000-7fb87bda0000 r--p 00002000 fd:00 2891382                    /usr/lib64/libdl-2.24.so
7fb87bda0000-7fb87bda1000 rw-p 00003000 fd:00 2891382                    /usr/lib64/libdl-2.24.so
7fb87bda1000-7fb87bdb6000 r-xp 00000000 fd:02 2098935                    /home/ike/soft/jdk1.8/lib/amd64/jli/libjli.so
7fb87bdb6000-7fb87bfb6000 ---p 00015000 fd:02 2098935                    /home/ike/soft/jdk1.8/lib/amd64/jli/libjli.so
7fb87bfb6000-7fb87bfb7000 rw-p 00015000 fd:02 2098935                    /home/ike/soft/jdk1.8/lib/amd64/jli/libjli.so
7fb87bfb7000-7fb87bfcf000 r-xp 00000000 fd:00 2891857                    /usr/lib64/libpthread-2.24.so
7fb87bfcf000-7fb87c1cf000 ---p 00018000 fd:00 2891857                    /usr/lib64/libpthread-2.24.so
7fb87c1cf000-7fb87c1d0000 r--p 00018000 fd:00 2891857                    /usr/lib64/libpthread-2.24.so
7fb87c1d0000-7fb87c1d1000 rw-p 00019000 fd:00 2891857                    /usr/lib64/libpthread-2.24.so
7fb87c1d1000-7fb87c1d5000 rw-p 00000000 00:00 0 
7fb87c1d5000-7fb87c1fa000 r-xp 00000000 fd:00 2894298                    /usr/lib64/ld-2.24.so
7fb87c1fa000-7fb87c206000 r--s 00053000 fd:02 2249122                    /home/ike/soft/gradle-4.1/lib/gradle-base-services-4.1.jar
7fb87c206000-7fb87c2df000 rw-p 00000000 00:00 0 
7fb87c2df000-7fb87c2e2000 ---p 00000000 00:00 0 
7fb87c2e2000-7fb87c3e2000 rw-p 00000000 00:00 0 
7fb87c3e2000-7fb87c3ee000 r--s 0005c000 fd:02 2249106                    /home/ike/soft/gradle-4.1/lib/gradle-launcher-4.1.jar
7fb87c3ee000-7fb87c3f6000 rw-s 00000000 00:29 1032320                    /tmp/hsperfdata_ike/24542
7fb87c3f6000-7fb87c3f7000 rw-p 00000000 00:00 0 
7fb87c3f7000-7fb87c3f8000 ---p 00000000 00:00 0 
7fb87c3f8000-7fb87c3fa000 rw-p 00000000 00:00 0 
7fb87c3fa000-7fb87c3fb000 r--p 00025000 fd:00 2894298                    /usr/lib64/ld-2.24.so
7fb87c3fb000-7fb87c3fc000 rw-p 00026000 fd:00 2894298                    /usr/lib64/ld-2.24.so
7fb87c3fc000-7fb87c3fd000 rw-p 00000000 00:00 0 
7ffd2931b000-7ffd2933c000 rw-p 00000000 00:00 0                          [stack]
7ffd293ac000-7ffd293ae000 r--p 00000000 00:00 0                          [vvar]
7ffd293ae000-7ffd293b0000 r-xp 00000000 00:00 0                          [vdso]
ffffffffff600000-ffffffffff601000 r-xp 00000000 00:00 0                  [vsyscall]

VM Arguments:
jvm_args: -XX:+HeapDumpOnOutOfMemoryError -Xmx1024m -Dfile.encoding=UTF-8 -Duser.country=CN -Duser.language=zh -Duser.variant 
java_command: org.gradle.launcher.daemon.bootstrap.GradleDaemon 4.1
java_class_path (initial): /home/ike/soft/gradle-4.1/lib/gradle-launcher-4.1.jar
Launcher Type: SUN_STANDARD

Environment Variables:
JAVA_HOME=/home/ike/soft/jdk1.8
PATH=/home/ike/soft/gradle/bin:/home/ike/soft/maven3.3.9/bin:/home/ike/soft/jdk1.8/bin:/home/ike/soft/jdk1.8/bin:/home/ike/soft/gradle-4.1/bin:/home/ike/soft/maven3.3.9/bin:/usr/lib64/qt-3.3/bin:/usr/local/bin:/usr/local/sbin:/usr/bin:/usr/sbin:/home/ike/.local/bin:/home/ike/bin
USERNAME=ike
LD_LIBRARY_PATH=/home/ike/soft/idea-IU-171.4424.56/bin:
SHELL=/bin/bash
DISPLAY=:0

Signal Handlers:
SIGSEGV: [libjvm.so+0xac4790], sa_mask[0]=11111111011111111101111111111110, sa_flags=SA_RESTART|SA_SIGINFO
SIGBUS: [libjvm.so+0xac4790], sa_mask[0]=11111111011111111101111111111110, sa_flags=SA_RESTART|SA_SIGINFO
SIGFPE: [libjvm.so+0x91f140], sa_mask[0]=11111111011111111101111111111110, sa_flags=SA_RESTART|SA_SIGINFO
SIGPIPE: [libjvm.so+0x91f140], sa_mask[0]=11111111011111111101111111111110, sa_flags=SA_RESTART|SA_SIGINFO
SIGXFSZ: [libjvm.so+0x91f140], sa_mask[0]=11111111011111111101111111111110, sa_flags=SA_RESTART|SA_SIGINFO
SIGILL: [libjvm.so+0x91f140], sa_mask[0]=11111111011111111101111111111110, sa_flags=SA_RESTART|SA_SIGINFO
SIGUSR1: SIG_DFL, sa_mask[0]=00000000000000000000000000000000, sa_flags=none
SIGUSR2: [libjvm.so+0x920770], sa_mask[0]=00100000000000000000000000000000, sa_flags=SA_RESTART|SA_SIGINFO
SIGHUP: [libjvm.so+0x921b70], sa_mask[0]=11111111011111111101111111111110, sa_flags=SA_RESTART|SA_SIGINFO
SIGINT: [libjvm.so+0x921b70], sa_mask[0]=11111111011111111101111111111110, sa_flags=SA_RESTART|SA_SIGINFO
SIGTERM: [libjvm.so+0x921b70], sa_mask[0]=11111111011111111101111111111110, sa_flags=SA_RESTART|SA_SIGINFO
SIGQUIT: [libjvm.so+0x921b70], sa_mask[0]=11111111011111111101111111111110, sa_flags=SA_RESTART|SA_SIGINFO


---------------  S Y S T E M  ---------------

OS:Fedora release 25 (Twenty Five)

uname:Linux 4.8.6-300.fc25.x86_64 #1 SMP Tue Nov 1 12:36:38 UTC 2016 x86_64
libc:glibc 2.24 NPTL 2.24 
rlimit: STACK 8192k, CORE 0k, NPROC 31367, NOFILE 4096, AS infinity
load average:2.59 1.97 1.48

/proc/meminfo:
MemTotal:        8053804 kB
MemFree:          121248 kB
MemAvailable:      26248 kB
Buffers:             888 kB
Cached:           198424 kB
SwapCached:         2460 kB
Active:          6624780 kB
Inactive:         882252 kB
Active(anon):    6615188 kB
Inactive(anon):   869380 kB
Active(file):       9592 kB
Inactive(file):    12872 kB
Unevictable:          80 kB
Mlocked:              80 kB
SwapTotal:       8187900 kB
SwapFree:              0 kB
Dirty:               112 kB
Writeback:             0 kB
AnonPages:       7306424 kB
Mapped:            69636 kB
Shmem:            176748 kB
Slab:             191900 kB
SReclaimable:      60156 kB
SUnreclaim:       131744 kB
KernelStack:       44688 kB
PageTables:       108168 kB
NFS_Unstable:          0 kB
Bounce:                0 kB
WritebackTmp:          0 kB
CommitLimit:    12214800 kB
Committed_AS:   26033024 kB
VmallocTotal:   34359738367 kB
VmallocUsed:           0 kB
VmallocChunk:          0 kB
HardwareCorrupted:     0 kB
AnonHugePages:         0 kB
ShmemHugePages:        0 kB
ShmemPmdMapped:        0 kB
CmaTotal:              0 kB
CmaFree:               0 kB
HugePages_Total:       0
HugePages_Free:        0
HugePages_Rsvd:        0
HugePages_Surp:        0
Hugepagesize:       2048 kB
DirectMap4k:      298148 kB
DirectMap2M:     7968768 kB
DirectMap1G:           0 kB


CPU:total 4 (4 cores per cpu, 1 threads per core) family 6 model 94 stepping 3, cmov, cx8, fxsr, mmx, sse, sse2, sse3, ssse3, sse4.1, sse4.2, popcnt, avx, avx2, aes, clmul, erms, rtm, 3dnowpref, lzcnt, tsc, tscinvbit, bmi1, bmi2, adx

/proc/cpuinfo:
processor	: 0
vendor_id	: GenuineIntel
cpu family	: 6
model		: 94
model name	: Intel(R) Core(TM) i5-6500 CPU @ 3.20GHz
stepping	: 3
microcode	: 0x9e
cpu MHz		: 2617.578
cache size	: 6144 KB
physical id	: 0
siblings	: 4
core id		: 0
cpu cores	: 4
apicid		: 0
initial apicid	: 0
fpu		: yes
fpu_exception	: yes
cpuid level	: 22
wp		: yes
flags		: fpu vme de pse tsc msr pae mce cx8 apic sep mtrr pge mca cmov pat pse36 clflush dts acpi mmx fxsr sse sse2 ss ht tm pbe syscall nx pdpe1gb rdtscp lm constant_tsc art arch_perfmon pebs bts rep_good nopl xtopology nonstop_tsc aperfmperf eagerfpu pni pclmulqdq dtes64 monitor ds_cpl vmx smx est tm2 ssse3 sdbg fma cx16 xtpr pdcm pcid sse4_1 sse4_2 x2apic movbe popcnt tsc_deadline_timer aes xsave avx f16c rdrand lahf_lm abm 3dnowprefetch intel_pt tpr_shadow vnmi flexpriority ept vpid fsgsbase tsc_adjust bmi1 hle avx2 smep bmi2 erms invpcid rtm mpx rdseed adx smap clflushopt xsaveopt xsavec xgetbv1 xsaves dtherm ida arat pln pts hwp hwp_notify hwp_act_window hwp_epp
bugs		:
bogomips	: 6384.00
clflush size	: 64
cache_alignment	: 64
address sizes	: 39 bits physical, 48 bits virtual
power management:

processor	: 1
vendor_id	: GenuineIntel
cpu family	: 6
model		: 94
model name	: Intel(R) Core(TM) i5-6500 CPU @ 3.20GHz
stepping	: 3
microcode	: 0x9e
cpu MHz		: 3247.265
cache size	: 6144 KB
physical id	: 0
siblings	: 4
core id		: 1
cpu cores	: 4
apicid		: 2
initial apicid	: 2
fpu		: yes
fpu_exception	: yes
cpuid level	: 22
wp		: yes
flags		: fpu vme de pse tsc msr pae mce cx8 apic sep mtrr pge mca cmov pat pse36 clflush dts acpi mmx fxsr sse sse2 ss ht tm pbe syscall nx pdpe1gb rdtscp lm constant_tsc art arch_perfmon pebs bts rep_good nopl xtopology nonstop_tsc aperfmperf eagerfpu pni pclmulqdq dtes64 monitor ds_cpl vmx smx est tm2 ssse3 sdbg fma cx16 xtpr pdcm pcid sse4_1 sse4_2 x2apic movbe popcnt tsc_deadline_timer aes xsave avx f16c rdrand lahf_lm abm 3dnowprefetch intel_pt tpr_shadow vnmi flexpriority ept vpid fsgsbase tsc_adjust bmi1 hle avx2 smep bmi2 erms invpcid rtm mpx rdseed adx smap clflushopt xsaveopt xsavec xgetbv1 xsaves dtherm ida arat pln pts hwp hwp_notify hwp_act_window hwp_epp
bugs		:
bogomips	: 6387.67
clflush size	: 64
cache_alignment	: 64
address sizes	: 39 bits physical, 48 bits virtual
power management:

processor	: 2
vendor_id	: GenuineIntel
cpu family	: 6
model		: 94
model name	: Intel(R) Core(TM) i5-6500 CPU @ 3.20GHz
stepping	: 3
microcode	: 0x9e
cpu MHz		: 2934.765
cache size	: 6144 KB
physical id	: 0
siblings	: 4
core id		: 2
cpu cores	: 4
apicid		: 4
initial apicid	: 4
fpu		: yes
fpu_exception	: yes
cpuid level	: 22
wp		: yes
flags		: fpu vme de pse tsc msr pae mce cx8 apic sep mtrr pge mca cmov pat pse36 clflush dts acpi mmx fxsr sse sse2 ss ht tm pbe syscall nx pdpe1gb rdtscp lm constant_tsc art arch_perfmon pebs bts rep_good nopl xtopology nonstop_tsc aperfmperf eagerfpu pni pclmulqdq dtes64 monitor ds_cpl vmx smx est tm2 ssse3 sdbg fma cx16 xtpr pdcm pcid sse4_1 sse4_2 x2apic movbe popcnt tsc_deadline_timer aes xsave avx f16c rdrand lahf_lm abm 3dnowprefetch intel_pt tpr_shadow vnmi flexpriority ept vpid fsgsbase tsc_adjust bmi1 hle avx2 smep bmi2 erms invpcid rtm mpx rdseed adx smap clflushopt xsaveopt xsavec xgetbv1 xsaves dtherm ida arat pln pts hwp hwp_notify hwp_act_window hwp_epp
bugs		:
bogomips	: 6387.68
clflush size	: 64
cache_alignment	: 64
address sizes	: 39 bits physical, 48 bits virtual
power management:

processor	: 3
vendor_id	: GenuineIntel
cpu family	: 6
model		: 94
model name	: Intel(R) Core(TM) i5-6500 CPU @ 3.20GHz
stepping	: 3
microcode	: 0x9e
cpu MHz		: 3157.421
cache size	: 6144 KB
physical id	: 0
siblings	: 4
core id		: 3
cpu cores	: 4
apicid		: 6
initial apicid	: 6
fpu		: yes
fpu_exception	: yes
cpuid level	: 22
wp		: yes
flags		: fpu vme de pse tsc msr pae mce cx8 apic sep mtrr pge mca cmov pat pse36 clflush dts acpi mmx fxsr sse sse2 ss ht tm pbe syscall nx pdpe1gb rdtscp lm constant_tsc art arch_perfmon pebs bts rep_good nopl xtopology nonstop_tsc aperfmperf eagerfpu pni pclmulqdq dtes64 monitor ds_cpl vmx smx est tm2 ssse3 sdbg fma cx16 xtpr pdcm pcid sse4_1 sse4_2 x2apic movbe popcnt tsc_deadline_timer aes xsave avx f16c rdrand lahf_lm abm 3dnowprefetch intel_pt tpr_shadow vnmi flexpriority ept vpid fsgsbase tsc_adjust bmi1 hle avx2 smep bmi2 erms invpcid rtm mpx rdseed adx smap clflushopt xsaveopt xsavec xgetbv1 xsaves dtherm ida arat pln pts hwp hwp_notify hwp_act_window hwp_epp
bugs		:
bogomips	: 6387.70
clflush size	: 64
cache_alignment	: 64
address sizes	: 39 bits physical, 48 bits virtual
power management:



Memory: 4k page, physical 8053804k(121248k free), swap 8187900k(0k free)

vm_info: Java HotSpot(TM) 64-Bit Server VM (25.101-b13) for linux-amd64 JRE (1.8.0_101-b13), built on Jun 22 2016 02:59:44 by "java_re" with gcc 4.3.0 20080428 (Red Hat 4.3.0-8)

time: Sat Oct 21 11:58:26 2017
elapsed time: 48 seconds (0d 0h 0m 48s)

