#
# There is insufficient memory for the Java Runtime Environment to continue.
# Native memory allocation (mmap) failed to map 159383552 bytes for committing reserved memory.
# Possible reasons:
#   The system is out of physical RAM or swap space
#   In 32 bit mode, the process size limit was hit
# Possible solutions:
#   Reduce memory load on the system
#   Increase physical memory or swap space
#   Check if swap backing store is full
#   Use 64 bit Java on a 64 bit OS
#   Decrease Java heap size (-Xmx/-Xms)
#   Decrease number of Java threads
#   Decrease Java thread stack sizes (-Xss)
#   Set larger code cache with -XX:ReservedCodeCacheSize=
# This output file may be truncated or incomplete.
#
#  Out of Memory Error (os_linux.cpp:2627), pid=21091, tid=0x00007fb240fb7700
#
# JRE version: Java(TM) SE Runtime Environment (8.0_101-b13) (build 1.8.0_101-b13)
# Java VM: Java HotSpot(TM) 64-Bit Server VM (25.101-b13 mixed mode linux-amd64 compressed oops)
# Failed to write core dump. Core dumps have been disabled. To enable core dumping, try "ulimit -c unlimited" before starting Java again
#

---------------  T H R E A D  ---------------

Current thread (0x00007fb254076800):  VMThread [stack: 0x00007fb240eb7000,0x00007fb240fb8000] [id=21099]

Stack: [0x00007fb240eb7000,0x00007fb240fb8000],  sp=0x00007fb240fb6020,  free space=1020k
Native frames: (J=compiled Java code, j=interpreted, Vv=VM code, C=native code)
V  [libjvm.so+0xac3f0a]  VMError::report_and_die()+0x2ba
V  [libjvm.so+0x4fbf9b]  report_vm_out_of_memory(char const*, int, unsigned long, VMErrorType, char const*)+0x8b
V  [libjvm.so+0x9222d3]  os::Linux::commit_memory_impl(char*, unsigned long, bool)+0x103
V  [libjvm.so+0x922829]  os::pd_commit_memory(char*, unsigned long, unsigned long, bool)+0x29
V  [libjvm.so+0x91cb2a]  os::commit_memory(char*, unsigned long, unsigned long, bool)+0x2a
V  [libjvm.so+0x991053]  PSVirtualSpace::expand_by(unsigned long)+0x53
V  [libjvm.so+0x981920]  PSOldGen::expand(unsigned long)+0x170
V  [libjvm.so+0x981b2b]  PSOldGen::resize(unsigned long)+0x1cb
V  [libjvm.so+0x989821]  PSParallelCompact::invoke_no_policy(bool)+0x991
V  [libjvm.so+0x98f17d]  PSScavenge::invoke()+0x1ad
V  [libjvm.so+0x945fc0]  ParallelScavengeHeap::failed_mem_allocate(unsigned long)+0x70
V  [libjvm.so+0xac5927]  VM_ParallelGCFailedAllocation::doit()+0x97
V  [libjvm.so+0xacd405]  VM_Operation::evaluate()+0x55
V  [libjvm.so+0xacb7da]  VMThread::evaluate_operation(VM_Operation*)+0xba
V  [libjvm.so+0xacbb5e]  VMThread::loop()+0x1ce
V  [libjvm.so+0xacbfd0]  VMThread::run()+0x70
V  [libjvm.so+0x924698]  java_start(Thread*)+0x108

VM_Operation (0x00007fb1efef8fe0): ParallelGCFailedAllocation, mode: safepoint, requested by thread 0x00007fb1f000a000


---------------  P R O C E S S  ---------------

Java Threads: ( => current thread )
  0x00007fb1e0534000 JavaThread "build operations Thread 4" [_thread_blocked, id=21127, stack(0x00007fb1edb1e000,0x00007fb1edc1f000)]
  0x00007fb1e0e1c800 JavaThread "build operations Thread 3" [_thread_blocked, id=21126, stack(0x00007fb1edc1f000,0x00007fb1edd20000)]
  0x00007fb1e0e1b000 JavaThread "build operations Thread 2" [_thread_blocked, id=21125, stack(0x00007fb1edd20000,0x00007fb1ede21000)]
  0x00007fb1e0e18800 JavaThread "build operations" [_thread_blocked, id=21124, stack(0x00007fb1ede21000,0x00007fb1edf22000)]
  0x00007fb1e12df800 JavaThread "Memory manager" [_thread_blocked, id=21123, stack(0x00007fb1ee522000,0x00007fb1ee623000)]
  0x00007fb1e0fd9800 JavaThread "Cache worker for Artifact transforms cache (/home/ike/.gradle/caches/transforms-1)" [_thread_blocked, id=21122, stack(0x00007fb1eec23000,0x00007fb1eed24000)]
  0x00007fb1e02aa000 JavaThread "Cache worker for file hash cache (/home/ike/code/goddess-java/.gradle/4.1/fileHashes)" [_thread_blocked, id=21121, stack(0x00007fb1ef4f9000,0x00007fb1ef5fa000)]
  0x00007fb1e0115800 JavaThread "File lock request listener" [_thread_in_native, id=21120, stack(0x00007fb1ef7fa000,0x00007fb1ef8fb000)]
  0x00007fb1e011a000 JavaThread "Cache worker for file hash cache (/home/ike/.gradle/caches/4.1/fileHashes)" [_thread_blocked, id=21119, stack(0x00007fb1ef8fb000,0x00007fb1ef9fc000)]
  0x00007fb1e0011800 JavaThread "Stdin handler" [_thread_blocked, id=21117, stack(0x00007fb1efbfc000,0x00007fb1efcfd000)]
  0x00007fb1e0002800 JavaThread "Asynchronous log dispatcher for DefaultDaemonConnection: socket connection from /127.0.0.1:39615 to /127.0.0.1:50190" [_thread_blocked, id=21116, stack(0x00007fb1efcfd000,0x00007fb1efdfe000)]
  0x00007fb1f000a000 JavaThread "Daemon worker" [_thread_blocked, id=21114, stack(0x00007fb1efdfe000,0x00007fb1efeff000)]
  0x00007fb1f000e000 JavaThread "Cancel handler" [_thread_blocked, id=21113, stack(0x00007fb1efeff000,0x00007fb1f0000000)]
  0x00007fb1f0008800 JavaThread "Handler for socket connection from /127.0.0.1:39615 to /127.0.0.1:50190" [_thread_in_native, id=21112, stack(0x00007fb21c031000,0x00007fb21c132000)]
  0x00007fb1f801a800 JavaThread "Daemon" [_thread_blocked, id=21111, stack(0x00007fb21c132000,0x00007fb21c233000)]
  0x00007fb254d38000 JavaThread "Daemon periodic checks" [_thread_blocked, id=21110, stack(0x00007fb21c233000,0x00007fb21c334000)]
  0x00007fb254d16800 JavaThread "Incoming local TCP Connector on port 39615" [_thread_in_native, id=21109, stack(0x00007fb21c33b000,0x00007fb21c43c000)]
  0x00007fb254ccc000 JavaThread "Daemon health stats" [_thread_blocked, id=21108, stack(0x00007fb21c640000,0x00007fb21c741000)]
  0x00007fb2540bf000 JavaThread "Service Thread" daemon [_thread_blocked, id=21106, stack(0x00007fb2407b0000,0x00007fb2408b1000)]
  0x00007fb2540bb800 JavaThread "C1 CompilerThread2" daemon [_thread_blocked, id=21105, stack(0x00007fb2408b1000,0x00007fb2409b2000)]
  0x00007fb2540ba000 JavaThread "C2 CompilerThread1" daemon [_thread_blocked, id=21104, stack(0x00007fb2409b2000,0x00007fb240ab3000)]
  0x00007fb2540b7000 JavaThread "C2 CompilerThread0" daemon [_thread_blocked, id=21103, stack(0x00007fb240ab3000,0x00007fb240bb4000)]
  0x00007fb2540b5800 JavaThread "Signal Dispatcher" daemon [_thread_blocked, id=21102, stack(0x00007fb240bb4000,0x00007fb240cb5000)]
  0x00007fb254083000 JavaThread "Finalizer" daemon [_thread_blocked, id=21101, stack(0x00007fb240cb5000,0x00007fb240db6000)]
  0x00007fb25407e000 JavaThread "Reference Handler" daemon [_thread_blocked, id=21100, stack(0x00007fb240db6000,0x00007fb240eb7000)]
  0x00007fb254008000 JavaThread "main" [_thread_blocked, id=21093, stack(0x00007fb25af54000,0x00007fb25b055000)]

Other Threads:
=>0x00007fb254076800 VMThread [stack: 0x00007fb240eb7000,0x00007fb240fb8000] [id=21099]
  0x00007fb2540c2000 WatcherThread [stack: 0x00007fb2406af000,0x00007fb2407b0000] [id=21107]

VM state:at safepoint (normal execution)

VM Mutex/Monitor currently owned by a thread:  ([mutex/lock_event])
[0x00007fb254005ad0] ExpandHeap_lock - owner thread: 0x00007fb254076800
[0x00007fb254006150] Threads_lock - owner thread: 0x00007fb254076800
[0x00007fb254006650] Heap_lock - owner thread: 0x00007fb1f000a000

Heap:
 PSYoungGen      total 287232K, used 0K [0x00000000eab00000, 0x0000000100000000, 0x0000000100000000)
  eden space 225280K, 0% used [0x00000000eab00000,0x00000000eab00000,0x00000000f8700000)
  from space 61952K, 0% used [0x00000000fc380000,0x00000000fc380000,0x0000000100000000)
  to   space 61952K, 0% used [0x00000000f8700000,0x00000000f8700000,0x00000000fc380000)
 ParOldGen       total 379904K, used 378980K [0x00000000c0000000, 0x00000000d7300000, 0x00000000eab00000)
  object space 379904K, 99% used [0x00000000c0000000,0x00000000d7219188,0x00000000d7300000)
 Metaspace       used 58601K, capacity 70171K, committed 70424K, reserved 1105920K
  class space    used 8913K, capacity 13228K, committed 13336K, reserved 1048576K

Card table byte_map: [0x00007fb258124000,0x00007fb258325000] byte_map_base: 0x00007fb257b24000

Marking Bits: (ParMarkBitMap*) 0x00007fb25a41f120
 Begin Bits: [0x00007fb242ba7000, 0x00007fb243ba7000)
 End Bits:   [0x00007fb243ba7000, 0x00007fb244ba7000)

Polling page: 0x00007fb25b06c000

CodeCache: size=245760Kb used=39898Kb max_used=41014Kb free=205862Kb
 bounds [0x00007fb245000000, 0x00007fb247860000, 0x00007fb254000000]
 total_blobs=12208 nmethods=11499 adapters=621
 compilation: enabled

Compilation events (10 events):
Event: 49.535 Thread 0x00007fb2540ba000 nmethod 14809 0x00007fb245298210 code [0x00007fb245298360, 0x00007fb245298498]
Event: 49.595 Thread 0x00007fb2540bb800 14810       3       org.gradle.api.internal.artifacts.ivyservice.moduleconverter.dependencies.DefaultExcludeRuleConverter::convertExcludeRule (79 bytes)
Event: 49.604 Thread 0x00007fb2540bb800 nmethod 14810 0x00007fb246449a10 code [0x00007fb246449c20, 0x00007fb24644a5c8]
Event: 49.758 Thread 0x00007fb2540bb800 14811 %     3       org.gradle.api.internal.artifacts.ivyservice.resolveengine.excludes.AbstractCompositeExclusion::doExcludesSameModulesAs @ 47 (197 bytes)
Event: 49.784 Thread 0x00007fb2540bb800 nmethod 14811% 0x00007fb245882cd0 code [0x00007fb2458830a0, 0x00007fb245885058]
Event: 49.807 Thread 0x00007fb2540bb800 14812   !   3       org.apache.tools.ant.ComponentHelper::updateRestrictedDefinition (153 bytes)
Event: 49.813 Thread 0x00007fb2540bb800 nmethod 14812 0x00007fb245d7d3d0 code [0x00007fb245d7d620, 0x00007fb245d7e6b8]
Event: 49.814 Thread 0x00007fb2540bb800 14813       3       org.gradle.api.internal.project.DefaultProject_Decorated::getProjectRegistry (31 bytes)
Event: 49.814 Thread 0x00007fb2540bb800 nmethod 14813 0x00007fb245fa3490 code [0x00007fb245fa3620, 0x00007fb245fa3ac8]
Event: 49.843 Thread 0x00007fb2540b7000 14814       4       org.gradle.api.internal.DelegatingDomainObjectSet::size (10 bytes)

GC Heap History (10 events):
Event: 47.424 GC heap after
Heap after GC invocations=88 (full 4):
 PSYoungGen      total 291328K, used 44416K [0x00000000eab00000, 0x0000000100000000, 0x0000000100000000)
  eden space 237568K, 0% used [0x00000000eab00000,0x00000000eab00000,0x00000000f9300000)
  from space 53760K, 82% used [0x00000000fcb80000,0x00000000ff6e0000,0x0000000100000000)
  to   space 55808K, 0% used [0x00000000f9300000,0x00000000f9300000,0x00000000fc980000)
 ParOldGen       total 379904K, used 368099K [0x00000000c0000000, 0x00000000d7300000, 0x00000000eab00000)
  object space 379904K, 96% used [0x00000000c0000000,0x00000000d6778cd8,0x00000000d7300000)
 Metaspace       used 58600K, capacity 70171K, committed 70424K, reserved 1105920K
  class space    used 8913K, capacity 13228K, committed 13336K, reserved 1048576K
}
Event: 48.060 GC heap before
{Heap before GC invocations=89 (full 4):
 PSYoungGen      total 291328K, used 281984K [0x00000000eab00000, 0x0000000100000000, 0x0000000100000000)
  eden space 237568K, 100% used [0x00000000eab00000,0x00000000f9300000,0x00000000f9300000)
  from space 53760K, 82% used [0x00000000fcb80000,0x00000000ff6e0000,0x0000000100000000)
  to   space 55808K, 0% used [0x00000000f9300000,0x00000000f9300000,0x00000000fc980000)
 ParOldGen       total 379904K, used 368099K [0x00000000c0000000, 0x00000000d7300000, 0x00000000eab00000)
  object space 379904K, 96% used [0x00000000c0000000,0x00000000d6778cd8,0x00000000d7300000)
 Metaspace       used 58600K, capacity 70171K, committed 70424K, reserved 1105920K
  class space    used 8913K, capacity 13228K, committed 13336K, reserved 1048576K
Event: 48.092 GC heap after
Heap after GC invocations=89 (full 4):
 PSYoungGen      total 285184K, used 47296K [0x00000000eab00000, 0x0000000100000000, 0x0000000100000000)
  eden space 237568K, 0% used [0x00000000eab00000,0x00000000eab00000,0x00000000f9300000)
  from space 47616K, 99% used [0x00000000f9300000,0x00000000fc130000,0x00000000fc180000)
  to   space 58368K, 0% used [0x00000000fc700000,0x00000000fc700000,0x0000000100000000)
 ParOldGen       total 379904K, used 368099K [0x00000000c0000000, 0x00000000d7300000, 0x00000000eab00000)
  object space 379904K, 96% used [0x00000000c0000000,0x00000000d6778cd8,0x00000000d7300000)
 Metaspace       used 58600K, capacity 70171K, committed 70424K, reserved 1105920K
  class space    used 8913K, capacity 13228K, committed 13336K, reserved 1048576K
}
Event: 48.541 GC heap before
{Heap before GC invocations=90 (full 4):
 PSYoungGen      total 285184K, used 284864K [0x00000000eab00000, 0x0000000100000000, 0x0000000100000000)
  eden space 237568K, 100% used [0x00000000eab00000,0x00000000f9300000,0x00000000f9300000)
  from space 47616K, 99% used [0x00000000f9300000,0x00000000fc130000,0x00000000fc180000)
  to   space 58368K, 0% used [0x00000000fc700000,0x00000000fc700000,0x0000000100000000)
 ParOldGen       total 379904K, used 368099K [0x00000000c0000000, 0x00000000d7300000, 0x00000000eab00000)
  object space 379904K, 96% used [0x00000000c0000000,0x00000000d6778cd8,0x00000000d7300000)
 Metaspace       used 58600K, capacity 70171K, committed 70424K, reserved 1105920K
  class space    used 8913K, capacity 13228K, committed 13336K, reserved 1048576K
Event: 48.578 GC heap after
Heap after GC invocations=90 (full 4):
 PSYoungGen      total 287744K, used 46464K [0x00000000eab00000, 0x0000000100000000, 0x0000000100000000)
  eden space 229376K, 0% used [0x00000000eab00000,0x00000000eab00000,0x00000000f8b00000)
  from space 58368K, 79% used [0x00000000fc700000,0x00000000ff460000,0x0000000100000000)
  to   space 59904K, 0% used [0x00000000f8b00000,0x00000000f8b00000,0x00000000fc580000)
 ParOldGen       total 379904K, used 369683K [0x00000000c0000000, 0x00000000d7300000, 0x00000000eab00000)
  object space 379904K, 97% used [0x00000000c0000000,0x00000000d6904cf8,0x00000000d7300000)
 Metaspace       used 58600K, capacity 70171K, committed 70424K, reserved 1105920K
  class space    used 8913K, capacity 13228K, committed 13336K, reserved 1048576K
}
Event: 49.326 GC heap before
{Heap before GC invocations=91 (full 4):
 PSYoungGen      total 287744K, used 275840K [0x00000000eab00000, 0x0000000100000000, 0x0000000100000000)
  eden space 229376K, 100% used [0x00000000eab00000,0x00000000f8b00000,0x00000000f8b00000)
  from space 58368K, 79% used [0x00000000fc700000,0x00000000ff460000,0x0000000100000000)
  to   space 59904K, 0% used [0x00000000f8b00000,0x00000000f8b00000,0x00000000fc580000)
 ParOldGen       total 379904K, used 369683K [0x00000000c0000000, 0x00000000d7300000, 0x00000000eab00000)
  object space 379904K, 97% used [0x00000000c0000000,0x00000000d6904cf8,0x00000000d7300000)
 Metaspace       used 58601K, capacity 70171K, committed 70424K, reserved 1105920K
  class space    used 8913K, capacity 13228K, committed 13336K, reserved 1048576K
Event: 49.374 GC heap after
Heap after GC invocations=91 (full 4):
 PSYoungGen      total 277504K, used 47712K [0x00000000eab00000, 0x0000000100000000, 0x0000000100000000)
  eden space 229376K, 0% used [0x00000000eab00000,0x00000000eab00000,0x00000000f8b00000)
  from space 48128K, 99% used [0x00000000f8b00000,0x00000000fb998000,0x00000000fba00000)
  to   space 61952K, 0% used [0x00000000fc380000,0x00000000fc380000,0x0000000100000000)
 ParOldGen       total 379904K, used 373023K [0x00000000c0000000, 0x00000000d7300000, 0x00000000eab00000)
  object space 379904K, 98% used [0x00000000c0000000,0x00000000d6c47d88,0x00000000d7300000)
 Metaspace       used 58601K, capacity 70171K, committed 70424K, reserved 1105920K
  class space    used 8913K, capacity 13228K, committed 13336K, reserved 1048576K
}
Event: 49.905 GC heap before
{Heap before GC invocations=92 (full 4):
 PSYoungGen      total 277504K, used 277088K [0x00000000eab00000, 0x0000000100000000, 0x0000000100000000)
  eden space 229376K, 100% used [0x00000000eab00000,0x00000000f8b00000,0x00000000f8b00000)
  from space 48128K, 99% used [0x00000000f8b00000,0x00000000fb998000,0x00000000fba00000)
  to   space 61952K, 0% used [0x00000000fc380000,0x00000000fc380000,0x0000000100000000)
 ParOldGen       total 379904K, used 373023K [0x00000000c0000000, 0x00000000d7300000, 0x00000000eab00000)
  object space 379904K, 98% used [0x00000000c0000000,0x00000000d6c47d88,0x00000000d7300000)
 Metaspace       used 58601K, capacity 70171K, committed 70424K, reserved 1105920K
  class space    used 8913K, capacity 13228K, committed 13336K, reserved 1048576K
Event: 49.943 GC heap after
Heap after GC invocations=92 (full 4):
 PSYoungGen      total 287232K, used 44512K [0x00000000eab00000, 0x0000000100000000, 0x0000000100000000)
  eden space 225280K, 0% used [0x00000000eab00000,0x00000000eab00000,0x00000000f8700000)
  from space 61952K, 71% used [0x00000000fc380000,0x00000000feef8000,0x0000000100000000)
  to   space 61952K, 0% used [0x00000000f8700000,0x00000000f8700000,0x00000000fc380000)
 ParOldGen       total 379904K, used 375871K [0x00000000c0000000, 0x00000000d7300000, 0x00000000eab00000)
  object space 379904K, 98% used [0x00000000c0000000,0x00000000d6f0fde8,0x00000000d7300000)
 Metaspace       used 58601K, capacity 70171K, committed 70424K, reserved 1105920K
  class space    used 8913K, capacity 13228K, committed 13336K, reserved 1048576K
}
Event: 49.943 GC heap before
{Heap before GC invocations=93 (full 5):
 PSYoungGen      total 287232K, used 44512K [0x00000000eab00000, 0x0000000100000000, 0x0000000100000000)
  eden space 225280K, 0% used [0x00000000eab00000,0x00000000eab00000,0x00000000f8700000)
  from space 61952K, 71% used [0x00000000fc380000,0x00000000feef8000,0x0000000100000000)
  to   space 61952K, 0% used [0x00000000f8700000,0x00000000f8700000,0x00000000fc380000)
 ParOldGen       total 379904K, used 375871K [0x00000000c0000000, 0x00000000d7300000, 0x00000000eab00000)
  object space 379904K, 98% used [0x00000000c0000000,0x00000000d6f0fde8,0x00000000d7300000)
 Metaspace       used 58601K, capacity 70171K, committed 70424K, reserved 1105920K
  class space    used 8913K, capacity 13228K, committed 13336K, reserved 1048576K

Deoptimization events (10 events):
Event: 29.872 Thread 0x00007fb1f000a000 Uncommon trap: reason=null_check action=make_not_entrant pc=0x00007fb2473d7174 method=io.spring.gradle.dependencymanagement.org.codehaus.plexus.util.xml.Xpp3Dom.mergeIntoXpp3Dom(Lio/spring/gradle/dependencymanagement/org/codehaus/plexus/util/xml/Xpp3Dom;L
Event: 30.661 Thread 0x00007fb254d38000 Uncommon trap: reason=speculate_class_check action=maybe_recompile pc=0x00007fb245cb464c method=java.util.AbstractList.listIterator()Ljava/util/ListIterator; @ 2
Event: 33.287 Thread 0x00007fb1e12df800 Uncommon trap: reason=class_check action=maybe_recompile pc=0x00007fb245292144 method=sun.nio.cs.StreamDecoder.inReady()Z @ 11
Event: 38.290 Thread 0x00007fb1e12df800 Uncommon trap: reason=class_check action=maybe_recompile pc=0x00007fb245292144 method=sun.nio.cs.StreamDecoder.inReady()Z @ 11
Event: 40.663 Thread 0x00007fb254d38000 Uncommon trap: reason=speculate_class_check action=maybe_recompile pc=0x00007fb245cb464c method=java.util.AbstractList.listIterator()Ljava/util/ListIterator; @ 2
Event: 43.288 Thread 0x00007fb1e12df800 Uncommon trap: reason=class_check action=maybe_recompile pc=0x00007fb245292144 method=sun.nio.cs.StreamDecoder.inReady()Z @ 11
Event: 45.224 Thread 0x00007fb1f000a000 Uncommon trap: reason=unstable_if action=reinterpret pc=0x00007fb246792354 method=java.io.ExpiringCache.entryFor(Ljava/lang/String;)Ljava/io/ExpiringCache$Entry; @ 39
Event: 45.796 Thread 0x00007fb1f000a000 Uncommon trap: reason=unstable_if action=reinterpret pc=0x00007fb2469af1c8 method=java.io.ExpiringCache.entryFor(Ljava/lang/String;)Ljava/io/ExpiringCache$Entry; @ 39
Event: 47.581 Thread 0x00007fb1e0002800 Uncommon trap: reason=unstable_if action=reinterpret pc=0x00007fb246d5d884 method=com.esotericsoftware.kryo.io.Output.writeLong(JZ)I @ 55
Event: 48.619 Thread 0x00007fb1f000a000 Uncommon trap: reason=unstable_if action=reinterpret pc=0x00007fb245d3a1b8 method=org.gradle.api.internal.project.DefaultProject_Decorated.getProjectRegistry()Lorg/gradle/api/internal/project/ProjectRegistry; @ 4

Internal exceptions (10 events):
Event: 23.985 Thread 0x00007fb1f000a000 Implicit null exception at 0x00007fb24746da02 to 0x00007fb247470545
Event: 24.435 Thread 0x00007fb1f000a000 Implicit null exception at 0x00007fb24748b11d to 0x00007fb24748fc79
Event: 26.178 Thread 0x00007fb1f000a000 Implicit null exception at 0x00007fb2475abde1 to 0x00007fb2475ae7a1
Event: 28.287 Thread 0x00007fb1e12df800 Exception <a 'java/io/IOException'> (0x00000000f060bd60) thrown at [/HUDSON3/workspace/8-2-build-linux-amd64/jdk8u101/7261/hotspot/src/share/vm/prims/jni.cpp, line 709]
Event: 28.984 Thread 0x00007fb1f000a000 Implicit null exception at 0x00007fb246eaae8a to 0x00007fb246eb0a55
Event: 29.872 Thread 0x00007fb1f000a000 Implicit null exception at 0x00007fb2473d163a to 0x00007fb2473d7169
Event: 33.288 Thread 0x00007fb1e12df800 Exception <a 'java/io/IOException'> (0x00000000f158fc78) thrown at [/HUDSON3/workspace/8-2-build-linux-amd64/jdk8u101/7261/hotspot/src/share/vm/prims/jni.cpp, line 709]
Event: 38.294 Thread 0x00007fb1e12df800 Exception <a 'java/io/IOException'> (0x00000000fa549ff8) thrown at [/HUDSON3/workspace/8-2-build-linux-amd64/jdk8u101/7261/hotspot/src/share/vm/prims/jni.cpp, line 709]
Event: 43.301 Thread 0x00007fb1e12df800 Exception <a 'java/io/IOException'> (0x00000000f9a7b890) thrown at [/HUDSON3/workspace/8-2-build-linux-amd64/jdk8u101/7261/hotspot/src/share/vm/prims/jni.cpp, line 709]
Event: 48.307 Thread 0x00007fb1e12df800 Exception <a 'java/io/IOException'> (0x00000000eebcbd58) thrown at [/HUDSON3/workspace/8-2-build-linux-amd64/jdk8u101/7261/hotspot/src/share/vm/prims/jni.cpp, line 709]

Events (10 events):
Event: 48.540 Executing VM operation: ParallelGCFailedAllocation
Event: 48.578 Executing VM operation: ParallelGCFailedAllocation done
Event: 48.619 Thread 0x00007fb1f000a000 Uncommon trap: trap_request=0xffffff65 fr.pc=0x00007fb245d3a1b8
Event: 48.619 Thread 0x00007fb1f000a000 DEOPT PACKING pc=0x00007fb245d3a1b8 sp=0x00007fb1efef9c10
Event: 48.619 Thread 0x00007fb1f000a000 DEOPT UNPACKING pc=0x00007fb245005229 sp=0x00007fb1efef9bd0 mode 2
Event: 48.834 loading class java/lang/ref/ReferenceQueue$1
Event: 48.842 loading class java/lang/ref/ReferenceQueue$1 done
Event: 49.311 Executing VM operation: ParallelGCFailedAllocation
Event: 49.377 Executing VM operation: ParallelGCFailedAllocation done
Event: 49.904 Executing VM operation: ParallelGCFailedAllocation


Dynamic libraries:
00400000-00401000 r-xp 00000000 fd:02 2100689                            /home/ike/soft/jdk1.8/bin/java
00600000-00601000 rw-p 00000000 fd:02 2100689                            /home/ike/soft/jdk1.8/bin/java
0124a000-0126b000 rw-p 00000000 00:00 0                                  [heap]
c0000000-d7300000 rw-p 00000000 00:00 0 
e0b00000-eab00000 ---p 00000000 00:00 0 
eab00000-100000000 rw-p 00000000 00:00 0 
100000000-100d06000 rw-p 00000000 00:00 0 
100d06000-140000000 ---p 00000000 00:00 0 
7fb1b8000000-7fb1b8021000 rw-p 00000000 00:00 0 
7fb1b8021000-7fb1bc000000 ---p 00000000 00:00 0 
7fb1c0000000-7fb1c0021000 rw-p 00000000 00:00 0 
7fb1c0021000-7fb1c4000000 ---p 00000000 00:00 0 
7fb1c4000000-7fb1c4021000 rw-p 00000000 00:00 0 
7fb1c4021000-7fb1c8000000 ---p 00000000 00:00 0 
7fb1c8000000-7fb1c8021000 rw-p 00000000 00:00 0 
7fb1c8021000-7fb1cc000000 ---p 00000000 00:00 0 
7fb1cc000000-7fb1cc021000 rw-p 00000000 00:00 0 
7fb1cc021000-7fb1d0000000 ---p 00000000 00:00 0 
7fb1d0000000-7fb1d0021000 rw-p 00000000 00:00 0 
7fb1d0021000-7fb1d4000000 ---p 00000000 00:00 0 
7fb1d4000000-7fb1d4021000 rw-p 00000000 00:00 0 
7fb1d4021000-7fb1d8000000 ---p 00000000 00:00 0 
7fb1d8000000-7fb1d8021000 rw-p 00000000 00:00 0 
7fb1d8021000-7fb1dc000000 ---p 00000000 00:00 0 
7fb1dc000000-7fb1dc029000 rw-p 00000000 00:00 0 
7fb1dc029000-7fb1e0000000 ---p 00000000 00:00 0 
7fb1e0000000-7fb1e13f5000 rw-p 00000000 00:00 0 
7fb1e13f5000-7fb1e4000000 ---p 00000000 00:00 0 
7fb1e4000000-7fb1e4295000 rw-p 00000000 00:00 0 
7fb1e4295000-7fb1e8000000 ---p 00000000 00:00 0 
7fb1e8000000-7fb1e8021000 rw-p 00000000 00:00 0 
7fb1e8021000-7fb1ec000000 ---p 00000000 00:00 0 
7fb1ec21b000-7fb1ec3db000 rw-p 00000000 00:00 0 
7fb1ec3db000-7fb1ec41b000 ---p 00000000 00:00 0 
7fb1ec41b000-7fb1ec61b000 rw-p 00000000 00:00 0 
7fb1ec61b000-7fb1ec81b000 rw-p 00000000 00:00 0 
7fb1ec81b000-7fb1eca1b000 rw-p 00000000 00:00 0 
7fb1eca1b000-7fb1ecc1b000 rw-p 00000000 00:00 0 
7fb1ecd1e000-7fb1ecf1e000 rw-p 00000000 00:00 0 
7fb1ecf1e000-7fb1ed11e000 rw-p 00000000 00:00 0 
7fb1ed11e000-7fb1ed31e000 rw-p 00000000 00:00 0 
7fb1ed31e000-7fb1ed51e000 rw-p 00000000 00:00 0 
7fb1ed51e000-7fb1ed71e000 rw-p 00000000 00:00 0 
7fb1ed71e000-7fb1ed91e000 rw-p 00000000 00:00 0 
7fb1ed91e000-7fb1edb1e000 rw-p 00000000 00:00 0 
7fb1edb1e000-7fb1edb21000 ---p 00000000 00:00 0 
7fb1edb21000-7fb1edc1f000 rw-p 00000000 00:00 0 
7fb1edc1f000-7fb1edc22000 ---p 00000000 00:00 0 
7fb1edc22000-7fb1edd20000 rw-p 00000000 00:00 0 
7fb1edd20000-7fb1edd23000 ---p 00000000 00:00 0 
7fb1edd23000-7fb1ede21000 rw-p 00000000 00:00 0 
7fb1ede21000-7fb1ede24000 ---p 00000000 00:00 0 
7fb1ede24000-7fb1ee122000 rw-p 00000000 00:00 0 
7fb1ee122000-7fb1ee322000 rw-p 00000000 00:00 0 
7fb1ee322000-7fb1ee522000 rw-p 00000000 00:00 0 
7fb1ee522000-7fb1ee525000 ---p 00000000 00:00 0 
7fb1ee525000-7fb1ee823000 rw-p 00000000 00:00 0 
7fb1ee823000-7fb1eea23000 rw-p 00000000 00:00 0 
7fb1eea23000-7fb1eec23000 rw-p 00000000 00:00 0 
7fb1eec23000-7fb1eec26000 ---p 00000000 00:00 0 
7fb1eec26000-7fb1eef24000 rw-p 00000000 00:00 0 
7fb1eef2b000-7fb1eef32000 r--s 00063000 fd:02 5771569                    /home/ike/.gradle/caches/modules-2/files-2.1/org.springframework/springloaded/1.2.7.RELEASE/36be57f1a306cec1185b0276960fbe95dee08bf/springloaded-1.2.7.RELEASE.jar
7fb1eef32000-7fb1eef49000 r--s 000fb000 fd:02 6424510                    /home/ike/.gradle/caches/modules-2/files-2.1/org.springframework/spring-core/4.3.7.RELEASE/54fa2db94cc7222edc90ec71354e47cd1dc07f7b/spring-core-4.3.7.RELEASE.jar
7fb1eef49000-7fb1eef57000 r--s 0009d000 fd:02 5769847                    /home/ike/.gradle/caches/modules-2/files-2.1/io.spring.gradle/dependency-management-plugin/1.0.0.RELEASE/d329501e7bf024f9557bdd66be4f8c4caf65769f/dependency-management-plugin-1.0.0.RELEASE.jar
7fb1eef57000-7fb1eef5a000 r--s 00022000 fd:02 5769845                    /home/ike/.gradle/caches/modules-2/files-2.1/org.springframework.boot/spring-boot-loader-tools/1.5.2.RELEASE/15c14c8a45c5876cb6389376eb6202c99e9e5d73/spring-boot-loader-tools-1.5.2.RELEASE.jar
7fb1eef5a000-7fb1eef68000 r--s 000c9000 fd:02 3155903                    /home/ike/.gradle/caches/jars-3/d836ee27dfcc7bf89f9e2b7025f62f21/kotlin-runtime.jar
7fb1eef68000-7fb1eefd8000 r--s 00643000 fd:02 3155901                    /home/ike/.gradle/caches/jars-3/fd607a71f3d781451515f815d21ecd8e/groovy-all-2.4.6.jar
7fb1eefd8000-7fb1eefde000 r--s 00090000 fd:02 3155899                    /home/ike/.gradle/caches/jars-3/d4625b15f6be2b0f210c7eb705521562/gradle-tooling-extension-impl.jar
7fb1eefde000-7fb1ef1de000 rw-p 00000000 00:00 0 
7fb1ef1de000-7fb1ef21b000 r--s 00556000 fd:02 3155866                    /home/ike/.gradle/caches/jars-3/36ec32e5474897539a832822faa49641/sdk-tools.jar
7fb1ef21b000-7fb1ef41b000 rw-p 00000000 00:00 0 
7fb1ef41b000-7fb1ef458000 r--s 001f8000 fd:02 3027736                    /home/ike/.gradle/caches/jars-3/d26e134fafb5ec05907d81bca6e339a5/gradle-core-3.3.jar
7fb1ef458000-7fb1ef480000 r--s 001cf000 fd:02 3027732                    /home/ike/.gradle/caches/jars-3/566e7e0f530f75a42eba4833ef84d88c/guava-jdk5-17.0.jar
7fb1ef480000-7fb1ef4f9000 r--s 010e5000 fd:02 2098936                    /home/ike/soft/jdk1.8/lib/tools.jar
7fb1ef4f9000-7fb1ef4fc000 ---p 00000000 00:00 0 
7fb1ef4fc000-7fb1ef7fa000 rw-p 00000000 00:00 0 
7fb1ef7fa000-7fb1ef7fd000 ---p 00000000 00:00 0 
7fb1ef7fd000-7fb1ef8fb000 rw-p 00000000 00:00 0 
7fb1ef8fb000-7fb1ef8fe000 ---p 00000000 00:00 0 
7fb1ef8fe000-7fb1efbfc000 rw-p 00000000 00:00 0 
7fb1efbfc000-7fb1efbff000 ---p 00000000 00:00 0 
7fb1efbff000-7fb1efcfd000 rw-p 00000000 00:00 0 
7fb1efcfd000-7fb1efd00000 ---p 00000000 00:00 0 
7fb1efd00000-7fb1efdfe000 rw-p 00000000 00:00 0 
7fb1efdfe000-7fb1efe01000 ---p 00000000 00:00 0 
7fb1efe01000-7fb1efeff000 rw-p 00000000 00:00 0 
7fb1efeff000-7fb1eff02000 ---p 00000000 00:00 0 
7fb1eff02000-7fb1f0000000 rw-p 00000000 00:00 0 
7fb1f0000000-7fb1f0021000 rw-p 00000000 00:00 0 
7fb1f0021000-7fb1f4000000 ---p 00000000 00:00 0 
7fb1f4000000-7fb1f4022000 rw-p 00000000 00:00 0 
7fb1f4022000-7fb1f8000000 ---p 00000000 00:00 0 
7fb1f8000000-7fb1f806c000 rw-p 00000000 00:00 0 
7fb1f806c000-7fb1fc000000 ---p 00000000 00:00 0 
7fb1fc000000-7fb1fc021000 rw-p 00000000 00:00 0 
7fb1fc021000-7fb200000000 ---p 00000000 00:00 0 
7fb200000000-7fb200021000 rw-p 00000000 00:00 0 
7fb200021000-7fb204000000 ---p 00000000 00:00 0 
7fb204000000-7fb204021000 rw-p 00000000 00:00 0 
7fb204021000-7fb208000000 ---p 00000000 00:00 0 
7fb208000000-7fb208e2d000 rw-p 00000000 00:00 0 
7fb208e2d000-7fb20c000000 ---p 00000000 00:00 0 
7fb20c000000-7fb20c021000 rw-p 00000000 00:00 0 
7fb20c021000-7fb210000000 ---p 00000000 00:00 0 
7fb210000000-7fb212350000 rw-p 00000000 00:00 0 
7fb212350000-7fb214000000 ---p 00000000 00:00 0 
7fb214000000-7fb217a22000 rw-p 00000000 00:00 0 
7fb217a22000-7fb218000000 ---p 00000000 00:00 0 
7fb218000000-7fb218021000 rw-p 00000000 00:00 0 
7fb218021000-7fb21c000000 ---p 00000000 00:00 0 
7fb21c000000-7fb21c002000 r--s 0000e000 fd:02 3540268                    /home/ike/.gradle/caches/modules-2/files-2.1/commons-logging/commons-logging/1.2/4bfc12adfe4842bf07b657f0369c4cb522955686/commons-logging-1.2.jar
7fb21c002000-7fb21c004000 r--s 0000b000 fd:02 5769843                    /home/ike/.gradle/caches/modules-2/files-2.1/org.springframework.boot/spring-boot-gradle-plugin/1.5.2.RELEASE/b3f123b179b0170c62c8a9ce33b47f9f28df4ca/spring-boot-gradle-plugin-1.5.2.RELEASE.jar
7fb21c004000-7fb21c005000 r--s 00003000 fd:02 3155905                    /home/ike/.gradle/caches/jars-3/00889819b46cbed66ae64f6c9cb1c957/grails-rt.jar
7fb21c005000-7fb21c00a000 r--s 00034000 fd:02 3155897                    /home/ike/.gradle/caches/jars-3/d447f2396a03dbc75b6d52fec5a488d6/gson-2.5.jar
7fb21c00a000-7fb21c00b000 r--s 00005000 fd:02 3155864                    /home/ike/.gradle/caches/jars-3/365c6db642c6504428a64370e32c73a8/grails-gradle-tooling.jar
7fb21c00b000-7fb21c00d000 r--s 00002000 fd:02 3155868                    /home/ike/.gradle/caches/jars-3/051bd7a04df129b69cac505d3d910ec9/kotlin-gradle-tooling.jar
7fb21c00d000-7fb21c00e000 r--s 00002000 fd:02 3027744                    /home/ike/.gradle/caches/jars-3/da326b2ddfbbbcfaf01e5582c3433dbd/external-system-rt.jar
7fb21c00e000-7fb21c010000 r--s 0000d000 fd:02 3027742                    /home/ike/.gradle/caches/jars-3/8e5f63df4da42d2f04ea304ca5c9bb98/gradle-tooling-extension-api.jar
7fb21c010000-7fb21c016000 r--s 00027000 fd:02 3027740                    /home/ike/.gradle/caches/jars-3/f89407f44f289ae7adf2aa801e42dcaf/gradle-messaging-3.3.jar
7fb21c016000-7fb21c01b000 r--s 00041000 fd:02 3027738                    /home/ike/.gradle/caches/jars-3/c0502f5c2cf6dfd52d250e1b7d027d24/commons-lang-2.6.jar
7fb21c01b000-7fb21c024000 r--s 00042000 fd:02 3027734                    /home/ike/.gradle/caches/jars-3/6bcc387f718b96b0f07a751f65aa3518/gradle-base-services-3.3.jar
7fb21c024000-7fb21c031000 r--s 00041000 fd:02 3027730                    /home/ike/.gradle/caches/jars-3/f3e5a7704032832aac1e05c981cb276a/gradle-tooling-api-3.3.jar
7fb21c031000-7fb21c034000 ---p 00000000 00:00 0 
7fb21c034000-7fb21c132000 rw-p 00000000 00:00 0 
7fb21c132000-7fb21c135000 ---p 00000000 00:00 0 
7fb21c135000-7fb21c233000 rw-p 00000000 00:00 0 
7fb21c233000-7fb21c236000 ---p 00000000 00:00 0 
7fb21c236000-7fb21c334000 rw-p 00000000 00:00 0 
7fb21c334000-7fb21c33b000 r--s 00000000 fd:00 2834                       /usr/lib64/gconv/gconv-modules.cache
7fb21c33b000-7fb21c33e000 ---p 00000000 00:00 0 
7fb21c33e000-7fb21c43c000 rw-p 00000000 00:00 0 
7fb21c43c000-7fb21c440000 r--s 00097000 fd:02 2100406                    /home/ike/soft/jdk1.8/jre/lib/jsse.jar
7fb21c440000-7fb21c640000 rw-p 00000000 00:00 0 
7fb21c640000-7fb21c643000 ---p 00000000 00:00 0 
7fb21c643000-7fb21c741000 rw-p 00000000 00:00 0 
7fb21c741000-7fb21c74a000 r-xp 00000000 fd:02 2100283                    /home/ike/soft/jdk1.8/jre/lib/amd64/libmanagement.so
7fb21c74a000-7fb21c949000 ---p 00009000 fd:02 2100283                    /home/ike/soft/jdk1.8/jre/lib/amd64/libmanagement.so
7fb21c949000-7fb21c94a000 rw-p 00008000 fd:02 2100283                    /home/ike/soft/jdk1.8/jre/lib/amd64/libmanagement.so
7fb21c94a000-7fb21c94c000 r--s 00007000 fd:02 2249179                    /home/ike/soft/gradle-4.1/lib/plugins/gradle-tooling-api-builders-4.1.jar
7fb21c94c000-7fb21c94f000 r--s 00009000 fd:02 2249189                    /home/ike/soft/gradle-4.1/lib/plugins/gradle-testing-native-4.1.jar
7fb21c94f000-7fb21c951000 r--s 00009000 fd:02 2249262                    /home/ike/soft/gradle-4.1/lib/plugins/hamcrest-core-1.3.jar
7fb21c951000-7fb21c956000 r--s 00040000 fd:02 2249257                    /home/ike/soft/gradle-4.1/lib/plugins/bsh-2.0b4.jar
7fb21c956000-7fb21c958000 r--s 00006000 fd:02 2249258                    /home/ike/soft/gradle-4.1/lib/plugins/jcommander-1.12.jar
7fb21c958000-7fb21c95e000 r--s 00033000 fd:02 2249259                    /home/ike/soft/gradle-4.1/lib/plugins/snakeyaml-1.6.jar
7fb21c95e000-7fb21c967000 r--s 00089000 fd:02 2249217                    /home/ike/soft/gradle-4.1/lib/plugins/testng-6.3.1.jar
7fb21c967000-7fb21c96f000 r--s 00045000 fd:02 2249218                    /home/ike/soft/gradle-4.1/lib/plugins/junit-4.12.jar
7fb21c96f000-7fb21c975000 r--s 0002e000 fd:02 2249185                    /home/ike/soft/gradle-4.1/lib/plugins/gradle-testing-jvm-4.1.jar
7fb21c975000-7fb21c979000 r--s 00017000 fd:02 2249193                    /home/ike/soft/gradle-4.1/lib/plugins/gradle-testing-base-4.1.jar
7fb21c979000-7fb21c980000 r--s 00038000 fd:02 2249213                    /home/ike/soft/gradle-4.1/lib/plugins/bcpg-jdk15on-1.51.jar
7fb21c980000-7fb21c982000 r--s 0000c000 fd:02 2249164                    /home/ike/soft/gradle-4.1/lib/plugins/gradle-signing-4.1.jar
7fb21c982000-7fb21c984000 r--s 00007000 fd:02 2249170                    /home/ike/soft/gradle-4.1/lib/plugins/gradle-scala-4.1.jar
7fb21c984000-7fb21c985000 r--s 00004000 fd:02 2249201                    /home/ike/soft/gradle-4.1/lib/plugins/gradle-resources-sftp-4.1.jar
7fb21c985000-7fb21c995000 r--s 00088000 fd:02 2249230                    /home/ike/soft/gradle-4.1/lib/plugins/joda-time-2.8.2.jar
7fb21c995000-7fb21c9a6000 r--s 0010d000 fd:02 2249229                    /home/ike/soft/gradle-4.1/lib/plugins/jackson-databind-2.6.6.jar
7fb21c9a6000-7fb21c9a9000 r--s 00009000 fd:02 2249228                    /home/ike/soft/gradle-4.1/lib/plugins/jackson-annotations-2.6.6.jar
7fb21c9a9000-7fb21c9ad000 r--s 0003c000 fd:02 2249227                    /home/ike/soft/gradle-4.1/lib/plugins/jackson-core-2.6.6.jar
7fb21c9ad000-7fb21c9bb000 r--s 00087000 fd:02 2249226                    /home/ike/soft/gradle-4.1/lib/plugins/aws-java-sdk-core-1.11.6.jar
7fb21c9bb000-7fb21c9c2000 r--s 00057000 fd:02 2249225                    /home/ike/soft/gradle-4.1/lib/plugins/aws-java-sdk-kms-1.11.6.jar
7fb21c9c2000-7fb21c9cf000 r--s 0008e000 fd:02 2249224                    /home/ike/soft/gradle-4.1/lib/plugins/aws-java-sdk-s3-1.11.6.jar
7fb21c9cf000-7fb21c9d1000 r--s 00004000 fd:02 2249198                    /home/ike/soft/gradle-4.1/lib/plugins/gradle-resources-s3-4.1.jar
7fb21c9d1000-7fb21c9d3000 r--s 00010000 fd:02 2249194                    /home/ike/soft/gradle-4.1/lib/plugins/gradle-reporting-4.1.jar
7fb21c9d3000-7fb21c9d5000 r--s 00002000 fd:02 2249195                    /home/ike/soft/gradle-4.1/lib/plugins/gradle-publish-4.1.jar
7fb21c9d5000-7fb21c9d7000 r--s 00009000 fd:02 2249206                    /home/ike/soft/gradle-4.1/lib/plugins/commons-cli-1.2.jar
7fb21c9d7000-7fb21c9dd000 r--s 00036000 fd:02 2249178                    /home/ike/soft/gradle-4.1/lib/plugins/gradle-plugins-4.1.jar
7fb21c9dd000-7fb21c9df000 r--s 00009000 fd:02 2249165                    /home/ike/soft/gradle-4.1/lib/plugins/gradle-plugin-development-4.1.jar
7fb21c9df000-7fb21c9e5000 r--s 0002b000 fd:02 2249173                    /home/ike/soft/gradle-4.1/lib/plugins/gradle-platform-play-4.1.jar
7fb21c9e5000-7fb21c9f4000 r--s 0005b000 fd:02 2249191                    /home/ike/soft/gradle-4.1/lib/plugins/gradle-platform-native-4.1.jar
7fb21c9f4000-7fb21c9f8000 r--s 0001b000 fd:02 2249188                    /home/ike/soft/gradle-4.1/lib/plugins/gradle-platform-jvm-4.1.jar
7fb21c9f8000-7fb21ca00000 r--s 00027000 fd:02 2249196                    /home/ike/soft/gradle-4.1/lib/plugins/gradle-platform-base-4.1.jar
7fb21ca00000-7fb21ca28000 r--s 0021c000 fd:02 2249207                    /home/ike/soft/gradle-4.1/lib/plugins/biz.aQute.bndlib-3.2.0.jar
7fb21ca28000-7fb21ca29000 r--s 00004000 fd:02 2249163                    /home/ike/soft/gradle-4.1/lib/plugins/gradle-osgi-4.1.jar
7fb21ca29000-7fb21ca2c000 r--s 0000c000 fd:02 2249210                    /home/ike/soft/gradle-4.1/lib/plugins/pmaven-groovy-0.8-20100325.jar
7fb21ca2c000-7fb21ca2d000 r--s 00004000 fd:02 2249209                    /home/ike/soft/gradle-4.1/lib/plugins/pmaven-common-0.8-20100325.jar
7fb21ca2d000-7fb21ca33000 r--s 00023000 fd:02 2249166                    /home/ike/soft/gradle-4.1/lib/plugins/gradle-maven-4.1.jar
7fb21ca33000-7fb21ca36000 r--s 0000b000 fd:02 2249184                    /home/ike/soft/gradle-4.1/lib/plugins/gradle-language-scala-4.1.jar
7fb21ca36000-7fb21ca3d000 r--s 00020000 fd:02 2249190                    /home/ike/soft/gradle-4.1/lib/plugins/gradle-language-native-4.1.jar
7fb21ca3d000-7fb21ca3f000 r--s 00005000 fd:02 2249187                    /home/ike/soft/gradle-4.1/lib/plugins/gradle-language-jvm-4.1.jar
7fb21ca3f000-7fb21ca46000 r--s 0002f000 fd:02 2249186                    /home/ike/soft/gradle-4.1/lib/plugins/gradle-language-java-4.1.jar
7fb21ca46000-7fb21ca49000 r--s 0000a000 fd:02 2249183                    /home/ike/soft/gradle-4.1/lib/plugins/gradle-language-groovy-4.1.jar
7fb21ca49000-7fb21ca50000 r--s 00035000 fd:02 2249216                    /home/ike/soft/gradle-4.1/lib/plugins/simple-4.1.21.jar
7fb21ca50000-7fb21ca5c000 r--s 00100000 fd:02 2249214                    /home/ike/soft/gradle-4.1/lib/plugins/rhino-1.7R3.jar
7fb21ca5c000-7fb21ca60000 r--s 00012000 fd:02 2249174                    /home/ike/soft/gradle-4.1/lib/plugins/gradle-javascript-4.1.jar
7fb21ca60000-7fb21ca63000 r--s 00011000 fd:02 2249176                    /home/ike/soft/gradle-4.1/lib/plugins/gradle-jacoco-4.1.jar
7fb21ca63000-7fb21ca66000 r--s 0000e000 fd:02 2249175                    /home/ike/soft/gradle-4.1/lib/plugins/gradle-ivy-4.1.jar
7fb21ca66000-7fb21ca67000 r--s 00002000 fd:02 2249167                    /home/ike/soft/gradle-4.1/lib/plugins/gradle-ide-play-4.1.jar
7fb21ca67000-7fb21ca6a000 r--s 00013000 fd:02 2249168                    /home/ike/soft/gradle-4.1/lib/plugins/gradle-ide-native-4.1.jar
7fb21ca6a000-7fb21ca74000 r--s 00054000 fd:02 2249169                    /home/ike/soft/gradle-4.1/lib/plugins/gradle-ide-4.1.jar
7fb21ca74000-7fb21ca76000 r--s 00007000 fd:02 2249172                    /home/ike/soft/gradle-4.1/lib/plugins/gradle-ear-4.1.jar
7fb21ca76000-7fb21ca78000 r--s 00005000 fd:02 2249204                    /home/ike/soft/gradle-4.1/lib/plugins/jatl-0.2.2.jar
7fb21ca78000-7fb21ca7f000 r--s 00038000 fd:02 2249192                    /home/ike/soft/gradle-4.1/lib/plugins/gradle-diagnostics-4.1.jar
7fb21ca7f000-7fb21ca81000 r--s 0000b000 fd:02 2249181                    /home/ike/soft/gradle-4.1/lib/plugins/gradle-composite-builds-4.1.jar
7fb21ca81000-7fb21ca86000 r--s 00025000 fd:02 2249161                    /home/ike/soft/gradle-4.1/lib/plugins/gradle-code-quality-4.1.jar
7fb21ca86000-7fb21ca8b000 r--s 00022000 fd:02 2249177                    /home/ike/soft/gradle-4.1/lib/plugins/gradle-build-init-4.1.jar
7fb21ca8b000-7fb21ca91000 r--s 0008e000 fd:02 2249171                    /home/ike/soft/gradle-4.1/lib/plugins/gradle-build-comparison-4.1.jar
7fb21ca91000-7fb21ca93000 r--s 00008000 fd:02 2249162                    /home/ike/soft/gradle-4.1/lib/plugins/gradle-antlr-4.1.jar
7fb21ca93000-7fb21ca95000 r--s 00004000 fd:02 2249182                    /home/ike/soft/gradle-4.1/lib/plugins/gradle-announce-4.1.jar
7fb21ca95000-7fb21ca97000 r--s 00008000 fd:02 2249101                    /home/ike/soft/gradle-4.1/lib/gradle-kotlin-dsl-tooling-builders-0.10.3.jar
7fb21ca97000-7fb21ca9a000 r--s 0001c000 fd:02 2249220                    /home/ike/soft/gradle-4.1/lib/plugins/nekohtml-1.9.14.jar
7fb21ca9a000-7fb21cab2000 r--s 00115000 fd:02 2249221                    /home/ike/soft/gradle-4.1/lib/plugins/xercesImpl-2.9.1.jar
7fb21cab2000-7fb21cac8000 r-xp 00000000 fd:00 2890778                    /usr/lib64/libgcc_s-6.3.1-20161221.so.1
7fb21cac8000-7fb21ccc7000 ---p 00016000 fd:00 2890778                    /usr/lib64/libgcc_s-6.3.1-20161221.so.1
7fb21ccc7000-7fb21ccc8000 r--p 00015000 fd:00 2890778                    /usr/lib64/libgcc_s-6.3.1-20161221.so.1
7fb21ccc8000-7fb21ccc9000 rw-p 00016000 fd:00 2890778                    /usr/lib64/libgcc_s-6.3.1-20161221.so.1
7fb21ccc9000-7fb21ce41000 r-xp 00000000 fd:00 2892058                    /usr/lib64/libstdc++.so.6.0.22
7fb21ce41000-7fb21d041000 ---p 00178000 fd:00 2892058                    /usr/lib64/libstdc++.so.6.0.22
7fb21d041000-7fb21d04b000 r--p 00178000 fd:00 2892058                    /usr/lib64/libstdc++.so.6.0.22
7fb21d04b000-7fb21d04d000 rw-p 00182000 fd:00 2892058                    /usr/lib64/libstdc++.so.6.0.22
7fb21d04d000-7fb21d051000 rw-p 00000000 00:00 0 
7fb21d051000-7fb21d056000 r-xp 00000000 fd:02 3027712                    /home/ike/.gradle/native/25/linux-amd64/libnative-platform.so
7fb21d056000-7fb21d255000 ---p 00005000 fd:02 3027712                    /home/ike/.gradle/native/25/linux-amd64/libnative-platform.so
7fb21d255000-7fb21d256000 rw-p 00004000 fd:02 3027712                    /home/ike/.gradle/native/25/linux-amd64/libnative-platform.so
7fb21d256000-7fb21d267000 r-xp 00000000 fd:02 2100229                    /home/ike/soft/jdk1.8/jre/lib/amd64/libnio.so
7fb21d267000-7fb21d466000 ---p 00011000 fd:02 2100229                    /home/ike/soft/jdk1.8/jre/lib/amd64/libnio.so
7fb21d466000-7fb21d467000 rw-p 00010000 fd:02 2100229                    /home/ike/soft/jdk1.8/jre/lib/amd64/libnio.so
7fb21d467000-7fb224000000 r--p 00000000 fd:00 2885042                    /usr/lib/locale/locale-archive
7fb224000000-7fb224021000 rw-p 00000000 00:00 0 
7fb224021000-7fb228000000 ---p 00000000 00:00 0 
7fb228000000-7fb228021000 rw-p 00000000 00:00 0 
7fb228021000-7fb22c000000 ---p 00000000 00:00 0 
7fb22c000000-7fb22c021000 rw-p 00000000 00:00 0 
7fb22c021000-7fb230000000 ---p 00000000 00:00 0 
7fb230000000-7fb2303c0000 rw-p 00000000 00:00 0 
7fb2303c0000-7fb234000000 ---p 00000000 00:00 0 
7fb234000000-7fb23403c000 rw-p 00000000 00:00 0 
7fb23403c000-7fb238000000 ---p 00000000 00:00 0 
7fb238000000-7fb23802e000 rw-p 00000000 00:00 0 
7fb23802e000-7fb23c000000 ---p 00000000 00:00 0 
7fb23c000000-7fb23c02b000 rw-p 00000000 00:00 0 
7fb23c02b000-7fb240000000 ---p 00000000 00:00 0 
7fb240000000-7fb240001000 r--s 00002000 fd:02 2249199                    /home/ike/soft/gradle-4.1/lib/plugins/gradle-build-cache-http-4.1.jar
7fb240001000-7fb240009000 r--s 00028000 fd:02 2249261                    /home/ike/soft/gradle-4.1/lib/plugins/xml-apis-1.3.04.jar
7fb240009000-7fb24000f000 r--s 0005b000 fd:02 2249219                    /home/ike/soft/gradle-4.1/lib/plugins/jcifs-1.3.17.jar
7fb24000f000-7fb240016000 r--s 00049000 fd:02 2249260                    /home/ike/soft/gradle-4.1/lib/plugins/httpcore-4.4.4.jar
7fb240016000-7fb24001c000 r--s 00033000 fd:02 2249212                    /home/ike/soft/gradle-4.1/lib/plugins/commons-codec-1.6.jar
7fb24001c000-7fb240029000 r--s 000a4000 fd:02 2249205                    /home/ike/soft/gradle-4.1/lib/plugins/httpclient-4.4.1.jar
7fb240029000-7fb24002b000 r--s 0000b000 fd:02 2249200                    /home/ike/soft/gradle-4.1/lib/plugins/gradle-resources-http-4.1.jar
7fb24002b000-7fb24002f000 r--s 00017000 fd:02 2249197                    /home/ike/soft/gradle-4.1/lib/plugins/gradle-plugin-use-4.1.jar
7fb24002f000-7fb240030000 r--s 00000000 fd:02 2249107                    /home/ike/soft/gradle-4.1/lib/gradle-runtime-api-info-4.1.jar
7fb240030000-7fb240031000 r--s 00000000 fd:02 2249111                    /home/ike/soft/gradle-4.1/lib/gradle-installation-beacon-4.1.jar
7fb240031000-7fb240071000 r--s 00277000 fd:02 2249232                    /home/ike/soft/gradle-4.1/lib/plugins/bcprov-jdk15on-1.51.jar
7fb240071000-7fb240075000 r--s 0001d000 fd:02 2249231                    /home/ike/soft/gradle-4.1/lib/plugins/xbean-reflect-3.4.jar
7fb240075000-7fb240077000 r--s 0000a000 fd:02 2249233                    /home/ike/soft/gradle-4.1/lib/plugins/maven-settings-3.0.4.jar
7fb240077000-7fb24007a000 r--s 00008000 fd:02 2249234                    /home/ike/soft/gradle-4.1/lib/plugins/maven-settings-builder-3.0.4.jar
7fb24007a000-7fb24007e000 r--s 00033000 fd:02 2249235                    /home/ike/soft/gradle-4.1/lib/plugins/plexus-utils-2.0.6.jar
7fb24007e000-7fb240080000 r--s 0000d000 fd:02 2249236                    /home/ike/soft/gradle-4.1/lib/plugins/plexus-interpolation-1.14.jar
7fb240080000-7fb240082000 r--s 00000000 fd:02 2249211                    /home/ike/soft/gradle-4.1/lib/plugins/plexus-component-annotations-1.5.5.jar
7fb240082000-7fb240089000 r--s 0002e000 fd:02 2249237                    /home/ike/soft/gradle-4.1/lib/plugins/plexus-container-default-1.5.5.jar
7fb240089000-7fb24008b000 r--s 0000a000 fd:02 2249238                    /home/ike/soft/gradle-4.1/lib/plugins/plexus-classworlds-2.4.jar
7fb24008b000-7fb24008d000 r--s 00002000 fd:02 2249239                    /home/ike/soft/gradle-4.1/lib/plugins/plexus-cipher-1.7.jar
7fb24008d000-7fb24008e000 r--s 00006000 fd:02 2249240                    /home/ike/soft/gradle-4.1/lib/plugins/plexus-sec-dispatcher-1.3.jar
7fb24008e000-7fb240094000 r--s 0003f000 fd:02 2249241                    /home/ike/soft/gradle-4.1/lib/plugins/maven-compat-3.0.4.jar
7fb240094000-7fb240098000 r--s 00021000 fd:02 2249242                    /home/ike/soft/gradle-4.1/lib/plugins/maven-model-builder-3.0.4.jar
7fb240098000-7fb24009a000 r--s 00026000 fd:02 2249243                    /home/ike/soft/gradle-4.1/lib/plugins/maven-model-3.0.4.jar
7fb24009a000-7fb24009c000 r--s 0000b000 fd:02 2249244                    /home/ike/soft/gradle-4.1/lib/plugins/maven-artifact-3.0.4.jar
7fb24009c000-7fb24009e000 r--s 00006000 fd:02 2249245                    /home/ike/soft/gradle-4.1/lib/plugins/maven-repository-metadata-3.0.4.jar
7fb24009e000-7fb2400a0000 r--s 0000b000 fd:02 2249246                    /home/ike/soft/gradle-4.1/lib/plugins/maven-plugin-api-3.0.4.jar
7fb2400a0000-7fb2400a2000 r--s 0000c000 fd:02 2249247                    /home/ike/soft/gradle-4.1/lib/plugins/maven-aether-provider-3.0.4.jar
7fb2400a2000-7fb2400a3000 r--s 00002000 fd:02 2249248                    /home/ike/soft/gradle-4.1/lib/plugins/wagon-file-2.4.jar
7fb2400a3000-7fb2400a4000 r--s 00002000 fd:02 2249249                    /home/ike/soft/gradle-4.1/lib/plugins/wagon-http-2.4.jar
7fb2400a4000-7fb2400a6000 r--s 0000b000 fd:02 2249250                    /home/ike/soft/gradle-4.1/lib/plugins/wagon-provider-api-2.4.jar
7fb2400a6000-7fb2400a7000 r--s 00007000 fd:02 2249251                    /home/ike/soft/gradle-4.1/lib/plugins/wagon-http-shared4-2.4.jar
7fb2400a7000-7fb2400aa000 r--s 00013000 fd:02 2249252                    /home/ike/soft/gradle-4.1/lib/plugins/aether-api-1.13.1.jar
7fb2400aa000-7fb2400ad000 r--s 0001d000 fd:02 2249253                    /home/ike/soft/gradle-4.1/lib/plugins/aether-impl-1.13.1.jar
7fb2400ad000-7fb2400ae000 r--s 00003000 fd:02 2249254                    /home/ike/soft/gradle-4.1/lib/plugins/aether-spi-1.13.1.jar
7fb2400ae000-7fb2400b2000 r--s 0001c000 fd:02 2249255                    /home/ike/soft/gradle-4.1/lib/plugins/aether-util-1.13.1.jar
7fb2400b2000-7fb2400b4000 r--s 00006000 fd:02 2249256                    /home/ike/soft/gradle-4.1/lib/plugins/aether-connector-wagon-1.13.1.jar
7fb2400b4000-7fb2400c0000 r--s 0007d000 fd:02 2249208                    /home/ike/soft/gradle-4.1/lib/plugins/maven-core-3.0.4.jar
7fb2400c0000-7fb2400c5000 r--s 00034000 fd:02 2249215                    /home/ike/soft/gradle-4.1/lib/plugins/gson-2.7.jar
7fb2400c5000-7fb2400ca000 r--s 00040000 fd:02 2249223                    /home/ike/soft/gradle-4.1/lib/plugins/jsch-0.1.54.jar
7fb2400ca000-7fb2400d9000 r--s 000d9000 fd:02 2249222                    /home/ike/soft/gradle-4.1/lib/plugins/ivy-2.2.0.jar
7fb2400d9000-7fb2400fd000 r--s 0011a000 fd:02 2249203                    /home/ike/soft/gradle-4.1/lib/plugins/gradle-dependency-management-4.1.jar
7fb2400fd000-7fb240100000 r--s 0000d000 fd:02 2249202                    /home/ike/soft/gradle-4.1/lib/plugins/gradle-workers-4.1.jar
7fb240100000-7fb240116000 r-xp 00000000 fd:02 2100243                    /home/ike/soft/jdk1.8/jre/lib/amd64/libnet.so
7fb240116000-7fb240316000 ---p 00016000 fd:02 2100243                    /home/ike/soft/jdk1.8/jre/lib/amd64/libnet.so
7fb240316000-7fb240317000 rw-p 00016000 fd:02 2100243                    /home/ike/soft/jdk1.8/jre/lib/amd64/libnet.so
7fb240317000-7fb240321000 r--s 00116000 fd:02 2100424                    /home/ike/soft/jdk1.8/jre/lib/ext/localedata.jar
7fb240321000-7fb240322000 r--s 00006000 fd:02 2249110                    /home/ike/soft/gradle-4.1/lib/gradle-wrapper-4.1.jar
7fb240322000-7fb24032f000 r--s 00043000 fd:02 2249109                    /home/ike/soft/gradle-4.1/lib/gradle-tooling-api-4.1.jar
7fb24032f000-7fb24033e000 r--s 000c8000 fd:02 2249105                    /home/ike/soft/gradle-4.1/lib/kotlin-stdlib-1.1.3-2.jar
7fb24033e000-7fb240370000 r--s 0021b000 fd:02 2249104                    /home/ike/soft/gradle-4.1/lib/kotlin-reflect-1.1.3-2.jar
7fb240370000-7fb240527000 r--s 01786000 fd:02 2249103                    /home/ike/soft/gradle-4.1/lib/kotlin-compiler-embeddable-1.1.3-2.jar
7fb240527000-7fb240528000 r--s 00000000 fd:02 2249102                    /home/ike/soft/gradle-4.1/lib/gradle-kotlin-dsl-tooling-models-0.10.3.jar
7fb240528000-7fb240529000 r--s 00001000 fd:02 2249100                    /home/ike/soft/gradle-4.1/lib/gradle-kotlin-dsl-compiler-plugin-0.10.3.jar
7fb240529000-7fb24052b000 r--s 00003000 fd:02 2249098                    /home/ike/soft/gradle-4.1/lib/annotations-13.0.jar
7fb24052b000-7fb240535000 r--s 00073000 fd:02 2249099                    /home/ike/soft/gradle-4.1/lib/gradle-kotlin-dsl-0.10.3.jar
7fb240535000-7fb24053a000 r--s 00013000 fd:02 2249116                    /home/ike/soft/gradle-4.1/lib/gradle-resources-4.1.jar
7fb24053a000-7fb24053c000 r--s 00005000 fd:02 2249123                    /home/ike/soft/gradle-4.1/lib/gradle-cli-4.1.jar
7fb24053c000-7fb24053e000 r--s 00003000 fd:02 2249130                    /home/ike/soft/gradle-4.1/lib/jcl-over-slf4j-1.7.10.jar
7fb24053e000-7fb24053f000 r--s 00005000 fd:02 2249129                    /home/ike/soft/gradle-4.1/lib/log4j-over-slf4j-1.7.10.jar
7fb24053f000-7fb240541000 r--s 00000000 fd:02 2249128                    /home/ike/soft/gradle-4.1/lib/jul-to-slf4j-1.7.10.jar
7fb240541000-7fb240548000 r--s 0002c000 fd:02 2249114                    /home/ike/soft/gradle-4.1/lib/gradle-logging-4.1.jar
7fb240548000-7fb240558000 r--s 00082000 fd:02 2249119                    /home/ike/soft/gradle-4.1/lib/gradle-model-core-4.1.jar
7fb240558000-7fb24055a000 r--s 00006000 fd:02 2249120                    /home/ike/soft/gradle-4.1/lib/gradle-base-services-groovy-4.1.jar
7fb24055a000-7fb24055c000 r--s 00007000 fd:02 2249118                    /home/ike/soft/gradle-4.1/lib/gradle-model-groovy-4.1.jar
7fb24055c000-7fb24055d000 r--s 00002000 fd:02 2249141                    /home/ike/soft/gradle-4.1/lib/gradle-docs-4.1.jar
7fb24055d000-7fb24056a000 r--s 00083000 fd:02 2249139                    /home/ike/soft/gradle-4.1/lib/commons-collections-3.2.2.jar
7fb24056a000-7fb24056b000 r--s 00000000 fd:02 2249138                    /home/ike/soft/gradle-4.1/lib/javax.inject-1.jar
7fb24056b000-7fb2405db000 r--s 00645000 fd:02 2249136                    /home/ike/soft/gradle-4.1/lib/groovy-all-2.4.11.jar
7fb2405db000-7fb2405de000 r--s 00023000 fd:02 2249142                    /home/ike/soft/gradle-4.1/lib/jansi-1.14.jar
7fb2405de000-7fb2405df000 r--s 00004000 fd:02 2249144                    /home/ike/soft/gradle-4.1/lib/native-platform-freebsd-amd64-libcpp-0.14.jar
7fb2405df000-7fb2405e0000 r--s 00004000 fd:02 2249145                    /home/ike/soft/gradle-4.1/lib/native-platform-freebsd-amd64-libstdcpp-0.14.jar
7fb2405e0000-7fb2405e1000 r--s 00004000 fd:02 2249146                    /home/ike/soft/gradle-4.1/lib/native-platform-freebsd-i386-libcpp-0.14.jar
7fb2405e1000-7fb2405e2000 r--s 00003000 fd:02 2249147                    /home/ike/soft/gradle-4.1/lib/native-platform-freebsd-i386-libstdcpp-0.14.jar
7fb2405e2000-7fb2405e3000 r--s 00002000 fd:02 2249148                    /home/ike/soft/gradle-4.1/lib/native-platform-linux-amd64-0.14.jar
7fb2405e3000-7fb2405e4000 r--s 00002000 fd:02 2249149                    /home/ike/soft/gradle-4.1/lib/native-platform-linux-i386-0.14.jar
7fb2405e4000-7fb2405e6000 r--s 00002000 fd:02 2249150                    /home/ike/soft/gradle-4.1/lib/native-platform-osx-amd64-0.14.jar
7fb2405e6000-7fb2405e7000 r--s 00003000 fd:02 2249151                    /home/ike/soft/gradle-4.1/lib/native-platform-osx-i386-0.14.jar
7fb2405e7000-7fb2405e9000 r--s 0000b000 fd:02 2249152                    /home/ike/soft/gradle-4.1/lib/native-platform-windows-amd64-0.14.jar
7fb2405e9000-7fb2405ea000 r--s 0000b000 fd:02 2249153                    /home/ike/soft/gradle-4.1/lib/native-platform-windows-i386-0.14.jar
7fb2405ea000-7fb2405eb000 r--s 00001000 fd:02 2249154                    /home/ike/soft/gradle-4.1/lib/native-platform-linux-amd64-ncurses5-0.14.jar
7fb2405eb000-7fb2405ec000 r--s 00001000 fd:02 2249155                    /home/ike/soft/gradle-4.1/lib/native-platform-linux-amd64-ncurses6-0.14.jar
7fb2405ec000-7fb2405ed000 r--s 00001000 fd:02 2249156                    /home/ike/soft/gradle-4.1/lib/native-platform-linux-i386-ncurses5-0.14.jar
7fb2405ed000-7fb2405ee000 r--s 00001000 fd:02 2249157                    /home/ike/soft/gradle-4.1/lib/native-platform-linux-i386-ncurses6-0.14.jar
7fb2405ee000-7fb2405f2000 r--s 00012000 fd:02 2249140                    /home/ike/soft/gradle-4.1/lib/native-platform-0.14.jar
7fb2405f2000-7fb2405f5000 r--s 0000c000 fd:02 2249117                    /home/ike/soft/gradle-4.1/lib/gradle-native-4.1.jar
7fb2405f5000-7fb2405f7000 r--s 0000f000 fd:02 2249125                    /home/ike/soft/gradle-4.1/lib/reflectasm-1.07-shaded.jar
7fb2405f7000-7fb2405f9000 r--s 00000000 fd:02 2249158                    /home/ike/soft/gradle-4.1/lib/minlog-1.2.jar
7fb2405f9000-7fb2405fb000 r--s 00007000 fd:02 2249159                    /home/ike/soft/gradle-4.1/lib/objenesis-1.2.jar
7fb2405fb000-7fb2405ff000 r--s 00026000 fd:02 2249124                    /home/ike/soft/gradle-4.1/lib/kryo-2.20.jar
7fb2405ff000-7fb240605000 r--s 0002b000 fd:02 2249121                    /home/ike/soft/gradle-4.1/lib/gradle-messaging-4.1.jar
7fb240605000-7fb240607000 r--s 00006000 fd:02 2249115                    /home/ike/soft/gradle-4.1/lib/gradle-process-services-4.1.jar
7fb240607000-7fb240609000 r--s 00000000 fd:02 2249113                    /home/ike/soft/gradle-4.1/lib/gradle-jvm-services-4.1.jar
7fb240609000-7fb24060a000 r--s 00000000 fd:02 2249135                    /home/ike/soft/gradle-4.1/lib/jcip-annotations-1.0.jar
7fb24060a000-7fb24060f000 r--s 00041000 fd:02 2249134                    /home/ike/soft/gradle-4.1/lib/commons-lang-2.6.jar
7fb24060f000-7fb240612000 r--s 00006000 fd:02 2249133                    /home/ike/soft/gradle-4.1/lib/jsr305-1.3.9.jar
7fb240612000-7fb24063a000 r--s 001cf000 fd:02 2249132                    /home/ike/soft/gradle-4.1/lib/guava-jdk5-17.0.jar
7fb24063a000-7fb24063e000 r--s 00027000 fd:02 2249127                    /home/ike/soft/gradle-4.1/lib/commons-io-2.2.jar
7fb24063e000-7fb240646000 r--s 000bd000 fd:02 2249126                    /home/ike/soft/gradle-4.1/lib/asm-debug-all-6.0_ALPHA.jar
7fb240646000-7fb240665000 r--s 001d1000 fd:02 2249137                    /home/ike/soft/gradle-4.1/lib/ant-1.9.6.jar
7fb240665000-7fb2406af000 r--s 00253000 fd:02 2249112                    /home/ike/soft/gradle-4.1/lib/gradle-core-4.1.jar
7fb2406af000-7fb2406b0000 ---p 00000000 00:00 0 
7fb2406b0000-7fb2407b0000 rw-p 00000000 00:00 0 
7fb2407b0000-7fb2407b3000 ---p 00000000 00:00 0 
7fb2407b3000-7fb2408b1000 rw-p 00000000 00:00 0 
7fb2408b1000-7fb2408b4000 ---p 00000000 00:00 0 
7fb2408b4000-7fb2409b2000 rw-p 00000000 00:00 0 
7fb2409b2000-7fb2409b5000 ---p 00000000 00:00 0 
7fb2409b5000-7fb240ab3000 rw-p 00000000 00:00 0 
7fb240ab3000-7fb240ab6000 ---p 00000000 00:00 0 
7fb240ab6000-7fb240bb4000 rw-p 00000000 00:00 0 
7fb240bb4000-7fb240bb7000 ---p 00000000 00:00 0 
7fb240bb7000-7fb240cb5000 rw-p 00000000 00:00 0 
7fb240cb5000-7fb240cb8000 ---p 00000000 00:00 0 
7fb240cb8000-7fb240db6000 rw-p 00000000 00:00 0 
7fb240db6000-7fb240db9000 ---p 00000000 00:00 0 
7fb240db9000-7fb240eb7000 rw-p 00000000 00:00 0 
7fb240eb7000-7fb240eb8000 ---p 00000000 00:00 0 
7fb240eb8000-7fb241f58000 rw-p 00000000 00:00 0 
7fb241f58000-7fb242131000 r--s 03d29000 fd:02 2100521                    /home/ike/soft/jdk1.8/jre/lib/rt.jar
7fb242131000-7fb244ba7000 rw-p 00000000 00:00 0 
7fb244ba7000-7fb244ba8000 ---p 00000000 00:00 0 
7fb244ba8000-7fb244ca8000 rw-p 00000000 00:00 0 
7fb244ca8000-7fb244ca9000 ---p 00000000 00:00 0 
7fb244ca9000-7fb244da9000 rw-p 00000000 00:00 0 
7fb244da9000-7fb244daa000 ---p 00000000 00:00 0 
7fb244daa000-7fb244f64000 rw-p 00000000 00:00 0 
7fb244f64000-7fb245000000 ---p 00000000 00:00 0 
7fb245000000-7fb247860000 rwxp 00000000 00:00 0 
7fb247860000-7fb254000000 ---p 00000000 00:00 0 
7fb254000000-7fb254d3f000 rw-p 00000000 00:00 0 
7fb254d3f000-7fb258000000 ---p 00000000 00:00 0 
7fb258000000-7fb258001000 r--s 00007000 fd:02 2249131                    /home/ike/soft/gradle-4.1/lib/slf4j-api-1.7.10.jar
7fb258001000-7fb258002000 r--s 00004000 fd:02 2249143                    /home/ike/soft/gradle-4.1/lib/ant-launcher-1.9.6.jar
7fb258002000-7fb258023000 rw-p 00000000 00:00 0 
7fb258023000-7fb258024000 ---p 00000000 00:00 0 
7fb258024000-7fb2581de000 rw-p 00000000 00:00 0 
7fb2581de000-7fb258279000 ---p 00000000 00:00 0 
7fb258279000-7fb258324000 rw-p 00000000 00:00 0 
7fb258324000-7fb2583c7000 rw-p 00000000 00:00 0 
7fb2583c7000-7fb2586e5000 ---p 00000000 00:00 0 
7fb2586e5000-7fb2586ff000 r-xp 00000000 fd:02 2100263                    /home/ike/soft/jdk1.8/jre/lib/amd64/libzip.so
7fb2586ff000-7fb2588ff000 ---p 0001a000 fd:02 2100263                    /home/ike/soft/jdk1.8/jre/lib/amd64/libzip.so
7fb2588ff000-7fb258900000 rw-p 0001a000 fd:02 2100263                    /home/ike/soft/jdk1.8/jre/lib/amd64/libzip.so
7fb258900000-7fb25890a000 r-xp 00000000 fd:00 2891856                    /usr/lib64/libnss_files-2.24.so
7fb25890a000-7fb258b0a000 ---p 0000a000 fd:00 2891856                    /usr/lib64/libnss_files-2.24.so
7fb258b0a000-7fb258b0b000 r--p 0000a000 fd:00 2891856                    /usr/lib64/libnss_files-2.24.so
7fb258b0b000-7fb258b0c000 rw-p 0000b000 fd:00 2891856                    /usr/lib64/libnss_files-2.24.so
7fb258b0c000-7fb258b12000 rw-p 00000000 00:00 0 
7fb258b12000-7fb258b3c000 r-xp 00000000 fd:02 2100286                    /home/ike/soft/jdk1.8/jre/lib/amd64/libjava.so
7fb258b3c000-7fb258d3c000 ---p 0002a000 fd:02 2100286                    /home/ike/soft/jdk1.8/jre/lib/amd64/libjava.so
7fb258d3c000-7fb258d3e000 rw-p 0002a000 fd:02 2100286                    /home/ike/soft/jdk1.8/jre/lib/amd64/libjava.so
7fb258d3e000-7fb258d4b000 r-xp 00000000 fd:02 2100257                    /home/ike/soft/jdk1.8/jre/lib/amd64/libverify.so
7fb258d4b000-7fb258f4b000 ---p 0000d000 fd:02 2100257                    /home/ike/soft/jdk1.8/jre/lib/amd64/libverify.so
7fb258f4b000-7fb258f4d000 rw-p 0000d000 fd:02 2100257                    /home/ike/soft/jdk1.8/jre/lib/amd64/libverify.so
7fb258f4d000-7fb258f54000 r-xp 00000000 fd:00 2891975                    /usr/lib64/librt-2.24.so
7fb258f54000-7fb259153000 ---p 00007000 fd:00 2891975                    /usr/lib64/librt-2.24.so
7fb259153000-7fb259154000 r--p 00006000 fd:00 2891975                    /usr/lib64/librt-2.24.so
7fb259154000-7fb259155000 rw-p 00007000 fd:00 2891975                    /usr/lib64/librt-2.24.so
7fb259155000-7fb25925d000 r-xp 00000000 fd:00 2891438                    /usr/lib64/libm-2.24.so
7fb25925d000-7fb25945c000 ---p 00108000 fd:00 2891438                    /usr/lib64/libm-2.24.so
7fb25945c000-7fb25945d000 r--p 00107000 fd:00 2891438                    /usr/lib64/libm-2.24.so
7fb25945d000-7fb25945e000 rw-p 00108000 fd:00 2891438                    /usr/lib64/libm-2.24.so
7fb25945e000-7fb25a129000 r-xp 00000000 fd:02 2100238                    /home/ike/soft/jdk1.8/jre/lib/amd64/server/libjvm.so
7fb25a129000-7fb25a328000 ---p 00ccb000 fd:02 2100238                    /home/ike/soft/jdk1.8/jre/lib/amd64/server/libjvm.so
7fb25a328000-7fb25a401000 rw-p 00cca000 fd:02 2100238                    /home/ike/soft/jdk1.8/jre/lib/amd64/server/libjvm.so
7fb25a401000-7fb25a44c000 rw-p 00000000 00:00 0 
7fb25a44c000-7fb25a609000 r-xp 00000000 fd:00 2891285                    /usr/lib64/libc-2.24.so
7fb25a609000-7fb25a808000 ---p 001bd000 fd:00 2891285                    /usr/lib64/libc-2.24.so
7fb25a808000-7fb25a80c000 r--p 001bc000 fd:00 2891285                    /usr/lib64/libc-2.24.so
7fb25a80c000-7fb25a80e000 rw-p 001c0000 fd:00 2891285                    /usr/lib64/libc-2.24.so
7fb25a80e000-7fb25a812000 rw-p 00000000 00:00 0 
7fb25a812000-7fb25a815000 r-xp 00000000 fd:00 2891382                    /usr/lib64/libdl-2.24.so
7fb25a815000-7fb25aa14000 ---p 00003000 fd:00 2891382                    /usr/lib64/libdl-2.24.so
7fb25aa14000-7fb25aa15000 r--p 00002000 fd:00 2891382                    /usr/lib64/libdl-2.24.so
7fb25aa15000-7fb25aa16000 rw-p 00003000 fd:00 2891382                    /usr/lib64/libdl-2.24.so
7fb25aa16000-7fb25aa2b000 r-xp 00000000 fd:02 2098935                    /home/ike/soft/jdk1.8/lib/amd64/jli/libjli.so
7fb25aa2b000-7fb25ac2b000 ---p 00015000 fd:02 2098935                    /home/ike/soft/jdk1.8/lib/amd64/jli/libjli.so
7fb25ac2b000-7fb25ac2c000 rw-p 00015000 fd:02 2098935                    /home/ike/soft/jdk1.8/lib/amd64/jli/libjli.so
7fb25ac2c000-7fb25ac44000 r-xp 00000000 fd:00 2891857                    /usr/lib64/libpthread-2.24.so
7fb25ac44000-7fb25ae44000 ---p 00018000 fd:00 2891857                    /usr/lib64/libpthread-2.24.so
7fb25ae44000-7fb25ae45000 r--p 00018000 fd:00 2891857                    /usr/lib64/libpthread-2.24.so
7fb25ae45000-7fb25ae46000 rw-p 00019000 fd:00 2891857                    /usr/lib64/libpthread-2.24.so
7fb25ae46000-7fb25ae4a000 rw-p 00000000 00:00 0 
7fb25ae4a000-7fb25ae6f000 r-xp 00000000 fd:00 2894298                    /usr/lib64/ld-2.24.so
7fb25ae6f000-7fb25ae7b000 r--s 00053000 fd:02 2249122                    /home/ike/soft/gradle-4.1/lib/gradle-base-services-4.1.jar
7fb25ae7b000-7fb25af54000 rw-p 00000000 00:00 0 
7fb25af54000-7fb25af57000 ---p 00000000 00:00 0 
7fb25af57000-7fb25b057000 rw-p 00000000 00:00 0 
7fb25b057000-7fb25b063000 r--s 0005c000 fd:02 2249106                    /home/ike/soft/gradle-4.1/lib/gradle-launcher-4.1.jar
7fb25b063000-7fb25b06b000 rw-s 00000000 00:29 1017960                    /tmp/hsperfdata_ike/21091
7fb25b06b000-7fb25b06c000 rw-p 00000000 00:00 0 
7fb25b06c000-7fb25b06d000 ---p 00000000 00:00 0 
7fb25b06d000-7fb25b06f000 rw-p 00000000 00:00 0 
7fb25b06f000-7fb25b070000 r--p 00025000 fd:00 2894298                    /usr/lib64/ld-2.24.so
7fb25b070000-7fb25b071000 rw-p 00026000 fd:00 2894298                    /usr/lib64/ld-2.24.so
7fb25b071000-7fb25b072000 rw-p 00000000 00:00 0 
7ffd236af000-7ffd236d0000 rw-p 00000000 00:00 0                          [stack]
7ffd236e1000-7ffd236e3000 r--p 00000000 00:00 0                          [vvar]
7ffd236e3000-7ffd236e5000 r-xp 00000000 00:00 0                          [vdso]
ffffffffff600000-ffffffffff601000 r-xp 00000000 00:00 0                  [vsyscall]

VM Arguments:
jvm_args: -XX:+HeapDumpOnOutOfMemoryError -Xmx1024m -Dfile.encoding=UTF-8 -Duser.country=CN -Duser.language=zh -Duser.variant 
java_command: org.gradle.launcher.daemon.bootstrap.GradleDaemon 4.1
java_class_path (initial): /home/ike/soft/gradle-4.1/lib/gradle-launcher-4.1.jar
Launcher Type: SUN_STANDARD

Environment Variables:
JAVA_HOME=/home/ike/soft/jdk1.8
PATH=/home/ike/soft/gradle/bin:/home/ike/soft/maven3.3.9/bin:/home/ike/soft/jdk1.8/bin:/home/ike/soft/jdk1.8/bin:/home/ike/soft/gradle-4.1/bin:/home/ike/soft/maven3.3.9/bin:/usr/lib64/qt-3.3/bin:/usr/local/bin:/usr/local/sbin:/usr/bin:/usr/sbin:/home/ike/.local/bin:/home/ike/bin
USERNAME=ike
LD_LIBRARY_PATH=/home/ike/soft/idea-IU-171.4424.56/bin:
SHELL=/bin/bash
DISPLAY=:0

Signal Handlers:
SIGSEGV: [libjvm.so+0xac4790], sa_mask[0]=11111111011111111101111111111110, sa_flags=SA_RESTART|SA_SIGINFO
SIGBUS: [libjvm.so+0xac4790], sa_mask[0]=11111111011111111101111111111110, sa_flags=SA_RESTART|SA_SIGINFO
SIGFPE: [libjvm.so+0x91f140], sa_mask[0]=11111111011111111101111111111110, sa_flags=SA_RESTART|SA_SIGINFO
SIGPIPE: [libjvm.so+0x91f140], sa_mask[0]=11111111011111111101111111111110, sa_flags=SA_RESTART|SA_SIGINFO
SIGXFSZ: [libjvm.so+0x91f140], sa_mask[0]=11111111011111111101111111111110, sa_flags=SA_RESTART|SA_SIGINFO
SIGILL: [libjvm.so+0x91f140], sa_mask[0]=11111111011111111101111111111110, sa_flags=SA_RESTART|SA_SIGINFO
SIGUSR1: SIG_DFL, sa_mask[0]=00000000000000000000000000000000, sa_flags=none
SIGUSR2: [libjvm.so+0x920770], sa_mask[0]=00100000000000000000000000000000, sa_flags=SA_RESTART|SA_SIGINFO
SIGHUP: [libjvm.so+0x921b70], sa_mask[0]=11111111011111111101111111111110, sa_flags=SA_RESTART|SA_SIGINFO
SIGINT: [libjvm.so+0x921b70], sa_mask[0]=11111111011111111101111111111110, sa_flags=SA_RESTART|SA_SIGINFO
SIGTERM: [libjvm.so+0x921b70], sa_mask[0]=11111111011111111101111111111110, sa_flags=SA_RESTART|SA_SIGINFO
SIGQUIT: [libjvm.so+0x921b70], sa_mask[0]=11111111011111111101111111111110, sa_flags=SA_RESTART|SA_SIGINFO


---------------  S Y S T E M  ---------------

OS:Fedora release 25 (Twenty Five)

uname:Linux 4.8.6-300.fc25.x86_64 #1 SMP Tue Nov 1 12:36:38 UTC 2016 x86_64
libc:glibc 2.24 NPTL 2.24 
rlimit: STACK 8192k, CORE 0k, NPROC 31367, NOFILE 4096, AS infinity
load average:2.66 1.85 1.41

/proc/meminfo:
MemTotal:        8053804 kB
MemFree:          120828 kB
MemAvailable:      22116 kB
Buffers:             524 kB
Cached:           173476 kB
SwapCached:         2976 kB
Active:          6629424 kB
Inactive:         878324 kB
Active(anon):    6622000 kB
Inactive(anon):   870764 kB
Active(file):       7424 kB
Inactive(file):     7560 kB
Unevictable:          80 kB
Mlocked:              80 kB
SwapTotal:       8187900 kB
SwapFree:              0 kB
Dirty:               108 kB
Writeback:             0 kB
AnonPages:       7332024 kB
Mapped:            64428 kB
Shmem:            158848 kB
Slab:             191984 kB
SReclaimable:      60216 kB
SUnreclaim:       131768 kB
KernelStack:       44640 kB
PageTables:       108208 kB
NFS_Unstable:          0 kB
Bounce:                0 kB
WritebackTmp:          0 kB
CommitLimit:    12214800 kB
Committed_AS:   26025024 kB
VmallocTotal:   34359738367 kB
VmallocUsed:           0 kB
VmallocChunk:          0 kB
HardwareCorrupted:     0 kB
AnonHugePages:         0 kB
ShmemHugePages:        0 kB
ShmemPmdMapped:        0 kB
CmaTotal:              0 kB
CmaFree:               0 kB
HugePages_Total:       0
HugePages_Free:        0
HugePages_Rsvd:        0
HugePages_Surp:        0
Hugepagesize:       2048 kB
DirectMap4k:      298148 kB
DirectMap2M:     7968768 kB
DirectMap1G:           0 kB


CPU:total 4 (4 cores per cpu, 1 threads per core) family 6 model 94 stepping 3, cmov, cx8, fxsr, mmx, sse, sse2, sse3, ssse3, sse4.1, sse4.2, popcnt, avx, avx2, aes, clmul, erms, rtm, 3dnowpref, lzcnt, tsc, tscinvbit, bmi1, bmi2, adx

/proc/cpuinfo:
processor	: 0
vendor_id	: GenuineIntel
cpu family	: 6
model		: 94
model name	: Intel(R) Core(TM) i5-6500 CPU @ 3.20GHz
stepping	: 3
microcode	: 0x9e
cpu MHz		: 3082.421
cache size	: 6144 KB
physical id	: 0
siblings	: 4
core id		: 0
cpu cores	: 4
apicid		: 0
initial apicid	: 0
fpu		: yes
fpu_exception	: yes
cpuid level	: 22
wp		: yes
flags		: fpu vme de pse tsc msr pae mce cx8 apic sep mtrr pge mca cmov pat pse36 clflush dts acpi mmx fxsr sse sse2 ss ht tm pbe syscall nx pdpe1gb rdtscp lm constant_tsc art arch_perfmon pebs bts rep_good nopl xtopology nonstop_tsc aperfmperf eagerfpu pni pclmulqdq dtes64 monitor ds_cpl vmx smx est tm2 ssse3 sdbg fma cx16 xtpr pdcm pcid sse4_1 sse4_2 x2apic movbe popcnt tsc_deadline_timer aes xsave avx f16c rdrand lahf_lm abm 3dnowprefetch intel_pt tpr_shadow vnmi flexpriority ept vpid fsgsbase tsc_adjust bmi1 hle avx2 smep bmi2 erms invpcid rtm mpx rdseed adx smap clflushopt xsaveopt xsavec xgetbv1 xsaves dtherm ida arat pln pts hwp hwp_notify hwp_act_window hwp_epp
bugs		:
bogomips	: 6384.00
clflush size	: 64
cache_alignment	: 64
address sizes	: 39 bits physical, 48 bits virtual
power management:

processor	: 1
vendor_id	: GenuineIntel
cpu family	: 6
model		: 94
model name	: Intel(R) Core(TM) i5-6500 CPU @ 3.20GHz
stepping	: 3
microcode	: 0x9e
cpu MHz		: 3117.187
cache size	: 6144 KB
physical id	: 0
siblings	: 4
core id		: 1
cpu cores	: 4
apicid		: 2
initial apicid	: 2
fpu		: yes
fpu_exception	: yes
cpuid level	: 22
wp		: yes
flags		: fpu vme de pse tsc msr pae mce cx8 apic sep mtrr pge mca cmov pat pse36 clflush dts acpi mmx fxsr sse sse2 ss ht tm pbe syscall nx pdpe1gb rdtscp lm constant_tsc art arch_perfmon pebs bts rep_good nopl xtopology nonstop_tsc aperfmperf eagerfpu pni pclmulqdq dtes64 monitor ds_cpl vmx smx est tm2 ssse3 sdbg fma cx16 xtpr pdcm pcid sse4_1 sse4_2 x2apic movbe popcnt tsc_deadline_timer aes xsave avx f16c rdrand lahf_lm abm 3dnowprefetch intel_pt tpr_shadow vnmi flexpriority ept vpid fsgsbase tsc_adjust bmi1 hle avx2 smep bmi2 erms invpcid rtm mpx rdseed adx smap clflushopt xsaveopt xsavec xgetbv1 xsaves dtherm ida arat pln pts hwp hwp_notify hwp_act_window hwp_epp
bugs		:
bogomips	: 6387.67
clflush size	: 64
cache_alignment	: 64
address sizes	: 39 bits physical, 48 bits virtual
power management:

processor	: 2
vendor_id	: GenuineIntel
cpu family	: 6
model		: 94
model name	: Intel(R) Core(TM) i5-6500 CPU @ 3.20GHz
stepping	: 3
microcode	: 0x9e
cpu MHz		: 3053.710
cache size	: 6144 KB
physical id	: 0
siblings	: 4
core id		: 2
cpu cores	: 4
apicid		: 4
initial apicid	: 4
fpu		: yes
fpu_exception	: yes
cpuid level	: 22
wp		: yes
flags		: fpu vme de pse tsc msr pae mce cx8 apic sep mtrr pge mca cmov pat pse36 clflush dts acpi mmx fxsr sse sse2 ss ht tm pbe syscall nx pdpe1gb rdtscp lm constant_tsc art arch_perfmon pebs bts rep_good nopl xtopology nonstop_tsc aperfmperf eagerfpu pni pclmulqdq dtes64 monitor ds_cpl vmx smx est tm2 ssse3 sdbg fma cx16 xtpr pdcm pcid sse4_1 sse4_2 x2apic movbe popcnt tsc_deadline_timer aes xsave avx f16c rdrand lahf_lm abm 3dnowprefetch intel_pt tpr_shadow vnmi flexpriority ept vpid fsgsbase tsc_adjust bmi1 hle avx2 smep bmi2 erms invpcid rtm mpx rdseed adx smap clflushopt xsaveopt xsavec xgetbv1 xsaves dtherm ida arat pln pts hwp hwp_notify hwp_act_window hwp_epp
bugs		:
bogomips	: 6387.68
clflush size	: 64
cache_alignment	: 64
address sizes	: 39 bits physical, 48 bits virtual
power management:

processor	: 3
vendor_id	: GenuineIntel
cpu family	: 6
model		: 94
model name	: Intel(R) Core(TM) i5-6500 CPU @ 3.20GHz
stepping	: 3
microcode	: 0x9e
cpu MHz		: 3109.179
cache size	: 6144 KB
physical id	: 0
siblings	: 4
core id		: 3
cpu cores	: 4
apicid		: 6
initial apicid	: 6
fpu		: yes
fpu_exception	: yes
cpuid level	: 22
wp		: yes
flags		: fpu vme de pse tsc msr pae mce cx8 apic sep mtrr pge mca cmov pat pse36 clflush dts acpi mmx fxsr sse sse2 ss ht tm pbe syscall nx pdpe1gb rdtscp lm constant_tsc art arch_perfmon pebs bts rep_good nopl xtopology nonstop_tsc aperfmperf eagerfpu pni pclmulqdq dtes64 monitor ds_cpl vmx smx est tm2 ssse3 sdbg fma cx16 xtpr pdcm pcid sse4_1 sse4_2 x2apic movbe popcnt tsc_deadline_timer aes xsave avx f16c rdrand lahf_lm abm 3dnowprefetch intel_pt tpr_shadow vnmi flexpriority ept vpid fsgsbase tsc_adjust bmi1 hle avx2 smep bmi2 erms invpcid rtm mpx rdseed adx smap clflushopt xsaveopt xsavec xgetbv1 xsaves dtherm ida arat pln pts hwp hwp_notify hwp_act_window hwp_epp
bugs		:
bogomips	: 6387.70
clflush size	: 64
cache_alignment	: 64
address sizes	: 39 bits physical, 48 bits virtual
power management:



Memory: 4k page, physical 8053804k(121700k free), swap 8187900k(0k free)

vm_info: Java HotSpot(TM) 64-Bit Server VM (25.101-b13) for linux-amd64 JRE (1.8.0_101-b13), built on Jun 22 2016 02:59:44 by "java_re" with gcc 4.3.0 20080428 (Red Hat 4.3.0-8)

time: Sat Oct 21 11:57:18 2017
elapsed time: 50 seconds (0d 0h 0m 50s)

