#
# A fatal error has been detected by the Java Runtime Environment:
#
#  SIGSEGV (0xb) at pc=0x00007f937c000258, pid=6397, tid=0x00007f938fcfa700
#
# JRE version: Java(TM) SE Runtime Environment (8.0_101-b13) (build 1.8.0_101-b13)
# Java VM: Java HotSpot(TM) 64-Bit Server VM (25.101-b13 mixed mode linux-amd64 compressed oops)
# Problematic frame:
# C  0x00007f937c000258
#
# Failed to write core dump. Core dumps have been disabled. To enable core dumping, try "ulimit -c unlimited" before starting Java again
#
# If you would like to submit a bug report, please visit:
#   http://bugreport.java.com/bugreport/crash.jsp
#

---------------  T H R E A D  ---------------

Current thread (0x00007f93c4194000):  JavaThread "JDWP Transport Listener: dt_socket" daemon [_thread_in_vm, id=6424, stack(0x00007f938fbfa000,0x00007f938fcfb000)]

siginfo: si_signo: 11 (SIGSEGV), si_code: 2 (SEGV_ACCERR), si_addr: 0x00007f937c000258

Registers:
RAX=0x00007f937c000258, RBX=0x00007f937c000268, RCX=0x00007f93cb6562c0, RDX=0x00007f93cac30e80
RSP=0x00007f938fcf97c8, RBP=0x00007f938fcf97e0, RSI=0x00007f93c4194000, RDI=0x00007f937c000268
R8 =0x00007f93c418ce90, R9 =0x0000000000000000, R10=0x0000000000000001, R11=0x00007f937c00a638
R12=0x0000000000000017, R13=0x00007f937c000278, R14=0x00007f93c4194000, R15=0x00007f938fcf98e7
RIP=0x00007f937c000258, EFLAGS=0x0000000000010202, CSGSFS=0x002b000000000033, ERR=0x0000000000000015
  TRAPNO=0x000000000000000e

Top of Stack: (sp=0x00007f938fcf97c8)
0x00007f938fcf97c8:   00007f93ca51bd97 0000000000000074
0x00007f938fcf97d8:   00007f93c4009930 00007f938fcf9850
0x00007f938fcf97e8:   00007f93ca3a8efe 00007f93c4009930
0x00007f938fcf97f8:   00007f938fcf9800 00007f93c4194000
0x00007f938fcf9808:   0000000000000000 00007f9300000000
0x00007f938fcf9818:   0000000000000000 00007f938fcf9830
0x00007f938fcf9828:   00007f93c9322e40 00007f937c000278
0x00007f938fcf9838:   00007f938fcf98e7 0000000000000000
0x00007f938fcf9848:   00007f938fcf98e7 00007f938fcf9880
0x00007f938fcf9858:   00007f93c910e8c2 00007f938fcf9880
0x00007f938fcf9868:   00007f937c000278 00007f938fcf9950
0x00007f938fcf9878:   0000000000000000 00007f938fcf9910
0x00007f938fcf9888:   00007f93c90efaa0 00007f938fcf98c8
0x00007f938fcf9898:   00007f938fcf98c0 00007f938fcf98b8
0x00007f938fcf98a8:   00007f938fcf98dc 000000017c005dc0
0x00007f938fcf98b8:   0000000000000000 0000000000000000
0x00007f938fcf98c8:   0000000000000000 00007f937c007e20
0x00007f938fcf98d8:   00007f938fcf9950 0000000000000024
0x00007f938fcf98e8:   0000000000000002 000000000000000f
0x00007f938fcf98f8:   0000000000000002 00000000000f0200
0x00007f938fcf9908:   000000000000000f 00007f938fcf9b60
0x00007f938fcf9918:   00007f93c90fa9c6 0000cd6b00000013
0x00007f938fcf9928:   00007f93ca0f0200 00007f9374002710
0x00007f938fcf9938:   0000000000000000 00007f938fcf9950
0x00007f938fcf9948:   00007f938fcf9ae0 00007f938fcf99a4
0x00007f938fcf9958:   00007f9300000128 00007f938fcf9968
0x00007f938fcf9968:   0000000000000004 00007f938fcf99a0
0x00007f938fcf9978:   0000000000000000 00007f0000000000
0x00007f938fcf9988:   0000cd6b0000001f 00007f9300009a80
0x00007f938fcf9998:   00007f938fcf99a0 0000000024000000
0x00007f938fcf99a8:   2300000000000000 00003e7400000000
0x00007f938fcf99b8:   6176616a4c28e000 6e492f676e616c2f 

Instructions: (pc=0x00007f937c000258)
0x00007f937c000238:   28 02 00 7c 93 7f 00 00 28 02 00 7c 93 7f 00 00
0x00007f937c000248:   38 02 00 7c 93 7f 00 00 38 02 00 7c 93 7f 00 00
0x00007f937c000258:   48 02 00 7c 93 7f 00 00 48 02 00 7c 93 7f 00 00
0x00007f937c000268:   58 02 00 7c 93 7f 00 00 58 02 00 7c 93 7f 00 00 

Register to memory mapping:

RAX=0x00007f937c000258 is an unknown value
RBX=0x00007f937c000268 is an unknown value
RCX=0x00007f93cb6562c0: <offset 0x2192c0> in /lib64/libpthread.so.0 at 0x00007f93cb43d000
RDX=0x00007f93cac30e80: <offset 0xfc1e80> in /home/ike/soft/jdk1.8/jre/lib/amd64/server/libjvm.so at 0x00007f93c9c6f000
RSP=0x00007f938fcf97c8 is pointing into the stack for thread: 0x00007f93c4194000
RBP=0x00007f938fcf97e0 is pointing into the stack for thread: 0x00007f93c4194000
RSI=0x00007f93c4194000 is a thread
RDI=0x00007f937c000268 is an unknown value
R8 =0x00007f93c418ce90 is an unknown value
R9 =0x0000000000000000 is an unknown value
R10=0x0000000000000001 is an unknown value
R11=0x00007f937c00a638 is an unknown value
R12=0x0000000000000017 is an unknown value
R13=0x00007f937c000278 is an unknown value
R14=0x00007f93c4194000 is a thread
R15=0x00007f938fcf98e7 is pointing into the stack for thread: 0x00007f93c4194000


Stack: [0x00007f938fbfa000,0x00007f938fcfb000],  sp=0x00007f938fcf97c8,  free space=1021k
Native frames: (J=compiled Java code, j=interpreted, Vv=VM code, C=native code)
C  0x00007f937c000258
V  [libjvm.so+0x739efe]