#
# There is insufficient memory for the Java Runtime Environment to continue.
# Native memory allocation (mmap) failed to map 124256256 bytes for committing reserved memory.
# Possible reasons:
#   The system is out of physical RAM or swap space
#   In 32 bit mode, the process size limit was hit
# Possible solutions:
#   Reduce memory load on the system
#   Increase physical memory or swap space
#   Check if swap backing store is full
#   Use 64 bit Java on a 64 bit OS
#   Decrease Java heap size (-Xmx/-Xms)
#   Decrease number of Java threads
#   Decrease Java thread stack sizes (-Xss)
#   Set larger code cache with -XX:ReservedCodeCacheSize=
# This output file may be truncated or incomplete.
#
#  Out of Memory Error (os_linux.cpp:2627), pid=30881, tid=0x00007f37f6365700
#
# JRE version: Java(TM) SE Runtime Environment (8.0_101-b13) (build 1.8.0_101-b13)
# Java VM: Java HotSpot(TM) 64-Bit Server VM (25.101-b13 mixed mode linux-amd64 compressed oops)
# Failed to write core dump. Core dumps have been disabled. To enable core dumping, try "ulimit -c unlimited" before starting Java again
#

---------------  T H R E A D  ---------------

Current thread (0x00007f380c148000):  VMThread [stack: 0x00007f37f6265000,0x00007f37f6366000] [id=30892]

Stack: [0x00007f37f6265000,0x00007f37f6366000],  sp=0x00007f37f63640a0,  free space=1020k
Native frames: (J=compiled Java code, j=interpreted, Vv=VM code, C=native code)
V  [libjvm.so+0xac3f0a]  VMError::report_and_die()+0x2ba
V  [libjvm.so+0x4fbf9b]  report_vm_out_of_memory(char const*, int, unsigned long, VMErrorType, char const*)+0x8b
V  [libjvm.so+0x9222d3]  os::Linux::commit_memory_impl(char*, unsigned long, bool)+0x103
V  [libjvm.so+0x922829]  os::pd_commit_memory(char*, unsigned long, unsigned long, bool)+0x29
V  [libjvm.so+0x91cb2a]  os::commit_memory(char*, unsigned long, unsigned long, bool)+0x2a
V  [libjvm.so+0x991053]  PSVirtualSpace::expand_by(unsigned long)+0x53
V  [libjvm.so+0x992458]  PSYoungGen::resize_generation(unsigned long, unsigned long)+0xf8
V  [libjvm.so+0x9915b2]  PSYoungGen::resize(unsigned long, unsigned long)+0x22
V  [libjvm.so+0x98e88b]  PSScavenge::invoke_no_policy()+0xf3b
V  [libjvm.so+0x98f011]  PSScavenge::invoke()+0x41
V  [libjvm.so+0x945fc0]  ParallelScavengeHeap::failed_mem_allocate(unsigned long)+0x70
V  [libjvm.so+0xac5927]  VM_ParallelGCFailedAllocation::doit()+0x97
V  [libjvm.so+0xacd405]  VM_Operation::evaluate()+0x55
V  [libjvm.so+0xacb7da]  VMThread::evaluate_operation(VM_Operation*)+0xba
V  [libjvm.so+0xacbb5e]  VMThread::loop()+0x1ce
V  [libjvm.so+0xacbfd0]  VMThread::run()+0x70
V  [libjvm.so+0x924698]  java_start(Thread*)+0x108

VM_Operation (0x00007f3815acd360): ParallelGCFailedAllocation, mode: safepoint, requested by thread 0x00007f380c012800


---------------  P R O C E S S  ---------------

Java Threads: ( => current thread )
  0x00007f380d255000 JavaThread "DubboResponseTimeoutScanTimer" daemon [_thread_blocked, id=30955, stack(0x00007f37aca0f000,0x00007f37acb10000)]
  0x00007f3780005800 JavaThread "DubboClientHandler-172.17.0.1:51701-thread-1" daemon [_thread_blocked, id=30954, stack(0x00007f37acb10000,0x00007f37acc11000)]
  0x00007f380cffe800 JavaThread "dubbo-remoting-client-heartbeat-thread-2" daemon [_thread_blocked, id=30952, stack(0x00007f37acc11000,0x00007f37acd12000)]
  0x00007f377c001800 JavaThread "DubboClientHandler-172.17.0.1:51301-thread-1" daemon [_thread_blocked, id=30950, stack(0x00007f37acd12000,0x00007f37ace13000)]
  0x00007f380cffd800 JavaThread "DubboClientReconnectTimer-thread-2" daemon [_thread_blocked, id=30949, stack(0x00007f37ace13000,0x00007f37acf14000)]
  0x00007f380d62e800 JavaThread "dubbo-remoting-client-heartbeat-thread-1" daemon [_thread_blocked, id=30948, stack(0x00007f37ad114000,0x00007f37ad215000)]
  0x00007f3788002000 JavaThread "DubboClientHandler-172.17.0.1:51643-thread-1" daemon [_thread_blocked, id=30947, stack(0x00007f37ad215000,0x00007f37ad316000)]
  0x00000000009c4800 JavaThread "Hashed wheel timer #1" [_thread_blocked, id=30946, stack(0x00007f37ad316000,0x00007f37ad417000)]
  0x00007f380c946000 JavaThread "DubboClientReconnectTimer-thread-1" daemon [_thread_blocked, id=30944, stack(0x00007f37ad417000,0x00007f37ad518000)]
  0x00007f380c709000 JavaThread "New I/O boss #6" daemon [_thread_in_native, id=30943, stack(0x00007f37ad518000,0x00007f37ad619000)]
  0x00007f380d366800 JavaThread "New I/O worker #5" daemon [_thread_in_native, id=30942, stack(0x00007f37ad619000,0x00007f37ad71a000)]
  0x00007f380d365000 JavaThread "New I/O worker #4" daemon [_thread_in_native, id=30941, stack(0x00007f37ad71a000,0x00007f37ad81b000)]
  0x00007f380d2de000 JavaThread "New I/O worker #3" daemon [_thread_in_native, id=30940, stack(0x00007f37ad81b000,0x00007f37ad91c000)]
  0x00007f380d2dd000 JavaThread "New I/O worker #2" daemon [_thread_in_native, id=30939, stack(0x00007f37ad91c000,0x00007f37ada1d000)]
  0x00007f380c8e9000 JavaThread "New I/O worker #1" daemon [_thread_in_native, id=30938, stack(0x00007f37ada1d000,0x00007f37adb1e000)]
  0x00007f380d398000 JavaThread "DubboSaveRegistryCache-thread-1" daemon [_thread_blocked, id=30937, stack(0x00007f37adb1e000,0x00007f37adc1f000)]
  0x00007f380cdee000 JavaThread "main-EventThread" daemon [_thread_blocked, id=30936, stack(0x00007f37adc1f000,0x00007f37add20000)]
  0x00007f380d793000 JavaThread "main-SendThread(localhost:2181)" daemon [_thread_in_native, id=30935, stack(0x00007f37add20000,0x00007f37ade21000)]
  0x00007f380c745800 JavaThread "ZkClient-EventThread-24-localhost:2181" daemon [_thread_blocked, id=30934, stack(0x00007f37ade21000,0x00007f37adf22000)]
  0x00007f380ce99800 JavaThread "DubboRegistryFailedRetryTimer-thread-1" daemon [_thread_blocked, id=30933, stack(0x00007f37adf22000,0x00007f37ae023000)]
  0x00007f380c730000 JavaThread "container-0" [_thread_blocked, id=30932, stack(0x00007f37ae4e3000,0x00007f37ae5e4000)]
  0x00007f380c72f800 JavaThread "ContainerBackgroundProcessor[StandardEngine[Tomcat]]" daemon [_thread_blocked, id=30931, stack(0x00007f37ae5e4000,0x00007f37ae6e5000)]
  0x00007f37a828b800 JavaThread "localhost-startStop-1" daemon [_thread_blocked, id=30930, stack(0x00007f37ae6e5000,0x00007f37ae7e6000)]
  0x00007f380c72e800 JavaThread "Tomcat-startStop-1" daemon [_thread_blocked, id=30929, stack(0x00007f37f4e13000,0x00007f37f4f14000)]
  0x00007f380c697800 JavaThread "Service Thread" daemon [_thread_blocked, id=30913, stack(0x00007f37f5236000,0x00007f37f5337000)]
  0x00007f380c68c000 JavaThread "C1 CompilerThread2" daemon [_thread_blocked, id=30912, stack(0x00007f37f5337000,0x00007f37f5438000)]
  0x00007f380c689800 JavaThread "C2 CompilerThread1" daemon [_thread_blocked, id=30911, stack(0x00007f37f5438000,0x00007f37f5539000)]
  0x00007f380c687800 JavaThread "C2 CompilerThread0" daemon [_thread_in_native, id=30910, stack(0x00007f37f5539000,0x00007f37f563a000)]
  0x00007f37c8001000 JavaThread "JDWP Command Reader" daemon [_thread_in_native, id=30909, stack(0x00007f37f5a5b000,0x00007f37f5b5c000)]
  0x00007f380c199800 JavaThread "JDWP Event Helper Thread" daemon [_thread_blocked, id=30908, stack(0x00007f37f5b5c000,0x00007f37f5c5d000)]
  0x00007f380c196000 JavaThread "JDWP Transport Listener: dt_socket" daemon [_thread_blocked, id=30905, stack(0x00007f37f5c5d000,0x00007f37f5d5e000)]
  0x00007f380c186000 JavaThread "Signal Dispatcher" daemon [_thread_blocked, id=30904, stack(0x00007f37f5f62000,0x00007f37f6063000)]
  0x00007f380c154800 JavaThread "Finalizer" daemon [_thread_blocked, id=30897, stack(0x00007f37f6063000,0x00007f37f6164000)]
  0x00007f380c150000 JavaThread "Reference Handler" daemon [_thread_blocked, id=30895, stack(0x00007f37f6164000,0x00007f37f6265000)]
  0x00007f380c012800 JavaThread "main" [_thread_blocked, id=30882, stack(0x00007f38159d0000,0x00007f3815ad1000)]

Other Threads:
=>0x00007f380c148000 VMThread [stack: 0x00007f37f6265000,0x00007f37f6366000] [id=30892]
  0x00007f380c69c800 WatcherThread [stack: 0x00007f37f5135000,0x00007f37f5236000] [id=30914]

VM state:at safepoint (normal execution)

VM Mutex/Monitor currently owned by a thread:  ([mutex/lock_event])
[0x00007f380c009880] Threads_lock - owner thread: 0x00007f380c148000
[0x00007f380c009d80] Heap_lock - owner thread: 0x00007f380c012800

Heap:
 PSYoungGen      total 384512K, used 17917K [0x00000000d7000000, 0x00000000efe00000, 0x0000000100000000)
  eden space 366592K, 0% used [0x00000000d7000000,0x00000000d7000000,0x00000000ed600000)
  from space 17920K, 99% used [0x00000000edb00000,0x00000000eec7f798,0x00000000eec80000)
  to   space 11264K, 0% used [0x00000000ef300000,0x00000000ef300000,0x00000000efe00000)
 ParOldGen       total 85504K, used 23398K [0x0000000085000000, 0x000000008a380000, 0x00000000d7000000)
  object space 85504K, 27% used [0x0000000085000000,0x00000000866d9b18,0x000000008a380000)
 Metaspace       used 40877K, capacity 41506K, committed 41728K, reserved 1085440K
  class space    used 4899K, capacity 5032K, committed 5120K, reserved 1048576K

Card table byte_map: [0x00007f3812381000,0x00007f381275a000] byte_map_base: 0x00007f3811f59000

Marking Bits: (ParMarkBitMap*) 0x00007f3814e9b120
 Begin Bits: [0x00007f37ec280000, 0x00007f37ee140000)
 End Bits:   [0x00007f37ee140000, 0x00007f37f0000000)

Polling page: 0x00007f3815ae8000

CodeCache: size=245760Kb used=15566Kb max_used=15655Kb free=230193Kb
 bounds [0x00007f37f6467000, 0x00007f37f7407000, 0x00007f3805467000]
 total_blobs=4484 nmethods=4018 adapters=387
 compilation: enabled

Compilation events (10 events):
Event: 8.843 Thread 0x00007f380c68c000 nmethod 4734 0x00007f37f6f7e110 code [0x00007f37f6f7e2e0, 0x00007f37f6f7ea48]
Event: 8.843 Thread 0x00007f380c68c000 4735   !   3       java.beans.PropertyDescriptor::updateGenericsFor (37 bytes)
Event: 8.844 Thread 0x00007f380c68c000 nmethod 4735 0x00007f37f6d46cd0 code [0x00007f37f6d46f60, 0x00007f37f6d480d8]
Event: 8.854 Thread 0x00007f380c689800 nmethod 4548 0x00007f37f73cad10 code [0x00007f37f73cba40, 0x00007f37f73dfd10]
Event: 8.854 Thread 0x00007f380c689800 4731       4       java.util.concurrent.ConcurrentHashMap::get (162 bytes)
Event: 8.858 Thread 0x00007f380c689800 nmethod 4731 0x00007f37f6f7d890 code [0x00007f37f6f7da00, 0x00007f37f6f7de28]
Event: 8.858 Thread 0x00007f380c689800 4728       4       org.aspectj.apache.bcel.classfile.JavaClass::getMethod (67 bytes)
Event: 8.883 Thread 0x00007f380c68c000 4737       3       org.springframework.core.ResolvableType::forTypes (32 bytes)
Event: 8.884 Thread 0x00007f380c68c000 nmethod 4737 0x00007f37f7379550 code [0x00007f37f73796e0, 0x00007f37f7379b88]
Event: 8.887 Thread 0x00007f380c68c000 4738       3       org.springframework.beans.factory.support.AbstractBeanFactory::isTypeMatch (495 bytes)

GC Heap History (10 events):
Event: 5.197 GC heap after
Heap after GC invocations=10 (full 1):
 PSYoungGen      total 215552K, used 11764K [0x00000000d7000000, 0x00000000e9e80000, 0x0000000100000000)
  eden space 203776K, 0% used [0x00000000d7000000,0x00000000d7000000,0x00000000e3700000)
  from space 11776K, 99% used [0x00000000e3700000,0x00000000e427d198,0x00000000e4280000)
  to   space 15872K, 0% used [0x00000000e8f00000,0x00000000e8f00000,0x00000000e9e80000)
 ParOldGen       total 59392K, used 18152K [0x0000000085000000, 0x0000000088a00000, 0x00000000d7000000)
  object space 59392K, 30% used [0x0000000085000000,0x00000000861ba300,0x0000000088a00000)
 Metaspace       used 31769K, capacity 32144K, committed 32384K, reserved 1077248K
  class space    used 3804K, capacity 3913K, committed 3968K, reserved 1048576K
}
Event: 6.159 GC heap before
{Heap before GC invocations=11 (full 1):
 PSYoungGen      total 215552K, used 215540K [0x00000000d7000000, 0x00000000e9e80000, 0x0000000100000000)
  eden space 203776K, 100% used [0x00000000d7000000,0x00000000e3700000,0x00000000e3700000)
  from space 11776K, 99% used [0x00000000e3700000,0x00000000e427d198,0x00000000e4280000)
  to   space 15872K, 0% used [0x00000000e8f00000,0x00000000e8f00000,0x00000000e9e80000)
 ParOldGen       total 59392K, used 18152K [0x0000000085000000, 0x0000000088a00000, 0x00000000d7000000)
  object space 59392K, 30% used [0x0000000085000000,0x00000000861ba300,0x0000000088a00000)
 Metaspace       used 34133K, capacity 34530K, committed 34944K, reserved 1079296K
  class space    used 4071K, capacity 4172K, committed 4224K, reserved 1048576K
Event: 6.177 GC heap after
Heap after GC invocations=11 (full 1):
 PSYoungGen      total 292352K, used 13438K [0x00000000d7000000, 0x00000000ea000000, 0x0000000100000000)
  eden space 276480K, 0% used [0x00000000d7000000,0x00000000d7000000,0x00000000e7e00000)
  from space 15872K, 84% used [0x00000000e8f00000,0x00000000e9c1fa88,0x00000000e9e80000)
  to   space 17408K, 0% used [0x00000000e7e00000,0x00000000e7e00000,0x00000000e8f00000)
 ParOldGen       total 59392K, used 22572K [0x0000000085000000, 0x0000000088a00000, 0x00000000d7000000)
  object space 59392K, 38% used [0x0000000085000000,0x000000008660b390,0x0000000088a00000)
 Metaspace       used 34133K, capacity 34530K, committed 34944K, reserved 1079296K
  class space    used 4071K, capacity 4172K, committed 4224K, reserved 1048576K
}
Event: 6.351 GC heap before
{Heap before GC invocations=12 (full 1):
 PSYoungGen      total 292352K, used 51061K [0x00000000d7000000, 0x00000000ea000000, 0x0000000100000000)
  eden space 276480K, 13% used [0x00000000d7000000,0x00000000d94bdcf0,0x00000000e7e00000)
  from space 15872K, 84% used [0x00000000e8f00000,0x00000000e9c1fa88,0x00000000e9e80000)
  to   space 17408K, 0% used [0x00000000e7e00000,0x00000000e7e00000,0x00000000e8f00000)
 ParOldGen       total 59392K, used 22572K [0x0000000085000000, 0x0000000088a00000, 0x00000000d7000000)
  object space 59392K, 38% used [0x0000000085000000,0x000000008660b390,0x0000000088a00000)
 Metaspace       used 34797K, capacity 35170K, committed 35496K, reserved 1081344K
  class space    used 4147K, capacity 4236K, committed 4352K, reserved 1048576K
Event: 6.356 GC heap after
Heap after GC invocations=12 (full 1):
 PSYoungGen      total 293888K, used 1905K [0x00000000d7000000, 0x00000000f0400000, 0x0000000100000000)
  eden space 276480K, 0% used [0x00000000d7000000,0x00000000d7000000,0x00000000e7e00000)
  from space 17408K, 10% used [0x00000000e7e00000,0x00000000e7fdc6e8,0x00000000e8f00000)
  to   space 17408K, 0% used [0x00000000ef300000,0x00000000ef300000,0x00000000f0400000)
 ParOldGen       total 59392K, used 26335K [0x0000000085000000, 0x0000000088a00000, 0x00000000d7000000)
  object space 59392K, 44% used [0x0000000085000000,0x00000000869b7e68,0x0000000088a00000)
 Metaspace       used 34797K, capacity 35170K, committed 35496K, reserved 1081344K
  class space    used 4147K, capacity 4236K, committed 4352K, reserved 1048576K
}
Event: 6.356 GC heap before
{Heap before GC invocations=13 (full 2):
 PSYoungGen      total 293888K, used 1905K [0x00000000d7000000, 0x00000000f0400000, 0x0000000100000000)
  eden space 276480K, 0% used [0x00000000d7000000,0x00000000d7000000,0x00000000e7e00000)
  from space 17408K, 10% used [0x00000000e7e00000,0x00000000e7fdc6e8,0x00000000e8f00000)
  to   space 17408K, 0% used [0x00000000ef300000,0x00000000ef300000,0x00000000f0400000)
 ParOldGen       total 59392K, used 26335K [0x0000000085000000, 0x0000000088a00000, 0x00000000d7000000)
  object space 59392K, 44% used [0x0000000085000000,0x00000000869b7e68,0x0000000088a00000)
 Metaspace       used 34797K, capacity 35170K, committed 35496K, reserved 1081344K
  class space    used 4147K, capacity 4236K, committed 4352K, reserved 1048576K
Event: 6.421 GC heap after
Heap after GC invocations=13 (full 2):
 PSYoungGen      total 293888K, used 0K [0x00000000d7000000, 0x00000000f0400000, 0x0000000100000000)
  eden space 276480K, 0% used [0x00000000d7000000,0x00000000d7000000,0x00000000e7e00000)
  from space 17408K, 0% used [0x00000000e7e00000,0x00000000e7e00000,0x00000000e8f00000)
  to   space 17408K, 0% used [0x00000000ef300000,0x00000000ef300000,0x00000000f0400000)
 ParOldGen       total 85504K, used 17819K [0x0000000085000000, 0x000000008a380000, 0x00000000d7000000)
  object space 85504K, 20% used [0x0000000085000000,0x0000000086166f08,0x000000008a380000)
 Metaspace       used 34797K, capacity 35170K, committed 35496K, reserved 1081344K
  class space    used 4147K, capacity 4236K, committed 4352K, reserved 1048576K
}
Event: 7.810 GC heap before
{Heap before GC invocations=14 (full 2):
 PSYoungGen      total 293888K, used 276480K [0x00000000d7000000, 0x00000000f0400000, 0x0000000100000000)
  eden space 276480K, 100% used [0x00000000d7000000,0x00000000e7e00000,0x00000000e7e00000)
  from space 17408K, 0% used [0x00000000e7e00000,0x00000000e7e00000,0x00000000e8f00000)
  to   space 17408K, 0% used [0x00000000ef300000,0x00000000ef300000,0x00000000f0400000)
 ParOldGen       total 85504K, used 17819K [0x0000000085000000, 0x000000008a380000, 0x00000000d7000000)
  object space 85504K, 20% used [0x0000000085000000,0x0000000086166f40,0x000000008a380000)
 Metaspace       used 38995K, capacity 39554K, committed 39680K, reserved 1083392K
  class space    used 4693K, capacity 4824K, committed 4864K, reserved 1048576K
Event: 7.820 GC heap after
Heap after GC invocations=14 (full 2):
 PSYoungGen      total 377856K, used 10845K [0x00000000d7000000, 0x00000000efe00000, 0x0000000100000000)
  eden space 366592K, 0% used [0x00000000d7000000,0x00000000d7000000,0x00000000ed600000)
  from space 11264K, 96% used [0x00000000ef300000,0x00000000efd974e0,0x00000000efe00000)
  to   space 17920K, 0% used [0x00000000edb00000,0x00000000edb00000,0x00000000eec80000)
 ParOldGen       total 85504K, used 17827K [0x0000000085000000, 0x000000008a380000, 0x00000000d7000000)
  object space 85504K, 20% used [0x0000000085000000,0x0000000086168f40,0x000000008a380000)
 Metaspace       used 38995K, capacity 39554K, committed 39680K, reserved 1083392K
  class space    used 4693K, capacity 4824K, committed 4864K, reserved 1048576K
}
Event: 8.890 GC heap before
{Heap before GC invocations=15 (full 2):
 PSYoungGen      total 377856K, used 377437K [0x00000000d7000000, 0x00000000efe00000, 0x0000000100000000)
  eden space 366592K, 100% used [0x00000000d7000000,0x00000000ed600000,0x00000000ed600000)
  from space 11264K, 96% used [0x00000000ef300000,0x00000000efd974e0,0x00000000efe00000)
  to   space 17920K, 0% used [0x00000000edb00000,0x00000000edb00000,0x00000000eec80000)
 ParOldGen       total 85504K, used 17836K [0x0000000085000000, 0x000000008a380000, 0x00000000d7000000)
  object space 85504K, 20% used [0x0000000085000000,0x000000008616b1f8,0x000000008a380000)
 Metaspace       used 40877K, capacity 41506K, committed 41728K, reserved 1085440K
  class space    used 4899K, capacity 5032K, committed 5120K, reserved 1048576K

Deoptimization events (10 events):
Event: 7.781 Thread 0x00007f380c012800 Uncommon trap: reason=unstable_if action=reinterpret pc=0x00007f37f6599914 method=java.util.concurrent.ConcurrentHashMap.get(Ljava/lang/Object;)Ljava/lang/Object; @ 86
Event: 7.781 Thread 0x00007f380c012800 Uncommon trap: reason=unstable_if action=reinterpret pc=0x00007f37f683ef44 method=java.util.concurrent.ConcurrentHashMap.get(Ljava/lang/Object;)Ljava/lang/Object; @ 86
Event: 7.781 Thread 0x00007f380c012800 Uncommon trap: reason=unstable_if action=reinterpret pc=0x00007f37f709d464 method=java.util.concurrent.ConcurrentHashMap.get(Ljava/lang/Object;)Ljava/lang/Object; @ 86
Event: 8.009 Thread 0x00007f380c012800 Uncommon trap: reason=unstable_if action=reinterpret pc=0x00007f37f72d9530 method=org.aspectj.weaver.TypeFactory.createTypeFromSignature(Ljava/lang/String;)Lorg/aspectj/weaver/UnresolvedType; @ 523
Event: 8.241 Thread 0x00007f380c012800 Uncommon trap: reason=unstable_if action=reinterpret pc=0x00007f37f679d828 method=java.util.WeakHashMap.get(Ljava/lang/Object;)Ljava/lang/Object; @ 56
Event: 8.241 Thread 0x00007f380c012800 Uncommon trap: reason=unstable_if action=reinterpret pc=0x00007f37f72d478c method=java.util.WeakHashMap.put(Ljava/lang/Object;Ljava/lang/Object;)Ljava/lang/Object; @ 59
Event: 8.286 Thread 0x00007f380c012800 Uncommon trap: reason=unloaded action=reinterpret pc=0x00007f37f71d29f8 method=org.aspectj.apache.bcel.classfile.Attribute.readAttribute(Ljava/io/DataInputStream;Lorg/aspectj/apache/bcel/classfile/ConstantPool;)Lorg/aspectj/apache/bcel/classfile/Attribute
Event: 8.303 Thread 0x00007f380c012800 Uncommon trap: reason=unstable_if action=reinterpret pc=0x00007f37f6abdf20 method=java.util.concurrent.ConcurrentHashMap.transfer([Ljava/util/concurrent/ConcurrentHashMap$Node;[Ljava/util/concurrent/ConcurrentHashMap$Node;)V @ 356
Event: 8.779 Thread 0x00007f380c012800 Uncommon trap: reason=unstable_if action=reinterpret pc=0x00007f37f72ea3f8 method=org.aspectj.weaver.UnresolvedType.nameToSignature(Ljava/lang/String;)Ljava/lang/String; @ 53
Event: 8.824 Thread 0x00007f380c012800 Uncommon trap: reason=unstable_if action=reinterpret pc=0x00007f37f6949b7c method=org.springframework.beans.factory.support.AbstractBeanFactory.isTypeMatch(Ljava/lang/String;Lorg/springframework/core/ResolvableType;)Z @ 478

Internal exceptions (10 events):
Event: 8.834 Thread 0x00007f380c012800 Exception <a 'java/lang/ClassNotFoundException': org/springframework/web/context/support/WebApplicationObjectSupportCustomizer> (0x00000000ed36f4e8) thrown at [/HUDSON3/workspace/8-2-build-linux-amd64/jdk8u101/7261/hotspot/src/share/vm/classfile/systemDic
Event: 8.835 Thread 0x00007f380c012800 Exception <a 'java/lang/ClassNotFoundException': org/springframework/web/servlet/handler/AbstractHandlerMappingCustomizer> (0x00000000ed3a7328) thrown at [/HUDSON3/workspace/8-2-build-linux-amd64/jdk8u101/7261/hotspot/src/share/vm/classfile/systemDictiona
Event: 8.843 Thread 0x00007f380c012800 Exception <a 'java/lang/ClassNotFoundException': org/springframework/web/servlet/handler/AbstractUrlHandlerMappingCustomizer> (0x00000000ed3f5c48) thrown at [/HUDSON3/workspace/8-2-build-linux-amd64/jdk8u101/7261/hotspot/src/share/vm/classfile/systemDicti
Event: 8.882 Thread 0x00007f380c012800 Exception <a 'java/lang/ClassNotFoundException': org/springframework/web/servlet/handler/AbstractDetectingUrlHandlerMappingCustomizer> (0x00000000ed43dc38) thrown at [/HUDSON3/workspace/8-2-build-linux-amd64/jdk8u101/7261/hotspot/src/share/vm/classfile/sy
Event: 8.883 Thread 0x00007f380c012800 Exception <a 'java/lang/ClassNotFoundException': org/springframework/web/servlet/handler/BeanNameUrlHandlerMappingCustomizer> (0x00000000ed47d468) thrown at [/HUDSON3/workspace/8-2-build-linux-amd64/jdk8u101/7261/hotspot/src/share/vm/classfile/systemDicti
Event: 8.884 Thread 0x00007f380c012800 Exception <a 'java/lang/ClassNotFoundException': org/springframework/web/servlet/handler/MatchableHandlerMappingCustomizer> (0x00000000ed4cb448) thrown at [/HUDSON3/workspace/8-2-build-linux-amd64/jdk8u101/7261/hotspot/src/share/vm/classfile/systemDiction
Event: 8.884 Thread 0x00007f380c012800 Exception <a 'java/lang/ClassNotFoundException': org/springframework/web/servlet/HandlerMappingCustomizer> (0x00000000ed4fad90) thrown at [/HUDSON3/workspace/8-2-build-linux-amd64/jdk8u101/7261/hotspot/src/share/vm/classfile/systemDictionary.cpp, line 210
Event: 8.885 Thread 0x00007f380c012800 Exception <a 'java/lang/ClassNotFoundException': org/springframework/core/OrderedCustomizer> (0x00000000ed5239c0) thrown at [/HUDSON3/workspace/8-2-build-linux-amd64/jdk8u101/7261/hotspot/src/share/vm/classfile/systemDictionary.cpp, line 210]
Event: 8.885 Thread 0x00007f380c012800 Exception <a 'java/lang/ClassNotFoundException': org/springframework/web/context/ServletContextAwareCustomizer> (0x00000000ed5556d8) thrown at [/HUDSON3/workspace/8-2-build-linux-amd64/jdk8u101/7261/hotspot/src/share/vm/classfile/systemDictionary.cpp, lin
Event: 8.886 Thread 0x00007f380c012800 Exception <a 'java/lang/ClassNotFoundException': org/springframework/context/ApplicationContextAwareCustomizer> (0x00000000ed587908) thrown at [/HUDSON3/workspace/8-2-build-linux-amd64/jdk8u101/7261/hotspot/src/share/vm/classfile/systemDictionary.cpp, lin

Events (10 events):
Event: 8.888 Thread 0x00007f380c012800 DEOPT UNPACKING pc=0x00007f37f64ae633 sp=0x00007f3815acea20 mode 1
Event: 8.888 Thread 0x00007f380c012800 DEOPT PACKING pc=0x00007f37f6b2b794 sp=0x00007f3815acebd0
Event: 8.888 Thread 0x00007f380c012800 DEOPT UNPACKING pc=0x00007f37f64ae633 sp=0x00007f3815ace9a8 mode 1
Event: 8.888 Thread 0x00007f380c012800 DEOPT PACKING pc=0x00007f37f6b2b794 sp=0x00007f3815aceb10
Event: 8.888 Thread 0x00007f380c012800 DEOPT UNPACKING pc=0x00007f37f64ae633 sp=0x00007f3815ace8d0 mode 1
Event: 8.888 Thread 0x00007f380c012800 DEOPT PACKING pc=0x00007f37f6f03a1c sp=0x00007f3815acebe0
Event: 8.888 Thread 0x00007f380c012800 DEOPT UNPACKING pc=0x00007f37f64ae633 sp=0x00007f3815acea20 mode 1
Event: 8.888 Thread 0x00007f380c012800 DEOPT PACKING pc=0x00007f37f6b2b794 sp=0x00007f3815acebd0
Event: 8.888 Thread 0x00007f380c012800 DEOPT UNPACKING pc=0x00007f37f64ae633 sp=0x00007f3815ace9a8 mode 1
Event: 8.890 Executing VM operation: ParallelGCFailedAllocation


Dynamic libraries:
00400000-00401000 r-xp 00000000 fd:02 2100689                            /home/ike/soft/jdk1.8/bin/java
00600000-00601000 rw-p 00000000 fd:02 2100689                            /home/ike/soft/jdk1.8/bin/java
009be000-009df000 rw-p 00000000 00:00 0                                  [heap]
85000000-8a380000 rw-p 00000000 00:00 0 
8a380000-d7000000 ---p 00000000 00:00 0 
d7000000-efe00000 rw-p 00000000 00:00 0 
f7480000-100000000 ---p 00000000 00:00 0 
100000000-100500000 rw-p 00000000 00:00 0 
100500000-140000000 ---p 00000000 00:00 0 
7f3774000000-7f3774021000 rw-p 00000000 00:00 0 
7f3774021000-7f3778000000 ---p 00000000 00:00 0 
7f3778000000-7f3778021000 rw-p 00000000 00:00 0 
7f3778021000-7f377c000000 ---p 00000000 00:00 0 
7f377c000000-7f377c021000 rw-p 00000000 00:00 0 
7f377c021000-7f3780000000 ---p 00000000 00:00 0 
7f3780000000-7f3780021000 rw-p 00000000 00:00 0 
7f3780021000-7f3784000000 ---p 00000000 00:00 0 
7f3784000000-7f3784021000 rw-p 00000000 00:00 0 
7f3784021000-7f3788000000 ---p 00000000 00:00 0 
7f3788000000-7f378806d000 rw-p 00000000 00:00 0 
7f378806d000-7f378c000000 ---p 00000000 00:00 0 
7f378c000000-7f378c028000 rw-p 00000000 00:00 0 
7f378c028000-7f3790000000 ---p 00000000 00:00 0 
7f3790000000-7f3790021000 rw-p 00000000 00:00 0 
7f3790021000-7f3794000000 ---p 00000000 00:00 0 
7f3794000000-7f3794021000 rw-p 00000000 00:00 0 
7f3794021000-7f3798000000 ---p 00000000 00:00 0 
7f3798000000-7f3798021000 rw-p 00000000 00:00 0 
7f3798021000-7f379c000000 ---p 00000000 00:00 0 
7f379c000000-7f379c021000 rw-p 00000000 00:00 0 
7f379c021000-7f37a0000000 ---p 00000000 00:00 0 
7f37a0000000-7f37a0021000 rw-p 00000000 00:00 0 
7f37a0021000-7f37a4000000 ---p 00000000 00:00 0 
7f37a4000000-7f37a4082000 rw-p 00000000 00:00 0 
7f37a4082000-7f37a8000000 ---p 00000000 00:00 0 
7f37a8000000-7f37a8296000 rw-p 00000000 00:00 0 
7f37a8296000-7f37ac000000 ---p 00000000 00:00 0 
7f37ac80f000-7f37ac9cf000 rw-p 00000000 00:00 0 
7f37ac9cf000-7f37aca0f000 ---p 00000000 00:00 0 
7f37aca0f000-7f37aca12000 ---p 00000000 00:00 0 
7f37aca12000-7f37acb10000 rw-p 00000000 00:00 0 
7f37acb10000-7f37acb13000 ---p 00000000 00:00 0 
7f37acb13000-7f37acc11000 rw-p 00000000 00:00 0 
7f37acc11000-7f37acc14000 ---p 00000000 00:00 0 
7f37acc14000-7f37acd12000 rw-p 00000000 00:00 0 
7f37acd12000-7f37acd15000 ---p 00000000 00:00 0 
7f37acd15000-7f37ace13000 rw-p 00000000 00:00 0 
7f37ace13000-7f37ace16000 ---p 00000000 00:00 0 
7f37ace16000-7f37ad114000 rw-p 00000000 00:00 0 
7f37ad114000-7f37ad117000 ---p 00000000 00:00 0 
7f37ad117000-7f37ad215000 rw-p 00000000 00:00 0 
7f37ad215000-7f37ad218000 ---p 00000000 00:00 0 
7f37ad218000-7f37ad316000 rw-p 00000000 00:00 0 
7f37ad316000-7f37ad319000 ---p 00000000 00:00 0 
7f37ad319000-7f37ad417000 rw-p 00000000 00:00 0 
7f37ad417000-7f37ad41a000 ---p 00000000 00:00 0 
7f37ad41a000-7f37ad518000 rw-p 00000000 00:00 0 
7f37ad518000-7f37ad51b000 ---p 00000000 00:00 0 
7f37ad51b000-7f37ad619000 rw-p 00000000 00:00 0 
7f37ad619000-7f37ad61c000 ---p 00000000 00:00 0 
7f37ad61c000-7f37ad71a000 rw-p 00000000 00:00 0 
7f37ad71a000-7f37ad71d000 ---p 00000000 00:00 0 
7f37ad71d000-7f37ad81b000 rw-p 00000000 00:00 0 
7f37ad81b000-7f37ad81e000 ---p 00000000 00:00 0 
7f37ad81e000-7f37ad91c000 rw-p 00000000 00:00 0 
7f37ad91c000-7f37ad91f000 ---p 00000000 00:00 0 
7f37ad91f000-7f37ada1d000 rw-p 00000000 00:00 0 
7f37ada1d000-7f37ada20000 ---p 00000000 00:00 0 
7f37ada20000-7f37adb1e000 rw-p 00000000 00:00 0 
7f37adb1e000-7f37adb21000 ---p 00000000 00:00 0 
7f37adb21000-7f37adc1f000 rw-p 00000000 00:00 0 
7f37adc1f000-7f37adc22000 ---p 00000000 00:00 0 
7f37adc22000-7f37add20000 rw-p 00000000 00:00 0 
7f37add20000-7f37add23000 ---p 00000000 00:00 0 
7f37add23000-7f37ade21000 rw-p 00000000 00:00 0 
7f37ade21000-7f37ade24000 ---p 00000000 00:00 0 
7f37ade24000-7f37adf22000 rw-p 00000000 00:00 0 
7f37adf22000-7f37adf25000 ---p 00000000 00:00 0 
7f37adf25000-7f37ae223000 rw-p 00000000 00:00 0 
7f37ae223000-7f37ae423000 rw-p 00000000 00:00 0 
7f37ae4e3000-7f37ae4e6000 ---p 00000000 00:00 0 
7f37ae4e6000-7f37ae5e4000 rw-p 00000000 00:00 0 
7f37ae5e4000-7f37ae5e7000 ---p 00000000 00:00 0 
7f37ae5e7000-7f37ae6e5000 rw-p 00000000 00:00 0 
7f37ae6e5000-7f37ae6e8000 ---p 00000000 00:00 0 
7f37ae6e8000-7f37ae9e6000 rw-p 00000000 00:00 0 
7f37ae9e6000-7f37aebe6000 rw-p 00000000 00:00 0 
7f37aebe6000-7f37aede6000 rw-p 00000000 00:00 0 
7f37aede6000-7f37aefe6000 rw-p 00000000 00:00 0 
7f37aefe6000-7f37af1e6000 rw-p 00000000 00:00 0 
7f37af1e6000-7f37af3e6000 rw-p 00000000 00:00 0 
7f37af3e6000-7f37af3f7000 r-xp 00000000 fd:02 2100229                    /home/ike/soft/jdk1.8/jre/lib/amd64/libnio.so
7f37af3f7000-7f37af5f6000 ---p 00011000 fd:02 2100229                    /home/ike/soft/jdk1.8/jre/lib/amd64/libnio.so
7f37af5f6000-7f37af5f7000 rw-p 00010000 fd:02 2100229                    /home/ike/soft/jdk1.8/jre/lib/amd64/libnio.so
7f37af5f7000-7f37af7f7000 rw-p 00000000 00:00 0 
7f37af7f7000-7f37af9f7000 rw-p 00000000 00:00 0 
7f37af9f7000-7f37afbf7000 rw-p 00000000 00:00 0 
7f37afbf7000-7f37afdf7000 rw-p 00000000 00:00 0 
7f37afdf7000-7f37afe00000 r-xp 00000000 fd:02 2100283                    /home/ike/soft/jdk1.8/jre/lib/amd64/libmanagement.so
7f37afe00000-7f37affff000 ---p 00009000 fd:02 2100283                    /home/ike/soft/jdk1.8/jre/lib/amd64/libmanagement.so
7f37affff000-7f37b0000000 rw-p 00008000 fd:02 2100283                    /home/ike/soft/jdk1.8/jre/lib/amd64/libmanagement.so
7f37b0000000-7f37b0021000 rw-p 00000000 00:00 0 
7f37b0021000-7f37b4000000 ---p 00000000 00:00 0 
7f37b4000000-7f37b4021000 rw-p 00000000 00:00 0 
7f37b4021000-7f37b8000000 ---p 00000000 00:00 0 
7f37b8000000-7f37bb05c000 rw-p 00000000 00:00 0 
7f37bb05c000-7f37bc000000 ---p 00000000 00:00 0 
7f37bc000000-7f37bd89b000 rw-p 00000000 00:00 0 
7f37bd89b000-7f37c0000000 ---p 00000000 00:00 0 
7f37c0000000-7f37c0021000 rw-p 00000000 00:00 0 
7f37c0021000-7f37c4000000 ---p 00000000 00:00 0 
7f37c4000000-7f37c6827000 rw-p 00000000 00:00 0 
7f37c6827000-7f37c8000000 ---p 00000000 00:00 0 
7f37c8000000-7f37c8021000 rw-p 00000000 00:00 0 
7f37c8021000-7f37cc000000 ---p 00000000 00:00 0 
7f37cc000000-7f37cc08e000 rw-p 00000000 00:00 0 
7f37cc08e000-7f37d0000000 ---p 00000000 00:00 0 
7f37d0000000-7f37d0021000 rw-p 00000000 00:00 0 
7f37d0021000-7f37d4000000 ---p 00000000 00:00 0 
7f37d4000000-7f37d4021000 rw-p 00000000 00:00 0 
7f37d4021000-7f37d8000000 ---p 00000000 00:00 0 
7f37d8000000-7f37d828e000 rw-p 00000000 00:00 0 
7f37d828e000-7f37dc000000 ---p 00000000 00:00 0 
7f37dc000000-7f37dc021000 rw-p 00000000 00:00 0 
7f37dc021000-7f37e0000000 ---p 00000000 00:00 0 
7f37e0000000-7f37e0021000 rw-p 00000000 00:00 0 
7f37e0021000-7f37e4000000 ---p 00000000 00:00 0 
7f37e4000000-7f37e4021000 rw-p 00000000 00:00 0 
7f37e4021000-7f37e8000000 ---p 00000000 00:00 0 
7f37e8000000-7f37e8021000 rw-p 00000000 00:00 0 
7f37e8021000-7f37ec000000 ---p 00000000 00:00 0 
7f37ec00d000-7f37ec07f000 r-xp 00000000 fd:00 2888714                    /usr/lib64/libpcre.so.1.2.8
7f37ec07f000-7f37ec27e000 ---p 00072000 fd:00 2888714                    /usr/lib64/libpcre.so.1.2.8
7f37ec27e000-7f37ec27f000 r--p 00071000 fd:00 2888714                    /usr/lib64/libpcre.so.1.2.8
7f37ec27f000-7f37ec280000 rw-p 00072000 fd:00 2888714                    /usr/lib64/libpcre.so.1.2.8
7f37ec280000-7f37f0000000 rw-p 00000000 00:00 0 
7f37f0000000-7f37f0021000 rw-p 00000000 00:00 0 
7f37f0021000-7f37f4000000 ---p 00000000 00:00 0 
7f37f40ea000-7f37f4180000 r--s 01102000 fd:02 2100425                    /home/ike/soft/jdk1.8/jre/lib/ext/jfxrt.jar
7f37f4180000-7f37f4196000 r-xp 00000000 fd:00 2890778                    /usr/lib64/libgcc_s-6.3.1-20161221.so.1
7f37f4196000-7f37f4395000 ---p 00016000 fd:00 2890778                    /usr/lib64/libgcc_s-6.3.1-20161221.so.1
7f37f4395000-7f37f4396000 r--p 00015000 fd:00 2890778                    /usr/lib64/libgcc_s-6.3.1-20161221.so.1
7f37f4396000-7f37f4397000 rw-p 00016000 fd:00 2890778                    /usr/lib64/libgcc_s-6.3.1-20161221.so.1
7f37f4397000-7f37f439b000 r-xp 00000000 fd:00 2892562                    /usr/lib64/libcap.so.2.25
7f37f439b000-7f37f459a000 ---p 00004000 fd:00 2892562                    /usr/lib64/libcap.so.2.25
7f37f459a000-7f37f459b000 r--p 00003000 fd:00 2892562                    /usr/lib64/libcap.so.2.25
7f37f459b000-7f37f459c000 rw-p 00004000 fd:00 2892562                    /usr/lib64/libcap.so.2.25
7f37f459c000-7f37f45bf000 r-xp 00000000 fd:00 2892320                    /usr/lib64/libselinux.so.1
7f37f45bf000-7f37f47bf000 ---p 00023000 fd:00 2892320                    /usr/lib64/libselinux.so.1
7f37f47bf000-7f37f47c0000 r--p 00023000 fd:00 2892320                    /usr/lib64/libselinux.so.1
7f37f47c0000-7f37f47c1000 rw-p 00024000 fd:00 2892320                    /usr/lib64/libselinux.so.1
7f37f47c1000-7f37f47c3000 rw-p 00000000 00:00 0 
7f37f47c3000-7f37f47d4000 r-xp 00000000 fd:00 2894368                    /usr/lib64/libnss_myhostname.so.2
7f37f47d4000-7f37f47d5000 ---p 00011000 fd:00 2894368                    /usr/lib64/libnss_myhostname.so.2
7f37f47d5000-7f37f47d7000 r--p 00011000 fd:00 2894368                    /usr/lib64/libnss_myhostname.so.2
7f37f47d7000-7f37f47d8000 rw-p 00013000 fd:00 2894368                    /usr/lib64/libnss_myhostname.so.2
7f37f47d8000-7f37f47ef000 r-xp 00000000 fd:00 2891940                    /usr/lib64/libresolv-2.24.so
7f37f47ef000-7f37f49ef000 ---p 00017000 fd:00 2891940                    /usr/lib64/libresolv-2.24.so
7f37f49ef000-7f37f49f0000 r--p 00017000 fd:00 2891940                    /usr/lib64/libresolv-2.24.so
7f37f49f0000-7f37f49f1000 rw-p 00018000 fd:00 2891940                    /usr/lib64/libresolv-2.24.so
7f37f49f1000-7f37f49f3000 rw-p 00000000 00:00 0 
7f37f49f3000-7f37f49f8000 r-xp 00000000 fd:00 2891855                    /usr/lib64/libnss_dns-2.24.so
7f37f49f8000-7f37f4bf8000 ---p 00005000 fd:00 2891855                    /usr/lib64/libnss_dns-2.24.so
7f37f4bf8000-7f37f4bf9000 r--p 00005000 fd:00 2891855                    /usr/lib64/libnss_dns-2.24.so
7f37f4bf9000-7f37f4bfa000 rw-p 00006000 fd:00 2891855                    /usr/lib64/libnss_dns-2.24.so
7f37f4bfa000-7f37f4bfc000 r-xp 00000000 fd:00 2893052                    /usr/lib64/libnss_mdns4_minimal.so.2
7f37f4bfc000-7f37f4dfb000 ---p 00002000 fd:00 2893052                    /usr/lib64/libnss_mdns4_minimal.so.2
7f37f4dfb000-7f37f4dfc000 r--p 00001000 fd:00 2893052                    /usr/lib64/libnss_mdns4_minimal.so.2
7f37f4dfc000-7f37f4dfd000 rw-p 00000000 00:00 0 
7f37f4e0a000-7f37f4e0e000 r--s 00097000 fd:02 2100406                    /home/ike/soft/jdk1.8/jre/lib/jsse.jar
7f37f4e0e000-7f37f4e13000 r--s 002f9000 fd:02 2100432                    /home/ike/soft/jdk1.8/jre/lib/charsets.jar
7f37f4e13000-7f37f4e16000 ---p 00000000 00:00 0 
7f37f4e16000-7f37f4f14000 rw-p 00000000 00:00 0 
7f37f4f14000-7f37f4f2a000 r-xp 00000000 fd:02 2100243                    /home/ike/soft/jdk1.8/jre/lib/amd64/libnet.so
7f37f4f2a000-7f37f512a000 ---p 00016000 fd:02 2100243                    /home/ike/soft/jdk1.8/jre/lib/amd64/libnet.so
7f37f512a000-7f37f512b000 rw-p 00016000 fd:02 2100243                    /home/ike/soft/jdk1.8/jre/lib/amd64/libnet.so
7f37f512b000-7f37f5135000 r--s 00116000 fd:02 2100424                    /home/ike/soft/jdk1.8/jre/lib/ext/localedata.jar
7f37f5135000-7f37f5136000 ---p 00000000 00:00 0 
7f37f5136000-7f37f5236000 rw-p 00000000 00:00 0 
7f37f5236000-7f37f5239000 ---p 00000000 00:00 0 
7f37f5239000-7f37f5337000 rw-p 00000000 00:00 0 
7f37f5337000-7f37f533a000 ---p 00000000 00:00 0 
7f37f533a000-7f37f5438000 rw-p 00000000 00:00 0 
7f37f5438000-7f37f543b000 ---p 00000000 00:00 0 
7f37f543b000-7f37f5539000 rw-p 00000000 00:00 0 
7f37f5539000-7f37f553c000 ---p 00000000 00:00 0 
7f37f553c000-7f37f563a000 rw-p 00000000 00:00 0 
7f37f563a000-7f37f563c000 r--s 0000a000 fd:02 2103023                    /home/ike/soft/idea-IU-171.4424.56/plugins/Groovy/lib/agent/gragent.jar
7f37f563c000-7f37f563e000 r--s 0001a000 fd:02 2102710                    /home/ike/soft/idea-IU-171.4424.56/lib/idea_rt.jar
7f37f563e000-7f37f5640000 r--s 00005000 fd:02 2234244                    /home/ike/.m2/repository/stax/stax-api/1.0.1/stax-api-1.0.1.jar
7f37f5640000-7f37f564b000 r--s 0006a000 fd:02 6424508                    /home/ike/.gradle/caches/modules-2/files-2.1/ch.qos.logback/logback-core/1.1.11/88b8df40340eed549fb07e2613879bf6b006704d/logback-core-1.1.11.jar
7f37f564b000-7f37f5689000 r--s 0025d000 fd:02 2234241                    /home/ike/.m2/repository/org/apache/xmlbeans/xmlbeans/2.6.0/xmlbeans-2.6.0.jar
7f37f5689000-7f37f568b000 r--s 00012000 fd:02 7735566                    /home/ike/.gradle/caches/modules-2/files-2.1/net.minidev/accessors-smart/1.1/a527213f2fea112a04c9bdf0ec0264e34104cd08/accessors-smart-1.1.jar
7f37f568b000-7f37f569c000 r--s 00096000 fd:02 5644044                    /home/ike/.gradle/caches/modules-2/files-2.1/org.bouncycastle/bcpkix-jdk15on/1.55/6392d8cba22b722c6570d660ca0b3921ff1bae4f/bcpkix-jdk15on-1.55.jar
7f37f569c000-7f37f569e000 r--s 0000c000 fd:02 5644042                    /home/ike/.gradle/caches/modules-2/files-2.1/org.springframework.security/spring-security-crypto/4.2.2.RELEASE/713ae22bcef55ae21ca1967d7cb217a1efab5dbf/spring-security-crypto-4.2.2.RELEASE.jar
7f37f569e000-7f37f56a1000 r--s 0002b000 fd:02 4459269                    /home/ike/.gradle/caches/modules-2/files-2.1/org.jboss/jandex/2.0.0.Final/3e899258936f94649c777193e1be846387ed54b3/jandex-2.0.0.Final.jar
7f37f56a1000-7f37f56a6000 r--s 00068000 fd:02 2103485                    /home/ike/.m2/repository/antlr/antlr/2.7.7/antlr-2.7.7.jar
7f37f56a6000-7f37f56a8000 r--s 00004000 fd:02 5248253                    /home/ike/.gradle/caches/modules-2/files-2.1/org.slf4j/log4j-over-slf4j/1.7.24/6ab46c51a3848286a0db3ba7b22037b3834c3c44/log4j-over-slf4j-1.7.24.jar
7f37f56a8000-7f37f56aa000 r--s 00000000 fd:02 6424503                    /home/ike/.gradle/caches/modules-2/files-2.1/org.slf4j/jul-to-slf4j/1.7.24/25a2be668cb2ad1d05d76c0773df73b4b53617fd/jul-to-slf4j-1.7.24.jar
7f37f56aa000-7f37f56ac000 r--s 00003000 fd:02 6424515                    /home/ike/.gradle/caches/modules-2/files-2.1/org.slf4j/jcl-over-slf4j/1.7.24/e6a8629079856a2aa7862c6327ccf6dd1988d7fc/jcl-over-slf4j-1.7.24.jar
7f37f56ac000-7f37f56b3000 r--s 00045000 fd:02 6168269                    /home/ike/.gradle/caches/modules-2/files-2.1/ch.qos.logback/logback-classic/1.1.11/ccedfbacef4a6515d2983e3f89ed753d5d4fb665/logback-classic-1.1.11.jar
7f37f56b3000-7f37f56b7000 r--s 00015000 fd:02 3542611                    /home/ike/.gradle/caches/modules-2/files-2.1/com.github.virtuald/curvesapi/1.04/3386abf821719bc89c7685f9eaafaf4a842f0199/curvesapi-1.04.jar
7f37f56b7000-7f37f5771000 r--s 004e0000 fd:02 7867893                    /home/ike/.gradle/caches/modules-2/files-2.1/org.apache.poi/poi-ooxml-schemas/3.16/9828a49307fc6bebfd42185b677d88b6e4994c63/poi-ooxml-schemas-3.16.jar
7f37f5771000-7f37f5781000 r--s 000a8000 fd:02 3542609                    /home/ike/.gradle/caches/modules-2/files-2.1/org.apache.commons/commons-collections4/4.1/a4cf4688fe1c7e3a63aa636cc96d013af537768e/commons-collections4-4.1.jar
7f37f5781000-7f37f5782000 r--s 00004000 fd:02 7735564                    /home/ike/.gradle/caches/modules-2/files-2.1/com.vaadin.external.google/android-json/0.0.20131108.vaadin1/fa26d351fe62a6a17f5cda1287c1c6110dec413f/android-json-0.0.20131108.vaadin1.jar
7f37f5782000-7f37f5784000 r--s 00009000 fd:02 7735562                    /home/ike/.gradle/caches/modules-2/files-2.1/org.objenesis/objenesis/2.1/87c0ea803b69252868d09308b4618f766f135a96/objenesis-2.1.jar
7f37f5784000-7f37f5787000 r--s 0001b000 fd:02 7735560                    /home/ike/.gradle/caches/modules-2/files-2.1/net.minidev/json-smart/2.2.1/5b9e5df7a62d1279b70dc882b041d249c4f0b002/json-smart-2.2.1.jar
7f37f5787000-7f37f5789000 r--s 0000c000 fd:02 3670899                    /home/ike/.m2/repository/org/ow2/asm/asm/5.0.4/asm-5.0.4.jar
7f37f5789000-7f37f578b000 r--s 00007000 fd:02 5644036                    /home/ike/.gradle/caches/modules-2/files-2.1/com.netflix.hystrix/hystrix-serialization/1.5.10/c857cba459a3532a5391bd6050555ad07b8f5320/hystrix-serialization-1.5.10.jar
7f37f578b000-7f37f578d000 r--s 0001a000 fd:02 5644034                    /home/ike/.gradle/caches/modules-2/files-2.1/org.hdrhistogram/HdrHistogram/2.1.9/e4631ce165eb400edecfa32e03d3f1be53dee754/HdrHistogram-2.1.9.jar
7f37f578d000-7f37f57a5000 r--s 000fc000 fd:02 5644032                    /home/ike/.gradle/caches/modules-2/files-2.1/io.reactivex/rxjava/1.2.0/42bfaf64c94f3848ebf5cf1c2ea4ec9d1b3ac6c8/rxjava-1.2.0.jar
7f37f57a5000-7f37f57ac000 r--s 00050000 fd:02 5644028                    /home/ike/.gradle/caches/modules-2/files-2.1/commons-configuration/commons-configuration/1.8/6cce40435bcd8018018f16898de01976b319941a/commons-configuration-1.8.jar
7f37f57ac000-7f37f57ad000 r--s 00004000 fd:02 4460908                    /home/ike/.gradle/caches/modules-2/files-2.1/org.springframework.security/spring-security-rsa/1.0.3.RELEASE/b0b1ee770597b5de1b51e9a889dfd2dc35d251b0/spring-security-rsa-1.0.3.RELEASE.jar
7f37f57ad000-7f37f57b2000 r--s 00016000 fd:02 5644020                    /home/ike/.gradle/caches/modules-2/files-2.1/org.springframework.cloud/spring-cloud-commons/1.2.0.RELEASE/de0024fa88cc6c1ecbc30980e15acf25c0f5ef21/spring-cloud-commons-1.2.0.RELEASE.jar
7f37f57b2000-7f37f57b5000 r--s 00015000 fd:02 5644018                    /home/ike/.gradle/caches/modules-2/files-2.1/org.springframework.cloud/spring-cloud-context/1.2.0.RELEASE/4f2a9fa553883dedc21587e45080b67911fb7d26/spring-cloud-context-1.2.0.RELEASE.jar
7f37f57b5000-7f37f57cd000 r--s 00110000 fd:02 3670926                    /home/ike/.m2/repository/io/netty/netty/3.7.0.Final/netty-3.7.0.Final.jar
7f37f57cd000-7f37f57cf000 r--s 00014000 fd:02 3539264                    /home/ike/.m2/repository/jline/jline/0.9.94/jline-0.9.94.jar
7f37f57cf000-7f37f57d0000 r--s 00003000 fd:02 3540889                    /home/ike/.m2/repository/org/apache/geronimo/specs/geronimo-jta_1.1_spec/1.1.1/geronimo-jta_1.1_spec-1.1.1.jar
7f37f57d0000-7f37f57da000 r--s 000aa000 fd:02 6031571                    /home/ike/.gradle/caches/modules-2/files-2.1/org.javassist/javassist/3.21.0-GA/598244f595db5c5fb713731eddbb1c91a58d959b/javassist-3.21.0-GA.jar
7f37f57da000-7f37f57df000 r--s 00017000 fd:02 3148263                    /home/ike/.m2/repository/org/hibernate/javax/persistence/hibernate-jpa-2.1-api/1.0.0.Final/hibernate-jpa-2.1-api-1.0.0.Final.jar
7f37f57df000-7f37f57e2000 r--s 00010000 fd:02 4459261                    /home/ike/.gradle/caches/modules-2/files-2.1/org.hibernate.common/hibernate-commons-annotations/5.0.1.Final/71e1cff3fcb20d3b3af4f3363c3ddb24d33c6879/hibernate-commons-annotations-5.0.1.Final.jar
7f37f57e2000-7f37f57e7000 r--s 00048000 fd:02 3801997                    /home/ike/.m2/repository/dom4j/dom4j/1.6.1/dom4j-1.6.1.jar
7f37f57e7000-7f37f5850000 r--s 004f3000 fd:02 6031581                    /home/ike/.gradle/caches/modules-2/files-2.1/org.hibernate/hibernate-core/5.0.12.Final/e58bf1c660e6706d8e2cbb53bae110f574366102/hibernate-core-5.0.12.Final.jar
7f37f5850000-7f37f5852000 r--s 0000f000 fd:02 3672160                    /home/ike/.m2/repository/org/jboss/logging/jboss-logging/3.3.0.Final/jboss-logging-3.3.0.Final.jar
7f37f5852000-7f37f5856000 r--s 0000c000 fd:02 3540885                    /home/ike/.m2/repository/javax/validation/validation-api/1.1.0.Final/validation-api-1.1.0.Final.jar
7f37f5856000-7f37f585b000 r--s 00036000 fd:02 6031579                    /home/ike/.gradle/caches/modules-2/files-2.1/org.apache.tomcat.embed/tomcat-embed-websocket/8.5.11/dfa65e7857d46630761c0571758a56f7cbd1e9ba/tomcat-embed-websocket-8.5.11.jar
7f37f585b000-7f37f5860000 r--s 00036000 fd:02 6031577                    /home/ike/.gradle/caches/modules-2/files-2.1/org.apache.tomcat.embed/tomcat-embed-el/8.5.11/60253815b897166903bf5ec41219c5bb15333a69/tomcat-embed-el-8.5.11.jar
7f37f5860000-7f37f5889000 r--s 002b8000 fd:02 6031575                    /home/ike/.gradle/caches/modules-2/files-2.1/org.apache.tomcat.embed/tomcat-embed-core/8.5.11/72761f51fc7cef3ee19d4aafc7adc605df9f611f/tomcat-embed-core-8.5.11.jar
7f37f5889000-7f37f588f000 r--s 0003d000 fd:02 4588007                    /home/ike/.gradle/caches/modules-2/files-2.1/org.yaml/snakeyaml/1.17/7a27ea250c5130b2922b86dea63cbb1cc10a660c/snakeyaml-1.17.jar
7f37f588f000-7f37f5890000 r--s 00000000 fd:02 5644040                    /home/ike/.gradle/caches/modules-2/files-2.1/org.springframework.boot/spring-boot-starter-logging/1.5.2.RELEASE/32210889e1f9bb09ac134b9f43a117ed62f0bed2/spring-boot-starter-logging-1.5.2.RELEASE.jar
7f37f5890000-7f37f58b0000 r--s 000e0000 fd:02 5644024                    /home/ike/.gradle/caches/modules-2/files-2.1/org.springframework.boot/spring-boot-autoconfigure/1.5.2.RELEASE/8a9b8c747bc2c86eefde10330cb2984541bcb9d1/spring-boot-autoconfigure-1.5.2.RELEASE.jar
7f37f58b0000-7f37f58c0000 r--s 00094000 fd:02 5644022                    /home/ike/.gradle/caches/modules-2/files-2.1/org.springframework.boot/spring-boot/1.5.2.RELEASE/46bb5d8c9ab5d3ef9e158ca5906ee7d3569befc1/spring-boot-1.5.2.RELEASE.jar
7f37f58c0000-7f37f58d3000 r--s 0014c000 fd:02 7867891                    /home/ike/.gradle/caches/modules-2/files-2.1/org.apache.poi/poi-ooxml/3.16/76e20fe22404cc4da55ddfdaaaadee32bbfa3bdd/poi-ooxml-3.16.jar
7f37f58d3000-7f37f58ff000 r--s 00263000 fd:02 7867889                    /home/ike/.gradle/caches/modules-2/files-2.1/org.apache.poi/poi/3.16/ad21c123ee5d6b5b2a8f0d4ed23b3ffe6759a889/poi-3.16.jar
7f37f58ff000-7f37f5902000 r--s 00042000 fd:02 5376287                    /home/ike/.gradle/caches/modules-2/files-2.1/com.fasterxml.jackson.core/jackson-core/2.8.7/8b46f39c78476fb848c81a49fa807a9e9506dddd/jackson-core-2.8.7.jar
7f37f5902000-7f37f5905000 r--s 0000b000 fd:02 5644030                    /home/ike/.gradle/caches/modules-2/files-2.1/com.fasterxml.jackson.core/jackson-annotations/2.8.0/45b426f7796b741035581a176744d91090e2e6fb/jackson-annotations-2.8.0.jar
7f37f5905000-7f37f5914000 r--s 00084000 fd:02 7733303                    /home/ike/.gradle/caches/modules-2/files-2.1/org.springframework/spring-test/4.3.7.RELEASE/480fc4673b53daa1993eb1940711828ebf35807b/spring-test-4.3.7.RELEASE.jar
7f37f5914000-7f37f5916000 r--s 00006000 fd:02 7735556                    /home/ike/.gradle/caches/modules-2/files-2.1/org.skyscreamer/jsonassert/1.4.0/9cdbb373a06f6513e51e8c545ee6a5e981463edb/jsonassert-1.4.0.jar
7f37f5916000-7f37f5917000 r--s 0000c000 fd:02 7735554                    /home/ike/.gradle/caches/modules-2/files-2.1/org.hamcrest/hamcrest-library/1.3/4785a3c21320980282f9f33d0d1264a69040538f/hamcrest-library-1.3.jar
7f37f5917000-7f37f5919000 r--s 00009000 fd:02 2233374                    /home/ike/.m2/repository/org/hamcrest/hamcrest-core/1.3/hamcrest-core-1.3.jar
7f37f5919000-7f37f5935000 r--s 00103000 fd:02 7735552                    /home/ike/.gradle/caches/modules-2/files-2.1/org.mockito/mockito-core/1.10.19/e8546f5bef4e061d8dd73895b4e8f40e3fe6effe/mockito-core-1.10.19.jar
7f37f5935000-7f37f5949000 r--s 000dc000 fd:02 7735550                    /home/ike/.gradle/caches/modules-2/files-2.1/org.assertj/assertj-core/2.6.0/b532c3fc4f66bcfee4989a3514f1cd56203a33ad/assertj-core-2.6.0.jar
7f37f5949000-7f37f5951000 r--s 00045000 fd:02 1969654                    /home/ike/.m2/repository/junit/junit/4.12/junit-4.12.jar
7f37f5951000-7f37f5956000 r--s 0002e000 fd:02 7735548                    /home/ike/.gradle/caches/modules-2/files-2.1/com.jayway.jsonpath/json-path/2.2.0/22290d17944bd239fabf5ac69005a60a7ecbbbcb/json-path-2.2.0.jar
7f37f5956000-7f37f595b000 r--s 00019000 fd:02 7735624                    /home/ike/.gradle/caches/modules-2/files-2.1/org.springframework.boot/spring-boot-test-autoconfigure/1.5.2.RELEASE/5fb69965871626aea437c0d676d3be6186d2415d/spring-boot-test-autoconfigure-1.5.2.RELEASE.jar
7f37f595b000-7f37f595f000 r--s 0001f000 fd:02 7735622                    /home/ike/.gradle/caches/modules-2/files-2.1/org.springframework.boot/spring-boot-test/1.5.2.RELEASE/7dcdee8bc720b379d6072c742e2a48ccbb00aa09/spring-boot-test-1.5.2.RELEASE.jar
7f37f595f000-7f37f5964000 r--s 00026000 fd:02 5644014                    /home/ike/.gradle/caches/modules-2/files-2.1/com.netflix.hystrix/hystrix-javanica/1.5.10/2d3dc34d7beb79ef300c67a5b436657907d52af1/hystrix-javanica-1.5.10.jar
7f37f5964000-7f37f5966000 r--s 0000c000 fd:02 5644012                    /home/ike/.gradle/caches/modules-2/files-2.1/com.netflix.hystrix/hystrix-metrics-event-stream/1.5.10/936e69382fd4d106c550f36afb38d0357ca29cf3/hystrix-metrics-event-stream-1.5.10.jar
7f37f5966000-7f37f5972000 r--s 00067000 fd:02 5644010                    /home/ike/.gradle/caches/modules-2/files-2.1/com.netflix.hystrix/hystrix-core/1.5.10/cd46dd2533138019a0473ed16a333aaea4d4b7de/hystrix-core-1.5.10.jar
7f37f5972000-7f37f5973000 r--s 00000000 fd:02 5644008                    /home/ike/.gradle/caches/modules-2/files-2.1/org.springframework.cloud/spring-cloud-starter-archaius/1.3.0.RELEASE/b8665874ab5a6a37cf32af9b2e56fa145fb53432/spring-cloud-starter-archaius-1.3.0.RELEASE.jar
7f37f5973000-7f37f597d000 r--s 00055000 fd:02 5644006                    /home/ike/.gradle/caches/modules-2/files-2.1/org.springframework.cloud/spring-cloud-netflix-core/1.3.0.RELEASE/1ad134229d53e9263f08124d62c65882c5dee8e7/spring-cloud-netflix-core-1.3.0.RELEASE.jar
7f37f597d000-7f37f597e000 r--s 00000000 fd:02 5644004                    /home/ike/.gradle/caches/modules-2/files-2.1/org.springframework.cloud/spring-cloud-starter/1.2.0.RELEASE/c9c4b92550081de74040ce8027e11ad18d942577/spring-cloud-starter-1.2.0.RELEASE.jar
7f37f597e000-7f37f598a000 r--s 000b9000 fd:02 4587592                    /home/ike/.gradle/caches/modules-2/files-2.1/org.apache.zookeeper/zookeeper/3.4.8/933ea2ed15e6a0e24b788973e3d128ff163c3136/zookeeper-3.4.8.jar
7f37f598a000-7f37f598f000 r--s 0003c000 fd:02 6554776                    /home/ike/.gradle/caches/modules-2/files-2.1/org.springframework/spring-expression/4.3.7.RELEASE/5257b6486e43d8c05674323fea5b415d4da72f38/spring-expression-4.3.7.RELEASE.jar
7f37f598f000-7f37f59a6000 r--s 000fb000 fd:02 6424510                    /home/ike/.gradle/caches/modules-2/files-2.1/org.springframework/spring-core/4.3.7.RELEASE/54fa2db94cc7222edc90ec71354e47cd1dc07f7b/spring-core-4.3.7.RELEASE.jar
7f37f59a6000-7f37f59c0000 r--s 000fd000 fd:02 6424513                    /home/ike/.gradle/caches/modules-2/files-2.1/org.springframework/spring-context/4.3.7.RELEASE/34b66b0b7910122ef95ba4fff6da9238ef80a5de/spring-context-4.3.7.RELEASE.jar
7f37f59c0000-7f37f59ce000 r--s 000ad000 fd:02 6424518                    /home/ike/.gradle/caches/modules-2/files-2.1/org.springframework/spring-beans/4.3.7.RELEASE/2de9f59f3202965438f3a02057d6ad8274636044/spring-beans-4.3.7.RELEASE.jar
7f37f59ce000-7f37f59d7000 r--s 00054000 fd:02 6554774                    /home/ike/.gradle/caches/modules-2/files-2.1/org.springframework/spring-aop/4.3.7.RELEASE/3f243d685e4a8a78a0c291445c6d85560ec4d339/spring-aop-4.3.7.RELEASE.jar
7f37f59d7000-7f37f59de000 r--s 0003f000 fd:02 4196565                    /home/ike/.m2/repository/commons-codec/commons-codec/1.10/commons-codec-1.10.jar
7f37f59de000-7f37f59e0000 r--s 0000e000 fd:02 3146093                    /home/ike/.m2/repository/commons-logging/commons-logging/1.2/commons-logging-1.2.jar
7f37f59e0000-7f37f59e8000 r--s 00048000 fd:02 3807593                    /home/ike/.gradle/caches/modules-2/files-2.1/org.apache.httpcomponents/httpcore/4.4.6/e3fd8ced1f52c7574af952e2e6da0df8df08eb82/httpcore-4.4.6.jar
7f37f59e8000-7f37f59ea000 r--s 0000e000 fd:02 4459297                    /home/ike/.gradle/caches/modules-2/files-2.1/com.fasterxml/classmate/1.3.3/864c8e370a691e343210cc7c532fc198cee460d8/classmate-1.3.3.jar
7f37f59ea000-7f37f59eb000 r--s 00001000 fd:02 3670688                    /home/ike/.m2/repository/org/mengyun/tcc-transaction-api/1.1.5/tcc-transaction-api-1.1.5.jar
7f37f59eb000-7f37f59f8000 r--s 00089000 fd:02 6031569                    /home/ike/.gradle/caches/modules-2/files-2.1/org.hibernate/hibernate-entitymanager/5.0.12.Final/302a526f5058290e9cbd719a5caf9f248d344719/hibernate-entitymanager-5.0.12.Final.jar
7f37f59f8000-7f37f5a09000 r--s 000b7000 fd:02 6031561                    /home/ike/.gradle/caches/modules-2/files-2.1/org.springframework/spring-web/4.3.7.RELEASE/7b69fc68cdb74c1c92f72905af6995696fcb56aa/spring-web-4.3.7.RELEASE.jar
7f37f5a09000-7f37f5a1a000 r--s 000a1000 fd:02 6031567                    /home/ike/.gradle/caches/modules-2/files-2.1/org.hibernate/hibernate-validator/5.3.4.Final/2f6c8c0b646afe18e3ad205726729d3c4a85fe2e/hibernate-validator-5.3.4.Final.jar
7f37f5a1a000-7f37f5a2c000 r--s 0011d000 fd:02 5512227                    /home/ike/.gradle/caches/modules-2/files-2.1/com.fasterxml.jackson.core/jackson-databind/2.8.7/6c3257ef458ac58a8da69a6dca3d2a15286d88c8/jackson-databind-2.8.7.jar
7f37f5a2c000-7f37f5a5b000 r--s 00239000 fd:02 5376285                    /home/ike/.gradle/caches/modules-2/files-2.1/com.google.guava/guava/21.0/3a3d111be1be1b745edfa7d91678a12d7ed38709/guava-21.0.jar
7f37f5a5b000-7f37f5a5e000 ---p 00000000 00:00 0 
7f37f5a5e000-7f37f5b5c000 rw-p 00000000 00:00 0 
7f37f5b5c000-7f37f5b5f000 ---p 00000000 00:00 0 
7f37f5b5f000-7f37f5c5d000 rw-p 00000000 00:00 0 
7f37f5c5d000-7f37f5c60000 ---p 00000000 00:00 0 
7f37f5c60000-7f37f5d5e000 rw-p 00000000 00:00 0 
7f37f5d5e000-7f37f5d62000 r-xp 00000000 fd:02 2100248                    /home/ike/soft/jdk1.8/jre/lib/amd64/libdt_socket.so
7f37f5d62000-7f37f5f61000 ---p 00004000 fd:02 2100248                    /home/ike/soft/jdk1.8/jre/lib/amd64/libdt_socket.so
7f37f5f61000-7f37f5f62000 rw-p 00003000 fd:02 2100248                    /home/ike/soft/jdk1.8/jre/lib/amd64/libdt_socket.so
7f37f5f62000-7f37f5f65000 ---p 00000000 00:00 0 
7f37f5f65000-7f37f6063000 rw-p 00000000 00:00 0 
7f37f6063000-7f37f6066000 ---p 00000000 00:00 0 
7f37f6066000-7f37f6164000 rw-p 00000000 00:00 0 
7f37f6164000-7f37f6167000 ---p 00000000 00:00 0 
7f37f6167000-7f37f6265000 rw-p 00000000 00:00 0 
7f37f6265000-7f37f6266000 ---p 00000000 00:00 0 
7f37f6266000-7f37f6467000 rw-p 00000000 00:00 0 
7f37f6467000-7f37f7407000 rwxp 00000000 00:00 0 
7f37f7407000-7f3805467000 ---p 00000000 00:00 0 
7f3805467000-7f380c000000 r--p 00000000 fd:00 2885042                    /usr/lib/locale/locale-archive
7f380c000000-7f380d801000 rw-p 00000000 00:00 0 
7f380d801000-7f3810000000 ---p 00000000 00:00 0 
7f3810000000-7f3810001000 r--s 00000000 fd:02 6031565                    /home/ike/.gradle/caches/modules-2/files-2.1/org.springframework.boot/spring-boot-starter-tomcat/1.5.2.RELEASE/354320ef371fc4fc126d1bb8564cd73085a48823/spring-boot-starter-tomcat-1.5.2.RELEASE.jar
7f3810001000-7f3810002000 r--s 00000000 fd:02 5644016                    /home/ike/.gradle/caches/modules-2/files-2.1/org.springframework.boot/spring-boot-starter/1.5.2.RELEASE/c72938c86ed3beadb385f29bc2954c8ca3aa47ab/spring-boot-starter-1.5.2.RELEASE.jar
7f3810002000-7f3810003000 r--s 00000000 fd:02 7735620                    /home/ike/.gradle/caches/modules-2/files-2.1/org.springframework.boot/spring-boot-starter-test/1.5.2.RELEASE/d1d42ca043ea8b25cdf0ac8a2108ee924bfae707/spring-boot-starter-test-1.5.2.RELEASE.jar
7f3810003000-7f3810006000 r--s 00010000 fd:02 4587590                    /home/ike/.gradle/caches/modules-2/files-2.1/com.101tec/zkclient/0.10/c54d4b5a5e89af75a80b6d5857400165ce5188d0/zkclient-0.10.jar
7f3810006000-7f3810024000 r--s 00143000 fd:02 3670645                    /home/ike/.m2/repository/com/alibaba/dubbo/2.5.4-SNAPSHOT/dubbo-2.5.4-SNAPSHOT.jar
7f3810024000-7f3810028000 r--s 0002f000 fd:02 3670137                    /home/ike/.gradle/caches/modules-2/files-2.1/commons-io/commons-io/2.5/2852e6e05fbb95076fc091f6d1780f1f8fe35e0f/commons-io-2.5.jar
7f3810028000-7f381002b000 r--s 00015000 fd:02 3807983                    /home/ike/.m2/repository/javax/servlet/javax.servlet-api/3.1.0/javax.servlet-api-3.1.0.jar
7f381002b000-7f381003c000 r--s 000cf000 fd:02 6031563                    /home/ike/.gradle/caches/modules-2/files-2.1/org.springframework/spring-webmvc/4.3.7.RELEASE/d25b11a605589f176e3ecf1dcae62a991a18b377/spring-webmvc-4.3.7.RELEASE.jar
7f381003c000-7f3810055000 r--s 001af000 fd:02 4587991                    /home/ike/.gradle/caches/modules-2/files-2.1/org.aspectj/aspectjweaver/1.8.9/db28774f477f07220eac18d5ec9c4e01f48589d7/aspectjweaver-1.8.9.jar
7f3810055000-7f3810059000 r--s 00019000 fd:02 4587747                    /home/ike/.gradle/caches/modules-2/files-2.1/org.aspectj/aspectjrt/1.8.9/87372d9e2323313bec24b09a325bfea8ae0eb867/aspectjrt-1.8.9.jar
7f3810059000-7f3810061000 r--s 0006e000 fd:02 3670118                    /home/ike/.gradle/caches/modules-2/files-2.1/org.apache.commons/commons-lang3/3.5/6c6c702c89bfff3cd9e80b04d668c5e190d588c6/commons-lang3-3.5.jar
7f3810061000-7f3810066000 r--s 00061000 fd:02 3670330                    /home/ike/.gradle/caches/modules-2/files-2.1/com.alibaba/fastjson/1.2.23/be2508e9bac203c38f3f52fc8d33332c4e7ee6c5/fastjson-1.2.23.jar
7f3810066000-7f3810068000 r--s 00009000 fd:02 4460443                    /home/ike/.gradle/caches/modules-2/files-2.1/org.slf4j/slf4j-api/1.7.24/3f6b4bd4f8dbe8d4bea06d107a3826469b85c3e9/slf4j-api-1.7.24.jar
7f3810068000-7f381006a000 r--s 00009000 fd:02 6031573                    /home/ike/.gradle/caches/modules-2/files-2.1/org.apache.httpcomponents/httpmime/4.5.3/889fd6d061bb63b99dd5c6aba35a555ae863de52/httpmime-4.5.3.jar
7f381006a000-7f3810077000 r--s 000aa000 fd:02 3807591                    /home/ike/.gradle/caches/modules-2/files-2.1/org.apache.httpcomponents/httpclient/4.5.3/d1577ae15f01ef5438c5afc62162457c00a34713/httpclient-4.5.3.jar
7f3810077000-7f381008a000 r--s 00345000 fd:02 2100473                    /home/ike/soft/jdk1.8/jre/lib/resources.jar
7f381008a000-7f381009d000 r--s 000d6000 fd:02 2100468                    /home/ike/soft/jdk1.8/jre/lib/plugin.jar
7f381009d000-7f38100b8000 r--s 00208000 fd:02 2100407                    /home/ike/soft/jdk1.8/jre/lib/deploy.jar
7f38100b8000-7f3810ec6000 rw-p 00000000 00:00 0 
7f3810ec6000-7f381109f000 r--s 03d29000 fd:02 2100521                    /home/ike/soft/jdk1.8/jre/lib/rt.jar
7f381109f000-7f3811ced000 rw-p 00000000 00:00 0 
7f3811ced000-7f3811cee000 ---p 00000000 00:00 0 
7f3811cee000-7f3811dee000 rw-p 00000000 00:00 0 
7f3811dee000-7f3811def000 ---p 00000000 00:00 0 
7f3811def000-7f3811eef000 rw-p 00000000 00:00 0 
7f3811eef000-7f3811ef0000 ---p 00000000 00:00 0 
7f3811ef0000-7f3811ff0000 rw-p 00000000 00:00 0 
7f3811ff0000-7f3811ff1000 ---p 00000000 00:00 0 
7f3811ff1000-7f381211b000 rw-p 00000000 00:00 0 
7f381211b000-7f3812381000 ---p 00000000 00:00 0 
7f3812381000-7f38123ab000 rw-p 00000000 00:00 0 
7f38123ab000-7f3812611000 ---p 00000000 00:00 0 
7f3812611000-7f38126d8000 rw-p 00000000 00:00 0 
7f38126d8000-7f3812759000 ---p 00000000 00:00 0 
7f3812759000-7f3812799000 rw-p 00000000 00:00 0 
7f3812799000-7f3812b1a000 ---p 00000000 00:00 0 
7f3812b1a000-7f3812b34000 r-xp 00000000 fd:02 2100263                    /home/ike/soft/jdk1.8/jre/lib/amd64/libzip.so
7f3812b34000-7f3812d34000 ---p 0001a000 fd:02 2100263                    /home/ike/soft/jdk1.8/jre/lib/amd64/libzip.so
7f3812d34000-7f3812d35000 rw-p 0001a000 fd:02 2100263                    /home/ike/soft/jdk1.8/jre/lib/amd64/libzip.so
7f3812d35000-7f3812d3f000 r-xp 00000000 fd:00 2891856                    /usr/lib64/libnss_files-2.24.so
7f3812d3f000-7f3812f3f000 ---p 0000a000 fd:00 2891856                    /usr/lib64/libnss_files-2.24.so
7f3812f3f000-7f3812f40000 r--p 0000a000 fd:00 2891856                    /usr/lib64/libnss_files-2.24.so
7f3812f40000-7f3812f41000 rw-p 0000b000 fd:00 2891856                    /usr/lib64/libnss_files-2.24.so
7f3812f41000-7f3812f47000 rw-p 00000000 00:00 0 
7f3812f47000-7f3812f51000 r-xp 00000000 fd:02 2100232                    /home/ike/soft/jdk1.8/jre/lib/amd64/libinstrument.so
7f3812f51000-7f3813150000 ---p 0000a000 fd:02 2100232                    /home/ike/soft/jdk1.8/jre/lib/amd64/libinstrument.so
7f3813150000-7f3813151000 rw-p 00009000 fd:02 2100232                    /home/ike/soft/jdk1.8/jre/lib/amd64/libinstrument.so
7f3813151000-7f3813153000 r-xp 00000000 fd:02 2100241                    /home/ike/soft/jdk1.8/jre/lib/amd64/libnpt.so
7f3813153000-7f3813353000 ---p 00002000 fd:02 2100241                    /home/ike/soft/jdk1.8/jre/lib/amd64/libnpt.so
7f3813353000-7f3813354000 rw-p 00002000 fd:02 2100241                    /home/ike/soft/jdk1.8/jre/lib/amd64/libnpt.so
7f3813354000-7f381338d000 r-xp 00000000 fd:02 2100224                    /home/ike/soft/jdk1.8/jre/lib/amd64/libjdwp.so
7f381338d000-7f381358c000 ---p 00039000 fd:02 2100224                    /home/ike/soft/jdk1.8/jre/lib/amd64/libjdwp.so
7f381358c000-7f381358e000 rw-p 00038000 fd:02 2100224                    /home/ike/soft/jdk1.8/jre/lib/amd64/libjdwp.so
7f381358e000-7f38135b8000 r-xp 00000000 fd:02 2100286                    /home/ike/soft/jdk1.8/jre/lib/amd64/libjava.so
7f38135b8000-7f38137b8000 ---p 0002a000 fd:02 2100286                    /home/ike/soft/jdk1.8/jre/lib/amd64/libjava.so
7f38137b8000-7f38137ba000 rw-p 0002a000 fd:02 2100286                    /home/ike/soft/jdk1.8/jre/lib/amd64/libjava.so
7f38137ba000-7f38137c7000 r-xp 00000000 fd:02 2100257                    /home/ike/soft/jdk1.8/jre/lib/amd64/libverify.so
7f38137c7000-7f38139c7000 ---p 0000d000 fd:02 2100257                    /home/ike/soft/jdk1.8/jre/lib/amd64/libverify.so
7f38139c7000-7f38139c9000 rw-p 0000d000 fd:02 2100257                    /home/ike/soft/jdk1.8/jre/lib/amd64/libverify.so
7f38139c9000-7f38139d0000 r-xp 00000000 fd:00 2891975                    /usr/lib64/librt-2.24.so
7f38139d0000-7f3813bcf000 ---p 00007000 fd:00 2891975                    /usr/lib64/librt-2.24.so
7f3813bcf000-7f3813bd0000 r--p 00006000 fd:00 2891975                    /usr/lib64/librt-2.24.so
7f3813bd0000-7f3813bd1000 rw-p 00007000 fd:00 2891975                    /usr/lib64/librt-2.24.so
7f3813bd1000-7f3813cd9000 r-xp 00000000 fd:00 2891438                    /usr/lib64/libm-2.24.so
7f3813cd9000-7f3813ed8000 ---p 00108000 fd:00 2891438                    /usr/lib64/libm-2.24.so
7f3813ed8000-7f3813ed9000 r--p 00107000 fd:00 2891438                    /usr/lib64/libm-2.24.so
7f3813ed9000-7f3813eda000 rw-p 00108000 fd:00 2891438                    /usr/lib64/libm-2.24.so
7f3813eda000-7f3814ba5000 r-xp 00000000 fd:02 2100238                    /home/ike/soft/jdk1.8/jre/lib/amd64/server/libjvm.so
7f3814ba5000-7f3814da4000 ---p 00ccb000 fd:02 2100238                    /home/ike/soft/jdk1.8/jre/lib/amd64/server/libjvm.so
7f3814da4000-7f3814e7d000 rw-p 00cca000 fd:02 2100238                    /home/ike/soft/jdk1.8/jre/lib/amd64/server/libjvm.so
7f3814e7d000-7f3814ec8000 rw-p 00000000 00:00 0 
7f3814ec8000-7f3815085000 r-xp 00000000 fd:00 2891285                    /usr/lib64/libc-2.24.so
7f3815085000-7f3815284000 ---p 001bd000 fd:00 2891285                    /usr/lib64/libc-2.24.so
7f3815284000-7f3815288000 r--p 001bc000 fd:00 2891285                    /usr/lib64/libc-2.24.so
7f3815288000-7f381528a000 rw-p 001c0000 fd:00 2891285                    /usr/lib64/libc-2.24.so
7f381528a000-7f381528e000 rw-p 00000000 00:00 0 
7f381528e000-7f3815291000 r-xp 00000000 fd:00 2891382                    /usr/lib64/libdl-2.24.so
7f3815291000-7f3815490000 ---p 00003000 fd:00 2891382                    /usr/lib64/libdl-2.24.so
7f3815490000-7f3815491000 r--p 00002000 fd:00 2891382                    /usr/lib64/libdl-2.24.so
7f3815491000-7f3815492000 rw-p 00003000 fd:00 2891382                    /usr/lib64/libdl-2.24.so
7f3815492000-7f38154a7000 r-xp 00000000 fd:02 2098935                    /home/ike/soft/jdk1.8/lib/amd64/jli/libjli.so
7f38154a7000-7f38156a7000 ---p 00015000 fd:02 2098935                    /home/ike/soft/jdk1.8/lib/amd64/jli/libjli.so
7f38156a7000-7f38156a8000 rw-p 00015000 fd:02 2098935                    /home/ike/soft/jdk1.8/lib/amd64/jli/libjli.so
7f38156a8000-7f38156c0000 r-xp 00000000 fd:00 2891857                    /usr/lib64/libpthread-2.24.so
7f38156c0000-7f38158c0000 ---p 00018000 fd:00 2891857                    /usr/lib64/libpthread-2.24.so
7f38158c0000-7f38158c1000 r--p 00018000 fd:00 2891857                    /usr/lib64/libpthread-2.24.so
7f38158c1000-7f38158c2000 rw-p 00019000 fd:00 2891857                    /usr/lib64/libpthread-2.24.so
7f38158c2000-7f38158c6000 rw-p 00000000 00:00 0 
7f38158c6000-7f38158eb000 r-xp 00000000 fd:00 2894298                    /usr/lib64/ld-2.24.so
7f38158eb000-7f38158ec000 r--s 00000000 fd:02 3542163                    /home/ike/.gradle/caches/modules-2/files-2.1/org.springframework.cloud/spring-cloud-starter-hystrix/1.3.0.RELEASE/8bc51104df10aae613f0887d589005e22f987bb9/spring-cloud-starter-hystrix-1.3.0.RELEASE.jar
7f38158ec000-7f38158f0000 r--s 00097000 fd:02 2100406                    /home/ike/soft/jdk1.8/jre/lib/jsse.jar
7f38158f0000-7f38158f5000 r--s 00084000 fd:02 2100412                    /home/ike/soft/jdk1.8/jre/lib/jfr.jar
7f38158f5000-7f38158ff000 r--s 0006c000 fd:02 2100376                    /home/ike/soft/jdk1.8/jre/lib/javaws.jar
7f38158ff000-7f38159d0000 rw-p 00000000 00:00 0 
7f38159d0000-7f38159d3000 ---p 00000000 00:00 0 
7f38159d3000-7f3815ad3000 rw-p 00000000 00:00 0 
7f3815ad3000-7f3815ad4000 r--s 00000000 fd:02 6031559                    /home/ike/.gradle/caches/modules-2/files-2.1/org.springframework.boot/spring-boot-starter-web/1.5.2.RELEASE/27f29876980c079b46be16b759eafe92720f3338/spring-boot-starter-web-1.5.2.RELEASE.jar
7f3815ad4000-7f3815ad5000 r--s 00000000 fd:02 2100401                    /home/ike/soft/jdk1.8/jre/lib/management-agent.jar
7f3815ad5000-7f3815ad7000 r--s 00007000 fd:02 2100375                    /home/ike/soft/jdk1.8/jre/lib/jfxswt.jar
7f3815ad7000-7f3815ada000 r--s 0001a000 fd:02 2100204                    /home/ike/soft/jdk1.8/jre/lib/jce.jar
7f3815ada000-7f3815adf000 r--s 002f9000 fd:02 2100432                    /home/ike/soft/jdk1.8/jre/lib/charsets.jar
7f3815adf000-7f3815ae7000 rw-s 00000000 00:29 493695                     /tmp/hsperfdata_ike/30881
7f3815ae7000-7f3815ae8000 rw-p 00000000 00:00 0 
7f3815ae8000-7f3815ae9000 ---p 00000000 00:00 0 
7f3815ae9000-7f3815aeb000 rw-p 00000000 00:00 0 
7f3815aeb000-7f3815aec000 r--p 00025000 fd:00 2894298                    /usr/lib64/ld-2.24.so
7f3815aec000-7f3815aed000 rw-p 00026000 fd:00 2894298                    /usr/lib64/ld-2.24.so
7f3815aed000-7f3815aee000 rw-p 00000000 00:00 0 
7ffeccc46000-7ffeccc6b000 rw-p 00000000 00:00 0                          [stack]
7ffecccba000-7ffecccbc000 r--p 00000000 00:00 0                          [vvar]
7ffecccbc000-7ffecccbe000 r-xp 00000000 00:00 0                          [vdso]
ffffffffff600000-ffffffffff601000 r-xp 00000000 00:00 0                  [vsyscall]

VM Arguments:
jvm_args: -agentlib:jdwp=transport=dt_socket,address=127.0.0.1:34111,suspend=y,server=n -javaagent:/home/ike/soft/idea-IU-171.4424.56/plugins/Groovy/lib/agent/gragent.jar -Dfile.encoding=UTF-8 
java_command: com.bjike.goddess.analysis.Application
java_class_path (initial): /home/ike/soft/jdk1.8/jre/lib/charsets.jar:/home/ike/soft/jdk1.8/jre/lib/deploy.jar:/home/ike/soft/jdk1.8/jre/lib/ext/cldrdata.jar:/home/ike/soft/jdk1.8/jre/lib/ext/dnsns.jar:/home/ike/soft/jdk1.8/jre/lib/ext/jaccess.jar:/home/ike/soft/jdk1.8/jre/lib/ext/jfxrt.jar:/home/ike/soft/jdk1.8/jre/lib/ext/localedata.jar:/home/ike/soft/jdk1.8/jre/lib/ext/nashorn.jar:/home/ike/soft/jdk1.8/jre/lib/ext/sunec.jar:/home/ike/soft/jdk1.8/jre/lib/ext/sunjce_provider.jar:/home/ike/soft/jdk1.8/jre/lib/ext/sunpkcs11.jar:/home/ike/soft/jdk1.8/jre/lib/ext/zipfs.jar:/home/ike/soft/jdk1.8/jre/lib/javaws.jar:/home/ike/soft/jdk1.8/jre/lib/jce.jar:/home/ike/soft/jdk1.8/jre/lib/jfr.jar:/home/ike/soft/jdk1.8/jre/lib/jfxswt.jar:/home/ike/soft/jdk1.8/jre/lib/jsse.jar:/home/ike/soft/jdk1.8/jre/lib/management-agent.jar:/home/ike/soft/jdk1.8/jre/lib/plugin.jar:/home/ike/soft/jdk1.8/jre/lib/resources.jar:/home/ike/soft/jdk1.8/jre/lib/rt.jar:/home/ike/code/goddess-java/modules/analysis/analysis-consumer/build/classes/main:/home/ike/code/goddess-java/modules/analysis/analysis-consumer/build/resources/main:/home/ike/code/goddess-java/common/common-consumer/build/classes/main:/home/ike/code/goddess-java/modules/analysis/analysis-api/build/classes/main:/home/ike/.gradle/caches/modules-2/files-2.1/org.springframework.boot/spring-boot-starter-web/1.5.2.RELEASE/27f29876980c079b46be16b759eafe92720f3338/spring-boot-starter-web-1.5.2.RELEASE.jar:/home/ike/code/goddess-java/common/common-api/build/classes/main:/home/ike/code/goddess-java/modules/user/user-api/build/classes/main:/home/ike/code/goddess-java/modules/storage/storage-api/build/classes/main:/home/ike/.gradle/caches/modules-2/files-2.1/org.apache.httpcomponents/httpclient/4.5.3/d1577ae15f01ef5438c5afc62162457c00a34713/httpclient-4.5.3.jar:/home/ike/.gradle/caches/modules-2/files-2.1/org.apache.httpcomponents/httpmime/4.5.3/889fd6d061bb63b99dd5c6aba35a555ae863de52/httpmime-4.5.3.jar:/home/ike/.gradle/caches/modules-2/files-2
Launcher Type: SUN_STANDARD

Environment Variables:
JAVA_HOME=/home/ike/soft/jdk1.8
PATH=/home/ike/soft/gradle/bin:/home/ike/soft/maven3.3.9/bin:/home/ike/soft/jdk1.8/bin:/home/ike/soft/jdk1.8/bin:/home/ike/soft/gradle/bin:/home/ike/soft/maven3.3.9/bin:/usr/lib64/qt-3.3/bin:/usr/local/bin:/usr/local/sbin:/usr/bin:/usr/sbin:/home/ike/.local/bin:/home/ike/bin
USERNAME=ike
LD_LIBRARY_PATH=/home/ike/soft/idea-IU-171.4424.56/bin:
SHELL=/bin/bash
DISPLAY=:0

Signal Handlers:
SIGSEGV: [libjvm.so+0xac4790], sa_mask[0]=11111111011111111101111111111110, sa_flags=SA_RESTART|SA_SIGINFO
SIGBUS: [libjvm.so+0xac4790], sa_mask[0]=11111111011111111101111111111110, sa_flags=SA_RESTART|SA_SIGINFO
SIGFPE: [libjvm.so+0x91f140], sa_mask[0]=11111111011111111101111111111110, sa_flags=SA_RESTART|SA_SIGINFO
SIGPIPE: [libjvm.so+0x91f140], sa_mask[0]=11111111011111111101111111111110, sa_flags=SA_RESTART|SA_SIGINFO
SIGXFSZ: [libjvm.so+0x91f140], sa_mask[0]=11111111011111111101111111111110, sa_flags=SA_RESTART|SA_SIGINFO
SIGILL: [libjvm.so+0x91f140], sa_mask[0]=11111111011111111101111111111110, sa_flags=SA_RESTART|SA_SIGINFO
SIGUSR1: SIG_DFL, sa_mask[0]=00000000000000000000000000000000, sa_flags=none
SIGUSR2: [libjvm.so+0x920770], sa_mask[0]=00100000000000000000000000000000, sa_flags=SA_RESTART|SA_SIGINFO
SIGHUP: [libjvm.so+0x921b70], sa_mask[0]=11111111011111111101111111111110, sa_flags=SA_RESTART|SA_SIGINFO
SIGINT: [libjvm.so+0x921b70], sa_mask[0]=11111111011111111101111111111110, sa_flags=SA_RESTART|SA_SIGINFO
SIGTERM: [libjvm.so+0x921b70], sa_mask[0]=11111111011111111101111111111110, sa_flags=SA_RESTART|SA_SIGINFO
SIGQUIT: [libjvm.so+0x921b70], sa_mask[0]=11111111011111111101111111111110, sa_flags=SA_RESTART|SA_SIGINFO


---------------  S Y S T E M  ---------------

OS:Fedora release 25 (Twenty Five)

uname:Linux 4.8.6-300.fc25.x86_64 #1 SMP Tue Nov 1 12:36:38 UTC 2016 x86_64
libc:glibc 2.24 NPTL 2.24 
rlimit: STACK 8192k, CORE 0k, NPROC 31367, NOFILE 4096, AS infinity
load average:5.82 3.47 2.33

/proc/meminfo:
MemTotal:        8053800 kB
MemFree:          123600 kB
MemAvailable:      25076 kB
Buffers:            1472 kB
Cached:           303560 kB
SwapCached:        10044 kB
Active:          6506644 kB
Inactive:        1024252 kB
Active(anon):    6495684 kB
Inactive(anon):  1015844 kB
Active(file):      10960 kB
Inactive(file):     8408 kB
Unevictable:          72 kB
Mlocked:              72 kB
SwapTotal:       8187900 kB
SwapFree:              0 kB
Dirty:                52 kB
Writeback:             0 kB
AnonPages:       7220356 kB
Mapped:            49296 kB
Shmem:            285356 kB
Slab:             179836 kB
SReclaimable:      56328 kB
SUnreclaim:       123508 kB
KernelStack:       42032 kB
PageTables:       100880 kB
NFS_Unstable:          0 kB
Bounce:                0 kB
WritebackTmp:          0 kB
CommitLimit:    12214800 kB
Committed_AS:   26537024 kB
VmallocTotal:   34359738367 kB
VmallocUsed:           0 kB
VmallocChunk:          0 kB
HardwareCorrupted:     0 kB
AnonHugePages:         0 kB
ShmemHugePages:        0 kB
ShmemPmdMapped:        0 kB
CmaTotal:              0 kB
CmaFree:               0 kB
HugePages_Total:       0
HugePages_Free:        0
HugePages_Rsvd:        0
HugePages_Surp:        0
Hugepagesize:       2048 kB
DirectMap4k:      292004 kB
DirectMap2M:     7974912 kB
DirectMap1G:           0 kB


CPU:total 4 (4 cores per cpu, 1 threads per core) family 6 model 94 stepping 3, cmov, cx8, fxsr, mmx, sse, sse2, sse3, ssse3, sse4.1, sse4.2, popcnt, avx, avx2, aes, clmul, erms, rtm, 3dnowpref, lzcnt, tsc, tscinvbit, bmi1, bmi2, adx

/proc/cpuinfo:
processor	: 0
vendor_id	: GenuineIntel
cpu family	: 6
model		: 94
model name	: Intel(R) Core(TM) i5-6500 CPU @ 3.20GHz
stepping	: 3
microcode	: 0x9e
cpu MHz		: 2700.000
cache size	: 6144 KB
physical id	: 0
siblings	: 4
core id		: 0
cpu cores	: 4
apicid		: 0
initial apicid	: 0
fpu		: yes
fpu_exception	: yes
cpuid level	: 22
wp		: yes
flags		: fpu vme de pse tsc msr pae mce cx8 apic sep mtrr pge mca cmov pat pse36 clflush dts acpi mmx fxsr sse sse2 ss ht tm pbe syscall nx pdpe1gb rdtscp lm constant_tsc art arch_perfmon pebs bts rep_good nopl xtopology nonstop_tsc aperfmperf eagerfpu pni pclmulqdq dtes64 monitor ds_cpl vmx smx est tm2 ssse3 sdbg fma cx16 xtpr pdcm pcid sse4_1 sse4_2 x2apic movbe popcnt tsc_deadline_timer aes xsave avx f16c rdrand lahf_lm abm 3dnowprefetch intel_pt tpr_shadow vnmi flexpriority ept vpid fsgsbase tsc_adjust bmi1 hle avx2 smep bmi2 erms invpcid rtm mpx rdseed adx smap clflushopt xsaveopt xsavec xgetbv1 xsaves dtherm ida arat pln pts hwp hwp_notify hwp_act_window hwp_epp
bugs		:
bogomips	: 6384.00
clflush size	: 64
cache_alignment	: 64
address sizes	: 39 bits physical, 48 bits virtual
power management:

processor	: 1
vendor_id	: GenuineIntel
cpu family	: 6
model		: 94
model name	: Intel(R) Core(TM) i5-6500 CPU @ 3.20GHz
stepping	: 3
microcode	: 0x9e
cpu MHz		: 2700.000
cache size	: 6144 KB
physical id	: 0
siblings	: 4
core id		: 1
cpu cores	: 4
apicid		: 2
initial apicid	: 2
fpu		: yes
fpu_exception	: yes
cpuid level	: 22
wp		: yes
flags		: fpu vme de pse tsc msr pae mce cx8 apic sep mtrr pge mca cmov pat pse36 clflush dts acpi mmx fxsr sse sse2 ss ht tm pbe syscall nx pdpe1gb rdtscp lm constant_tsc art arch_perfmon pebs bts rep_good nopl xtopology nonstop_tsc aperfmperf eagerfpu pni pclmulqdq dtes64 monitor ds_cpl vmx smx est tm2 ssse3 sdbg fma cx16 xtpr pdcm pcid sse4_1 sse4_2 x2apic movbe popcnt tsc_deadline_timer aes xsave avx f16c rdrand lahf_lm abm 3dnowprefetch intel_pt tpr_shadow vnmi flexpriority ept vpid fsgsbase tsc_adjust bmi1 hle avx2 smep bmi2 erms invpcid rtm mpx rdseed adx smap clflushopt xsaveopt xsavec xgetbv1 xsaves dtherm ida arat pln pts hwp hwp_notify hwp_act_window hwp_epp
bugs		:
bogomips	: 6387.61
clflush size	: 64
cache_alignment	: 64
address sizes	: 39 bits physical, 48 bits virtual
power management:

processor	: 2
vendor_id	: GenuineIntel
cpu family	: 6
model		: 94
model name	: Intel(R) Core(TM) i5-6500 CPU @ 3.20GHz
stepping	: 3
microcode	: 0x9e
cpu MHz		: 2689.648
cache size	: 6144 KB
physical id	: 0
siblings	: 4
core id		: 2
cpu cores	: 4
apicid		: 4
initial apicid	: 4
fpu		: yes
fpu_exception	: yes
cpuid level	: 22
wp		: yes
flags		: fpu vme de pse tsc msr pae mce cx8 apic sep mtrr pge mca cmov pat pse36 clflush dts acpi mmx fxsr sse sse2 ss ht tm pbe syscall nx pdpe1gb rdtscp lm constant_tsc art arch_perfmon pebs bts rep_good nopl xtopology nonstop_tsc aperfmperf eagerfpu pni pclmulqdq dtes64 monitor ds_cpl vmx smx est tm2 ssse3 sdbg fma cx16 xtpr pdcm pcid sse4_1 sse4_2 x2apic movbe popcnt tsc_deadline_timer aes xsave avx f16c rdrand lahf_lm abm 3dnowprefetch intel_pt tpr_shadow vnmi flexpriority ept vpid fsgsbase tsc_adjust bmi1 hle avx2 smep bmi2 erms invpcid rtm mpx rdseed adx smap clflushopt xsaveopt xsavec xgetbv1 xsaves dtherm ida arat pln pts hwp hwp_notify hwp_act_window hwp_epp
bugs		:
bogomips	: 6387.78
clflush size	: 64
cache_alignment	: 64
address sizes	: 39 bits physical, 48 bits virtual
power management:

processor	: 3
vendor_id	: GenuineIntel
cpu family	: 6
model		: 94
model name	: Intel(R) Core(TM) i5-6500 CPU @ 3.20GHz
stepping	: 3
microcode	: 0x9e
cpu MHz		: 2700.000
cache size	: 6144 KB
physical id	: 0
siblings	: 4
core id		: 3
cpu cores	: 4
apicid		: 6
initial apicid	: 6
fpu		: yes
fpu_exception	: yes
cpuid level	: 22
wp		: yes
flags		: fpu vme de pse tsc msr pae mce cx8 apic sep mtrr pge mca cmov pat pse36 clflush dts acpi mmx fxsr sse sse2 ss ht tm pbe syscall nx pdpe1gb rdtscp lm constant_tsc art arch_perfmon pebs bts rep_good nopl xtopology nonstop_tsc aperfmperf eagerfpu pni pclmulqdq dtes64 monitor ds_cpl vmx smx est tm2 ssse3 sdbg fma cx16 xtpr pdcm pcid sse4_1 sse4_2 x2apic movbe popcnt tsc_deadline_timer aes xsave avx f16c rdrand lahf_lm abm 3dnowprefetch intel_pt tpr_shadow vnmi flexpriority ept vpid fsgsbase tsc_adjust bmi1 hle avx2 smep bmi2 erms invpcid rtm mpx rdseed adx smap clflushopt xsaveopt xsavec xgetbv1 xsaves dtherm ida arat pln pts hwp hwp_notify hwp_act_window hwp_epp
bugs		:
bogomips	: 6387.70
clflush size	: 64
cache_alignment	: 64
address sizes	: 39 bits physical, 48 bits virtual
power management:



Memory: 4k page, physical 8053800k(124460k free), swap 8187900k(0k free)

vm_info: Java HotSpot(TM) 64-Bit Server VM (25.101-b13) for linux-amd64 JRE (1.8.0_101-b13), built on Jun 22 2016 02:59:44 by "java_re" with gcc 4.3.0 20080428 (Red Hat 4.3.0-8)

time: Wed Aug  9 12:59:46 2017
elapsed time: 8 seconds (0d 0h 0m 8s)

