#
# There is insufficient memory for the Java Runtime Environment to continue.
# Native memory allocation (mmap) failed to map 120586240 bytes for committing reserved memory.
# Possible reasons:
#   The system is out of physical RAM or swap space
#   In 32 bit mode, the process size limit was hit
# Possible solutions:
#   Reduce memory load on the system
#   Increase physical memory or swap space
#   Check if swap backing store is full
#   Use 64 bit Java on a 64 bit OS
#   Decrease Java heap size (-Xmx/-Xms)
#   Decrease number of Java threads
#   Decrease Java thread stack sizes (-Xss)
#   Set larger code cache with -XX:ReservedCodeCacheSize=
# This output file may be truncated or incomplete.
#
#  Out of Memory Error (os_linux.cpp:2627), pid=8853, tid=0x00007fd1099f9700
#
# JRE version: Java(TM) SE Runtime Environment (8.0_101-b13) (build 1.8.0_101-b13)
# Java VM: Java HotSpot(TM) 64-Bit Server VM (25.101-b13 mixed mode linux-amd64 compressed oops)
# Core dump written. Default location: /home/ike/github/goddess-java/core or core.8853
#

---------------  T H R E A D  ---------------

Current thread (0x00007fd120076800):  VMThread [stack: 0x00007fd1098f9000,0x00007fd1099fa000] [id=8861]

Stack: [0x00007fd1098f9000,0x00007fd1099fa000],  sp=0x00007fd1099f8320,  free space=1020k
Native frames: (J=compiled Java code, j=interpreted, Vv=VM code, C=native code)
V  [libjvm.so+0xac3f0a]  VMError::report_and_die()+0x2ba
V  [libjvm.so+0x4fbf9b]  report_vm_out_of_memory(char const*, int, unsigned long, VMErrorType, char const*)+0x8b
V  [libjvm.so+0x9222d3]  os::Linux::commit_memory_impl(char*, unsigned long, bool)+0x103
V  [libjvm.so+0x922829]  os::pd_commit_memory(char*, unsigned long, unsigned long, bool)+0x29
V  [libjvm.so+0x91cb2a]  os::commit_memory(char*, unsigned long, unsigned long, bool)+0x2a
V  [libjvm.so+0x991053]  PSVirtualSpace::expand_by(unsigned long)+0x53
V  [libjvm.so+0x981920]  PSOldGen::expand(unsigned long)+0x170
V  [libjvm.so+0x981b2b]  PSOldGen::resize(unsigned long)+0x1cb
V  [libjvm.so+0x989821]  PSParallelCompact::invoke_no_policy(bool)+0x991
V  [libjvm.so+0x98f17d]  PSScavenge::invoke()+0x1ad
V  [libjvm.so+0x945fc0]  ParallelScavengeHeap::failed_mem_allocate(unsigned long)+0x70
V  [libjvm.so+0xac5927]  VM_ParallelGCFailedAllocation::doit()+0x97
V  [libjvm.so+0xacd405]  VM_Operation::evaluate()+0x55
V  [libjvm.so+0xacb7da]  VMThread::evaluate_operation(VM_Operation*)+0xba
V  [libjvm.so+0xacbb5e]  VMThread::loop()+0x1ce
V  [libjvm.so+0xacbfd0]  VMThread::run()+0x70
V  [libjvm.so+0x924698]  java_start(Thread*)+0x108

VM_Operation (0x00007fd1034a6550): ParallelGCFailedAllocation, mode: safepoint, requested by thread 0x00007fd0c4007800


---------------  P R O C E S S  ---------------

Java Threads: ( => current thread )
  0x00007fd0b037c000 JavaThread "File lock request listener" [_thread_in_native, id=8880, stack(0x00007fd102e2f000,0x00007fd102f30000)]
  0x00007fd0b000a800 JavaThread "Asynchronous log dispatcher for org.gradle.launcher.daemon.server.DefaultDaemonConnection@610a4fb" [_thread_blocked, id=8877, stack(0x00007fd1032aa000,0x00007fd1033ab000)]
  0x00007fd0c4007800 JavaThread "Daemon worker" [_thread_blocked, id=8875, stack(0x00007fd1033ab000,0x00007fd1034ac000)]
  0x00007fd0c4004000 JavaThread "Cancel handler" [_thread_blocked, id=8874, stack(0x00007fd1034ac000,0x00007fd1035ad000)]
  0x00007fd0c4005800 JavaThread "Handler for socket connection from /127.0.0.1:42512 to /127.0.0.1:32898" [_thread_in_native, id=8873, stack(0x00007fd1037ad000,0x00007fd1038ae000)]
  0x00007fd0c002a800 JavaThread "Daemon" [_thread_blocked, id=8872, stack(0x00007fd1038ae000,0x00007fd1039af000)]
  0x00007fd120c6d800 JavaThread "Incoming local TCP Connector on port 42512" [_thread_in_native, id=8871, stack(0x00007fd103bb6000,0x00007fd103cb7000)]
  0x00007fd120c4c000 JavaThread "pool-1-thread-1" [_thread_blocked, id=8870, stack(0x00007fd103cb7000,0x00007fd103db8000)]
  0x00007fd1200c7000 JavaThread "Service Thread" daemon [_thread_blocked, id=8868, stack(0x00007fd1091f2000,0x00007fd1092f3000)]
  0x00007fd1200bc000 JavaThread "C1 CompilerThread2" daemon [_thread_blocked, id=8867, stack(0x00007fd1092f3000,0x00007fd1093f4000)]
  0x00007fd1200ba000 JavaThread "C2 CompilerThread1" daemon [_thread_blocked, id=8866, stack(0x00007fd1093f4000,0x00007fd1094f5000)]
  0x00007fd1200b7000 JavaThread "C2 CompilerThread0" daemon [_thread_blocked, id=8865, stack(0x00007fd1094f5000,0x00007fd1095f6000)]
  0x00007fd1200b6000 JavaThread "Signal Dispatcher" daemon [_thread_blocked, id=8864, stack(0x00007fd1095f6000,0x00007fd1096f7000)]
  0x00007fd120083000 JavaThread "Finalizer" daemon [_thread_blocked, id=8863, stack(0x00007fd1096f7000,0x00007fd1097f8000)]
  0x00007fd12007e800 JavaThread "Reference Handler" daemon [_thread_blocked, id=8862, stack(0x00007fd1097f8000,0x00007fd1098f9000)]
  0x00007fd120008000 JavaThread "main" [_thread_blocked, id=8854, stack(0x00007fd127a40000,0x00007fd127b41000)]

Other Threads:
=>0x00007fd120076800 VMThread [stack: 0x00007fd1098f9000,0x00007fd1099fa000] [id=8861]
  0x00007fd1200ca000 WatcherThread [stack: 0x00007fd1090f1000,0x00007fd1091f2000] [id=8869]

VM state:at safepoint (normal execution)

VM Mutex/Monitor currently owned by a thread:  ([mutex/lock_event])
[0x00007fd120005b80] ExpandHeap_lock - owner thread: 0x00007fd120076800
[0x00007fd120006200] Threads_lock - owner thread: 0x00007fd120076800
[0x00007fd120006700] Heap_lock - owner thread: 0x00007fd0c4007800

Heap:
 PSYoungGen      total 294912K, used 5340K [0x00000000eab00000, 0x0000000100000000, 0x0000000100000000)
  eden space 240640K, 0% used [0x00000000eab00000,0x00000000eab00000,0x00000000f9600000)
  from space 54272K, 9% used [0x00000000fcb00000,0x00000000fd0370f0,0x0000000100000000)
  to   space 54272K, 0% used [0x00000000f9600000,0x00000000f9600000,0x00000000fcb00000)
 ParOldGen       total 281600K, used 281204K [0x00000000c0000000, 0x00000000d1300000, 0x00000000eab00000)
  object space 281600K, 99% used [0x00000000c0000000,0x00000000d129d190,0x00000000d1300000)
 Metaspace       used 52579K, capacity 62972K, committed 63360K, reserved 1101824K
  class space    used 7433K, capacity 11192K, committed 11392K, reserved 1048576K

Card table byte_map: [0x00007fd124c1b000,0x00007fd124e1c000] byte_map_base: 0x00007fd12461b000

Marking Bits: (ParMarkBitMap*) 0x00007fd126f16120
 Begin Bits: [0x00007fd10a000000, 0x00007fd10b000000)
 End Bits:   [0x00007fd10b000000, 0x00007fd10c000000)

Polling page: 0x00007fd127b5c000

CodeCache: size=245760Kb used=37570Kb max_used=39433Kb free=208189Kb
 bounds [0x00007fd111000000, 0x00007fd113710000, 0x00007fd120000000]
 total_blobs=11065 nmethods=10362 adapters=614
 compilation: enabled

Compilation events (10 events):
Event: 61.076 Thread 0x00007fd1200bc000 13115       3       java.net.InetAddress::getByAddress (6 bytes)
Event: 61.084 Thread 0x00007fd1200bc000 nmethod 13115 0x00007fd112d31490 code [0x00007fd112d31600, 0x00007fd112d31768]
Event: 61.606 Thread 0x00007fd1200bc000 13116       3       java.util.concurrent.ScheduledThreadPoolExecutor$DelayedWorkQueue::setIndex (16 bytes)
Event: 61.692 Thread 0x00007fd1200b7000 13117       4       java.util.Hashtable$Enumerator::<init> (51 bytes)
Event: 61.699 Thread 0x00007fd1200bc000 nmethod 13116 0x00007fd112ba8d10 code [0x00007fd112ba8e80, 0x00007fd112ba91f0]
Event: 62.145 Thread 0x00007fd1200bc000 13118       1       com.google.common.cache.RemovalCause$4::wasEvicted (2 bytes)
Event: 62.205 Thread 0x00007fd1200b7000 nmethod 13117 0x00007fd112b1da10 code [0x00007fd112b1db60, 0x00007fd112b1dc38]
Event: 62.202 Thread 0x00007fd1200bc000 nmethod 13118 0x00007fd113058b50 code [0x00007fd113058ca0, 0x00007fd113058db0]
Event: 62.234 Thread 0x00007fd1200bc000 13119       1       com.google.common.cache.CacheBuilder$1::recordMisses (1 bytes)
Event: 62.246 Thread 0x00007fd1200bc000 nmethod 13119 0x00007fd111f68410 code [0x00007fd111f68560, 0x00007fd111f68670]

GC Heap History (10 events):
Event: 51.734 GC heap after
Heap after GC invocations=72 (full 4):
 PSYoungGen      total 291840K, used 39648K [0x00000000eab00000, 0x00000000fff00000, 0x0000000100000000)
  eden space 236544K, 0% used [0x00000000eab00000,0x00000000eab00000,0x00000000f9200000)
  from space 55296K, 71% used [0x00000000fc900000,0x00000000fefb8000,0x00000000fff00000)
  to   space 55808K, 0% used [0x00000000f9200000,0x00000000f9200000,0x00000000fc880000)
 ParOldGen       total 281600K, used 269821K [0x00000000c0000000, 0x00000000d1300000, 0x00000000eab00000)
  object space 281600K, 95% used [0x00000000c0000000,0x00000000d077f738,0x00000000d1300000)
 Metaspace       used 52574K, capacity 62908K, committed 63360K, reserved 1101824K
  class space    used 7433K, capacity 11192K, committed 11392K, reserved 1048576K
}
Event: 52.311 GC heap before
{Heap before GC invocations=73 (full 4):
 PSYoungGen      total 291840K, used 276192K [0x00000000eab00000, 0x00000000fff00000, 0x0000000100000000)
  eden space 236544K, 100% used [0x00000000eab00000,0x00000000f9200000,0x00000000f9200000)
  from space 55296K, 71% used [0x00000000fc900000,0x00000000fefb8000,0x00000000fff00000)
  to   space 55808K, 0% used [0x00000000f9200000,0x00000000f9200000,0x00000000fc880000)
 ParOldGen       total 281600K, used 269821K [0x00000000c0000000, 0x00000000d1300000, 0x00000000eab00000)
  object space 281600K, 95% used [0x00000000c0000000,0x00000000d077f738,0x00000000d1300000)
 Metaspace       used 52574K, capacity 62908K, committed 63360K, reserved 1101824K
  class space    used 7433K, capacity 11192K, committed 11392K, reserved 1048576K
Event: 52.345 GC heap after
Heap after GC invocations=73 (full 4):
 PSYoungGen      total 292352K, used 44096K [0x00000000eab00000, 0x00000000ffe80000, 0x0000000100000000)
  eden space 236544K, 0% used [0x00000000eab00000,0x00000000eab00000,0x00000000f9200000)
  from space 55808K, 79% used [0x00000000f9200000,0x00000000fbd10000,0x00000000fc880000)
  to   space 54784K, 0% used [0x00000000fc900000,0x00000000fc900000,0x00000000ffe80000)
 ParOldGen       total 281600K, used 271461K [0x00000000c0000000, 0x00000000d1300000, 0x00000000eab00000)
  object space 281600K, 96% used [0x00000000c0000000,0x00000000d0919758,0x00000000d1300000)
 Metaspace       used 52574K, capacity 62908K, committed 63360K, reserved 1101824K
  class space    used 7433K, capacity 11192K, committed 11392K, reserved 1048576K
}
Event: 52.935 GC heap before
{Heap before GC invocations=74 (full 4):
 PSYoungGen      total 292352K, used 280640K [0x00000000eab00000, 0x00000000ffe80000, 0x0000000100000000)
  eden space 236544K, 100% used [0x00000000eab00000,0x00000000f9200000,0x00000000f9200000)
  from space 55808K, 79% used [0x00000000f9200000,0x00000000fbd10000,0x00000000fc880000)
  to   space 54784K, 0% used [0x00000000fc900000,0x00000000fc900000,0x00000000ffe80000)
 ParOldGen       total 281600K, used 271461K [0x00000000c0000000, 0x00000000d1300000, 0x00000000eab00000)
  object space 281600K, 96% used [0x00000000c0000000,0x00000000d0919758,0x00000000d1300000)
 Metaspace       used 52576K, capacity 62972K, committed 63360K, reserved 1101824K
  class space    used 7433K, capacity 11192K, committed 11392K, reserved 1048576K
Event: 53.051 GC heap after
Heap after GC invocations=74 (full 4):
 PSYoungGen      total 291840K, used 42688K [0x00000000eab00000, 0x00000000ffd00000, 0x0000000100000000)
  eden space 238592K, 0% used [0x00000000eab00000,0x00000000eab00000,0x00000000f9400000)
  from space 53248K, 80% used [0x00000000fc900000,0x00000000ff2b0000,0x00000000ffd00000)
  to   space 53760K, 0% used [0x00000000f9400000,0x00000000f9400000,0x00000000fc880000)
 ParOldGen       total 281600K, used 274109K [0x00000000c0000000, 0x00000000d1300000, 0x00000000eab00000)
  object space 281600K, 97% used [0x00000000c0000000,0x00000000d0baf7b8,0x00000000d1300000)
 Metaspace       used 52576K, capacity 62972K, committed 63360K, reserved 1101824K
  class space    used 7433K, capacity 11192K, committed 11392K, reserved 1048576K
}
Event: 60.141 GC heap before
{Heap before GC invocations=75 (full 4):
 PSYoungGen      total 291840K, used 281280K [0x00000000eab00000, 0x00000000ffd00000, 0x0000000100000000)
  eden space 238592K, 100% used [0x00000000eab00000,0x00000000f9400000,0x00000000f9400000)
  from space 53248K, 80% used [0x00000000fc900000,0x00000000ff2b0000,0x00000000ffd00000)
  to   space 53760K, 0% used [0x00000000f9400000,0x00000000f9400000,0x00000000fc880000)
 ParOldGen       total 281600K, used 274109K [0x00000000c0000000, 0x00000000d1300000, 0x00000000eab00000)
  object space 281600K, 97% used [0x00000000c0000000,0x00000000d0baf7b8,0x00000000d1300000)
 Metaspace       used 52576K, capacity 62972K, committed 63360K, reserved 1101824K
  class space    used 7433K, capacity 11192K, committed 11392K, reserved 1048576K
Event: 60.239 GC heap after
Heap after GC invocations=75 (full 4):
 PSYoungGen      total 292352K, used 46880K [0x00000000eab00000, 0x0000000100000000, 0x0000000100000000)
  eden space 238592K, 0% used [0x00000000eab00000,0x00000000eab00000,0x00000000f9400000)
  from space 53760K, 87% used [0x00000000f9400000,0x00000000fc1c8000,0x00000000fc880000)
  to   space 54272K, 0% used [0x00000000fcb00000,0x00000000fcb00000,0x0000000100000000)
 ParOldGen       total 281600K, used 275869K [0x00000000c0000000, 0x00000000d1300000, 0x00000000eab00000)
  object space 281600K, 97% used [0x00000000c0000000,0x00000000d0d677b8,0x00000000d1300000)
 Metaspace       used 52576K, capacity 62972K, committed 63360K, reserved 1101824K
  class space    used 7433K, capacity 11192K, committed 11392K, reserved 1048576K
}
Event: 62.409 GC heap before
{Heap before GC invocations=76 (full 4):
 PSYoungGen      total 292352K, used 285472K [0x00000000eab00000, 0x0000000100000000, 0x0000000100000000)
  eden space 238592K, 100% used [0x00000000eab00000,0x00000000f9400000,0x00000000f9400000)
  from space 53760K, 87% used [0x00000000f9400000,0x00000000fc1c8000,0x00000000fc880000)
  to   space 54272K, 0% used [0x00000000fcb00000,0x00000000fcb00000,0x0000000100000000)
 ParOldGen       total 281600K, used 275869K [0x00000000c0000000, 0x00000000d1300000, 0x00000000eab00000)
  object space 281600K, 97% used [0x00000000c0000000,0x00000000d0d677b8,0x00000000d1300000)
 Metaspace       used 52579K, capacity 62972K, committed 63360K, reserved 1101824K
  class space    used 7433K, capacity 11192K, committed 11392K, reserved 1048576K
Event: 62.480 GC heap after
Heap after GC invocations=76 (full 4):
 PSYoungGen      total 294912K, used 38208K [0x00000000eab00000, 0x0000000100000000, 0x0000000100000000)
  eden space 240640K, 0% used [0x00000000eab00000,0x00000000eab00000,0x00000000f9600000)
  from space 54272K, 70% used [0x00000000fcb00000,0x00000000ff050000,0x0000000100000000)
  to   space 54272K, 0% used [0x00000000f9600000,0x00000000f9600000,0x00000000fcb00000)
 ParOldGen       total 281600K, used 278366K [0x00000000c0000000, 0x00000000d1300000, 0x00000000eab00000)
  object space 281600K, 98% used [0x00000000c0000000,0x00000000d0fd7818,0x00000000d1300000)
 Metaspace       used 52579K, capacity 62972K, committed 63360K, reserved 1101824K
  class space    used 7433K, capacity 11192K, committed 11392K, reserved 1048576K
}
Event: 62.481 GC heap before
{Heap before GC invocations=77 (full 5):
 PSYoungGen      total 294912K, used 38208K [0x00000000eab00000, 0x0000000100000000, 0x0000000100000000)
  eden space 240640K, 0% used [0x00000000eab00000,0x00000000eab00000,0x00000000f9600000)
  from space 54272K, 70% used [0x00000000fcb00000,0x00000000ff050000,0x0000000100000000)
  to   space 54272K, 0% used [0x00000000f9600000,0x00000000f9600000,0x00000000fcb00000)
 ParOldGen       total 281600K, used 278366K [0x00000000c0000000, 0x00000000d1300000, 0x00000000eab00000)
  object space 281600K, 98% used [0x00000000c0000000,0x00000000d0fd7818,0x00000000d1300000)
 Metaspace       used 52579K, capacity 62972K, committed 63360K, reserved 1101824K
  class space    used 7433K, capacity 11192K, committed 11392K, reserved 1048576K

Deoptimization events (10 events):
Event: 25.017 Thread 0x00007fd0c4007800 Uncommon trap: reason=null_check action=make_not_entrant pc=0x00007fd112ded360 method=io.spring.gradle.dependencymanagement.org.codehaus.plexus.util.xml.Xpp3Dom.mergeIntoXpp3Dom(Lio/spring/gradle/dependencymanagement/org/codehaus/plexus/util/xml/Xpp3Dom;L
Event: 25.812 Thread 0x00007fd0c4007800 Uncommon trap: reason=null_check action=make_not_entrant pc=0x00007fd1134ae4b8 method=io.spring.gradle.dependencymanagement.org.codehaus.plexus.util.xml.Xpp3Dom.mergeIntoXpp3Dom(Lio/spring/gradle/dependencymanagement/org/codehaus/plexus/util/xml/Xpp3Dom;L
Event: 26.792 Thread 0x00007fd0c4007800 Uncommon trap: reason=null_check action=make_not_entrant pc=0x00007fd112e4d974 method=io.spring.gradle.dependencymanagement.org.apache.maven.model.profile.activation.PropertyProfileActivator.isActive(Lio/spring/gradle/dependencymanagement/org/apache/maven
Event: 27.925 Thread 0x00007fd0c4007800 Uncommon trap: reason=null_check action=make_not_entrant pc=0x00007fd113586e08 method=io.spring.gradle.dependencymanagement.org.apache.maven.model.validation.DefaultModelValidator.validateRawDependencies(Lio/spring/gradle/dependencymanagement/org/apache/m
Event: 28.133 Thread 0x00007fd0c4007800 Uncommon trap: reason=null_check action=make_not_entrant pc=0x00007fd112e3a0bc method=io.spring.gradle.dependencymanagement.org.apache.maven.model.validation.DefaultModelValidator.validateRawDependencies(Lio/spring/gradle/dependencymanagement/org/apache/m
Event: 30.828 Thread 0x00007fd120c4c000 Uncommon trap: reason=speculate_class_check action=maybe_recompile pc=0x00007fd111e483b0 method=java.util.AbstractList.listIterator()Ljava/util/ListIterator; @ 2
Event: 38.190 Thread 0x00007fd0c4007800 Uncommon trap: reason=unstable_if action=reinterpret pc=0x00007fd11335dba0 method=org.gradle.api.internal.artifacts.DefaultModuleVersionIdentifier.equals(Ljava/lang/Object;)Z @ 40
Event: 40.904 Thread 0x00007fd120c4c000 Uncommon trap: reason=speculate_class_check action=maybe_recompile pc=0x00007fd111e483b0 method=java.util.AbstractList.listIterator()Ljava/util/ListIterator; @ 2
Event: 44.673 Thread 0x00007fd0c4007800 Uncommon trap: reason=unstable_if action=reinterpret pc=0x00007fd11257d710 method=java.io.ExpiringCache.entryFor(Ljava/lang/String;)Ljava/io/ExpiringCache$Entry; @ 39
Event: 51.511 Thread 0x00007fd0c4007800 Uncommon trap: reason=unstable_if action=reinterpret pc=0x00007fd111137964 method=java.io.ExpiringCache.entryFor(Ljava/lang/String;)Ljava/io/ExpiringCache$Entry; @ 39

Internal exceptions (10 events):
Event: 14.071 Thread 0x00007fd0c4007800 Exception <a 'java/lang/ClassNotFoundException': org/gradle/api/internal/project/ant/BasicAntBuilderCustomizer> (0x00000000f6a7f1e0) thrown at [/HUDSON3/workspace/8-2-build-linux-amd64/jdk8u101/7261/hotspot/src/share/vm/classfile/systemDictionary.cpp, lin
Event: 14.072 Thread 0x00007fd0c4007800 Exception <a 'java/lang/ClassNotFoundException': org/gradle/api/internal/project/DefaultAntBuilderCustomizer> (0x00000000f6aa6f40) thrown at [/HUDSON3/workspace/8-2-build-linux-amd64/jdk8u101/7261/hotspot/src/share/vm/classfile/systemDictionary.cpp, line 
Event: 16.037 Thread 0x00007fd0c4007800 Implicit null exception at 0x00007fd112e99bca to 0x00007fd112e99e41
Event: 16.988 Thread 0x00007fd0c4007800 Implicit null exception at 0x00007fd113073334 to 0x00007fd1130770dd
Event: 22.220 Thread 0x00007fd0c4007800 Implicit null exception at 0x00007fd1134267bf to 0x00007fd11342ba65
Event: 23.497 Thread 0x00007fd0c4007800 Implicit null exception at 0x00007fd1134578f9 to 0x00007fd11345bd61
Event: 25.017 Thread 0x00007fd0c4007800 Implicit null exception at 0x00007fd112de7bea to 0x00007fd112ded351
Event: 25.812 Thread 0x00007fd0c4007800 Implicit null exception at 0x00007fd1134a8d24 to 0x00007fd1134ae4ad
Event: 27.924 Thread 0x00007fd0c4007800 Implicit null exception at 0x00007fd1135831d9 to 0x00007fd113586da9
Event: 28.133 Thread 0x00007fd0c4007800 Implicit null exception at 0x00007fd112e3618e to 0x00007fd112e3a071

Events (10 events):
Event: 61.076 Thread 0x00007fd1200bc000 flushing nmethod 0x00007fd113031450
Event: 61.076 Thread 0x00007fd1200bc000 flushing nmethod 0x00007fd113058b50
Event: 61.076 Thread 0x00007fd1200bc000 flushing nmethod 0x00007fd113067cd0
Event: 61.076 Thread 0x00007fd1200bc000 flushing nmethod 0x00007fd1130b7f90
Event: 61.076 Thread 0x00007fd1200bc000 flushing nmethod 0x00007fd1130b8750
Event: 61.084 Thread 0x00007fd1200bc000 flushing nmethod 0x00007fd113164410
Event: 61.085 Thread 0x00007fd1200bc000 flushing nmethod 0x00007fd11321c590
Event: 61.085 Thread 0x00007fd1200bc000 flushing nmethod 0x00007fd11334c590
Event: 61.933 Thread 0x00007fd0b0de7800 Thread exited: 0x00007fd0b0de7800
Event: 62.361 Executing VM operation: ParallelGCFailedAllocation


Dynamic libraries:
00400000-00401000 r-xp 00000000 fd:02 1842668                            /home/ike/soft/jdk1.8.0_101/bin/java
00600000-00601000 rw-p 00000000 fd:02 1842668                            /home/ike/soft/jdk1.8.0_101/bin/java
01eb4000-01ed5000 rw-p 00000000 00:00 0                                  [heap]
c0000000-d1300000 rw-p 00000000 00:00 0 
d8600000-eab00000 ---p 00000000 00:00 0 
eab00000-100000000 rw-p 00000000 00:00 0 
100000000-100b20000 rw-p 00000000 00:00 0 
100b20000-140000000 ---p 00000000 00:00 0 
7fd0a0000000-7fd0a0021000 rw-p 00000000 00:00 0 
7fd0a0021000-7fd0a4000000 ---p 00000000 00:00 0 
7fd0a8000000-7fd0a828d000 rw-p 00000000 00:00 0 
7fd0a828d000-7fd0ac000000 ---p 00000000 00:00 0 
7fd0ac000000-7fd0ac021000 rw-p 00000000 00:00 0 
7fd0ac021000-7fd0b0000000 ---p 00000000 00:00 0 
7fd0b0000000-7fd0b128f000 rw-p 00000000 00:00 0 
7fd0b128f000-7fd0b4000000 ---p 00000000 00:00 0 
7fd0b4000000-7fd0b4021000 rw-p 00000000 00:00 0 
7fd0b4021000-7fd0b8000000 ---p 00000000 00:00 0 
7fd0b8000000-7fd0b8021000 rw-p 00000000 00:00 0 
7fd0b8021000-7fd0bc000000 ---p 00000000 00:00 0 
7fd0bc000000-7fd0bc021000 rw-p 00000000 00:00 0 
7fd0bc021000-7fd0c0000000 ---p 00000000 00:00 0 
7fd0c0000000-7fd0c0063000 rw-p 00000000 00:00 0 
7fd0c0063000-7fd0c4000000 ---p 00000000 00:00 0 
7fd0c4000000-7fd0c4021000 rw-p 00000000 00:00 0 
7fd0c4021000-7fd0c8000000 ---p 00000000 00:00 0 
7fd0c8000000-7fd0c8021000 rw-p 00000000 00:00 0 
7fd0c8021000-7fd0cc000000 ---p 00000000 00:00 0 
7fd0cc000000-7fd0cc021000 rw-p 00000000 00:00 0 
7fd0cc021000-7fd0d0000000 ---p 00000000 00:00 0 
7fd0d0000000-7fd0d0cef000 rw-p 00000000 00:00 0 
7fd0d0cef000-7fd0d4000000 ---p 00000000 00:00 0 
7fd0d4000000-7fd0d4021000 rw-p 00000000 00:00 0 
7fd0d4021000-7fd0d8000000 ---p 00000000 00:00 0 
7fd0d8000000-7fd0da758000 rw-p 00000000 00:00 0 
7fd0da758000-7fd0dc000000 ---p 00000000 00:00 0 
7fd0dc000000-7fd0de149000 rw-p 00000000 00:00 0 
7fd0de149000-7fd0e0000000 ---p 00000000 00:00 0 
7fd0e0000000-7fd0e0021000 rw-p 00000000 00:00 0 
7fd0e0021000-7fd0e4000000 ---p 00000000 00:00 0 
7fd0e568e000-7fd0ec000000 r--p 00000000 fd:00 666413                     /usr/lib/locale/locale-archive
7fd0ec000000-7fd0ec021000 rw-p 00000000 00:00 0 
7fd0ec021000-7fd0f0000000 ---p 00000000 00:00 0 
7fd0f0000000-7fd0f0021000 rw-p 00000000 00:00 0 
7fd0f0021000-7fd0f4000000 ---p 00000000 00:00 0 
7fd0f4000000-7fd0f4021000 rw-p 00000000 00:00 0 
7fd0f4021000-7fd0f8000000 ---p 00000000 00:00 0 
7fd0f8000000-7fd0f83af000 rw-p 00000000 00:00 0 
7fd0f83af000-7fd0fc000000 ---p 00000000 00:00 0 
7fd0fc000000-7fd0fc026000 rw-p 00000000 00:00 0 
7fd0fc026000-7fd100000000 ---p 00000000 00:00 0 
7fd100654000-7fd100714000 rw-p 00000000 00:00 0 
7fd100714000-7fd100854000 ---p 00000000 00:00 0 
7fd100854000-7fd100a54000 rw-p 00000000 00:00 0 
7fd100a54000-7fd100c54000 rw-p 00000000 00:00 0 
7fd100c54000-7fd100e54000 rw-p 00000000 00:00 0 
7fd100e54000-7fd101054000 rw-p 00000000 00:00 0 
7fd101054000-7fd101254000 rw-p 00000000 00:00 0 
7fd101254000-7fd101454000 rw-p 00000000 00:00 0 
7fd101454000-7fd101654000 rw-p 00000000 00:00 0 
7fd101654000-7fd101854000 rw-p 00000000 00:00 0 
7fd101854000-7fd101a54000 rw-p 00000000 00:00 0 
7fd101a54000-7fd101c54000 rw-p 00000000 00:00 0 
7fd101c54000-7fd101e54000 rw-p 00000000 00:00 0 
7fd101e54000-7fd102054000 rw-p 00000000 00:00 0 
7fd102054000-7fd102254000 rw-p 00000000 00:00 0 
7fd102254000-7fd102454000 rw-p 00000000 00:00 0 
7fd102454000-7fd102654000 rw-p 00000000 00:00 0 
7fd102654000-7fd1026c4000 r--s 00643000 fd:02 4850911                    /home/ike/.gradle/caches/jars-2/8cxlnul3q31hn64oaeyb96yvefwfs4h/groovy-all-2.4.6.jar
7fd1026c4000-7fd1028c4000 rw-p 00000000 00:00 0 
7fd1028d7000-7fd1028de000 r--s 00063000 fd:02 4851094                    /home/ike/.gradle/caches/modules-2/files-2.1/org.springframework/springloaded/1.2.7.RELEASE/36be57f1a306cec1185b0276960fbe95dee08bf/springloaded-1.2.7.RELEASE.jar
7fd1028de000-7fd1028e0000 r--s 0000e000 fd:02 6293012                    /home/ike/.gradle/caches/modules-2/files-2.1/commons-logging/commons-logging/1.2/4bfc12adfe4842bf07b657f0369c4cb522955686/commons-logging-1.2.jar
7fd1028e0000-7fd1028f7000 r--s 000fb000 fd:02 6948934                    /home/ike/.gradle/caches/modules-2/files-2.1/org.springframework/spring-core/4.3.7.RELEASE/54fa2db94cc7222edc90ec71354e47cd1dc07f7b/spring-core-4.3.7.RELEASE.jar
7fd1028f7000-7fd102905000 r--s 0009d000 fd:02 7995560                    /home/ike/.gradle/caches/modules-2/files-2.1/io.spring.gradle/dependency-management-plugin/1.0.0.RELEASE/d329501e7bf024f9557bdd66be4f8c4caf65769f/dependency-management-plugin-1.0.0.RELEASE.jar
7fd102905000-7fd102908000 r--s 00022000 fd:02 7995558                    /home/ike/.gradle/caches/modules-2/files-2.1/org.springframework.boot/spring-boot-loader-tools/1.5.2.RELEASE/15c14c8a45c5876cb6389376eb6202c99e9e5d73/spring-boot-loader-tools-1.5.2.RELEASE.jar
7fd102908000-7fd10290a000 r--s 0000b000 fd:02 4330090                    /home/ike/.gradle/caches/modules-2/files-2.1/org.springframework.boot/spring-boot-gradle-plugin/1.5.2.RELEASE/b3f123b179b0170c62c8a9ce33b47f9f28df4ca/spring-boot-gradle-plugin-1.5.2.RELEASE.jar
7fd10290a000-7fd102910000 r--s 00090000 fd:02 4331246                    /home/ike/.gradle/caches/jars-2/qauj2f83l0pgdrcrj4wbs6jknfwt2ls/gradle-tooling-extension-impl.jar
7fd102910000-7fd102915000 r--s 00034000 fd:02 4850907                    /home/ike/.gradle/caches/jars-2/c74d41v3l7o57dyhdc4xhdfblc3m2cw/gson-2.5.jar
7fd102915000-7fd102924000 r--s 000c9000 fd:02 4331243                    /home/ike/.gradle/caches/jars-2/fr2l9mfhjsuhcciv63l646xky1fo5wf/kotlin-runtime.jar
7fd102924000-7fd102925000 r--s 00003000 fd:02 4331186                    /home/ike/.gradle/caches/jars-2/rhj7sbsv67p9863gp8mt88k1jpu6gyw/grails-rt.jar
7fd102925000-7fd102928000 ---p 00000000 00:00 0 
7fd102928000-7fd10295e000 rw-p 00000000 00:00 0 
7fd10295e000-7fd10295f000 r--p 00000000 00:00 0 
7fd10295f000-7fd102b5f000 rw-p 00000000 00:00 0 
7fd102b5f000-7fd102d5f000 rw-p 00000000 00:00 0 
7fd102d5f000-7fd102d9b000 r--s 0054a000 fd:02 4199280                    /home/ike/.gradle/caches/jars-2/qd193ahkzb9aqci3ajr6o3ew31b2y5e/sdk-tools.jar
7fd102d9b000-7fd102d9c000 r--s 00003000 fd:02 4199282                    /home/ike/.gradle/caches/jars-2/2mdud6vxspub1aweyo0o87u4o3vbefe/kotlin-gradle-tooling.jar
7fd102d9c000-7fd102d9e000 r--s 0000e000 fd:02 4199286                    /home/ike/.gradle/caches/jars-2/dj4pp3bowpkbnm0u7h2xjtv1tpf9sof/android-extensions-ide.jar
7fd102d9e000-7fd102d9f000 r--s 00005000 fd:02 4199284                    /home/ike/.gradle/caches/jars-2/d29cn0riodjpgtj5qthgz3xrb31mow4/grails-gradle-tooling.jar
7fd102d9f000-7fd102da0000 r--s 00002000 fd:02 4199278                    /home/ike/.gradle/caches/jars-2/kbs55id9faqmrcbt8c6kekhethsz3ra/external-system-rt.jar
7fd102da0000-7fd102da2000 r--s 0000d000 fd:02 4199276                    /home/ike/.gradle/caches/jars-2/rufuy6n9i5mqnalusn3kuwj26xx2kto/gradle-tooling-extension-api.jar
7fd102da2000-7fd102da9000 r--s 0002a000 fd:02 4199274                    /home/ike/.gradle/caches/jars-2/g9oyvuxb4fqraavu2i5h8eg0iyggmf8/gradle-messaging-3.5.jar
7fd102da9000-7fd102dae000 r--s 00041000 fd:02 4850884                    /home/ike/.gradle/caches/jars-2/1i691ugm77z719iaqgz3wdl3b7s7ttu/commons-lang-2.6.jar
7fd102dae000-7fd102df0000 r--s 00220000 fd:02 4199272                    /home/ike/.gradle/caches/jars-2/ri4x4oyo3jh80t28a0fs849li371h5s/gradle-core-3.5.jar
7fd102df0000-7fd102df9000 r--s 00047000 fd:02 4199270                    /home/ike/.gradle/caches/jars-2/jjltamdj3e218r4nstr1of96pyu3416/gradle-base-services-3.5.jar
7fd102df9000-7fd102e21000 r--s 001cf000 fd:02 4589491                    /home/ike/.gradle/caches/jars-2/87eo0lrvp84r6dbxjq018wy66es2era/guava-jdk5-17.0.jar
7fd102e21000-7fd102e2f000 r--s 00043000 fd:02 4199268                    /home/ike/.gradle/caches/jars-2/ikoil7jqlobtzqrikx8ydmbx8ypjs2h/gradle-tooling-api-3.5.jar
7fd102e2f000-7fd102e32000 ---p 00000000 00:00 0 
7fd102e32000-7fd102f30000 rw-p 00000000 00:00 0 
7fd102f30000-7fd102fa9000 r--s 010e5000 fd:02 1841890                    /home/ike/soft/jdk1.8.0_101/lib/tools.jar
7fd102fa9000-7fd1031a9000 rw-p 00000000 00:00 0 
7fd1031a9000-7fd1031ac000 ---p 00000000 00:00 0 
7fd1031ac000-7fd1032aa000 rw-p 00000000 00:00 0 
7fd1032aa000-7fd1032ad000 ---p 00000000 00:00 0 
7fd1032ad000-7fd1033ab000 rw-p 00000000 00:00 0 
7fd1033ab000-7fd1033ae000 ---p 00000000 00:00 0 
7fd1033ae000-7fd1034ac000 rw-p 00000000 00:00 0 
7fd1034ac000-7fd1034af000 ---p 00000000 00:00 0 
7fd1034af000-7fd1037ad000 rw-p 00000000 00:00 0 
7fd1037ad000-7fd1037b0000 ---p 00000000 00:00 0 
7fd1037b0000-7fd1038ae000 rw-p 00000000 00:00 0 
7fd1038ae000-7fd1038b1000 ---p 00000000 00:00 0 
7fd1038b1000-7fd1039af000 rw-p 00000000 00:00 0 
7fd1039af000-7fd1039b6000 r--s 00000000 fd:00 1051165                    /usr/lib64/gconv/gconv-modules.cache
7fd1039b6000-7fd103bb6000 rw-p 00000000 00:00 0 
7fd103bb6000-7fd103bb9000 ---p 00000000 00:00 0 
7fd103bb9000-7fd103cb7000 rw-p 00000000 00:00 0 
7fd103cb7000-7fd103cba000 ---p 00000000 00:00 0 
7fd103cba000-7fd103db8000 rw-p 00000000 00:00 0 
7fd103db8000-7fd103dc1000 r-xp 00000000 fd:02 1842786                    /home/ike/soft/jdk1.8.0_101/jre/lib/amd64/libmanagement.so
7fd103dc1000-7fd103fc0000 ---p 00009000 fd:02 1842786                    /home/ike/soft/jdk1.8.0_101/jre/lib/amd64/libmanagement.so
7fd103fc0000-7fd103fc1000 rw-p 00008000 fd:02 1842786                    /home/ike/soft/jdk1.8.0_101/jre/lib/amd64/libmanagement.so
7fd103fc1000-7fd103fc5000 r--s 00097000 fd:02 1842696                    /home/ike/soft/jdk1.8.0_101/jre/lib/jsse.jar
7fd103fc5000-7fd103fc6000 r--s 00007000 fd:02 2232836                    /home/ike/soft/gradle-3.2.1/lib/plugins/gradle-tooling-api-builders-3.2.1.jar
7fd103fc6000-7fd103fc9000 r--s 00009000 fd:02 2232829                    /home/ike/soft/gradle-3.2.1/lib/plugins/gradle-testing-native-3.2.1.jar
7fd103fc9000-7fd103fcb000 r--s 00009000 fd:02 2232909                    /home/ike/soft/gradle-3.2.1/lib/plugins/hamcrest-core-1.3.jar
7fd103fcb000-7fd103fd1000 r--s 00033000 fd:02 2232903                    /home/ike/soft/gradle-3.2.1/lib/plugins/snakeyaml-1.6.jar
7fd103fd1000-7fd103fd3000 r--s 00006000 fd:02 2232902                    /home/ike/soft/gradle-3.2.1/lib/plugins/jcommander-1.12.jar
7fd103fd3000-7fd103fd8000 r--s 00040000 fd:02 2232901                    /home/ike/soft/gradle-3.2.1/lib/plugins/bsh-2.0b4.jar
7fd103fd8000-7fd103fe1000 r--s 00089000 fd:02 2232860                    /home/ike/soft/gradle-3.2.1/lib/plugins/testng-6.3.1.jar
7fd103fe1000-7fd103fe9000 r--s 00045000 fd:02 2232859                    /home/ike/soft/gradle-3.2.1/lib/plugins/junit-4.12.jar
7fd103fe9000-7fd103fef000 r--s 0002e000 fd:02 2232830                    /home/ike/soft/gradle-3.2.1/lib/plugins/gradle-testing-jvm-3.2.1.jar
7fd103fef000-7fd103ff3000 r--s 00016000 fd:02 2232828                    /home/ike/soft/gradle-3.2.1/lib/plugins/gradle-testing-base-3.2.1.jar
7fd103ff3000-7fd103ff4000 r--s 00001000 fd:02 2232838                    /home/ike/soft/gradle-3.2.1/lib/plugins/gradle-task-cache-http-3.2.1.jar
7fd103ff4000-7fd103ffb000 r--s 00038000 fd:02 2232854                    /home/ike/soft/gradle-3.2.1/lib/plugins/bcpg-jdk15on-1.51.jar
7fd103ffb000-7fd103ffd000 r--s 0000c000 fd:02 2232807                    /home/ike/soft/gradle-3.2.1/lib/plugins/gradle-signing-3.2.1.jar
7fd103ffd000-7fd103fff000 r--s 00007000 fd:02 2232806                    /home/ike/soft/gradle-3.2.1/lib/plugins/gradle-scala-3.2.1.jar
7fd103fff000-7fd104000000 r--s 00004000 fd:02 2232834                    /home/ike/soft/gradle-3.2.1/lib/plugins/gradle-resources-sftp-3.2.1.jar
7fd104000000-7fd104024000 rw-p 00000000 00:00 0 
7fd104024000-7fd108000000 ---p 00000000 00:00 0 
7fd108000000-7fd108010000 r--s 00088000 fd:02 2232870                    /home/ike/soft/gradle-3.2.1/lib/plugins/joda-time-2.8.2.jar
7fd108010000-7fd108021000 r--s 0010d000 fd:02 2232869                    /home/ike/soft/gradle-3.2.1/lib/plugins/jackson-databind-2.6.6.jar
7fd108021000-7fd108024000 r--s 00009000 fd:02 2232868                    /home/ike/soft/gradle-3.2.1/lib/plugins/jackson-annotations-2.6.6.jar
7fd108024000-7fd108028000 r--s 0003c000 fd:02 2232867                    /home/ike/soft/gradle-3.2.1/lib/plugins/jackson-core-2.6.6.jar
7fd108028000-7fd108036000 r--s 00087000 fd:02 2232866                    /home/ike/soft/gradle-3.2.1/lib/plugins/aws-java-sdk-core-1.11.6.jar
7fd108036000-7fd10803d000 r--s 00057000 fd:02 2232865                    /home/ike/soft/gradle-3.2.1/lib/plugins/aws-java-sdk-kms-1.11.6.jar
7fd10803d000-7fd10804a000 r--s 0008e000 fd:02 2232864                    /home/ike/soft/gradle-3.2.1/lib/plugins/aws-java-sdk-s3-1.11.6.jar
7fd10804a000-7fd10804b000 r--s 00004000 fd:02 2232835                    /home/ike/soft/gradle-3.2.1/lib/plugins/gradle-resources-s3-3.2.1.jar
7fd10804b000-7fd10804d000 r--s 00005000 fd:02 2232858                    /home/ike/soft/gradle-3.2.1/lib/plugins/jatl-0.2.2.jar
7fd10804d000-7fd10804f000 r--s 0000f000 fd:02 2232812                    /home/ike/soft/gradle-3.2.1/lib/plugins/gradle-reporting-3.2.1.jar
7fd10804f000-7fd108051000 r--s 00002000 fd:02 2232813                    /home/ike/soft/gradle-3.2.1/lib/plugins/gradle-publish-3.2.1.jar
7fd108051000-7fd108053000 r--s 00009000 fd:02 2232841                    /home/ike/soft/gradle-3.2.1/lib/plugins/commons-cli-1.2.jar
7fd108053000-7fd108058000 r--s 00031000 fd:02 2232798                    /home/ike/soft/gradle-3.2.1/lib/plugins/gradle-plugins-3.2.1.jar
7fd108058000-7fd10805a000 r--s 00009000 fd:02 2232831                    /home/ike/soft/gradle-3.2.1/lib/plugins/gradle-plugin-development-3.2.1.jar
7fd10805a000-7fd108060000 r--s 0002b000 fd:02 2232824                    /home/ike/soft/gradle-3.2.1/lib/plugins/gradle-platform-play-3.2.1.jar
7fd108060000-7fd10806d000 r--s 00053000 fd:02 2232823                    /home/ike/soft/gradle-3.2.1/lib/plugins/gradle-platform-native-3.2.1.jar
7fd10806d000-7fd108072000 r--s 0001f000 fd:02 2232818                    /home/ike/soft/gradle-3.2.1/lib/plugins/gradle-platform-jvm-3.2.1.jar
7fd108072000-7fd10807a000 r--s 00027000 fd:02 2232817                    /home/ike/soft/gradle-3.2.1/lib/plugins/gradle-platform-base-3.2.1.jar
7fd10807a000-7fd1080a2000 r--s 0021c000 fd:02 2232849                    /home/ike/soft/gradle-3.2.1/lib/plugins/biz.aQute.bndlib-3.2.0.jar
7fd1080a2000-7fd1080a4000 r--s 00003000 fd:02 2232802                    /home/ike/soft/gradle-3.2.1/lib/plugins/gradle-osgi-3.2.1.jar
7fd1080a4000-7fd1080a7000 r--s 0000c000 fd:02 2232852                    /home/ike/soft/gradle-3.2.1/lib/plugins/pmaven-groovy-0.8-20100325.jar
7fd1080a7000-7fd1080a8000 r--s 00004000 fd:02 2232851                    /home/ike/soft/gradle-3.2.1/lib/plugins/pmaven-common-0.8-20100325.jar
7fd1080a8000-7fd1080ae000 r--s 00023000 fd:02 2232803                    /home/ike/soft/gradle-3.2.1/lib/plugins/gradle-maven-3.2.1.jar
7fd1080ae000-7fd1080b1000 r--s 0000a000 fd:02 2232822                    /home/ike/soft/gradle-3.2.1/lib/plugins/gradle-language-scala-3.2.1.jar
7fd1080b1000-7fd1080b7000 r--s 0001a000 fd:02 2232826                    /home/ike/soft/gradle-3.2.1/lib/plugins/gradle-language-native-3.2.1.jar
7fd1080b7000-7fd1080b9000 r--s 00008000 fd:02 2232819                    /home/ike/soft/gradle-3.2.1/lib/plugins/gradle-language-jvm-3.2.1.jar
7fd1080b9000-7fd1080bf000 r--s 00026000 fd:02 2232820                    /home/ike/soft/gradle-3.2.1/lib/plugins/gradle-language-java-3.2.1.jar
7fd1080bf000-7fd1080c1000 r--s 0000a000 fd:02 2232821                    /home/ike/soft/gradle-3.2.1/lib/plugins/gradle-language-groovy-3.2.1.jar
7fd1080c1000-7fd1080c4000 r--s 0001e000 fd:02 2232876                    /home/ike/soft/gradle-3.2.1/lib/plugins/jsp-api-2.1-6.1.14.jar
7fd1080c4000-7fd1080e7000 r--s 00344000 fd:02 2232875                    /home/ike/soft/gradle-3.2.1/lib/plugins/core-3.1.1.jar
7fd1080e7000-7fd1080e8000 r--s 00006000 fd:02 2232874                    /home/ike/soft/gradle-3.2.1/lib/plugins/jetty-naming-6.1.26.jar
7fd1080e8000-7fd1080e9000 r--s 00002000 fd:02 2232848                    /home/ike/soft/gradle-3.2.1/lib/plugins/geronimo-annotation_1.0_spec-1.0.jar
7fd1080e9000-7fd1080eb000 r--s 00002000 fd:02 2232847                    /home/ike/soft/gradle-3.2.1/lib/plugins/jetty-annotations-6.1.26.jar
7fd1080eb000-7fd1080fc000 r--s 000ea000 fd:02 2232846                    /home/ike/soft/gradle-3.2.1/lib/plugins/jsp-2.1-6.1.14.jar
7fd1080fc000-7fd1080fe000 r--s 0000d000 fd:02 2232845                    /home/ike/soft/gradle-3.2.1/lib/plugins/jetty-plus-6.1.26.jar
7fd1080fe000-7fd108100000 r--s 0001f000 fd:02 2232844                    /home/ike/soft/gradle-3.2.1/lib/plugins/servlet-api-2.5-20081211.jar
7fd108100000-7fd108104000 r--s 00028000 fd:02 2232843                    /home/ike/soft/gradle-3.2.1/lib/plugins/jetty-util-6.1.26.jar
7fd108104000-7fd10810b000 r--s 0007d000 fd:02 2232842                    /home/ike/soft/gradle-3.2.1/lib/plugins/jetty-6.1.26.jar
7fd10810b000-7fd10810d000 r--s 0000a000 fd:02 2232800                    /home/ike/soft/gradle-3.2.1/lib/plugins/gradle-jetty-3.2.1.jar
7fd10810d000-7fd108114000 r--s 00035000 fd:02 2232857                    /home/ike/soft/gradle-3.2.1/lib/plugins/simple-4.1.21.jar
7fd108114000-7fd108120000 r--s 00100000 fd:02 2232855                    /home/ike/soft/gradle-3.2.1/lib/plugins/rhino-1.7R3.jar
7fd108120000-7fd108124000 r--s 00012000 fd:02 2232809                    /home/ike/soft/gradle-3.2.1/lib/plugins/gradle-javascript-3.2.1.jar
7fd108124000-7fd108126000 r--s 0000c000 fd:02 2232815                    /home/ike/soft/gradle-3.2.1/lib/plugins/gradle-jacoco-3.2.1.jar
7fd108126000-7fd108129000 r--s 0000e000 fd:02 2232814                    /home/ike/soft/gradle-3.2.1/lib/plugins/gradle-ivy-3.2.1.jar
7fd108129000-7fd10812a000 r--s 00002000 fd:02 2232825                    /home/ike/soft/gradle-3.2.1/lib/plugins/gradle-ide-play-3.2.1.jar
7fd10812a000-7fd10812d000 r--s 00013000 fd:02 2232827                    /home/ike/soft/gradle-3.2.1/lib/plugins/gradle-ide-native-3.2.1.jar
7fd10812d000-7fd108137000 r--s 00054000 fd:02 2232804                    /home/ike/soft/gradle-3.2.1/lib/plugins/gradle-ide-3.2.1.jar
7fd108137000-7fd108139000 r--s 00007000 fd:02 2232808                    /home/ike/soft/gradle-3.2.1/lib/plugins/gradle-ear-3.2.1.jar
7fd108139000-7fd10813f000 r--s 00038000 fd:02 2232811                    /home/ike/soft/gradle-3.2.1/lib/plugins/gradle-diagnostics-3.2.1.jar
7fd10813f000-7fd108141000 r--s 00008000 fd:02 2232837                    /home/ike/soft/gradle-3.2.1/lib/plugins/gradle-composite-builds-3.2.1.jar
7fd108141000-7fd108145000 r--s 00023000 fd:02 2232799                    /home/ike/soft/gradle-3.2.1/lib/plugins/gradle-code-quality-3.2.1.jar
7fd108145000-7fd108149000 r--s 00020000 fd:02 2232816                    /home/ike/soft/gradle-3.2.1/lib/plugins/gradle-build-init-3.2.1.jar
7fd108149000-7fd10814f000 r--s 0008e000 fd:02 2232810                    /home/ike/soft/gradle-3.2.1/lib/plugins/gradle-build-comparison-3.2.1.jar
7fd10814f000-7fd108151000 r--s 00008000 fd:02 2232801                    /home/ike/soft/gradle-3.2.1/lib/plugins/gradle-antlr-3.2.1.jar
7fd108151000-7fd108153000 r--s 00004000 fd:02 2232805                    /home/ike/soft/gradle-3.2.1/lib/plugins/gradle-announce-3.2.1.jar
7fd108153000-7fd10816b000 r--s 00115000 fd:02 2232906                    /home/ike/soft/gradle-3.2.1/lib/plugins/xercesImpl-2.9.1.jar
7fd10816b000-7fd108173000 r--s 00028000 fd:02 2232907                    /home/ike/soft/gradle-3.2.1/lib/plugins/xml-apis-1.3.04.jar
7fd108173000-7fd108179000 r--s 0005b000 fd:02 2232905                    /home/ike/soft/gradle-3.2.1/lib/plugins/jcifs-1.3.17.jar
7fd108179000-7fd108180000 r--s 00049000 fd:02 2232904                    /home/ike/soft/gradle-3.2.1/lib/plugins/httpcore-4.4.4.jar
7fd108180000-7fd108186000 r--s 00033000 fd:02 2232853                    /home/ike/soft/gradle-3.2.1/lib/plugins/commons-codec-1.6.jar
7fd108186000-7fd108189000 r--s 0001c000 fd:02 2232862                    /home/ike/soft/gradle-3.2.1/lib/plugins/nekohtml-1.9.14.jar
7fd108189000-7fd108196000 r--s 000a4000 fd:02 2232861                    /home/ike/soft/gradle-3.2.1/lib/plugins/httpclient-4.4.1.jar
7fd108196000-7fd108199000 r--s 0000a000 fd:02 2232833                    /home/ike/soft/gradle-3.2.1/lib/plugins/gradle-resources-http-3.2.1.jar
7fd108199000-7fd10819d000 r--s 00015000 fd:02 2232832                    /home/ike/soft/gradle-3.2.1/lib/plugins/gradle-plugin-use-3.2.1.jar
7fd10819d000-7fd10819e000 r--s 00000000 fd:02 2232750                    /home/ike/soft/gradle-3.2.1/lib/gradle-installation-beacon-3.2.1.jar
7fd10819e000-7fd10819f000 r--s 00007000 fd:02 2232900                    /home/ike/soft/gradle-3.2.1/lib/plugins/wagon-http-shared4-2.4.jar
7fd10819f000-7fd1081a3000 r--s 00033000 fd:02 2232899                    /home/ike/soft/gradle-3.2.1/lib/plugins/plexus-utils-2.0.6.jar
7fd1081a3000-7fd1081a7000 r--s 00021000 fd:02 2232898                    /home/ike/soft/gradle-3.2.1/lib/plugins/maven-model-builder-3.0.4.jar
7fd1081a7000-7fd1081a8000 r--s 00002000 fd:02 2232897                    /home/ike/soft/gradle-3.2.1/lib/plugins/wagon-file-2.4.jar
7fd1081a8000-7fd1081aa000 r--s 00002000 fd:02 2232896                    /home/ike/soft/gradle-3.2.1/lib/plugins/plexus-cipher-1.7.jar
7fd1081aa000-7fd1081ad000 r--s 00013000 fd:02 2232895                    /home/ike/soft/gradle-3.2.1/lib/plugins/aether-api-1.13.1.jar
7fd1081ad000-7fd1081af000 r--s 0000a000 fd:02 2232894                    /home/ike/soft/gradle-3.2.1/lib/plugins/maven-settings-3.0.4.jar
7fd1081af000-7fd1081b1000 r--s 0000d000 fd:02 2232893                    /home/ike/soft/gradle-3.2.1/lib/plugins/plexus-interpolation-1.14.jar
7fd1081b1000-7fd1081b3000 r--s 0000b000 fd:02 2232892                    /home/ike/soft/gradle-3.2.1/lib/plugins/maven-artifact-3.0.4.jar
7fd1081b3000-7fd1081ba000 r--s 0002e000 fd:02 2232891                    /home/ike/soft/gradle-3.2.1/lib/plugins/plexus-container-default-1.5.5.jar
7fd1081ba000-7fd1081bc000 r--s 0000b000 fd:02 2232890                    /home/ike/soft/gradle-3.2.1/lib/plugins/maven-plugin-api-3.0.4.jar
7fd1081bc000-7fd1081be000 r--s 00000000 fd:02 2232908                    /home/ike/soft/gradle-3.2.1/lib/plugins/plexus-component-annotations-1.5.5.jar
7fd1081be000-7fd1081c4000 r--s 0003f000 fd:02 2232889                    /home/ike/soft/gradle-3.2.1/lib/plugins/maven-compat-3.0.4.jar
7fd1081c4000-7fd1081c7000 r--s 00008000 fd:02 2232888                    /home/ike/soft/gradle-3.2.1/lib/plugins/maven-settings-builder-3.0.4.jar
7fd1081c7000-7fd1081c8000 r--s 00002000 fd:02 2232887                    /home/ike/soft/gradle-3.2.1/lib/plugins/wagon-http-2.4.jar
7fd1081c8000-7fd1081ca000 r--s 00026000 fd:02 2232886                    /home/ike/soft/gradle-3.2.1/lib/plugins/maven-model-3.0.4.jar
7fd1081ca000-7fd1081cc000 r--s 00006000 fd:02 2232885                    /home/ike/soft/gradle-3.2.1/lib/plugins/aether-connector-wagon-1.13.1.jar
7fd1081cc000-7fd1081ce000 r--s 0000a000 fd:02 2232884                    /home/ike/soft/gradle-3.2.1/lib/plugins/plexus-classworlds-2.4.jar
7fd1081ce000-7fd1081d0000 r--s 00006000 fd:02 2232883                    /home/ike/soft/gradle-3.2.1/lib/plugins/maven-repository-metadata-3.0.4.jar
7fd1081d0000-7fd1081d2000 r--s 0000c000 fd:02 2232882                    /home/ike/soft/gradle-3.2.1/lib/plugins/maven-aether-provider-3.0.4.jar
7fd1081d2000-7fd1081d4000 r--s 0000b000 fd:02 2232881                    /home/ike/soft/gradle-3.2.1/lib/plugins/wagon-provider-api-2.4.jar
7fd1081d4000-7fd1081d5000 r--s 00003000 fd:02 2232880                    /home/ike/soft/gradle-3.2.1/lib/plugins/aether-spi-1.13.1.jar
7fd1081d5000-7fd1081d8000 r--s 0001d000 fd:02 2232879                    /home/ike/soft/gradle-3.2.1/lib/plugins/aether-impl-1.13.1.jar
7fd1081d8000-7fd1081dc000 r--s 0001c000 fd:02 2232878                    /home/ike/soft/gradle-3.2.1/lib/plugins/aether-util-1.13.1.jar
7fd1081dc000-7fd1081dd000 r--s 00006000 fd:02 2232877                    /home/ike/soft/gradle-3.2.1/lib/plugins/plexus-sec-dispatcher-1.3.jar
7fd1081dd000-7fd1081e2000 r--s 00040000 fd:02 2232863                    /home/ike/soft/gradle-3.2.1/lib/plugins/jsch-0.1.53.jar
7fd1081e2000-7fd108222000 r--s 00277000 fd:02 2232873                    /home/ike/soft/gradle-3.2.1/lib/plugins/bcprov-jdk15on-1.51.jar
7fd108222000-7fd10822e000 r--s 0007d000 fd:02 2232850                    /home/ike/soft/gradle-3.2.1/lib/plugins/maven-core-3.0.4.jar
7fd10822e000-7fd10824c000 r--s 000e2000 fd:02 2232839                    /home/ike/soft/gradle-3.2.1/lib/plugins/gradle-dependency-management-3.2.1.jar
7fd10824c000-7fd108262000 r-xp 00000000 fd:00 664597                     /usr/lib64/libgcc_s-6.1.1-20160510.so.1
7fd108262000-7fd108461000 ---p 00016000 fd:00 664597                     /usr/lib64/libgcc_s-6.1.1-20160510.so.1
7fd108461000-7fd108462000 r--p 00015000 fd:00 664597                     /usr/lib64/libgcc_s-6.1.1-20160510.so.1
7fd108462000-7fd108463000 rw-p 00016000 fd:00 664597                     /usr/lib64/libgcc_s-6.1.1-20160510.so.1
7fd108463000-7fd1085db000 r-xp 00000000 fd:00 665127                     /usr/lib64/libstdc++.so.6.0.22
7fd1085db000-7fd1087da000 ---p 00178000 fd:00 665127                     /usr/lib64/libstdc++.so.6.0.22
7fd1087da000-7fd1087e4000 r--p 00177000 fd:00 665127                     /usr/lib64/libstdc++.so.6.0.22
7fd1087e4000-7fd1087e6000 rw-p 00181000 fd:00 665127                     /usr/lib64/libstdc++.so.6.0.22
7fd1087e6000-7fd1087ea000 rw-p 00000000 00:00 0 
7fd1087ea000-7fd1087ee000 r--s 0001d000 fd:02 2232872                    /home/ike/soft/gradle-3.2.1/lib/plugins/xbean-reflect-3.4.jar
7fd1087ee000-7fd1087f3000 r--s 00034000 fd:02 2232856                    /home/ike/soft/gradle-3.2.1/lib/plugins/gson-2.7.jar
7fd1087f3000-7fd108802000 r--s 000d9000 fd:02 2232871                    /home/ike/soft/gradle-3.2.1/lib/plugins/ivy-2.2.0.jar
7fd108802000-7fd108807000 r-xp 00000000 fd:02 3149349                    /home/ike/.gradle/native/21/linux-amd64/libnative-platform.so
7fd108807000-7fd108a06000 ---p 00005000 fd:02 3149349                    /home/ike/.gradle/native/21/linux-amd64/libnative-platform.so
7fd108a06000-7fd108a07000 rw-p 00004000 fd:02 3149349                    /home/ike/.gradle/native/21/linux-amd64/libnative-platform.so
7fd108a07000-7fd108a18000 r-xp 00000000 fd:02 1842775                    /home/ike/soft/jdk1.8.0_101/jre/lib/amd64/libnio.so
7fd108a18000-7fd108c17000 ---p 00011000 fd:02 1842775                    /home/ike/soft/jdk1.8.0_101/jre/lib/amd64/libnio.so
7fd108c17000-7fd108c18000 rw-p 00010000 fd:02 1842775                    /home/ike/soft/jdk1.8.0_101/jre/lib/amd64/libnio.so
7fd108c18000-7fd108c2e000 r-xp 00000000 fd:02 1842752                    /home/ike/soft/jdk1.8.0_101/jre/lib/amd64/libnet.so
7fd108c2e000-7fd108e2e000 ---p 00016000 fd:02 1842752                    /home/ike/soft/jdk1.8.0_101/jre/lib/amd64/libnet.so
7fd108e2e000-7fd108e2f000 rw-p 00016000 fd:02 1842752                    /home/ike/soft/jdk1.8.0_101/jre/lib/amd64/libnet.so
7fd108e2f000-7fd108e39000 r--s 00116000 fd:02 1842829                    /home/ike/soft/jdk1.8.0_101/jre/lib/ext/localedata.jar
7fd108e39000-7fd108e55000 r--s 00393000 fd:02 1842832                    /home/ike/soft/jdk1.8.0_101/jre/lib/ext/cldrdata.jar
7fd108e55000-7fd108e56000 r--s 00006000 fd:02 2232749                    /home/ike/soft/gradle-3.2.1/lib/gradle-wrapper-3.2.1.jar
7fd108e56000-7fd108e63000 r--s 00041000 fd:02 2232756                    /home/ike/soft/gradle-3.2.1/lib/gradle-tooling-api-3.2.1.jar
7fd108e63000-7fd108e65000 r--s 00002000 fd:02 2232776                    /home/ike/soft/gradle-3.2.1/lib/gradle-open-api-3.2.1.jar
7fd108e65000-7fd108e6b000 r--s 00032000 fd:02 2232778                    /home/ike/soft/gradle-3.2.1/lib/jaxen-1.1.jar
7fd108e6b000-7fd108e70000 r--s 00048000 fd:02 2232777                    /home/ike/soft/gradle-3.2.1/lib/dom4j-1.6.1.jar
7fd108e70000-7fd108e7b000 r--s 00059000 fd:02 2232755                    /home/ike/soft/gradle-3.2.1/lib/gradle-ui-3.2.1.jar
7fd108e7b000-7fd108e84000 r--s 00086000 fd:02 2232744                    /home/ike/soft/gradle-3.2.1/lib/kotlin-stdlib-1.1.0-dev-2053.jar
7fd108e84000-7fd108e8a000 r--s 00027000 fd:02 2232743                    /home/ike/soft/gradle-3.2.1/lib/kotlin-runtime-1.1.0-dev-2053.jar
7fd108e8a000-7fd108ebc000 r--s 00241000 fd:02 2232745                    /home/ike/soft/gradle-3.2.1/lib/kotlin-reflect-1.1.0-dev-2053.jar
7fd108ebc000-7fd109049000 r--s 014fa000 fd:02 2232746                    /home/ike/soft/gradle-3.2.1/lib/kotlin-compiler-embeddable-1.1.0-dev-2053.jar
7fd109049000-7fd109050000 r--s 00047000 fd:02 2232747                    /home/ike/soft/gradle-3.2.1/lib/gradle-script-kotlin-0.4.0.jar
7fd109050000-7fd109053000 r--s 0000b000 fd:02 2232774                    /home/ike/soft/gradle-3.2.1/lib/gradle-resources-3.2.1.jar
7fd109053000-7fd109055000 r--s 00003000 fd:02 2232785                    /home/ike/soft/gradle-3.2.1/lib/jcl-over-slf4j-1.7.10.jar
7fd109055000-7fd109056000 r--s 00005000 fd:02 2232784                    /home/ike/soft/gradle-3.2.1/lib/log4j-over-slf4j-1.7.10.jar
7fd109056000-7fd109058000 r--s 00000000 fd:02 2232783                    /home/ike/soft/gradle-3.2.1/lib/jul-to-slf4j-1.7.10.jar
7fd109058000-7fd10905d000 r--s 0001c000 fd:02 2232773                    /home/ike/soft/gradle-3.2.1/lib/gradle-logging-3.2.1.jar
7fd10905d000-7fd10905f000 r--s 00007000 fd:02 2232796                    /home/ike/soft/gradle-3.2.1/lib/objenesis-1.2.jar
7fd10905f000-7fd109061000 r--s 00000000 fd:02 2232795                    /home/ike/soft/gradle-3.2.1/lib/minlog-1.2.jar
7fd109061000-7fd109063000 r--s 0000f000 fd:02 2232794                    /home/ike/soft/gradle-3.2.1/lib/reflectasm-1.07-shaded.jar
7fd109063000-7fd109067000 r--s 00026000 fd:02 2232782                    /home/ike/soft/gradle-3.2.1/lib/kryo-2.20.jar
7fd109067000-7fd10906d000 r--s 00026000 fd:02 2232772                    /home/ike/soft/gradle-3.2.1/lib/gradle-messaging-3.2.1.jar
7fd10906d000-7fd10906e000 r--s 00003000 fd:02 2232793                    /home/ike/soft/gradle-3.2.1/lib/native-platform-freebsd-amd64-0.11.jar
7fd10906e000-7fd10906f000 r--s 00003000 fd:02 2232792                    /home/ike/soft/gradle-3.2.1/lib/native-platform-freebsd-i386-0.11.jar
7fd10906f000-7fd109070000 r--s 0000b000 fd:02 2232791                    /home/ike/soft/gradle-3.2.1/lib/native-platform-windows-i386-0.11.jar
7fd109070000-7fd109071000 r--s 0000b000 fd:02 2232790                    /home/ike/soft/gradle-3.2.1/lib/native-platform-windows-amd64-0.11.jar
7fd109071000-7fd109073000 r--s 00003000 fd:02 2232789                    /home/ike/soft/gradle-3.2.1/lib/native-platform-linux-i386-0.11.jar
7fd109073000-7fd109074000 r--s 00004000 fd:02 2232788                    /home/ike/soft/gradle-3.2.1/lib/native-platform-linux-amd64-0.11.jar
7fd109074000-7fd109075000 r--s 00002000 fd:02 2232787                    /home/ike/soft/gradle-3.2.1/lib/native-platform-osx-amd64-0.11.jar
7fd109075000-7fd109078000 r--s 00023000 fd:02 2232780                    /home/ike/soft/gradle-3.2.1/lib/jansi-1.14.jar
7fd109078000-7fd10907c000 r--s 0000f000 fd:02 2232779                    /home/ike/soft/gradle-3.2.1/lib/native-platform-0.11.jar
7fd10907c000-7fd10907f000 r--s 0000a000 fd:02 2232757                    /home/ike/soft/gradle-3.2.1/lib/gradle-native-3.2.1.jar
7fd10907f000-7fd109081000 r--s 00005000 fd:02 2232754                    /home/ike/soft/gradle-3.2.1/lib/gradle-cli-3.2.1.jar
7fd109081000-7fd1090f1000 r--s 00641000 fd:02 2232762                    /home/ike/soft/gradle-3.2.1/lib/groovy-all-2.4.7.jar
7fd1090f1000-7fd1090f2000 ---p 00000000 00:00 0 
7fd1090f2000-7fd1091f2000 rw-p 00000000 00:00 0 
7fd1091f2000-7fd1091f5000 ---p 00000000 00:00 0 
7fd1091f5000-7fd1092f3000 rw-p 00000000 00:00 0 
7fd1092f3000-7fd1092f6000 ---p 00000000 00:00 0 
7fd1092f6000-7fd1093f4000 rw-p 00000000 00:00 0 
7fd1093f4000-7fd1093f7000 ---p 00000000 00:00 0 
7fd1093f7000-7fd1094f5000 rw-p 00000000 00:00 0 
7fd1094f5000-7fd1094f8000 ---p 00000000 00:00 0 
7fd1094f8000-7fd1095f6000 rw-p 00000000 00:00 0 
7fd1095f6000-7fd1095f9000 ---p 00000000 00:00 0 
7fd1095f9000-7fd1096f7000 rw-p 00000000 00:00 0 
7fd1096f7000-7fd1096fa000 ---p 00000000 00:00 0 
7fd1096fa000-7fd1097f8000 rw-p 00000000 00:00 0 
7fd1097f8000-7fd1097fb000 ---p 00000000 00:00 0 
7fd1097fb000-7fd1098f9000 rw-p 00000000 00:00 0 
7fd1098f9000-7fd1098fa000 ---p 00000000 00:00 0 
7fd1098fa000-7fd10c000000 rw-p 00000000 00:00 0 
7fd10c000000-7fd10c022000 rw-p 00000000 00:00 0 
7fd10c022000-7fd110000000 ---p 00000000 00:00 0 
7fd110000000-7fd110001000 r--s 00002000 fd:02 2232786                    /home/ike/soft/gradle-3.2.1/lib/native-platform-osx-i386-0.11.jar
7fd110001000-7fd110003000 r--s 00007000 fd:02 2232764                    /home/ike/soft/gradle-3.2.1/lib/gradle-model-groovy-3.2.1.jar
7fd110003000-7fd110005000 r--s 00006000 fd:02 2232771                    /home/ike/soft/gradle-3.2.1/lib/gradle-base-services-groovy-3.2.1.jar
7fd110005000-7fd110014000 r--s 0007f000 fd:02 2232763                    /home/ike/soft/gradle-3.2.1/lib/gradle-model-core-3.2.1.jar
7fd110014000-7fd110015000 r--s 00002000 fd:02 2232775                    /home/ike/soft/gradle-3.2.1/lib/gradle-docs-3.2.1.jar
7fd110015000-7fd110016000 r--s 00000000 fd:02 2232770                    /home/ike/soft/gradle-3.2.1/lib/javax.inject-1.jar
7fd110016000-7fd110017000 r--s 00000000 fd:02 2232769                    /home/ike/soft/gradle-3.2.1/lib/jcip-annotations-1.0.jar
7fd110017000-7fd11001b000 r--s 00027000 fd:02 2232768                    /home/ike/soft/gradle-3.2.1/lib/commons-io-2.2.jar
7fd11001b000-7fd110028000 r--s 00083000 fd:02 2232767                    /home/ike/soft/gradle-3.2.1/lib/commons-collections-3.2.2.jar
7fd110028000-7fd11002d000 r--s 00038000 fd:02 2232765                    /home/ike/soft/gradle-3.2.1/lib/asm-all-5.1.jar
7fd11002d000-7fd110055000 r--s 001cf000 fd:02 2232759                    /home/ike/soft/gradle-3.2.1/lib/guava-jdk5-17.0.jar
7fd110055000-7fd110074000 r--s 001d1000 fd:02 2232766                    /home/ike/soft/gradle-3.2.1/lib/ant-1.9.6.jar
7fd110074000-7fd11007d000 r--s 00041000 fd:02 2232751                    /home/ike/soft/gradle-3.2.1/lib/gradle-base-services-3.2.1.jar
7fd11007d000-7fd1100b7000 r--s 001e2000 fd:02 2232753                    /home/ike/soft/gradle-3.2.1/lib/gradle-core-3.2.1.jar
7fd1100b7000-7fd111000000 rw-p 00000000 00:00 0 
7fd111000000-7fd113710000 rwxp 00000000 00:00 0 
7fd113710000-7fd120000000 ---p 00000000 00:00 0 
7fd120000000-7fd120ce2000 rw-p 00000000 00:00 0 
7fd120ce2000-7fd124000000 ---p 00000000 00:00 0 
7fd124000000-7fd124272000 rw-p 00000000 00:00 0 
7fd124272000-7fd12444b000 r--s 03d29000 fd:02 1842744                    /home/ike/soft/jdk1.8.0_101/jre/lib/rt.jar
7fd12444b000-7fd1246c1000 rw-p 00000000 00:00 0 
7fd1246c1000-7fd1246c2000 ---p 00000000 00:00 0 
7fd1246c2000-7fd1247c2000 rw-p 00000000 00:00 0 
7fd1247c2000-7fd1247c3000 ---p 00000000 00:00 0 
7fd1247c3000-7fd1248c3000 rw-p 00000000 00:00 0 
7fd1248c3000-7fd1248c4000 ---p 00000000 00:00 0 
7fd1248c4000-7fd1249c4000 rw-p 00000000 00:00 0 
7fd1249c4000-7fd1249c5000 ---p 00000000 00:00 0 
7fd1249c5000-7fd124b4f000 rw-p 00000000 00:00 0 
7fd124b4f000-7fd124c1b000 ---p 00000000 00:00 0 
7fd124c1b000-7fd124ca5000 rw-p 00000000 00:00 0 
7fd124ca5000-7fd124d70000 ---p 00000000 00:00 0 
7fd124d70000-7fd124e1b000 rw-p 00000000 00:00 0 
7fd124e1b000-7fd124eb9000 rw-p 00000000 00:00 0 
7fd124eb9000-7fd1251dc000 ---p 00000000 00:00 0 
7fd1251dc000-7fd1251f6000 r-xp 00000000 fd:02 1842773                    /home/ike/soft/jdk1.8.0_101/jre/lib/amd64/libzip.so
7fd1251f6000-7fd1253f6000 ---p 0001a000 fd:02 1842773                    /home/ike/soft/jdk1.8.0_101/jre/lib/amd64/libzip.so
7fd1253f6000-7fd1253f7000 rw-p 0001a000 fd:02 1842773                    /home/ike/soft/jdk1.8.0_101/jre/lib/amd64/libzip.so
7fd1253f7000-7fd125402000 r-xp 00000000 fd:00 663666                     /usr/lib64/libnss_files-2.23.so
7fd125402000-7fd125601000 ---p 0000b000 fd:00 663666                     /usr/lib64/libnss_files-2.23.so
7fd125601000-7fd125602000 r--p 0000a000 fd:00 663666                     /usr/lib64/libnss_files-2.23.so
7fd125602000-7fd125603000 rw-p 0000b000 fd:00 663666                     /usr/lib64/libnss_files-2.23.so
7fd125603000-7fd125609000 rw-p 00000000 00:00 0 
7fd125609000-7fd125633000 r-xp 00000000 fd:02 1842799                    /home/ike/soft/jdk1.8.0_101/jre/lib/amd64/libjava.so
7fd125633000-7fd125833000 ---p 0002a000 fd:02 1842799                    /home/ike/soft/jdk1.8.0_101/jre/lib/amd64/libjava.so
7fd125833000-7fd125835000 rw-p 0002a000 fd:02 1842799                    /home/ike/soft/jdk1.8.0_101/jre/lib/amd64/libjava.so
7fd125835000-7fd125842000 r-xp 00000000 fd:02 1842753                    /home/ike/soft/jdk1.8.0_101/jre/lib/amd64/libverify.so
7fd125842000-7fd125a42000 ---p 0000d000 fd:02 1842753                    /home/ike/soft/jdk1.8.0_101/jre/lib/amd64/libverify.so
7fd125a42000-7fd125a44000 rw-p 0000d000 fd:02 1842753                    /home/ike/soft/jdk1.8.0_101/jre/lib/amd64/libverify.so
7fd125a44000-7fd125a4b000 r-xp 00000000 fd:00 663774                     /usr/lib64/librt-2.23.so
7fd125a4b000-7fd125c4a000 ---p 00007000 fd:00 663774                     /usr/lib64/librt-2.23.so
7fd125c4a000-7fd125c4b000 r--p 00006000 fd:00 663774                     /usr/lib64/librt-2.23.so
7fd125c4b000-7fd125c4c000 rw-p 00007000 fd:00 663774                     /usr/lib64/librt-2.23.so
7fd125c4c000-7fd125d54000 r-xp 00000000 fd:00 663268                     /usr/lib64/libm-2.23.so
7fd125d54000-7fd125f53000 ---p 00108000 fd:00 663268                     /usr/lib64/libm-2.23.so
7fd125f53000-7fd125f54000 r--p 00107000 fd:00 663268                     /usr/lib64/libm-2.23.so
7fd125f54000-7fd125f55000 rw-p 00108000 fd:00 663268                     /usr/lib64/libm-2.23.so
7fd125f55000-7fd126c20000 r-xp 00000000 fd:02 1842803                    /home/ike/soft/jdk1.8.0_101/jre/lib/amd64/server/libjvm.so
7fd126c20000-7fd126e1f000 ---p 00ccb000 fd:02 1842803                    /home/ike/soft/jdk1.8.0_101/jre/lib/amd64/server/libjvm.so
7fd126e1f000-7fd126ef8000 rw-p 00cca000 fd:02 1842803                    /home/ike/soft/jdk1.8.0_101/jre/lib/amd64/server/libjvm.so
7fd126ef8000-7fd126f43000 rw-p 00000000 00:00 0 
7fd126f43000-7fd1270fc000 r-xp 00000000 fd:00 663117                     /usr/lib64/libc-2.23.so
7fd1270fc000-7fd1272fb000 ---p 001b9000 fd:00 663117                     /usr/lib64/libc-2.23.so
7fd1272fb000-7fd1272ff000 r--p 001b8000 fd:00 663117                     /usr/lib64/libc-2.23.so
7fd1272ff000-7fd127301000 rw-p 001bc000 fd:00 663117                     /usr/lib64/libc-2.23.so
7fd127301000-7fd127305000 rw-p 00000000 00:00 0 
7fd127305000-7fd127308000 r-xp 00000000 fd:00 663244                     /usr/lib64/libdl-2.23.so
7fd127308000-7fd127507000 ---p 00003000 fd:00 663244                     /usr/lib64/libdl-2.23.so
7fd127507000-7fd127508000 r--p 00002000 fd:00 663244                     /usr/lib64/libdl-2.23.so
7fd127508000-7fd127509000 rw-p 00003000 fd:00 663244                     /usr/lib64/libdl-2.23.so
7fd127509000-7fd12751e000 r-xp 00000000 fd:02 1841887                    /home/ike/soft/jdk1.8.0_101/lib/amd64/jli/libjli.so
7fd12751e000-7fd12771e000 ---p 00015000 fd:02 1841887                    /home/ike/soft/jdk1.8.0_101/lib/amd64/jli/libjli.so
7fd12771e000-7fd12771f000 rw-p 00015000 fd:02 1841887                    /home/ike/soft/jdk1.8.0_101/lib/amd64/jli/libjli.so
7fd12771f000-7fd127736000 r-xp 00000000 fd:00 663674                     /usr/lib64/libpthread-2.23.so
7fd127736000-7fd127935000 ---p 00017000 fd:00 663674                     /usr/lib64/libpthread-2.23.so
7fd127935000-7fd127936000 r--p 00016000 fd:00 663674                     /usr/lib64/libpthread-2.23.so
7fd127936000-7fd127937000 rw-p 00017000 fd:00 663674                     /usr/lib64/libpthread-2.23.so
7fd127937000-7fd12793b000 rw-p 00000000 00:00 0 
7fd12793b000-7fd12795f000 r-xp 00000000 fd:00 666350                     /usr/lib64/ld-2.23.so
7fd12795f000-7fd127960000 r--s 00001000 fd:02 2232761                    /home/ike/soft/gradle-3.2.1/lib/gradle-process-services-3.2.1.jar
7fd127960000-7fd127962000 r--s 00000000 fd:02 2232752                    /home/ike/soft/gradle-3.2.1/lib/gradle-jvm-services-3.2.1.jar
7fd127962000-7fd127967000 r--s 00041000 fd:02 2232760                    /home/ike/soft/gradle-3.2.1/lib/commons-lang-2.6.jar
7fd127967000-7fd127a40000 rw-p 00000000 00:00 0 
7fd127a40000-7fd127a43000 ---p 00000000 00:00 0 
7fd127a43000-7fd127b45000 rw-p 00000000 00:00 0 
7fd127b45000-7fd127b46000 r--s 00007000 fd:02 2232758                    /home/ike/soft/gradle-3.2.1/lib/slf4j-api-1.7.10.jar
7fd127b46000-7fd127b47000 r--s 00004000 fd:02 2232781                    /home/ike/soft/gradle-3.2.1/lib/ant-launcher-1.9.6.jar
7fd127b47000-7fd127b53000 r--s 0005e000 fd:02 2232748                    /home/ike/soft/gradle-3.2.1/lib/gradle-launcher-3.2.1.jar
7fd127b53000-7fd127b5b000 rw-s 00000000 00:26 2181734                    /tmp/hsperfdata_ike/8853
7fd127b5b000-7fd127b5c000 rw-p 00000000 00:00 0 
7fd127b5c000-7fd127b5d000 ---p 00000000 00:00 0 
7fd127b5d000-7fd127b5e000 rw-p 00000000 00:00 0 
7fd127b5e000-7fd127b5f000 r--p 00023000 fd:00 666350                     /usr/lib64/ld-2.23.so
7fd127b5f000-7fd127b60000 rw-p 00024000 fd:00 666350                     /usr/lib64/ld-2.23.so
7fd127b60000-7fd127b61000 rw-p 00000000 00:00 0 
7fff27b89000-7fff27baa000 rw-p 00000000 00:00 0                          [stack]
7fff27bfb000-7fff27bfe000 r--p 00000000 00:00 0                          [vvar]
7fff27bfe000-7fff27c00000 r-xp 00000000 00:00 0                          [vdso]
ffffffffff600000-ffffffffff601000 r-xp 00000000 00:00 0                  [vsyscall]

VM Arguments:
jvm_args: -XX:MaxPermSize=256m -XX:+HeapDumpOnOutOfMemoryError -Xmx1024m -Dfile.encoding=UTF-8 -Duser.country=CN -Duser.language=zh -Duser.variant 
java_command: org.gradle.launcher.daemon.bootstrap.GradleDaemon 3.2.1
java_class_path (initial): /home/ike/soft/gradle-3.2.1/lib/gradle-launcher-3.2.1.jar
Launcher Type: SUN_STANDARD

Environment Variables:
JAVA_HOME=/home/ike/soft/jdk1.8.0_101
PATH=/home/ike/soft:/home/ike/soft/gradle-3.2.1/bin:/home/ike/soft/apache-maven-3.3.9/bin:/home/ike/soft/jdk1.8.0_101/bin:/usr/lib64/qt-3.3/bin:/usr/local/bin:/usr/local/sbin:/usr/bin:/usr/sbin:/home/ike/bin
USERNAME=ike
LD_LIBRARY_PATH=/home/ike/soft/idea-IU-172.3757.52/bin:
SHELL=/bin/zsh
DISPLAY=:0

Signal Handlers:
SIGSEGV: [libjvm.so+0xac4790], sa_mask[0]=11111111011111111101111111111110, sa_flags=SA_RESTART|SA_SIGINFO
SIGBUS: [libjvm.so+0xac4790], sa_mask[0]=11111111011111111101111111111110, sa_flags=SA_RESTART|SA_SIGINFO
SIGFPE: [libjvm.so+0x91f140], sa_mask[0]=11111111011111111101111111111110, sa_flags=SA_RESTART|SA_SIGINFO
SIGPIPE: [libjvm.so+0x91f140], sa_mask[0]=11111111011111111101111111111110, sa_flags=SA_RESTART|SA_SIGINFO
SIGXFSZ: [libjvm.so+0x91f140], sa_mask[0]=11111111011111111101111111111110, sa_flags=SA_RESTART|SA_SIGINFO
SIGILL: [libjvm.so+0x91f140], sa_mask[0]=11111111011111111101111111111110, sa_flags=SA_RESTART|SA_SIGINFO
SIGUSR1: SIG_DFL, sa_mask[0]=00000000000000000000000000000000, sa_flags=none
SIGUSR2: [libjvm.so+0x920770], sa_mask[0]=00100000000000000000000000000000, sa_flags=SA_RESTART|SA_SIGINFO
SIGHUP: [libjvm.so+0x921b70], sa_mask[0]=11111111011111111101111111111110, sa_flags=SA_RESTART|SA_SIGINFO
SIGINT: [libjvm.so+0x921b70], sa_mask[0]=11111111011111111101111111111110, sa_flags=SA_RESTART|SA_SIGINFO
SIGTERM: [libjvm.so+0x921b70], sa_mask[0]=11111111011111111101111111111110, sa_flags=SA_RESTART|SA_SIGINFO
SIGQUIT: [libjvm.so+0x921b70], sa_mask[0]=11111111011111111101111111111110, sa_flags=SA_RESTART|SA_SIGINFO


---------------  S Y S T E M  ---------------

OS:Fedora release 24 (Twenty Four)

uname:Linux 4.5.5-300.fc24.x86_64 #1 SMP Thu May 19 13:05:32 UTC 2016 x86_64
libc:glibc 2.23 NPTL 2.23 
rlimit: STACK 8192k, CORE infinity, NPROC 30911, NOFILE 4096, AS infinity
load average:12.21 3.91 2.07

/proc/meminfo:
MemTotal:        8053808 kB
MemFree:          123240 kB
MemAvailable:      26344 kB
Buffers:             460 kB
Cached:           550084 kB
SwapCached:        10608 kB
Active:          6265888 kB
Inactive:        1287396 kB
Active(anon):    6259908 kB
Inactive(anon):  1272028 kB
Active(file):       5980 kB
Inactive(file):    15368 kB
Unevictable:          80 kB
Mlocked:              80 kB
SwapTotal:       8126460 kB
SwapFree:              0 kB
Dirty:                16 kB
Writeback:           136 kB
AnonPages:       6996220 kB
Mapped:           409780 kB
Shmem:            528392 kB
Slab:             139544 kB
SReclaimable:      57624 kB
SUnreclaim:        81920 kB
KernelStack:       45264 kB
PageTables:       103156 kB
NFS_Unstable:          0 kB
Bounce:                0 kB
WritebackTmp:          0 kB
CommitLimit:    12153364 kB
Committed_AS:   25684248 kB
VmallocTotal:   34359738367 kB
VmallocUsed:           0 kB
VmallocChunk:          0 kB
HardwareCorrupted:     0 kB
AnonHugePages:         0 kB
CmaTotal:              0 kB
CmaFree:               0 kB
HugePages_Total:       0
HugePages_Free:        0
HugePages_Rsvd:        0
HugePages_Surp:        0
Hugepagesize:       2048 kB
DirectMap4k:      292004 kB
DirectMap2M:     7974912 kB
DirectMap1G:           0 kB


CPU:total 4 (4 cores per cpu, 1 threads per core) family 6 model 94 stepping 3, cmov, cx8, fxsr, mmx, sse, sse2, sse3, ssse3, sse4.1, sse4.2, popcnt, avx, avx2, aes, clmul, erms, rtm, 3dnowpref, lzcnt, tsc, tscinvbit, bmi1, bmi2, adx

/proc/cpuinfo:
processor	: 0
vendor_id	: GenuineIntel
cpu family	: 6
model		: 94
model name	: Intel(R) Core(TM) i5-6500 CPU @ 3.20GHz
stepping	: 3
microcode	: 0x84
cpu MHz		: 3300.000
cache size	: 6144 KB
physical id	: 0
siblings	: 4
core id		: 0
cpu cores	: 4
apicid		: 0
initial apicid	: 0
fpu		: yes
fpu_exception	: yes
cpuid level	: 22
wp		: yes
flags		: fpu vme de pse tsc msr pae mce cx8 apic sep mtrr pge mca cmov pat pse36 clflush dts acpi mmx fxsr sse sse2 ss ht tm pbe syscall nx pdpe1gb rdtscp lm constant_tsc arch_perfmon pebs bts rep_good nopl xtopology nonstop_tsc aperfmperf eagerfpu pni pclmulqdq dtes64 monitor ds_cpl vmx smx est tm2 ssse3 sdbg fma cx16 xtpr pdcm pcid sse4_1 sse4_2 x2apic movbe popcnt tsc_deadline_timer aes xsave avx f16c rdrand lahf_lm abm 3dnowprefetch intel_pt tpr_shadow vnmi flexpriority ept vpid fsgsbase tsc_adjust bmi1 hle avx2 smep bmi2 erms invpcid rtm mpx rdseed adx smap clflushopt xsaveopt xsavec xgetbv1 dtherm ida arat pln pts hwp hwp_notify hwp_act_window hwp_epp
bugs		:
bogomips	: 6383.90
clflush size	: 64
cache_alignment	: 64
address sizes	: 39 bits physical, 48 bits virtual
power management:

processor	: 1
vendor_id	: GenuineIntel
cpu family	: 6
model		: 94
model name	: Intel(R) Core(TM) i5-6500 CPU @ 3.20GHz
stepping	: 3
microcode	: 0x84
cpu MHz		: 3300.000
cache size	: 6144 KB
physical id	: 0
siblings	: 4
core id		: 1
cpu cores	: 4
apicid		: 2
initial apicid	: 2
fpu		: yes
fpu_exception	: yes
cpuid level	: 22
wp		: yes
flags		: fpu vme de pse tsc msr pae mce cx8 apic sep mtrr pge mca cmov pat pse36 clflush dts acpi mmx fxsr sse sse2 ss ht tm pbe syscall nx pdpe1gb rdtscp lm constant_tsc arch_perfmon pebs bts rep_good nopl xtopology nonstop_tsc aperfmperf eagerfpu pni pclmulqdq dtes64 monitor ds_cpl vmx smx est tm2 ssse3 sdbg fma cx16 xtpr pdcm pcid sse4_1 sse4_2 x2apic movbe popcnt tsc_deadline_timer aes xsave avx f16c rdrand lahf_lm abm 3dnowprefetch intel_pt tpr_shadow vnmi flexpriority ept vpid fsgsbase tsc_adjust bmi1 hle avx2 smep bmi2 erms invpcid rtm mpx rdseed adx smap clflushopt xsaveopt xsavec xgetbv1 dtherm ida arat pln pts hwp hwp_notify hwp_act_window hwp_epp
bugs		:
bogomips	: 6383.90
clflush size	: 64
cache_alignment	: 64
address sizes	: 39 bits physical, 48 bits virtual
power management:

processor	: 2
vendor_id	: GenuineIntel
cpu family	: 6
model		: 94
model name	: Intel(R) Core(TM) i5-6500 CPU @ 3.20GHz
stepping	: 3
microcode	: 0x84
cpu MHz		: 3300.000
cache size	: 6144 KB
physical id	: 0
siblings	: 4
core id		: 2
cpu cores	: 4
apicid		: 4
initial apicid	: 4
fpu		: yes
fpu_exception	: yes
cpuid level	: 22
wp		: yes
flags		: fpu vme de pse tsc msr pae mce cx8 apic sep mtrr pge mca cmov pat pse36 clflush dts acpi mmx fxsr sse sse2 ss ht tm pbe syscall nx pdpe1gb rdtscp lm constant_tsc arch_perfmon pebs bts rep_good nopl xtopology nonstop_tsc aperfmperf eagerfpu pni pclmulqdq dtes64 monitor ds_cpl vmx smx est tm2 ssse3 sdbg fma cx16 xtpr pdcm pcid sse4_1 sse4_2 x2apic movbe popcnt tsc_deadline_timer aes xsave avx f16c rdrand lahf_lm abm 3dnowprefetch intel_pt tpr_shadow vnmi flexpriority ept vpid fsgsbase tsc_adjust bmi1 hle avx2 smep bmi2 erms invpcid rtm mpx rdseed adx smap clflushopt xsaveopt xsavec xgetbv1 dtherm ida arat pln pts hwp hwp_notify hwp_act_window hwp_epp
bugs		:
bogomips	: 6383.90
clflush size	: 64
cache_alignment	: 64
address sizes	: 39 bits physical, 48 bits virtual
power management:

processor	: 3
vendor_id	: GenuineIntel
cpu family	: 6
model		: 94
model name	: Intel(R) Core(TM) i5-6500 CPU @ 3.20GHz
stepping	: 3
microcode	: 0x84
cpu MHz		: 3296.250
cache size	: 6144 KB
physical id	: 0
siblings	: 4
core id		: 3
cpu cores	: 4
apicid		: 6
initial apicid	: 6
fpu		: yes
fpu_exception	: yes
cpuid level	: 22
wp		: yes
flags		: fpu vme de pse tsc msr pae mce cx8 apic sep mtrr pge mca cmov pat pse36 clflush dts acpi mmx fxsr sse sse2 ss ht tm pbe syscall nx pdpe1gb rdtscp lm constant_tsc arch_perfmon pebs bts rep_good nopl xtopology nonstop_tsc aperfmperf eagerfpu pni pclmulqdq dtes64 monitor ds_cpl vmx smx est tm2 ssse3 sdbg fma cx16 xtpr pdcm pcid sse4_1 sse4_2 x2apic movbe popcnt tsc_deadline_timer aes xsave avx f16c rdrand lahf_lm abm 3dnowprefetch intel_pt tpr_shadow vnmi flexpriority ept vpid fsgsbase tsc_adjust bmi1 hle avx2 smep bmi2 erms invpcid rtm mpx rdseed adx smap clflushopt xsaveopt xsavec xgetbv1 dtherm ida arat pln pts hwp hwp_notify hwp_act_window hwp_epp
bugs		:
bogomips	: 6383.90
clflush size	: 64
cache_alignment	: 64
address sizes	: 39 bits physical, 48 bits virtual
power management:



Memory: 4k page, physical 8053808k(122496k free), swap 8126460k(0k free)

vm_info: Java HotSpot(TM) 64-Bit Server VM (25.101-b13) for linux-amd64 JRE (1.8.0_101-b13), built on Jun 22 2016 02:59:44 by "java_re" with gcc 4.3.0 20080428 (Red Hat 4.3.0-8)

time: Sat Oct 14 09:48:11 2017
elapsed time: 67 seconds (0d 0h 1m 7s)

