#
# There is insufficient memory for the Java Runtime Environment to continue.
# Native memory allocation (mmap) failed to map 94371840 bytes for committing reserved memory.
# Possible reasons:
#   The system is out of physical RAM or swap space
#   In 32 bit mode, the process size limit was hit
# Possible solutions:
#   Reduce memory load on the system
#   Increase physical memory or swap space
#   Check if swap backing store is full
#   Use 64 bit Java on a 64 bit OS
#   Decrease Java heap size (-Xmx/-Xms)
#   Decrease number of Java threads
#   Decrease Java thread stack sizes (-Xss)
#   Set larger code cache with -XX:ReservedCodeCacheSize=
# This output file may be truncated or incomplete.
#
#  Out of Memory Error (os_linux.cpp:2627), pid=28134, tid=0x00007f3815180700
#
# JRE version: Java(TM) SE Runtime Environment (8.0_101-b13) (build 1.8.0_101-b13)
# Java VM: Java HotSpot(TM) 64-Bit Server VM (25.101-b13 mixed mode linux-amd64 compressed oops)
# Core dump written. Default location: /home/ike/github/goddess-java/core or core.28134
#

---------------  T H R E A D  ---------------

Current thread (0x00007f382c148000):  VMThread [stack: 0x00007f3815080000,0x00007f3815181000] [id=28165]

Stack: [0x00007f3815080000,0x00007f3815181000],  sp=0x00007f381517f220,  free space=1020k
Native frames: (J=compiled Java code, j=interpreted, Vv=VM code, C=native code)
V  [libjvm.so+0xac3f0a]  VMError::report_and_die()+0x2ba
V  [libjvm.so+0x4fbf9b]  report_vm_out_of_memory(char const*, int, unsigned long, VMErrorType, char const*)+0x8b
V  [libjvm.so+0x9222d3]  os::Linux::commit_memory_impl(char*, unsigned long, bool)+0x103
V  [libjvm.so+0x922829]  os::pd_commit_memory(char*, unsigned long, unsigned long, bool)+0x29
V  [libjvm.so+0x91cb2a]  os::commit_memory(char*, unsigned long, unsigned long, bool)+0x2a
V  [libjvm.so+0x991053]  PSVirtualSpace::expand_by(unsigned long)+0x53
V  [libjvm.so+0x992458]  PSYoungGen::resize_generation(unsigned long, unsigned long)+0xf8
V  [libjvm.so+0x9915b2]  PSYoungGen::resize(unsigned long, unsigned long)+0x22
V  [libjvm.so+0x98e88b]  PSScavenge::invoke_no_policy()+0xf3b
V  [libjvm.so+0x98f011]  PSScavenge::invoke()+0x41
V  [libjvm.so+0x945fc0]  ParallelScavengeHeap::failed_mem_allocate(unsigned long)+0x70
V  [libjvm.so+0xac5927]  VM_ParallelGCFailedAllocation::doit()+0x97
V  [libjvm.so+0xacd405]  VM_Operation::evaluate()+0x55
V  [libjvm.so+0xacb7da]  VMThread::evaluate_operation(VM_Operation*)+0xba
V  [libjvm.so+0xacbb5e]  VMThread::loop()+0x1ce
V  [libjvm.so+0xacbfd0]  VMThread::run()+0x70
V  [libjvm.so+0x924698]  java_start(Thread*)+0x108

VM_Operation (0x00007f383463bcb0): ParallelGCFailedAllocation, mode: safepoint, requested by thread 0x00007f382c012800


---------------  P R O C E S S  ---------------

Java Threads: ( => current thread )
  0x00007f382c697800 JavaThread "Service Thread" daemon [_thread_blocked, id=28177, stack(0x00007f380417f000,0x00007f3804280000)]
  0x00007f382c68c000 JavaThread "C1 CompilerThread2" daemon [_thread_blocked, id=28176, stack(0x00007f38140d5000,0x00007f38141d6000)]
  0x00007f382c689000 JavaThread "C2 CompilerThread1" daemon [_thread_blocked, id=28175, stack(0x00007f38141d6000,0x00007f38142d7000)]
  0x00007f382c687800 JavaThread "C2 CompilerThread0" daemon [_thread_blocked, id=28174, stack(0x00007f38142d7000,0x00007f38143d8000)]
  0x00007f37f0001000 JavaThread "JDWP Command Reader" daemon [_thread_in_native, id=28172, stack(0x00007f3814876000,0x00007f3814977000)]
  0x00007f382c199800 JavaThread "JDWP Event Helper Thread" daemon [_thread_blocked, id=28171, stack(0x00007f3814977000,0x00007f3814a78000)]
  0x00007f382c196000 JavaThread "JDWP Transport Listener: dt_socket" daemon [_thread_blocked, id=28169, stack(0x00007f3814a78000,0x00007f3814b79000)]
  0x00007f382c186800 JavaThread "Signal Dispatcher" daemon [_thread_blocked, id=28168, stack(0x00007f3814d7d000,0x00007f3814e7e000)]
  0x00007f382c154800 JavaThread "Finalizer" daemon [_thread_blocked, id=28167, stack(0x00007f3814e7e000,0x00007f3814f7f000)]
  0x00007f382c150000 JavaThread "Reference Handler" daemon [_thread_blocked, id=28166, stack(0x00007f3814f7f000,0x00007f3815080000)]
  0x00007f382c012800 JavaThread "main" [_thread_blocked, id=28135, stack(0x00007f383453e000,0x00007f383463f000)]

Other Threads:
=>0x00007f382c148000 VMThread [stack: 0x00007f3815080000,0x00007f3815181000] [id=28165]
  0x00007f382c69d000 WatcherThread [stack: 0x00007f380407e000,0x00007f380417f000] [id=28178]

VM state:at safepoint (normal execution)

VM Mutex/Monitor currently owned by a thread:  ([mutex/lock_event])
[0x00007f382c009980] Threads_lock - owner thread: 0x00007f382c148000
[0x00007f382c009e80] Heap_lock - owner thread: 0x00007f382c012800

Heap:
 PSYoungGen      total 138240K, used 4254K [0x00000000d7000000, 0x00000000e0200000, 0x0000000100000000)
  eden space 126976K, 0% used [0x00000000d7000000,0x00000000d7000000,0x00000000dec00000)
  from space 11264K, 37% used [0x00000000dec00000,0x00000000df0279f0,0x00000000df700000)
  to   space 10752K, 0% used [0x00000000df780000,0x00000000df780000,0x00000000e0200000)
 ParOldGen       total 55808K, used 10044K [0x0000000085000000, 0x0000000088680000, 0x00000000d7000000)
  object space 55808K, 17% used [0x0000000085000000,0x00000000859cf020,0x0000000088680000)
 Metaspace       used 22700K, capacity 23038K, committed 23088K, reserved 1069056K
  class space    used 2802K, capacity 2902K, committed 2944K, reserved 1048576K

Card table byte_map: [0x00007f3830efa000,0x00007f38312d3000] byte_map_base: 0x00007f3830ad2000

Marking Bits: (ParMarkBitMap*) 0x00007f3833a14120
 Begin Bits: [0x00007f3804280000, 0x00007f3806140000)
 End Bits:   [0x00007f3806140000, 0x00007f3808000000)

Polling page: 0x00007f383465a000

CodeCache: size=245760Kb used=8695Kb max_used=8714Kb free=237064Kb
 bounds [0x00007f381668e000, 0x00007f3816f1e000, 0x00007f382568e000]
 total_blobs=2707 nmethods=2342 adapters=286
 compilation: enabled

Compilation events (10 events):
Event: 2.869 Thread 0x00007f382c68c000 nmethod 2348 0x00007f3816f07a90 code [0x00007f3816f07c00, 0x00007f3816f07db0]
Event: 2.871 Thread 0x00007f382c68c000 2350       3       org.springframework.asm.ClassVisitor::<init> (35 bytes)
Event: 2.871 Thread 0x00007f382c68c000 nmethod 2350 0x00007f3816f07490 code [0x00007f3816f07620, 0x00007f3816f07948]
Event: 2.871 Thread 0x00007f382c68c000 2351   !   3       org.springframework.core.type.filter.AssignableTypeFilter::matchTargetType (72 bytes)
Event: 2.874 Thread 0x00007f382c68c000 nmethod 2351 0x00007f3816f0e710 code [0x00007f3816f0e9c0, 0x00007f3816f0ff08]
Event: 2.874 Thread 0x00007f382c687800 nmethod 2303 0x00007f3816f10950 code [0x00007f3816f10e00, 0x00007f3816f139f0]
Event: 2.874 Thread 0x00007f382c687800 2349       4       java.util.LinkedList::linkBefore (63 bytes)
Event: 2.876 Thread 0x00007f382c687800 nmethod 2349 0x00007f3816f07090 code [0x00007f3816f071e0, 0x00007f3816f07378]
Event: 2.879 Thread 0x00007f382c687800 2352       4       java.util.Arrays::copyOf (46 bytes)
Event: 2.883 Thread 0x00007f382c687800 nmethod 2352 0x00007f3816f0ad50 code [0x00007f3816f0aec0, 0x00007f3816f0b358]

GC Heap History (10 events):
Event: 1.601 GC heap after
Heap after GC invocations=3 (full 0):
 PSYoungGen      total 36864K, used 5100K [0x00000000d7000000, 0x00000000db800000, 0x0000000100000000)
  eden space 31744K, 0% used [0x00000000d7000000,0x00000000d7000000,0x00000000d8f00000)
  from space 5120K, 99% used [0x00000000d8f00000,0x00000000d93fb228,0x00000000d9400000)
  to   space 5120K, 0% used [0x00000000db300000,0x00000000db300000,0x00000000db800000)
 ParOldGen       total 84992K, used 1662K [0x0000000085000000, 0x000000008a300000, 0x00000000d7000000)
  object space 84992K, 1% used [0x0000000085000000,0x000000008519f838,0x000000008a300000)
 Metaspace       used 10462K, capacity 10640K, committed 10880K, reserved 1058816K
  class space    used 1317K, capacity 1368K, committed 1408K, reserved 1048576K
}
Event: 1.739 GC heap before
{Heap before GC invocations=4 (full 0):
 PSYoungGen      total 36864K, used 36844K [0x00000000d7000000, 0x00000000db800000, 0x0000000100000000)
  eden space 31744K, 100% used [0x00000000d7000000,0x00000000d8f00000,0x00000000d8f00000)
  from space 5120K, 99% used [0x00000000d8f00000,0x00000000d93fb228,0x00000000d9400000)
  to   space 5120K, 0% used [0x00000000db300000,0x00000000db300000,0x00000000db800000)
 ParOldGen       total 84992K, used 1662K [0x0000000085000000, 0x000000008a300000, 0x00000000d7000000)
  object space 84992K, 1% used [0x0000000085000000,0x000000008519f838,0x000000008a300000)
 Metaspace       used 13196K, capacity 13360K, committed 13440K, reserved 1060864K
  class space    used 1617K, capacity 1656K, committed 1664K, reserved 1048576K
Event: 1.744 GC heap after
Heap after GC invocations=4 (full 0):
 PSYoungGen      total 68608K, used 5119K [0x00000000d7000000, 0x00000000db800000, 0x0000000100000000)
  eden space 63488K, 0% used [0x00000000d7000000,0x00000000d7000000,0x00000000dae00000)
  from space 5120K, 99% used [0x00000000db300000,0x00000000db7fff48,0x00000000db800000)
  to   space 5120K, 0% used [0x00000000dae00000,0x00000000dae00000,0x00000000db300000)
 ParOldGen       total 84992K, used 4801K [0x0000000085000000, 0x000000008a300000, 0x00000000d7000000)
  object space 84992K, 5% used [0x0000000085000000,0x00000000854b0798,0x000000008a300000)
 Metaspace       used 13196K, capacity 13360K, committed 13440K, reserved 1060864K
  class space    used 1617K, capacity 1656K, committed 1664K, reserved 1048576K
}
Event: 2.091 GC heap before
{Heap before GC invocations=5 (full 0):
 PSYoungGen      total 68608K, used 68607K [0x00000000d7000000, 0x00000000db800000, 0x0000000100000000)
  eden space 63488K, 100% used [0x00000000d7000000,0x00000000dae00000,0x00000000dae00000)
  from space 5120K, 99% used [0x00000000db300000,0x00000000db7fff48,0x00000000db800000)
  to   space 5120K, 0% used [0x00000000dae00000,0x00000000dae00000,0x00000000db300000)
 ParOldGen       total 84992K, used 4801K [0x0000000085000000, 0x000000008a300000, 0x00000000d7000000)
  object space 84992K, 5% used [0x0000000085000000,0x00000000854b0798,0x000000008a300000)
 Metaspace       used 18242K, capacity 18426K, committed 18688K, reserved 1064960K
  class space    used 2230K, capacity 2255K, committed 2304K, reserved 1048576K
Event: 2.100 GC heap after
Heap after GC invocations=5 (full 0):
 PSYoungGen      total 68608K, used 5088K [0x00000000d7000000, 0x00000000e0300000, 0x0000000100000000)
  eden space 63488K, 0% used [0x00000000d7000000,0x00000000d7000000,0x00000000dae00000)
  from space 5120K, 99% used [0x00000000dae00000,0x00000000db2f8020,0x00000000db300000)
  to   space 11776K, 0% used [0x00000000df780000,0x00000000df780000,0x00000000e0300000)
 ParOldGen       total 84992K, used 9403K [0x0000000085000000, 0x000000008a300000, 0x00000000d7000000)
  object space 84992K, 11% used [0x0000000085000000,0x000000008592ecd0,0x000000008a300000)
 Metaspace       used 18242K, capacity 18426K, committed 18688K, reserved 1064960K
  class space    used 2230K, capacity 2255K, committed 2304K, reserved 1048576K
}
Event: 2.269 GC heap before
{Heap before GC invocations=6 (full 0):
 PSYoungGen      total 68608K, used 36207K [0x00000000d7000000, 0x00000000e0300000, 0x0000000100000000)
  eden space 63488K, 49% used [0x00000000d7000000,0x00000000d8e63dd0,0x00000000dae00000)
  from space 5120K, 99% used [0x00000000dae00000,0x00000000db2f8020,0x00000000db300000)
  to   space 11776K, 0% used [0x00000000df780000,0x00000000df780000,0x00000000e0300000)
 ParOldGen       total 84992K, used 9403K [0x0000000085000000, 0x000000008a300000, 0x00000000d7000000)
  object space 84992K, 11% used [0x0000000085000000,0x000000008592ecd0,0x000000008a300000)
 Metaspace       used 20952K, capacity 21172K, committed 21296K, reserved 1069056K
  class space    used 2595K, capacity 2659K, committed 2688K, reserved 1048576K
Event: 2.277 GC heap after
Heap after GC invocations=6 (full 0):
 PSYoungGen      total 137728K, used 6985K [0x00000000d7000000, 0x00000000e0200000, 0x0000000100000000)
  eden space 126976K, 0% used [0x00000000d7000000,0x00000000d7000000,0x00000000dec00000)
  from space 10752K, 64% used [0x00000000df780000,0x00000000dfe52668,0x00000000e0200000)
  to   space 11264K, 0% used [0x00000000dec00000,0x00000000dec00000,0x00000000df700000)
 ParOldGen       total 84992K, used 9411K [0x0000000085000000, 0x000000008a300000, 0x00000000d7000000)
  object space 84992K, 11% used [0x0000000085000000,0x0000000085930cd0,0x000000008a300000)
 Metaspace       used 20952K, capacity 21172K, committed 21296K, reserved 1069056K
  class space    used 2595K, capacity 2659K, committed 2688K, reserved 1048576K
}
Event: 2.278 GC heap before
{Heap before GC invocations=7 (full 1):
 PSYoungGen      total 137728K, used 6985K [0x00000000d7000000, 0x00000000e0200000, 0x0000000100000000)
  eden space 126976K, 0% used [0x00000000d7000000,0x00000000d7000000,0x00000000dec00000)
  from space 10752K, 64% used [0x00000000df780000,0x00000000dfe52668,0x00000000e0200000)
  to   space 11264K, 0% used [0x00000000dec00000,0x00000000dec00000,0x00000000df700000)
 ParOldGen       total 84992K, used 9411K [0x0000000085000000, 0x000000008a300000, 0x00000000d7000000)
  object space 84992K, 11% used [0x0000000085000000,0x0000000085930cd0,0x000000008a300000)
 Metaspace       used 20952K, capacity 21172K, committed 21296K, reserved 1069056K
  class space    used 2595K, capacity 2659K, committed 2688K, reserved 1048576K
Event: 2.306 GC heap after
Heap after GC invocations=7 (full 1):
 PSYoungGen      total 137728K, used 0K [0x00000000d7000000, 0x00000000e0200000, 0x0000000100000000)
  eden space 126976K, 0% used [0x00000000d7000000,0x00000000d7000000,0x00000000dec00000)
  from space 10752K, 0% used [0x00000000df780000,0x00000000df780000,0x00000000e0200000)
  to   space 11264K, 0% used [0x00000000dec00000,0x00000000dec00000,0x00000000df700000)
 ParOldGen       total 55808K, used 10036K [0x0000000085000000, 0x0000000088680000, 0x00000000d7000000)
  object space 55808K, 17% used [0x0000000085000000,0x00000000859cd020,0x0000000088680000)
 Metaspace       used 20952K, capacity 21172K, committed 21296K, reserved 1069056K
  class space    used 2595K, capacity 2659K, committed 2688K, reserved 1048576K
}
Event: 3.042 GC heap before
{Heap before GC invocations=8 (full 1):
 PSYoungGen      total 137728K, used 126976K [0x00000000d7000000, 0x00000000e0200000, 0x0000000100000000)
  eden space 126976K, 100% used [0x00000000d7000000,0x00000000dec00000,0x00000000dec00000)
  from space 10752K, 0% used [0x00000000df780000,0x00000000df780000,0x00000000e0200000)
  to   space 11264K, 0% used [0x00000000dec00000,0x00000000dec00000,0x00000000df700000)
 ParOldGen       total 55808K, used 10036K [0x0000000085000000, 0x0000000088680000, 0x00000000d7000000)
  object space 55808K, 17% used [0x0000000085000000,0x00000000859cd020,0x0000000088680000)
 Metaspace       used 22700K, capacity 23038K, committed 23088K, reserved 1069056K
  class space    used 2802K, capacity 2902K, committed 2944K, reserved 1048576K

Deoptimization events (10 events):
Event: 2.454 Thread 0x00007f382c012800 Uncommon trap: reason=class_check action=maybe_recompile pc=0x00007f3816a1e54c method=java.util.regex.Pattern$CharProperty.match(Ljava/util/regex/Matcher;ILjava/lang/CharSequence;)Z @ 37
Event: 2.454 Thread 0x00007f382c012800 Uncommon trap: reason=class_check action=maybe_recompile pc=0x00007f38169eb1c4 method=java.util.regex.Pattern$CharProperty$1.isSatisfiedBy(I)Z @ 5
Event: 2.454 Thread 0x00007f382c012800 Uncommon trap: reason=class_check action=maybe_recompile pc=0x00007f3816a1e54c method=java.util.regex.Pattern$CharProperty.match(Ljava/util/regex/Matcher;ILjava/lang/CharSequence;)Z @ 37
Event: 2.593 Thread 0x00007f382c012800 Uncommon trap: reason=predicate action=maybe_recompile pc=0x00007f3816df30ec method=java.util.AbstractCollection.toArray([Ljava/lang/Object;)[Ljava/lang/Object; @ 49
Event: 2.603 Thread 0x00007f382c012800 Uncommon trap: reason=array_check action=maybe_recompile pc=0x00007f3816df28b0 method=java.util.AbstractCollection.toArray([Ljava/lang/Object;)[Ljava/lang/Object; @ 119
Event: 2.609 Thread 0x00007f382c012800 Uncommon trap: reason=array_check action=maybe_recompile pc=0x00007f3816df28b0 method=java.util.AbstractCollection.toArray([Ljava/lang/Object;)[Ljava/lang/Object; @ 119
Event: 2.609 Thread 0x00007f382c012800 Uncommon trap: reason=array_check action=maybe_recompile pc=0x00007f3816df28b0 method=java.util.AbstractCollection.toArray([Ljava/lang/Object;)[Ljava/lang/Object; @ 119
Event: 2.609 Thread 0x00007f382c012800 Uncommon trap: reason=array_check action=maybe_recompile pc=0x00007f3816df28b0 method=java.util.AbstractCollection.toArray([Ljava/lang/Object;)[Ljava/lang/Object; @ 119
Event: 2.740 Thread 0x00007f382c012800 Uncommon trap: reason=unstable_if action=reinterpret pc=0x00007f3816a0cf9c method=sun.misc.URLClassPath$FileLoader.getResource(Ljava/lang/String;Z)Lsun/misc/Resource; @ 139
Event: 2.790 Thread 0x00007f382c012800 Uncommon trap: reason=null_check action=make_not_entrant pc=0x00007f3816ddeaa8 method=sun.misc.URLClassPath$JarLoader.getResource(Ljava/lang/String;ZLjava/util/Set;)Lsun/misc/Resource; @ 92

Internal exceptions (10 events):
Event: 2.479 Thread 0x00007f382c012800 Exception <a 'java/lang/ClassNotFoundException': java/lang/ObjectCustomizer> (0x00000000d90688b0) thrown at [/HUDSON3/workspace/8-2-build-linux-amd64/jdk8u101/7261/hotspot/src/share/vm/classfile/systemDictionary.cpp, line 210]
Event: 2.479 Thread 0x00007f382c012800 Exception <a 'java/lang/ClassNotFoundException': org/springframework/context/annotation/ConfigurationClassPostProcessorCustomizer> (0x00000000d909d9d0) thrown at [/HUDSON3/workspace/8-2-build-linux-amd64/jdk8u101/7261/hotspot/src/share/vm/classfile/system
Event: 2.480 Thread 0x00007f382c012800 Exception <a 'java/lang/ClassNotFoundException': org/springframework/beans/factory/support/BeanDefinitionRegistryPostProcessorCustomizer> (0x00000000d90e3cf8) thrown at [/HUDSON3/workspace/8-2-build-linux-amd64/jdk8u101/7261/hotspot/src/share/vm/classfile
Event: 2.480 Thread 0x00007f382c012800 Exception <a 'java/lang/ClassNotFoundException': org/springframework/core/PriorityOrderedCustomizer> (0x00000000d91099e8) thrown at [/HUDSON3/workspace/8-2-build-linux-amd64/jdk8u101/7261/hotspot/src/share/vm/classfile/systemDictionary.cpp, line 210]
Event: 2.481 Thread 0x00007f382c012800 Exception <a 'java/lang/ClassNotFoundException': org/springframework/context/ResourceLoaderAwareCustomizer> (0x00000000d91318f8) thrown at [/HUDSON3/workspace/8-2-build-linux-amd64/jdk8u101/7261/hotspot/src/share/vm/classfile/systemDictionary.cpp, line 21
Event: 2.481 Thread 0x00007f382c012800 Exception <a 'java/lang/ClassNotFoundException': org/springframework/beans/factory/BeanClassLoaderAwareCustomizer> (0x00000000d915dac8) thrown at [/HUDSON3/workspace/8-2-build-linux-amd64/jdk8u101/7261/hotspot/src/share/vm/classfile/systemDictionary.cpp, 
Event: 2.481 Thread 0x00007f382c012800 Exception <a 'java/lang/ClassNotFoundException': org/springframework/context/EnvironmentAwareCustomizer> (0x00000000d91859f0) thrown at [/HUDSON3/workspace/8-2-build-linux-amd64/jdk8u101/7261/hotspot/src/share/vm/classfile/systemDictionary.cpp, line 210]
Event: 2.789 Thread 0x00007f382c012800 Implicit null exception at 0x00007f3816ddd778 to 0x00007f3816ddea71
Event: 2.791 Thread 0x00007f382c012800 Exception <a 'java/security/PrivilegedActionException'> (0x00000000dcaf4968) thrown at [/HUDSON3/workspace/8-2-build-linux-amd64/jdk8u101/7261/hotspot/src/share/vm/prims/jvm.cpp, line 1386]
Event: 2.792 Thread 0x00007f382c012800 Exception <a 'java/security/PrivilegedActionException'> (0x00000000dcaf4d60) thrown at [/HUDSON3/workspace/8-2-build-linux-amd64/jdk8u101/7261/hotspot/src/share/vm/prims/jvm.cpp, line 1386]

Events (10 events):
Event: 2.880 Thread 0x00007f382c012800 DEOPT UNPACKING pc=0x00007f38166d5633 sp=0x00007f383463ca28 mode 1
Event: 2.880 Thread 0x00007f382c012800 DEOPT PACKING pc=0x00007f3816efcb8c sp=0x00007f383463cda0
Event: 2.880 Thread 0x00007f382c012800 DEOPT UNPACKING pc=0x00007f38166d5633 sp=0x00007f383463cab8 mode 1
Event: 2.880 loading class org/springframework/cloud/context/scope/refresh/RefreshScope
Event: 2.881 loading class org/springframework/cloud/context/scope/refresh/RefreshScope done
Event: 2.881 loading class org/springframework/cloud/context/scope/GenericScope
Event: 2.881 loading class org/springframework/cloud/context/scope/GenericScope done
Event: 2.887 loading class org/springframework/cloud/client/discovery/simple/SimpleDiscoveryProperties
Event: 2.887 loading class org/springframework/cloud/client/discovery/simple/SimpleDiscoveryProperties done
Event: 3.037 Executing VM operation: ParallelGCFailedAllocation


Dynamic libraries:
00400000-00401000 r-xp 00000000 fd:02 1842668                            /home/ike/soft/jdk1.8.0_101/bin/java
00600000-00601000 rw-p 00000000 fd:02 1842668                            /home/ike/soft/jdk1.8.0_101/bin/java
00778000-00799000 rw-p 00000000 00:00 0                                  [heap]
85000000-88680000 rw-p 00000000 00:00 0 
88680000-d7000000 ---p 00000000 00:00 0 
d7000000-e0200000 rw-p 00000000 00:00 0 
e5c00000-100000000 ---p 00000000 00:00 0 
100000000-1002e0000 rw-p 00000000 00:00 0 
1002e0000-140000000 ---p 00000000 00:00 0 
7f37c8000000-7f37c8237000 rw-p 00000000 00:00 0 
7f37c8237000-7f37cc000000 ---p 00000000 00:00 0 
7f37cc000000-7f37cc021000 rw-p 00000000 00:00 0 
7f37cc021000-7f37d0000000 ---p 00000000 00:00 0 
7f37d1b5c000-7f37d1d08000 rw-p 00000000 00:00 0 
7f37d1d08000-7f37d1d5c000 ---p 00000000 00:00 0 
7f37d1d5c000-7f37d1df2000 r--s 01102000 fd:02 1842825                    /home/ike/soft/jdk1.8.0_101/jre/lib/ext/jfxrt.jar
7f37d1df2000-7f37d1e03000 r-xp 00000000 fd:02 1842775                    /home/ike/soft/jdk1.8.0_101/jre/lib/amd64/libnio.so
7f37d1e03000-7f37d2002000 ---p 00011000 fd:02 1842775                    /home/ike/soft/jdk1.8.0_101/jre/lib/amd64/libnio.so
7f37d2002000-7f37d2003000 rw-p 00010000 fd:02 1842775                    /home/ike/soft/jdk1.8.0_101/jre/lib/amd64/libnio.so
7f37d2003000-7f37d2203000 rw-p 00000000 00:00 0 
7f37d2203000-7f37d2403000 rw-p 00000000 00:00 0 
7f37d2403000-7f37d2603000 rw-p 00000000 00:00 0 
7f37d2603000-7f37d2803000 rw-p 00000000 00:00 0 
7f37d2803000-7f37d2a03000 rw-p 00000000 00:00 0 
7f37d2a03000-7f37d2a0c000 r-xp 00000000 fd:02 1842786                    /home/ike/soft/jdk1.8.0_101/jre/lib/amd64/libmanagement.so
7f37d2a0c000-7f37d2c0b000 ---p 00009000 fd:02 1842786                    /home/ike/soft/jdk1.8.0_101/jre/lib/amd64/libmanagement.so
7f37d2c0b000-7f37d2c0c000 rw-p 00008000 fd:02 1842786                    /home/ike/soft/jdk1.8.0_101/jre/lib/amd64/libmanagement.so
7f37d2c0c000-7f37d2c10000 r-xp 00000000 fd:00 664365                     /usr/lib64/libattr.so.1.1.0
7f37d2c10000-7f37d2e0f000 ---p 00004000 fd:00 664365                     /usr/lib64/libattr.so.1.1.0
7f37d2e0f000-7f37d2e10000 r--p 00003000 fd:00 664365                     /usr/lib64/libattr.so.1.1.0
7f37d2e10000-7f37d2e11000 rw-p 00000000 00:00 0 
7f37d2e11000-7f37d2e80000 r-xp 00000000 fd:00 664979                     /usr/lib64/libpcre.so.1.2.6
7f37d2e80000-7f37d3080000 ---p 0006f000 fd:00 664979                     /usr/lib64/libpcre.so.1.2.6
7f37d3080000-7f37d3081000 r--p 0006f000 fd:00 664979                     /usr/lib64/libpcre.so.1.2.6
7f37d3081000-7f37d3082000 rw-p 00070000 fd:00 664979                     /usr/lib64/libpcre.so.1.2.6
7f37d3082000-7f37d3098000 r-xp 00000000 fd:00 664597                     /usr/lib64/libgcc_s-6.1.1-20160510.so.1
7f37d3098000-7f37d3297000 ---p 00016000 fd:00 664597                     /usr/lib64/libgcc_s-6.1.1-20160510.so.1
7f37d3297000-7f37d3298000 r--p 00015000 fd:00 664597                     /usr/lib64/libgcc_s-6.1.1-20160510.so.1
7f37d3298000-7f37d3299000 rw-p 00016000 fd:00 664597                     /usr/lib64/libgcc_s-6.1.1-20160510.so.1
7f37d3299000-7f37d329d000 r-xp 00000000 fd:00 664426                     /usr/lib64/libcap.so.2.24
7f37d329d000-7f37d349c000 ---p 00004000 fd:00 664426                     /usr/lib64/libcap.so.2.24
7f37d349c000-7f37d349d000 r--p 00003000 fd:00 664426                     /usr/lib64/libcap.so.2.24
7f37d349d000-7f37d349e000 rw-p 00004000 fd:00 664426                     /usr/lib64/libcap.so.2.24
7f37d349e000-7f37d34c1000 r-xp 00000000 fd:00 665086                     /usr/lib64/libselinux.so.1
7f37d34c1000-7f37d36c1000 ---p 00023000 fd:00 665086                     /usr/lib64/libselinux.so.1
7f37d36c1000-7f37d36c2000 r--p 00023000 fd:00 665086                     /usr/lib64/libselinux.so.1
7f37d36c2000-7f37d36c3000 rw-p 00024000 fd:00 665086                     /usr/lib64/libselinux.so.1
7f37d36c3000-7f37d36c5000 rw-p 00000000 00:00 0 
7f37d36c5000-7f37d36dc000 r-xp 00000000 fd:00 663745                     /usr/lib64/libresolv-2.23.so
7f37d36dc000-7f37d38db000 ---p 00017000 fd:00 663745                     /usr/lib64/libresolv-2.23.so
7f37d38db000-7f37d38dc000 r--p 00016000 fd:00 663745                     /usr/lib64/libresolv-2.23.so
7f37d38dc000-7f37d38dd000 rw-p 00017000 fd:00 663745                     /usr/lib64/libresolv-2.23.so
7f37d38dd000-7f37d38df000 rw-p 00000000 00:00 0 
7f37d38df000-7f37d38e4000 r-xp 00000000 fd:00 663664                     /usr/lib64/libnss_dns-2.23.so
7f37d38e4000-7f37d3ae3000 ---p 00005000 fd:00 663664                     /usr/lib64/libnss_dns-2.23.so
7f37d3ae3000-7f37d3ae4000 r--p 00004000 fd:00 663664                     /usr/lib64/libnss_dns-2.23.so
7f37d3ae4000-7f37d3ae5000 rw-p 00005000 fd:00 663664                     /usr/lib64/libnss_dns-2.23.so
7f37d3ae5000-7f37d3ae7000 r-xp 00000000 fd:00 664924                     /usr/lib64/libnss_mdns4_minimal.so.2
7f37d3ae7000-7f37d3ce6000 ---p 00002000 fd:00 664924                     /usr/lib64/libnss_mdns4_minimal.so.2
7f37d3ce6000-7f37d3ce7000 r--p 00001000 fd:00 664924                     /usr/lib64/libnss_mdns4_minimal.so.2
7f37d3ce7000-7f37d3ce8000 rw-p 00000000 00:00 0 
7f37d3ce8000-7f37d3ceb000 ---p 00000000 00:00 0 
7f37d3ceb000-7f37d3de9000 rw-p 00000000 00:00 0 
7f37d3de9000-7f37d3dff000 r-xp 00000000 fd:02 1842752                    /home/ike/soft/jdk1.8.0_101/jre/lib/amd64/libnet.so
7f37d3dff000-7f37d3fff000 ---p 00016000 fd:02 1842752                    /home/ike/soft/jdk1.8.0_101/jre/lib/amd64/libnet.so
7f37d3fff000-7f37d4000000 rw-p 00016000 fd:02 1842752                    /home/ike/soft/jdk1.8.0_101/jre/lib/amd64/libnet.so
7f37d4000000-7f37d4429000 rw-p 00000000 00:00 0 
7f37d4429000-7f37d8000000 ---p 00000000 00:00 0 
7f37d8000000-7f37d8021000 rw-p 00000000 00:00 0 
7f37d8021000-7f37dc000000 ---p 00000000 00:00 0 
7f37dc000000-7f37dc8e4000 rw-p 00000000 00:00 0 
7f37dc8e4000-7f37e0000000 ---p 00000000 00:00 0 
7f37e0000000-7f37e072d000 rw-p 00000000 00:00 0 
7f37e072d000-7f37e4000000 ---p 00000000 00:00 0 
7f37e4000000-7f37e4050000 rw-p 00000000 00:00 0 
7f37e4050000-7f37e8000000 ---p 00000000 00:00 0 
7f37e8000000-7f37e8021000 rw-p 00000000 00:00 0 
7f37e8021000-7f37ec000000 ---p 00000000 00:00 0 
7f37ec000000-7f37ec021000 rw-p 00000000 00:00 0 
7f37ec021000-7f37f0000000 ---p 00000000 00:00 0 
7f37f0000000-7f37f0021000 rw-p 00000000 00:00 0 
7f37f0021000-7f37f4000000 ---p 00000000 00:00 0 
7f37f4000000-7f37f4021000 rw-p 00000000 00:00 0 
7f37f4021000-7f37f8000000 ---p 00000000 00:00 0 
7f37f8000000-7f37f8021000 rw-p 00000000 00:00 0 
7f37f8021000-7f37fc000000 ---p 00000000 00:00 0 
7f37fc000000-7f37fc28e000 rw-p 00000000 00:00 0 
7f37fc28e000-7f3800000000 ---p 00000000 00:00 0 
7f3800000000-7f3800021000 rw-p 00000000 00:00 0 
7f3800021000-7f3804000000 ---p 00000000 00:00 0 
7f380407e000-7f380407f000 ---p 00000000 00:00 0 
7f380407f000-7f380417f000 rw-p 00000000 00:00 0 
7f380417f000-7f3804182000 ---p 00000000 00:00 0 
7f3804182000-7f3808000000 rw-p 00000000 00:00 0 
7f3808000000-7f3808021000 rw-p 00000000 00:00 0 
7f3808021000-7f380c000000 ---p 00000000 00:00 0 
7f380c000000-7f380c021000 rw-p 00000000 00:00 0 
7f380c021000-7f3810000000 ---p 00000000 00:00 0 
7f3810000000-7f3810021000 rw-p 00000000 00:00 0 
7f3810021000-7f3814000000 ---p 00000000 00:00 0 
7f3814083000-7f3814094000 r-xp 00000000 fd:00 664928                     /usr/lib64/libnss_myhostname.so.2
7f3814094000-7f3814096000 r--p 00010000 fd:00 664928                     /usr/lib64/libnss_myhostname.so.2
7f3814096000-7f3814097000 rw-p 00012000 fd:00 664928                     /usr/lib64/libnss_myhostname.so.2
7f38140aa000-7f38140af000 r--s 002f9000 fd:02 1842697                    /home/ike/soft/jdk1.8.0_101/jre/lib/charsets.jar
7f38140af000-7f38140b9000 r--s 00116000 fd:02 1842829                    /home/ike/soft/jdk1.8.0_101/jre/lib/ext/localedata.jar
7f38140b9000-7f38140d5000 r--s 00393000 fd:02 1842832                    /home/ike/soft/jdk1.8.0_101/jre/lib/ext/cldrdata.jar
7f38140d5000-7f38140d8000 ---p 00000000 00:00 0 
7f38140d8000-7f38141d6000 rw-p 00000000 00:00 0 
7f38141d6000-7f38141d9000 ---p 00000000 00:00 0 
7f38141d9000-7f38142d7000 rw-p 00000000 00:00 0 
7f38142d7000-7f38142da000 ---p 00000000 00:00 0 
7f38142da000-7f38143d8000 rw-p 00000000 00:00 0 
7f38143d8000-7f38143da000 r--s 0000a000 fd:02 1967374                    /home/ike/soft/idea-IU-163.10154.41/plugins/Groovy/lib/agent/gragent.jar
7f38143da000-7f38143dc000 r--s 00019000 fd:02 1967154                    /home/ike/soft/idea-IU-163.10154.41/lib/idea_rt.jar
7f38143dc000-7f38143de000 r--s 00005000 fd:02 2361155                    /home/ike/.m2/repository/stax/stax-api/1.0.1/stax-api-1.0.1.jar
7f38143de000-7f38143e9000 r--s 0006a000 fd:02 6948932                    /home/ike/.gradle/caches/modules-2/files-2.1/ch.qos.logback/logback-core/1.1.11/88b8df40340eed549fb07e2613879bf6b006704d/logback-core-1.1.11.jar
7f38143e9000-7f3814427000 r--s 0025d000 fd:02 2361153                    /home/ike/.m2/repository/org/apache/xmlbeans/xmlbeans/2.6.0/xmlbeans-2.6.0.jar
7f3814427000-7f3814429000 r--s 00012000 fd:02 6293310                    /home/ike/.gradle/caches/modules-2/files-2.1/net.minidev/accessors-smart/1.1/a527213f2fea112a04c9bdf0ec0264e34104cd08/accessors-smart-1.1.jar
7f3814429000-7f381443a000 r--s 00096000 fd:02 7868382                    /home/ike/.gradle/caches/modules-2/files-2.1/org.bouncycastle/bcpkix-jdk15on/1.55/6392d8cba22b722c6570d660ca0b3921ff1bae4f/bcpkix-jdk15on-1.55.jar
7f381443a000-7f381443c000 r--s 0000c000 fd:02 7868380                    /home/ike/.gradle/caches/modules-2/files-2.1/org.springframework.security/spring-security-crypto/4.2.2.RELEASE/713ae22bcef55ae21ca1967d7cb217a1efab5dbf/spring-security-crypto-4.2.2.RELEASE.jar
7f381443c000-7f381443f000 r--s 0002b000 fd:02 5375424                    /home/ike/.gradle/caches/modules-2/files-2.1/org.jboss/jandex/2.0.0.Final/3e899258936f94649c777193e1be846387ed54b3/jandex-2.0.0.Final.jar
7f381443f000-7f3814444000 r--s 00068000 fd:02 2361099                    /home/ike/.m2/repository/antlr/antlr/2.7.7/antlr-2.7.7.jar
7f3814444000-7f3814446000 r--s 00004000 fd:02 5638028                    /home/ike/.gradle/caches/modules-2/files-2.1/org.slf4j/log4j-over-slf4j/1.7.24/6ab46c51a3848286a0db3ba7b22037b3834c3c44/log4j-over-slf4j-1.7.24.jar
7f3814446000-7f3814448000 r--s 00000000 fd:02 6948928                    /home/ike/.gradle/caches/modules-2/files-2.1/org.slf4j/jul-to-slf4j/1.7.24/25a2be668cb2ad1d05d76c0773df73b4b53617fd/jul-to-slf4j-1.7.24.jar
7f3814448000-7f381444a000 r--s 00003000 fd:02 6948938                    /home/ike/.gradle/caches/modules-2/files-2.1/org.slf4j/jcl-over-slf4j/1.7.24/e6a8629079856a2aa7862c6327ccf6dd1988d7fc/jcl-over-slf4j-1.7.24.jar
7f381444a000-7f3814451000 r--s 00045000 fd:02 6948926                    /home/ike/.gradle/caches/modules-2/files-2.1/ch.qos.logback/logback-classic/1.1.11/ccedfbacef4a6515d2983e3f89ed753d5d4fb665/logback-classic-1.1.11.jar
7f3814451000-7f3814455000 r--s 00015000 fd:02 4198063                    /home/ike/.gradle/caches/modules-2/files-2.1/com.github.virtuald/curvesapi/1.04/3386abf821719bc89c7685f9eaafaf4a842f0199/curvesapi-1.04.jar
7f3814455000-7f381450f000 r--s 004e0000 fd:02 4330750                    /home/ike/.gradle/caches/modules-2/files-2.1/org.apache.poi/poi-ooxml-schemas/3.16/9828a49307fc6bebfd42185b677d88b6e4994c63/poi-ooxml-schemas-3.16.jar
7f381450f000-7f381451f000 r--s 000a8000 fd:02 6820877                    /home/ike/.gradle/caches/modules-2/files-2.1/org.apache.commons/commons-collections4/4.1/a4cf4688fe1c7e3a63aa636cc96d013af537768e/commons-collections4-4.1.jar
7f381451f000-7f3814520000 r--s 00004000 fd:02 7473804                    /home/ike/.gradle/caches/modules-2/files-2.1/com.vaadin.external.google/android-json/0.0.20131108.vaadin1/fa26d351fe62a6a17f5cda1287c1c6110dec413f/android-json-0.0.20131108.vaadin1.jar
7f3814520000-7f3814522000 r--s 00009000 fd:02 7473802                    /home/ike/.gradle/caches/modules-2/files-2.1/org.objenesis/objenesis/2.1/87c0ea803b69252868d09308b4618f766f135a96/objenesis-2.1.jar
7f3814522000-7f3814525000 r--s 0001b000 fd:02 6293306                    /home/ike/.gradle/caches/modules-2/files-2.1/net.minidev/json-smart/2.2.1/5b9e5df7a62d1279b70dc882b041d249c4f0b002/json-smart-2.2.1.jar
7f3814525000-7f3814527000 r--s 0000c000 fd:02 3673183                    /home/ike/.m2/repository/org/ow2/asm/asm/5.0.4/asm-5.0.4.jar
7f3814527000-7f3814529000 r--s 00007000 fd:02 7868376                    /home/ike/.gradle/caches/modules-2/files-2.1/com.netflix.hystrix/hystrix-serialization/1.5.10/c857cba459a3532a5391bd6050555ad07b8f5320/hystrix-serialization-1.5.10.jar
7f3814529000-7f381452b000 r--s 0001a000 fd:02 7868374                    /home/ike/.gradle/caches/modules-2/files-2.1/org.hdrhistogram/HdrHistogram/2.1.9/e4631ce165eb400edecfa32e03d3f1be53dee754/HdrHistogram-2.1.9.jar
7f381452b000-7f3814543000 r--s 000fc000 fd:02 7868372                    /home/ike/.gradle/caches/modules-2/files-2.1/io.reactivex/rxjava/1.2.0/42bfaf64c94f3848ebf5cf1c2ea4ec9d1b3ac6c8/rxjava-1.2.0.jar
7f3814543000-7f381454a000 r--s 00050000 fd:02 7868370                    /home/ike/.gradle/caches/modules-2/files-2.1/commons-configuration/commons-configuration/1.8/6cce40435bcd8018018f16898de01976b319941a/commons-configuration-1.8.jar
7f381454a000-7f381454b000 r--s 00004000 fd:02 6427202                    /home/ike/.gradle/caches/modules-2/files-2.1/org.springframework.security/spring-security-rsa/1.0.3.RELEASE/b0b1ee770597b5de1b51e9a889dfd2dc35d251b0/spring-security-rsa-1.0.3.RELEASE.jar
7f381454b000-7f3814550000 r--s 00016000 fd:02 7868364                    /home/ike/.gradle/caches/modules-2/files-2.1/org.springframework.cloud/spring-cloud-commons/1.2.0.RELEASE/de0024fa88cc6c1ecbc30980e15acf25c0f5ef21/spring-cloud-commons-1.2.0.RELEASE.jar
7f3814550000-7f3814553000 r--s 00015000 fd:02 7868362                    /home/ike/.gradle/caches/modules-2/files-2.1/org.springframework.cloud/spring-cloud-context/1.2.0.RELEASE/4f2a9fa553883dedc21587e45080b67911fb7d26/spring-cloud-context-1.2.0.RELEASE.jar
7f3814553000-7f381456b000 r--s 00110000 fd:02 4720063                    /home/ike/.m2/repository/io/netty/netty/3.7.0.Final/netty-3.7.0.Final.jar
7f381456b000-7f381456d000 r--s 00014000 fd:02 2232683                    /home/ike/.m2/repository/jline/jline/0.9.94/jline-0.9.94.jar
7f381456d000-7f381456e000 r--s 00003000 fd:02 2361109                    /home/ike/.m2/repository/org/apache/geronimo/specs/geronimo-jta_1.1_spec/1.1.1/geronimo-jta_1.1_spec-1.1.1.jar
7f381456e000-7f3814578000 r--s 000aa000 fd:02 4330094                    /home/ike/.gradle/caches/modules-2/files-2.1/org.javassist/javassist/3.21.0-GA/598244f595db5c5fb713731eddbb1c91a58d959b/javassist-3.21.0-GA.jar
7f3814578000-7f381457d000 r--s 00017000 fd:02 2361107                    /home/ike/.m2/repository/org/hibernate/javax/persistence/hibernate-jpa-2.1-api/1.0.0.Final/hibernate-jpa-2.1-api-1.0.0.Final.jar
7f381457d000-7f3814580000 r--s 00010000 fd:02 5375422                    /home/ike/.gradle/caches/modules-2/files-2.1/org.hibernate.common/hibernate-commons-annotations/5.0.1.Final/71e1cff3fcb20d3b3af4f3363c3ddb24d33c6879/hibernate-commons-annotations-5.0.1.Final.jar
7f3814580000-7f3814585000 r--s 00048000 fd:02 2361103                    /home/ike/.m2/repository/dom4j/dom4j/1.6.1/dom4j-1.6.1.jar
7f3814585000-7f38145ee000 r--s 004f3000 fd:02 7996731                    /home/ike/.gradle/caches/modules-2/files-2.1/org.hibernate/hibernate-core/5.0.12.Final/e58bf1c660e6706d8e2cbb53bae110f574366102/hibernate-core-5.0.12.Final.jar
7f38145ee000-7f38145f0000 r--s 0000f000 fd:02 2361095                    /home/ike/.m2/repository/org/jboss/logging/jboss-logging/3.3.0.Final/jboss-logging-3.3.0.Final.jar
7f38145f0000-7f38145f4000 r--s 0000c000 fd:02 2361123                    /home/ike/.m2/repository/javax/validation/validation-api/1.1.0.Final/validation-api-1.1.0.Final.jar
7f38145f4000-7f38145f9000 r--s 00036000 fd:02 7996729                    /home/ike/.gradle/caches/modules-2/files-2.1/org.apache.tomcat.embed/tomcat-embed-websocket/8.5.11/dfa65e7857d46630761c0571758a56f7cbd1e9ba/tomcat-embed-websocket-8.5.11.jar
7f38145f9000-7f38145fe000 r--s 00036000 fd:02 7996727                    /home/ike/.gradle/caches/modules-2/files-2.1/org.apache.tomcat.embed/tomcat-embed-el/8.5.11/60253815b897166903bf5ec41219c5bb15333a69/tomcat-embed-el-8.5.11.jar
7f38145fe000-7f3814627000 r--s 002b8000 fd:02 7996725                    /home/ike/.gradle/caches/modules-2/files-2.1/org.apache.tomcat.embed/tomcat-embed-core/8.5.11/72761f51fc7cef3ee19d4aafc7adc605df9f611f/tomcat-embed-core-8.5.11.jar
7f3814627000-7f381462d000 r--s 0003d000 fd:02 5375510                    /home/ike/.gradle/caches/modules-2/files-2.1/org.yaml/snakeyaml/1.17/7a27ea250c5130b2922b86dea63cbb1cc10a660c/snakeyaml-1.17.jar
7f381462d000-7f381462e000 r--s 00000000 fd:02 7605353                    /home/ike/.gradle/caches/modules-2/files-2.1/org.springframework.boot/spring-boot-starter-logging/1.5.2.RELEASE/32210889e1f9bb09ac134b9f43a117ed62f0bed2/spring-boot-starter-logging-1.5.2.RELEASE.jar
7f381462e000-7f381464e000 r--s 000e0000 fd:02 7868366                    /home/ike/.gradle/caches/modules-2/files-2.1/org.springframework.boot/spring-boot-autoconfigure/1.5.2.RELEASE/8a9b8c747bc2c86eefde10330cb2984541bcb9d1/spring-boot-autoconfigure-1.5.2.RELEASE.jar
7f381464e000-7f381465e000 r--s 00094000 fd:02 7476151                    /home/ike/.gradle/caches/modules-2/files-2.1/org.springframework.boot/spring-boot/1.5.2.RELEASE/46bb5d8c9ab5d3ef9e158ca5906ee7d3569befc1/spring-boot-1.5.2.RELEASE.jar
7f381465e000-7f3814671000 r--s 0014c000 fd:02 4198061                    /home/ike/.gradle/caches/modules-2/files-2.1/org.apache.poi/poi-ooxml/3.16/76e20fe22404cc4da55ddfdaaaadee32bbfa3bdd/poi-ooxml-3.16.jar
7f3814671000-7f381469d000 r--s 00263000 fd:02 4330748                    /home/ike/.gradle/caches/modules-2/files-2.1/org.apache.poi/poi/3.16/ad21c123ee5d6b5b2a8f0d4ed23b3ffe6759a889/poi-3.16.jar
7f381469d000-7f38146a0000 r--s 00042000 fd:02 6033535                    /home/ike/.gradle/caches/modules-2/files-2.1/com.fasterxml.jackson.core/jackson-core/2.8.7/8b46f39c78476fb848c81a49fa807a9e9506dddd/jackson-core-2.8.7.jar
7f38146a0000-7f38146a3000 r--s 0000b000 fd:02 5508120                    /home/ike/.gradle/caches/modules-2/files-2.1/com.fasterxml.jackson.core/jackson-annotations/2.8.0/45b426f7796b741035581a176744d91090e2e6fb/jackson-annotations-2.8.0.jar
7f38146a3000-7f38146b2000 r--s 00084000 fd:02 5508190                    /home/ike/.gradle/caches/modules-2/files-2.1/org.springframework/spring-test/4.3.7.RELEASE/480fc4673b53daa1993eb1940711828ebf35807b/spring-test-4.3.7.RELEASE.jar
7f38146b2000-7f38146b4000 r--s 00006000 fd:02 7473800                    /home/ike/.gradle/caches/modules-2/files-2.1/org.skyscreamer/jsonassert/1.4.0/9cdbb373a06f6513e51e8c545ee6a5e981463edb/jsonassert-1.4.0.jar
7f38146b4000-7f38146b5000 r--s 0000c000 fd:02 6293302                    /home/ike/.gradle/caches/modules-2/files-2.1/org.hamcrest/hamcrest-library/1.3/4785a3c21320980282f9f33d0d1264a69040538f/hamcrest-library-1.3.jar
7f38146b5000-7f38146b7000 r--s 00009000 fd:02 2360676                    /home/ike/.m2/repository/org/hamcrest/hamcrest-core/1.3/hamcrest-core-1.3.jar
7f38146b7000-7f38146d3000 r--s 00103000 fd:02 4982731                    /home/ike/.gradle/caches/modules-2/files-2.1/org.mockito/mockito-core/1.10.19/e8546f5bef4e061d8dd73895b4e8f40e3fe6effe/mockito-core-1.10.19.jar
7f38146d3000-7f38146e7000 r--s 000dc000 fd:02 7473798                    /home/ike/.gradle/caches/modules-2/files-2.1/org.assertj/assertj-core/2.6.0/b532c3fc4f66bcfee4989a3514f1cd56203a33ad/assertj-core-2.6.0.jar
7f38146e7000-7f38146ef000 r--s 00045000 fd:02 2361056                    /home/ike/.m2/repository/junit/junit/4.12/junit-4.12.jar
7f38146ef000-7f38146f4000 r--s 0002e000 fd:02 4720944                    /home/ike/.gradle/caches/modules-2/files-2.1/com.jayway.jsonpath/json-path/2.2.0/22290d17944bd239fabf5ac69005a60a7ecbbbcb/json-path-2.2.0.jar
7f38146f4000-7f38146f9000 r--s 00019000 fd:02 7473796                    /home/ike/.gradle/caches/modules-2/files-2.1/org.springframework.boot/spring-boot-test-autoconfigure/1.5.2.RELEASE/5fb69965871626aea437c0d676d3be6186d2415d/spring-boot-test-autoconfigure-1.5.2.RELEASE.jar
7f38146f9000-7f38146fd000 r--s 0001f000 fd:02 7473794                    /home/ike/.gradle/caches/modules-2/files-2.1/org.springframework.boot/spring-boot-test/1.5.2.RELEASE/7dcdee8bc720b379d6072c742e2a48ccbb00aa09/spring-boot-test-1.5.2.RELEASE.jar
7f38146fd000-7f3814702000 r--s 00026000 fd:02 7868360                    /home/ike/.gradle/caches/modules-2/files-2.1/com.netflix.hystrix/hystrix-javanica/1.5.10/2d3dc34d7beb79ef300c67a5b436657907d52af1/hystrix-javanica-1.5.10.jar
7f3814702000-7f3814704000 r--s 0000c000 fd:02 7868358                    /home/ike/.gradle/caches/modules-2/files-2.1/com.netflix.hystrix/hystrix-metrics-event-stream/1.5.10/936e69382fd4d106c550f36afb38d0357ca29cf3/hystrix-metrics-event-stream-1.5.10.jar
7f3814704000-7f3814710000 r--s 00067000 fd:02 7868356                    /home/ike/.gradle/caches/modules-2/files-2.1/com.netflix.hystrix/hystrix-core/1.5.10/cd46dd2533138019a0473ed16a333aaea4d4b7de/hystrix-core-1.5.10.jar
7f3814710000-7f3814711000 r--s 00000000 fd:02 7868354                    /home/ike/.gradle/caches/modules-2/files-2.1/org.springframework.cloud/spring-cloud-starter-archaius/1.3.0.RELEASE/b8665874ab5a6a37cf32af9b2e56fa145fb53432/spring-cloud-starter-archaius-1.3.0.RELEASE.jar
7f3814711000-7f381471b000 r--s 00055000 fd:02 7868352                    /home/ike/.gradle/caches/modules-2/files-2.1/org.springframework.cloud/spring-cloud-netflix-core/1.3.0.RELEASE/1ad134229d53e9263f08124d62c65882c5dee8e7/spring-cloud-netflix-core-1.3.0.RELEASE.jar
7f381471b000-7f381471c000 r--s 00000000 fd:02 7868350                    /home/ike/.gradle/caches/modules-2/files-2.1/org.springframework.cloud/spring-cloud-starter/1.2.0.RELEASE/c9c4b92550081de74040ce8027e11ad18d942577/spring-cloud-starter-1.2.0.RELEASE.jar
7f381471c000-7f3814728000 r--s 000b9000 fd:02 5506867                    /home/ike/.gradle/caches/modules-2/files-2.1/org.apache.zookeeper/zookeeper/3.4.8/933ea2ed15e6a0e24b788973e3d128ff163c3136/zookeeper-3.4.8.jar
7f3814728000-7f381472d000 r--s 0003c000 fd:02 6948946                    /home/ike/.gradle/caches/modules-2/files-2.1/org.springframework/spring-expression/4.3.7.RELEASE/5257b6486e43d8c05674323fea5b415d4da72f38/spring-expression-4.3.7.RELEASE.jar
7f381472d000-7f3814744000 r--s 000fb000 fd:02 6948934                    /home/ike/.gradle/caches/modules-2/files-2.1/org.springframework/spring-core/4.3.7.RELEASE/54fa2db94cc7222edc90ec71354e47cd1dc07f7b/spring-core-4.3.7.RELEASE.jar
7f3814744000-7f381475e000 r--s 000fd000 fd:02 6948936                    /home/ike/.gradle/caches/modules-2/files-2.1/org.springframework/spring-context/4.3.7.RELEASE/34b66b0b7910122ef95ba4fff6da9238ef80a5de/spring-context-4.3.7.RELEASE.jar
7f381475e000-7f381476c000 r--s 000ad000 fd:02 6948940                    /home/ike/.gradle/caches/modules-2/files-2.1/org.springframework/spring-beans/4.3.7.RELEASE/2de9f59f3202965438f3a02057d6ad8274636044/spring-beans-4.3.7.RELEASE.jar
7f381476c000-7f3814775000 r--s 00054000 fd:02 6948944                    /home/ike/.gradle/caches/modules-2/files-2.1/org.springframework/spring-aop/4.3.7.RELEASE/3f243d685e4a8a78a0c291445c6d85560ec4d339/spring-aop-4.3.7.RELEASE.jar
7f3814775000-7f381477c000 r--s 0003f000 fd:02 2361720                    /home/ike/.m2/repository/commons-codec/commons-codec/1.10/commons-codec-1.10.jar
7f381477c000-7f381477e000 r--s 0000e000 fd:02 2231993                    /home/ike/.m2/repository/commons-logging/commons-logging/1.2/commons-logging-1.2.jar
7f381477e000-7f3814786000 r--s 00048000 fd:02 5769355                    /home/ike/.gradle/caches/modules-2/files-2.1/org.apache.httpcomponents/httpcore/4.4.6/e3fd8ced1f52c7574af952e2e6da0df8df08eb82/httpcore-4.4.6.jar
7f3814786000-7f3814788000 r--s 0000e000 fd:02 6292671                    /home/ike/.gradle/caches/modules-2/files-2.1/com.fasterxml/classmate/1.3.3/864c8e370a691e343210cc7c532fc198cee460d8/classmate-1.3.3.jar
7f3814788000-7f3814789000 r--s 00001000 fd:02 3547313                    /home/ike/.m2/repository/org/mengyun/tcc-transaction-api/1.1.5/tcc-transaction-api-1.1.5.jar
7f3814789000-7f3814796000 r--s 00089000 fd:02 7996723                    /home/ike/.gradle/caches/modules-2/files-2.1/org.hibernate/hibernate-entitymanager/5.0.12.Final/302a526f5058290e9cbd719a5caf9f248d344719/hibernate-entitymanager-5.0.12.Final.jar
7f3814796000-7f38147a7000 r--s 000b7000 fd:02 7996715                    /home/ike/.gradle/caches/modules-2/files-2.1/org.springframework/spring-web/4.3.7.RELEASE/7b69fc68cdb74c1c92f72905af6995696fcb56aa/spring-web-4.3.7.RELEASE.jar
7f38147a7000-7f38147b8000 r--s 000a1000 fd:02 7996721                    /home/ike/.gradle/caches/modules-2/files-2.1/org.hibernate/hibernate-validator/5.3.4.Final/2f6c8c0b646afe18e3ad205726729d3c4a85fe2e/hibernate-validator-5.3.4.Final.jar
7f38147b8000-7f38147b9000 r--s 00000000 fd:02 7996719                    /home/ike/.gradle/caches/modules-2/files-2.1/org.springframework.boot/spring-boot-starter-tomcat/1.5.2.RELEASE/354320ef371fc4fc126d1bb8564cd73085a48823/spring-boot-starter-tomcat-1.5.2.RELEASE.jar
7f38147b9000-7f38147ba000 r--s 00000000 fd:02 5377743                    /home/ike/.gradle/caches/modules-2/files-2.1/org.springframework.boot/spring-boot-starter/1.5.2.RELEASE/c72938c86ed3beadb385f29bc2954c8ca3aa47ab/spring-boot-starter-1.5.2.RELEASE.jar
7f38147ba000-7f38147cc000 r--s 0011d000 fd:02 6951421                    /home/ike/.gradle/caches/modules-2/files-2.1/com.fasterxml.jackson.core/jackson-databind/2.8.7/6c3257ef458ac58a8da69a6dca3d2a15286d88c8/jackson-databind-2.8.7.jar
7f38147cc000-7f38147cd000 r--s 00000000 fd:02 4329330                    /home/ike/.gradle/caches/modules-2/files-2.1/org.springframework.boot/spring-boot-starter-test/1.5.2.RELEASE/d1d42ca043ea8b25cdf0ac8a2108ee924bfae707/spring-boot-starter-test-1.5.2.RELEASE.jar
7f38147cd000-7f38147d0000 r--s 00010000 fd:02 5375623                    /home/ike/.gradle/caches/modules-2/files-2.1/com.101tec/zkclient/0.10/c54d4b5a5e89af75a80b6d5857400165ce5188d0/zkclient-0.10.jar
7f38147d0000-7f38147ee000 r--s 00143000 fd:02 4718692                    /home/ike/.m2/repository/com/alibaba/dubbo/2.5.4-SNAPSHOT/dubbo-2.5.4-SNAPSHOT.jar
7f38147ee000-7f38147f2000 r--s 0002f000 fd:02 4850916                    /home/ike/.gradle/caches/modules-2/files-2.1/commons-io/commons-io/2.5/2852e6e05fbb95076fc091f6d1780f1f8fe35e0f/commons-io-2.5.jar
7f38147f2000-7f3814821000 r--s 00239000 fd:02 7868348                    /home/ike/.gradle/caches/modules-2/files-2.1/com.google.guava/guava/21.0/3a3d111be1be1b745edfa7d91678a12d7ed38709/guava-21.0.jar
7f3814821000-7f3814824000 r--s 00015000 fd:02 2361165                    /home/ike/.m2/repository/javax/servlet/javax.servlet-api/3.1.0/javax.servlet-api-3.1.0.jar
7f3814824000-7f3814835000 r--s 000cf000 fd:02 7996717                    /home/ike/.gradle/caches/modules-2/files-2.1/org.springframework/spring-webmvc/4.3.7.RELEASE/d25b11a605589f176e3ecf1dcae62a991a18b377/spring-webmvc-4.3.7.RELEASE.jar
7f3814835000-7f381484e000 r--s 001af000 fd:02 5506676                    /home/ike/.gradle/caches/modules-2/files-2.1/org.aspectj/aspectjweaver/1.8.9/db28774f477f07220eac18d5ec9c4e01f48589d7/aspectjweaver-1.8.9.jar
7f381484e000-7f3814852000 r--s 00019000 fd:02 5375410                    /home/ike/.gradle/caches/modules-2/files-2.1/org.aspectj/aspectjrt/1.8.9/87372d9e2323313bec24b09a325bfea8ae0eb867/aspectjrt-1.8.9.jar
7f3814852000-7f381485a000 r--s 0006e000 fd:02 6161536                    /home/ike/.gradle/caches/modules-2/files-2.1/org.apache.commons/commons-lang3/3.5/6c6c702c89bfff3cd9e80b04d668c5e190d588c6/commons-lang3-3.5.jar
7f381485a000-7f381485f000 r--s 00061000 fd:02 6161553                    /home/ike/.gradle/caches/modules-2/files-2.1/com.alibaba/fastjson/1.2.23/be2508e9bac203c38f3f52fc8d33332c4e7ee6c5/fastjson-1.2.23.jar
7f381485f000-7f3814861000 r--s 00009000 fd:02 6948942                    /home/ike/.gradle/caches/modules-2/files-2.1/org.slf4j/slf4j-api/1.7.24/3f6b4bd4f8dbe8d4bea06d107a3826469b85c3e9/slf4j-api-1.7.24.jar
7f3814861000-7f3814863000 r--s 00009000 fd:02 4330096                    /home/ike/.gradle/caches/modules-2/files-2.1/org.apache.httpcomponents/httpmime/4.5.3/889fd6d061bb63b99dd5c6aba35a555ae863de52/httpmime-4.5.3.jar
7f3814863000-7f3814876000 r--s 00345000 fd:02 1842973                    /home/ike/soft/jdk1.8.0_101/jre/lib/resources.jar
7f3814876000-7f3814879000 ---p 00000000 00:00 0 
7f3814879000-7f3814977000 rw-p 00000000 00:00 0 
7f3814977000-7f381497a000 ---p 00000000 00:00 0 
7f381497a000-7f3814a78000 rw-p 00000000 00:00 0 
7f3814a78000-7f3814a7b000 ---p 00000000 00:00 0 
7f3814a7b000-7f3814b79000 rw-p 00000000 00:00 0 
7f3814b79000-7f3814b7d000 r-xp 00000000 fd:02 1842791                    /home/ike/soft/jdk1.8.0_101/jre/lib/amd64/libdt_socket.so
7f3814b7d000-7f3814d7c000 ---p 00004000 fd:02 1842791                    /home/ike/soft/jdk1.8.0_101/jre/lib/amd64/libdt_socket.so
7f3814d7c000-7f3814d7d000 rw-p 00003000 fd:02 1842791                    /home/ike/soft/jdk1.8.0_101/jre/lib/amd64/libdt_socket.so
7f3814d7d000-7f3814d80000 ---p 00000000 00:00 0 
7f3814d80000-7f3814e7e000 rw-p 00000000 00:00 0 
7f3814e7e000-7f3814e81000 ---p 00000000 00:00 0 
7f3814e81000-7f3814f7f000 rw-p 00000000 00:00 0 
7f3814f7f000-7f3814f82000 ---p 00000000 00:00 0 
7f3814f82000-7f3815080000 rw-p 00000000 00:00 0 
7f3815080000-7f3815081000 ---p 00000000 00:00 0 
7f3815081000-7f381668e000 rw-p 00000000 00:00 0 
7f381668e000-7f3816f1e000 rwxp 00000000 00:00 0 
7f3816f1e000-7f382568e000 ---p 00000000 00:00 0 
7f382568e000-7f382c000000 r--p 00000000 fd:00 666413                     /usr/lib/locale/locale-archive
7f382c000000-7f382ccdd000 rw-p 00000000 00:00 0 
7f382ccdd000-7f3830000000 ---p 00000000 00:00 0 
7f3830000000-7f3830001000 r--s 00000000 fd:02 4197331                    /home/ike/.gradle/caches/modules-2/files-2.1/org.springframework.cloud/spring-cloud-starter-hystrix/1.3.0.RELEASE/8bc51104df10aae613f0887d589005e22f987bb9/spring-cloud-starter-hystrix-1.3.0.RELEASE.jar
7f3830001000-7f383000e000 r--s 000aa000 fd:02 5769353                    /home/ike/.gradle/caches/modules-2/files-2.1/org.apache.httpcomponents/httpclient/4.5.3/d1577ae15f01ef5438c5afc62162457c00a34713/httpclient-4.5.3.jar
7f383000e000-7f383000f000 r--s 00000000 fd:02 7996713                    /home/ike/.gradle/caches/modules-2/files-2.1/org.springframework.boot/spring-boot-starter-web/1.5.2.RELEASE/27f29876980c079b46be16b759eafe92720f3338/spring-boot-starter-web-1.5.2.RELEASE.jar
7f383000f000-7f3830022000 r--s 000d6000 fd:02 1842972                    /home/ike/soft/jdk1.8.0_101/jre/lib/plugin.jar
7f3830022000-7f383003d000 r--s 00208000 fd:02 1842857                    /home/ike/soft/jdk1.8.0_101/jre/lib/deploy.jar
7f383003d000-7f383023f000 rw-p 00000000 00:00 0 
7f383023f000-7f3830418000 r--s 03d29000 fd:02 1842744                    /home/ike/soft/jdk1.8.0_101/jre/lib/rt.jar
7f3830418000-7f3830866000 rw-p 00000000 00:00 0 
7f3830866000-7f3830867000 ---p 00000000 00:00 0 
7f3830867000-7f3830967000 rw-p 00000000 00:00 0 
7f3830967000-7f3830968000 ---p 00000000 00:00 0 
7f3830968000-7f3830a68000 rw-p 00000000 00:00 0 
7f3830a68000-7f3830a69000 ---p 00000000 00:00 0 
7f3830a69000-7f3830b69000 rw-p 00000000 00:00 0 
7f3830b69000-7f3830b6a000 ---p 00000000 00:00 0 
7f3830b6a000-7f3830c86000 rw-p 00000000 00:00 0 
7f3830c86000-7f3830efa000 ---p 00000000 00:00 0 
7f3830efa000-7f3830f16000 rw-p 00000000 00:00 0 
7f3830f16000-7f383118a000 ---p 00000000 00:00 0 
7f383118a000-7f38311d3000 rw-p 00000000 00:00 0 
7f38311d3000-7f38312d2000 ---p 00000000 00:00 0 
7f38312d2000-7f38312f6000 rw-p 00000000 00:00 0 
7f38312f6000-7f3831693000 ---p 00000000 00:00 0 
7f3831693000-7f38316ad000 r-xp 00000000 fd:02 1842773                    /home/ike/soft/jdk1.8.0_101/jre/lib/amd64/libzip.so
7f38316ad000-7f38318ad000 ---p 0001a000 fd:02 1842773                    /home/ike/soft/jdk1.8.0_101/jre/lib/amd64/libzip.so
7f38318ad000-7f38318ae000 rw-p 0001a000 fd:02 1842773                    /home/ike/soft/jdk1.8.0_101/jre/lib/amd64/libzip.so
7f38318ae000-7f38318b9000 r-xp 00000000 fd:00 663666                     /usr/lib64/libnss_files-2.23.so
7f38318b9000-7f3831ab8000 ---p 0000b000 fd:00 663666                     /usr/lib64/libnss_files-2.23.so
7f3831ab8000-7f3831ab9000 r--p 0000a000 fd:00 663666                     /usr/lib64/libnss_files-2.23.so
7f3831ab9000-7f3831aba000 rw-p 0000b000 fd:00 663666                     /usr/lib64/libnss_files-2.23.so
7f3831aba000-7f3831ac0000 rw-p 00000000 00:00 0 
7f3831ac0000-7f3831aca000 r-xp 00000000 fd:02 1842810                    /home/ike/soft/jdk1.8.0_101/jre/lib/amd64/libinstrument.so
7f3831aca000-7f3831cc9000 ---p 0000a000 fd:02 1842810                    /home/ike/soft/jdk1.8.0_101/jre/lib/amd64/libinstrument.so
7f3831cc9000-7f3831cca000 rw-p 00009000 fd:02 1842810                    /home/ike/soft/jdk1.8.0_101/jre/lib/amd64/libinstrument.so
7f3831cca000-7f3831ccc000 r-xp 00000000 fd:02 1842781                    /home/ike/soft/jdk1.8.0_101/jre/lib/amd64/libnpt.so
7f3831ccc000-7f3831ecc000 ---p 00002000 fd:02 1842781                    /home/ike/soft/jdk1.8.0_101/jre/lib/amd64/libnpt.so
7f3831ecc000-7f3831ecd000 rw-p 00002000 fd:02 1842781                    /home/ike/soft/jdk1.8.0_101/jre/lib/amd64/libnpt.so
7f3831ecd000-7f3831f06000 r-xp 00000000 fd:02 1842749                    /home/ike/soft/jdk1.8.0_101/jre/lib/amd64/libjdwp.so
7f3831f06000-7f3832105000 ---p 00039000 fd:02 1842749                    /home/ike/soft/jdk1.8.0_101/jre/lib/amd64/libjdwp.so
7f3832105000-7f3832107000 rw-p 00038000 fd:02 1842749                    /home/ike/soft/jdk1.8.0_101/jre/lib/amd64/libjdwp.so
7f3832107000-7f3832131000 r-xp 00000000 fd:02 1842799                    /home/ike/soft/jdk1.8.0_101/jre/lib/amd64/libjava.so
7f3832131000-7f3832331000 ---p 0002a000 fd:02 1842799                    /home/ike/soft/jdk1.8.0_101/jre/lib/amd64/libjava.so
7f3832331000-7f3832333000 rw-p 0002a000 fd:02 1842799                    /home/ike/soft/jdk1.8.0_101/jre/lib/amd64/libjava.so
7f3832333000-7f3832340000 r-xp 00000000 fd:02 1842753                    /home/ike/soft/jdk1.8.0_101/jre/lib/amd64/libverify.so
7f3832340000-7f3832540000 ---p 0000d000 fd:02 1842753                    /home/ike/soft/jdk1.8.0_101/jre/lib/amd64/libverify.so
7f3832540000-7f3832542000 rw-p 0000d000 fd:02 1842753                    /home/ike/soft/jdk1.8.0_101/jre/lib/amd64/libverify.so
7f3832542000-7f3832549000 r-xp 00000000 fd:00 663774                     /usr/lib64/librt-2.23.so
7f3832549000-7f3832748000 ---p 00007000 fd:00 663774                     /usr/lib64/librt-2.23.so
7f3832748000-7f3832749000 r--p 00006000 fd:00 663774                     /usr/lib64/librt-2.23.so
7f3832749000-7f383274a000 rw-p 00007000 fd:00 663774                     /usr/lib64/librt-2.23.so
7f383274a000-7f3832852000 r-xp 00000000 fd:00 663268                     /usr/lib64/libm-2.23.so
7f3832852000-7f3832a51000 ---p 00108000 fd:00 663268                     /usr/lib64/libm-2.23.so
7f3832a51000-7f3832a52000 r--p 00107000 fd:00 663268                     /usr/lib64/libm-2.23.so
7f3832a52000-7f3832a53000 rw-p 00108000 fd:00 663268                     /usr/lib64/libm-2.23.so
7f3832a53000-7f383371e000 r-xp 00000000 fd:02 1842803                    /home/ike/soft/jdk1.8.0_101/jre/lib/amd64/server/libjvm.so
7f383371e000-7f383391d000 ---p 00ccb000 fd:02 1842803                    /home/ike/soft/jdk1.8.0_101/jre/lib/amd64/server/libjvm.so
7f383391d000-7f38339f6000 rw-p 00cca000 fd:02 1842803                    /home/ike/soft/jdk1.8.0_101/jre/lib/amd64/server/libjvm.so
7f38339f6000-7f3833a41000 rw-p 00000000 00:00 0 
7f3833a41000-7f3833bfa000 r-xp 00000000 fd:00 663117                     /usr/lib64/libc-2.23.so
7f3833bfa000-7f3833df9000 ---p 001b9000 fd:00 663117                     /usr/lib64/libc-2.23.so
7f3833df9000-7f3833dfd000 r--p 001b8000 fd:00 663117                     /usr/lib64/libc-2.23.so
7f3833dfd000-7f3833dff000 rw-p 001bc000 fd:00 663117                     /usr/lib64/libc-2.23.so
7f3833dff000-7f3833e03000 rw-p 00000000 00:00 0 
7f3833e03000-7f3833e06000 r-xp 00000000 fd:00 663244                     /usr/lib64/libdl-2.23.so
7f3833e06000-7f3834005000 ---p 00003000 fd:00 663244                     /usr/lib64/libdl-2.23.so
7f3834005000-7f3834006000 r--p 00002000 fd:00 663244                     /usr/lib64/libdl-2.23.so
7f3834006000-7f3834007000 rw-p 00003000 fd:00 663244                     /usr/lib64/libdl-2.23.so
7f3834007000-7f383401c000 r-xp 00000000 fd:02 1841887                    /home/ike/soft/jdk1.8.0_101/lib/amd64/jli/libjli.so
7f383401c000-7f383421c000 ---p 00015000 fd:02 1841887                    /home/ike/soft/jdk1.8.0_101/lib/amd64/jli/libjli.so
7f383421c000-7f383421d000 rw-p 00015000 fd:02 1841887                    /home/ike/soft/jdk1.8.0_101/lib/amd64/jli/libjli.so
7f383421d000-7f3834234000 r-xp 00000000 fd:00 663674                     /usr/lib64/libpthread-2.23.so
7f3834234000-7f3834433000 ---p 00017000 fd:00 663674                     /usr/lib64/libpthread-2.23.so
7f3834433000-7f3834434000 r--p 00016000 fd:00 663674                     /usr/lib64/libpthread-2.23.so
7f3834434000-7f3834435000 rw-p 00017000 fd:00 663674                     /usr/lib64/libpthread-2.23.so
7f3834435000-7f3834439000 rw-p 00000000 00:00 0 
7f3834439000-7f383445d000 r-xp 00000000 fd:00 666350                     /usr/lib64/ld-2.23.so
7f383445d000-7f3834461000 r--s 00097000 fd:02 1842696                    /home/ike/soft/jdk1.8.0_101/jre/lib/jsse.jar
7f3834461000-7f3834463000 r--s 00007000 fd:02 1842814                    /home/ike/soft/jdk1.8.0_101/jre/lib/jfxswt.jar
7f3834463000-7f383446d000 r--s 0006c000 fd:02 1842856                    /home/ike/soft/jdk1.8.0_101/jre/lib/javaws.jar
7f383446d000-7f383453e000 rw-p 00000000 00:00 0 
7f383453e000-7f3834541000 ---p 00000000 00:00 0 
7f3834541000-7f3834643000 rw-p 00000000 00:00 0 
7f3834643000-7f3834644000 r--s 00000000 fd:02 1842820                    /home/ike/soft/jdk1.8.0_101/jre/lib/management-agent.jar
7f3834644000-7f3834649000 r--s 00084000 fd:02 1842848                    /home/ike/soft/jdk1.8.0_101/jre/lib/jfr.jar
7f3834649000-7f383464c000 r--s 0001a000 fd:02 1843003                    /home/ike/soft/jdk1.8.0_101/jre/lib/jce.jar
7f383464c000-7f3834651000 r--s 002f9000 fd:02 1842697                    /home/ike/soft/jdk1.8.0_101/jre/lib/charsets.jar
7f3834651000-7f3834659000 rw-s 00000000 00:27 4064556                    /tmp/hsperfdata_ike/28134
7f3834659000-7f383465a000 rw-p 00000000 00:00 0 
7f383465a000-7f383465b000 ---p 00000000 00:00 0 
7f383465b000-7f383465c000 rw-p 00000000 00:00 0 
7f383465c000-7f383465d000 r--p 00023000 fd:00 666350                     /usr/lib64/ld-2.23.so
7f383465d000-7f383465e000 rw-p 00024000 fd:00 666350                     /usr/lib64/ld-2.23.so
7f383465e000-7f383465f000 rw-p 00000000 00:00 0 
7fff73550000-7fff73575000 rw-p 00000000 00:00 0                          [stack]
7fff735ee000-7fff735f1000 r--p 00000000 00:00 0                          [vvar]
7fff735f1000-7fff735f3000 r-xp 00000000 00:00 0                          [vdso]
ffffffffff600000-ffffffffff601000 r-xp 00000000 00:00 0                  [vsyscall]

VM Arguments:
jvm_args: -agentlib:jdwp=transport=dt_socket,address=127.0.0.1:44973,suspend=y,server=n -Dspring.output.ansi.enabled=always -javaagent:/home/ike/soft/idea-IU-163.10154.41/plugins/Groovy/lib/agent/gragent.jar -Dfile.encoding=UTF-8 
java_command: com.bjike.goddess.assemble.Application
java_class_path (initial): /home/ike/soft/jdk1.8.0_101/jre/lib/charsets.jar:/home/ike/soft/jdk1.8.0_101/jre/lib/deploy.jar:/home/ike/soft/jdk1.8.0_101/jre/lib/ext/cldrdata.jar:/home/ike/soft/jdk1.8.0_101/jre/lib/ext/dnsns.jar:/home/ike/soft/jdk1.8.0_101/jre/lib/ext/jaccess.jar:/home/ike/soft/jdk1.8.0_101/jre/lib/ext/jfxrt.jar:/home/ike/soft/jdk1.8.0_101/jre/lib/ext/localedata.jar:/home/ike/soft/jdk1.8.0_101/jre/lib/ext/nashorn.jar:/home/ike/soft/jdk1.8.0_101/jre/lib/ext/sunec.jar:/home/ike/soft/jdk1.8.0_101/jre/lib/ext/sunjce_provider.jar:/home/ike/soft/jdk1.8.0_101/jre/lib/ext/sunpkcs11.jar:/home/ike/soft/jdk1.8.0_101/jre/lib/ext/zipfs.jar:/home/ike/soft/jdk1.8.0_101/jre/lib/javaws.jar:/home/ike/soft/jdk1.8.0_101/jre/lib/jce.jar:/home/ike/soft/jdk1.8.0_101/jre/lib/jfr.jar:/home/ike/soft/jdk1.8.0_101/jre/lib/jfxswt.jar:/home/ike/soft/jdk1.8.0_101/jre/lib/jsse.jar:/home/ike/soft/jdk1.8.0_101/jre/lib/management-agent.jar:/home/ike/soft/jdk1.8.0_101/jre/lib/plugin.jar:/home/ike/soft/jdk1.8.0_101/jre/lib/resources.jar:/home/ike/soft/jdk1.8.0_101/jre/lib/rt.jar:/home/ike/github/goddess-java/modules/assemble/assemble-consumer/build/classes/main:/home/ike/github/goddess-java/modules/assemble/assemble-consumer/build/resources/main:/home/ike/github/goddess-java/common/common-consumer/build/classes/main:/home/ike/github/goddess-java/modules/assemble/assemble-api/build/classes/main:/home/ike/.gradle/caches/modules-2/files-2.1/org.springframework.boot/spring-boot-starter-web/1.5.2.RELEASE/27f29876980c079b46be16b759eafe92720f3338/spring-boot-starter-web-1.5.2.RELEASE.jar:/home/ike/github/goddess-java/common/common-api/build/classes/main:/home/ike/github/goddess-java/modules/user/user-api/build/classes/main:/home/ike/github/goddess-java/modules/storage/storage-api/build/classes/main:/home/ike/.gradle/caches/modules-2/files-2.1/org.apache.httpcomponents/httpclient/4.5.3/d1577ae15f01ef5438c5afc62162457c00a34713/httpclient-4.5.3.jar:/home/ike/.gradle/caches/modules-2/files-2.1/org
Launcher Type: SUN_STANDARD

Environment Variables:
JAVA_HOME=/home/ike/soft/jdk1.8.0_101
PATH=/home/ike/soft:/home/ike/soft/gradle-3.2.1/bin:/home/ike/soft/apache-maven-3.3.9/bin:/home/ike/soft/jdk1.8.0_101/bin:/usr/lib64/qt-3.3/bin:/usr/local/bin:/usr/local/sbin:/usr/bin:/usr/sbin:/home/ike/bin
USERNAME=ike
LD_LIBRARY_PATH=/home/ike/soft/idea-IU-163.10154.41/bin:
SHELL=/bin/zsh
DISPLAY=:0

Signal Handlers:
SIGSEGV: [libjvm.so+0xac4790], sa_mask[0]=11111111011111111101111111111110, sa_flags=SA_RESTART|SA_SIGINFO
SIGBUS: [libjvm.so+0xac4790], sa_mask[0]=11111111011111111101111111111110, sa_flags=SA_RESTART|SA_SIGINFO
SIGFPE: [libjvm.so+0x91f140], sa_mask[0]=11111111011111111101111111111110, sa_flags=SA_RESTART|SA_SIGINFO
SIGPIPE: [libjvm.so+0x91f140], sa_mask[0]=11111111011111111101111111111110, sa_flags=SA_RESTART|SA_SIGINFO
SIGXFSZ: [libjvm.so+0x91f140], sa_mask[0]=11111111011111111101111111111110, sa_flags=SA_RESTART|SA_SIGINFO
SIGILL: [libjvm.so+0x91f140], sa_mask[0]=11111111011111111101111111111110, sa_flags=SA_RESTART|SA_SIGINFO
SIGUSR1: SIG_DFL, sa_mask[0]=00000000000000000000000000000000, sa_flags=none
SIGUSR2: [libjvm.so+0x920770], sa_mask[0]=00100000000000000000000000000000, sa_flags=SA_RESTART|SA_SIGINFO
SIGHUP: [libjvm.so+0x921b70], sa_mask[0]=11111111011111111101111111111110, sa_flags=SA_RESTART|SA_SIGINFO
SIGINT: [libjvm.so+0x921b70], sa_mask[0]=11111111011111111101111111111110, sa_flags=SA_RESTART|SA_SIGINFO
SIGTERM: [libjvm.so+0x921b70], sa_mask[0]=11111111011111111101111111111110, sa_flags=SA_RESTART|SA_SIGINFO
SIGQUIT: [libjvm.so+0x921b70], sa_mask[0]=11111111011111111101111111111110, sa_flags=SA_RESTART|SA_SIGINFO


---------------  S Y S T E M  ---------------

OS:Fedora release 24 (Twenty Four)

uname:Linux 4.5.5-300.fc24.x86_64 #1 SMP Thu May 19 13:05:32 UTC 2016 x86_64
libc:glibc 2.23 NPTL 2.23 
rlimit: STACK 8192k, CORE infinity, NPROC 30911, NOFILE 4096, AS infinity
load average:15.28 5.45 2.55

/proc/meminfo:
MemTotal:        8053808 kB
MemFree:          106840 kB
MemAvailable:      18980 kB
Buffers:             732 kB
Cached:           139616 kB
SwapCached:        12472 kB
Active:          6279860 kB
Inactive:        1297780 kB
Active(anon):    6263400 kB
Inactive(anon):  1281328 kB
Active(file):      16460 kB
Inactive(file):    16452 kB
Unevictable:          68 kB
Mlocked:              68 kB
SwapTotal:       8126460 kB
SwapFree:              0 kB
Dirty:                56 kB
Writeback:            84 kB
AnonPages:       7427340 kB
Mapped:            47304 kB
Shmem:            106712 kB
Slab:             144104 kB
SReclaimable:      64132 kB
SUnreclaim:        79972 kB
KernelStack:       39360 kB
PageTables:        99916 kB
NFS_Unstable:          0 kB
Bounce:                0 kB
WritebackTmp:          0 kB
CommitLimit:    12153364 kB
Committed_AS:   24782804 kB
VmallocTotal:   34359738367 kB
VmallocUsed:           0 kB
VmallocChunk:          0 kB
HardwareCorrupted:     0 kB
AnonHugePages:         0 kB
CmaTotal:              0 kB
CmaFree:               0 kB
HugePages_Total:       0
HugePages_Free:        0
HugePages_Rsvd:        0
HugePages_Surp:        0
Hugepagesize:       2048 kB
DirectMap4k:      298148 kB
DirectMap2M:     7968768 kB
DirectMap1G:           0 kB


CPU:total 4 (4 cores per cpu, 1 threads per core) family 6 model 94 stepping 3, cmov, cx8, fxsr, mmx, sse, sse2, sse3, ssse3, sse4.1, sse4.2, popcnt, avx, avx2, aes, clmul, erms, rtm, 3dnowpref, lzcnt, tsc, tscinvbit, bmi1, bmi2, adx

/proc/cpuinfo:
processor	: 0
vendor_id	: GenuineIntel
cpu family	: 6
model		: 94
model name	: Intel(R) Core(TM) i5-6500 CPU @ 3.20GHz
stepping	: 3
microcode	: 0x84
cpu MHz		: 2377.375
cache size	: 6144 KB
physical id	: 0
siblings	: 4
core id		: 0
cpu cores	: 4
apicid		: 0
initial apicid	: 0
fpu		: yes
fpu_exception	: yes
cpuid level	: 22
wp		: yes
flags		: fpu vme de pse tsc msr pae mce cx8 apic sep mtrr pge mca cmov pat pse36 clflush dts acpi mmx fxsr sse sse2 ss ht tm pbe syscall nx pdpe1gb rdtscp lm constant_tsc arch_perfmon pebs bts rep_good nopl xtopology nonstop_tsc aperfmperf eagerfpu pni pclmulqdq dtes64 monitor ds_cpl vmx smx est tm2 ssse3 sdbg fma cx16 xtpr pdcm pcid sse4_1 sse4_2 x2apic movbe popcnt tsc_deadline_timer aes xsave avx f16c rdrand lahf_lm abm 3dnowprefetch intel_pt tpr_shadow vnmi flexpriority ept vpid fsgsbase tsc_adjust bmi1 hle avx2 smep bmi2 erms invpcid rtm mpx rdseed adx smap clflushopt xsaveopt xsavec xgetbv1 dtherm ida arat pln pts hwp hwp_notify hwp_act_window hwp_epp
bugs		:
bogomips	: 6383.92
clflush size	: 64
cache_alignment	: 64
address sizes	: 39 bits physical, 48 bits virtual
power management:

processor	: 1
vendor_id	: GenuineIntel
cpu family	: 6
model		: 94
model name	: Intel(R) Core(TM) i5-6500 CPU @ 3.20GHz
stepping	: 3
microcode	: 0x84
cpu MHz		: 2423.250
cache size	: 6144 KB
physical id	: 0
siblings	: 4
core id		: 1
cpu cores	: 4
apicid		: 2
initial apicid	: 2
fpu		: yes
fpu_exception	: yes
cpuid level	: 22
wp		: yes
flags		: fpu vme de pse tsc msr pae mce cx8 apic sep mtrr pge mca cmov pat pse36 clflush dts acpi mmx fxsr sse sse2 ss ht tm pbe syscall nx pdpe1gb rdtscp lm constant_tsc arch_perfmon pebs bts rep_good nopl xtopology nonstop_tsc aperfmperf eagerfpu pni pclmulqdq dtes64 monitor ds_cpl vmx smx est tm2 ssse3 sdbg fma cx16 xtpr pdcm pcid sse4_1 sse4_2 x2apic movbe popcnt tsc_deadline_timer aes xsave avx f16c rdrand lahf_lm abm 3dnowprefetch intel_pt tpr_shadow vnmi flexpriority ept vpid fsgsbase tsc_adjust bmi1 hle avx2 smep bmi2 erms invpcid rtm mpx rdseed adx smap clflushopt xsaveopt xsavec xgetbv1 dtherm ida arat pln pts hwp hwp_notify hwp_act_window hwp_epp
bugs		:
bogomips	: 6383.92
clflush size	: 64
cache_alignment	: 64
address sizes	: 39 bits physical, 48 bits virtual
power management:

processor	: 2
vendor_id	: GenuineIntel
cpu family	: 6
model		: 94
model name	: Intel(R) Core(TM) i5-6500 CPU @ 3.20GHz
stepping	: 3
microcode	: 0x84
cpu MHz		: 2388.750
cache size	: 6144 KB
physical id	: 0
siblings	: 4
core id		: 2
cpu cores	: 4
apicid		: 4
initial apicid	: 4
fpu		: yes
fpu_exception	: yes
cpuid level	: 22
wp		: yes
flags		: fpu vme de pse tsc msr pae mce cx8 apic sep mtrr pge mca cmov pat pse36 clflush dts acpi mmx fxsr sse sse2 ss ht tm pbe syscall nx pdpe1gb rdtscp lm constant_tsc arch_perfmon pebs bts rep_good nopl xtopology nonstop_tsc aperfmperf eagerfpu pni pclmulqdq dtes64 monitor ds_cpl vmx smx est tm2 ssse3 sdbg fma cx16 xtpr pdcm pcid sse4_1 sse4_2 x2apic movbe popcnt tsc_deadline_timer aes xsave avx f16c rdrand lahf_lm abm 3dnowprefetch intel_pt tpr_shadow vnmi flexpriority ept vpid fsgsbase tsc_adjust bmi1 hle avx2 smep bmi2 erms invpcid rtm mpx rdseed adx smap clflushopt xsaveopt xsavec xgetbv1 dtherm ida arat pln pts hwp hwp_notify hwp_act_window hwp_epp
bugs		:
bogomips	: 6383.92
clflush size	: 64
cache_alignment	: 64
address sizes	: 39 bits physical, 48 bits virtual
power management:

processor	: 3
vendor_id	: GenuineIntel
cpu family	: 6
model		: 94
model name	: Intel(R) Core(TM) i5-6500 CPU @ 3.20GHz
stepping	: 3
microcode	: 0x84
cpu MHz		: 2294.000
cache size	: 6144 KB
physical id	: 0
siblings	: 4
core id		: 3
cpu cores	: 4
apicid		: 6
initial apicid	: 6
fpu		: yes
fpu_exception	: yes
cpuid level	: 22
wp		: yes
flags		: fpu vme de pse tsc msr pae mce cx8 apic sep mtrr pge mca cmov pat pse36 clflush dts acpi mmx fxsr sse sse2 ss ht tm pbe syscall nx pdpe1gb rdtscp lm constant_tsc arch_perfmon pebs bts rep_good nopl xtopology nonstop_tsc aperfmperf eagerfpu pni pclmulqdq dtes64 monitor ds_cpl vmx smx est tm2 ssse3 sdbg fma cx16 xtpr pdcm pcid sse4_1 sse4_2 x2apic movbe popcnt tsc_deadline_timer aes xsave avx f16c rdrand lahf_lm abm 3dnowprefetch intel_pt tpr_shadow vnmi flexpriority ept vpid fsgsbase tsc_adjust bmi1 hle avx2 smep bmi2 erms invpcid rtm mpx rdseed adx smap clflushopt xsaveopt xsavec xgetbv1 dtherm ida arat pln pts hwp hwp_notify hwp_act_window hwp_epp
bugs		:
bogomips	: 6383.92
clflush size	: 64
cache_alignment	: 64
address sizes	: 39 bits physical, 48 bits virtual
power management:



Memory: 4k page, physical 8053808k(107108k free), swap 8126460k(0k free)

vm_info: Java HotSpot(TM) 64-Bit Server VM (25.101-b13) for linux-amd64 JRE (1.8.0_101-b13), built on Jun 22 2016 02:59:44 by "java_re" with gcc 4.3.0 20080428 (Red Hat 4.3.0-8)

time: Thu Aug 10 15:16:12 2017
elapsed time: 3 seconds (0d 0h 0m 3s)

