#
# A fatal error has been detected by the Java Runtime Environment:
#
#  SIGSEGV (0xb) at pc=0x00007f03e8000508, pid=9155, tid=0x00007f0411c5c700
#
# JRE version: Java(TM) SE Runtime Environment (8.0_101-b13) (build 1.8.0_101-b13)
# Java VM: Java HotSpot(TM) 64-Bit Server VM (25.101-b13 mixed mode linux-amd64 compressed oops)
# Problematic frame:
# C  0x00007f03e8000508
#
# Failed to write core dump. Core dumps have been disabled. To enable core dumping, try "ulimit -c unlimited" before starting Java again
#
# If you would like to submit a bug report, please visit:
#   http://bugreport.java.com/bugreport/crash.jsp
#

---------------  T H R E A D  ---------------

Current thread (0x00007f0428194000):  JavaThread "JDWP Transport Listener: dt_socket" daemon [_thread_in_vm, id=9174, stack(0x00007f0411b5c000,0x00007f0411c5d000)]

siginfo: si_signo: 11 (SIGSEGV), si_code: 2 (SEGV_ACCERR), si_addr: 0x00007f03e8000508

Registers:
RAX=0x00007f03e8000508, RBX=0x00007f03e8000518, RCX=0x00007f043170e2c0, RDX=0x00007f0430ce8e80
RSP=0x00007f0411c5b8c8, RBP=0x00007f0411c5b8e0, RSI=0x00007f0428194000, RDI=0x00007f03e8000518
R8 =0x00007f042818ce90, R9 =0x0000000000000000, R10=0x0000000000000001, R11=0x00007f03e800eaf0
R12=0x0000000000000017, R13=0x00007f03e8000528, R14=0x00007f0428194000, R15=0x00007f0411c5b9e7
RIP=0x00007f03e8000508, EFLAGS=0x0000000000010206, CSGSFS=0x002b000000000033, ERR=0x0000000000000015
  TRAPNO=0x000000000000000e

Top of Stack: (sp=0x00007f0411c5b8c8)
0x00007f0411c5b8c8:   00007f04305d3d97 0000000000000074
0x00007f0411c5b8d8:   00007f0428009930 00007f0411c5b950
0x00007f0411c5b8e8:   00007f0430460efe 00007f0428009930
0x00007f0411c5b8f8:   00007f0411c5b900 00007f0428194000
0x00007f0411c5b908:   0000000000000000 00007f0400000000
0x00007f0411c5b918:   0000000000000000 00007f0411c5b930
0x00007f0411c5b928:   00007f042f3dae40 00007f03e8000528
0x00007f0411c5b938:   00007f0411c5b9e7 0000000000000000
0x00007f0411c5b948:   00007f0411c5b9e7 00007f0411c5b980
0x00007f0411c5b958:   00007f042f1c68c2 00007f0411c5b980
0x00007f0411c5b968:   00007f03e8000528 00007f0411c5ba50
0x00007f0411c5b978:   0000000000000000 00007f0411c5ba10
0x00007f0411c5b988:   00007f042f1a7aa0 00007f0411c5b9c8
0x00007f0411c5b998:   00007f0411c5b9c0 00007f0411c5b9b8
0x00007f0411c5b9a8:   00007f0411c5b9dc 00000001e8003ca0
0x00007f0411c5b9b8:   0000000000000000 0000000000000000
0x00007f0411c5b9c8:   0000000000000000 00007f03e800e590
0x00007f0411c5b9d8:   00007f0411c5ba50 0000000000000030
0x00007f0411c5b9e8:   0000000000000002 000000000000000f
0x00007f0411c5b9f8:   0000000000000002 00000000000f0200
0x00007f0411c5ba08:   000000000000000f 00007f0411c5bc60
0x00007f0411c5ba18:   00007f042f1b29c6 0003aa4800000013
0x00007f0411c5ba28:   00007f04300f0200 00007f03e0033e20
0x00007f0411c5ba38:   0000000000000000 00007f0411c5ba50
0x00007f0411c5ba48:   00007f0411c5bbe0 00007f0411c5baa4
0x00007f0411c5ba58:   00007f0400000128 00007f0411c5ba68
0x00007f0411c5ba68:   0000000000000004 00007f0411c5baa0
0x00007f0411c5ba78:   0000000000000000 00007f0000000000
0x00007f0411c5ba88:   0003aa480000001f 00007f040000bb80
0x00007f0411c5ba98:   00007f0411c5baa0 0000000030000000
0x00007f0411c5baa8:   1700000000000000 00003e7400000000
0x00007f0411c5bab8:   6176616a4c288a00 6e492f676e616c2f 

Instructions: (pc=0x00007f03e8000508)
0x00007f03e80004e8:   d8 04 00 e8 03 7f 00 00 d8 04 00 e8 03 7f 00 00
0x00007f03e80004f8:   e8 04 00 e8 03 7f 00 00 e8 04 00 e8 03 7f 00 00
0x00007f03e8000508:   f8 04 00 e8 03 7f 00 00 f8 04 00 e8 03 7f 00 00
0x00007f03e8000518:   08 05 00 e8 03 7f 00 00 08 05 00 e8 03 7f 00 00 

Register to memory mapping:

RAX=0x00007f03e8000508 is an unknown value
RBX=0x00007f03e8000518 is an unknown value
RCX=0x00007f043170e2c0: <offset 0x2192c0> in /lib64/libpthread.so.0 at 0x00007f04314f5000
RDX=0x00007f0430ce8e80: <offset 0xfc1e80> in /home/ike/soft/jdk1.8/jre/lib/amd64/server/libjvm.so at 0x00007f042fd27000
RSP=0x00007f0411c5b8c8 is pointing into the stack for thread: 0x00007f0428194000
RBP=0x00007f0411c5b8e0 is pointing into the stack for thread: 0x00007f0428194000
RSI=0x00007f0428194000 is a thread
RDI=0x00007f03e8000518 is an unknown value
R8 =0x00007f042818ce90 is an unknown value
R9 =0x0000000000000000 is an unknown value
R10=0x0000000000000001 is an unknown value
R11=0x00007f03e800eaf0 is an unknown value
R12=0x0000000000000017 is an unknown value
R13=0x00007f03e8000528 is an unknown value
R14=0x00007f0428194000 is a thread
R15=0x00007f0411c5b9e7 is pointing into the stack for thread: 0x00007f0428194000


Stack: [0x00007f0411b5c000,0x00007f0411c5d000],  sp=0x00007f0411c5b8c8,  free space=1022k
Native frames: (J=compiled Java code, j=interpreted, Vv=VM code, C=native code)
C  0x00007f03e8000508
V  [libjvm.so+0x739efe]