#
# There is insufficient memory for the Java Runtime Environment to continue.
# Native memory allocation (mmap) failed to map 175636480 bytes for committing reserved memory.
# Possible reasons:
#   The system is out of physical RAM or swap space
#   In 32 bit mode, the process size limit was hit
# Possible solutions:
#   Reduce memory load on the system
#   Increase physical memory or swap space
#   Check if swap backing store is full
#   Use 64 bit Java on a 64 bit OS
#   Decrease Java heap size (-Xmx/-Xms)
#   Decrease number of Java threads
#   Decrease Java thread stack sizes (-Xss)
#   Set larger code cache with -XX:ReservedCodeCacheSize=
# This output file may be truncated or incomplete.
#
#  Out of Memory Error (os_linux.cpp:2627), pid=30650, tid=0x00007f2a7c9f9700
#
# JRE version: Java(TM) SE Runtime Environment (8.0_101-b13) (build 1.8.0_101-b13)
# Java VM: Java HotSpot(TM) 64-Bit Server VM (25.101-b13 mixed mode linux-amd64 compressed oops)
# Core dump written. Default location: /home/ike/github/goddess-java/core or core.30650
#

---------------  T H R E A D  ---------------

Current thread (0x00007f2a8c076800):  VMThread [stack: 0x00007f2a7c8f9000,0x00007f2a7c9fa000] [id=30659]

Stack: [0x00007f2a7c8f9000,0x00007f2a7c9fa000],  sp=0x00007f2a7c9f80a0,  free space=1020k
Native frames: (J=compiled Java code, j=interpreted, Vv=VM code, C=native code)
V  [libjvm.so+0xac3f0a]  VMError::report_and_die()+0x2ba
V  [libjvm.so+0x4fbf9b]  report_vm_out_of_memory(char const*, int, unsigned long, VMErrorType, char const*)+0x8b
V  [libjvm.so+0x9222d3]  os::Linux::commit_memory_impl(char*, unsigned long, bool)+0x103
V  [libjvm.so+0x922829]  os::pd_commit_memory(char*, unsigned long, unsigned long, bool)+0x29
V  [libjvm.so+0x91cb2a]  os::commit_memory(char*, unsigned long, unsigned long, bool)+0x2a
V  [libjvm.so+0x991053]  PSVirtualSpace::expand_by(unsigned long)+0x53
V  [libjvm.so+0x981920]  PSOldGen::expand(unsigned long)+0x170
V  [libjvm.so+0x981b2b]  PSOldGen::resize(unsigned long)+0x1cb
V  [libjvm.so+0x989821]  PSParallelCompact::invoke_no_policy(bool)+0x991
V  [libjvm.so+0x98f17d]  PSScavenge::invoke()+0x1ad
V  [libjvm.so+0x945fc0]  ParallelScavengeHeap::failed_mem_allocate(unsigned long)+0x70
V  [libjvm.so+0xac5927]  VM_ParallelGCFailedAllocation::doit()+0x97
V  [libjvm.so+0xacd405]  VM_Operation::evaluate()+0x55
V  [libjvm.so+0xacb7da]  VMThread::evaluate_operation(VM_Operation*)+0xba
V  [libjvm.so+0xacbb5e]  VMThread::loop()+0x1ce
V  [libjvm.so+0xacbfd0]  VMThread::run()+0x70
V  [libjvm.so+0x924698]  java_start(Thread*)+0x108

VM_Operation (0x00007f2a6c810cb0): ParallelGCFailedAllocation, mode: safepoint, requested by thread 0x00007f2a2c007800


---------------  P R O C E S S  ---------------

Java Threads: ( => current thread )
  0x00007f2a1400a800 JavaThread "Asynchronous log dispatcher for org.gradle.launcher.daemon.server.DefaultDaemonConnection@4d8e18b7" [_thread_blocked, id=4975, stack(0x00007f2a6c211000,0x00007f2a6c312000)]
  0x00007f2a2c006000 JavaThread "Cancel handler" [_thread_blocked, id=4974, stack(0x00007f2a6c312000,0x00007f2a6c413000)]
  0x00007f2a2c009800 JavaThread "Handler for socket connection from /127.0.0.1:34999 to /127.0.0.1:43024" [_thread_in_native, id=4973, stack(0x00007f2a6c413000,0x00007f2a6c514000)]
  0x00007f2a2c007800 JavaThread "Daemon worker Thread 6" [_thread_blocked, id=4763, stack(0x00007f2a6c714000,0x00007f2a6c815000)]
  0x00007f2a3801a000 JavaThread "Daemon Thread 6" [_thread_blocked, id=4760, stack(0x00007f2a6c815000,0x00007f2a6c916000)]
  0x00007f2a28f5c800 JavaThread "File lock request listener" [_thread_in_native, id=30680, stack(0x00007f2a5058d000,0x00007f2a5068e000)]
  0x00007f2a8cce3800 JavaThread "Incoming local TCP Connector on port 34999" [_thread_in_native, id=30669, stack(0x00007f2a6cb1d000,0x00007f2a6cc1e000)]
  0x00007f2a8cca9000 JavaThread "pool-1-thread-1" [_thread_blocked, id=30668, stack(0x00007f2a6cc1e000,0x00007f2a6cd1f000)]
  0x00007f2a8c0c7000 JavaThread "Service Thread" daemon [_thread_blocked, id=30666, stack(0x00007f2a7c1f2000,0x00007f2a7c2f3000)]
  0x00007f2a8c0bc000 JavaThread "C1 CompilerThread2" daemon [_thread_blocked, id=30665, stack(0x00007f2a7c2f3000,0x00007f2a7c3f4000)]
  0x00007f2a8c0ba000 JavaThread "C2 CompilerThread1" daemon [_thread_blocked, id=30664, stack(0x00007f2a7c3f4000,0x00007f2a7c4f5000)]
  0x00007f2a8c0b7000 JavaThread "C2 CompilerThread0" daemon [_thread_blocked, id=30663, stack(0x00007f2a7c4f5000,0x00007f2a7c5f6000)]
  0x00007f2a8c0b5800 JavaThread "Signal Dispatcher" daemon [_thread_blocked, id=30662, stack(0x00007f2a7c5f6000,0x00007f2a7c6f7000)]
  0x00007f2a8c083000 JavaThread "Finalizer" daemon [_thread_blocked, id=30661, stack(0x00007f2a7c6f7000,0x00007f2a7c7f8000)]
  0x00007f2a8c07e800 JavaThread "Reference Handler" daemon [_thread_blocked, id=30660, stack(0x00007f2a7c7f8000,0x00007f2a7c8f9000)]
  0x00007f2a8c008000 JavaThread "main" [_thread_blocked, id=30654, stack(0x00007f2a949a7000,0x00007f2a94aa8000)]

Other Threads:
=>0x00007f2a8c076800 VMThread [stack: 0x00007f2a7c8f9000,0x00007f2a7c9fa000] [id=30659]
  0x00007f2a8c0c9800 WatcherThread [stack: 0x00007f2a7c0f1000,0x00007f2a7c1f2000] [id=30667]

VM state:at safepoint (normal execution)

VM Mutex/Monitor currently owned by a thread:  ([mutex/lock_event])
[0x00007f2a8c005b80] ExpandHeap_lock - owner thread: 0x00007f2a8c076800
[0x00007f2a8c006200] Threads_lock - owner thread: 0x00007f2a8c076800
[0x00007f2a8c006700] Heap_lock - owner thread: 0x00007f2a2c007800

Heap:
 PSYoungGen      total 339456K, used 0K [0x00000000eab00000, 0x0000000100000000, 0x0000000100000000)
  eden space 329728K, 0% used [0x00000000eab00000,0x00000000eab00000,0x00000000fed00000)
  from space 9728K, 0% used [0x00000000fed00000,0x00000000fed00000,0x00000000ff680000)
  to   space 9728K, 0% used [0x00000000ff680000,0x00000000ff680000,0x0000000100000000)
 ParOldGen       total 494080K, used 379525K [0x00000000c0000000, 0x00000000de280000, 0x00000000eab00000)
  object space 494080K, 76% used [0x00000000c0000000,0x00000000d72a15b0,0x00000000de280000)
 Metaspace       used 73965K, capacity 86356K, committed 87040K, reserved 1122304K
  class space    used 9729K, capacity 13865K, committed 14080K, reserved 1048576K

Card table byte_map: [0x00007f2a91b82000,0x00007f2a91d83000] byte_map_base: 0x00007f2a91582000

Marking Bits: (ParMarkBitMap*) 0x00007f2a93e7d120
 Begin Bits: [0x00007f2a6e000000, 0x00007f2a6f000000)
 End Bits:   [0x00007f2a6f000000, 0x00007f2a70000000)

Polling page: 0x00007f2a94ac3000

CodeCache: size=245760Kb used=75176Kb max_used=75249Kb free=170583Kb
 bounds [0x00007f2a7d000000, 0x00007f2a81a10000, 0x00007f2a8c000000]
 total_blobs=19812 nmethods=19038 adapters=685
 compilation: enabled

Compilation events (10 events):
Event: 2985.742 Thread 0x00007f2a8c0bc000 27197       3       io.spring.gradle.dependencymanagement.org.apache.maven.model.io.xpp3.MavenXpp3Reader::parseNotifier (413 bytes)
Event: 2985.749 Thread 0x00007f2a8c0bc000 nmethod 27197 0x00007f2a80f54d10 code [0x00007f2a80f55460, 0x00007f2a80f59ba8]
Event: 2985.749 Thread 0x00007f2a8c0bc000 27198   !   3       io.spring.gradle.dependencymanagement.org.apache.maven.model.Notifier::clone (94 bytes)
Event: 2985.750 Thread 0x00007f2a8c0bc000 nmethod 27198 0x00007f2a80a40390 code [0x00007f2a80a40620, 0x00007f2a80a41868]
Event: 2986.800 Thread 0x00007f2a8c0b7000 27199       4       java.lang.Thread::interrupted (8 bytes)
Event: 2987.016 Thread 0x00007f2a8c0ba000 27200       4       sun.management.ManagementFactoryHelper::getMemoryPoolMXBeans (51 bytes)
Event: 2992.263 Thread 0x00007f2a8c0b7000 nmethod 27199 0x00007f2a80807a50 code [0x00007f2a80807ba0, 0x00007f2a80807c28]
Event: 2992.292 Thread 0x00007f2a8c0b7000 27201       4       org.gradle.launcher.daemon.server.health.gc.GarbageCollectionCheck::run (127 bytes)
Event: 2996.052 Thread 0x00007f2a8c0ba000 nmethod 27200 0x00007f2a7ecaa190 code [0x00007f2a7ecaa320, 0x00007f2a7ecaaad8]
Event: 3004.562 Thread 0x00007f2a8c0b7000 nmethod 27201 0x00007f2a81a02ed0 code [0x00007f2a81a03480, 0x00007f2a81a079d0]

GC Heap History (10 events):
Event: 2970.322 GC heap after
Heap after GC invocations=230 (full 9):
 PSYoungGen      total 339456K, used 5120K [0x00000000eab00000, 0x0000000100000000, 0x0000000100000000)
  eden space 329728K, 0% used [0x00000000eab00000,0x00000000eab00000,0x00000000fed00000)
  from space 9728K, 52% used [0x00000000fed00000,0x00000000ff200000,0x00000000ff680000)
  to   space 9728K, 0% used [0x00000000ff680000,0x00000000ff680000,0x0000000100000000)
 ParOldGen       total 494080K, used 468496K [0x00000000c0000000, 0x00000000de280000, 0x00000000eab00000)
  object space 494080K, 94% used [0x00000000c0000000,0x00000000dc984320,0x00000000de280000)
 Metaspace       used 73962K, capacity 86356K, committed 87040K, reserved 1122304K
  class space    used 9729K, capacity 13865K, committed 14080K, reserved 1048576K
}
Event: 2975.274 GC heap before
{Heap before GC invocations=231 (full 9):
 PSYoungGen      total 339456K, used 334848K [0x00000000eab00000, 0x0000000100000000, 0x0000000100000000)
  eden space 329728K, 100% used [0x00000000eab00000,0x00000000fed00000,0x00000000fed00000)
  from space 9728K, 52% used [0x00000000fed00000,0x00000000ff200000,0x00000000ff680000)
  to   space 9728K, 0% used [0x00000000ff680000,0x00000000ff680000,0x0000000100000000)
 ParOldGen       total 494080K, used 468496K [0x00000000c0000000, 0x00000000de280000, 0x00000000eab00000)
  object space 494080K, 94% used [0x00000000c0000000,0x00000000dc984320,0x00000000de280000)
 Metaspace       used 73962K, capacity 86356K, committed 87040K, reserved 1122304K
  class space    used 9729K, capacity 13865K, committed 14080K, reserved 1048576K
Event: 2975.290 GC heap after
Heap after GC invocations=231 (full 9):
 PSYoungGen      total 339456K, used 7232K [0x00000000eab00000, 0x0000000100000000, 0x0000000100000000)
  eden space 329728K, 0% used [0x00000000eab00000,0x00000000eab00000,0x00000000fed00000)
  from space 9728K, 74% used [0x00000000ff680000,0x00000000ffd90000,0x0000000100000000)
  to   space 9728K, 0% used [0x00000000fed00000,0x00000000fed00000,0x00000000ff680000)
 ParOldGen       total 494080K, used 473060K [0x00000000c0000000, 0x00000000de280000, 0x00000000eab00000)
  object space 494080K, 95% used [0x00000000c0000000,0x00000000dcdf9370,0x00000000de280000)
 Metaspace       used 73962K, capacity 86356K, committed 87040K, reserved 1122304K
  class space    used 9729K, capacity 13865K, committed 14080K, reserved 1048576K
}
Event: 2976.293 GC heap before
{Heap before GC invocations=232 (full 9):
 PSYoungGen      total 339456K, used 336960K [0x00000000eab00000, 0x0000000100000000, 0x0000000100000000)
  eden space 329728K, 100% used [0x00000000eab00000,0x00000000fed00000,0x00000000fed00000)
  from space 9728K, 74% used [0x00000000ff680000,0x00000000ffd90000,0x0000000100000000)
  to   space 9728K, 0% used [0x00000000fed00000,0x00000000fed00000,0x00000000ff680000)
 ParOldGen       total 494080K, used 473060K [0x00000000c0000000, 0x00000000de280000, 0x00000000eab00000)
  object space 494080K, 95% used [0x00000000c0000000,0x00000000dcdf9370,0x00000000de280000)
 Metaspace       used 73962K, capacity 86356K, committed 87040K, reserved 1122304K
  class space    used 9729K, capacity 13865K, committed 14080K, reserved 1048576K
Event: 2976.334 GC heap after
Heap after GC invocations=232 (full 9):
 PSYoungGen      total 339456K, used 7744K [0x00000000eab00000, 0x0000000100000000, 0x0000000100000000)
  eden space 329728K, 0% used [0x00000000eab00000,0x00000000eab00000,0x00000000fed00000)
  from space 9728K, 79% used [0x00000000fed00000,0x00000000ff490000,0x00000000ff680000)
  to   space 9728K, 0% used [0x00000000ff680000,0x00000000ff680000,0x0000000100000000)
 ParOldGen       total 494080K, used 479496K [0x00000000c0000000, 0x00000000de280000, 0x00000000eab00000)
  object space 494080K, 97% used [0x00000000c0000000,0x00000000dd4423e0,0x00000000de280000)
 Metaspace       used 73962K, capacity 86356K, committed 87040K, reserved 1122304K
  class space    used 9729K, capacity 13865K, committed 14080K, reserved 1048576K
}
Event: 2979.001 GC heap before
{Heap before GC invocations=233 (full 9):
 PSYoungGen      total 339456K, used 337472K [0x00000000eab00000, 0x0000000100000000, 0x0000000100000000)
  eden space 329728K, 100% used [0x00000000eab00000,0x00000000fed00000,0x00000000fed00000)
  from space 9728K, 79% used [0x00000000fed00000,0x00000000ff490000,0x00000000ff680000)
  to   space 9728K, 0% used [0x00000000ff680000,0x00000000ff680000,0x0000000100000000)
 ParOldGen       total 494080K, used 479496K [0x00000000c0000000, 0x00000000de280000, 0x00000000eab00000)
  object space 494080K, 97% used [0x00000000c0000000,0x00000000dd4423e0,0x00000000de280000)
 Metaspace       used 73962K, capacity 86356K, committed 87040K, reserved 1122304K
  class space    used 9729K, capacity 13865K, committed 14080K, reserved 1048576K
Event: 2979.031 GC heap after
Heap after GC invocations=233 (full 9):
 PSYoungGen      total 339456K, used 5024K [0x00000000eab00000, 0x0000000100000000, 0x0000000100000000)
  eden space 329728K, 0% used [0x00000000eab00000,0x00000000eab00000,0x00000000fed00000)
  from space 9728K, 51% used [0x00000000ff680000,0x00000000ffb68000,0x0000000100000000)
  to   space 9728K, 0% used [0x00000000fed00000,0x00000000fed00000,0x00000000ff680000)
 ParOldGen       total 494080K, used 485356K [0x00000000c0000000, 0x00000000de280000, 0x00000000eab00000)
  object space 494080K, 98% used [0x00000000c0000000,0x00000000dd9fb3f0,0x00000000de280000)
 Metaspace       used 73962K, capacity 86356K, committed 87040K, reserved 1122304K
  class space    used 9729K, capacity 13865K, committed 14080K, reserved 1048576K
}
Event: 3033.420 GC heap before
{Heap before GC invocations=234 (full 9):
 PSYoungGen      total 339456K, used 334752K [0x00000000eab00000, 0x0000000100000000, 0x0000000100000000)
  eden space 329728K, 100% used [0x00000000eab00000,0x00000000fed00000,0x00000000fed00000)
  from space 9728K, 51% used [0x00000000ff680000,0x00000000ffb68000,0x0000000100000000)
  to   space 9728K, 0% used [0x00000000fed00000,0x00000000fed00000,0x00000000ff680000)
 ParOldGen       total 494080K, used 485356K [0x00000000c0000000, 0x00000000de280000, 0x00000000eab00000)
  object space 494080K, 98% used [0x00000000c0000000,0x00000000dd9fb3f0,0x00000000de280000)
 Metaspace       used 73965K, capacity 86356K, committed 87040K, reserved 1122304K
  class space    used 9729K, capacity 13865K, committed 14080K, reserved 1048576K
Event: 3034.159 GC heap after
Heap after GC invocations=234 (full 9):
 PSYoungGen      total 339456K, used 6304K [0x00000000eab00000, 0x0000000100000000, 0x0000000100000000)
  eden space 329728K, 0% used [0x00000000eab00000,0x00000000eab00000,0x00000000fed00000)
  from space 9728K, 64% used [0x00000000fed00000,0x00000000ff328000,0x00000000ff680000)
  to   space 9728K, 0% used [0x00000000ff680000,0x00000000ff680000,0x0000000100000000)
 ParOldGen       total 494080K, used 489025K [0x00000000c0000000, 0x00000000de280000, 0x00000000eab00000)
  object space 494080K, 98% used [0x00000000c0000000,0x00000000ddd90460,0x00000000de280000)
 Metaspace       used 73965K, capacity 86356K, committed 87040K, reserved 1122304K
  class space    used 9729K, capacity 13865K, committed 14080K, reserved 1048576K
}
Event: 3034.163 GC heap before
{Heap before GC invocations=235 (full 10):
 PSYoungGen      total 339456K, used 6304K [0x00000000eab00000, 0x0000000100000000, 0x0000000100000000)
  eden space 329728K, 0% used [0x00000000eab00000,0x00000000eab00000,0x00000000fed00000)
  from space 9728K, 64% used [0x00000000fed00000,0x00000000ff328000,0x00000000ff680000)
  to   space 9728K, 0% used [0x00000000ff680000,0x00000000ff680000,0x0000000100000000)
 ParOldGen       total 494080K, used 489025K [0x00000000c0000000, 0x00000000de280000, 0x00000000eab00000)
  object space 494080K, 98% used [0x00000000c0000000,0x00000000ddd90460,0x00000000de280000)
 Metaspace       used 73965K, capacity 86356K, committed 87040K, reserved 1122304K
  class space    used 9729K, capacity 13865K, committed 14080K, reserved 1048576K

Deoptimization events (10 events):
Event: 2945.284 Thread 0x00007f2a2c007800 Uncommon trap: reason=unstable_if action=reinterpret pc=0x00007f2a7e1cbe20 method=java.lang.ref.SoftReference.get()Ljava/lang/Object; @ 6
Event: 2945.286 Thread 0x00007f2a2c007800 Uncommon trap: reason=unstable_if action=reinterpret pc=0x00007f2a7e145418 method=java.lang.ref.SoftReference.get()Ljava/lang/Object; @ 6
Event: 2945.286 Thread 0x00007f2a2c007800 Uncommon trap: reason=unstable_if action=reinterpret pc=0x00007f2a7d234a1c method=java.lang.ref.SoftReference.get()Ljava/lang/Object; @ 6
Event: 2945.286 Thread 0x00007f2a2c007800 Uncommon trap: reason=unstable_if action=reinterpret pc=0x00007f2a7debf4a8 method=java.lang.ref.SoftReference.get()Ljava/lang/Object; @ 6
Event: 2945.288 Thread 0x00007f2a2c007800 Uncommon trap: reason=unstable_if action=reinterpret pc=0x00007f2a7fcfb138 method=java.lang.ref.SoftReference.get()Ljava/lang/Object; @ 6
Event: 2945.289 Thread 0x00007f2a2c007800 Uncommon trap: reason=predicate action=maybe_recompile pc=0x00007f2a8111e9a4 method=java.util.ComparableTimSort.mergeHi(IIII)V @ 185
Event: 2945.289 Thread 0x00007f2a2c007800 Uncommon trap: reason=array_check action=maybe_recompile pc=0x00007f2a811275c4 method=java.util.ComparableTimSort.mergeLo(IIII)V @ 81
Event: 2945.290 Thread 0x00007f2a2c007800 Uncommon trap: reason=array_check action=maybe_recompile pc=0x00007f2a811275c4 method=java.util.ComparableTimSort.mergeLo(IIII)V @ 81
Event: 2945.290 Thread 0x00007f2a2c007800 Uncommon trap: reason=array_check action=maybe_recompile pc=0x00007f2a811275c4 method=java.util.ComparableTimSort.mergeLo(IIII)V @ 81
Event: 2979.837 Thread 0x00007f2a1400a800 Uncommon trap: reason=unstable_if action=reinterpret pc=0x00007f2a8100ad5c method=java.util.concurrent.locks.AbstractQueuedSynchronizer.transferAfterCancelledWait(Ljava/util/concurrent/locks/AbstractQueuedSynchronizer$Node;)Z @ 7

Internal exceptions (10 events):
Event: 2945.049 Thread 0x00007f2a2c007800 Exception <a 'java/lang/ClassNotFoundException': build_13f5dnbuwlebpsip6c0j6btwkCustomizer> (0x00000000ee313018) thrown at [/HUDSON3/workspace/8-2-build-linux-amd64/jdk8u101/7261/hotspot/src/share/vm/classfile/systemDictionary.cpp, line 210]
Event: 2945.080 Thread 0x00007f2a2c007800 Exception <a 'java/lang/ClassNotFoundException': build_13f5dnbuwlebpsip6c0j6btwkBeanInfo> (0x00000000ee80a270) thrown at [/HUDSON3/workspace/8-2-build-linux-amd64/jdk8u101/7261/hotspot/src/share/vm/classfile/systemDictionary.cpp, line 210]
Event: 2945.080 Thread 0x00007f2a2c007800 Exception <a 'java/lang/ClassNotFoundException': build_13f5dnbuwlebpsip6c0j6btwkCustomizer> (0x00000000ee8140e0) thrown at [/HUDSON3/workspace/8-2-build-linux-amd64/jdk8u101/7261/hotspot/src/share/vm/classfile/systemDictionary.cpp, line 210]
Event: 2945.229 Thread 0x00007f2a2c007800 Exception <a 'java/lang/ClassNotFoundException': build_8vhar87vpd5623xkdqfgihbxjBeanInfo> (0x00000000effd9848) thrown at [/HUDSON3/workspace/8-2-build-linux-amd64/jdk8u101/7261/hotspot/src/share/vm/classfile/systemDictionary.cpp, line 210]
Event: 2945.229 Thread 0x00007f2a2c007800 Exception <a 'java/lang/ClassNotFoundException': build_8vhar87vpd5623xkdqfgihbxjCustomizer> (0x00000000effe25d0) thrown at [/HUDSON3/workspace/8-2-build-linux-amd64/jdk8u101/7261/hotspot/src/share/vm/classfile/systemDictionary.cpp, line 210]
Event: 2945.283 Thread 0x00007f2a2c007800 Implicit null exception at 0x00007f2a7ec9b075 to 0x00007f2a7ec9bbc1
Event: 2945.284 Thread 0x00007f2a2c007800 Implicit null exception at 0x00007f2a7e1c4494 to 0x00007f2a7e1cbe01
Event: 2945.285 Thread 0x00007f2a2c007800 Implicit null exception at 0x00007f2a7e144971 to 0x00007f2a7e1453f9
Event: 2945.286 Thread 0x00007f2a2c007800 Implicit null exception at 0x00007f2a7d233f71 to 0x00007f2a7d2349fd
Event: 2945.286 Thread 0x00007f2a2c007800 Implicit null exception at 0x00007f2a7debee00 to 0x00007f2a7debf495

Events (10 events):
Event: 2976.409 Executing VM operation: ParallelGCFailedAllocation done
Event: 2978.998 Executing VM operation: ParallelGCFailedAllocation
Event: 2979.033 Executing VM operation: ParallelGCFailedAllocation done
Event: 2979.638 Thread 0x00007f2a1400a800 Uncommon trap: trap_request=0xffffff65 fr.pc=0x00007f2a8100ad5c
Event: 2980.067 Thread 0x00007f2a1400a800 DEOPT PACKING pc=0x00007f2a8100ad5c sp=0x00007f2a6c3106c0
Event: 2980.156 Thread 0x00007f2a1400a800 DEOPT UNPACKING pc=0x00007f2a7d005229 sp=0x00007f2a6c310598 mode 2
Event: 3003.583 Executing VM operation: RevokeBias
Event: 3003.628 Executing VM operation: RevokeBias done
Event: 3003.628 Thread 0x00007f2a1400f800 Thread exited: 0x00007f2a1400f800
Event: 3033.367 Executing VM operation: ParallelGCFailedAllocation


Dynamic libraries:
00400000-00401000 r-xp 00000000 fd:02 1842668                            /home/ike/soft/jdk1.8.0_101/bin/java
00600000-00601000 rw-p 00000000 fd:02 1842668                            /home/ike/soft/jdk1.8.0_101/bin/java
00fec000-0100d000 rw-p 00000000 00:00 0                                  [heap]
c0000000-de280000 rw-p 00000000 00:00 0 
e8a00000-eab00000 ---p 00000000 00:00 0 
eab00000-100000000 rw-p 00000000 00:00 0 
100000000-100dc0000 rw-p 00000000 00:00 0 
100dc0000-140000000 ---p 00000000 00:00 0 
7f2a0c000000-7f2a0c021000 rw-p 00000000 00:00 0 
7f2a0c021000-7f2a10000000 ---p 00000000 00:00 0 
7f2a114c7000-7f2a11607000 rw-p 00000000 00:00 0 
7f2a11607000-7f2a116c7000 ---p 00000000 00:00 0 
7f2a116c7000-7f2a118c7000 rw-p 00000000 00:00 0 
7f2a118c7000-7f2a118f9000 r-xp 00000000 fd:02 1842760                    /home/ike/soft/jdk1.8.0_101/jre/lib/amd64/libsunec.so
7f2a118f9000-7f2a11af8000 ---p 00032000 fd:02 1842760                    /home/ike/soft/jdk1.8.0_101/jre/lib/amd64/libsunec.so
7f2a11af8000-7f2a11afe000 rw-p 00031000 fd:02 1842760                    /home/ike/soft/jdk1.8.0_101/jre/lib/amd64/libsunec.so
7f2a11afe000-7f2a11d0e000 rw-p 00000000 00:00 0 
7f2a11d0e000-7f2a11f0e000 rw-p 00000000 00:00 0 
7f2a11f0e000-7f2a1210e000 rw-p 00000000 00:00 0 
7f2a1210e000-7f2a1230e000 rw-p 00000000 00:00 0 
7f2a1230e000-7f2a1250e000 rw-p 00000000 00:00 0 
7f2a1250e000-7f2a1270e000 rw-p 00000000 00:00 0 
7f2a1270e000-7f2a1290e000 rw-p 00000000 00:00 0 
7f2a1290e000-7f2a12b0e000 rw-p 00000000 00:00 0 
7f2a12b0e000-7f2a12d0e000 rw-p 00000000 00:00 0 
7f2a12d35000-7f2a12d48000 r--s 00345000 fd:02 1842973                    /home/ike/soft/jdk1.8.0_101/jre/lib/resources.jar
7f2a12d48000-7f2a12f48000 rw-p 00000000 00:00 0 
7f2a12f48000-7f2a12fb8000 r--s 00643000 fd:02 4850911                    /home/ike/.gradle/caches/jars-2/8cxlnul3q31hn64oaeyb96yvefwfs4h/groovy-all-2.4.6.jar
7f2a12fb8000-7f2a12ff4000 r--s 0054a000 fd:02 4199280                    /home/ike/.gradle/caches/jars-2/qd193ahkzb9aqci3ajr6o3ew31b2y5e/sdk-tools.jar
7f2a12ff4000-7f2a131f4000 rw-p 00000000 00:00 0 
7f2a131fa000-7f2a13200000 r--s 0003f000 fd:02 1842827                    /home/ike/soft/jdk1.8.0_101/jre/lib/ext/sunjce_provider.jar
7f2a13200000-7f2a13400000 rw-p 00000000 00:00 0 
7f2a13400000-7f2a13600000 rw-p 00000000 00:00 0 
7f2a13600000-7f2a13800000 rw-p 00000000 00:00 0 
7f2a13800000-7f2a13a00000 rw-p 00000000 00:00 0 
7f2a13a00000-7f2a13c00000 rw-p 00000000 00:00 0 
7f2a13c00000-7f2a13e00000 rw-p 00000000 00:00 0 
7f2a13e00000-7f2a14000000 rw-p 00000000 00:00 0 
7f2a14000000-7f2a14649000 rw-p 00000000 00:00 0 
7f2a14649000-7f2a18000000 ---p 00000000 00:00 0 
7f2a18000000-7f2a18021000 rw-p 00000000 00:00 0 
7f2a18021000-7f2a1c000000 ---p 00000000 00:00 0 
7f2a1c000000-7f2a1c021000 rw-p 00000000 00:00 0 
7f2a1c021000-7f2a20000000 ---p 00000000 00:00 0 
7f2a20000000-7f2a20021000 rw-p 00000000 00:00 0 
7f2a20021000-7f2a24000000 ---p 00000000 00:00 0 
7f2a24000000-7f2a24021000 rw-p 00000000 00:00 0 
7f2a24021000-7f2a28000000 ---p 00000000 00:00 0 
7f2a28000000-7f2a294bd000 rw-p 00000000 00:00 0 
7f2a294bd000-7f2a2c000000 ---p 00000000 00:00 0 
7f2a2c000000-7f2a2c02d000 rw-p 00000000 00:00 0 
7f2a2c02d000-7f2a30000000 ---p 00000000 00:00 0 
7f2a30000000-7f2a307ec000 rw-p 00000000 00:00 0 
7f2a307ec000-7f2a34000000 ---p 00000000 00:00 0 
7f2a34000000-7f2a34021000 rw-p 00000000 00:00 0 
7f2a34021000-7f2a38000000 ---p 00000000 00:00 0 
7f2a38000000-7f2a3806b000 rw-p 00000000 00:00 0 
7f2a3806b000-7f2a3c000000 ---p 00000000 00:00 0 
7f2a3c000000-7f2a3c021000 rw-p 00000000 00:00 0 
7f2a3c021000-7f2a40000000 ---p 00000000 00:00 0 
7f2a40000000-7f2a40021000 rw-p 00000000 00:00 0 
7f2a40021000-7f2a44000000 ---p 00000000 00:00 0 
7f2a44000000-7f2a46119000 rw-p 00000000 00:00 0 
7f2a46119000-7f2a48000000 ---p 00000000 00:00 0 
7f2a48000000-7f2a499f7000 rw-p 00000000 00:00 0 
7f2a499f7000-7f2a4c000000 ---p 00000000 00:00 0 
7f2a4c000000-7f2a4e5de000 rw-p 00000000 00:00 0 
7f2a4e5de000-7f2a50000000 ---p 00000000 00:00 0 
7f2a50003000-7f2a50004000 r--s 00009000 fd:02 1842826                    /home/ike/soft/jdk1.8.0_101/jre/lib/ext/sunec.jar
7f2a50004000-7f2a50007000 r--s 0001a000 fd:02 1843003                    /home/ike/soft/jdk1.8.0_101/jre/lib/jce.jar
7f2a50007000-7f2a5000d000 r--s 00090000 fd:02 4331246                    /home/ike/.gradle/caches/jars-2/qauj2f83l0pgdrcrj4wbs6jknfwt2ls/gradle-tooling-extension-impl.jar
7f2a5000d000-7f2a50012000 r--s 00034000 fd:02 4850907                    /home/ike/.gradle/caches/jars-2/c74d41v3l7o57dyhdc4xhdfblc3m2cw/gson-2.5.jar
7f2a50012000-7f2a50021000 r--s 000c9000 fd:02 4331243                    /home/ike/.gradle/caches/jars-2/fr2l9mfhjsuhcciv63l646xky1fo5wf/kotlin-runtime.jar
7f2a50021000-7f2a50022000 r--s 00003000 fd:02 4331186                    /home/ike/.gradle/caches/jars-2/rhj7sbsv67p9863gp8mt88k1jpu6gyw/grails-rt.jar
7f2a50022000-7f2a50064000 r--s 00220000 fd:02 4199272                    /home/ike/.gradle/caches/jars-2/ri4x4oyo3jh80t28a0fs849li371h5s/gradle-core-3.5.jar
7f2a50064000-7f2a5008c000 r--s 001cf000 fd:02 4589491                    /home/ike/.gradle/caches/jars-2/87eo0lrvp84r6dbxjq018wy66es2era/guava-jdk5-17.0.jar
7f2a5008c000-7f2a5008f000 ---p 00000000 00:00 0 
7f2a5008f000-7f2a5038d000 rw-p 00000000 00:00 0 
7f2a5038d000-7f2a5058d000 rw-p 00000000 00:00 0 
7f2a5058d000-7f2a50590000 ---p 00000000 00:00 0 
7f2a50590000-7f2a5088e000 rw-p 00000000 00:00 0 
7f2a5088e000-7f2a50a8e000 rw-p 00000000 00:00 0 
7f2a50a8e000-7f2a50c8e000 rw-p 00000000 00:00 0 
7f2a50c8e000-7f2a50e8e000 rw-p 00000000 00:00 0 
7f2a50e8e000-7f2a5108e000 rw-p 00000000 00:00 0 
7f2a5108e000-7f2a5128e000 rw-p 00000000 00:00 0 
7f2a5128e000-7f2a5148e000 rw-p 00000000 00:00 0 
7f2a5148e000-7f2a5168e000 rw-p 00000000 00:00 0 
7f2a5168e000-7f2a58000000 r--p 00000000 fd:00 666413                     /usr/lib/locale/locale-archive
7f2a58000000-7f2a58021000 rw-p 00000000 00:00 0 
7f2a58021000-7f2a5c000000 ---p 00000000 00:00 0 
7f2a5c000000-7f2a5c021000 rw-p 00000000 00:00 0 
7f2a5c021000-7f2a60000000 ---p 00000000 00:00 0 
7f2a60000000-7f2a60520000 rw-p 00000000 00:00 0 
7f2a60520000-7f2a64000000 ---p 00000000 00:00 0 
7f2a64000000-7f2a64021000 rw-p 00000000 00:00 0 
7f2a64021000-7f2a68000000 ---p 00000000 00:00 0 
7f2a68000000-7f2a68031000 rw-p 00000000 00:00 0 
7f2a68031000-7f2a6c000000 ---p 00000000 00:00 0 
7f2a6c000000-7f2a6c001000 r--s 00005000 fd:02 4199284                    /home/ike/.gradle/caches/jars-2/d29cn0riodjpgtj5qthgz3xrb31mow4/grails-gradle-tooling.jar
7f2a6c001000-7f2a6c002000 r--s 00003000 fd:02 4199282                    /home/ike/.gradle/caches/jars-2/2mdud6vxspub1aweyo0o87u4o3vbefe/kotlin-gradle-tooling.jar
7f2a6c002000-7f2a6c004000 r--s 0000e000 fd:02 4199286                    /home/ike/.gradle/caches/jars-2/dj4pp3bowpkbnm0u7h2xjtv1tpf9sof/android-extensions-ide.jar
7f2a6c004000-7f2a6c005000 r--s 00002000 fd:02 4199278                    /home/ike/.gradle/caches/jars-2/kbs55id9faqmrcbt8c6kekhethsz3ra/external-system-rt.jar
7f2a6c005000-7f2a6c007000 r--s 0000d000 fd:02 4199276                    /home/ike/.gradle/caches/jars-2/rufuy6n9i5mqnalusn3kuwj26xx2kto/gradle-tooling-extension-api.jar
7f2a6c007000-7f2a6c00e000 r--s 0002a000 fd:02 4199274                    /home/ike/.gradle/caches/jars-2/g9oyvuxb4fqraavu2i5h8eg0iyggmf8/gradle-messaging-3.5.jar
7f2a6c00e000-7f2a6c013000 r--s 00041000 fd:02 4850884                    /home/ike/.gradle/caches/jars-2/1i691ugm77z719iaqgz3wdl3b7s7ttu/commons-lang-2.6.jar
7f2a6c013000-7f2a6c01c000 r--s 00047000 fd:02 4199270                    /home/ike/.gradle/caches/jars-2/jjltamdj3e218r4nstr1of96pyu3416/gradle-base-services-3.5.jar
7f2a6c01c000-7f2a6c02a000 r--s 00043000 fd:02 4199268                    /home/ike/.gradle/caches/jars-2/ikoil7jqlobtzqrikx8ydmbx8ypjs2h/gradle-tooling-api-3.5.jar
7f2a6c02a000-7f2a6c031000 r--s 00063000 fd:02 4851094                    /home/ike/.gradle/caches/modules-2/files-2.1/org.springframework/springloaded/1.2.7.RELEASE/36be57f1a306cec1185b0276960fbe95dee08bf/springloaded-1.2.7.RELEASE.jar
7f2a6c031000-7f2a6c033000 r--s 0000e000 fd:02 6293012                    /home/ike/.gradle/caches/modules-2/files-2.1/commons-logging/commons-logging/1.2/4bfc12adfe4842bf07b657f0369c4cb522955686/commons-logging-1.2.jar
7f2a6c033000-7f2a6c04a000 r--s 000fb000 fd:02 6948934                    /home/ike/.gradle/caches/modules-2/files-2.1/org.springframework/spring-core/4.3.7.RELEASE/54fa2db94cc7222edc90ec71354e47cd1dc07f7b/spring-core-4.3.7.RELEASE.jar
7f2a6c04a000-7f2a6c058000 r--s 0009d000 fd:02 7995560                    /home/ike/.gradle/caches/modules-2/files-2.1/io.spring.gradle/dependency-management-plugin/1.0.0.RELEASE/d329501e7bf024f9557bdd66be4f8c4caf65769f/dependency-management-plugin-1.0.0.RELEASE.jar
7f2a6c058000-7f2a6c05b000 r--s 00022000 fd:02 7995558                    /home/ike/.gradle/caches/modules-2/files-2.1/org.springframework.boot/spring-boot-loader-tools/1.5.2.RELEASE/15c14c8a45c5876cb6389376eb6202c99e9e5d73/spring-boot-loader-tools-1.5.2.RELEASE.jar
7f2a6c05b000-7f2a6c05d000 r--s 0000b000 fd:02 4330090                    /home/ike/.gradle/caches/modules-2/files-2.1/org.springframework.boot/spring-boot-gradle-plugin/1.5.2.RELEASE/b3f123b179b0170c62c8a9ce33b47f9f28df4ca/spring-boot-gradle-plugin-1.5.2.RELEASE.jar
7f2a6c05d000-7f2a6c060000 ---p 00000000 00:00 0 
7f2a6c060000-7f2a6c096000 rw-p 00000000 00:00 0 
7f2a6c096000-7f2a6c097000 r--p 00000000 00:00 0 
7f2a6c097000-7f2a6c110000 r--s 010e5000 fd:02 1841890                    /home/ike/soft/jdk1.8.0_101/lib/tools.jar
7f2a6c110000-7f2a6c113000 ---p 00000000 00:00 0 
7f2a6c113000-7f2a6c211000 rw-p 00000000 00:00 0 
7f2a6c211000-7f2a6c214000 ---p 00000000 00:00 0 
7f2a6c214000-7f2a6c312000 rw-p 00000000 00:00 0 
7f2a6c312000-7f2a6c315000 ---p 00000000 00:00 0 
7f2a6c315000-7f2a6c413000 rw-p 00000000 00:00 0 
7f2a6c413000-7f2a6c416000 ---p 00000000 00:00 0 
7f2a6c416000-7f2a6c714000 rw-p 00000000 00:00 0 
7f2a6c714000-7f2a6c717000 ---p 00000000 00:00 0 
7f2a6c717000-7f2a6c815000 rw-p 00000000 00:00 0 
7f2a6c815000-7f2a6c818000 ---p 00000000 00:00 0 
7f2a6c818000-7f2a6c916000 rw-p 00000000 00:00 0 
7f2a6c916000-7f2a6c91d000 r--s 00000000 fd:00 1051165                    /usr/lib64/gconv/gconv-modules.cache
7f2a6c91d000-7f2a6cb1d000 rw-p 00000000 00:00 0 
7f2a6cb1d000-7f2a6cb20000 ---p 00000000 00:00 0 
7f2a6cb20000-7f2a6cc1e000 rw-p 00000000 00:00 0 
7f2a6cc1e000-7f2a6cc21000 ---p 00000000 00:00 0 
7f2a6cc21000-7f2a6cd1f000 rw-p 00000000 00:00 0 
7f2a6cd1f000-7f2a6cd28000 r-xp 00000000 fd:02 1842786                    /home/ike/soft/jdk1.8.0_101/jre/lib/amd64/libmanagement.so
7f2a6cd28000-7f2a6cf27000 ---p 00009000 fd:02 1842786                    /home/ike/soft/jdk1.8.0_101/jre/lib/amd64/libmanagement.so
7f2a6cf27000-7f2a6cf28000 rw-p 00008000 fd:02 1842786                    /home/ike/soft/jdk1.8.0_101/jre/lib/amd64/libmanagement.so
7f2a6cf28000-7f2a6cf2c000 r--s 00097000 fd:02 1842696                    /home/ike/soft/jdk1.8.0_101/jre/lib/jsse.jar
7f2a6cf2c000-7f2a6cf2d000 r--s 00007000 fd:02 2232836                    /home/ike/soft/gradle-3.2.1/lib/plugins/gradle-tooling-api-builders-3.2.1.jar
7f2a6cf2d000-7f2a6cf30000 r--s 00009000 fd:02 2232829                    /home/ike/soft/gradle-3.2.1/lib/plugins/gradle-testing-native-3.2.1.jar
7f2a6cf30000-7f2a6cf32000 r--s 00009000 fd:02 2232909                    /home/ike/soft/gradle-3.2.1/lib/plugins/hamcrest-core-1.3.jar
7f2a6cf32000-7f2a6cf38000 r--s 00033000 fd:02 2232903                    /home/ike/soft/gradle-3.2.1/lib/plugins/snakeyaml-1.6.jar
7f2a6cf38000-7f2a6cf3a000 r--s 00006000 fd:02 2232902                    /home/ike/soft/gradle-3.2.1/lib/plugins/jcommander-1.12.jar
7f2a6cf3a000-7f2a6cf3f000 r--s 00040000 fd:02 2232901                    /home/ike/soft/gradle-3.2.1/lib/plugins/bsh-2.0b4.jar
7f2a6cf3f000-7f2a6cf48000 r--s 00089000 fd:02 2232860                    /home/ike/soft/gradle-3.2.1/lib/plugins/testng-6.3.1.jar
7f2a6cf48000-7f2a6cf50000 r--s 00045000 fd:02 2232859                    /home/ike/soft/gradle-3.2.1/lib/plugins/junit-4.12.jar
7f2a6cf50000-7f2a6cf56000 r--s 0002e000 fd:02 2232830                    /home/ike/soft/gradle-3.2.1/lib/plugins/gradle-testing-jvm-3.2.1.jar
7f2a6cf56000-7f2a6cf5a000 r--s 00016000 fd:02 2232828                    /home/ike/soft/gradle-3.2.1/lib/plugins/gradle-testing-base-3.2.1.jar
7f2a6cf5a000-7f2a6cf5b000 r--s 00001000 fd:02 2232838                    /home/ike/soft/gradle-3.2.1/lib/plugins/gradle-task-cache-http-3.2.1.jar
7f2a6cf5b000-7f2a6cf62000 r--s 00038000 fd:02 2232854                    /home/ike/soft/gradle-3.2.1/lib/plugins/bcpg-jdk15on-1.51.jar
7f2a6cf62000-7f2a6cf64000 r--s 0000c000 fd:02 2232807                    /home/ike/soft/gradle-3.2.1/lib/plugins/gradle-signing-3.2.1.jar
7f2a6cf64000-7f2a6cf66000 r--s 00007000 fd:02 2232806                    /home/ike/soft/gradle-3.2.1/lib/plugins/gradle-scala-3.2.1.jar
7f2a6cf66000-7f2a6cf67000 r--s 00004000 fd:02 2232834                    /home/ike/soft/gradle-3.2.1/lib/plugins/gradle-resources-sftp-3.2.1.jar
7f2a6cf67000-7f2a6cf77000 r--s 00088000 fd:02 2232870                    /home/ike/soft/gradle-3.2.1/lib/plugins/joda-time-2.8.2.jar
7f2a6cf77000-7f2a6cf88000 r--s 0010d000 fd:02 2232869                    /home/ike/soft/gradle-3.2.1/lib/plugins/jackson-databind-2.6.6.jar
7f2a6cf88000-7f2a6cf8b000 r--s 00009000 fd:02 2232868                    /home/ike/soft/gradle-3.2.1/lib/plugins/jackson-annotations-2.6.6.jar
7f2a6cf8b000-7f2a6cf8f000 r--s 0003c000 fd:02 2232867                    /home/ike/soft/gradle-3.2.1/lib/plugins/jackson-core-2.6.6.jar
7f2a6cf8f000-7f2a6cf9d000 r--s 00087000 fd:02 2232866                    /home/ike/soft/gradle-3.2.1/lib/plugins/aws-java-sdk-core-1.11.6.jar
7f2a6cf9d000-7f2a6cfa4000 r--s 00057000 fd:02 2232865                    /home/ike/soft/gradle-3.2.1/lib/plugins/aws-java-sdk-kms-1.11.6.jar
7f2a6cfa4000-7f2a6cfb1000 r--s 0008e000 fd:02 2232864                    /home/ike/soft/gradle-3.2.1/lib/plugins/aws-java-sdk-s3-1.11.6.jar
7f2a6cfb1000-7f2a6cfb2000 r--s 00004000 fd:02 2232835                    /home/ike/soft/gradle-3.2.1/lib/plugins/gradle-resources-s3-3.2.1.jar
7f2a6cfb2000-7f2a6cfb4000 r--s 00005000 fd:02 2232858                    /home/ike/soft/gradle-3.2.1/lib/plugins/jatl-0.2.2.jar
7f2a6cfb4000-7f2a6cfb6000 r--s 0000f000 fd:02 2232812                    /home/ike/soft/gradle-3.2.1/lib/plugins/gradle-reporting-3.2.1.jar
7f2a6cfb6000-7f2a6cfb8000 r--s 00002000 fd:02 2232813                    /home/ike/soft/gradle-3.2.1/lib/plugins/gradle-publish-3.2.1.jar
7f2a6cfb8000-7f2a6cfba000 r--s 00009000 fd:02 2232841                    /home/ike/soft/gradle-3.2.1/lib/plugins/commons-cli-1.2.jar
7f2a6cfba000-7f2a6cfbf000 r--s 00031000 fd:02 2232798                    /home/ike/soft/gradle-3.2.1/lib/plugins/gradle-plugins-3.2.1.jar
7f2a6cfbf000-7f2a6cfc1000 r--s 00009000 fd:02 2232831                    /home/ike/soft/gradle-3.2.1/lib/plugins/gradle-plugin-development-3.2.1.jar
7f2a6cfc1000-7f2a6cfc7000 r--s 0002b000 fd:02 2232824                    /home/ike/soft/gradle-3.2.1/lib/plugins/gradle-platform-play-3.2.1.jar
7f2a6cfc7000-7f2a6cfd4000 r--s 00053000 fd:02 2232823                    /home/ike/soft/gradle-3.2.1/lib/plugins/gradle-platform-native-3.2.1.jar
7f2a6cfd4000-7f2a6cfd9000 r--s 0001f000 fd:02 2232818                    /home/ike/soft/gradle-3.2.1/lib/plugins/gradle-platform-jvm-3.2.1.jar
7f2a6cfd9000-7f2a6cfe1000 r--s 00027000 fd:02 2232817                    /home/ike/soft/gradle-3.2.1/lib/plugins/gradle-platform-base-3.2.1.jar
7f2a6cfe1000-7f2a6d009000 r--s 0021c000 fd:02 2232849                    /home/ike/soft/gradle-3.2.1/lib/plugins/biz.aQute.bndlib-3.2.0.jar
7f2a6d009000-7f2a6d00b000 r--s 00003000 fd:02 2232802                    /home/ike/soft/gradle-3.2.1/lib/plugins/gradle-osgi-3.2.1.jar
7f2a6d00b000-7f2a6d00e000 r--s 0000c000 fd:02 2232852                    /home/ike/soft/gradle-3.2.1/lib/plugins/pmaven-groovy-0.8-20100325.jar
7f2a6d00e000-7f2a6d00f000 r--s 00004000 fd:02 2232851                    /home/ike/soft/gradle-3.2.1/lib/plugins/pmaven-common-0.8-20100325.jar
7f2a6d00f000-7f2a6d015000 r--s 00023000 fd:02 2232803                    /home/ike/soft/gradle-3.2.1/lib/plugins/gradle-maven-3.2.1.jar
7f2a6d015000-7f2a6d018000 r--s 0000a000 fd:02 2232822                    /home/ike/soft/gradle-3.2.1/lib/plugins/gradle-language-scala-3.2.1.jar
7f2a6d018000-7f2a6d01e000 r--s 0001a000 fd:02 2232826                    /home/ike/soft/gradle-3.2.1/lib/plugins/gradle-language-native-3.2.1.jar
7f2a6d01e000-7f2a6d020000 r--s 00008000 fd:02 2232819                    /home/ike/soft/gradle-3.2.1/lib/plugins/gradle-language-jvm-3.2.1.jar
7f2a6d020000-7f2a6d026000 r--s 00026000 fd:02 2232820                    /home/ike/soft/gradle-3.2.1/lib/plugins/gradle-language-java-3.2.1.jar
7f2a6d026000-7f2a6d028000 r--s 0000a000 fd:02 2232821                    /home/ike/soft/gradle-3.2.1/lib/plugins/gradle-language-groovy-3.2.1.jar
7f2a6d028000-7f2a6d02b000 r--s 0001e000 fd:02 2232876                    /home/ike/soft/gradle-3.2.1/lib/plugins/jsp-api-2.1-6.1.14.jar
7f2a6d02b000-7f2a6d04e000 r--s 00344000 fd:02 2232875                    /home/ike/soft/gradle-3.2.1/lib/plugins/core-3.1.1.jar
7f2a6d04e000-7f2a6d04f000 r--s 00006000 fd:02 2232874                    /home/ike/soft/gradle-3.2.1/lib/plugins/jetty-naming-6.1.26.jar
7f2a6d04f000-7f2a6d050000 r--s 00002000 fd:02 2232848                    /home/ike/soft/gradle-3.2.1/lib/plugins/geronimo-annotation_1.0_spec-1.0.jar
7f2a6d050000-7f2a6d052000 r--s 00002000 fd:02 2232847                    /home/ike/soft/gradle-3.2.1/lib/plugins/jetty-annotations-6.1.26.jar
7f2a6d052000-7f2a6d063000 r--s 000ea000 fd:02 2232846                    /home/ike/soft/gradle-3.2.1/lib/plugins/jsp-2.1-6.1.14.jar
7f2a6d063000-7f2a6d065000 r--s 0000d000 fd:02 2232845                    /home/ike/soft/gradle-3.2.1/lib/plugins/jetty-plus-6.1.26.jar
7f2a6d065000-7f2a6d067000 r--s 0001f000 fd:02 2232844                    /home/ike/soft/gradle-3.2.1/lib/plugins/servlet-api-2.5-20081211.jar
7f2a6d067000-7f2a6d06b000 r--s 00028000 fd:02 2232843                    /home/ike/soft/gradle-3.2.1/lib/plugins/jetty-util-6.1.26.jar
7f2a6d06b000-7f2a6d072000 r--s 0007d000 fd:02 2232842                    /home/ike/soft/gradle-3.2.1/lib/plugins/jetty-6.1.26.jar
7f2a6d072000-7f2a6d074000 r--s 0000a000 fd:02 2232800                    /home/ike/soft/gradle-3.2.1/lib/plugins/gradle-jetty-3.2.1.jar
7f2a6d074000-7f2a6d07b000 r--s 00035000 fd:02 2232857                    /home/ike/soft/gradle-3.2.1/lib/plugins/simple-4.1.21.jar
7f2a6d07b000-7f2a6d087000 r--s 00100000 fd:02 2232855                    /home/ike/soft/gradle-3.2.1/lib/plugins/rhino-1.7R3.jar
7f2a6d087000-7f2a6d08b000 r--s 00012000 fd:02 2232809                    /home/ike/soft/gradle-3.2.1/lib/plugins/gradle-javascript-3.2.1.jar
7f2a6d08b000-7f2a6d08d000 r--s 0000c000 fd:02 2232815                    /home/ike/soft/gradle-3.2.1/lib/plugins/gradle-jacoco-3.2.1.jar
7f2a6d08d000-7f2a6d090000 r--s 0000e000 fd:02 2232814                    /home/ike/soft/gradle-3.2.1/lib/plugins/gradle-ivy-3.2.1.jar
7f2a6d090000-7f2a6d091000 r--s 00002000 fd:02 2232825                    /home/ike/soft/gradle-3.2.1/lib/plugins/gradle-ide-play-3.2.1.jar
7f2a6d091000-7f2a6d094000 r--s 00013000 fd:02 2232827                    /home/ike/soft/gradle-3.2.1/lib/plugins/gradle-ide-native-3.2.1.jar
7f2a6d094000-7f2a6d09e000 r--s 00054000 fd:02 2232804                    /home/ike/soft/gradle-3.2.1/lib/plugins/gradle-ide-3.2.1.jar
7f2a6d09e000-7f2a6d0a0000 r--s 00007000 fd:02 2232808                    /home/ike/soft/gradle-3.2.1/lib/plugins/gradle-ear-3.2.1.jar
7f2a6d0a0000-7f2a6d0a6000 r--s 00038000 fd:02 2232811                    /home/ike/soft/gradle-3.2.1/lib/plugins/gradle-diagnostics-3.2.1.jar
7f2a6d0a6000-7f2a6d0a8000 r--s 00008000 fd:02 2232837                    /home/ike/soft/gradle-3.2.1/lib/plugins/gradle-composite-builds-3.2.1.jar
7f2a6d0a8000-7f2a6d0ac000 r--s 00023000 fd:02 2232799                    /home/ike/soft/gradle-3.2.1/lib/plugins/gradle-code-quality-3.2.1.jar
7f2a6d0ac000-7f2a6d0b0000 r--s 00020000 fd:02 2232816                    /home/ike/soft/gradle-3.2.1/lib/plugins/gradle-build-init-3.2.1.jar
7f2a6d0b0000-7f2a6d0b6000 r--s 0008e000 fd:02 2232810                    /home/ike/soft/gradle-3.2.1/lib/plugins/gradle-build-comparison-3.2.1.jar
7f2a6d0b6000-7f2a6d0b8000 r--s 00008000 fd:02 2232801                    /home/ike/soft/gradle-3.2.1/lib/plugins/gradle-antlr-3.2.1.jar
7f2a6d0b8000-7f2a6d0ba000 r--s 00004000 fd:02 2232805                    /home/ike/soft/gradle-3.2.1/lib/plugins/gradle-announce-3.2.1.jar
7f2a6d0ba000-7f2a6d0d2000 r--s 00115000 fd:02 2232906                    /home/ike/soft/gradle-3.2.1/lib/plugins/xercesImpl-2.9.1.jar
7f2a6d0d2000-7f2a6d0da000 r--s 00028000 fd:02 2232907                    /home/ike/soft/gradle-3.2.1/lib/plugins/xml-apis-1.3.04.jar
7f2a6d0da000-7f2a6d0e0000 r--s 0005b000 fd:02 2232905                    /home/ike/soft/gradle-3.2.1/lib/plugins/jcifs-1.3.17.jar
7f2a6d0e0000-7f2a6d0e7000 r--s 00049000 fd:02 2232904                    /home/ike/soft/gradle-3.2.1/lib/plugins/httpcore-4.4.4.jar
7f2a6d0e7000-7f2a6d0ed000 r--s 00033000 fd:02 2232853                    /home/ike/soft/gradle-3.2.1/lib/plugins/commons-codec-1.6.jar
7f2a6d0ed000-7f2a6d0f0000 r--s 0001c000 fd:02 2232862                    /home/ike/soft/gradle-3.2.1/lib/plugins/nekohtml-1.9.14.jar
7f2a6d0f0000-7f2a6d0fd000 r--s 000a4000 fd:02 2232861                    /home/ike/soft/gradle-3.2.1/lib/plugins/httpclient-4.4.1.jar
7f2a6d0fd000-7f2a6d100000 r--s 0000a000 fd:02 2232833                    /home/ike/soft/gradle-3.2.1/lib/plugins/gradle-resources-http-3.2.1.jar
7f2a6d100000-7f2a6d104000 r--s 00015000 fd:02 2232832                    /home/ike/soft/gradle-3.2.1/lib/plugins/gradle-plugin-use-3.2.1.jar
7f2a6d104000-7f2a6d105000 r--s 00000000 fd:02 2232750                    /home/ike/soft/gradle-3.2.1/lib/gradle-installation-beacon-3.2.1.jar
7f2a6d105000-7f2a6d106000 r--s 00007000 fd:02 2232900                    /home/ike/soft/gradle-3.2.1/lib/plugins/wagon-http-shared4-2.4.jar
7f2a6d106000-7f2a6d10a000 r--s 00033000 fd:02 2232899                    /home/ike/soft/gradle-3.2.1/lib/plugins/plexus-utils-2.0.6.jar
7f2a6d10a000-7f2a6d10e000 r--s 00021000 fd:02 2232898                    /home/ike/soft/gradle-3.2.1/lib/plugins/maven-model-builder-3.0.4.jar
7f2a6d10e000-7f2a6d10f000 r--s 00002000 fd:02 2232897                    /home/ike/soft/gradle-3.2.1/lib/plugins/wagon-file-2.4.jar
7f2a6d10f000-7f2a6d111000 r--s 00002000 fd:02 2232896                    /home/ike/soft/gradle-3.2.1/lib/plugins/plexus-cipher-1.7.jar
7f2a6d111000-7f2a6d114000 r--s 00013000 fd:02 2232895                    /home/ike/soft/gradle-3.2.1/lib/plugins/aether-api-1.13.1.jar
7f2a6d114000-7f2a6d116000 r--s 0000a000 fd:02 2232894                    /home/ike/soft/gradle-3.2.1/lib/plugins/maven-settings-3.0.4.jar
7f2a6d116000-7f2a6d118000 r--s 0000d000 fd:02 2232893                    /home/ike/soft/gradle-3.2.1/lib/plugins/plexus-interpolation-1.14.jar
7f2a6d118000-7f2a6d11a000 r--s 0000b000 fd:02 2232892                    /home/ike/soft/gradle-3.2.1/lib/plugins/maven-artifact-3.0.4.jar
7f2a6d11a000-7f2a6d121000 r--s 0002e000 fd:02 2232891                    /home/ike/soft/gradle-3.2.1/lib/plugins/plexus-container-default-1.5.5.jar
7f2a6d121000-7f2a6d123000 r--s 0000b000 fd:02 2232890                    /home/ike/soft/gradle-3.2.1/lib/plugins/maven-plugin-api-3.0.4.jar
7f2a6d123000-7f2a6d125000 r--s 00000000 fd:02 2232908                    /home/ike/soft/gradle-3.2.1/lib/plugins/plexus-component-annotations-1.5.5.jar
7f2a6d125000-7f2a6d12b000 r--s 0003f000 fd:02 2232889                    /home/ike/soft/gradle-3.2.1/lib/plugins/maven-compat-3.0.4.jar
7f2a6d12b000-7f2a6d12e000 r--s 00008000 fd:02 2232888                    /home/ike/soft/gradle-3.2.1/lib/plugins/maven-settings-builder-3.0.4.jar
7f2a6d12e000-7f2a6d12f000 r--s 00002000 fd:02 2232887                    /home/ike/soft/gradle-3.2.1/lib/plugins/wagon-http-2.4.jar
7f2a6d12f000-7f2a6d131000 r--s 00026000 fd:02 2232886                    /home/ike/soft/gradle-3.2.1/lib/plugins/maven-model-3.0.4.jar
7f2a6d131000-7f2a6d133000 r--s 00006000 fd:02 2232885                    /home/ike/soft/gradle-3.2.1/lib/plugins/aether-connector-wagon-1.13.1.jar
7f2a6d133000-7f2a6d135000 r--s 0000a000 fd:02 2232884                    /home/ike/soft/gradle-3.2.1/lib/plugins/plexus-classworlds-2.4.jar
7f2a6d135000-7f2a6d137000 r--s 00006000 fd:02 2232883                    /home/ike/soft/gradle-3.2.1/lib/plugins/maven-repository-metadata-3.0.4.jar
7f2a6d137000-7f2a6d139000 r--s 0000c000 fd:02 2232882                    /home/ike/soft/gradle-3.2.1/lib/plugins/maven-aether-provider-3.0.4.jar
7f2a6d139000-7f2a6d13b000 r--s 0000b000 fd:02 2232881                    /home/ike/soft/gradle-3.2.1/lib/plugins/wagon-provider-api-2.4.jar
7f2a6d13b000-7f2a6d13c000 r--s 00003000 fd:02 2232880                    /home/ike/soft/gradle-3.2.1/lib/plugins/aether-spi-1.13.1.jar
7f2a6d13c000-7f2a6d13f000 r--s 0001d000 fd:02 2232879                    /home/ike/soft/gradle-3.2.1/lib/plugins/aether-impl-1.13.1.jar
7f2a6d13f000-7f2a6d143000 r--s 0001c000 fd:02 2232878                    /home/ike/soft/gradle-3.2.1/lib/plugins/aether-util-1.13.1.jar
7f2a6d143000-7f2a6d144000 r--s 00006000 fd:02 2232877                    /home/ike/soft/gradle-3.2.1/lib/plugins/plexus-sec-dispatcher-1.3.jar
7f2a6d144000-7f2a6d149000 r--s 00040000 fd:02 2232863                    /home/ike/soft/gradle-3.2.1/lib/plugins/jsch-0.1.53.jar
7f2a6d149000-7f2a6d189000 r--s 00277000 fd:02 2232873                    /home/ike/soft/gradle-3.2.1/lib/plugins/bcprov-jdk15on-1.51.jar
7f2a6d189000-7f2a6d195000 r--s 0007d000 fd:02 2232850                    /home/ike/soft/gradle-3.2.1/lib/plugins/maven-core-3.0.4.jar
7f2a6d195000-7f2a6d1b3000 r--s 000e2000 fd:02 2232839                    /home/ike/soft/gradle-3.2.1/lib/plugins/gradle-dependency-management-3.2.1.jar
7f2a6d1b3000-7f2a6d1c9000 r-xp 00000000 fd:00 664597                     /usr/lib64/libgcc_s-6.1.1-20160510.so.1
7f2a6d1c9000-7f2a6d3c8000 ---p 00016000 fd:00 664597                     /usr/lib64/libgcc_s-6.1.1-20160510.so.1
7f2a6d3c8000-7f2a6d3c9000 r--p 00015000 fd:00 664597                     /usr/lib64/libgcc_s-6.1.1-20160510.so.1
7f2a6d3c9000-7f2a6d3ca000 rw-p 00016000 fd:00 664597                     /usr/lib64/libgcc_s-6.1.1-20160510.so.1
7f2a6d3ca000-7f2a6d542000 r-xp 00000000 fd:00 665127                     /usr/lib64/libstdc++.so.6.0.22
7f2a6d542000-7f2a6d741000 ---p 00178000 fd:00 665127                     /usr/lib64/libstdc++.so.6.0.22
7f2a6d741000-7f2a6d74b000 r--p 00177000 fd:00 665127                     /usr/lib64/libstdc++.so.6.0.22
7f2a6d74b000-7f2a6d74d000 rw-p 00181000 fd:00 665127                     /usr/lib64/libstdc++.so.6.0.22
7f2a6d74d000-7f2a6d751000 rw-p 00000000 00:00 0 
7f2a6d751000-7f2a6d755000 r--s 0001d000 fd:02 2232872                    /home/ike/soft/gradle-3.2.1/lib/plugins/xbean-reflect-3.4.jar
7f2a6d755000-7f2a6d75a000 r--s 00034000 fd:02 2232856                    /home/ike/soft/gradle-3.2.1/lib/plugins/gson-2.7.jar
7f2a6d75a000-7f2a6d769000 r--s 000d9000 fd:02 2232871                    /home/ike/soft/gradle-3.2.1/lib/plugins/ivy-2.2.0.jar
7f2a6d769000-7f2a6d76e000 r-xp 00000000 fd:02 3149349                    /home/ike/.gradle/native/21/linux-amd64/libnative-platform.so
7f2a6d76e000-7f2a6d96d000 ---p 00005000 fd:02 3149349                    /home/ike/.gradle/native/21/linux-amd64/libnative-platform.so
7f2a6d96d000-7f2a6d96e000 rw-p 00004000 fd:02 3149349                    /home/ike/.gradle/native/21/linux-amd64/libnative-platform.so
7f2a6d96e000-7f2a6d97f000 r-xp 00000000 fd:02 1842775                    /home/ike/soft/jdk1.8.0_101/jre/lib/amd64/libnio.so
7f2a6d97f000-7f2a6db7e000 ---p 00011000 fd:02 1842775                    /home/ike/soft/jdk1.8.0_101/jre/lib/amd64/libnio.so
7f2a6db7e000-7f2a6db7f000 rw-p 00010000 fd:02 1842775                    /home/ike/soft/jdk1.8.0_101/jre/lib/amd64/libnio.so
7f2a6db7f000-7f2a6db95000 r-xp 00000000 fd:02 1842752                    /home/ike/soft/jdk1.8.0_101/jre/lib/amd64/libnet.so
7f2a6db95000-7f2a6dd95000 ---p 00016000 fd:02 1842752                    /home/ike/soft/jdk1.8.0_101/jre/lib/amd64/libnet.so
7f2a6dd95000-7f2a6dd96000 rw-p 00016000 fd:02 1842752                    /home/ike/soft/jdk1.8.0_101/jre/lib/amd64/libnet.so
7f2a6dd96000-7f2a6dda0000 r--s 00116000 fd:02 1842829                    /home/ike/soft/jdk1.8.0_101/jre/lib/ext/localedata.jar
7f2a6dda0000-7f2a6ddbc000 r--s 00393000 fd:02 1842832                    /home/ike/soft/jdk1.8.0_101/jre/lib/ext/cldrdata.jar
7f2a6ddbc000-7f2a6ddbd000 r--s 00006000 fd:02 2232749                    /home/ike/soft/gradle-3.2.1/lib/gradle-wrapper-3.2.1.jar
7f2a6ddbd000-7f2a6ddca000 r--s 00041000 fd:02 2232756                    /home/ike/soft/gradle-3.2.1/lib/gradle-tooling-api-3.2.1.jar
7f2a6ddca000-7f2a6ddcc000 r--s 00002000 fd:02 2232776                    /home/ike/soft/gradle-3.2.1/lib/gradle-open-api-3.2.1.jar
7f2a6ddcc000-7f2a6ddd2000 r--s 00032000 fd:02 2232778                    /home/ike/soft/gradle-3.2.1/lib/jaxen-1.1.jar
7f2a6ddd2000-7f2a6ddd7000 r--s 00048000 fd:02 2232777                    /home/ike/soft/gradle-3.2.1/lib/dom4j-1.6.1.jar
7f2a6ddd7000-7f2a6dde2000 r--s 00059000 fd:02 2232755                    /home/ike/soft/gradle-3.2.1/lib/gradle-ui-3.2.1.jar
7f2a6dde2000-7f2a6ddeb000 r--s 00086000 fd:02 2232744                    /home/ike/soft/gradle-3.2.1/lib/kotlin-stdlib-1.1.0-dev-2053.jar
7f2a6ddeb000-7f2a6ddf1000 r--s 00027000 fd:02 2232743                    /home/ike/soft/gradle-3.2.1/lib/kotlin-runtime-1.1.0-dev-2053.jar
7f2a6ddf1000-7f2a6de23000 r--s 00241000 fd:02 2232745                    /home/ike/soft/gradle-3.2.1/lib/kotlin-reflect-1.1.0-dev-2053.jar
7f2a6de23000-7f2a6dfb0000 r--s 014fa000 fd:02 2232746                    /home/ike/soft/gradle-3.2.1/lib/kotlin-compiler-embeddable-1.1.0-dev-2053.jar
7f2a6dfb0000-7f2a6dfb7000 r--s 00047000 fd:02 2232747                    /home/ike/soft/gradle-3.2.1/lib/gradle-script-kotlin-0.4.0.jar
7f2a6dfb7000-7f2a6dfba000 r--s 0000b000 fd:02 2232774                    /home/ike/soft/gradle-3.2.1/lib/gradle-resources-3.2.1.jar
7f2a6dfba000-7f2a6dfbc000 r--s 00003000 fd:02 2232785                    /home/ike/soft/gradle-3.2.1/lib/jcl-over-slf4j-1.7.10.jar
7f2a6dfbc000-7f2a6dfbd000 r--s 00005000 fd:02 2232784                    /home/ike/soft/gradle-3.2.1/lib/log4j-over-slf4j-1.7.10.jar
7f2a6dfbd000-7f2a6dfbf000 r--s 00000000 fd:02 2232783                    /home/ike/soft/gradle-3.2.1/lib/jul-to-slf4j-1.7.10.jar
7f2a6dfbf000-7f2a6dfc4000 r--s 0001c000 fd:02 2232773                    /home/ike/soft/gradle-3.2.1/lib/gradle-logging-3.2.1.jar
7f2a6dfc4000-7f2a6dfc6000 r--s 00007000 fd:02 2232796                    /home/ike/soft/gradle-3.2.1/lib/objenesis-1.2.jar
7f2a6dfc6000-7f2a6dfc8000 r--s 00000000 fd:02 2232795                    /home/ike/soft/gradle-3.2.1/lib/minlog-1.2.jar
7f2a6dfc8000-7f2a6dfca000 r--s 0000f000 fd:02 2232794                    /home/ike/soft/gradle-3.2.1/lib/reflectasm-1.07-shaded.jar
7f2a6dfca000-7f2a6dfce000 r--s 00026000 fd:02 2232782                    /home/ike/soft/gradle-3.2.1/lib/kryo-2.20.jar
7f2a6dfce000-7f2a6dfd4000 r--s 00026000 fd:02 2232772                    /home/ike/soft/gradle-3.2.1/lib/gradle-messaging-3.2.1.jar
7f2a6dfd4000-7f2a6dfd5000 r--s 00003000 fd:02 2232793                    /home/ike/soft/gradle-3.2.1/lib/native-platform-freebsd-amd64-0.11.jar
7f2a6dfd5000-7f2a6dfd6000 r--s 00003000 fd:02 2232792                    /home/ike/soft/gradle-3.2.1/lib/native-platform-freebsd-i386-0.11.jar
7f2a6dfd6000-7f2a6dfd7000 r--s 0000b000 fd:02 2232791                    /home/ike/soft/gradle-3.2.1/lib/native-platform-windows-i386-0.11.jar
7f2a6dfd7000-7f2a6dfd8000 r--s 0000b000 fd:02 2232790                    /home/ike/soft/gradle-3.2.1/lib/native-platform-windows-amd64-0.11.jar
7f2a6dfd8000-7f2a6dfda000 r--s 00003000 fd:02 2232789                    /home/ike/soft/gradle-3.2.1/lib/native-platform-linux-i386-0.11.jar
7f2a6dfda000-7f2a6dfdb000 r--s 00004000 fd:02 2232788                    /home/ike/soft/gradle-3.2.1/lib/native-platform-linux-amd64-0.11.jar
7f2a6dfdb000-7f2a6dfdc000 r--s 00002000 fd:02 2232787                    /home/ike/soft/gradle-3.2.1/lib/native-platform-osx-amd64-0.11.jar
7f2a6dfdc000-7f2a6dfdd000 r--s 00002000 fd:02 2232786                    /home/ike/soft/gradle-3.2.1/lib/native-platform-osx-i386-0.11.jar
7f2a6dfdd000-7f2a6dfe0000 r--s 00023000 fd:02 2232780                    /home/ike/soft/gradle-3.2.1/lib/jansi-1.14.jar
7f2a6dfe0000-7f2a6dfe4000 r--s 0000f000 fd:02 2232779                    /home/ike/soft/gradle-3.2.1/lib/native-platform-0.11.jar
7f2a6dfe4000-7f2a6dfe7000 r--s 0000a000 fd:02 2232757                    /home/ike/soft/gradle-3.2.1/lib/gradle-native-3.2.1.jar
7f2a6dfe7000-7f2a6dfe9000 r--s 00005000 fd:02 2232754                    /home/ike/soft/gradle-3.2.1/lib/gradle-cli-3.2.1.jar
7f2a6dfe9000-7f2a6dfeb000 r--s 00007000 fd:02 2232764                    /home/ike/soft/gradle-3.2.1/lib/gradle-model-groovy-3.2.1.jar
7f2a6dfeb000-7f2a6dfed000 r--s 00006000 fd:02 2232771                    /home/ike/soft/gradle-3.2.1/lib/gradle-base-services-groovy-3.2.1.jar
7f2a6dfed000-7f2a6dffc000 r--s 0007f000 fd:02 2232763                    /home/ike/soft/gradle-3.2.1/lib/gradle-model-core-3.2.1.jar
7f2a6dffc000-7f2a6e000000 r--s 00027000 fd:02 2232768                    /home/ike/soft/gradle-3.2.1/lib/commons-io-2.2.jar
7f2a6e000000-7f2a70000000 rw-p 00000000 00:00 0 
7f2a70000000-7f2a7003f000 rw-p 00000000 00:00 0 
7f2a7003f000-7f2a74000000 ---p 00000000 00:00 0 
7f2a74000000-7f2a74032000 rw-p 00000000 00:00 0 
7f2a74032000-7f2a78000000 ---p 00000000 00:00 0 
7f2a78000000-7f2a78041000 rw-p 00000000 00:00 0 
7f2a78041000-7f2a7c000000 ---p 00000000 00:00 0 
7f2a7c000000-7f2a7c070000 r--s 00641000 fd:02 2232762                    /home/ike/soft/gradle-3.2.1/lib/groovy-all-2.4.7.jar
7f2a7c070000-7f2a7c098000 r--s 001cf000 fd:02 2232759                    /home/ike/soft/gradle-3.2.1/lib/guava-jdk5-17.0.jar
7f2a7c098000-7f2a7c0b7000 r--s 001d1000 fd:02 2232766                    /home/ike/soft/gradle-3.2.1/lib/ant-1.9.6.jar
7f2a7c0b7000-7f2a7c0f1000 r--s 001e2000 fd:02 2232753                    /home/ike/soft/gradle-3.2.1/lib/gradle-core-3.2.1.jar
7f2a7c0f1000-7f2a7c0f2000 ---p 00000000 00:00 0 
7f2a7c0f2000-7f2a7c1f2000 rw-p 00000000 00:00 0 
7f2a7c1f2000-7f2a7c1f5000 ---p 00000000 00:00 0 
7f2a7c1f5000-7f2a7c2f3000 rw-p 00000000 00:00 0 
7f2a7c2f3000-7f2a7c2f6000 ---p 00000000 00:00 0 
7f2a7c2f6000-7f2a7c3f4000 rw-p 00000000 00:00 0 
7f2a7c3f4000-7f2a7c3f7000 ---p 00000000 00:00 0 
7f2a7c3f7000-7f2a7c4f5000 rw-p 00000000 00:00 0 
7f2a7c4f5000-7f2a7c4f8000 ---p 00000000 00:00 0 
7f2a7c4f8000-7f2a7c5f6000 rw-p 00000000 00:00 0 
7f2a7c5f6000-7f2a7c5f9000 ---p 00000000 00:00 0 
7f2a7c5f9000-7f2a7c6f7000 rw-p 00000000 00:00 0 
7f2a7c6f7000-7f2a7c6fa000 ---p 00000000 00:00 0 
7f2a7c6fa000-7f2a7c7f8000 rw-p 00000000 00:00 0 
7f2a7c7f8000-7f2a7c7fb000 ---p 00000000 00:00 0 
7f2a7c7fb000-7f2a7c8f9000 rw-p 00000000 00:00 0 
7f2a7c8f9000-7f2a7c8fa000 ---p 00000000 00:00 0 
7f2a7c8fa000-7f2a7d000000 rw-p 00000000 00:00 0 
7f2a7d000000-7f2a81a10000 rwxp 00000000 00:00 0 
7f2a81a10000-7f2a8c000000 ---p 00000000 00:00 0 
7f2a8c000000-7f2a8cd46000 rw-p 00000000 00:00 0 
7f2a8cd46000-7f2a90000000 ---p 00000000 00:00 0 
7f2a90000000-7f2a90001000 r--s 00002000 fd:02 2232775                    /home/ike/soft/gradle-3.2.1/lib/gradle-docs-3.2.1.jar
7f2a90001000-7f2a90002000 r--s 00000000 fd:02 2232770                    /home/ike/soft/gradle-3.2.1/lib/javax.inject-1.jar
7f2a90002000-7f2a90003000 r--s 00000000 fd:02 2232769                    /home/ike/soft/gradle-3.2.1/lib/jcip-annotations-1.0.jar
7f2a90003000-7f2a90010000 r--s 00083000 fd:02 2232767                    /home/ike/soft/gradle-3.2.1/lib/commons-collections-3.2.2.jar
7f2a90010000-7f2a90015000 r--s 00038000 fd:02 2232765                    /home/ike/soft/gradle-3.2.1/lib/asm-all-5.1.jar
7f2a90015000-7f2a9001e000 r--s 00041000 fd:02 2232751                    /home/ike/soft/gradle-3.2.1/lib/gradle-base-services-3.2.1.jar
7f2a9001e000-7f2a909d9000 rw-p 00000000 00:00 0 
7f2a909d9000-7f2a90bb2000 r--s 03d29000 fd:02 1842744                    /home/ike/soft/jdk1.8.0_101/jre/lib/rt.jar
7f2a90bb2000-7f2a91628000 rw-p 00000000 00:00 0 
7f2a91628000-7f2a91629000 ---p 00000000 00:00 0 
7f2a91629000-7f2a91729000 rw-p 00000000 00:00 0 
7f2a91729000-7f2a9172a000 ---p 00000000 00:00 0 
7f2a9172a000-7f2a9182a000 rw-p 00000000 00:00 0 
7f2a9182a000-7f2a9182b000 ---p 00000000 00:00 0 
7f2a9182b000-7f2a9192b000 rw-p 00000000 00:00 0 
7f2a9192b000-7f2a9192c000 ---p 00000000 00:00 0 
7f2a9192c000-7f2a91b1e000 rw-p 00000000 00:00 0 
7f2a91b1e000-7f2a91b82000 ---p 00000000 00:00 0 
7f2a91b82000-7f2a91c74000 rw-p 00000000 00:00 0 
7f2a91c74000-7f2a91cd7000 ---p 00000000 00:00 0 
7f2a91cd7000-7f2a91d82000 rw-p 00000000 00:00 0 
7f2a91d82000-7f2a91eac000 rw-p 00000000 00:00 0 
7f2a91eac000-7f2a92143000 ---p 00000000 00:00 0 
7f2a92143000-7f2a9215d000 r-xp 00000000 fd:02 1842773                    /home/ike/soft/jdk1.8.0_101/jre/lib/amd64/libzip.so
7f2a9215d000-7f2a9235d000 ---p 0001a000 fd:02 1842773                    /home/ike/soft/jdk1.8.0_101/jre/lib/amd64/libzip.so
7f2a9235d000-7f2a9235e000 rw-p 0001a000 fd:02 1842773                    /home/ike/soft/jdk1.8.0_101/jre/lib/amd64/libzip.so
7f2a9235e000-7f2a92369000 r-xp 00000000 fd:00 663666                     /usr/lib64/libnss_files-2.23.so
7f2a92369000-7f2a92568000 ---p 0000b000 fd:00 663666                     /usr/lib64/libnss_files-2.23.so
7f2a92568000-7f2a92569000 r--p 0000a000 fd:00 663666                     /usr/lib64/libnss_files-2.23.so
7f2a92569000-7f2a9256a000 rw-p 0000b000 fd:00 663666                     /usr/lib64/libnss_files-2.23.so
7f2a9256a000-7f2a92570000 rw-p 00000000 00:00 0 
7f2a92570000-7f2a9259a000 r-xp 00000000 fd:02 1842799                    /home/ike/soft/jdk1.8.0_101/jre/lib/amd64/libjava.so
7f2a9259a000-7f2a9279a000 ---p 0002a000 fd:02 1842799                    /home/ike/soft/jdk1.8.0_101/jre/lib/amd64/libjava.so
7f2a9279a000-7f2a9279c000 rw-p 0002a000 fd:02 1842799                    /home/ike/soft/jdk1.8.0_101/jre/lib/amd64/libjava.so
7f2a9279c000-7f2a927a9000 r-xp 00000000 fd:02 1842753                    /home/ike/soft/jdk1.8.0_101/jre/lib/amd64/libverify.so
7f2a927a9000-7f2a929a9000 ---p 0000d000 fd:02 1842753                    /home/ike/soft/jdk1.8.0_101/jre/lib/amd64/libverify.so
7f2a929a9000-7f2a929ab000 rw-p 0000d000 fd:02 1842753                    /home/ike/soft/jdk1.8.0_101/jre/lib/amd64/libverify.so
7f2a929ab000-7f2a929b2000 r-xp 00000000 fd:00 663774                     /usr/lib64/librt-2.23.so
7f2a929b2000-7f2a92bb1000 ---p 00007000 fd:00 663774                     /usr/lib64/librt-2.23.so
7f2a92bb1000-7f2a92bb2000 r--p 00006000 fd:00 663774                     /usr/lib64/librt-2.23.so
7f2a92bb2000-7f2a92bb3000 rw-p 00007000 fd:00 663774                     /usr/lib64/librt-2.23.so
7f2a92bb3000-7f2a92cbb000 r-xp 00000000 fd:00 663268                     /usr/lib64/libm-2.23.so
7f2a92cbb000-7f2a92eba000 ---p 00108000 fd:00 663268                     /usr/lib64/libm-2.23.so
7f2a92eba000-7f2a92ebb000 r--p 00107000 fd:00 663268                     /usr/lib64/libm-2.23.so
7f2a92ebb000-7f2a92ebc000 rw-p 00108000 fd:00 663268                     /usr/lib64/libm-2.23.so
7f2a92ebc000-7f2a93b87000 r-xp 00000000 fd:02 1842803                    /home/ike/soft/jdk1.8.0_101/jre/lib/amd64/server/libjvm.so
7f2a93b87000-7f2a93d86000 ---p 00ccb000 fd:02 1842803                    /home/ike/soft/jdk1.8.0_101/jre/lib/amd64/server/libjvm.so
7f2a93d86000-7f2a93e5f000 rw-p 00cca000 fd:02 1842803                    /home/ike/soft/jdk1.8.0_101/jre/lib/amd64/server/libjvm.so
7f2a93e5f000-7f2a93eaa000 rw-p 00000000 00:00 0 
7f2a93eaa000-7f2a94063000 r-xp 00000000 fd:00 663117                     /usr/lib64/libc-2.23.so
7f2a94063000-7f2a94262000 ---p 001b9000 fd:00 663117                     /usr/lib64/libc-2.23.so
7f2a94262000-7f2a94266000 r--p 001b8000 fd:00 663117                     /usr/lib64/libc-2.23.so
7f2a94266000-7f2a94268000 rw-p 001bc000 fd:00 663117                     /usr/lib64/libc-2.23.so
7f2a94268000-7f2a9426c000 rw-p 00000000 00:00 0 
7f2a9426c000-7f2a9426f000 r-xp 00000000 fd:00 663244                     /usr/lib64/libdl-2.23.so
7f2a9426f000-7f2a9446e000 ---p 00003000 fd:00 663244                     /usr/lib64/libdl-2.23.so
7f2a9446e000-7f2a9446f000 r--p 00002000 fd:00 663244                     /usr/lib64/libdl-2.23.so
7f2a9446f000-7f2a94470000 rw-p 00003000 fd:00 663244                     /usr/lib64/libdl-2.23.so
7f2a94470000-7f2a94485000 r-xp 00000000 fd:02 1841887                    /home/ike/soft/jdk1.8.0_101/lib/amd64/jli/libjli.so
7f2a94485000-7f2a94685000 ---p 00015000 fd:02 1841887                    /home/ike/soft/jdk1.8.0_101/lib/amd64/jli/libjli.so
7f2a94685000-7f2a94686000 rw-p 00015000 fd:02 1841887                    /home/ike/soft/jdk1.8.0_101/lib/amd64/jli/libjli.so
7f2a94686000-7f2a9469d000 r-xp 00000000 fd:00 663674                     /usr/lib64/libpthread-2.23.so
7f2a9469d000-7f2a9489c000 ---p 00017000 fd:00 663674                     /usr/lib64/libpthread-2.23.so
7f2a9489c000-7f2a9489d000 r--p 00016000 fd:00 663674                     /usr/lib64/libpthread-2.23.so
7f2a9489d000-7f2a9489e000 rw-p 00017000 fd:00 663674                     /usr/lib64/libpthread-2.23.so
7f2a9489e000-7f2a948a2000 rw-p 00000000 00:00 0 
7f2a948a2000-7f2a948c6000 r-xp 00000000 fd:00 666350                     /usr/lib64/ld-2.23.so
7f2a948c6000-7f2a948c7000 r--s 00001000 fd:02 2232761                    /home/ike/soft/gradle-3.2.1/lib/gradle-process-services-3.2.1.jar
7f2a948c7000-7f2a948c9000 r--s 00000000 fd:02 2232752                    /home/ike/soft/gradle-3.2.1/lib/gradle-jvm-services-3.2.1.jar
7f2a948c9000-7f2a948ce000 r--s 00041000 fd:02 2232760                    /home/ike/soft/gradle-3.2.1/lib/commons-lang-2.6.jar
7f2a948ce000-7f2a949a7000 rw-p 00000000 00:00 0 
7f2a949a7000-7f2a949aa000 ---p 00000000 00:00 0 
7f2a949aa000-7f2a94aac000 rw-p 00000000 00:00 0 
7f2a94aac000-7f2a94aad000 r--s 00007000 fd:02 2232758                    /home/ike/soft/gradle-3.2.1/lib/slf4j-api-1.7.10.jar
7f2a94aad000-7f2a94aae000 r--s 00004000 fd:02 2232781                    /home/ike/soft/gradle-3.2.1/lib/ant-launcher-1.9.6.jar
7f2a94aae000-7f2a94aba000 r--s 0005e000 fd:02 2232748                    /home/ike/soft/gradle-3.2.1/lib/gradle-launcher-3.2.1.jar
7f2a94aba000-7f2a94ac2000 rw-s 00000000 00:27 4324695                    /tmp/hsperfdata_ike/30650
7f2a94ac2000-7f2a94ac3000 rw-p 00000000 00:00 0 
7f2a94ac3000-7f2a94ac4000 ---p 00000000 00:00 0 
7f2a94ac4000-7f2a94ac5000 rw-p 00000000 00:00 0 
7f2a94ac5000-7f2a94ac6000 r--p 00023000 fd:00 666350                     /usr/lib64/ld-2.23.so
7f2a94ac6000-7f2a94ac7000 rw-p 00024000 fd:00 666350                     /usr/lib64/ld-2.23.so
7f2a94ac7000-7f2a94ac8000 rw-p 00000000 00:00 0 
7ffd91c97000-7ffd91cb8000 rw-p 00000000 00:00 0                          [stack]
7ffd91dbf000-7ffd91dc2000 r--p 00000000 00:00 0                          [vvar]
7ffd91dc2000-7ffd91dc4000 r-xp 00000000 00:00 0                          [vdso]
ffffffffff600000-ffffffffff601000 r-xp 00000000 00:00 0                  [vsyscall]

VM Arguments:
jvm_args: -XX:MaxPermSize=256m -XX:+HeapDumpOnOutOfMemoryError -Xmx1024m -Dfile.encoding=UTF-8 -Duser.country=CN -Duser.language=zh -Duser.variant 
java_command: org.gradle.launcher.daemon.bootstrap.GradleDaemon 3.2.1
java_class_path (initial): /home/ike/soft/gradle-3.2.1/lib/gradle-launcher-3.2.1.jar
Launcher Type: SUN_STANDARD

Environment Variables:
JAVA_HOME=/home/ike/soft/jdk1.8.0_101
PATH=/home/ike/soft:/home/ike/soft/gradle-3.2.1/bin:/home/ike/soft/apache-maven-3.3.9/bin:/home/ike/soft/jdk1.8.0_101/bin:/usr/lib64/qt-3.3/bin:/usr/local/bin:/usr/local/sbin:/usr/bin:/usr/sbin:/home/ike/bin
USERNAME=ike
LD_LIBRARY_PATH=/home/ike/soft/idea-IU-172.3757.52/bin:
SHELL=/bin/zsh
DISPLAY=:0

Signal Handlers:
SIGSEGV: [libjvm.so+0xac4790], sa_mask[0]=11111111011111111101111111111110, sa_flags=SA_RESTART|SA_SIGINFO
SIGBUS: [libjvm.so+0xac4790], sa_mask[0]=11111111011111111101111111111110, sa_flags=SA_RESTART|SA_SIGINFO
SIGFPE: [libjvm.so+0x91f140], sa_mask[0]=11111111011111111101111111111110, sa_flags=SA_RESTART|SA_SIGINFO
SIGPIPE: [libjvm.so+0x91f140], sa_mask[0]=11111111011111111101111111111110, sa_flags=SA_RESTART|SA_SIGINFO
SIGXFSZ: [libjvm.so+0x91f140], sa_mask[0]=11111111011111111101111111111110, sa_flags=SA_RESTART|SA_SIGINFO
SIGILL: [libjvm.so+0x91f140], sa_mask[0]=11111111011111111101111111111110, sa_flags=SA_RESTART|SA_SIGINFO
SIGUSR1: SIG_DFL, sa_mask[0]=00000000000000000000000000000000, sa_flags=none
SIGUSR2: [libjvm.so+0x920770], sa_mask[0]=00100000000000000000000000000000, sa_flags=SA_RESTART|SA_SIGINFO
SIGHUP: [libjvm.so+0x921b70], sa_mask[0]=11111111011111111101111111111110, sa_flags=SA_RESTART|SA_SIGINFO
SIGINT: [libjvm.so+0x921b70], sa_mask[0]=11111111011111111101111111111110, sa_flags=SA_RESTART|SA_SIGINFO
SIGTERM: [libjvm.so+0x921b70], sa_mask[0]=11111111011111111101111111111110, sa_flags=SA_RESTART|SA_SIGINFO
SIGQUIT: [libjvm.so+0x921b70], sa_mask[0]=11111111011111111101111111111110, sa_flags=SA_RESTART|SA_SIGINFO


---------------  S Y S T E M  ---------------

OS:Fedora release 24 (Twenty Four)

uname:Linux 4.5.5-300.fc24.x86_64 #1 SMP Thu May 19 13:05:32 UTC 2016 x86_64
libc:glibc 2.23 NPTL 2.23 
rlimit: STACK 8192k, CORE infinity, NPROC 30911, NOFILE 4096, AS infinity
load average:40.79 12.79 5.36

/proc/meminfo:
MemTotal:        8053808 kB
MemFree:          102992 kB
MemAvailable:      10844 kB
Buffers:             460 kB
Cached:           327352 kB
SwapCached:         3348 kB
Active:          6323192 kB
Inactive:        1275196 kB
Active(anon):    6306492 kB
Inactive(anon):  1260200 kB
Active(file):      16700 kB
Inactive(file):    14996 kB
Unevictable:          56 kB
Mlocked:              56 kB
SwapTotal:       8126460 kB
SwapFree:              0 kB
Dirty:                 0 kB
Writeback:            28 kB
AnonPages:       7267780 kB
Mapped:            36208 kB
Shmem:            295984 kB
Slab:             133268 kB
SReclaimable:      56772 kB
SUnreclaim:        76496 kB
KernelStack:       37792 kB
PageTables:        97908 kB
NFS_Unstable:          0 kB
Bounce:                0 kB
WritebackTmp:          0 kB
CommitLimit:    12153364 kB
Committed_AS:   24334772 kB
VmallocTotal:   34359738367 kB
VmallocUsed:           0 kB
VmallocChunk:          0 kB
HardwareCorrupted:     0 kB
AnonHugePages:         0 kB
CmaTotal:              0 kB
CmaFree:               0 kB
HugePages_Total:       0
HugePages_Free:        0
HugePages_Rsvd:        0
HugePages_Surp:        0
Hugepagesize:       2048 kB
DirectMap4k:      308388 kB
DirectMap2M:     7958528 kB
DirectMap1G:           0 kB


CPU:total 4 (4 cores per cpu, 1 threads per core) family 6 model 94 stepping 3, cmov, cx8, fxsr, mmx, sse, sse2, sse3, ssse3, sse4.1, sse4.2, popcnt, avx, avx2, aes, clmul, erms, rtm, 3dnowpref, lzcnt, tsc, tscinvbit, bmi1, bmi2, adx

/proc/cpuinfo:
processor	: 0
vendor_id	: GenuineIntel
cpu family	: 6
model		: 94
model name	: Intel(R) Core(TM) i5-6500 CPU @ 3.20GHz
stepping	: 3
microcode	: 0x84
cpu MHz		: 799.875
cache size	: 6144 KB
physical id	: 0
siblings	: 4
core id		: 0
cpu cores	: 4
apicid		: 0
initial apicid	: 0
fpu		: yes
fpu_exception	: yes
cpuid level	: 22
wp		: yes
flags		: fpu vme de pse tsc msr pae mce cx8 apic sep mtrr pge mca cmov pat pse36 clflush dts acpi mmx fxsr sse sse2 ss ht tm pbe syscall nx pdpe1gb rdtscp lm constant_tsc arch_perfmon pebs bts rep_good nopl xtopology nonstop_tsc aperfmperf eagerfpu pni pclmulqdq dtes64 monitor ds_cpl vmx smx est tm2 ssse3 sdbg fma cx16 xtpr pdcm pcid sse4_1 sse4_2 x2apic movbe popcnt tsc_deadline_timer aes xsave avx f16c rdrand lahf_lm abm 3dnowprefetch intel_pt tpr_shadow vnmi flexpriority ept vpid fsgsbase tsc_adjust bmi1 hle avx2 smep bmi2 erms invpcid rtm mpx rdseed adx smap clflushopt xsaveopt xsavec xgetbv1 dtherm ida arat pln pts hwp hwp_notify hwp_act_window hwp_epp
bugs		:
bogomips	: 6383.89
clflush size	: 64
cache_alignment	: 64
address sizes	: 39 bits physical, 48 bits virtual
power management:

processor	: 1
vendor_id	: GenuineIntel
cpu family	: 6
model		: 94
model name	: Intel(R) Core(TM) i5-6500 CPU @ 3.20GHz
stepping	: 3
microcode	: 0x84
cpu MHz		: 799.875
cache size	: 6144 KB
physical id	: 0
siblings	: 4
core id		: 1
cpu cores	: 4
apicid		: 2
initial apicid	: 2
fpu		: yes
fpu_exception	: yes
cpuid level	: 22
wp		: yes
flags		: fpu vme de pse tsc msr pae mce cx8 apic sep mtrr pge mca cmov pat pse36 clflush dts acpi mmx fxsr sse sse2 ss ht tm pbe syscall nx pdpe1gb rdtscp lm constant_tsc arch_perfmon pebs bts rep_good nopl xtopology nonstop_tsc aperfmperf eagerfpu pni pclmulqdq dtes64 monitor ds_cpl vmx smx est tm2 ssse3 sdbg fma cx16 xtpr pdcm pcid sse4_1 sse4_2 x2apic movbe popcnt tsc_deadline_timer aes xsave avx f16c rdrand lahf_lm abm 3dnowprefetch intel_pt tpr_shadow vnmi flexpriority ept vpid fsgsbase tsc_adjust bmi1 hle avx2 smep bmi2 erms invpcid rtm mpx rdseed adx smap clflushopt xsaveopt xsavec xgetbv1 dtherm ida arat pln pts hwp hwp_notify hwp_act_window hwp_epp
bugs		:
bogomips	: 6383.89
clflush size	: 64
cache_alignment	: 64
address sizes	: 39 bits physical, 48 bits virtual
power management:

processor	: 2
vendor_id	: GenuineIntel
cpu family	: 6
model		: 94
model name	: Intel(R) Core(TM) i5-6500 CPU @ 3.20GHz
stepping	: 3
microcode	: 0x84
cpu MHz		: 799.875
cache size	: 6144 KB
physical id	: 0
siblings	: 4
core id		: 2
cpu cores	: 4
apicid		: 4
initial apicid	: 4
fpu		: yes
fpu_exception	: yes
cpuid level	: 22
wp		: yes
flags		: fpu vme de pse tsc msr pae mce cx8 apic sep mtrr pge mca cmov pat pse36 clflush dts acpi mmx fxsr sse sse2 ss ht tm pbe syscall nx pdpe1gb rdtscp lm constant_tsc arch_perfmon pebs bts rep_good nopl xtopology nonstop_tsc aperfmperf eagerfpu pni pclmulqdq dtes64 monitor ds_cpl vmx smx est tm2 ssse3 sdbg fma cx16 xtpr pdcm pcid sse4_1 sse4_2 x2apic movbe popcnt tsc_deadline_timer aes xsave avx f16c rdrand lahf_lm abm 3dnowprefetch intel_pt tpr_shadow vnmi flexpriority ept vpid fsgsbase tsc_adjust bmi1 hle avx2 smep bmi2 erms invpcid rtm mpx rdseed adx smap clflushopt xsaveopt xsavec xgetbv1 dtherm ida arat pln pts hwp hwp_notify hwp_act_window hwp_epp
bugs		:
bogomips	: 6383.89
clflush size	: 64
cache_alignment	: 64
address sizes	: 39 bits physical, 48 bits virtual
power management:

processor	: 3
vendor_id	: GenuineIntel
cpu family	: 6
model		: 94
model name	: Intel(R) Core(TM) i5-6500 CPU @ 3.20GHz
stepping	: 3
microcode	: 0x84
cpu MHz		: 799.875
cache size	: 6144 KB
physical id	: 0
siblings	: 4
core id		: 3
cpu cores	: 4
apicid		: 6
initial apicid	: 6
fpu		: yes
fpu_exception	: yes
cpuid level	: 22
wp		: yes
flags		: fpu vme de pse tsc msr pae mce cx8 apic sep mtrr pge mca cmov pat pse36 clflush dts acpi mmx fxsr sse sse2 ss ht tm pbe syscall nx pdpe1gb rdtscp lm constant_tsc arch_perfmon pebs bts rep_good nopl xtopology nonstop_tsc aperfmperf eagerfpu pni pclmulqdq dtes64 monitor ds_cpl vmx smx est tm2 ssse3 sdbg fma cx16 xtpr pdcm pcid sse4_1 sse4_2 x2apic movbe popcnt tsc_deadline_timer aes xsave avx f16c rdrand lahf_lm abm 3dnowprefetch intel_pt tpr_shadow vnmi flexpriority ept vpid fsgsbase tsc_adjust bmi1 hle avx2 smep bmi2 erms invpcid rtm mpx rdseed adx smap clflushopt xsaveopt xsavec xgetbv1 dtherm ida arat pln pts hwp hwp_notify hwp_act_window hwp_epp
bugs		:
bogomips	: 6383.89
clflush size	: 64
cache_alignment	: 64
address sizes	: 39 bits physical, 48 bits virtual
power management:



Memory: 4k page, physical 8053808k(102756k free), swap 8126460k(0k free)

vm_info: Java HotSpot(TM) 64-Bit Server VM (25.101-b13) for linux-amd64 JRE (1.8.0_101-b13), built on Jun 22 2016 02:59:44 by "java_re" with gcc 4.3.0 20080428 (Red Hat 4.3.0-8)

time: Tue Sep 26 15:42:03 2017
elapsed time: 3039 seconds (0d 0h 50m 39s)

