#
# There is insufficient memory for the Java Runtime Environment to continue.
# Native memory allocation (mmap) failed to map 155713536 bytes for committing reserved memory.
# Possible reasons:
#   The system is out of physical RAM or swap space
#   In 32 bit mode, the process size limit was hit
# Possible solutions:
#   Reduce memory load on the system
#   Increase physical memory or swap space
#   Check if swap backing store is full
#   Use 64 bit Java on a 64 bit OS
#   Decrease Java heap size (-Xmx/-Xms)
#   Decrease number of Java threads
#   Decrease Java thread stack sizes (-Xss)
#   Set larger code cache with -XX:ReservedCodeCacheSize=
# This output file may be truncated or incomplete.
#
#  Out of Memory Error (os_linux.cpp:2627), pid=13902, tid=0x00007f124fafa700
#
# JRE version: Java(TM) SE Runtime Environment (8.0_101-b13) (build 1.8.0_101-b13)
# Java VM: Java HotSpot(TM) 64-Bit Server VM (25.101-b13 mixed mode linux-amd64 compressed oops)
# Failed to write core dump. Core dumps have been disabled. To enable core dumping, try "ulimit -c unlimited" before starting Java again
#

---------------  T H R E A D  ---------------

Current thread (0x00007f1278145800):  VMThread [stack: 0x00007f124f9fa000,0x00007f124fafb000] [id=13914]

Stack: [0x00007f124f9fa000,0x00007f124fafb000],  sp=0x00007f124faf9220,  free space=1020k
Native frames: (J=compiled Java code, j=interpreted, Vv=VM code, C=native code)
V  [libjvm.so+0xac3f0a]  VMError::report_and_die()+0x2ba
V  [libjvm.so+0x4fbf9b]  report_vm_out_of_memory(char const*, int, unsigned long, VMErrorType, char const*)+0x8b
V  [libjvm.so+0x9222d3]  os::Linux::commit_memory_impl(char*, unsigned long, bool)+0x103
V  [libjvm.so+0x922829]  os::pd_commit_memory(char*, unsigned long, unsigned long, bool)+0x29
V  [libjvm.so+0x91cb2a]  os::commit_memory(char*, unsigned long, unsigned long, bool)+0x2a
V  [libjvm.so+0x991053]  PSVirtualSpace::expand_by(unsigned long)+0x53
V  [libjvm.so+0x992458]  PSYoungGen::resize_generation(unsigned long, unsigned long)+0xf8
V  [libjvm.so+0x9915b2]  PSYoungGen::resize(unsigned long, unsigned long)+0x22
V  [libjvm.so+0x98e88b]  PSScavenge::invoke_no_policy()+0xf3b
V  [libjvm.so+0x98f011]  PSScavenge::invoke()+0x41
V  [libjvm.so+0x945fc0]  ParallelScavengeHeap::failed_mem_allocate(unsigned long)+0x70
V  [libjvm.so+0xac5927]  VM_ParallelGCFailedAllocation::doit()+0x97
V  [libjvm.so+0xacd405]  VM_Operation::evaluate()+0x55
V  [libjvm.so+0xacb7da]  VMThread::evaluate_operation(VM_Operation*)+0xba
V  [libjvm.so+0xacbb5e]  VMThread::loop()+0x1ce
V  [libjvm.so+0xacbfd0]  VMThread::run()+0x70
V  [libjvm.so+0x924698]  java_start(Thread*)+0x108

VM_Operation (0x00007f127f093c50): ParallelGCFailedAllocation, mode: safepoint, requested by thread 0x00007f1278010000


---------------  P R O C E S S  ---------------

Java Threads: ( => current thread )
  0x00007f127944a800 JavaThread "__DEFAULT__" daemon [_thread_blocked, id=13962, stack(0x00007f124c297000,0x00007f124c398000)]
  0x00007f12792a9800 JavaThread "Druid-ConnectionPool-Destroy-808377204" daemon [_thread_blocked, id=13961, stack(0x00007f124d00d000,0x00007f124d10e000)]
  0x00007f1279270800 JavaThread "Druid-ConnectionPool-Create-808377204" daemon [_thread_blocked, id=13960, stack(0x00007f124d10e000,0x00007f124d20f000)]
  0x00007f127925a000 JavaThread "Abandoned connection cleanup thread" daemon [_thread_blocked, id=13959, stack(0x00007f124e450000,0x00007f124e551000)]
  0x00007f12785b6800 JavaThread "Service Thread" daemon [_thread_blocked, id=13933, stack(0x00007f124ea5c000,0x00007f124eb5d000)]
  0x00007f12785a1000 JavaThread "C1 CompilerThread2" daemon [_thread_blocked, id=13932, stack(0x00007f124eb5d000,0x00007f124ec5e000)]
  0x00007f127859d800 JavaThread "C2 CompilerThread1" daemon [_thread_blocked, id=13931, stack(0x00007f124ec5e000,0x00007f124ed5f000)]
  0x00007f127859c000 JavaThread "C2 CompilerThread0" daemon [_thread_blocked, id=13930, stack(0x00007f124ed5f000,0x00007f124ee60000)]
  0x00007f1238001000 JavaThread "JDWP Command Reader" daemon [_thread_in_native, id=13929, stack(0x00007f124f1f0000,0x00007f124f2f1000)]
  0x00007f1278196000 JavaThread "JDWP Event Helper Thread" daemon [_thread_blocked, id=13927, stack(0x00007f124f2f1000,0x00007f124f3f2000)]
  0x00007f1278192800 JavaThread "JDWP Transport Listener: dt_socket" daemon [_thread_blocked, id=13925, stack(0x00007f124f3f2000,0x00007f124f4f3000)]
  0x00007f1278184000 JavaThread "Signal Dispatcher" daemon [_thread_blocked, id=13924, stack(0x00007f124f6f7000,0x00007f124f7f8000)]
  0x00007f1278152000 JavaThread "Finalizer" daemon [_thread_blocked, id=13917, stack(0x00007f124f7f8000,0x00007f124f8f9000)]
  0x00007f127814d800 JavaThread "Reference Handler" daemon [_thread_blocked, id=13916, stack(0x00007f124f8f9000,0x00007f124f9fa000)]
  0x00007f1278010000 JavaThread "main" [_thread_blocked, id=13903, stack(0x00007f127ef96000,0x00007f127f097000)]

Other Threads:
=>0x00007f1278145800 VMThread [stack: 0x00007f124f9fa000,0x00007f124fafb000] [id=13914]
  0x00007f12785bb800 WatcherThread [stack: 0x00007f124e95b000,0x00007f124ea5c000] [id=13934]

VM state:at safepoint (normal execution)

VM Mutex/Monitor currently owned by a thread:  ([mutex/lock_event])
[0x00007f127800e2d0] Threads_lock - owner thread: 0x00007f1278145800
[0x00007f127800e7d0] Heap_lock - owner thread: 0x00007f1278010000

Heap:
 PSYoungGen      total 386048K, used 18936K [0x00000000d7000000, 0x00000000f0d00000, 0x0000000100000000)
  eden space 367104K, 0% used [0x00000000d7000000,0x00000000d7000000,0x00000000ed680000)
  from space 18944K, 99% used [0x00000000ee800000,0x00000000efa7e348,0x00000000efa80000)
  to   space 13312K, 0% used [0x00000000f0000000,0x00000000f0000000,0x00000000f0d00000)
 ParOldGen       total 69120K, used 23793K [0x0000000085000000, 0x0000000089380000, 0x00000000d7000000)
  object space 69120K, 34% used [0x0000000085000000,0x000000008673c470,0x0000000089380000)
 Metaspace       used 43825K, capacity 44216K, committed 44800K, reserved 1089536K
  class space    used 5369K, capacity 5506K, committed 5632K, reserved 1048576K

Card table byte_map: [0x00007f1261cce000,0x00007f12620a7000] byte_map_base: 0x00007f12618a6000

Marking Bits: (ParMarkBitMap*) 0x00007f127e461120
 Begin Bits: [0x00007f125d8ba000, 0x00007f125f77a000)
 End Bits:   [0x00007f125f77a000, 0x00007f126163a000)

Polling page: 0x00007f127f0ae000

CodeCache: size=245760Kb used=15436Kb max_used=15436Kb free=230323Kb
 bounds [0x00007f1262467000, 0x00007f1263397000, 0x00007f1271467000]
 total_blobs=4517 nmethods=4010 adapters=427
 compilation: enabled

Compilation events (10 events):
Event: 14.942 Thread 0x00007f12785a1000 nmethod 4597 0x00007f1263382710 code [0x00007f12633828c0, 0x00007f1263382eb8]
Event: 14.944 Thread 0x00007f12785a1000 4598   !   3       com.sun.proxy.$Proxy24::equals (39 bytes)
Event: 14.944 Thread 0x00007f12785a1000 nmethod 4598 0x00007f1263387990 code [0x00007f1263387b40, 0x00007f12633882b8]
Event: 14.944 Thread 0x00007f12785a1000 4599       3       org.springframework.core.annotation.AnnotationUtils::getAttributeAliasMap (109 bytes)
Event: 14.945 Thread 0x00007f12785a1000 nmethod 4599 0x00007f1263388e50 code [0x00007f1263389120, 0x00007f126338a278]
Event: 14.945 Thread 0x00007f12785a1000 4601       3       org.springframework.core.annotation.AnnotationUtils::isAttributeMethod (28 bytes)
Event: 14.945 Thread 0x00007f12785a1000 nmethod 4601 0x00007f1263387150 code [0x00007f12633872e0, 0x00007f1263387828]
Event: 14.945 Thread 0x00007f12785a1000 4602       3       sun.reflect.annotation.AnnotationParser::parseStringArray (85 bytes)
Event: 14.946 Thread 0x00007f12785a1000 nmethod 4602 0x00007f126338ab50 code [0x00007f126338ada0, 0x00007f126338bc38]
Event: 14.946 Thread 0x00007f12785a1000 4603       3       org.springframework.core.annotation.SynthesizedAnnotationInvocationHandler::invoke (98 bytes)

GC Heap History (10 events):
Event: 6.470 GC heap after
Heap after GC invocations=8 (full 0):
 PSYoungGen      total 258560K, used 13810K [0x00000000d7000000, 0x00000000e8600000, 0x0000000100000000)
  eden space 244736K, 0% used [0x00000000d7000000,0x00000000d7000000,0x00000000e5f00000)
  from space 13824K, 99% used [0x00000000e7080000,0x00000000e7dfcb70,0x00000000e7e00000)
  to   space 17920K, 0% used [0x00000000e5f00000,0x00000000e5f00000,0x00000000e7080000)
 ParOldGen       total 84992K, used 13982K [0x0000000085000000, 0x000000008a300000, 0x00000000d7000000)
  object space 84992K, 16% used [0x0000000085000000,0x0000000085da7b68,0x000000008a300000)
 Metaspace       used 20529K, capacity 20734K, committed 20864K, reserved 1067008K
  class space    used 2319K, capacity 2371K, committed 2432K, reserved 1048576K
}
Event: 6.573 GC heap before
{Heap before GC invocations=9 (full 0):
 PSYoungGen      total 258560K, used 62697K [0x00000000d7000000, 0x00000000e8600000, 0x0000000100000000)
  eden space 244736K, 19% used [0x00000000d7000000,0x00000000d9fbdc50,0x00000000e5f00000)
  from space 13824K, 99% used [0x00000000e7080000,0x00000000e7dfcb70,0x00000000e7e00000)
  to   space 17920K, 0% used [0x00000000e5f00000,0x00000000e5f00000,0x00000000e7080000)
 ParOldGen       total 84992K, used 13982K [0x0000000085000000, 0x000000008a300000, 0x00000000d7000000)
  object space 84992K, 16% used [0x0000000085000000,0x0000000085da7b68,0x000000008a300000)
 Metaspace       used 20849K, capacity 21054K, committed 21248K, reserved 1069056K
  class space    used 2359K, capacity 2435K, committed 2560K, reserved 1048576K
Event: 6.588 GC heap after
Heap after GC invocations=9 (full 0):
 PSYoungGen      total 262656K, used 4279K [0x00000000d7000000, 0x00000000f1180000, 0x0000000100000000)
  eden space 244736K, 0% used [0x00000000d7000000,0x00000000d7000000,0x00000000e5f00000)
  from space 17920K, 23% used [0x00000000e5f00000,0x00000000e632df60,0x00000000e7080000)
  to   space 17920K, 0% used [0x00000000f0000000,0x00000000f0000000,0x00000000f1180000)
 ParOldGen       total 84992K, used 15791K [0x0000000085000000, 0x000000008a300000, 0x00000000d7000000)
  object space 84992K, 18% used [0x0000000085000000,0x0000000085f6bfc8,0x000000008a300000)
 Metaspace       used 20849K, capacity 21054K, committed 21248K, reserved 1069056K
  class space    used 2359K, capacity 2435K, committed 2560K, reserved 1048576K
}
Event: 6.588 GC heap before
{Heap before GC invocations=10 (full 1):
 PSYoungGen      total 262656K, used 4279K [0x00000000d7000000, 0x00000000f1180000, 0x0000000100000000)
  eden space 244736K, 0% used [0x00000000d7000000,0x00000000d7000000,0x00000000e5f00000)
  from space 17920K, 23% used [0x00000000e5f00000,0x00000000e632df60,0x00000000e7080000)
  to   space 17920K, 0% used [0x00000000f0000000,0x00000000f0000000,0x00000000f1180000)
 ParOldGen       total 84992K, used 15791K [0x0000000085000000, 0x000000008a300000, 0x00000000d7000000)
  object space 84992K, 18% used [0x0000000085000000,0x0000000085f6bfc8,0x000000008a300000)
 Metaspace       used 20849K, capacity 21054K, committed 21248K, reserved 1069056K
  class space    used 2359K, capacity 2435K, committed 2560K, reserved 1048576K
Event: 6.638 GC heap after
Heap after GC invocations=10 (full 1):
 PSYoungGen      total 262656K, used 0K [0x00000000d7000000, 0x00000000f1180000, 0x0000000100000000)
  eden space 244736K, 0% used [0x00000000d7000000,0x00000000d7000000,0x00000000e5f00000)
  from space 17920K, 0% used [0x00000000e5f00000,0x00000000e5f00000,0x00000000e7080000)
  to   space 17920K, 0% used [0x00000000f0000000,0x00000000f0000000,0x00000000f1180000)
 ParOldGen       total 50688K, used 8951K [0x0000000085000000, 0x0000000088180000, 0x00000000d7000000)
  object space 50688K, 17% used [0x0000000085000000,0x00000000858bdc88,0x0000000088180000)
 Metaspace       used 20849K, capacity 21054K, committed 21248K, reserved 1069056K
  class space    used 2359K, capacity 2435K, committed 2560K, reserved 1048576K
}
Event: 9.045 GC heap before
{Heap before GC invocations=11 (full 1):
 PSYoungGen      total 262656K, used 158712K [0x00000000d7000000, 0x00000000f1180000, 0x0000000100000000)
  eden space 244736K, 64% used [0x00000000d7000000,0x00000000e0afe110,0x00000000e5f00000)
  from space 17920K, 0% used [0x00000000e5f00000,0x00000000e5f00000,0x00000000e7080000)
  to   space 17920K, 0% used [0x00000000f0000000,0x00000000f0000000,0x00000000f1180000)
 ParOldGen       total 50688K, used 8951K [0x0000000085000000, 0x0000000088180000, 0x00000000d7000000)
  object space 50688K, 17% used [0x0000000085000000,0x00000000858bdc88,0x0000000088180000)
 Metaspace       used 34824K, capacity 35114K, committed 35416K, reserved 1081344K
  class space    used 4172K, capacity 4259K, committed 4352K, reserved 1048576K
Event: 9.058 GC heap after
Heap after GC invocations=11 (full 1):
 PSYoungGen      total 380416K, used 13089K [0x00000000d7000000, 0x00000000f0d00000, 0x0000000100000000)
  eden space 367104K, 0% used [0x00000000d7000000,0x00000000d7000000,0x00000000ed680000)
  from space 13312K, 98% used [0x00000000f0000000,0x00000000f0cc8760,0x00000000f0d00000)
  to   space 18944K, 0% used [0x00000000ee800000,0x00000000ee800000,0x00000000efa80000)
 ParOldGen       total 50688K, used 8959K [0x0000000085000000, 0x0000000088180000, 0x00000000d7000000)
  object space 50688K, 17% used [0x0000000085000000,0x00000000858bfc88,0x0000000088180000)
 Metaspace       used 34824K, capacity 35114K, committed 35416K, reserved 1081344K
  class space    used 4172K, capacity 4259K, committed 4352K, reserved 1048576K
}
Event: 9.058 GC heap before
{Heap before GC invocations=12 (full 2):
 PSYoungGen      total 380416K, used 13089K [0x00000000d7000000, 0x00000000f0d00000, 0x0000000100000000)
  eden space 367104K, 0% used [0x00000000d7000000,0x00000000d7000000,0x00000000ed680000)
  from space 13312K, 98% used [0x00000000f0000000,0x00000000f0cc8760,0x00000000f0d00000)
  to   space 18944K, 0% used [0x00000000ee800000,0x00000000ee800000,0x00000000efa80000)
 ParOldGen       total 50688K, used 8959K [0x0000000085000000, 0x0000000088180000, 0x00000000d7000000)
  object space 50688K, 17% used [0x0000000085000000,0x00000000858bfc88,0x0000000088180000)
 Metaspace       used 34824K, capacity 35114K, committed 35416K, reserved 1081344K
  class space    used 4172K, capacity 4259K, committed 4352K, reserved 1048576K
Event: 9.096 GC heap after
Heap after GC invocations=12 (full 2):
 PSYoungGen      total 380416K, used 0K [0x00000000d7000000, 0x00000000f0d00000, 0x0000000100000000)
  eden space 367104K, 0% used [0x00000000d7000000,0x00000000d7000000,0x00000000ed680000)
  from space 13312K, 0% used [0x00000000f0000000,0x00000000f0000000,0x00000000f0d00000)
  to   space 18944K, 0% used [0x00000000ee800000,0x00000000ee800000,0x00000000efa80000)
 ParOldGen       total 69120K, used 18664K [0x0000000085000000, 0x0000000089380000, 0x00000000d7000000)
  object space 69120K, 27% used [0x0000000085000000,0x000000008623a2f0,0x0000000089380000)
 Metaspace       used 34824K, capacity 35114K, committed 35416K, reserved 1081344K
  class space    used 4172K, capacity 4259K, committed 4352K, reserved 1048576K
}
Event: 14.959 GC heap before
{Heap before GC invocations=13 (full 2):
 PSYoungGen      total 380416K, used 367104K [0x00000000d7000000, 0x00000000f0d00000, 0x0000000100000000)
  eden space 367104K, 100% used [0x00000000d7000000,0x00000000ed680000,0x00000000ed680000)
  from space 13312K, 0% used [0x00000000f0000000,0x00000000f0000000,0x00000000f0d00000)
  to   space 18944K, 0% used [0x00000000ee800000,0x00000000ee800000,0x00000000efa80000)
 ParOldGen       total 69120K, used 18664K [0x0000000085000000, 0x0000000089380000, 0x00000000d7000000)
  object space 69120K, 27% used [0x0000000085000000,0x000000008623a2f0,0x0000000089380000)
 Metaspace       used 43825K, capacity 44216K, committed 44800K, reserved 1089536K
  class space    used 5369K, capacity 5506K, committed 5632K, reserved 1048576K

Deoptimization events (10 events):
Event: 14.163 Thread 0x00007f1278010000 Uncommon trap: reason=unstable_if action=reinterpret pc=0x00007f126268d214 method=java.util.regex.Pattern$Curly.match(Ljava/util/regex/Matcher;ILjava/lang/CharSequence;)Z @ 45
Event: 14.230 Thread 0x00007f1278010000 Uncommon trap: reason=unstable_if action=reinterpret pc=0x00007f1262579954 method=java.util.concurrent.ConcurrentHashMap.putVal(Ljava/lang/Object;Ljava/lang/Object;Z)Ljava/lang/Object; @ 331
Event: 14.326 Thread 0x00007f1278010000 Uncommon trap: reason=unstable_if action=reinterpret pc=0x00007f1262d93b10 method=java.util.concurrent.ConcurrentHashMap.get(Ljava/lang/Object;)Ljava/lang/Object; @ 86
Event: 14.351 Thread 0x00007f1278010000 Uncommon trap: reason=unstable_if action=reinterpret pc=0x00007f12632ecff4 method=java.util.concurrent.ConcurrentHashMap.get(Ljava/lang/Object;)Ljava/lang/Object; @ 86
Event: 14.351 Thread 0x00007f1278010000 Uncommon trap: reason=unstable_if action=reinterpret pc=0x00007f126330f33c method=java.util.concurrent.ConcurrentHashMap.get(Ljava/lang/Object;)Ljava/lang/Object; @ 86
Event: 14.495 Thread 0x00007f1278010000 Uncommon trap: reason=unstable_if action=reinterpret pc=0x00007f12633327a0 method=org.springframework.util.ConcurrentReferenceHashMap$Segment.findInChain(Lorg/springframework/util/ConcurrentReferenceHashMap$Reference;Ljava/lang/Object;I)Lorg/springframewo
Event: 14.495 Thread 0x00007f1278010000 Uncommon trap: reason=unstable_if action=reinterpret pc=0x00007f1262d5a5d4 method=org.springframework.util.ConcurrentReferenceHashMap$Segment.findInChain(Lorg/springframework/util/ConcurrentReferenceHashMap$Reference;Ljava/lang/Object;I)Lorg/springframewo
Event: 14.515 Thread 0x00007f1278010000 Uncommon trap: reason=unstable_if action=reinterpret pc=0x00007f12625a39dc method=org.springframework.core.annotation.AnnotationUtils.synthesizeAnnotation(Ljava/util/Map;Ljava/lang/Class;Ljava/lang/reflect/AnnotatedElement;)Ljava/lang/annotation/Annotatio
Event: 14.543 Thread 0x00007f1278010000 Uncommon trap: reason=bimorphic action=maybe_recompile pc=0x00007f1262bd99a4 method=java.io.BufferedInputStream.read([BII)I @ 101
Event: 14.821 Thread 0x00007f1278010000 Uncommon trap: reason=unstable_if action=reinterpret pc=0x00007f1262eb5814 method=java.util.concurrent.ConcurrentHashMap.transfer([Ljava/util/concurrent/ConcurrentHashMap$Node;[Ljava/util/concurrent/ConcurrentHashMap$Node;)V @ 356

Internal exceptions (10 events):
Event: 14.792 Thread 0x00007f1278010000 Exception <a 'java/lang/AbstractMethodError'> (0x00000000ec988660) thrown at [/HUDSON3/workspace/8-2-build-linux-amd64/jdk8u101/7261/hotspot/src/share/vm/interpreter/interpreterRuntime.cpp, line 529]
Event: 14.792 Thread 0x00007f1278010000 Exception <a 'java/lang/AbstractMethodError'> (0x00000000ec988af0) thrown at [/HUDSON3/workspace/8-2-build-linux-amd64/jdk8u101/7261/hotspot/src/share/vm/interpreter/interpreterRuntime.cpp, line 529]
Event: 14.793 Thread 0x00007f1278010000 Exception <a 'java/lang/AbstractMethodError'> (0x00000000ec9a75c0) thrown at [/HUDSON3/workspace/8-2-build-linux-amd64/jdk8u101/7261/hotspot/src/share/vm/interpreter/interpreterRuntime.cpp, line 529]
Event: 14.793 Thread 0x00007f1278010000 Exception <a 'java/lang/AbstractMethodError'> (0x00000000ec9a7a50) thrown at [/HUDSON3/workspace/8-2-build-linux-amd64/jdk8u101/7261/hotspot/src/share/vm/interpreter/interpreterRuntime.cpp, line 529]
Event: 14.794 Thread 0x00007f1278010000 Exception <a 'java/lang/AbstractMethodError'> (0x00000000ec9af138) thrown at [/HUDSON3/workspace/8-2-build-linux-amd64/jdk8u101/7261/hotspot/src/share/vm/interpreter/interpreterRuntime.cpp, line 529]
Event: 14.794 Thread 0x00007f1278010000 Exception <a 'java/lang/AbstractMethodError'> (0x00000000ec9af5c8) thrown at [/HUDSON3/workspace/8-2-build-linux-amd64/jdk8u101/7261/hotspot/src/share/vm/interpreter/interpreterRuntime.cpp, line 529]
Event: 14.797 Thread 0x00007f1278010000 Exception <a 'java/lang/AbstractMethodError'> (0x00000000ec9dbba0) thrown at [/HUDSON3/workspace/8-2-build-linux-amd64/jdk8u101/7261/hotspot/src/share/vm/interpreter/interpreterRuntime.cpp, line 529]
Event: 14.797 Thread 0x00007f1278010000 Exception <a 'java/lang/AbstractMethodError'> (0x00000000ec9dc030) thrown at [/HUDSON3/workspace/8-2-build-linux-amd64/jdk8u101/7261/hotspot/src/share/vm/interpreter/interpreterRuntime.cpp, line 529]
Event: 14.817 Thread 0x00007f1278010000 Exception <a 'java/lang/AbstractMethodError'> (0x00000000eca9a110) thrown at [/HUDSON3/workspace/8-2-build-linux-amd64/jdk8u101/7261/hotspot/src/share/vm/interpreter/interpreterRuntime.cpp, line 529]
Event: 14.817 Thread 0x00007f1278010000 Exception <a 'java/lang/AbstractMethodError'> (0x00000000eca9a5a0) thrown at [/HUDSON3/workspace/8-2-build-linux-amd64/jdk8u101/7261/hotspot/src/share/vm/interpreter/interpreterRuntime.cpp, line 529]

Events (10 events):
Event: 14.940 Thread 0x00007f1278010000 DEOPT UNPACKING pc=0x00007f12624ae633 sp=0x00007f127f0933b8 mode 1
Event: 14.940 Thread 0x00007f1278010000 DEOPT PACKING pc=0x00007f1262d2ea8c sp=0x00007f127f0934d0
Event: 14.940 Thread 0x00007f1278010000 DEOPT UNPACKING pc=0x00007f12624ae633 sp=0x00007f127f0932b8 mode 1
Event: 14.940 Thread 0x00007f1278010000 DEOPT PACKING pc=0x00007f1262e3f7ec sp=0x00007f127f0935d0
Event: 14.940 Thread 0x00007f1278010000 DEOPT UNPACKING pc=0x00007f12624ae633 sp=0x00007f127f0933b8 mode 1
Event: 14.941 Thread 0x00007f1278010000 DEOPT PACKING pc=0x00007f1262d2ea8c sp=0x00007f127f0934d0
Event: 14.941 Thread 0x00007f1278010000 DEOPT UNPACKING pc=0x00007f12624ae633 sp=0x00007f127f0932b8 mode 1
Event: 14.941 Thread 0x00007f1278010000 DEOPT PACKING pc=0x00007f1262e3f7ec sp=0x00007f127f0935d0
Event: 14.941 Thread 0x00007f1278010000 DEOPT UNPACKING pc=0x00007f12624ae633 sp=0x00007f127f0933b8 mode 1
Event: 14.951 Executing VM operation: ParallelGCFailedAllocation


Dynamic libraries:
00400000-00401000 r-xp 00000000 fd:02 2100689                            /home/ike/soft/jdk1.8/bin/java
00600000-00601000 rw-p 00000000 fd:02 2100689                            /home/ike/soft/jdk1.8/bin/java
0080a000-0082b000 rw-p 00000000 00:00 0                                  [heap]
85000000-89380000 rw-p 00000000 00:00 0 
89380000-d7000000 ---p 00000000 00:00 0 
d7000000-f0d00000 rw-p 00000000 00:00 0 
fa180000-100000000 ---p 00000000 00:00 0 
100000000-100580000 rw-p 00000000 00:00 0 
100580000-140000000 ---p 00000000 00:00 0 
7f1203800000-7f1203840000 rw-p 00000000 00:00 0 
7f1203840000-7f1203a00000 ---p 00000000 00:00 0 
7f1203a00000-7f1203c00000 rw-p 00000000 00:00 0 
7f1203c00000-7f1203e00000 rw-p 00000000 00:00 0 
7f1203e00000-7f1204000000 rw-p 00000000 00:00 0 
7f1204000000-7f1204021000 rw-p 00000000 00:00 0 
7f1204021000-7f1208000000 ---p 00000000 00:00 0 
7f1208000000-7f1208021000 rw-p 00000000 00:00 0 
7f1208021000-7f120c000000 ---p 00000000 00:00 0 
7f120c000000-7f120c390000 rw-p 00000000 00:00 0 
7f120c390000-7f1210000000 ---p 00000000 00:00 0 
7f1210000000-7f1210021000 rw-p 00000000 00:00 0 
7f1210021000-7f1214000000 ---p 00000000 00:00 0 
7f1214000000-7f1214021000 rw-p 00000000 00:00 0 
7f1214021000-7f1218000000 ---p 00000000 00:00 0 
7f1218000000-7f1218021000 rw-p 00000000 00:00 0 
7f1218021000-7f121c000000 ---p 00000000 00:00 0 
7f121c000000-7f121ceff000 rw-p 00000000 00:00 0 
7f121ceff000-7f1220000000 ---p 00000000 00:00 0 
7f1220000000-7f1220021000 rw-p 00000000 00:00 0 
7f1220021000-7f1224000000 ---p 00000000 00:00 0 
7f1224000000-7f1226480000 rw-p 00000000 00:00 0 
7f1226480000-7f1228000000 ---p 00000000 00:00 0 
7f1228000000-7f1229c55000 rw-p 00000000 00:00 0 
7f1229c55000-7f122c000000 ---p 00000000 00:00 0 
7f122c000000-7f122c091000 rw-p 00000000 00:00 0 
7f122c091000-7f1230000000 ---p 00000000 00:00 0 
7f1230000000-7f1230021000 rw-p 00000000 00:00 0 
7f1230021000-7f1234000000 ---p 00000000 00:00 0 
7f1234000000-7f1234021000 rw-p 00000000 00:00 0 
7f1234021000-7f1238000000 ---p 00000000 00:00 0 
7f1238000000-7f1238021000 rw-p 00000000 00:00 0 
7f1238021000-7f123c000000 ---p 00000000 00:00 0 
7f123c000000-7f123c021000 rw-p 00000000 00:00 0 
7f123c021000-7f1240000000 ---p 00000000 00:00 0 
7f1240000000-7f1240021000 rw-p 00000000 00:00 0 
7f1240021000-7f1244000000 ---p 00000000 00:00 0 
7f1244000000-7f124428f000 rw-p 00000000 00:00 0 
7f124428f000-7f1248000000 ---p 00000000 00:00 0 
7f1248000000-7f1248021000 rw-p 00000000 00:00 0 
7f1248021000-7f124c000000 ---p 00000000 00:00 0 
7f124c100000-7f124c196000 r--s 01102000 fd:02 2100425                    /home/ike/soft/jdk1.8/jre/lib/ext/jfxrt.jar
7f124c196000-7f124c199000 ---p 00000000 00:00 0 
7f124c199000-7f124c297000 rw-p 00000000 00:00 0 
7f124c297000-7f124c29a000 ---p 00000000 00:00 0 
7f124c29a000-7f124c598000 rw-p 00000000 00:00 0 
7f124c598000-7f124c798000 rw-p 00000000 00:00 0 
7f124c798000-7f124c7ae000 r-xp 00000000 fd:00 2890778                    /usr/lib64/libgcc_s-6.3.1-20161221.so.1
7f124c7ae000-7f124c9ad000 ---p 00016000 fd:00 2890778                    /usr/lib64/libgcc_s-6.3.1-20161221.so.1
7f124c9ad000-7f124c9ae000 r--p 00015000 fd:00 2890778                    /usr/lib64/libgcc_s-6.3.1-20161221.so.1
7f124c9ae000-7f124c9af000 rw-p 00016000 fd:00 2890778                    /usr/lib64/libgcc_s-6.3.1-20161221.so.1
7f124c9bf000-7f124c9c5000 r--s 0003f000 fd:02 2100426                    /home/ike/soft/jdk1.8/jre/lib/ext/sunjce_provider.jar
7f124c9c5000-7f124c9f7000 r-xp 00000000 fd:02 2100254                    /home/ike/soft/jdk1.8/jre/lib/amd64/libsunec.so
7f124c9f7000-7f124cbf6000 ---p 00032000 fd:02 2100254                    /home/ike/soft/jdk1.8/jre/lib/amd64/libsunec.so
7f124cbf6000-7f124cbfc000 rw-p 00031000 fd:02 2100254                    /home/ike/soft/jdk1.8/jre/lib/amd64/libsunec.so
7f124cbfc000-7f124ce0c000 rw-p 00000000 00:00 0 
7f124ce0c000-7f124ce0d000 r--s 00009000 fd:02 2100423                    /home/ike/soft/jdk1.8/jre/lib/ext/sunec.jar
7f124ce0d000-7f124d00d000 rw-p 00000000 00:00 0 
7f124d00d000-7f124d010000 ---p 00000000 00:00 0 
7f124d010000-7f124d10e000 rw-p 00000000 00:00 0 
7f124d10e000-7f124d111000 ---p 00000000 00:00 0 
7f124d111000-7f124d20f000 rw-p 00000000 00:00 0 
7f124d20f000-7f124d220000 r-xp 00000000 fd:02 2100229                    /home/ike/soft/jdk1.8/jre/lib/amd64/libnio.so
7f124d220000-7f124d41f000 ---p 00011000 fd:02 2100229                    /home/ike/soft/jdk1.8/jre/lib/amd64/libnio.so
7f124d41f000-7f124d420000 rw-p 00010000 fd:02 2100229                    /home/ike/soft/jdk1.8/jre/lib/amd64/libnio.so
7f124d420000-7f124d436000 r-xp 00000000 fd:02 2100243                    /home/ike/soft/jdk1.8/jre/lib/amd64/libnet.so
7f124d436000-7f124d636000 ---p 00016000 fd:02 2100243                    /home/ike/soft/jdk1.8/jre/lib/amd64/libnet.so
7f124d636000-7f124d637000 rw-p 00016000 fd:02 2100243                    /home/ike/soft/jdk1.8/jre/lib/amd64/libnet.so
7f124d637000-7f124d640000 r-xp 00000000 fd:02 2100283                    /home/ike/soft/jdk1.8/jre/lib/amd64/libmanagement.so
7f124d640000-7f124d83f000 ---p 00009000 fd:02 2100283                    /home/ike/soft/jdk1.8/jre/lib/amd64/libmanagement.so
7f124d83f000-7f124d840000 rw-p 00008000 fd:02 2100283                    /home/ike/soft/jdk1.8/jre/lib/amd64/libmanagement.so
7f124d840000-7f124da40000 rw-p 00000000 00:00 0 
7f124da40000-7f124dc40000 rw-p 00000000 00:00 0 
7f124dc40000-7f124de40000 rw-p 00000000 00:00 0 
7f124de40000-7f124e040000 rw-p 00000000 00:00 0 
7f124e040000-7f124e240000 rw-p 00000000 00:00 0 
7f124e240000-7f124e440000 rw-p 00000000 00:00 0 
7f124e440000-7f124e444000 r--s 0003a000 fd:02 2100420                    /home/ike/soft/jdk1.8/jre/lib/ext/sunpkcs11.jar
7f124e444000-7f124e448000 r--s 00097000 fd:02 2100406                    /home/ike/soft/jdk1.8/jre/lib/jsse.jar
7f124e448000-7f124e44d000 r--s 002f9000 fd:02 2100432                    /home/ike/soft/jdk1.8/jre/lib/charsets.jar
7f124e44d000-7f124e450000 r--s 0001a000 fd:02 2100204                    /home/ike/soft/jdk1.8/jre/lib/jce.jar
7f124e450000-7f124e453000 ---p 00000000 00:00 0 
7f124e453000-7f124e751000 rw-p 00000000 00:00 0 
7f124e751000-7f124e951000 rw-p 00000000 00:00 0 
7f124e951000-7f124e95b000 r--s 00116000 fd:02 2100424                    /home/ike/soft/jdk1.8/jre/lib/ext/localedata.jar
7f124e95b000-7f124e95c000 ---p 00000000 00:00 0 
7f124e95c000-7f124ea5c000 rw-p 00000000 00:00 0 
7f124ea5c000-7f124ea5f000 ---p 00000000 00:00 0 
7f124ea5f000-7f124eb5d000 rw-p 00000000 00:00 0 
7f124eb5d000-7f124eb60000 ---p 00000000 00:00 0 
7f124eb60000-7f124ec5e000 rw-p 00000000 00:00 0 
7f124ec5e000-7f124ec61000 ---p 00000000 00:00 0 
7f124ec61000-7f124ed5f000 rw-p 00000000 00:00 0 
7f124ed5f000-7f124ed62000 ---p 00000000 00:00 0 
7f124ed62000-7f124ee60000 rw-p 00000000 00:00 0 
7f124ee60000-7f124ee62000 r--s 0000a000 fd:02 2103023                    /home/ike/soft/idea-IU-171.4424.56/plugins/Groovy/lib/agent/gragent.jar
7f124ee62000-7f124ee64000 r--s 0001a000 fd:02 2102710                    /home/ike/soft/idea-IU-171.4424.56/lib/idea_rt.jar
7f124ee64000-7f124ee66000 r--s 0000c000 fd:02 3670899                    /home/ike/.m2/repository/org/ow2/asm/asm/5.0.4/asm-5.0.4.jar
7f124ee66000-7f124ee67000 r--s 00000000 fd:02 4459279                    /home/ike/.gradle/caches/modules-2/files-2.1/javax.inject/javax.inject/1/6975da39a7040257bd51d21a231b76c915872d38/javax.inject-1.jar
7f124ee67000-7f124ee68000 r--s 00001000 fd:02 4459277                    /home/ike/.gradle/caches/modules-2/files-2.1/javax.annotation/jsr250-api/1.0/5025422767732a1ab45d93abfea846513d742dcf/jsr250-api-1.0.jar
7f124ee68000-7f124ee69000 r--s 00001000 fd:02 4459275                    /home/ike/.gradle/caches/modules-2/files-2.1/org.jboss.spec.javax.interceptor/jboss-interceptors-api_1.1_spec/1.0.0.Beta1/8cb388fd3b4912373da7a18e199bb55aa52aa5c1/jboss-interceptors-api_1.1_spec-1.0.0.Beta1.jar
7f124ee69000-7f124ee6b000 r--s 00007000 fd:02 4459273                    /home/ike/.gradle/caches/modules-2/files-2.1/javax.el/el-api/2.2/42971279cc8ba864462580c7fc2199fd5715ee7f/el-api-2.2.jar
7f124ee6b000-7f124ee6d000 r--s 00005000 fd:02 2234244                    /home/ike/.m2/repository/stax/stax-api/1.0.1/stax-api-1.0.1.jar
7f124ee6d000-7f124ee6f000 r--s 0000b000 fd:02 2624367                    /home/ike/.m2/repository/org/objenesis/objenesis/2.2/objenesis-2.2.jar
7f124ee6f000-7f124ee70000 r--s 00001000 fd:02 3670910                    /home/ike/.m2/repository/com/esotericsoftware/minlog/1.3.0/minlog-1.3.0.jar
7f124ee70000-7f124ee72000 r--s 00004000 fd:02 3670897                    /home/ike/.m2/repository/com/esotericsoftware/reflectasm/1.11.3/reflectasm-1.11.3.jar
7f124ee72000-7f124ee76000 r--s 0000e000 fd:02 4459271                    /home/ike/.gradle/caches/modules-2/files-2.1/javax.enterprise/cdi-api/1.1/78b1feee99b05a78575fb2fd79fb77be5e74420d/cdi-api-1.1.jar
7f124ee76000-7f124ee79000 r--s 0002b000 fd:02 4459269                    /home/ike/.gradle/caches/modules-2/files-2.1/org.jboss/jandex/2.0.0.Final/3e899258936f94649c777193e1be846387ed54b3/jandex-2.0.0.Final.jar
7f124ee79000-7f124ee7e000 r--s 00068000 fd:02 2103485                    /home/ike/.m2/repository/antlr/antlr/2.7.7/antlr-2.7.7.jar
7f124ee7e000-7f124eebc000 r--s 0025d000 fd:02 2234241                    /home/ike/.m2/repository/org/apache/xmlbeans/xmlbeans/2.6.0/xmlbeans-2.6.0.jar
7f124eebc000-7f124eed4000 r--s 00110000 fd:02 3670926                    /home/ike/.m2/repository/io/netty/netty/3.7.0.Final/netty-3.7.0.Final.jar
7f124eed4000-7f124eed6000 r--s 00014000 fd:02 3539264                    /home/ike/.m2/repository/jline/jline/0.9.94/jline-0.9.94.jar
7f124eed6000-7f124eed7000 r--s 00002000 fd:02 3015918                    /home/ike/.m2/repository/org/slf4j/slf4j-log4j12/1.6.1/slf4j-log4j12-1.6.1.jar
7f124eed7000-7f124eedf000 r--s 00048000 fd:02 3670895                    /home/ike/.m2/repository/com/esotericsoftware/kryo/4.0.0/kryo-4.0.0.jar
7f124eedf000-7f124eee0000 r--s 00003000 fd:02 3540889                    /home/ike/.m2/repository/org/apache/geronimo/specs/geronimo-jta_1.1_spec/1.1.1/geronimo-jta_1.1_spec-1.1.1.jar
7f124eee0000-7f124eeea000 r--s 000ae000 fd:02 3145958                    /home/ike/.m2/repository/org/javassist/javassist/3.20.0-GA/javassist-3.20.0-GA.jar
7f124eeea000-7f124eeed000 r--s 00010000 fd:02 4459261                    /home/ike/.gradle/caches/modules-2/files-2.1/org.hibernate.common/hibernate-commons-annotations/5.0.1.Final/71e1cff3fcb20d3b3af4f3363c3ddb24d33c6879/hibernate-commons-annotations-5.0.1.Final.jar
7f124eeed000-7f124eef2000 r--s 00048000 fd:02 3801997                    /home/ike/.m2/repository/dom4j/dom4j/1.6.1/dom4j-1.6.1.jar
7f124eef2000-7f124ef6a000 r--s 005a9000 fd:02 4459259                    /home/ike/.gradle/caches/modules-2/files-2.1/org.hibernate/hibernate-core/5.2.4.Final/52414fccd4429d8f723996e26c61330df094d06c/hibernate-core-5.2.4.Final.jar
7f124ef6a000-7f124ef6e000 r--s 0000c000 fd:02 3540885                    /home/ike/.m2/repository/javax/validation/validation-api/1.1.0.Final/validation-api-1.1.0.Final.jar
7f124ef6e000-7f124ef76000 r--s 00048000 fd:02 3807593                    /home/ike/.gradle/caches/modules-2/files-2.1/org.apache.httpcomponents/httpcore/4.4.6/e3fd8ced1f52c7574af952e2e6da0df8df08eb82/httpcore-4.4.6.jar
7f124ef76000-7f124ef7a000 r--s 00015000 fd:02 3542611                    /home/ike/.gradle/caches/modules-2/files-2.1/com.github.virtuald/curvesapi/1.04/3386abf821719bc89c7685f9eaafaf4a842f0199/curvesapi-1.04.jar
7f124ef7a000-7f124f034000 r--s 004e0000 fd:02 7867893                    /home/ike/.gradle/caches/modules-2/files-2.1/org.apache.poi/poi-ooxml-schemas/3.16/9828a49307fc6bebfd42185b677d88b6e4994c63/poi-ooxml-schemas-3.16.jar
7f124f034000-7f124f044000 r--s 000a8000 fd:02 3542609                    /home/ike/.gradle/caches/modules-2/files-2.1/org.apache.commons/commons-collections4/4.1/a4cf4688fe1c7e3a63aa636cc96d013af537768e/commons-collections4-4.1.jar
7f124f044000-7f124f04b000 r--s 0003f000 fd:02 4196565                    /home/ike/.m2/repository/commons-codec/commons-codec/1.10/commons-codec-1.10.jar
7f124f04b000-7f124f057000 r--s 000b9000 fd:02 4587592                    /home/ike/.gradle/caches/modules-2/files-2.1/org.apache.zookeeper/zookeeper/3.4.8/933ea2ed15e6a0e24b788973e3d128ff163c3136/zookeeper-3.4.8.jar
7f124f057000-7f124f060000 r--s 0006f000 fd:02 3670891                    /home/ike/.m2/repository/log4j/log4j/1.2.17/log4j-1.2.17.jar
7f124f060000-7f124f078000 r--s 001bf000 fd:02 3670928                    /home/ike/.m2/repository/org/aspectj/aspectjweaver/1.8.10/aspectjweaver-1.8.10.jar
7f124f078000-7f124f082000 r--s 00098000 fd:02 3671156                    /home/ike/.m2/repository/org/quartz-scheduler/quartz/2.2.3/quartz-2.2.3.jar
7f124f082000-7f124f087000 r--s 00029000 fd:02 3671151                    /home/ike/.m2/repository/org/springframework/spring-context-support/4.3.5.RELEASE/spring-context-support-4.3.5.RELEASE.jar
7f124f087000-7f124f08a000 r--s 0000c000 fd:02 3671062                    /home/ike/.m2/repository/org/mengyun/tcc-transaction-core/1.1.5/tcc-transaction-core-1.1.5.jar
7f124f08a000-7f124f09a000 r--s 000b2000 fd:02 3147507                    /home/ike/.m2/repository/org/jboss/netty/netty/3.2.5.Final/netty-3.2.5.Final.jar
7f124f09a000-7f124f09c000 r--s 0000e000 fd:02 3146093                    /home/ike/.m2/repository/commons-logging/commons-logging/1.2/commons-logging-1.2.jar
7f124f09c000-7f124f09f000 r--s 00019000 fd:02 3808679                    /home/ike/.gradle/caches/modules-2/files-2.1/org.apache.commons/commons-pool2/2.4.2/e5f4f28f19d57716fbc3989d7a357ebf1e454fea/commons-pool2-2.4.2.jar
7f124f09f000-7f124f176000 r--s 007a9000 fd:02 6293761                    /home/ike/.gradle/caches/modules-2/files-2.1/net.sf.ehcache/ehcache/2.10.3/cf74f9a4a049f181833b147a1d9aa62159c9d01d/ehcache-2.10.3.jar
7f124f176000-7f124f178000 r--s 0000f000 fd:02 3672160                    /home/ike/.m2/repository/org/jboss/logging/jboss-logging/3.3.0.Final/jboss-logging-3.3.0.Final.jar
7f124f178000-7f124f17a000 r--s 00003000 fd:02 4588021                    /home/ike/.gradle/caches/modules-2/files-2.1/org.slf4j/jcl-over-slf4j/1.7.22/86ceac14535af5a42c8fb0d06d79b925dd3cb263/jcl-over-slf4j-1.7.22.jar
7f124f17a000-7f124f182000 r--s 0003a000 fd:02 3671152                    /home/ike/.m2/repository/org/springframework/spring-tx/4.3.5.RELEASE/spring-tx-4.3.5.RELEASE.jar
7f124f182000-7f124f186000 r--s 00019000 fd:02 4587747                    /home/ike/.gradle/caches/modules-2/files-2.1/org.aspectj/aspectjrt/1.8.9/87372d9e2323313bec24b09a325bfea8ae0eb867/aspectjrt-1.8.9.jar
7f124f186000-7f124f190000 r--s 00068000 fd:02 4587743                    /home/ike/.gradle/caches/modules-2/files-2.1/org.springframework/spring-orm/4.2.8.RELEASE/43b557f5025782616f791dbd720b4a606eeca1bf/spring-orm-4.2.8.RELEASE.jar
7f124f190000-7f124f1a7000 r--s 000fb000 fd:02 6424510                    /home/ike/.gradle/caches/modules-2/files-2.1/org.springframework/spring-core/4.3.7.RELEASE/54fa2db94cc7222edc90ec71354e47cd1dc07f7b/spring-core-4.3.7.RELEASE.jar
7f124f1a7000-7f124f1b5000 r--s 000ad000 fd:02 6424518                    /home/ike/.gradle/caches/modules-2/files-2.1/org.springframework/spring-beans/4.3.7.RELEASE/2de9f59f3202965438f3a02057d6ad8274636044/spring-beans-4.3.7.RELEASE.jar
7f124f1b5000-7f124f1be000 r--s 00054000 fd:02 6554774                    /home/ike/.gradle/caches/modules-2/files-2.1/org.springframework/spring-aop/4.3.7.RELEASE/3f243d685e4a8a78a0c291445c6d85560ec4d339/spring-aop-4.3.7.RELEASE.jar
7f124f1be000-7f124f1d0000 r--s 000a7000 fd:02 3670135                    /home/ike/.gradle/caches/modules-2/files-2.1/org.hibernate/hibernate-validator/5.4.0.Final/2076cbd5719e4182a75ab32e7186deb0ca5ac376/hibernate-validator-5.4.0.Final.jar
7f124f1d0000-7f124f1dd000 r--s 000aa000 fd:02 3807591                    /home/ike/.gradle/caches/modules-2/files-2.1/org.apache.httpcomponents/httpclient/4.5.3/d1577ae15f01ef5438c5afc62162457c00a34713/httpclient-4.5.3.jar
7f124f1dd000-7f124f1f0000 r--s 0014c000 fd:02 7867891                    /home/ike/.gradle/caches/modules-2/files-2.1/org.apache.poi/poi-ooxml/3.16/76e20fe22404cc4da55ddfdaaaadee32bbfa3bdd/poi-ooxml-3.16.jar
7f124f1f0000-7f124f1f3000 ---p 00000000 00:00 0 
7f124f1f3000-7f124f2f1000 rw-p 00000000 00:00 0 
7f124f2f1000-7f124f2f4000 ---p 00000000 00:00 0 
7f124f2f4000-7f124f3f2000 rw-p 00000000 00:00 0 
7f124f3f2000-7f124f3f5000 ---p 00000000 00:00 0 
7f124f3f5000-7f124f4f3000 rw-p 00000000 00:00 0 
7f124f4f3000-7f124f4f7000 r-xp 00000000 fd:02 2100248                    /home/ike/soft/jdk1.8/jre/lib/amd64/libdt_socket.so
7f124f4f7000-7f124f6f6000 ---p 00004000 fd:02 2100248                    /home/ike/soft/jdk1.8/jre/lib/amd64/libdt_socket.so
7f124f6f6000-7f124f6f7000 rw-p 00003000 fd:02 2100248                    /home/ike/soft/jdk1.8/jre/lib/amd64/libdt_socket.so
7f124f6f7000-7f124f6fa000 ---p 00000000 00:00 0 
7f124f6fa000-7f124f7f8000 rw-p 00000000 00:00 0 
7f124f7f8000-7f124f7fb000 ---p 00000000 00:00 0 
7f124f7fb000-7f124f8f9000 rw-p 00000000 00:00 0 
7f124f8f9000-7f124f8fc000 ---p 00000000 00:00 0 
7f124f8fc000-7f124f9fa000 rw-p 00000000 00:00 0 
7f124f9fa000-7f124f9fb000 ---p 00000000 00:00 0 
7f124f9fb000-7f1250000000 rw-p 00000000 00:00 0 
7f1250000000-7f1250021000 rw-p 00000000 00:00 0 
7f1250021000-7f1254000000 ---p 00000000 00:00 0 
7f1254000000-7f1254021000 rw-p 00000000 00:00 0 
7f1254021000-7f1258000000 ---p 00000000 00:00 0 
7f1258000000-7f1258021000 rw-p 00000000 00:00 0 
7f1258021000-7f125c000000 ---p 00000000 00:00 0 
7f125c000000-7f125c005000 r--s 0003c000 fd:02 6554776                    /home/ike/.gradle/caches/modules-2/files-2.1/org.springframework/spring-expression/4.3.7.RELEASE/5257b6486e43d8c05674323fea5b415d4da72f38/spring-expression-4.3.7.RELEASE.jar
7f125c005000-7f125c006000 r--s 00001000 fd:02 3670688                    /home/ike/.m2/repository/org/mengyun/tcc-transaction-api/1.1.5/tcc-transaction-api-1.1.5.jar
7f125c006000-7f125c032000 r--s 00263000 fd:02 7867889                    /home/ike/.gradle/caches/modules-2/files-2.1/org.apache.poi/poi/3.16/ad21c123ee5d6b5b2a8f0d4ed23b3ffe6759a889/poi-3.16.jar
7f125c032000-7f125c035000 r--s 00015000 fd:02 3807983                    /home/ike/.m2/repository/javax/servlet/javax.servlet-api/3.1.0/javax.servlet-api-3.1.0.jar
7f125c035000-7f125c038000 r--s 00010000 fd:02 4587590                    /home/ike/.gradle/caches/modules-2/files-2.1/com.101tec/zkclient/0.10/c54d4b5a5e89af75a80b6d5857400165ce5188d0/zkclient-0.10.jar
7f125c038000-7f125c056000 r--s 00143000 fd:02 3670645                    /home/ike/.m2/repository/com/alibaba/dubbo/2.5.4-SNAPSHOT/dubbo-2.5.4-SNAPSHOT.jar
7f125c056000-7f125c058000 r--s 0000e000 fd:02 4459297                    /home/ike/.gradle/caches/modules-2/files-2.1/com.fasterxml/classmate/1.3.3/864c8e370a691e343210cc7c532fc198cee460d8/classmate-1.3.3.jar
7f125c058000-7f125c064000 r--s 0007c000 fd:02 4590155                    /home/ike/.gradle/caches/modules-2/files-2.1/redis.clients/jedis/2.9.0/292bc9cc26553acd3cccc26f2f95620bf88a04c2/jedis-2.9.0.jar
7f125c064000-7f125c093000 r--s 00239000 fd:02 5376285                    /home/ike/.gradle/caches/modules-2/files-2.1/com.google.guava/guava/21.0/3a3d111be1be1b745edfa7d91678a12d7ed38709/guava-21.0.jar
7f125c093000-7f125c098000 r--s 00061000 fd:02 3670330                    /home/ike/.gradle/caches/modules-2/files-2.1/com.alibaba/fastjson/1.2.23/be2508e9bac203c38f3f52fc8d33332c4e7ee6c5/fastjson-1.2.23.jar
7f125c098000-7f125c09b000 r--s 0001a000 fd:02 7733451                    /home/ike/.gradle/caches/modules-2/files-2.1/org.glassfish.web/javax.el/2.2.6/232abfe1f919127e9cfcd6e4e2c6324bb394535/javax.el-2.2.6.jar
7f125c09b000-7f125c0ac000 r--s 0009a000 fd:02 6424506                    /home/ike/.gradle/caches/modules-2/files-2.1/org.springframework.data/spring-data-commons/1.12.8.RELEASE/827a994d703ad9916b694d17401d8bf78bd773f9/spring-data-commons-1.12.8.RELEASE.jar
7f125c0ac000-7f125c0c6000 r--s 000fd000 fd:02 6424513                    /home/ike/.gradle/caches/modules-2/files-2.1/org.springframework/spring-context/4.3.7.RELEASE/34b66b0b7910122ef95ba4fff6da9238ef80a5de/spring-context-4.3.7.RELEASE.jar
7f125c0c6000-7f125c0dd000 r--s 001b7000 fd:02 4587733                    /home/ike/.gradle/caches/modules-2/files-2.1/mysql/mysql-connector-java/6.0.5/9d8df5a1f3273110f2a9ad304961bdd03d696d86/mysql-connector-java-6.0.5.jar
7f125c0dd000-7f125c0ff000 r--s 001e6000 fd:02 4587737                    /home/ike/.gradle/caches/modules-2/files-2.1/com.alibaba/druid/1.0.26/f4bc6159b34e4cda5abd6480203492b470aa1a36/druid-1.0.26.jar
7f125c0ff000-7f125cb09000 rw-p 00000000 00:00 0 
7f125cb09000-7f125cce2000 r--s 03d29000 fd:02 2100521                    /home/ike/soft/jdk1.8/jre/lib/rt.jar
7f125cce2000-7f126163a000 rw-p 00000000 00:00 0 
7f126163a000-7f126163b000 ---p 00000000 00:00 0 
7f126163b000-7f126173b000 rw-p 00000000 00:00 0 
7f126173b000-7f126173c000 ---p 00000000 00:00 0 
7f126173c000-7f126183c000 rw-p 00000000 00:00 0 
7f126183c000-7f126183d000 ---p 00000000 00:00 0 
7f126183d000-7f126193d000 rw-p 00000000 00:00 0 
7f126193d000-7f126193e000 ---p 00000000 00:00 0 
7f126193e000-7f1261a60000 rw-p 00000000 00:00 0 
7f1261a60000-7f1261cce000 ---p 00000000 00:00 0 
7f1261cce000-7f1261cf0000 rw-p 00000000 00:00 0 
7f1261cf0000-7f1261f5e000 ---p 00000000 00:00 0 
7f1261f5e000-7f126202d000 rw-p 00000000 00:00 0 
7f126202d000-7f12620a6000 ---p 00000000 00:00 0 
7f12620a6000-7f12620e4000 rw-p 00000000 00:00 0 
7f12620e4000-7f1262467000 ---p 00000000 00:00 0 
7f1262467000-7f1263397000 rwxp 00000000 00:00 0 
7f1263397000-7f1271467000 ---p 00000000 00:00 0 
7f1271467000-7f1278000000 r--p 00000000 fd:00 2885042                    /usr/lib/locale/locale-archive
7f1278000000-7f127960e000 rw-p 00000000 00:00 0 
7f127960e000-7f127c000000 ---p 00000000 00:00 0 
7f127c000000-7f127c002000 r--s 00010000 fd:02 7733449                    /home/ike/.gradle/caches/modules-2/files-2.1/javax.el/javax.el-api/3.0.1-b04/8c0c970b8deae5054ff0bf4b17979c8181a506d3/javax.el-api-3.0.1-b04.jar
7f127c002000-7f127c005000 r--s 00020000 fd:02 6168744                    /home/ike/.gradle/caches/modules-2/files-2.1/org.hibernate/hibernate-ehcache/5.2.4.Final/f70147c655b970ca70e3913f91880da6d264fe68/hibernate-ehcache-5.2.4.Final.jar
7f127c005000-7f127c00f000 r--s 0005f000 fd:02 3671148                    /home/ike/.m2/repository/org/springframework/spring-jdbc/4.3.5.RELEASE/spring-jdbc-4.3.5.RELEASE.jar
7f127c00f000-7f127c016000 r--s 0003e000 fd:02 4587735                    /home/ike/.gradle/caches/modules-2/files-2.1/org.springframework.data/spring-data-jpa/1.10.3.RELEASE/fc31fbdb8ff777d29077ac53a616f11c2c0df59/spring-data-jpa-1.10.3.RELEASE.jar
7f127c016000-7f127c01a000 r--s 0002f000 fd:02 3670137                    /home/ike/.gradle/caches/modules-2/files-2.1/commons-io/commons-io/2.5/2852e6e05fbb95076fc091f6d1780f1f8fe35e0f/commons-io-2.5.jar
7f127c01a000-7f127c01c000 r--s 00009000 fd:02 4460443                    /home/ike/.gradle/caches/modules-2/files-2.1/org.slf4j/slf4j-api/1.7.24/3f6b4bd4f8dbe8d4bea06d107a3826469b85c3e9/slf4j-api-1.7.24.jar
7f127c01c000-7f127c024000 r--s 0006e000 fd:02 3670118                    /home/ike/.gradle/caches/modules-2/files-2.1/org.apache.commons/commons-lang3/3.5/6c6c702c89bfff3cd9e80b04d668c5e190d588c6/commons-lang3-3.5.jar
7f127c024000-7f127c029000 r--s 00017000 fd:02 3148263                    /home/ike/.m2/repository/org/hibernate/javax/persistence/hibernate-jpa-2.1-api/1.0.0.Final/hibernate-jpa-2.1-api-1.0.0.Final.jar
7f127c029000-7f127c03c000 r--s 00345000 fd:02 2100473                    /home/ike/soft/jdk1.8/jre/lib/resources.jar
7f127c03c000-7f127c04f000 r--s 000d6000 fd:02 2100468                    /home/ike/soft/jdk1.8/jre/lib/plugin.jar
7f127c04f000-7f127c06a000 r--s 00208000 fd:02 2100407                    /home/ike/soft/jdk1.8/jre/lib/deploy.jar
7f127c06a000-7f127c0e0000 rw-p 00000000 00:00 0 
7f127c0e0000-7f127c0fa000 r-xp 00000000 fd:02 2100263                    /home/ike/soft/jdk1.8/jre/lib/amd64/libzip.so
7f127c0fa000-7f127c2fa000 ---p 0001a000 fd:02 2100263                    /home/ike/soft/jdk1.8/jre/lib/amd64/libzip.so
7f127c2fa000-7f127c2fb000 rw-p 0001a000 fd:02 2100263                    /home/ike/soft/jdk1.8/jre/lib/amd64/libzip.so
7f127c2fb000-7f127c305000 r-xp 00000000 fd:00 2891856                    /usr/lib64/libnss_files-2.24.so
7f127c305000-7f127c505000 ---p 0000a000 fd:00 2891856                    /usr/lib64/libnss_files-2.24.so
7f127c505000-7f127c506000 r--p 0000a000 fd:00 2891856                    /usr/lib64/libnss_files-2.24.so
7f127c506000-7f127c507000 rw-p 0000b000 fd:00 2891856                    /usr/lib64/libnss_files-2.24.so
7f127c507000-7f127c50d000 rw-p 00000000 00:00 0 
7f127c50d000-7f127c517000 r-xp 00000000 fd:02 2100232                    /home/ike/soft/jdk1.8/jre/lib/amd64/libinstrument.so
7f127c517000-7f127c716000 ---p 0000a000 fd:02 2100232                    /home/ike/soft/jdk1.8/jre/lib/amd64/libinstrument.so
7f127c716000-7f127c717000 rw-p 00009000 fd:02 2100232                    /home/ike/soft/jdk1.8/jre/lib/amd64/libinstrument.so
7f127c717000-7f127c719000 r-xp 00000000 fd:02 2100241                    /home/ike/soft/jdk1.8/jre/lib/amd64/libnpt.so
7f127c719000-7f127c919000 ---p 00002000 fd:02 2100241                    /home/ike/soft/jdk1.8/jre/lib/amd64/libnpt.so
7f127c919000-7f127c91a000 rw-p 00002000 fd:02 2100241                    /home/ike/soft/jdk1.8/jre/lib/amd64/libnpt.so
7f127c91a000-7f127c953000 r-xp 00000000 fd:02 2100224                    /home/ike/soft/jdk1.8/jre/lib/amd64/libjdwp.so
7f127c953000-7f127cb52000 ---p 00039000 fd:02 2100224                    /home/ike/soft/jdk1.8/jre/lib/amd64/libjdwp.so
7f127cb52000-7f127cb54000 rw-p 00038000 fd:02 2100224                    /home/ike/soft/jdk1.8/jre/lib/amd64/libjdwp.so
7f127cb54000-7f127cb7e000 r-xp 00000000 fd:02 2100286                    /home/ike/soft/jdk1.8/jre/lib/amd64/libjava.so
7f127cb7e000-7f127cd7e000 ---p 0002a000 fd:02 2100286                    /home/ike/soft/jdk1.8/jre/lib/amd64/libjava.so
7f127cd7e000-7f127cd80000 rw-p 0002a000 fd:02 2100286                    /home/ike/soft/jdk1.8/jre/lib/amd64/libjava.so
7f127cd80000-7f127cd8d000 r-xp 00000000 fd:02 2100257                    /home/ike/soft/jdk1.8/jre/lib/amd64/libverify.so
7f127cd8d000-7f127cf8d000 ---p 0000d000 fd:02 2100257                    /home/ike/soft/jdk1.8/jre/lib/amd64/libverify.so
7f127cf8d000-7f127cf8f000 rw-p 0000d000 fd:02 2100257                    /home/ike/soft/jdk1.8/jre/lib/amd64/libverify.so
7f127cf8f000-7f127cf96000 r-xp 00000000 fd:00 2891975                    /usr/lib64/librt-2.24.so
7f127cf96000-7f127d195000 ---p 00007000 fd:00 2891975                    /usr/lib64/librt-2.24.so
7f127d195000-7f127d196000 r--p 00006000 fd:00 2891975                    /usr/lib64/librt-2.24.so
7f127d196000-7f127d197000 rw-p 00007000 fd:00 2891975                    /usr/lib64/librt-2.24.so
7f127d197000-7f127d29f000 r-xp 00000000 fd:00 2891438                    /usr/lib64/libm-2.24.so
7f127d29f000-7f127d49e000 ---p 00108000 fd:00 2891438                    /usr/lib64/libm-2.24.so
7f127d49e000-7f127d49f000 r--p 00107000 fd:00 2891438                    /usr/lib64/libm-2.24.so
7f127d49f000-7f127d4a0000 rw-p 00108000 fd:00 2891438                    /usr/lib64/libm-2.24.so
7f127d4a0000-7f127e16b000 r-xp 00000000 fd:02 2100238                    /home/ike/soft/jdk1.8/jre/lib/amd64/server/libjvm.so
7f127e16b000-7f127e36a000 ---p 00ccb000 fd:02 2100238                    /home/ike/soft/jdk1.8/jre/lib/amd64/server/libjvm.so
7f127e36a000-7f127e443000 rw-p 00cca000 fd:02 2100238                    /home/ike/soft/jdk1.8/jre/lib/amd64/server/libjvm.so
7f127e443000-7f127e48e000 rw-p 00000000 00:00 0 
7f127e48e000-7f127e64b000 r-xp 00000000 fd:00 2891285                    /usr/lib64/libc-2.24.so
7f127e64b000-7f127e84a000 ---p 001bd000 fd:00 2891285                    /usr/lib64/libc-2.24.so
7f127e84a000-7f127e84e000 r--p 001bc000 fd:00 2891285                    /usr/lib64/libc-2.24.so
7f127e84e000-7f127e850000 rw-p 001c0000 fd:00 2891285                    /usr/lib64/libc-2.24.so
7f127e850000-7f127e854000 rw-p 00000000 00:00 0 
7f127e854000-7f127e857000 r-xp 00000000 fd:00 2891382                    /usr/lib64/libdl-2.24.so
7f127e857000-7f127ea56000 ---p 00003000 fd:00 2891382                    /usr/lib64/libdl-2.24.so
7f127ea56000-7f127ea57000 r--p 00002000 fd:00 2891382                    /usr/lib64/libdl-2.24.so
7f127ea57000-7f127ea58000 rw-p 00003000 fd:00 2891382                    /usr/lib64/libdl-2.24.so
7f127ea58000-7f127ea6d000 r-xp 00000000 fd:02 2098935                    /home/ike/soft/jdk1.8/lib/amd64/jli/libjli.so
7f127ea6d000-7f127ec6d000 ---p 00015000 fd:02 2098935                    /home/ike/soft/jdk1.8/lib/amd64/jli/libjli.so
7f127ec6d000-7f127ec6e000 rw-p 00015000 fd:02 2098935                    /home/ike/soft/jdk1.8/lib/amd64/jli/libjli.so
7f127ec6e000-7f127ec86000 r-xp 00000000 fd:00 2891857                    /usr/lib64/libpthread-2.24.so
7f127ec86000-7f127ee86000 ---p 00018000 fd:00 2891857                    /usr/lib64/libpthread-2.24.so
7f127ee86000-7f127ee87000 r--p 00018000 fd:00 2891857                    /usr/lib64/libpthread-2.24.so
7f127ee87000-7f127ee88000 rw-p 00019000 fd:00 2891857                    /usr/lib64/libpthread-2.24.so
7f127ee88000-7f127ee8c000 rw-p 00000000 00:00 0 
7f127ee8c000-7f127eeb1000 r-xp 00000000 fd:00 2894298                    /usr/lib64/ld-2.24.so
7f127eeb1000-7f127eeb2000 r--s 00000000 fd:02 4459257                    /home/ike/.gradle/caches/modules-2/files-2.1/org.hibernate/hibernate-entitymanager/5.2.4.Final/b5f9506bbff26ce5c75f16e568fa43d148d0f1d1/hibernate-entitymanager-5.2.4.Final.jar
7f127eeb2000-7f127eeb6000 r--s 00097000 fd:02 2100406                    /home/ike/soft/jdk1.8/jre/lib/jsse.jar
7f127eeb6000-7f127eebb000 r--s 00084000 fd:02 2100412                    /home/ike/soft/jdk1.8/jre/lib/jfr.jar
7f127eebb000-7f127eec5000 r--s 0006c000 fd:02 2100376                    /home/ike/soft/jdk1.8/jre/lib/javaws.jar
7f127eec5000-7f127ef96000 rw-p 00000000 00:00 0 
7f127ef96000-7f127ef99000 ---p 00000000 00:00 0 
7f127ef99000-7f127f099000 rw-p 00000000 00:00 0 
7f127f099000-7f127f09a000 r--s 00002000 fd:02 3671205                    /home/ike/.m2/repository/org/mengyun/tcc-transaction-spring/1.1.5/tcc-transaction-spring-1.1.5.jar
7f127f09a000-7f127f09b000 r--s 00000000 fd:02 2100401                    /home/ike/soft/jdk1.8/jre/lib/management-agent.jar
7f127f09b000-7f127f09d000 r--s 00007000 fd:02 2100375                    /home/ike/soft/jdk1.8/jre/lib/jfxswt.jar
7f127f09d000-7f127f0a0000 r--s 0001a000 fd:02 2100204                    /home/ike/soft/jdk1.8/jre/lib/jce.jar
7f127f0a0000-7f127f0a5000 r--s 002f9000 fd:02 2100432                    /home/ike/soft/jdk1.8/jre/lib/charsets.jar
7f127f0a5000-7f127f0ad000 rw-s 00000000 00:29 1360411                    /tmp/hsperfdata_ike/13902
7f127f0ad000-7f127f0ae000 rw-p 00000000 00:00 0 
7f127f0ae000-7f127f0af000 ---p 00000000 00:00 0 
7f127f0af000-7f127f0b1000 rw-p 00000000 00:00 0 
7f127f0b1000-7f127f0b2000 r--p 00025000 fd:00 2894298                    /usr/lib64/ld-2.24.so
7f127f0b2000-7f127f0b3000 rw-p 00026000 fd:00 2894298                    /usr/lib64/ld-2.24.so
7f127f0b3000-7f127f0b4000 rw-p 00000000 00:00 0 
7ffe8a089000-7ffe8a0ad000 rw-p 00000000 00:00 0                          [stack]
7ffe8a117000-7ffe8a119000 r--p 00000000 00:00 0                          [vvar]
7ffe8a119000-7ffe8a11b000 r-xp 00000000 00:00 0                          [vdso]
ffffffffff600000-ffffffffff601000 r-xp 00000000 00:00 0                  [vsyscall]

VM Arguments:
jvm_args: -agentlib:jdwp=transport=dt_socket,address=127.0.0.1:41235,suspend=y,server=n -javaagent:/home/ike/soft/idea-IU-171.4424.56/plugins/Groovy/lib/agent/gragent.jar -Dfile.encoding=UTF-8 
java_command: com.bjike.goddess.receivable.Application
java_class_path (initial): /home/ike/soft/jdk1.8/jre/lib/charsets.jar:/home/ike/soft/jdk1.8/jre/lib/deploy.jar:/home/ike/soft/jdk1.8/jre/lib/ext/cldrdata.jar:/home/ike/soft/jdk1.8/jre/lib/ext/dnsns.jar:/home/ike/soft/jdk1.8/jre/lib/ext/jaccess.jar:/home/ike/soft/jdk1.8/jre/lib/ext/jfxrt.jar:/home/ike/soft/jdk1.8/jre/lib/ext/localedata.jar:/home/ike/soft/jdk1.8/jre/lib/ext/nashorn.jar:/home/ike/soft/jdk1.8/jre/lib/ext/sunec.jar:/home/ike/soft/jdk1.8/jre/lib/ext/sunjce_provider.jar:/home/ike/soft/jdk1.8/jre/lib/ext/sunpkcs11.jar:/home/ike/soft/jdk1.8/jre/lib/ext/zipfs.jar:/home/ike/soft/jdk1.8/jre/lib/javaws.jar:/home/ike/soft/jdk1.8/jre/lib/jce.jar:/home/ike/soft/jdk1.8/jre/lib/jfr.jar:/home/ike/soft/jdk1.8/jre/lib/jfxswt.jar:/home/ike/soft/jdk1.8/jre/lib/jsse.jar:/home/ike/soft/jdk1.8/jre/lib/management-agent.jar:/home/ike/soft/jdk1.8/jre/lib/plugin.jar:/home/ike/soft/jdk1.8/jre/lib/resources.jar:/home/ike/soft/jdk1.8/jre/lib/rt.jar:/home/ike/code/goddess-java/modules/receivable/receivable-provider/build/classes/main:/home/ike/code/goddess-java/modules/receivable/receivable-provider/build/resources/main:/home/ike/code/goddess-java/common/common-jpa/build/classes/main:/home/ike/code/goddess-java/common/common-provider/build/classes/main:/home/ike/code/goddess-java/common/common-provider/build/resources/main:/home/ike/code/goddess-java/modules/receivable/receivable-api/build/classes/main:/home/ike/code/goddess-java/common/common-utils/build/classes/main:/home/ike/code/goddess-java/common/common-api/build/classes/main:/home/ike/.m2/repository/org/hibernate/javax/persistence/hibernate-jpa-2.1-api/1.0.0.Final/hibernate-jpa-2.1-api-1.0.0.Final.jar:/home/ike/.gradle/caches/modules-2/files-2.1/org.apache.commons/commons-lang3/3.5/6c6c702c89bfff3cd9e80b04d668c5e190d588c6/commons-lang3-3.5.jar:/home/ike/.gradle/caches/modules-2/files-2.1/com.alibaba/druid/1.0.26/f4bc6159b34e4cda5abd6480203492b470aa1a36/druid-1.0.26.jar:/home/ike/.gradle/caches/modules-2/files-2.1/org.slf4j/
Launcher Type: SUN_STANDARD

Environment Variables:
JAVA_HOME=/home/ike/soft/jdk1.8
PATH=/home/ike/soft/gradle/bin:/home/ike/soft/maven3.3.9/bin:/home/ike/soft/jdk1.8/bin:/home/ike/soft/jdk1.8/bin:/home/ike/soft/gradle/bin:/home/ike/soft/maven3.3.9/bin:/usr/lib64/qt-3.3/bin:/usr/local/bin:/usr/local/sbin:/usr/bin:/usr/sbin:/home/ike/.local/bin:/home/ike/bin
USERNAME=ike
LD_LIBRARY_PATH=/home/ike/soft/idea-IU-171.4424.56/bin:
SHELL=/bin/bash
DISPLAY=:0

Signal Handlers:
SIGSEGV: [libjvm.so+0xac4790], sa_mask[0]=11111111011111111101111111111110, sa_flags=SA_RESTART|SA_SIGINFO
SIGBUS: [libjvm.so+0xac4790], sa_mask[0]=11111111011111111101111111111110, sa_flags=SA_RESTART|SA_SIGINFO
SIGFPE: [libjvm.so+0x91f140], sa_mask[0]=11111111011111111101111111111110, sa_flags=SA_RESTART|SA_SIGINFO
SIGPIPE: [libjvm.so+0x91f140], sa_mask[0]=11111111011111111101111111111110, sa_flags=SA_RESTART|SA_SIGINFO
SIGXFSZ: [libjvm.so+0x91f140], sa_mask[0]=11111111011111111101111111111110, sa_flags=SA_RESTART|SA_SIGINFO
SIGILL: [libjvm.so+0x91f140], sa_mask[0]=11111111011111111101111111111110, sa_flags=SA_RESTART|SA_SIGINFO
SIGUSR1: SIG_DFL, sa_mask[0]=00000000000000000000000000000000, sa_flags=none
SIGUSR2: [libjvm.so+0x920770], sa_mask[0]=00100000000000000000000000000000, sa_flags=SA_RESTART|SA_SIGINFO
SIGHUP: [libjvm.so+0x921b70], sa_mask[0]=11111111011111111101111111111110, sa_flags=SA_RESTART|SA_SIGINFO
SIGINT: [libjvm.so+0x921b70], sa_mask[0]=11111111011111111101111111111110, sa_flags=SA_RESTART|SA_SIGINFO
SIGTERM: [libjvm.so+0x921b70], sa_mask[0]=11111111011111111101111111111110, sa_flags=SA_RESTART|SA_SIGINFO
SIGQUIT: [libjvm.so+0x921b70], sa_mask[0]=11111111011111111101111111111110, sa_flags=SA_RESTART|SA_SIGINFO


---------------  S Y S T E M  ---------------

OS:Fedora release 25 (Twenty Five)

uname:Linux 4.8.6-300.fc25.x86_64 #1 SMP Tue Nov 1 12:36:38 UTC 2016 x86_64
libc:glibc 2.24 NPTL 2.24 
rlimit: STACK 8192k, CORE 0k, NPROC 31367, NOFILE 4096, AS infinity
load average:3.42 2.19 1.68

/proc/meminfo:
MemTotal:        8053804 kB
MemFree:          106552 kB
MemAvailable:      19624 kB
Buffers:             748 kB
Cached:           171100 kB
SwapCached:         7548 kB
Active:          6605048 kB
Inactive:         879092 kB
Active(anon):    6586892 kB
Inactive(anon):   864440 kB
Active(file):      18156 kB
Inactive(file):    14652 kB
Unevictable:          72 kB
Mlocked:              72 kB
SwapTotal:       8187900 kB
SwapFree:             20 kB
Dirty:                60 kB
Writeback:           180 kB
AnonPages:       7308120 kB
Mapped:           103700 kB
Shmem:            138924 kB
Slab:             211996 kB
SReclaimable:      65960 kB
SUnreclaim:       146036 kB
KernelStack:       50048 kB
PageTables:       107472 kB
NFS_Unstable:          0 kB
Bounce:                0 kB
WritebackTmp:          0 kB
CommitLimit:    12214800 kB
Committed_AS:   27274596 kB
VmallocTotal:   34359738367 kB
VmallocUsed:           0 kB
VmallocChunk:          0 kB
HardwareCorrupted:     0 kB
AnonHugePages:         0 kB
ShmemHugePages:        0 kB
ShmemPmdMapped:        0 kB
CmaTotal:              0 kB
CmaFree:               0 kB
HugePages_Total:       0
HugePages_Free:        0
HugePages_Rsvd:        0
HugePages_Surp:        0
Hugepagesize:       2048 kB
DirectMap4k:      320676 kB
DirectMap2M:     7946240 kB
DirectMap1G:           0 kB


CPU:total 4 (4 cores per cpu, 1 threads per core) family 6 model 94 stepping 3, cmov, cx8, fxsr, mmx, sse, sse2, sse3, ssse3, sse4.1, sse4.2, popcnt, avx, avx2, aes, clmul, erms, rtm, 3dnowpref, lzcnt, tsc, tscinvbit, bmi1, bmi2, adx

/proc/cpuinfo:
processor	: 0
vendor_id	: GenuineIntel
cpu family	: 6
model		: 94
model name	: Intel(R) Core(TM) i5-6500 CPU @ 3.20GHz
stepping	: 3
microcode	: 0x9e
cpu MHz		: 2700.781
cache size	: 6144 KB
physical id	: 0
siblings	: 4
core id		: 0
cpu cores	: 4
apicid		: 0
initial apicid	: 0
fpu		: yes
fpu_exception	: yes
cpuid level	: 22
wp		: yes
flags		: fpu vme de pse tsc msr pae mce cx8 apic sep mtrr pge mca cmov pat pse36 clflush dts acpi mmx fxsr sse sse2 ss ht tm pbe syscall nx pdpe1gb rdtscp lm constant_tsc art arch_perfmon pebs bts rep_good nopl xtopology nonstop_tsc aperfmperf eagerfpu pni pclmulqdq dtes64 monitor ds_cpl vmx smx est tm2 ssse3 sdbg fma cx16 xtpr pdcm pcid sse4_1 sse4_2 x2apic movbe popcnt tsc_deadline_timer aes xsave avx f16c rdrand lahf_lm abm 3dnowprefetch intel_pt tpr_shadow vnmi flexpriority ept vpid fsgsbase tsc_adjust bmi1 hle avx2 smep bmi2 erms invpcid rtm mpx rdseed adx smap clflushopt xsaveopt xsavec xgetbv1 xsaves dtherm ida arat pln pts hwp hwp_notify hwp_act_window hwp_epp
bugs		:
bogomips	: 6384.00
clflush size	: 64
cache_alignment	: 64
address sizes	: 39 bits physical, 48 bits virtual
power management:

processor	: 1
vendor_id	: GenuineIntel
cpu family	: 6
model		: 94
model name	: Intel(R) Core(TM) i5-6500 CPU @ 3.20GHz
stepping	: 3
microcode	: 0x9e
cpu MHz		: 2701.953
cache size	: 6144 KB
physical id	: 0
siblings	: 4
core id		: 1
cpu cores	: 4
apicid		: 2
initial apicid	: 2
fpu		: yes
fpu_exception	: yes
cpuid level	: 22
wp		: yes
flags		: fpu vme de pse tsc msr pae mce cx8 apic sep mtrr pge mca cmov pat pse36 clflush dts acpi mmx fxsr sse sse2 ss ht tm pbe syscall nx pdpe1gb rdtscp lm constant_tsc art arch_perfmon pebs bts rep_good nopl xtopology nonstop_tsc aperfmperf eagerfpu pni pclmulqdq dtes64 monitor ds_cpl vmx smx est tm2 ssse3 sdbg fma cx16 xtpr pdcm pcid sse4_1 sse4_2 x2apic movbe popcnt tsc_deadline_timer aes xsave avx f16c rdrand lahf_lm abm 3dnowprefetch intel_pt tpr_shadow vnmi flexpriority ept vpid fsgsbase tsc_adjust bmi1 hle avx2 smep bmi2 erms invpcid rtm mpx rdseed adx smap clflushopt xsaveopt xsavec xgetbv1 xsaves dtherm ida arat pln pts hwp hwp_notify hwp_act_window hwp_epp
bugs		:
bogomips	: 6387.61
clflush size	: 64
cache_alignment	: 64
address sizes	: 39 bits physical, 48 bits virtual
power management:

processor	: 2
vendor_id	: GenuineIntel
cpu family	: 6
model		: 94
model name	: Intel(R) Core(TM) i5-6500 CPU @ 3.20GHz
stepping	: 3
microcode	: 0x9e
cpu MHz		: 2699.804
cache size	: 6144 KB
physical id	: 0
siblings	: 4
core id		: 2
cpu cores	: 4
apicid		: 4
initial apicid	: 4
fpu		: yes
fpu_exception	: yes
cpuid level	: 22
wp		: yes
flags		: fpu vme de pse tsc msr pae mce cx8 apic sep mtrr pge mca cmov pat pse36 clflush dts acpi mmx fxsr sse sse2 ss ht tm pbe syscall nx pdpe1gb rdtscp lm constant_tsc art arch_perfmon pebs bts rep_good nopl xtopology nonstop_tsc aperfmperf eagerfpu pni pclmulqdq dtes64 monitor ds_cpl vmx smx est tm2 ssse3 sdbg fma cx16 xtpr pdcm pcid sse4_1 sse4_2 x2apic movbe popcnt tsc_deadline_timer aes xsave avx f16c rdrand lahf_lm abm 3dnowprefetch intel_pt tpr_shadow vnmi flexpriority ept vpid fsgsbase tsc_adjust bmi1 hle avx2 smep bmi2 erms invpcid rtm mpx rdseed adx smap clflushopt xsaveopt xsavec xgetbv1 xsaves dtherm ida arat pln pts hwp hwp_notify hwp_act_window hwp_epp
bugs		:
bogomips	: 6387.72
clflush size	: 64
cache_alignment	: 64
address sizes	: 39 bits physical, 48 bits virtual
power management:

processor	: 3
vendor_id	: GenuineIntel
cpu family	: 6
model		: 94
model name	: Intel(R) Core(TM) i5-6500 CPU @ 3.20GHz
stepping	: 3
microcode	: 0x9e
cpu MHz		: 2702.734
cache size	: 6144 KB
physical id	: 0
siblings	: 4
core id		: 3
cpu cores	: 4
apicid		: 6
initial apicid	: 6
fpu		: yes
fpu_exception	: yes
cpuid level	: 22
wp		: yes
flags		: fpu vme de pse tsc msr pae mce cx8 apic sep mtrr pge mca cmov pat pse36 clflush dts acpi mmx fxsr sse sse2 ss ht tm pbe syscall nx pdpe1gb rdtscp lm constant_tsc art arch_perfmon pebs bts rep_good nopl xtopology nonstop_tsc aperfmperf eagerfpu pni pclmulqdq dtes64 monitor ds_cpl vmx smx est tm2 ssse3 sdbg fma cx16 xtpr pdcm pcid sse4_1 sse4_2 x2apic movbe popcnt tsc_deadline_timer aes xsave avx f16c rdrand lahf_lm abm 3dnowprefetch intel_pt tpr_shadow vnmi flexpriority ept vpid fsgsbase tsc_adjust bmi1 hle avx2 smep bmi2 erms invpcid rtm mpx rdseed adx smap clflushopt xsaveopt xsavec xgetbv1 xsaves dtherm ida arat pln pts hwp hwp_notify hwp_act_window hwp_epp
bugs		:
bogomips	: 6387.62
clflush size	: 64
cache_alignment	: 64
address sizes	: 39 bits physical, 48 bits virtual
power management:



Memory: 4k page, physical 8053804k(106304k free), swap 8187900k(28k free)

vm_info: Java HotSpot(TM) 64-Bit Server VM (25.101-b13) for linux-amd64 JRE (1.8.0_101-b13), built on Jun 22 2016 02:59:44 by "java_re" with gcc 4.3.0 20080428 (Red Hat 4.3.0-8)

time: Sat Jun 24 10:31:45 2017
elapsed time: 15 seconds (0d 0h 0m 15s)

