#
# A fatal error has been detected by the Java Runtime Environment:
#
#  SIGSEGV (0xb) at pc=0x00007f4dfaefed94, pid=8491, tid=0x00007f4ddc576700
#
# JRE version: Java(TM) SE Runtime Environment (8.0_101-b13) (build 1.8.0_101-b13)
# Java VM: Java HotSpot(TM) 64-Bit Server VM (25.101-b13 mixed mode linux-amd64 compressed oops)
# Problematic frame:
# V  [libjvm.so+0x8acd94]  Method::checked_resolve_jmethod_id(_jmethodID*)+0x34
#
# Failed to write core dump. Core dumps have been disabled. To enable core dumping, try "ulimit -c unlimited" before starting Java again
#
# If you would like to submit a bug report, please visit:
#   http://bugreport.java.com/bugreport/crash.jsp
#

---------------  T H R E A D  ---------------

Current thread (0x00007f4df4192800):  JavaThread "JDWP Transport Listener: dt_socket" daemon [_thread_in_vm, id=8510, stack(0x00007f4ddc476000,0x00007f4ddc577000)]

siginfo: si_signo: 11 (SIGSEGV), si_code: 1 (SEGV_MAPERR), si_addr: 0x0000000000000041

Registers:
RAX=0x0000000000000031, RBX=0x0000000085274d58, RCX=0x00007f4dfc0392c0, RDX=0x00007f4dfb613e80
RSP=0x00007f4ddc5758d0, RBP=0x00007f4ddc5758e0, RSI=0x00007f4df4192800, RDI=0x0000000085274d58
R8 =0x00007f4db80056d0, R9 =0x0000000000000000, R10=0x00007f4db80056d0, R11=0x00007f4dfb7c4cc8
R12=0x0000000000000017, R13=0x00007f4db8004a58, R14=0x00007f4df4192800, R15=0x00007f4ddc5759e7
RIP=0x00007f4dfaefed94, EFLAGS=0x0000000000010206, CSGSFS=0x002b000000000033, ERR=0x0000000000000004
  TRAPNO=0x000000000000000e

Top of Stack: (sp=0x00007f4ddc5758d0)
0x00007f4ddc5758d0:   0000000000000074 00007f4df4008950
0x00007f4ddc5758e0:   00007f4ddc575950 00007f4dfad8befe
0x00007f4ddc5758f0:   00007f4ddc575910 00007f4ddc575900
0x00007f4ddc575900:   00007f4df4192800 0000000000000000
0x00007f4ddc575910:   00007f4d00000000 0000000000000000
0x00007f4ddc575920:   00007f4ddc575940 00007f4df9d05e40
0x00007f4ddc575930:   00007f4db8004a58 00007f4ddc5759e7
0x00007f4ddc575940:   0000000000000015 00007f4ddc5759e7
0x00007f4ddc575950:   00007f4ddc575980 00007f4df9af18c2
0x00007f4ddc575960:   00007f4ddc575980 00007f4db8004a58
0x00007f4ddc575970:   00007f4ddc575a50 00000000000000a8
0x00007f4ddc575980:   00007f4ddc575a10 00007f4df9ad2aa0
0x00007f4ddc575990:   00007f4ddc5759c8 00007f4ddc5759c0
0x00007f4ddc5759a0:   00007f4ddc5759b8 00007f4ddc5759dc
0x00007f4ddc5759b0:   00000001b8006240 0000000000000000
0x00007f4ddc5759c0:   0000000000000000 0000000000000000
0x00007f4ddc5759d0:   00007f4db8005610 f000100adc575a50
0x00007f4ddc5759e0:   0100000000000017 0000000000000002
0x00007f4ddc5759f0:   000000000000000f 0000000000000002
0x00007f4ddc575a00:   00000000000f0200 000000000000000f
0x00007f4ddc575a10:   00007f4ddc575c60 00007f4df9add9c6
0x00007f4ddc575a20:   0004876300000013 00007f4dfa0f0200
0x00007f4ddc575a30:   00007f4db000e870 0000000000000000
0x00007f4ddc575a40:   00007f4ddc575a50 00007f4ddc575be0
0x00007f4ddc575a50:   00007f4db807d461 00007f4d0000010f
0x00007f4ddc575a60:   00007f4db8070d20 000000000000012c
0x00007f4ddc575a70:   00007f4ddc575aa0 00007f4db8072b40
0x00007f4ddc575a80:   00007f0000000000 000487630000000f
0x00007f4ddc575a90:   00007f4d00005b80 00007f4ddc575aa0
0x00007f4ddc575aa0:   4d7f000017000000 06000000887c00b8
0x00007f4ddc575ab0:   00007265746c6966 6176616a4c281300
0x00007f4ddc575ac0:   694c2f6c6974752f 00000056293b7473 

Instructions: (pc=0x00007f4dfaefed94)
0x00007f4dfaefed74:   83 c4 08 5b c9 c3 66 0f 1f 44 00 00 48 8b 1f 48
0x00007f4dfaefed84:   85 db 74 e6 48 83 fb 37 74 e0 48 8b 03 48 89 df
0x00007f4dfaefed94:   ff 50 10 84 c0 0f 1f 80 00 00 00 00 75 ce 66 0f
0x00007f4dfaefeda4:   1f 44 00 00 eb c4 66 0f 1f 44 00 00 55 48 89 e5 

Register to memory mapping:

RAX=0x0000000000000031 is an unknown value
RBX=0x0000000085274d58 is an oop
java.lang.Object 
 - klass: 'java/lang/Object'
RCX=0x00007f4dfc0392c0: <offset 0x2192c0> in /lib64/libpthread.so.0 at 0x00007f4dfbe20000
RDX=0x00007f4dfb613e80: <offset 0xfc1e80> in /home/ike/soft/jdk1.8/jre/lib/amd64/server/libjvm.so at 0x00007f4dfa652000
RSP=0x00007f4ddc5758d0 is pointing into the stack for thread: 0x00007f4df4192800
RBP=0x00007f4ddc5758e0 is pointing into the stack for thread: 0x00007f4df4192800
RSI=0x00007f4df4192800 is a thread
RDI=0x0000000085274d58 is an oop
java.lang.Object 
 - klass: 'java/lang/Object'
R8 =0x00007f4db80056d0 is an unknown value
R9 =0x0000000000000000 is an unknown value
R10=0x00007f4db80056d0 is an unknown value
R11=0x00007f4dfb7c4cc8: <offset 0x184cc8> in /lib64/libc.so.6 at 0x00007f4dfb640000
R12=0x0000000000000017 is an unknown value
R13=0x00007f4db8004a58 is a global jni handle
R14=0x00007f4df4192800 is a thread
R15=0x00007f4ddc5759e7 is pointing into the stack for thread: 0x00007f4df4192800


Stack: [0x00007f4ddc476000,0x00007f4ddc577000],  sp=0x00007f4ddc5758d0,  free space=1022k
Native frames: (J=compiled Java code, j=interpreted, Vv=VM code, C=native code)
V  [libjvm.so+0x8acd94]  Method::checked_resolve_jmethod_id(_jmethodID*)+0x34
V  [libjvm.so+0x739efe]  jvmti_IsMethodSynthetic+0x2be
C  [libjdwp.so+0x258c2]  isMethodSynthetic+0x42
C  [libjdwp.so+0x6aa0]  methods1+0x1b0
C  [libjdwp.so+0x119c6]  debugLoop_run+0x2b6
C  [libjdwp.so+0x247ff]  attachThread+0x2f
V  [libjvm.so+0x7a63e2]  JvmtiAgentThread::call_start_function()+0xc2
V  [libjvm.so+0xa7343f]  JavaThread::thread_main_inner()+0xdf
V  [libjvm.so+0xa7356c]  JavaThread::run()+0x11c
V  [libjvm.so+0x924698]  java_start(Thread*)+0x108
C  [libpthread.so.0+0x76ca]  start_thread+0xca


---------------  P R O C E S S  ---------------

Java Threads: ( => current thread )
  0x00007f4db0020000 JavaThread "DubboServerHandler-172.17.0.1:51649-thread-5" daemon [_thread_blocked, id=10119, stack(0x00007f4d621e8000,0x00007f4d622e9000)]
  0x00007f4db001f000 JavaThread "DubboServerHandler-172.17.0.1:51649-thread-4" daemon [_thread_blocked, id=10046, stack(0x00007f4d63dfe000,0x00007f4d63eff000)]
  0x00007f4d5c009800 JavaThread "DubboResponseTimeoutScanTimer" daemon [_thread_blocked, id=8773, stack(0x00007f4d638f9000,0x00007f4d639fa000)]
  0x00007f4db000b000 JavaThread "DubboServerHandler-172.17.0.1:51649-thread-3" daemon [_thread_blocked, id=8688, stack(0x00007f4da81f4000,0x00007f4da82f5000)]
  0x00007f4db000f000 JavaThread "DubboServerHandler-172.17.0.1:51649-thread-2" daemon [_thread_blocked, id=8617, stack(0x00007f4d622e9000,0x00007f4d623ea000)]
  0x00007f4da0a06800 JavaThread "New I/O server worker #1-1" daemon [_thread_in_native, id=8612, stack(0x00007f4d625ea000,0x00007f4d626eb000)]
  0x00007f4da0a05800 JavaThread "DubboServerHandler-172.17.0.1:51649-thread-1" daemon [_thread_blocked, id=8611, stack(0x00007f4d626eb000,0x00007f4d627ec000)]
  0x00007f4df5a07000 JavaThread "dubbo-remoting-server-heartbeat-thread-1" daemon [_thread_blocked, id=8609, stack(0x00007f4d627ec000,0x00007f4d628ed000)]
  0x00007f4df5a03800 JavaThread "New I/O server boss #1 ([id: 0x06df605f, /0:0:0:0:0:0:0:0:51649])" daemon [_thread_in_native, id=8608, stack(0x00007f4d628ed000,0x00007f4d629ee000)]
  0x00007f4df59d9000 JavaThread "recoverScheduler_QuartzSchedulerThread" [_thread_blocked, id=8607, stack(0x00007f4d629ee000,0x00007f4d62aef000)]
  0x00007f4df59d2000 JavaThread "recoverScheduler_Worker-10" [_thread_blocked, id=8606, stack(0x00007f4d62aef000,0x00007f4d62bf0000)]
  0x00007f4df59c9000 JavaThread "recoverScheduler_Worker-9" [_thread_blocked, id=8605, stack(0x00007f4d62bf0000,0x00007f4d62cf1000)]
  0x00007f4df59c7000 JavaThread "recoverScheduler_Worker-8" [_thread_blocked, id=8604, stack(0x00007f4d62cf1000,0x00007f4d62df2000)]
  0x00007f4df59c5000 JavaThread "recoverScheduler_Worker-7" [_thread_blocked, id=8603, stack(0x00007f4d62df2000,0x00007f4d62ef3000)]
  0x00007f4df59c3800 JavaThread "recoverScheduler_Worker-6" [_thread_blocked, id=8602, stack(0x00007f4d62ef3000,0x00007f4d62ff4000)]
  0x00007f4df59c1800 JavaThread "recoverScheduler_Worker-5" [_thread_blocked, id=8601, stack(0x00007f4d62ff4000,0x00007f4d630f5000)]
  0x00007f4df59c0000 JavaThread "recoverScheduler_Worker-4" [_thread_blocked, id=8600, stack(0x00007f4d630f5000,0x00007f4d631f6000)]
  0x00007f4df59be000 JavaThread "recoverScheduler_Worker-3" [_thread_blocked, id=8599, stack(0x00007f4d631f6000,0x00007f4d632f7000)]
  0x00007f4df59bc800 JavaThread "recoverScheduler_Worker-2" [_thread_blocked, id=8598, stack(0x00007f4d632f7000,0x00007f4d633f8000)]
  0x00007f4df59ba000 JavaThread "recoverScheduler_Worker-1" [_thread_blocked, id=8597, stack(0x00007f4d633f8000,0x00007f4d634f9000)]
  0x00007f4df592b800 JavaThread "dubbo-remoting-client-heartbeat-thread-2" daemon [_thread_blocked, id=8554, stack(0x00007f4d639fa000,0x00007f4d63afb000)]
  0x00007f4d6401f000 JavaThread "New I/O client worker #1-2" daemon [_thread_in_native, id=8552, stack(0x00007f4d63afb000,0x00007f4d63bfc000)]
  0x00007f4df58ff800 JavaThread "DubboClientReconnectTimer-thread-2" daemon [_thread_blocked, id=8551, stack(0x00007f4d63cfd000,0x00007f4d63dfe000)]
  0x00007f4df5906000 JavaThread "commons-pool-EvictionTimer" daemon [_thread_blocked, id=8550, stack(0x00007f4d63bfc000,0x00007f4d63cfd000)]
  0x00007f4df58c0000 JavaThread "dubbo-remoting-client-heartbeat-thread-1" daemon [_thread_blocked, id=8547, stack(0x00007f4d63eff000,0x00007f4d64000000)]
  0x00007f4d64011000 JavaThread "New I/O client worker #1-1" daemon [_thread_in_native, id=8546, stack(0x00007f4da80f3000,0x00007f4da81f4000)]
  0x00007f4df584b800 JavaThread "DubboClientReconnectTimer-thread-1" daemon [_thread_blocked, id=8544, stack(0x00007f4da82f5000,0x00007f4da83f6000)]
  0x00007f4df5822800 JavaThread "DubboSaveRegistryCache-thread-1" daemon [_thread_blocked, id=8543, stack(0x00007f4da83f6000,0x00007f4da84f7000)]
  0x00007f4df5804000 JavaThread "main-EventThread" daemon [_thread_blocked, id=8542, stack(0x00007f4da86f7000,0x00007f4da87f8000)]
  0x00007f4df580b800 JavaThread "main-SendThread(localhost:2181)" daemon [_thread_in_native, id=8541, stack(0x00007f4da87f8000,0x00007f4da88f9000)]
  0x00007f4df57f1800 JavaThread "ZkClient-EventThread-20-localhost:2181" daemon [_thread_blocked, id=8540, stack(0x00007f4da88f9000,0x00007f4da89fa000)]
  0x00007f4df57e2000 JavaThread "DubboRegistryFailedRetryTimer-thread-1" daemon [_thread_blocked, id=8539, stack(0x00007f4da96f2000,0x00007f4da97f3000)]
  0x00007f4df5509000 JavaThread "__DEFAULT__" daemon [_thread_blocked, id=8536, stack(0x00007f4da9cbe000,0x00007f4da9dbf000)]
  0x00007f4df5371800 JavaThread "Druid-ConnectionPool-Destroy-1350894905" daemon [_thread_blocked, id=8535, stack(0x00007f4da9fbf000,0x00007f4daa0c0000)]
  0x00007f4df536f000 JavaThread "Druid-ConnectionPool-Create-1350894905" daemon [_thread_blocked, id=8534, stack(0x00007f4daa0c0000,0x00007f4daa1c1000)]
  0x00007f4df520a800 JavaThread "Abandoned connection cleanup thread" daemon [_thread_blocked, id=8533, stack(0x00007f4dab5fa000,0x00007f4dab6fb000)]
  0x00007f4df45a5000 JavaThread "Service Thread" daemon [_thread_blocked, id=8523, stack(0x00007f4dabbfc000,0x00007f4dabcfd000)]
  0x00007f4df45a1800 JavaThread "C1 CompilerThread2" daemon [_thread_blocked, id=8522, stack(0x00007f4dabcfd000,0x00007f4dabdfe000)]
  0x00007f4df459e800 JavaThread "C2 CompilerThread1" daemon [_thread_blocked, id=8521, stack(0x00007f4dabdfe000,0x00007f4dabeff000)]
  0x00007f4df459d000 JavaThread "C2 CompilerThread0" daemon [_thread_blocked, id=8520, stack(0x00007f4dabeff000,0x00007f4dac000000)]
  0x00007f4db8001000 JavaThread "JDWP Command Reader" daemon [_thread_in_native, id=8515, stack(0x00007f4ddc274000,0x00007f4ddc375000)]
  0x00007f4df4196000 JavaThread "JDWP Event Helper Thread" daemon [_thread_blocked, id=8513, stack(0x00007f4ddc375000,0x00007f4ddc476000)]
=>0x00007f4df4192800 JavaThread "JDWP Transport Listener: dt_socket" daemon [_thread_in_vm, id=8510, stack(0x00007f4ddc476000,0x00007f4ddc577000)]
  0x00007f4df4184000 JavaThread "Signal Dispatcher" daemon [_thread_blocked, id=8509, stack(0x00007f4ddc77b000,0x00007f4ddc87c000)]
  0x00007f4df4152000 JavaThread "Finalizer" daemon [_thread_blocked, id=8507, stack(0x00007f4ddc87c000,0x00007f4ddc97d000)]
  0x00007f4df414d800 JavaThread "Reference Handler" daemon [_thread_blocked, id=8504, stack(0x00007f4ddc97d000,0x00007f4ddca7e000)]
  0x00007f4df4010000 JavaThread "main" [_thread_in_native, id=8492, stack(0x00007f4dfc148000,0x00007f4dfc249000)]

Other Threads:
  0x00007f4df4145800 VMThread [stack: 0x00007f4ddca7e000,0x00007f4ddcb7f000] [id=8502]
  0x00007f4df45aa000 WatcherThread [stack: 0x00007f4dabafb000,0x00007f4dabbfc000] [id=8524]

VM state:not at safepoint (normal execution)

VM Mutex/Monitor currently owned by a thread: None

Heap:
 PSYoungGen      total 602112K, used 49666K [0x00000000d7000000, 0x0000000100000000, 0x0000000100000000)
  eden space 572416K, 5% used [0x00000000d7000000,0x00000000d8ece8f8,0x00000000f9f00000)
  from space 29696K, 61% used [0x00000000f9f00000,0x00000000fb0b1f58,0x00000000fbc00000)
  to   space 30208K, 0% used [0x00000000fe280000,0x00000000fe280000,0x0000000100000000)
 ParOldGen       total 86528K, used 44689K [0x0000000085000000, 0x000000008a480000, 0x00000000d7000000)
  object space 86528K, 51% used [0x0000000085000000,0x0000000087ba4718,0x000000008a480000)
 Metaspace       used 54715K, capacity 56012K, committed 56192K, reserved 1099776K
  class space    used 6454K, capacity 6682K, committed 6784K, reserved 1048576K

Card table byte_map: [0x00007f4df8af9000,0x00007f4df8ed2000] byte_map_base: 0x00007f4df86d1000

Marking Bits: (ParMarkBitMap*) 0x00007f4dfb613120
 Begin Bits: [0x00007f4dd4280000, 0x00007f4dd6140000)
 End Bits:   [0x00007f4dd6140000, 0x00007f4dd8000000)

Polling page: 0x00007f4dfc260000

CodeCache: size=245760Kb used=22814Kb max_used=22832Kb free=222945Kb
 bounds [0x00007f4dde467000, 0x00007f4ddfb17000, 0x00007f4ded467000]
 total_blobs=6982 nmethods=6394 adapters=508
 compilation: enabled

Compilation events (10 events):
Event: 2372.143 Thread 0x00007f4df459d000 nmethod 7746 0x00007f4ddeb16dd0 code [0x00007f4ddeb16f80, 0x00007f4ddeb17748]
Event: 2372.494 Thread 0x00007f4df459e800 nmethod 7745% 0x00007f4ddf68e710 code [0x00007f4ddf68eb40, 0x00007f4ddf692948]
Event: 2381.130 Thread 0x00007f4df45a1800 7747       3       java.lang.Class::reflectionData (49 bytes)
Event: 2381.130 Thread 0x00007f4df459d000 7748       4       java.lang.Thread::isInterrupted (6 bytes)
Event: 2381.132 Thread 0x00007f4df459d000 nmethod 7748 0x00007f4dded977d0 code [0x00007f4dded97920, 0x00007f4dded979c8]
Event: 2381.132 Thread 0x00007f4df45a1800 nmethod 7747 0x00007f4ddeb16590 code [0x00007f4ddeb16720, 0x00007f4ddeb16c48]
Event: 2387.129 Thread 0x00007f4df45a1800 7749       3       java.util.concurrent.locks.AbstractQueuedSynchronizer::addWaiter (50 bytes)
Event: 2387.130 Thread 0x00007f4df45a1800 nmethod 7749 0x00007f4ddef8c690 code [0x00007f4ddef8c820, 0x00007f4ddef8cca8]
Event: 2387.130 Thread 0x00007f4df45a1800 7750       3       java.util.concurrent.locks.AbstractQueuedSynchronizer$Node::<init> (15 bytes)
Event: 2387.130 Thread 0x00007f4df45a1800 nmethod 7750 0x00007f4dde7edd10 code [0x00007f4dde7ede80, 0x00007f4dde7ee070]

GC Heap History (10 events):
Event: 6.250 GC heap before
{Heap before GC invocations=9 (full 1):
 PSYoungGen      total 265728K, used 150220K [0x00000000d7000000, 0x00000000f4280000, 0x0000000100000000)
  eden space 253952K, 54% used [0x00000000d7000000,0x00000000df737878,0x00000000e6800000)
  from space 11776K, 99% used [0x00000000e6800000,0x00000000e737b850,0x00000000e7380000)
  to   space 19968K, 0% used [0x00000000f2f00000,0x00000000f2f00000,0x00000000f4280000)
 ParOldGen       total 53760K, used 19244K [0x0000000085000000, 0x0000000088480000, 0x00000000d7000000)
  object space 53760K, 35% used [0x0000000085000000,0x00000000862cb3d0,0x0000000088480000)
 Metaspace       used 34614K, capacity 34940K, committed 35416K, reserved 1081344K
  class space    used 4145K, capacity 4262K, committed 4352K, reserved 1048576K
Event: 6.261 GC heap after
Heap after GC invocations=9 (full 1):
 PSYoungGen      total 441344K, used 13135K [0x00000000d7000000, 0x00000000f3c00000, 0x0000000100000000)
  eden space 428032K, 0% used [0x00000000d7000000,0x00000000d7000000,0x00000000f1200000)
  from space 13312K, 98% used [0x00000000f2f00000,0x00000000f3bd3f38,0x00000000f3c00000)
  to   space 20480K, 0% used [0x00000000f1400000,0x00000000f1400000,0x00000000f2800000)
 ParOldGen       total 53760K, used 19252K [0x0000000085000000, 0x0000000088480000, 0x00000000d7000000)
  object space 53760K, 35% used [0x0000000085000000,0x00000000862cd3d0,0x0000000088480000)
 Metaspace       used 34614K, capacity 34940K, committed 35416K, reserved 1081344K
  class space    used 4145K, capacity 4262K, committed 4352K, reserved 1048576K
}
Event: 6.261 GC heap before
{Heap before GC invocations=10 (full 2):
 PSYoungGen      total 441344K, used 13135K [0x00000000d7000000, 0x00000000f3c00000, 0x0000000100000000)
  eden space 428032K, 0% used [0x00000000d7000000,0x00000000d7000000,0x00000000f1200000)
  from space 13312K, 98% used [0x00000000f2f00000,0x00000000f3bd3f38,0x00000000f3c00000)
  to   space 20480K, 0% used [0x00000000f1400000,0x00000000f1400000,0x00000000f2800000)
 ParOldGen       total 53760K, used 19252K [0x0000000085000000, 0x0000000088480000, 0x00000000d7000000)
  object space 53760K, 35% used [0x0000000085000000,0x00000000862cd3d0,0x0000000088480000)
 Metaspace       used 34614K, capacity 34940K, committed 35416K, reserved 1081344K
  class space    used 4145K, capacity 4262K, committed 4352K, reserved 1048576K
Event: 6.294 GC heap after
Heap after GC invocations=10 (full 2):
 PSYoungGen      total 441344K, used 0K [0x00000000d7000000, 0x00000000f3c00000, 0x0000000100000000)
  eden space 428032K, 0% used [0x00000000d7000000,0x00000000d7000000,0x00000000f1200000)
  from space 13312K, 0% used [0x00000000f2f00000,0x00000000f2f00000,0x00000000f3c00000)
  to   space 20480K, 0% used [0x00000000f1400000,0x00000000f1400000,0x00000000f2800000)
 ParOldGen       total 86528K, used 18934K [0x0000000085000000, 0x000000008a480000, 0x00000000d7000000)
  object space 86528K, 21% used [0x0000000085000000,0x000000008627d9d8,0x000000008a480000)
 Metaspace       used 34614K, capacity 34940K, committed 35416K, reserved 1081344K
  class space    used 4145K, capacity 4262K, committed 4352K, reserved 1048576K
}
Event: 8.770 GC heap before
{Heap before GC invocations=11 (full 2):
 PSYoungGen      total 441344K, used 427944K [0x00000000d7000000, 0x00000000f3c00000, 0x0000000100000000)
  eden space 428032K, 99% used [0x00000000d7000000,0x00000000f11ea350,0x00000000f1200000)
  from space 13312K, 0% used [0x00000000f2f00000,0x00000000f2f00000,0x00000000f3c00000)
  to   space 20480K, 0% used [0x00000000f1400000,0x00000000f1400000,0x00000000f2800000)
 ParOldGen       total 86528K, used 18934K [0x0000000085000000, 0x000000008a480000, 0x00000000d7000000)
  object space 86528K, 21% used [0x0000000085000000,0x000000008627d9d8,0x000000008a480000)
 Metaspace       used 44977K, capacity 45382K, committed 46080K, reserved 1089536K
  class space    used 5458K, capacity 5571K, committed 5632K, reserved 1048576K
Event: 8.794 GC heap after
Heap after GC invocations=11 (full 2):
 PSYoungGen      total 450560K, used 20473K [0x00000000d7000000, 0x00000000fda00000, 0x0000000100000000)
  eden space 430080K, 0% used [0x00000000d7000000,0x00000000d7000000,0x00000000f1400000)
  from space 20480K, 99% used [0x00000000f1400000,0x00000000f27fe448,0x00000000f2800000)
  to   space 28160K, 0% used [0x00000000fbe80000,0x00000000fbe80000,0x00000000fda00000)
 ParOldGen       total 86528K, used 29492K [0x0000000085000000, 0x000000008a480000, 0x00000000d7000000)
  object space 86528K, 34% used [0x0000000085000000,0x0000000086ccd248,0x000000008a480000)
 Metaspace       used 44977K, capacity 45382K, committed 46080K, reserved 1089536K
  class space    used 5458K, capacity 5571K, committed 5632K, reserved 1048576K
}
Event: 11.458 GC heap before
{Heap before GC invocations=12 (full 2):
 PSYoungGen      total 450560K, used 450553K [0x00000000d7000000, 0x00000000fda00000, 0x0000000100000000)
  eden space 430080K, 100% used [0x00000000d7000000,0x00000000f1400000,0x00000000f1400000)
  from space 20480K, 99% used [0x00000000f1400000,0x00000000f27fe448,0x00000000f2800000)
  to   space 28160K, 0% used [0x00000000fbe80000,0x00000000fbe80000,0x00000000fda00000)
 ParOldGen       total 86528K, used 29492K [0x0000000085000000, 0x000000008a480000, 0x00000000d7000000)
  object space 86528K, 34% used [0x0000000085000000,0x0000000086ccd248,0x000000008a480000)
 Metaspace       used 49553K, capacity 50238K, committed 50688K, reserved 1093632K
  class space    used 5966K, capacity 6131K, committed 6144K, reserved 1048576K
Event: 11.482 GC heap after
Heap after GC invocations=12 (full 2):
 PSYoungGen      total 599552K, used 19876K [0x00000000d7000000, 0x00000000fd900000, 0x0000000100000000)
  eden space 572416K, 0% used [0x00000000d7000000,0x00000000d7000000,0x00000000f9f00000)
  from space 27136K, 73% used [0x00000000fbe80000,0x00000000fd1e9000,0x00000000fd900000)
  to   space 29696K, 0% used [0x00000000f9f00000,0x00000000f9f00000,0x00000000fbc00000)
 ParOldGen       total 86528K, used 29500K [0x0000000085000000, 0x000000008a480000, 0x00000000d7000000)
  object space 86528K, 34% used [0x0000000085000000,0x0000000086ccf248,0x000000008a480000)
 Metaspace       used 49553K, capacity 50238K, committed 50688K, reserved 1093632K
  class space    used 5966K, capacity 6131K, committed 6144K, reserved 1048576K
}
Event: 2371.651 GC heap before
{Heap before GC invocations=13 (full 2):
 PSYoungGen      total 599552K, used 592292K [0x00000000d7000000, 0x00000000fd900000, 0x0000000100000000)
  eden space 572416K, 100% used [0x00000000d7000000,0x00000000f9f00000,0x00000000f9f00000)
  from space 27136K, 73% used [0x00000000fbe80000,0x00000000fd1e9000,0x00000000fd900000)
  to   space 29696K, 0% used [0x00000000f9f00000,0x00000000f9f00000,0x00000000fbc00000)
 ParOldGen       total 86528K, used 29500K [0x0000000085000000, 0x000000008a480000, 0x00000000d7000000)
  object space 86528K, 34% used [0x0000000085000000,0x0000000086ccf248,0x000000008a480000)
 Metaspace       used 54442K, capacity 55750K, committed 55936K, reserved 1097728K
  class space    used 6441K, capacity 6681K, committed 6784K, reserved 1048576K
Event: 2371.726 GC heap after
Heap after GC invocations=13 (full 2):
 PSYoungGen      total 602112K, used 18119K [0x00000000d7000000, 0x0000000100000000, 0x0000000100000000)
  eden space 572416K, 0% used [0x00000000d7000000,0x00000000d7000000,0x00000000f9f00000)
  from space 29696K, 61% used [0x00000000f9f00000,0x00000000fb0b1f58,0x00000000fbc00000)
  to   space 30208K, 0% used [0x00000000fe280000,0x00000000fe280000,0x0000000100000000)
 ParOldGen       total 86528K, used 44689K [0x0000000085000000, 0x000000008a480000, 0x00000000d7000000)
  object space 86528K, 51% used [0x0000000085000000,0x0000000087ba4718,0x000000008a480000)
 Metaspace       used 54442K, capacity 55750K, committed 55936K, reserved 1097728K
  class space    used 6441K, capacity 6681K, committed 6784K, reserved 1048576K
}

Deoptimization events (10 events):
Event: 2342.674 Thread 0x00007f4df536f000 Uncommon trap: reason=class_check action=maybe_recompile pc=0x00007f4ddf3a06e8 method=sun.security.provider.DigestBase.engineUpdate([BII)V @ 128
Event: 2342.674 Thread 0x00007f4df536f000 Uncommon trap: reason=class_check action=maybe_recompile pc=0x00007f4ddf3a06e8 method=sun.security.provider.DigestBase.engineUpdate([BII)V @ 128
Event: 2342.702 Thread 0x00007f4df536f000 Uncommon trap: reason=unstable_if action=reinterpret pc=0x00007f4dde596270 method=java.util.concurrent.locks.AbstractQueuedSynchronizer.release(I)Z @ 5
Event: 2342.703 Thread 0x00007f4df536f000 Uncommon trap: reason=bimorphic action=maybe_recompile pc=0x00007f4dde804f10 method=java.util.Hashtable.get(Ljava/lang/Object;)Ljava/lang/Object; @ 45
Event: 2342.704 Thread 0x00007f4df536f000 Uncommon trap: reason=unstable_if action=reinterpret pc=0x00007f4dde7659ac method=com.mysql.cj.core.util.StringUtils.getBytes(Ljava/lang/String;Ljava/lang/String;)[B @ 1
Event: 2342.711 Thread 0x00007f4df536f000 Uncommon trap: reason=unstable_if action=reinterpret pc=0x00007f4ddf362d48 method=com.mysql.cj.core.util.StringUtils.toString([BIILjava/lang/String;)Ljava/lang/String; @ 1
Event: 2342.712 Thread 0x00007f4df536f000 Uncommon trap: reason=unstable_if action=reinterpret pc=0x00007f4ddf2f1374 method=com.mysql.cj.core.util.StringUtils.toString([BIILjava/lang/String;)Ljava/lang/String; @ 1
Event: 2342.714 Thread 0x00007f4df536f000 Uncommon trap: reason=unstable_if action=reinterpret pc=0x00007f4ddec67734 method=sun.nio.cs.UTF_8$Encoder.encodeArrayLoop(Ljava/nio/CharBuffer;Ljava/nio/ByteBuffer;)Ljava/nio/charset/CoderResult; @ 87
Event: 2371.901 Thread 0x00007f4db0020000 Uncommon trap: reason=unstable_if action=reinterpret pc=0x00007f4ddfa89d14 method=java.lang.ClassLoader.checkCerts(Ljava/lang/String;Ljava/security/CodeSource;)V @ 29
Event: 2371.919 Thread 0x00007f4db0020000 Uncommon trap: reason=unstable_if action=reinterpret pc=0x00007f4ddeeed218 method=org.springframework.cglib.core.CodeEmitter.emit_invoke(ILorg/springframework/asm/Type;Lorg/springframework/cglib/core/Signature;)V @ 24

Internal exceptions (10 events):
Event: 1689.524 Thread 0x00007f4d6401f000 Exception <a 'java/lang/NullPointerException'> (0x00000000d7a4f440) thrown at [/HUDSON3/workspace/8-2-build-linux-amd64/jdk8u101/7261/hotspot/src/share/vm/interpreter/linkResolver.cpp, line 1178]
Event: 1693.079 Thread 0x00007f4da0a06800 Exception <a 'java/lang/NullPointerException'> (0x00000000f85fda70) thrown at [/HUDSON3/workspace/8-2-build-linux-amd64/jdk8u101/7261/hotspot/src/share/vm/interpreter/linkResolver.cpp, line 1178]
Event: 1753.080 Thread 0x00007f4da0a06800 Exception <a 'java/lang/NullPointerException'> (0x00000000f85ff498) thrown at [/HUDSON3/workspace/8-2-build-linux-amd64/jdk8u101/7261/hotspot/src/share/vm/interpreter/linkResolver.cpp, line 1178]
Event: 1869.525 Thread 0x00007f4d6401f000 Exception <a 'java/lang/NullPointerException'> (0x00000000d7a55ba8) thrown at [/HUDSON3/workspace/8-2-build-linux-amd64/jdk8u101/7261/hotspot/src/share/vm/interpreter/linkResolver.cpp, line 1178]
Event: 1933.080 Thread 0x00007f4da0a06800 Exception <a 'java/lang/NullPointerException'> (0x00000000f8605bd8) thrown at [/HUDSON3/workspace/8-2-build-linux-amd64/jdk8u101/7261/hotspot/src/share/vm/interpreter/linkResolver.cpp, line 1178]
Event: 2049.526 Thread 0x00007f4d6401f000 Exception <a 'java/lang/NullPointerException'> (0x00000000d7a5c310) thrown at [/HUDSON3/workspace/8-2-build-linux-amd64/jdk8u101/7261/hotspot/src/share/vm/interpreter/linkResolver.cpp, line 1178]
Event: 2113.082 Thread 0x00007f4da0a06800 Exception <a 'java/lang/NullPointerException'> (0x00000000f860c318) thrown at [/HUDSON3/workspace/8-2-build-linux-amd64/jdk8u101/7261/hotspot/src/share/vm/interpreter/linkResolver.cpp, line 1178]
Event: 2289.527 Thread 0x00007f4d6401f000 Exception <a 'java/lang/NullPointerException'> (0x00000000d7a664d0) thrown at [/HUDSON3/workspace/8-2-build-linux-amd64/jdk8u101/7261/hotspot/src/share/vm/interpreter/linkResolver.cpp, line 1178]
Event: 2293.084 Thread 0x00007f4da0a06800 Exception <a 'java/lang/NullPointerException'> (0x00000000f8612a58) thrown at [/HUDSON3/workspace/8-2-build-linux-amd64/jdk8u101/7261/hotspot/src/share/vm/interpreter/linkResolver.cpp, line 1178]
Event: 2371.901 Thread 0x00007f4db0020000 Implicit null exception at 0x00007f4ddfa879d5 to 0x00007f4ddfa89d01

Events (10 events):
Event: 2395.776 Executing VM operation: ChangeBreakpoints
Event: 2395.776 Executing VM operation: ChangeBreakpoints done
Event: 2395.779 Thread 0x00007f4df4192800 DEOPT PACKING pc=0x00007f4ddfa92801 sp=0x00007f4ddc5744c0
Event: 2395.779 Thread 0x00007f4df4192800 DEOPT UNPACKING pc=0x00007f4dde4ae633 sp=0x00007f4ddc574228 mode 1
Event: 2395.788 Executing VM operation: RedefineClasses
Event: 2395.837 Executing VM operation: RedefineClasses done
Event: 2400.942 Thread 0x00007f4df4192800 DEOPT PACKING pc=0x00007f4ddfa92801 sp=0x00007f4ddc5744c0
Event: 2400.942 Thread 0x00007f4df4192800 DEOPT UNPACKING pc=0x00007f4dde4ae633 sp=0x00007f4ddc574228 mode 1
Event: 2400.950 Executing VM operation: RedefineClasses
Event: 2400.996 Executing VM operation: RedefineClasses done


Dynamic libraries:
00400000-00401000 r-xp 00000000 fd:02 2100689                            /home/ike/soft/jdk1.8/bin/java
00600000-00601000 rw-p 00000000 fd:02 2100689                            /home/ike/soft/jdk1.8/bin/java
0239b000-023bc000 rw-p 00000000 00:00 0                                  [heap]
85000000-8a480000 rw-p 00000000 00:00 0 
8a480000-d7000000 ---p 00000000 00:00 0 
d7000000-100000000 rw-p 00000000 00:00 0 
100000000-1006a0000 rw-p 00000000 00:00 0 
1006a0000-140000000 ---p 00000000 00:00 0 
7f4d54000000-7f4d54021000 rw-p 00000000 00:00 0 
7f4d54021000-7f4d58000000 ---p 00000000 00:00 0 
7f4d5c000000-7f4d5c021000 rw-p 00000000 00:00 0 
7f4d5c021000-7f4d60000000 ---p 00000000 00:00 0 
7f4d61fe8000-7f4d62028000 rw-p 00000000 00:00 0 
7f4d62028000-7f4d621e8000 ---p 00000000 00:00 0 
7f4d621e8000-7f4d621eb000 ---p 00000000 00:00 0 
7f4d621eb000-7f4d622e9000 rw-p 00000000 00:00 0 
7f4d622e9000-7f4d622ec000 ---p 00000000 00:00 0 
7f4d622ec000-7f4d625ea000 rw-p 00000000 00:00 0 
7f4d625ea000-7f4d625ed000 ---p 00000000 00:00 0 
7f4d625ed000-7f4d626eb000 rw-p 00000000 00:00 0 
7f4d626eb000-7f4d626ee000 ---p 00000000 00:00 0 
7f4d626ee000-7f4d627ec000 rw-p 00000000 00:00 0 
7f4d627ec000-7f4d627ef000 ---p 00000000 00:00 0 
7f4d627ef000-7f4d628ed000 rw-p 00000000 00:00 0 
7f4d628ed000-7f4d628f0000 ---p 00000000 00:00 0 
7f4d628f0000-7f4d629ee000 rw-p 00000000 00:00 0 
7f4d629ee000-7f4d629f1000 ---p 00000000 00:00 0 
7f4d629f1000-7f4d62aef000 rw-p 00000000 00:00 0 
7f4d62aef000-7f4d62af2000 ---p 00000000 00:00 0 
7f4d62af2000-7f4d62bf0000 rw-p 00000000 00:00 0 
7f4d62bf0000-7f4d62bf3000 ---p 00000000 00:00 0 
7f4d62bf3000-7f4d62cf1000 rw-p 00000000 00:00 0 
7f4d62cf1000-7f4d62cf4000 ---p 00000000 00:00 0 
7f4d62cf4000-7f4d62df2000 rw-p 00000000 00:00 0 
7f4d62df2000-7f4d62df5000 ---p 00000000 00:00 0 
7f4d62df5000-7f4d62ef3000 rw-p 00000000 00:00 0 
7f4d62ef3000-7f4d62ef6000 ---p 00000000 00:00 0 
7f4d62ef6000-7f4d62ff4000 rw-p 00000000 00:00 0 
7f4d62ff4000-7f4d62ff7000 ---p 00000000 00:00 0 
7f4d62ff7000-7f4d630f5000 rw-p 00000000 00:00 0 
7f4d630f5000-7f4d630f8000 ---p 00000000 00:00 0 
7f4d630f8000-7f4d631f6000 rw-p 00000000 00:00 0 
7f4d631f6000-7f4d631f9000 ---p 00000000 00:00 0 
7f4d631f9000-7f4d632f7000 rw-p 00000000 00:00 0 
7f4d632f7000-7f4d632fa000 ---p 00000000 00:00 0 
7f4d632fa000-7f4d633f8000 rw-p 00000000 00:00 0 
7f4d633f8000-7f4d633fb000 ---p 00000000 00:00 0 
7f4d633fb000-7f4d636f9000 rw-p 00000000 00:00 0 
7f4d636f9000-7f4d638f9000 rw-p 00000000 00:00 0 
7f4d638f9000-7f4d638fc000 ---p 00000000 00:00 0 
7f4d638fc000-7f4d639fa000 rw-p 00000000 00:00 0 
7f4d639fa000-7f4d639fd000 ---p 00000000 00:00 0 
7f4d639fd000-7f4d63afb000 rw-p 00000000 00:00 0 
7f4d63afb000-7f4d63afe000 ---p 00000000 00:00 0 
7f4d63afe000-7f4d63bfc000 rw-p 00000000 00:00 0 
7f4d63bfc000-7f4d63bff000 ---p 00000000 00:00 0 
7f4d63bff000-7f4d63cfd000 rw-p 00000000 00:00 0 
7f4d63cfd000-7f4d63d00000 ---p 00000000 00:00 0 
7f4d63d00000-7f4d63dfe000 rw-p 00000000 00:00 0 
7f4d63dfe000-7f4d63e01000 ---p 00000000 00:00 0 
7f4d63e01000-7f4d63eff000 rw-p 00000000 00:00 0 
7f4d63eff000-7f4d63f02000 ---p 00000000 00:00 0 
7f4d63f02000-7f4d64000000 rw-p 00000000 00:00 0 
7f4d64000000-7f4d64022000 rw-p 00000000 00:00 0 
7f4d64022000-7f4d68000000 ---p 00000000 00:00 0 
7f4d68000000-7f4d68021000 rw-p 00000000 00:00 0 
7f4d68021000-7f4d6c000000 ---p 00000000 00:00 0 
7f4d6c000000-7f4d6c131000 rw-p 00000000 00:00 0 
7f4d6c131000-7f4d70000000 ---p 00000000 00:00 0 
7f4d70000000-7f4d70021000 rw-p 00000000 00:00 0 
7f4d70021000-7f4d74000000 ---p 00000000 00:00 0 
7f4d74000000-7f4d74025000 rw-p 00000000 00:00 0 
7f4d74025000-7f4d78000000 ---p 00000000 00:00 0 
7f4d78000000-7f4d78021000 rw-p 00000000 00:00 0 
7f4d78021000-7f4d7c000000 ---p 00000000 00:00 0 
7f4d7c000000-7f4d7c021000 rw-p 00000000 00:00 0 
7f4d7c021000-7f4d80000000 ---p 00000000 00:00 0 
7f4d80000000-7f4d80021000 rw-p 00000000 00:00 0 
7f4d80021000-7f4d84000000 ---p 00000000 00:00 0 
7f4d84000000-7f4d84021000 rw-p 00000000 00:00 0 
7f4d84021000-7f4d88000000 ---p 00000000 00:00 0 
7f4d88000000-7f4d88024000 rw-p 00000000 00:00 0 
7f4d88024000-7f4d8c000000 ---p 00000000 00:00 0 
7f4d8c000000-7f4d8c021000 rw-p 00000000 00:00 0 
7f4d8c021000-7f4d90000000 ---p 00000000 00:00 0 
7f4d90000000-7f4d908b9000 rw-p 00000000 00:00 0 
7f4d908b9000-7f4d94000000 ---p 00000000 00:00 0 
7f4d94000000-7f4d94021000 rw-p 00000000 00:00 0 
7f4d94021000-7f4d98000000 ---p 00000000 00:00 0 
7f4d98000000-7f4d98021000 rw-p 00000000 00:00 0 
7f4d98021000-7f4d9c000000 ---p 00000000 00:00 0 
7f4d9c000000-7f4d9e734000 rw-p 00000000 00:00 0 
7f4d9e734000-7f4da0000000 ---p 00000000 00:00 0 
7f4da0000000-7f4da15d4000 rw-p 00000000 00:00 0 
7f4da15d4000-7f4da4000000 ---p 00000000 00:00 0 
7f4da4000000-7f4da729e000 rw-p 00000000 00:00 0 
7f4da729e000-7f4da8000000 ---p 00000000 00:00 0 
7f4da80f3000-7f4da80f6000 ---p 00000000 00:00 0 
7f4da80f6000-7f4da81f4000 rw-p 00000000 00:00 0 
7f4da81f4000-7f4da81f7000 ---p 00000000 00:00 0 
7f4da81f7000-7f4da82f5000 rw-p 00000000 00:00 0 
7f4da82f5000-7f4da82f8000 ---p 00000000 00:00 0 
7f4da82f8000-7f4da83f6000 rw-p 00000000 00:00 0 
7f4da83f6000-7f4da83f9000 ---p 00000000 00:00 0 
7f4da83f9000-7f4da86f7000 rw-p 00000000 00:00 0 
7f4da86f7000-7f4da86fa000 ---p 00000000 00:00 0 
7f4da86fa000-7f4da87f8000 rw-p 00000000 00:00 0 
7f4da87f8000-7f4da87fb000 ---p 00000000 00:00 0 
7f4da87fb000-7f4da88f9000 rw-p 00000000 00:00 0 
7f4da88f9000-7f4da88fc000 ---p 00000000 00:00 0 
7f4da88fc000-7f4da8bfa000 rw-p 00000000 00:00 0 
7f4da8bfa000-7f4da8dfa000 rw-p 00000000 00:00 0 
7f4da8dfa000-7f4da8ffa000 rw-p 00000000 00:00 0 
7f4da8ffa000-7f4da91fa000 rw-p 00000000 00:00 0 
7f4da91fa000-7f4da9210000 r-xp 00000000 fd:00 2890778                    /usr/lib64/libgcc_s-6.3.1-20161221.so.1
7f4da9210000-7f4da940f000 ---p 00016000 fd:00 2890778                    /usr/lib64/libgcc_s-6.3.1-20161221.so.1
7f4da940f000-7f4da9410000 r--p 00015000 fd:00 2890778                    /usr/lib64/libgcc_s-6.3.1-20161221.so.1
7f4da9410000-7f4da9411000 rw-p 00016000 fd:00 2890778                    /usr/lib64/libgcc_s-6.3.1-20161221.so.1
7f4da9421000-7f4da9427000 r--s 0003f000 fd:02 2100426                    /home/ike/soft/jdk1.8/jre/lib/ext/sunjce_provider.jar
7f4da9427000-7f4da9459000 r-xp 00000000 fd:02 2100254                    /home/ike/soft/jdk1.8/jre/lib/amd64/libsunec.so
7f4da9459000-7f4da9658000 ---p 00032000 fd:02 2100254                    /home/ike/soft/jdk1.8/jre/lib/amd64/libsunec.so
7f4da9658000-7f4da965e000 rw-p 00031000 fd:02 2100254                    /home/ike/soft/jdk1.8/jre/lib/amd64/libsunec.so
7f4da965e000-7f4da966e000 rw-p 00000000 00:00 0 
7f4da96f2000-7f4da96f5000 ---p 00000000 00:00 0 
7f4da96f5000-7f4da99f3000 rw-p 00000000 00:00 0 
7f4da99f3000-7f4da99f4000 r--s 00009000 fd:02 2100423                    /home/ike/soft/jdk1.8/jre/lib/ext/sunec.jar
7f4da99f4000-7f4da9bf4000 rw-p 00000000 00:00 0 
7f4da9c28000-7f4da9cbe000 r--s 01102000 fd:02 2100425                    /home/ike/soft/jdk1.8/jre/lib/ext/jfxrt.jar
7f4da9cbe000-7f4da9cc1000 ---p 00000000 00:00 0 
7f4da9cc1000-7f4da9fbf000 rw-p 00000000 00:00 0 
7f4da9fbf000-7f4da9fc2000 ---p 00000000 00:00 0 
7f4da9fc2000-7f4daa0c0000 rw-p 00000000 00:00 0 
7f4daa0c0000-7f4daa0c3000 ---p 00000000 00:00 0 
7f4daa0c3000-7f4daa3c1000 rw-p 00000000 00:00 0 
7f4daa3c1000-7f4daa3d2000 r-xp 00000000 fd:02 2100229                    /home/ike/soft/jdk1.8/jre/lib/amd64/libnio.so
7f4daa3d2000-7f4daa5d1000 ---p 00011000 fd:02 2100229                    /home/ike/soft/jdk1.8/jre/lib/amd64/libnio.so
7f4daa5d1000-7f4daa5d2000 rw-p 00010000 fd:02 2100229                    /home/ike/soft/jdk1.8/jre/lib/amd64/libnio.so
7f4daa5d2000-7f4daa5e8000 r-xp 00000000 fd:02 2100243                    /home/ike/soft/jdk1.8/jre/lib/amd64/libnet.so
7f4daa5e8000-7f4daa7e8000 ---p 00016000 fd:02 2100243                    /home/ike/soft/jdk1.8/jre/lib/amd64/libnet.so
7f4daa7e8000-7f4daa7e9000 rw-p 00016000 fd:02 2100243                    /home/ike/soft/jdk1.8/jre/lib/amd64/libnet.so
7f4daa7e9000-7f4daa7f2000 r-xp 00000000 fd:02 2100283                    /home/ike/soft/jdk1.8/jre/lib/amd64/libmanagement.so
7f4daa7f2000-7f4daa9f1000 ---p 00009000 fd:02 2100283                    /home/ike/soft/jdk1.8/jre/lib/amd64/libmanagement.so
7f4daa9f1000-7f4daa9f2000 rw-p 00008000 fd:02 2100283                    /home/ike/soft/jdk1.8/jre/lib/amd64/libmanagement.so
7f4daa9f2000-7f4daabf2000 rw-p 00000000 00:00 0 
7f4daabf2000-7f4daadf2000 rw-p 00000000 00:00 0 
7f4daadf2000-7f4daaff2000 rw-p 00000000 00:00 0 
7f4daaff2000-7f4dab1f2000 rw-p 00000000 00:00 0 
7f4dab1f2000-7f4dab3f2000 rw-p 00000000 00:00 0 
7f4dab3f2000-7f4dab5f2000 rw-p 00000000 00:00 0 
7f4dab5f2000-7f4dab5f6000 r--s 0003a000 fd:02 2100420                    /home/ike/soft/jdk1.8/jre/lib/ext/sunpkcs11.jar
7f4dab5f6000-7f4dab5fa000 r--s 00097000 fd:02 2100406                    /home/ike/soft/jdk1.8/jre/lib/jsse.jar
7f4dab5fa000-7f4dab5fd000 ---p 00000000 00:00 0 
7f4dab5fd000-7f4dab8fb000 rw-p 00000000 00:00 0 
7f4dab8fb000-7f4dabafb000 rw-p 00000000 00:00 0 
7f4dabafb000-7f4dabafc000 ---p 00000000 00:00 0 
7f4dabafc000-7f4dabbfc000 rw-p 00000000 00:00 0 
7f4dabbfc000-7f4dabbff000 ---p 00000000 00:00 0 
7f4dabbff000-7f4dabcfd000 rw-p 00000000 00:00 0 
7f4dabcfd000-7f4dabd00000 ---p 00000000 00:00 0 
7f4dabd00000-7f4dabdfe000 rw-p 00000000 00:00 0 
7f4dabdfe000-7f4dabe01000 ---p 00000000 00:00 0 
7f4dabe01000-7f4dabeff000 rw-p 00000000 00:00 0 
7f4dabeff000-7f4dabf02000 ---p 00000000 00:00 0 
7f4dabf02000-7f4dac000000 rw-p 00000000 00:00 0 
7f4dac000000-7f4dac383000 rw-p 00000000 00:00 0 
7f4dac383000-7f4db0000000 ---p 00000000 00:00 0 
7f4db0000000-7f4db007d000 rw-p 00000000 00:00 0 
7f4db007d000-7f4db4000000 ---p 00000000 00:00 0 
7f4db4000000-7f4db428d000 rw-p 00000000 00:00 0 
7f4db428d000-7f4db8000000 ---p 00000000 00:00 0 
7f4db8000000-7f4db8307000 rw-p 00000000 00:00 0 
7f4db8307000-7f4dbc000000 ---p 00000000 00:00 0 
7f4dbc000000-7f4dbc0d7000 rw-p 00000000 00:00 0 
7f4dbc0d7000-7f4dc0000000 ---p 00000000 00:00 0 
7f4dc0000000-7f4dc0021000 rw-p 00000000 00:00 0 
7f4dc0021000-7f4dc4000000 ---p 00000000 00:00 0 
7f4dc4000000-7f4dc4021000 rw-p 00000000 00:00 0 
7f4dc4021000-7f4dc8000000 ---p 00000000 00:00 0 
7f4dc8000000-7f4dc9506000 rw-p 00000000 00:00 0 
7f4dc9506000-7f4dcc000000 ---p 00000000 00:00 0 
7f4dcc000000-7f4dcc021000 rw-p 00000000 00:00 0 
7f4dcc021000-7f4dd0000000 ---p 00000000 00:00 0 
7f4dd0000000-7f4dd0021000 rw-p 00000000 00:00 0 
7f4dd0021000-7f4dd4000000 ---p 00000000 00:00 0 
7f4dd4000000-7f4dd4005000 r--s 002f9000 fd:02 2100432                    /home/ike/soft/jdk1.8/jre/lib/charsets.jar
7f4dd4005000-7f4dd4008000 r--s 0001a000 fd:02 2100204                    /home/ike/soft/jdk1.8/jre/lib/jce.jar
7f4dd4008000-7f4dd4012000 r--s 00116000 fd:02 2100424                    /home/ike/soft/jdk1.8/jre/lib/ext/localedata.jar
7f4dd4012000-7f4dd4014000 r--s 0000a000 fd:02 2103023                    /home/ike/soft/idea-IU-171.4424.56/plugins/Groovy/lib/agent/gragent.jar
7f4dd4014000-7f4dd4016000 r--s 0001a000 fd:02 2102710                    /home/ike/soft/idea-IU-171.4424.56/lib/idea_rt.jar
7f4dd4016000-7f4dd4018000 r--s 0000c000 fd:02 3670899                    /home/ike/.m2/repository/org/ow2/asm/asm/5.0.4/asm-5.0.4.jar
7f4dd4018000-7f4dd4019000 r--s 00000000 fd:02 4459279                    /home/ike/.gradle/caches/modules-2/files-2.1/javax.inject/javax.inject/1/6975da39a7040257bd51d21a231b76c915872d38/javax.inject-1.jar
7f4dd4019000-7f4dd401a000 r--s 00001000 fd:02 4459277                    /home/ike/.gradle/caches/modules-2/files-2.1/javax.annotation/jsr250-api/1.0/5025422767732a1ab45d93abfea846513d742dcf/jsr250-api-1.0.jar
7f4dd401a000-7f4dd401b000 r--s 00001000 fd:02 4459275                    /home/ike/.gradle/caches/modules-2/files-2.1/org.jboss.spec.javax.interceptor/jboss-interceptors-api_1.1_spec/1.0.0.Beta1/8cb388fd3b4912373da7a18e199bb55aa52aa5c1/jboss-interceptors-api_1.1_spec-1.0.0.Beta1.jar
7f4dd401b000-7f4dd401d000 r--s 00007000 fd:02 4459273                    /home/ike/.gradle/caches/modules-2/files-2.1/javax.el/el-api/2.2/42971279cc8ba864462580c7fc2199fd5715ee7f/el-api-2.2.jar
7f4dd401d000-7f4dd401f000 r--s 00005000 fd:02 2234244                    /home/ike/.m2/repository/stax/stax-api/1.0.1/stax-api-1.0.1.jar
7f4dd401f000-7f4dd4021000 r--s 0000b000 fd:02 2624367                    /home/ike/.m2/repository/org/objenesis/objenesis/2.2/objenesis-2.2.jar
7f4dd4021000-7f4dd4022000 r--s 00001000 fd:02 3670910                    /home/ike/.m2/repository/com/esotericsoftware/minlog/1.3.0/minlog-1.3.0.jar
7f4dd4022000-7f4dd4024000 r--s 00004000 fd:02 3670897                    /home/ike/.m2/repository/com/esotericsoftware/reflectasm/1.11.3/reflectasm-1.11.3.jar
7f4dd4024000-7f4dd4028000 r--s 0000e000 fd:02 4459271                    /home/ike/.gradle/caches/modules-2/files-2.1/javax.enterprise/cdi-api/1.1/78b1feee99b05a78575fb2fd79fb77be5e74420d/cdi-api-1.1.jar
7f4dd4028000-7f4dd402b000 r--s 0002b000 fd:02 4459269                    /home/ike/.gradle/caches/modules-2/files-2.1/org.jboss/jandex/2.0.0.Final/3e899258936f94649c777193e1be846387ed54b3/jandex-2.0.0.Final.jar
7f4dd402b000-7f4dd4030000 r--s 00068000 fd:02 2103485                    /home/ike/.m2/repository/antlr/antlr/2.7.7/antlr-2.7.7.jar
7f4dd4030000-7f4dd406e000 r--s 0025d000 fd:02 2234241                    /home/ike/.m2/repository/org/apache/xmlbeans/xmlbeans/2.6.0/xmlbeans-2.6.0.jar
7f4dd406e000-7f4dd4086000 r--s 00110000 fd:02 3670926                    /home/ike/.m2/repository/io/netty/netty/3.7.0.Final/netty-3.7.0.Final.jar
7f4dd4086000-7f4dd4088000 r--s 00014000 fd:02 3539264                    /home/ike/.m2/repository/jline/jline/0.9.94/jline-0.9.94.jar
7f4dd4088000-7f4dd4090000 r--s 00048000 fd:02 3670895                    /home/ike/.m2/repository/com/esotericsoftware/kryo/4.0.0/kryo-4.0.0.jar
7f4dd4090000-7f4dd409a000 r--s 000ae000 fd:02 3145958                    /home/ike/.m2/repository/org/javassist/javassist/3.20.0-GA/javassist-3.20.0-GA.jar
7f4dd409a000-7f4dd409f000 r--s 00048000 fd:02 3801997                    /home/ike/.m2/repository/dom4j/dom4j/1.6.1/dom4j-1.6.1.jar
7f4dd409f000-7f4dd40a3000 r--s 0000c000 fd:02 3540885                    /home/ike/.m2/repository/javax/validation/validation-api/1.1.0.Final/validation-api-1.1.0.Final.jar
7f4dd40a3000-7f4dd40ab000 r--s 00048000 fd:02 3807593                    /home/ike/.gradle/caches/modules-2/files-2.1/org.apache.httpcomponents/httpcore/4.4.6/e3fd8ced1f52c7574af952e2e6da0df8df08eb82/httpcore-4.4.6.jar
7f4dd40ab000-7f4dd4165000 r--s 004e0000 fd:02 7867893                    /home/ike/.gradle/caches/modules-2/files-2.1/org.apache.poi/poi-ooxml-schemas/3.16/9828a49307fc6bebfd42185b677d88b6e4994c63/poi-ooxml-schemas-3.16.jar
7f4dd4165000-7f4dd4175000 r--s 000a8000 fd:02 3542609                    /home/ike/.gradle/caches/modules-2/files-2.1/org.apache.commons/commons-collections4/4.1/a4cf4688fe1c7e3a63aa636cc96d013af537768e/commons-collections4-4.1.jar
7f4dd4175000-7f4dd417c000 r--s 0003f000 fd:02 4196565                    /home/ike/.m2/repository/commons-codec/commons-codec/1.10/commons-codec-1.10.jar
7f4dd417c000-7f4dd4188000 r--s 000b9000 fd:02 4587592                    /home/ike/.gradle/caches/modules-2/files-2.1/org.apache.zookeeper/zookeeper/3.4.8/933ea2ed15e6a0e24b788973e3d128ff163c3136/zookeeper-3.4.8.jar
7f4dd4188000-7f4dd4191000 r--s 0006f000 fd:02 3670891                    /home/ike/.m2/repository/log4j/log4j/1.2.17/log4j-1.2.17.jar
7f4dd4191000-7f4dd41a9000 r--s 001bf000 fd:02 3670928                    /home/ike/.m2/repository/org/aspectj/aspectjweaver/1.8.10/aspectjweaver-1.8.10.jar
7f4dd41a9000-7f4dd4280000 r--s 007a9000 fd:02 6293761                    /home/ike/.gradle/caches/modules-2/files-2.1/net.sf.ehcache/ehcache/2.10.3/cf74f9a4a049f181833b147a1d9aa62159c9d01d/ehcache-2.10.3.jar
7f4dd4280000-7f4dd8000000 rw-p 00000000 00:00 0 
7f4dd8000000-7f4dd8021000 rw-p 00000000 00:00 0 
7f4dd8021000-7f4ddc000000 ---p 00000000 00:00 0 
7f4ddc000000-7f4ddc001000 r--s 00002000 fd:02 3015918                    /home/ike/.m2/repository/org/slf4j/slf4j-log4j12/1.6.1/slf4j-log4j12-1.6.1.jar
7f4ddc001000-7f4ddc002000 r--s 00003000 fd:02 3540889                    /home/ike/.m2/repository/org/apache/geronimo/specs/geronimo-jta_1.1_spec/1.1.1/geronimo-jta_1.1_spec-1.1.1.jar
7f4ddc002000-7f4ddc006000 r--s 00015000 fd:02 3542611                    /home/ike/.gradle/caches/modules-2/files-2.1/com.github.virtuald/curvesapi/1.04/3386abf821719bc89c7685f9eaafaf4a842f0199/curvesapi-1.04.jar
7f4ddc006000-7f4ddc010000 r--s 00098000 fd:02 3671156                    /home/ike/.m2/repository/org/quartz-scheduler/quartz/2.2.3/quartz-2.2.3.jar
7f4ddc010000-7f4ddc015000 r--s 00029000 fd:02 3671151                    /home/ike/.m2/repository/org/springframework/spring-context-support/4.3.5.RELEASE/spring-context-support-4.3.5.RELEASE.jar
7f4ddc015000-7f4ddc025000 r--s 000b2000 fd:02 3147507                    /home/ike/.m2/repository/org/jboss/netty/netty/3.2.5.Final/netty-3.2.5.Final.jar
7f4ddc025000-7f4ddc027000 r--s 0000e000 fd:02 3146093                    /home/ike/.m2/repository/commons-logging/commons-logging/1.2/commons-logging-1.2.jar
7f4ddc027000-7f4ddc02a000 r--s 00019000 fd:02 3808679                    /home/ike/.gradle/caches/modules-2/files-2.1/org.apache.commons/commons-pool2/2.4.2/e5f4f28f19d57716fbc3989d7a357ebf1e454fea/commons-pool2-2.4.2.jar
7f4ddc02a000-7f4ddc02c000 r--s 0000f000 fd:02 3672160                    /home/ike/.m2/repository/org/jboss/logging/jboss-logging/3.3.0.Final/jboss-logging-3.3.0.Final.jar
7f4ddc02c000-7f4ddc02f000 r--s 00010000 fd:02 4459261                    /home/ike/.gradle/caches/modules-2/files-2.1/org.hibernate.common/hibernate-commons-annotations/5.0.1.Final/71e1cff3fcb20d3b3af4f3363c3ddb24d33c6879/hibernate-commons-annotations-5.0.1.Final.jar
7f4ddc02f000-7f4ddc031000 r--s 00003000 fd:02 4588021                    /home/ike/.gradle/caches/modules-2/files-2.1/org.slf4j/jcl-over-slf4j/1.7.22/86ceac14535af5a42c8fb0d06d79b925dd3cb263/jcl-over-slf4j-1.7.22.jar
7f4ddc031000-7f4ddc039000 r--s 0003a000 fd:02 3671152                    /home/ike/.m2/repository/org/springframework/spring-tx/4.3.5.RELEASE/spring-tx-4.3.5.RELEASE.jar
7f4ddc039000-7f4ddc03d000 r--s 00019000 fd:02 4587747                    /home/ike/.gradle/caches/modules-2/files-2.1/org.aspectj/aspectjrt/1.8.9/87372d9e2323313bec24b09a325bfea8ae0eb867/aspectjrt-1.8.9.jar
7f4ddc03d000-7f4ddc047000 r--s 00068000 fd:02 4587743                    /home/ike/.gradle/caches/modules-2/files-2.1/org.springframework/spring-orm/4.2.8.RELEASE/43b557f5025782616f791dbd720b4a606eeca1bf/spring-orm-4.2.8.RELEASE.jar
7f4ddc047000-7f4ddc05e000 r--s 000fb000 fd:02 6424510                    /home/ike/.gradle/caches/modules-2/files-2.1/org.springframework/spring-core/4.3.7.RELEASE/54fa2db94cc7222edc90ec71354e47cd1dc07f7b/spring-core-4.3.7.RELEASE.jar
7f4ddc05e000-7f4ddc063000 r--s 0003c000 fd:02 6554776                    /home/ike/.gradle/caches/modules-2/files-2.1/org.springframework/spring-expression/4.3.7.RELEASE/5257b6486e43d8c05674323fea5b415d4da72f38/spring-expression-4.3.7.RELEASE.jar
7f4ddc063000-7f4ddc071000 r--s 000ad000 fd:02 6424518                    /home/ike/.gradle/caches/modules-2/files-2.1/org.springframework/spring-beans/4.3.7.RELEASE/2de9f59f3202965438f3a02057d6ad8274636044/spring-beans-4.3.7.RELEASE.jar
7f4ddc071000-7f4ddc07a000 r--s 00054000 fd:02 6554774                    /home/ike/.gradle/caches/modules-2/files-2.1/org.springframework/spring-aop/4.3.7.RELEASE/3f243d685e4a8a78a0c291445c6d85560ec4d339/spring-aop-4.3.7.RELEASE.jar
7f4ddc07a000-7f4ddc07b000 r--s 00001000 fd:02 3670688                    /home/ike/.m2/repository/org/mengyun/tcc-transaction-api/1.1.5/tcc-transaction-api-1.1.5.jar
7f4ddc07b000-7f4ddc07e000 r--s 0000c000 fd:02 3671062                    /home/ike/.m2/repository/org/mengyun/tcc-transaction-core/1.1.5/tcc-transaction-core-1.1.5.jar
7f4ddc07e000-7f4ddc08b000 r--s 000aa000 fd:02 3807591                    /home/ike/.gradle/caches/modules-2/files-2.1/org.apache.httpcomponents/httpclient/4.5.3/d1577ae15f01ef5438c5afc62162457c00a34713/httpclient-4.5.3.jar
7f4ddc08b000-7f4ddc0b7000 r--s 00263000 fd:02 7867889                    /home/ike/.gradle/caches/modules-2/files-2.1/org.apache.poi/poi/3.16/ad21c123ee5d6b5b2a8f0d4ed23b3ffe6759a889/poi-3.16.jar
7f4ddc0b7000-7f4ddc0ca000 r--s 0014c000 fd:02 7867891                    /home/ike/.gradle/caches/modules-2/files-2.1/org.apache.poi/poi-ooxml/3.16/76e20fe22404cc4da55ddfdaaaadee32bbfa3bdd/poi-ooxml-3.16.jar
7f4ddc0ca000-7f4ddc0cd000 r--s 00015000 fd:02 3807983                    /home/ike/.m2/repository/javax/servlet/javax.servlet-api/3.1.0/javax.servlet-api-3.1.0.jar
7f4ddc0cd000-7f4ddc0d0000 r--s 00010000 fd:02 4587590                    /home/ike/.gradle/caches/modules-2/files-2.1/com.101tec/zkclient/0.10/c54d4b5a5e89af75a80b6d5857400165ce5188d0/zkclient-0.10.jar
7f4ddc0d0000-7f4ddc0ee000 r--s 00143000 fd:02 3670645                    /home/ike/.m2/repository/com/alibaba/dubbo/2.5.4-SNAPSHOT/dubbo-2.5.4-SNAPSHOT.jar
7f4ddc0ee000-7f4ddc0f0000 r--s 0000e000 fd:02 4459297                    /home/ike/.gradle/caches/modules-2/files-2.1/com.fasterxml/classmate/1.3.3/864c8e370a691e343210cc7c532fc198cee460d8/classmate-1.3.3.jar
7f4ddc0f0000-7f4ddc102000 r--s 000a7000 fd:02 3670135                    /home/ike/.gradle/caches/modules-2/files-2.1/org.hibernate/hibernate-validator/5.4.0.Final/2076cbd5719e4182a75ab32e7186deb0ca5ac376/hibernate-validator-5.4.0.Final.jar
7f4ddc102000-7f4ddc131000 r--s 00239000 fd:02 5376285                    /home/ike/.gradle/caches/modules-2/files-2.1/com.google.guava/guava/21.0/3a3d111be1be1b745edfa7d91678a12d7ed38709/guava-21.0.jar
7f4ddc131000-7f4ddc136000 r--s 00061000 fd:02 3670330                    /home/ike/.gradle/caches/modules-2/files-2.1/com.alibaba/fastjson/1.2.23/be2508e9bac203c38f3f52fc8d33332c4e7ee6c5/fastjson-1.2.23.jar
7f4ddc136000-7f4ddc139000 r--s 0001a000 fd:02 7733451                    /home/ike/.gradle/caches/modules-2/files-2.1/org.glassfish.web/javax.el/2.2.6/232abfe1f919127e9cfcd6e4e2c6324bb394535/javax.el-2.2.6.jar
7f4ddc139000-7f4ddc145000 r--s 0007c000 fd:02 4590155                    /home/ike/.gradle/caches/modules-2/files-2.1/redis.clients/jedis/2.9.0/292bc9cc26553acd3cccc26f2f95620bf88a04c2/jedis-2.9.0.jar
7f4ddc145000-7f4ddc148000 r--s 00020000 fd:02 6168744                    /home/ike/.gradle/caches/modules-2/files-2.1/org.hibernate/hibernate-ehcache/5.2.4.Final/f70147c655b970ca70e3913f91880da6d264fe68/hibernate-ehcache-5.2.4.Final.jar
7f4ddc148000-7f4ddc159000 r--s 0009a000 fd:02 6424506                    /home/ike/.gradle/caches/modules-2/files-2.1/org.springframework.data/spring-data-commons/1.12.8.RELEASE/827a994d703ad9916b694d17401d8bf78bd773f9/spring-data-commons-1.12.8.RELEASE.jar
7f4ddc159000-7f4ddc163000 r--s 0005f000 fd:02 3671148                    /home/ike/.m2/repository/org/springframework/spring-jdbc/4.3.5.RELEASE/spring-jdbc-4.3.5.RELEASE.jar
7f4ddc163000-7f4ddc16a000 r--s 0003e000 fd:02 4587735                    /home/ike/.gradle/caches/modules-2/files-2.1/org.springframework.data/spring-data-jpa/1.10.3.RELEASE/fc31fbdb8ff777d29077ac53a616f11c2c0df59/spring-data-jpa-1.10.3.RELEASE.jar
7f4ddc16a000-7f4ddc184000 r--s 000fd000 fd:02 6424513                    /home/ike/.gradle/caches/modules-2/files-2.1/org.springframework/spring-context/4.3.7.RELEASE/34b66b0b7910122ef95ba4fff6da9238ef80a5de/spring-context-4.3.7.RELEASE.jar
7f4ddc184000-7f4ddc19b000 r--s 001b7000 fd:02 4587733                    /home/ike/.gradle/caches/modules-2/files-2.1/mysql/mysql-connector-java/6.0.5/9d8df5a1f3273110f2a9ad304961bdd03d696d86/mysql-connector-java-6.0.5.jar
7f4ddc19b000-7f4ddc19f000 r--s 0002f000 fd:02 3670137                    /home/ike/.gradle/caches/modules-2/files-2.1/commons-io/commons-io/2.5/2852e6e05fbb95076fc091f6d1780f1f8fe35e0f/commons-io-2.5.jar
7f4ddc19f000-7f4ddc1c1000 r--s 001e6000 fd:02 4587737                    /home/ike/.gradle/caches/modules-2/files-2.1/com.alibaba/druid/1.0.26/f4bc6159b34e4cda5abd6480203492b470aa1a36/druid-1.0.26.jar
7f4ddc1c1000-7f4ddc1c9000 r--s 0006e000 fd:02 3670118                    /home/ike/.gradle/caches/modules-2/files-2.1/org.apache.commons/commons-lang3/3.5/6c6c702c89bfff3cd9e80b04d668c5e190d588c6/commons-lang3-3.5.jar
7f4ddc1c9000-7f4ddc1ce000 r--s 00017000 fd:02 3148263                    /home/ike/.m2/repository/org/hibernate/javax/persistence/hibernate-jpa-2.1-api/1.0.0.Final/hibernate-jpa-2.1-api-1.0.0.Final.jar
7f4ddc1ce000-7f4ddc246000 r--s 005a9000 fd:02 4459259                    /home/ike/.gradle/caches/modules-2/files-2.1/org.hibernate/hibernate-core/5.2.4.Final/52414fccd4429d8f723996e26c61330df094d06c/hibernate-core-5.2.4.Final.jar
7f4ddc246000-7f4ddc259000 r--s 00345000 fd:02 2100473                    /home/ike/soft/jdk1.8/jre/lib/resources.jar
7f4ddc259000-7f4ddc274000 r--s 00208000 fd:02 2100407                    /home/ike/soft/jdk1.8/jre/lib/deploy.jar
7f4ddc274000-7f4ddc277000 ---p 00000000 00:00 0 
7f4ddc277000-7f4ddc375000 rw-p 00000000 00:00 0 
7f4ddc375000-7f4ddc378000 ---p 00000000 00:00 0 
7f4ddc378000-7f4ddc476000 rw-p 00000000 00:00 0 
7f4ddc476000-7f4ddc479000 ---p 00000000 00:00 0 
7f4ddc479000-7f4ddc577000 rw-p 00000000 00:00 0 
7f4ddc577000-7f4ddc57b000 r-xp 00000000 fd:02 2100248                    /home/ike/soft/jdk1.8/jre/lib/amd64/libdt_socket.so
7f4ddc57b000-7f4ddc77a000 ---p 00004000 fd:02 2100248                    /home/ike/soft/jdk1.8/jre/lib/amd64/libdt_socket.so
7f4ddc77a000-7f4ddc77b000 rw-p 00003000 fd:02 2100248                    /home/ike/soft/jdk1.8/jre/lib/amd64/libdt_socket.so
7f4ddc77b000-7f4ddc77e000 ---p 00000000 00:00 0 
7f4ddc77e000-7f4ddc87c000 rw-p 00000000 00:00 0 
7f4ddc87c000-7f4ddc87f000 ---p 00000000 00:00 0 
7f4ddc87f000-7f4ddc97d000 rw-p 00000000 00:00 0 
7f4ddc97d000-7f4ddc980000 ---p 00000000 00:00 0 
7f4ddc980000-7f4ddca7e000 rw-p 00000000 00:00 0 
7f4ddca7e000-7f4ddca7f000 ---p 00000000 00:00 0 
7f4ddca7f000-7f4ddda8e000 rw-p 00000000 00:00 0 
7f4ddda8e000-7f4dddc67000 r--s 03d29000 fd:02 2100521                    /home/ike/soft/jdk1.8/jre/lib/rt.jar
7f4dddc67000-7f4dde467000 rw-p 00000000 00:00 0 
7f4dde467000-7f4ddfb17000 rwxp 00000000 00:00 0 
7f4ddfb17000-7f4ded467000 ---p 00000000 00:00 0 
7f4ded467000-7f4df4000000 r--p 00000000 fd:00 2885042                    /usr/lib/locale/locale-archive
7f4df4000000-7f4df5b48000 rw-p 00000000 00:00 0 
7f4df5b48000-7f4df8000000 ---p 00000000 00:00 0 
7f4df8000000-7f4df8002000 r--s 00010000 fd:02 7733449                    /home/ike/.gradle/caches/modules-2/files-2.1/javax.el/javax.el-api/3.0.1-b04/8c0c970b8deae5054ff0bf4b17979c8181a506d3/javax.el-api-3.0.1-b04.jar
7f4df8002000-7f4df8004000 r--s 00009000 fd:02 4460443                    /home/ike/.gradle/caches/modules-2/files-2.1/org.slf4j/slf4j-api/1.7.24/3f6b4bd4f8dbe8d4bea06d107a3826469b85c3e9/slf4j-api-1.7.24.jar
7f4df8004000-7f4df8017000 r--s 000d6000 fd:02 2100468                    /home/ike/soft/jdk1.8/jre/lib/plugin.jar
7f4df8017000-7f4df8465000 rw-p 00000000 00:00 0 
7f4df8465000-7f4df8466000 ---p 00000000 00:00 0 
7f4df8466000-7f4df8566000 rw-p 00000000 00:00 0 
7f4df8566000-7f4df8567000 ---p 00000000 00:00 0 
7f4df8567000-7f4df8667000 rw-p 00000000 00:00 0 
7f4df8667000-7f4df8668000 ---p 00000000 00:00 0 
7f4df8668000-7f4df8768000 rw-p 00000000 00:00 0 
7f4df8768000-7f4df8769000 ---p 00000000 00:00 0 
7f4df8769000-7f4df8894000 rw-p 00000000 00:00 0 
7f4df8894000-7f4df8af9000 ---p 00000000 00:00 0 
7f4df8af9000-7f4df8b24000 rw-p 00000000 00:00 0 
7f4df8b24000-7f4df8d89000 ---p 00000000 00:00 0 
7f4df8d89000-7f4df8ed1000 rw-p 00000000 00:00 0 
7f4df8ed1000-7f4df8f2d000 rw-p 00000000 00:00 0 
7f4df8f2d000-7f4df9292000 ---p 00000000 00:00 0 
7f4df9292000-7f4df92ac000 r-xp 00000000 fd:02 2100263                    /home/ike/soft/jdk1.8/jre/lib/amd64/libzip.so
7f4df92ac000-7f4df94ac000 ---p 0001a000 fd:02 2100263                    /home/ike/soft/jdk1.8/jre/lib/amd64/libzip.so
7f4df94ac000-7f4df94ad000 rw-p 0001a000 fd:02 2100263                    /home/ike/soft/jdk1.8/jre/lib/amd64/libzip.so
7f4df94ad000-7f4df94b7000 r-xp 00000000 fd:00 2891856                    /usr/lib64/libnss_files-2.24.so
7f4df94b7000-7f4df96b7000 ---p 0000a000 fd:00 2891856                    /usr/lib64/libnss_files-2.24.so
7f4df96b7000-7f4df96b8000 r--p 0000a000 fd:00 2891856                    /usr/lib64/libnss_files-2.24.so
7f4df96b8000-7f4df96b9000 rw-p 0000b000 fd:00 2891856                    /usr/lib64/libnss_files-2.24.so
7f4df96b9000-7f4df96bf000 rw-p 00000000 00:00 0 
7f4df96bf000-7f4df96c9000 r-xp 00000000 fd:02 2100232                    /home/ike/soft/jdk1.8/jre/lib/amd64/libinstrument.so
7f4df96c9000-7f4df98c8000 ---p 0000a000 fd:02 2100232                    /home/ike/soft/jdk1.8/jre/lib/amd64/libinstrument.so
7f4df98c8000-7f4df98c9000 rw-p 00009000 fd:02 2100232                    /home/ike/soft/jdk1.8/jre/lib/amd64/libinstrument.so
7f4df98c9000-7f4df98cb000 r-xp 00000000 fd:02 2100241                    /home/ike/soft/jdk1.8/jre/lib/amd64/libnpt.so
7f4df98cb000-7f4df9acb000 ---p 00002000 fd:02 2100241                    /home/ike/soft/jdk1.8/jre/lib/amd64/libnpt.so
7f4df9acb000-7f4df9acc000 rw-p 00002000 fd:02 2100241                    /home/ike/soft/jdk1.8/jre/lib/amd64/libnpt.so
7f4df9acc000-7f4df9b05000 r-xp 00000000 fd:02 2100224                    /home/ike/soft/jdk1.8/jre/lib/amd64/libjdwp.so
7f4df9b05000-7f4df9d04000 ---p 00039000 fd:02 2100224                    /home/ike/soft/jdk1.8/jre/lib/amd64/libjdwp.so
7f4df9d04000-7f4df9d06000 rw-p 00038000 fd:02 2100224                    /home/ike/soft/jdk1.8/jre/lib/amd64/libjdwp.so
7f4df9d06000-7f4df9d30000 r-xp 00000000 fd:02 2100286                    /home/ike/soft/jdk1.8/jre/lib/amd64/libjava.so
7f4df9d30000-7f4df9f30000 ---p 0002a000 fd:02 2100286                    /home/ike/soft/jdk1.8/jre/lib/amd64/libjava.so
7f4df9f30000-7f4df9f32000 rw-p 0002a000 fd:02 2100286                    /home/ike/soft/jdk1.8/jre/lib/amd64/libjava.so
7f4df9f32000-7f4df9f3f000 r-xp 00000000 fd:02 2100257                    /home/ike/soft/jdk1.8/jre/lib/amd64/libverify.so
7f4df9f3f000-7f4dfa13f000 ---p 0000d000 fd:02 2100257                    /home/ike/soft/jdk1.8/jre/lib/amd64/libverify.so
7f4dfa13f000-7f4dfa141000 rw-p 0000d000 fd:02 2100257                    /home/ike/soft/jdk1.8/jre/lib/amd64/libverify.so
7f4dfa141000-7f4dfa148000 r-xp 00000000 fd:00 2891975                    /usr/lib64/librt-2.24.so
7f4dfa148000-7f4dfa347000 ---p 00007000 fd:00 2891975                    /usr/lib64/librt-2.24.so
7f4dfa347000-7f4dfa348000 r--p 00006000 fd:00 2891975                    /usr/lib64/librt-2.24.so
7f4dfa348000-7f4dfa349000 rw-p 00007000 fd:00 2891975                    /usr/lib64/librt-2.24.so
7f4dfa349000-7f4dfa451000 r-xp 00000000 fd:00 2891438                    /usr/lib64/libm-2.24.so
7f4dfa451000-7f4dfa650000 ---p 00108000 fd:00 2891438                    /usr/lib64/libm-2.24.so
7f4dfa650000-7f4dfa651000 r--p 00107000 fd:00 2891438                    /usr/lib64/libm-2.24.so
7f4dfa651000-7f4dfa652000 rw-p 00108000 fd:00 2891438                    /usr/lib64/libm-2.24.so
7f4dfa652000-7f4dfb31d000 r-xp 00000000 fd:02 2100238                    /home/ike/soft/jdk1.8/jre/lib/amd64/server/libjvm.so
7f4dfb31d000-7f4dfb51c000 ---p 00ccb000 fd:02 2100238                    /home/ike/soft/jdk1.8/jre/lib/amd64/server/libjvm.so
7f4dfb51c000-7f4dfb5f5000 rw-p 00cca000 fd:02 2100238                    /home/ike/soft/jdk1.8/jre/lib/amd64/server/libjvm.so
7f4dfb5f5000-7f4dfb640000 rw-p 00000000 00:00 0 
7f4dfb640000-7f4dfb7fd000 r-xp 00000000 fd:00 2891285                    /usr/lib64/libc-2.24.so
7f4dfb7fd000-7f4dfb9fc000 ---p 001bd000 fd:00 2891285                    /usr/lib64/libc-2.24.so
7f4dfb9fc000-7f4dfba00000 r--p 001bc000 fd:00 2891285                    /usr/lib64/libc-2.24.so
7f4dfba00000-7f4dfba02000 rw-p 001c0000 fd:00 2891285                    /usr/lib64/libc-2.24.so
7f4dfba02000-7f4dfba06000 rw-p 00000000 00:00 0 
7f4dfba06000-7f4dfba09000 r-xp 00000000 fd:00 2891382                    /usr/lib64/libdl-2.24.so
7f4dfba09000-7f4dfbc08000 ---p 00003000 fd:00 2891382                    /usr/lib64/libdl-2.24.so
7f4dfbc08000-7f4dfbc09000 r--p 00002000 fd:00 2891382                    /usr/lib64/libdl-2.24.so
7f4dfbc09000-7f4dfbc0a000 rw-p 00003000 fd:00 2891382                    /usr/lib64/libdl-2.24.so
7f4dfbc0a000-7f4dfbc1f000 r-xp 00000000 fd:02 2098935                    /home/ike/soft/jdk1.8/lib/amd64/jli/libjli.so
7f4dfbc1f000-7f4dfbe1f000 ---p 00015000 fd:02 2098935                    /home/ike/soft/jdk1.8/lib/amd64/jli/libjli.so
7f4dfbe1f000-7f4dfbe20000 rw-p 00015000 fd:02 2098935                    /home/ike/soft/jdk1.8/lib/amd64/jli/libjli.so
7f4dfbe20000-7f4dfbe38000 r-xp 00000000 fd:00 2891857                    /usr/lib64/libpthread-2.24.so
7f4dfbe38000-7f4dfc038000 ---p 00018000 fd:00 2891857                    /usr/lib64/libpthread-2.24.so
7f4dfc038000-7f4dfc039000 r--p 00018000 fd:00 2891857                    /usr/lib64/libpthread-2.24.so
7f4dfc039000-7f4dfc03a000 rw-p 00019000 fd:00 2891857                    /usr/lib64/libpthread-2.24.so
7f4dfc03a000-7f4dfc03e000 rw-p 00000000 00:00 0 
7f4dfc03e000-7f4dfc063000 r-xp 00000000 fd:00 2894298                    /usr/lib64/ld-2.24.so
7f4dfc063000-7f4dfc064000 r--s 00002000 fd:02 3671205                    /home/ike/.m2/repository/org/mengyun/tcc-transaction-spring/1.1.5/tcc-transaction-spring-1.1.5.jar
7f4dfc064000-7f4dfc068000 r--s 00097000 fd:02 2100406                    /home/ike/soft/jdk1.8/jre/lib/jsse.jar
7f4dfc068000-7f4dfc06d000 r--s 00084000 fd:02 2100412                    /home/ike/soft/jdk1.8/jre/lib/jfr.jar
7f4dfc06d000-7f4dfc077000 r--s 0006c000 fd:02 2100376                    /home/ike/soft/jdk1.8/jre/lib/javaws.jar
7f4dfc077000-7f4dfc148000 rw-p 00000000 00:00 0 
7f4dfc148000-7f4dfc14b000 ---p 00000000 00:00 0 
7f4dfc14b000-7f4dfc24b000 rw-p 00000000 00:00 0 
7f4dfc24b000-7f4dfc24c000 r--s 00000000 fd:02 4459257                    /home/ike/.gradle/caches/modules-2/files-2.1/org.hibernate/hibernate-entitymanager/5.2.4.Final/b5f9506bbff26ce5c75f16e568fa43d148d0f1d1/hibernate-entitymanager-5.2.4.Final.jar
7f4dfc24c000-7f4dfc24d000 r--s 00000000 fd:02 2100401                    /home/ike/soft/jdk1.8/jre/lib/management-agent.jar
7f4dfc24d000-7f4dfc24f000 r--s 00007000 fd:02 2100375                    /home/ike/soft/jdk1.8/jre/lib/jfxswt.jar
7f4dfc24f000-7f4dfc252000 r--s 0001a000 fd:02 2100204                    /home/ike/soft/jdk1.8/jre/lib/jce.jar
7f4dfc252000-7f4dfc257000 r--s 002f9000 fd:02 2100432                    /home/ike/soft/jdk1.8/jre/lib/charsets.jar
7f4dfc257000-7f4dfc25f000 rw-s 00000000 00:29 1563606                    /tmp/hsperfdata_ike/8491
7f4dfc25f000-7f4dfc260000 rw-p 00000000 00:00 0 
7f4dfc260000-7f4dfc261000 r--p 00000000 00:00 0 
7f4dfc261000-7f4dfc263000 rw-p 00000000 00:00 0 
7f4dfc263000-7f4dfc264000 r--p 00025000 fd:00 2894298                    /usr/lib64/ld-2.24.so
7f4dfc264000-7f4dfc265000 rw-p 00026000 fd:00 2894298                    /usr/lib64/ld-2.24.so
7f4dfc265000-7f4dfc266000 rw-p 00000000 00:00 0 
7ffe84fec000-7ffe85010000 rw-p 00000000 00:00 0                          [stack]
7ffe85163000-7ffe85165000 r--p 00000000 00:00 0                          [vvar]
7ffe85165000-7ffe85167000 r-xp 00000000 00:00 0                          [vdso]
ffffffffff600000-ffffffffff601000 r-xp 00000000 00:00 0                  [vsyscall]

VM Arguments:
jvm_args: -agentlib:jdwp=transport=dt_socket,address=127.0.0.1:35503,suspend=y,server=n -javaagent:/home/ike/soft/idea-IU-171.4424.56/plugins/Groovy/lib/agent/gragent.jar -Dfile.encoding=UTF-8 
java_command: com.bjike.goddess.royalty.Application
java_class_path (initial): /home/ike/soft/jdk1.8/jre/lib/charsets.jar:/home/ike/soft/jdk1.8/jre/lib/deploy.jar:/home/ike/soft/jdk1.8/jre/lib/ext/cldrdata.jar:/home/ike/soft/jdk1.8/jre/lib/ext/dnsns.jar:/home/ike/soft/jdk1.8/jre/lib/ext/jaccess.jar:/home/ike/soft/jdk1.8/jre/lib/ext/jfxrt.jar:/home/ike/soft/jdk1.8/jre/lib/ext/localedata.jar:/home/ike/soft/jdk1.8/jre/lib/ext/nashorn.jar:/home/ike/soft/jdk1.8/jre/lib/ext/sunec.jar:/home/ike/soft/jdk1.8/jre/lib/ext/sunjce_provider.jar:/home/ike/soft/jdk1.8/jre/lib/ext/sunpkcs11.jar:/home/ike/soft/jdk1.8/jre/lib/ext/zipfs.jar:/home/ike/soft/jdk1.8/jre/lib/javaws.jar:/home/ike/soft/jdk1.8/jre/lib/jce.jar:/home/ike/soft/jdk1.8/jre/lib/jfr.jar:/home/ike/soft/jdk1.8/jre/lib/jfxswt.jar:/home/ike/soft/jdk1.8/jre/lib/jsse.jar:/home/ike/soft/jdk1.8/jre/lib/management-agent.jar:/home/ike/soft/jdk1.8/jre/lib/plugin.jar:/home/ike/soft/jdk1.8/jre/lib/resources.jar:/home/ike/soft/jdk1.8/jre/lib/rt.jar:/home/ike/code/goddess-java/modules/royalty/royalty-provider/build/classes/java/main:/home/ike/code/goddess-java/modules/royalty/royalty-provider/build/resources/main:/home/ike/code/goddess-java/common/common-jpa/build/classes/java/main:/home/ike/code/goddess-java/common/common-provider/build/classes/java/main:/home/ike/code/goddess-java/common/common-provider/build/resources/main:/home/ike/code/goddess-java/modules/royalty/royalty-api/build/classes/java/main:/home/ike/code/goddess-java/modules/organize/organize-api/build/classes/java/main:/home/ike/code/goddess-java/modules/user/user-api/build/classes/java/main:/home/ike/code/goddess-java/common/common-utils/build/classes/java/main:/home/ike/code/goddess-java/common/common-api/build/classes/java/main:/home/ike/.gradle/caches/modules-2/files-2.1/org.hibernate/hibernate-entitymanager/5.2.4.Final/b5f9506bbff26ce5c75f16e568fa43d148d0f1d1/hibernate-entitymanager-5.2.4.Final.jar:/home/ike/.gradle/caches/modules-2/files-2.1/org.hibernate/hibernate-core/5.2.4.Final/52414fccd4429d8f723996e26c6
Launcher Type: SUN_STANDARD

Environment Variables:
JAVA_HOME=/home/ike/soft/jdk1.8
PATH=/home/ike/soft/gradle/bin:/home/ike/soft/maven3.3.9/bin:/home/ike/soft/jdk1.8/bin:/home/ike/soft/jdk1.8/bin:/home/ike/soft/gradle-4.1/bin:/home/ike/soft/maven3.3.9/bin:/usr/lib64/qt-3.3/bin:/usr/local/bin:/usr/local/sbin:/usr/bin:/usr/sbin:/home/ike/.local/bin:/home/ike/bin
USERNAME=ike
LD_LIBRARY_PATH=/home/ike/soft/idea-IU-171.4424.56/bin:
SHELL=/bin/bash
DISPLAY=:0

Signal Handlers:
SIGSEGV: [libjvm.so+0xac4790], sa_mask[0]=11111111011111111101111111111110, sa_flags=SA_RESTART|SA_SIGINFO
SIGBUS: [libjvm.so+0xac4790], sa_mask[0]=11111111011111111101111111111110, sa_flags=SA_RESTART|SA_SIGINFO
SIGFPE: [libjvm.so+0x91f140], sa_mask[0]=11111111011111111101111111111110, sa_flags=SA_RESTART|SA_SIGINFO
SIGPIPE: [libjvm.so+0x91f140], sa_mask[0]=11111111011111111101111111111110, sa_flags=SA_RESTART|SA_SIGINFO
SIGXFSZ: [libjvm.so+0x91f140], sa_mask[0]=11111111011111111101111111111110, sa_flags=SA_RESTART|SA_SIGINFO
SIGILL: [libjvm.so+0x91f140], sa_mask[0]=11111111011111111101111111111110, sa_flags=SA_RESTART|SA_SIGINFO
SIGUSR1: SIG_DFL, sa_mask[0]=00000000000000000000000000000000, sa_flags=none
SIGUSR2: [libjvm.so+0x920770], sa_mask[0]=00100000000000000000000000000000, sa_flags=SA_RESTART|SA_SIGINFO
SIGHUP: [libjvm.so+0x921b70], sa_mask[0]=11111111011111111101111111111110, sa_flags=SA_RESTART|SA_SIGINFO
SIGINT: [libjvm.so+0x921b70], sa_mask[0]=11111111011111111101111111111110, sa_flags=SA_RESTART|SA_SIGINFO
SIGTERM: [libjvm.so+0x921b70], sa_mask[0]=11111111011111111101111111111110, sa_flags=SA_RESTART|SA_SIGINFO
SIGQUIT: [libjvm.so+0x921b70], sa_mask[0]=11111111011111111101111111111110, sa_flags=SA_RESTART|SA_SIGINFO


---------------  S Y S T E M  ---------------

OS:Fedora release 25 (Twenty Five)

uname:Linux 4.8.6-300.fc25.x86_64 #1 SMP Tue Nov 1 12:36:38 UTC 2016 x86_64
libc:glibc 2.24 NPTL 2.24 
rlimit: STACK 8192k, CORE 0k, NPROC 31367, NOFILE 4096, AS infinity
load average:1.44 1.20 1.09

/proc/meminfo:
MemTotal:        8053804 kB
MemFree:          237460 kB
MemAvailable:     300020 kB
Buffers:           24016 kB
Cached:           441488 kB
SwapCached:         5600 kB
Active:          6325844 kB
Inactive:        1020416 kB
Active(anon):    6177068 kB
Inactive(anon):   933548 kB
Active(file):     148776 kB
Inactive(file):    86868 kB
Unevictable:          72 kB
Mlocked:              72 kB
SwapTotal:       8187900 kB
SwapFree:        1563188 kB
Dirty:             23568 kB
Writeback:             0 kB
AnonPages:       6876304 kB
Mapped:           222412 kB
Shmem:            229844 kB
Slab:             256012 kB
SReclaimable:      95400 kB
SUnreclaim:       160612 kB
KernelStack:       40448 kB
PageTables:        96956 kB
NFS_Unstable:          0 kB
Bounce:                0 kB
WritebackTmp:          0 kB
CommitLimit:    12214800 kB
Committed_AS:   23182344 kB
VmallocTotal:   34359738367 kB
VmallocUsed:           0 kB
VmallocChunk:          0 kB
HardwareCorrupted:     0 kB
AnonHugePages:         0 kB
ShmemHugePages:        0 kB
ShmemPmdMapped:        0 kB
CmaTotal:              0 kB
CmaFree:               0 kB
HugePages_Total:       0
HugePages_Free:        0
HugePages_Rsvd:        0
HugePages_Surp:        0
Hugepagesize:       2048 kB
DirectMap4k:      330916 kB
DirectMap2M:     7936000 kB
DirectMap1G:           0 kB


CPU:total 4 (4 cores per cpu, 1 threads per core) family 6 model 94 stepping 3, cmov, cx8, fxsr, mmx, sse, sse2, sse3, ssse3, sse4.1, sse4.2, popcnt, avx, avx2, aes, clmul, erms, rtm, 3dnowpref, lzcnt, tsc, tscinvbit, bmi1, bmi2, adx

/proc/cpuinfo:
processor	: 0
vendor_id	: GenuineIntel
cpu family	: 6
model		: 94
model name	: Intel(R) Core(TM) i5-6500 CPU @ 3.20GHz
stepping	: 3
microcode	: 0x9e
cpu MHz		: 1132.421
cache size	: 6144 KB
physical id	: 0
siblings	: 4
core id		: 0
cpu cores	: 4
apicid		: 0
initial apicid	: 0
fpu		: yes
fpu_exception	: yes
cpuid level	: 22
wp		: yes
flags		: fpu vme de pse tsc msr pae mce cx8 apic sep mtrr pge mca cmov pat pse36 clflush dts acpi mmx fxsr sse sse2 ss ht tm pbe syscall nx pdpe1gb rdtscp lm constant_tsc art arch_perfmon pebs bts rep_good nopl xtopology nonstop_tsc aperfmperf eagerfpu pni pclmulqdq dtes64 monitor ds_cpl vmx smx est tm2 ssse3 sdbg fma cx16 xtpr pdcm pcid sse4_1 sse4_2 x2apic movbe popcnt tsc_deadline_timer aes xsave avx f16c rdrand lahf_lm abm 3dnowprefetch intel_pt tpr_shadow vnmi flexpriority ept vpid fsgsbase tsc_adjust bmi1 hle avx2 smep bmi2 erms invpcid rtm mpx rdseed adx smap clflushopt xsaveopt xsavec xgetbv1 xsaves dtherm ida arat pln pts hwp hwp_notify hwp_act_window hwp_epp
bugs		:
bogomips	: 6384.00
clflush size	: 64
cache_alignment	: 64
address sizes	: 39 bits physical, 48 bits virtual
power management:

processor	: 1
vendor_id	: GenuineIntel
cpu family	: 6
model		: 94
model name	: Intel(R) Core(TM) i5-6500 CPU @ 3.20GHz
stepping	: 3
microcode	: 0x9e
cpu MHz		: 800.000
cache size	: 6144 KB
physical id	: 0
siblings	: 4
core id		: 1
cpu cores	: 4
apicid		: 2
initial apicid	: 2
fpu		: yes
fpu_exception	: yes
cpuid level	: 22
wp		: yes
flags		: fpu vme de pse tsc msr pae mce cx8 apic sep mtrr pge mca cmov pat pse36 clflush dts acpi mmx fxsr sse sse2 ss ht tm pbe syscall nx pdpe1gb rdtscp lm constant_tsc art arch_perfmon pebs bts rep_good nopl xtopology nonstop_tsc aperfmperf eagerfpu pni pclmulqdq dtes64 monitor ds_cpl vmx smx est tm2 ssse3 sdbg fma cx16 xtpr pdcm pcid sse4_1 sse4_2 x2apic movbe popcnt tsc_deadline_timer aes xsave avx f16c rdrand lahf_lm abm 3dnowprefetch intel_pt tpr_shadow vnmi flexpriority ept vpid fsgsbase tsc_adjust bmi1 hle avx2 smep bmi2 erms invpcid rtm mpx rdseed adx smap clflushopt xsaveopt xsavec xgetbv1 xsaves dtherm ida arat pln pts hwp hwp_notify hwp_act_window hwp_epp
bugs		:
bogomips	: 6387.62
clflush size	: 64
cache_alignment	: 64
address sizes	: 39 bits physical, 48 bits virtual
power management:

processor	: 2
vendor_id	: GenuineIntel
cpu family	: 6
model		: 94
model name	: Intel(R) Core(TM) i5-6500 CPU @ 3.20GHz
stepping	: 3
microcode	: 0x9e
cpu MHz		: 863.476
cache size	: 6144 KB
physical id	: 0
siblings	: 4
core id		: 2
cpu cores	: 4
apicid		: 4
initial apicid	: 4
fpu		: yes
fpu_exception	: yes
cpuid level	: 22
wp		: yes
flags		: fpu vme de pse tsc msr pae mce cx8 apic sep mtrr pge mca cmov pat pse36 clflush dts acpi mmx fxsr sse sse2 ss ht tm pbe syscall nx pdpe1gb rdtscp lm constant_tsc art arch_perfmon pebs bts rep_good nopl xtopology nonstop_tsc aperfmperf eagerfpu pni pclmulqdq dtes64 monitor ds_cpl vmx smx est tm2 ssse3 sdbg fma cx16 xtpr pdcm pcid sse4_1 sse4_2 x2apic movbe popcnt tsc_deadline_timer aes xsave avx f16c rdrand lahf_lm abm 3dnowprefetch intel_pt tpr_shadow vnmi flexpriority ept vpid fsgsbase tsc_adjust bmi1 hle avx2 smep bmi2 erms invpcid rtm mpx rdseed adx smap clflushopt xsaveopt xsavec xgetbv1 xsaves dtherm ida arat pln pts hwp hwp_notify hwp_act_window hwp_epp
bugs		:
bogomips	: 6387.77
clflush size	: 64
cache_alignment	: 64
address sizes	: 39 bits physical, 48 bits virtual
power management:

processor	: 3
vendor_id	: GenuineIntel
cpu family	: 6
model		: 94
model name	: Intel(R) Core(TM) i5-6500 CPU @ 3.20GHz
stepping	: 3
microcode	: 0x9e
cpu MHz		: 800.000
cache size	: 6144 KB
physical id	: 0
siblings	: 4
core id		: 3
cpu cores	: 4
apicid		: 6
initial apicid	: 6
fpu		: yes
fpu_exception	: yes
cpuid level	: 22
wp		: yes
flags		: fpu vme de pse tsc msr pae mce cx8 apic sep mtrr pge mca cmov pat pse36 clflush dts acpi mmx fxsr sse sse2 ss ht tm pbe syscall nx pdpe1gb rdtscp lm constant_tsc art arch_perfmon pebs bts rep_good nopl xtopology nonstop_tsc aperfmperf eagerfpu pni pclmulqdq dtes64 monitor ds_cpl vmx smx est tm2 ssse3 sdbg fma cx16 xtpr pdcm pcid sse4_1 sse4_2 x2apic movbe popcnt tsc_deadline_timer aes xsave avx f16c rdrand lahf_lm abm 3dnowprefetch intel_pt tpr_shadow vnmi flexpriority ept vpid fsgsbase tsc_adjust bmi1 hle avx2 smep bmi2 erms invpcid rtm mpx rdseed adx smap clflushopt xsaveopt xsavec xgetbv1 xsaves dtherm ida arat pln pts hwp hwp_notify hwp_act_window hwp_epp
bugs		:
bogomips	: 6387.82
clflush size	: 64
cache_alignment	: 64
address sizes	: 39 bits physical, 48 bits virtual
power management:



Memory: 4k page, physical 8053804k(237460k free), swap 8187900k(1563188k free)

vm_info: Java HotSpot(TM) 64-Bit Server VM (25.101-b13) for linux-amd64 JRE (1.8.0_101-b13), built on Jun 22 2016 02:59:44 by "java_re" with gcc 4.3.0 20080428 (Red Hat 4.3.0-8)

time: Thu Sep 21 16:53:41 2017
elapsed time: 2405 seconds (0d 0h 40m 5s)

