#
# A fatal error has been detected by the Java Runtime Environment:
#
#  SIGSEGV (0xb) at pc=0x00007fb1888a8d80, pid=25335, tid=0x00007fb169e5e700
#
# JRE version: Java(TM) SE Runtime Environment (8.0_101-b13) (build 1.8.0_101-b13)
# Java VM: Java HotSpot(TM) 64-Bit Server VM (25.101-b13 mixed mode linux-amd64 compressed oops)
# Problematic frame:
# V  [libjvm.so+0x8acd80]  Method::checked_resolve_jmethod_id(_jmethodID*)+0x20
#
# Failed to write core dump. Core dumps have been disabled. To enable core dumping, try "ulimit -c unlimited" before starting Java again
#
# If you would like to submit a bug report, please visit:
#   http://bugreport.java.com/bugreport/crash.jsp
#

---------------  T H R E A D  ---------------

Current thread (0x00007fb180194000):  JavaThread "JDWP Transport Listener: dt_socket" daemon [_thread_in_vm, id=25354, stack(0x00007fb169d5e000,0x00007fb169e5f000)]

siginfo: si_signo: 11 (SIGSEGV), si_code: 1 (SEGV_MAPERR), si_addr: 0x00000000000000f1

Registers:
RAX=0x0000000000000001, RBX=0x00007fb1800099f0, RCX=0x00007fb1899e32c0, RDX=0x00007fb188fbde80
RSP=0x00007fb169e5d6d0, RBP=0x00007fb169e5d6e0, RSI=0x00007fb180194000, RDI=0x00000000000000f1
R8 =0x00007fb14004bb30, R9 =0x0000000000000000, R10=0x00007fb14004bb30, R11=0x00007fb18916ecc8
R12=0x0000000000000017, R13=0x00000000000000f1, R14=0x00007fb180194000, R15=0x00007fb169e5d7e7
RIP=0x00007fb1888a8d80, EFLAGS=0x0000000000010202, CSGSFS=0x002b000000000033, ERR=0x0000000000000004
  TRAPNO=0x000000000000000e

Top of Stack: (sp=0x00007fb169e5d6d0)
0x00007fb169e5d6d0:   0000000000000074 00007fb1800099f0
0x00007fb169e5d6e0:   00007fb169e5d750 00007fb188735efe
0x00007fb169e5d6f0:   00007fb169e5d710 00007fb169e5d700
0x00007fb169e5d700:   00007fb180194000 0000000000000000
0x00007fb169e5d710:   00007fb100000000 0000000000000000
0x00007fb169e5d720:   00007fb169e5d740 00007fb1876afe40
0x00007fb169e5d730:   00000000000000f1 00007fb169e5d7e7
0x00007fb169e5d740:   000000000000004b 00007fb169e5d7e7
0x00007fb169e5d750:   00007fb169e5d780 00007fb18749b8c2
0x00007fb169e5d760:   00007fb169e5d780 00000000000000f1
0x00007fb169e5d770:   00007fb169e5d850 0000000000000258
0x00007fb169e5d780:   00007fb169e5d810 00007fb18747caa0
0x00007fb169e5d790:   00007fb169e5d7c8 00007fb169e5d7c0
0x00007fb169e5d7a0:   00007fb169e5d7b8 00007fb169e5d7dc
0x00007fb169e5d7b0:   000000014004b940 0000000000000000
0x00007fb169e5d7c0:   0000000000000000 0000000000000000
0x00007fb169e5d7d0:   00007fb14004beb0 f000100a69e5d850
0x00007fb169e5d7e0:   0100000000000054 0000000000000002
0x00007fb169e5d7f0:   000000000000000f 0000000000000002
0x00007fb169e5d800:   00000000000f0200 000000000000000f
0x00007fb169e5d810:   00007fb169e5da60 00007fb1874879c6
0x00007fb169e5d820:   0003590300000013 00007fb1880f0200
0x00007fb169e5d830:   00007fb13801c5b0 0000000000000000
0x00007fb169e5d840:   00007fb169e5d850 00007fb169e5d9e0
0x00007fb169e5d850:   00007fb140059048 00007fb100000468
0x00007fb169e5d860:   00007fb14001abd0 000000000000012c
0x00007fb169e5d870:   00007fb169e5d8a0 00007fb1400155b0
0x00007fb169e5d880:   00007f0000000000 000359030000000f
0x00007fb169e5d890:   00007fb10000d980 00007fb169e5d8a0
0x00007fb169e5d8a0:   b17f000054000000 0400000058540040
0x00007fb169e5d8b0:   3e0000007473696c 6a622f6d6f634c28
0x00007fb169e5d8c0:   64646f672f656b69 756365732f737365 

Instructions: (pc=0x00007fb1888a8d80)
0x00007fb1888a8d60:   55 48 89 e5 53 48 83 ec 08 48 85 ff 75 12 31 db
0x00007fb1888a8d70:   48 89 d8 48 83 c4 08 5b c9 c3 66 0f 1f 44 00 00
0x00007fb1888a8d80:   48 8b 1f 48 85 db 74 e6 48 83 fb 37 74 e0 48 8b
0x00007fb1888a8d90:   03 48 89 df ff 50 10 84 c0 0f 1f 80 00 00 00 00 

Register to memory mapping:

RAX=0x0000000000000001 is an unknown value
RBX=0x00007fb1800099f0 is an unknown value
RCX=0x00007fb1899e32c0: <offset 0x2192c0> in /lib64/libpthread.so.0 at 0x00007fb1897ca000
RDX=0x00007fb188fbde80: <offset 0xfc1e80> in /home/ike/soft/jdk1.8/jre/lib/amd64/server/libjvm.so at 0x00007fb187ffc000
RSP=0x00007fb169e5d6d0 is pointing into the stack for thread: 0x00007fb180194000
RBP=0x00007fb169e5d6e0 is pointing into the stack for thread: 0x00007fb180194000
RSI=0x00007fb180194000 is a thread
RDI=0x00000000000000f1 is an unknown value
R8 =0x00007fb14004bb30 is an unknown value
R9 =0x0000000000000000 is an unknown value
R10=0x00007fb14004bb30 is an unknown value
R11=0x00007fb18916ecc8: <offset 0x184cc8> in /lib64/libc.so.6 at 0x00007fb188fea000
R12=0x0000000000000017 is an unknown value
R13=0x00000000000000f1 is an unknown value
R14=0x00007fb180194000 is a thread
R15=0x00007fb169e5d7e7 is pointing into the stack for thread: 0x00007fb180194000


Stack: [0x00007fb169d5e000,0x00007fb169e5f000],  sp=0x00007fb169e5d6d0,  free space=1021k
Native frames: (J=compiled Java code, j=interpreted, Vv=VM code, C=native code)
V  [libjvm.so+0x8acd80]  Method::checked_resolve_jmethod_id(_jmethodID*)+0x20
V  [libjvm.so+0x739efe]  jvmti_IsMethodSynthetic+0x2be
C  [libjdwp.so+0x258c2]  isMethodSynthetic+0x42
C  [libjdwp.so+0x6aa0]  methods1+0x1b0
C  [libjdwp.so+0x119c6]  debugLoop_run+0x2b6
C  [libjdwp.so+0x247ff]  attachThread+0x2f
V  [libjvm.so+0x7a63e2]  JvmtiAgentThread::call_start_function()+0xc2
V  [libjvm.so+0xa7343f]  JavaThread::thread_main_inner()+0xdf
V  [libjvm.so+0xa7356c]  JavaThread::run()+0x11c
V  [libjvm.so+0x924698]  java_start(Thread*)+0x108
C  [libpthread.so.0+0x76ca]  start_thread+0xca


---------------  P R O C E S S  ---------------

Java Threads: ( => current thread )
  0x00007fb13801b000 JavaThread "DubboServerHandler-172.17.0.1:51133-thread-17" daemon [_thread_blocked, id=25918, stack(0x00007fb0eacf1000,0x00007fb0eadf2000)]
  0x00007fb138019000 JavaThread "DubboServerHandler-172.17.0.1:51133-thread-16" daemon [_thread_blocked, id=25906, stack(0x00007fb0eadf2000,0x00007fb0eaef3000)]
  0x00007fb138017800 JavaThread "DubboServerHandler-172.17.0.1:51133-thread-15" daemon [_thread_blocked, id=25903, stack(0x00007fb0eaef3000,0x00007fb0eaff4000)]
  0x00007fb138016000 JavaThread "DubboServerHandler-172.17.0.1:51133-thread-14" daemon [_thread_blocked, id=25780, stack(0x00007fb0eaff4000,0x00007fb0eb0f5000)]
  0x00007fb138015000 JavaThread "DubboServerHandler-172.17.0.1:51133-thread-13" daemon [_thread_blocked, id=25700, stack(0x00007fb159f31000,0x00007fb15a032000)]
  0x00007fb124ded800 JavaThread "DubboServerHandler-172.17.0.1:51133-thread-12" daemon [_thread_blocked, id=25538, stack(0x00007fb15a032000,0x00007fb15a133000)]
  0x00007fb0fc010800 JavaThread "main-EventThread" daemon [_thread_blocked, id=25537, stack(0x00007fb0eb0f5000,0x00007fb0eb1f6000)]
  0x00007fb0fc00f000 JavaThread "main-SendThread(localhost:2181)" daemon [_thread_in_native, id=25536, stack(0x00007fb0eb1f6000,0x00007fb0eb2f7000)]
  0x00007fb16401c000 JavaThread "DubboServerHandler-172.17.0.1:51133-thread-11" daemon [_thread_blocked, id=25535, stack(0x00007fb0eb2f7000,0x00007fb0eb3f8000)]
  0x00007fb14c018800 JavaThread "DubboServerHandler-172.17.0.1:51133-thread-10" daemon [_thread_blocked, id=25534, stack(0x00007fb0eb3f8000,0x00007fb0eb4f9000)]
  0x00007fb138031800 JavaThread "DubboServerHandler-172.17.0.1:51133-thread-9" daemon [_thread_blocked, id=25533, stack(0x00007fb0eb4f9000,0x00007fb0eb5fa000)]
  0x00007fb13802f800 JavaThread "DubboServerHandler-172.17.0.1:51133-thread-8" daemon [_thread_blocked, id=25532, stack(0x00007fb0eb5fa000,0x00007fb0eb6fb000)]
  0x00007fb13802e800 JavaThread "DubboServerHandler-172.17.0.1:51133-thread-7" daemon [_thread_blocked, id=25531, stack(0x00007fb0eb6fb000,0x00007fb0eb7fc000)]
  0x00007fb13802e000 JavaThread "DubboServerHandler-172.17.0.1:51133-thread-6" daemon [_thread_blocked, id=25530, stack(0x00007fb0eb7fc000,0x00007fb0eb8fd000)]
  0x00007fb1302d1800 JavaThread "DubboResponseTimeoutScanTimer" daemon [_thread_blocked, id=25529, stack(0x00007fb15982c000,0x00007fb15992d000)]
  0x00007fb13802d000 JavaThread "DubboServerHandler-172.17.0.1:51133-thread-5" daemon [_thread_blocked, id=25528, stack(0x00007fb159026000,0x00007fb159127000)]
  0x00007fb13805a800 JavaThread "DubboServerHandler-172.17.0.1:51133-thread-4" daemon [_thread_blocked, id=25489, stack(0x00007fb159a2e000,0x00007fb159b2f000)]
  0x00007fb138059800 JavaThread "DubboServerHandler-172.17.0.1:51133-thread-3" daemon [_thread_blocked, id=25429, stack(0x00007fb0eb8fd000,0x00007fb0eb9fe000)]
  0x00007fb138058800 JavaThread "DubboServerHandler-172.17.0.1:51133-thread-2" daemon [_thread_blocked, id=25421, stack(0x00007fb0ebbfe000,0x00007fb0ebcff000)]
  0x00007fb1243a5000 JavaThread "New I/O server worker #1-2" daemon [_thread_in_native, id=25414, stack(0x00007fb0ebeff000,0x00007fb0ec000000)]
  0x00007fb1243a9800 JavaThread "DubboServerHandler-172.17.0.1:51133-thread-1" daemon [_thread_blocked, id=25413, stack(0x00007fb158018000,0x00007fb158119000)]
  0x00007fb18138b000 JavaThread "dubbo-remoting-server-heartbeat-thread-1" daemon [_thread_blocked, id=25411, stack(0x00007fb158119000,0x00007fb15821a000)]
  0x00007fb180c0f800 JavaThread "New I/O server boss #1 ([id: 0x048c584c, /0:0:0:0:0:0:0:0:51133])" daemon [_thread_in_native, id=25410, stack(0x00007fb15821a000,0x00007fb15831b000)]
  0x00007fb180bf6800 JavaThread "recoverScheduler_QuartzSchedulerThread" [_thread_blocked, id=25409, stack(0x00007fb15831b000,0x00007fb15841c000)]
  0x00007fb180a75000 JavaThread "recoverScheduler_Worker-10" [_thread_blocked, id=25408, stack(0x00007fb15841c000,0x00007fb15851d000)]
  0x00007fb180a73000 JavaThread "recoverScheduler_Worker-9" [_thread_blocked, id=25407, stack(0x00007fb15851d000,0x00007fb15861e000)]
  0x00007fb180a71000 JavaThread "recoverScheduler_Worker-8" [_thread_blocked, id=25406, stack(0x00007fb15861e000,0x00007fb15871f000)]
  0x00007fb180a6f800 JavaThread "recoverScheduler_Worker-7" [_thread_blocked, id=25405, stack(0x00007fb15871f000,0x00007fb158820000)]
  0x00007fb180a6d800 JavaThread "recoverScheduler_Worker-6" [_thread_blocked, id=25404, stack(0x00007fb158820000,0x00007fb158921000)]
  0x00007fb180a6b800 JavaThread "recoverScheduler_Worker-5" [_thread_blocked, id=25403, stack(0x00007fb158921000,0x00007fb158a22000)]
  0x00007fb180a8e000 JavaThread "recoverScheduler_Worker-4" [_thread_blocked, id=25402, stack(0x00007fb158a22000,0x00007fb158b23000)]
  0x00007fb180a8c000 JavaThread "recoverScheduler_Worker-3" [_thread_blocked, id=25401, stack(0x00007fb158b23000,0x00007fb158c24000)]
  0x00007fb180a8a800 JavaThread "recoverScheduler_Worker-2" [_thread_blocked, id=25400, stack(0x00007fb158c24000,0x00007fb158d25000)]
  0x00007fb180a89800 JavaThread "recoverScheduler_Worker-1" [_thread_blocked, id=25399, stack(0x00007fb158d25000,0x00007fb158e26000)]
  0x00007fb180ab9000 JavaThread "dubbo-remoting-client-heartbeat-thread-2" daemon [_thread_blocked, id=25397, stack(0x00007fb159127000,0x00007fb159228000)]
  0x00007fb0f801f000 JavaThread "New I/O client worker #1-2" daemon [_thread_in_native, id=25396, stack(0x00007fb159228000,0x00007fb159329000)]
  0x00007fb180ab8800 JavaThread "DubboClientReconnectTimer-thread-2" daemon [_thread_blocked, id=25394, stack(0x00007fb15942a000,0x00007fb15952b000)]
  0x00007fb18122b000 JavaThread "commons-pool-EvictionTimer" daemon [_thread_blocked, id=25393, stack(0x00007fb159329000,0x00007fb15942a000)]
  0x00007fb18198b800 JavaThread "dubbo-remoting-client-heartbeat-thread-1" daemon [_thread_blocked, id=25391, stack(0x00007fb15972b000,0x00007fb15982c000)]
  0x00007fb0f8011000 JavaThread "New I/O client worker #1-1" daemon [_thread_in_native, id=25389, stack(0x00007fb15992d000,0x00007fb159a2e000)]
  0x00007fb180aa1800 JavaThread "DubboClientReconnectTimer-thread-1" daemon [_thread_blocked, id=25387, stack(0x00007fb159b2f000,0x00007fb159c30000)]
  0x00007fb1826ff000 JavaThread "DubboSaveRegistryCache-thread-1" daemon [_thread_blocked, id=25386, stack(0x00007fb159c30000,0x00007fb159d31000)]
  0x00007fb1826d1800 JavaThread "ZkClient-EventThread-20-localhost:2181" daemon [_thread_blocked, id=25383, stack(0x00007fb15a133000,0x00007fb15a234000)]
  0x00007fb1826c2800 JavaThread "DubboRegistryFailedRetryTimer-thread-1" daemon [_thread_blocked, id=25382, stack(0x00007fb15a8ca000,0x00007fb15a9cb000)]
  0x00007fb181b17800 JavaThread "__DEFAULT__" daemon [_thread_blocked, id=25380, stack(0x00007fb15a9cb000,0x00007fb15aacc000)]
  0x00007fb181667000 JavaThread "Druid-ConnectionPool-Destroy-1105958076" daemon [_thread_blocked, id=25379, stack(0x00007fb15b2cc000,0x00007fb15b3cd000)]
  0x00007fb181665000 JavaThread "Druid-ConnectionPool-Create-1105958076" daemon [_thread_blocked, id=25378, stack(0x00007fb15b3cd000,0x00007fb15b4ce000)]
  0x00007fb181657800 JavaThread "Abandoned connection cleanup thread" daemon [_thread_blocked, id=25377, stack(0x00007fb15b6ce000,0x00007fb15b7cf000)]
  0x00007fb18063f800 JavaThread "Service Thread" daemon [_thread_blocked, id=25361, stack(0x00007fb169238000,0x00007fb169339000)]
  0x00007fb180634000 JavaThread "C1 CompilerThread2" daemon [_thread_blocked, id=25360, stack(0x00007fb169339000,0x00007fb16943a000)]
  0x00007fb180631000 JavaThread "C2 CompilerThread1" daemon [_thread_blocked, id=25359, stack(0x00007fb16943a000,0x00007fb16953b000)]
  0x00007fb18062f800 JavaThread "C2 CompilerThread0" daemon [_thread_blocked, id=25358, stack(0x00007fb16953b000,0x00007fb16963c000)]
  0x00007fb140001000 JavaThread "JDWP Command Reader" daemon [_thread_in_native, id=25356, stack(0x00007fb169b5c000,0x00007fb169c5d000)]
  0x00007fb180197800 JavaThread "JDWP Event Helper Thread" daemon [_thread_blocked, id=25355, stack(0x00007fb169c5d000,0x00007fb169d5e000)]
=>0x00007fb180194000 JavaThread "JDWP Transport Listener: dt_socket" daemon [_thread_in_vm, id=25354, stack(0x00007fb169d5e000,0x00007fb169e5f000)]
  0x00007fb180185000 JavaThread "Signal Dispatcher" daemon [_thread_blocked, id=25352, stack(0x00007fb16a063000,0x00007fb16a164000)]
  0x00007fb180153000 JavaThread "Finalizer" daemon [_thread_blocked, id=25349, stack(0x00007fb16a164000,0x00007fb16a265000)]
  0x00007fb18014e800 JavaThread "Reference Handler" daemon [_thread_blocked, id=25344, stack(0x00007fb16a265000,0x00007fb16a366000)]
  0x00007fb180011000 JavaThread "main" [_thread_in_native, id=25336, stack(0x00007fb189af2000,0x00007fb189bf3000)]

Other Threads:
  0x00007fb180147000 VMThread [stack: 0x00007fb16a366000,0x00007fb16a467000] [id=25343]
  0x00007fb180645000 WatcherThread [stack: 0x00007fb169137000,0x00007fb169238000] [id=25362]

VM state:not at safepoint (normal execution)

VM Mutex/Monitor currently owned by a thread: None

Heap:
 PSYoungGen      total 623104K, used 516748K [0x00000000d7000000, 0x00000000fea80000, 0x0000000100000000)
  eden space 599552K, 83% used [0x00000000d7000000,0x00000000f58a8a78,0x00000000fb980000)
  from space 23552K, 69% used [0x00000000fd200000,0x00000000fe1fa8f8,0x00000000fe900000)
  to   space 25088K, 0% used [0x00000000fb980000,0x00000000fb980000,0x00000000fd200000)
 ParOldGen       total 84480K, used 38919K [0x0000000085000000, 0x000000008a280000, 0x00000000d7000000)
  object space 84480K, 46% used [0x0000000085000000,0x0000000087601d00,0x000000008a280000)
 Metaspace       used 56821K, capacity 58072K, committed 58328K, reserved 1101824K
  class space    used 6689K, capacity 6906K, committed 6912K, reserved 1048576K

Card table byte_map: [0x00007fb1864a3000,0x00007fb18687c000] byte_map_base: 0x00007fb18607b000

Marking Bits: (ParMarkBitMap*) 0x00007fb188fbd120
 Begin Bits: [0x00007fb160280000, 0x00007fb162140000)
 End Bits:   [0x00007fb162140000, 0x00007fb164000000)

Polling page: 0x00007fb189c0a000

CodeCache: size=245760Kb used=23257Kb max_used=23399Kb free=222502Kb
 bounds [0x00007fb16a467000, 0x00007fb16bba7000, 0x00007fb179467000]
 total_blobs=7078 nmethods=6483 adapters=515
 compilation: enabled

Compilation events (10 events):
Event: 562.041 Thread 0x00007fb180634000 7825       3       org.jboss.logging.DelegatingBasicLogger::isDebugEnabled (8 bytes)
Event: 562.042 Thread 0x00007fb180634000 nmethod 7825 0x00007fb16aa90690 code [0x00007fb16aa90800, 0x00007fb16aa90b08]
Event: 562.042 Thread 0x00007fb180634000 7826       1       org.hibernate.resource.jdbc.internal.AbstractLogicalConnectionImplementor::getStatus (5 bytes)
Event: 562.042 Thread 0x00007fb180634000 nmethod 7826 0x00007fb16aa903d0 code [0x00007fb16aa90520, 0x00007fb16aa90630]
Event: 562.042 Thread 0x00007fb180634000 7827       1       org.jboss.netty.channel.DownstreamMessageEvent::getMessage (5 bytes)
Event: 562.042 Thread 0x00007fb180634000 nmethod 7827 0x00007fb16b601010 code [0x00007fb16b601160, 0x00007fb16b601270]
Event: 562.042 Thread 0x00007fb18062f800 7828       4       java.util.concurrent.SynchronousQueue$TransferStack::shouldSpin (30 bytes)
Event: 562.043 Thread 0x00007fb18062f800 nmethod 7828 0x00007fb16b5ff890 code [0x00007fb16b5ff9e0, 0x00007fb16b5ffa78]
Event: 567.362 Thread 0x00007fb180634000 7829       3       java.util.concurrent.locks.LockSupport::park (23 bytes)
Event: 567.362 Thread 0x00007fb180634000 nmethod 7829 0x00007fb16b5ff290 code [0x00007fb16b5ff420, 0x00007fb16b5ff768]

GC Heap History (10 events):
Event: 6.338 GC heap before
{Heap before GC invocations=12 (full 2):
 PSYoungGen      total 370688K, used 13264K [0x00000000d7000000, 0x00000000eee80000, 0x0000000100000000)
  eden space 354816K, 0% used [0x00000000d7000000,0x00000000d7000000,0x00000000eca80000)
  from space 15872K, 83% used [0x00000000edf00000,0x00000000eebf4270,0x00000000eee80000)
  to   space 18432K, 0% used [0x00000000eca80000,0x00000000eca80000,0x00000000edc80000)
 ParOldGen       total 53248K, used 23511K [0x0000000085000000, 0x0000000088400000, 0x00000000d7000000)
  object space 53248K, 44% used [0x0000000085000000,0x00000000866f5ca8,0x0000000088400000)
 Metaspace       used 34659K, capacity 34940K, committed 35416K, reserved 1081344K
  class space    used 4109K, capacity 4198K, committed 4224K, reserved 1048576K
Event: 6.374 GC heap after
Heap after GC invocations=12 (full 2):
 PSYoungGen      total 370688K, used 0K [0x00000000d7000000, 0x00000000eee80000, 0x0000000100000000)
  eden space 354816K, 0% used [0x00000000d7000000,0x00000000d7000000,0x00000000eca80000)
  from space 15872K, 0% used [0x00000000edf00000,0x00000000edf00000,0x00000000eee80000)
  to   space 18432K, 0% used [0x00000000eca80000,0x00000000eca80000,0x00000000edc80000)
 ParOldGen       total 84480K, used 18915K [0x0000000085000000, 0x000000008a280000, 0x00000000d7000000)
  object space 84480K, 22% used [0x0000000085000000,0x0000000086278f68,0x000000008a280000)
 Metaspace       used 34659K, capacity 34940K, committed 35416K, reserved 1081344K
  class space    used 4109K, capacity 4198K, committed 4224K, reserved 1048576K
}
Event: 8.928 GC heap before
{Heap before GC invocations=13 (full 2):
 PSYoungGen      total 370688K, used 354816K [0x00000000d7000000, 0x00000000eee80000, 0x0000000100000000)
  eden space 354816K, 100% used [0x00000000d7000000,0x00000000eca80000,0x00000000eca80000)
  from space 15872K, 0% used [0x00000000edf00000,0x00000000edf00000,0x00000000eee80000)
  to   space 18432K, 0% used [0x00000000eca80000,0x00000000eca80000,0x00000000edc80000)
 ParOldGen       total 84480K, used 18915K [0x0000000085000000, 0x000000008a280000, 0x00000000d7000000)
  object space 84480K, 22% used [0x0000000085000000,0x0000000086278f68,0x000000008a280000)
 Metaspace       used 42173K, capacity 42510K, committed 43096K, reserved 1087488K
  class space    used 5055K, capacity 5175K, committed 5248K, reserved 1048576K
Event: 8.942 GC heap after
Heap after GC invocations=13 (full 2):
 PSYoungGen      total 373248K, used 18407K [0x00000000d7000000, 0x00000000f6580000, 0x0000000100000000)
  eden space 354816K, 0% used [0x00000000d7000000,0x00000000d7000000,0x00000000eca80000)
  from space 18432K, 99% used [0x00000000eca80000,0x00000000edc79fc8,0x00000000edc80000)
  to   space 22016K, 0% used [0x00000000f5000000,0x00000000f5000000,0x00000000f6580000)
 ParOldGen       total 84480K, used 20981K [0x0000000085000000, 0x000000008a280000, 0x00000000d7000000)
  object space 84480K, 24% used [0x0000000085000000,0x000000008647d6c0,0x000000008a280000)
 Metaspace       used 42173K, capacity 42510K, committed 43096K, reserved 1087488K
  class space    used 5055K, capacity 5175K, committed 5248K, reserved 1048576K
}
Event: 10.542 GC heap before
{Heap before GC invocations=14 (full 2):
 PSYoungGen      total 373248K, used 373223K [0x00000000d7000000, 0x00000000f6580000, 0x0000000100000000)
  eden space 354816K, 100% used [0x00000000d7000000,0x00000000eca80000,0x00000000eca80000)
  from space 18432K, 99% used [0x00000000eca80000,0x00000000edc79fc8,0x00000000edc80000)
  to   space 22016K, 0% used [0x00000000f5000000,0x00000000f5000000,0x00000000f6580000)
 ParOldGen       total 84480K, used 20981K [0x0000000085000000, 0x000000008a280000, 0x00000000d7000000)
  object space 84480K, 24% used [0x0000000085000000,0x000000008647d6c0,0x000000008a280000)
 Metaspace       used 48268K, capacity 48694K, committed 49240K, reserved 1093632K
  class space    used 5865K, capacity 5991K, committed 6016K, reserved 1048576K
Event: 10.560 GC heap after
Heap after GC invocations=14 (full 2):
 PSYoungGen      total 488448K, used 18157K [0x00000000d7000000, 0x00000000f6680000, 0x0000000100000000)
  eden space 466432K, 0% used [0x00000000d7000000,0x00000000d7000000,0x00000000f3780000)
  from space 22016K, 82% used [0x00000000f5000000,0x00000000f61bb6b8,0x00000000f6580000)
  to   space 24064K, 0% used [0x00000000f3780000,0x00000000f3780000,0x00000000f4f00000)
 ParOldGen       total 84480K, used 28737K [0x0000000085000000, 0x000000008a280000, 0x00000000d7000000)
  object space 84480K, 34% used [0x0000000085000000,0x0000000086c10508,0x000000008a280000)
 Metaspace       used 48268K, capacity 48694K, committed 49240K, reserved 1093632K
  class space    used 5865K, capacity 5991K, committed 6016K, reserved 1048576K
}
Event: 12.920 GC heap before
{Heap before GC invocations=15 (full 2):
 PSYoungGen      total 488448K, used 484589K [0x00000000d7000000, 0x00000000f6680000, 0x0000000100000000)
  eden space 466432K, 100% used [0x00000000d7000000,0x00000000f3780000,0x00000000f3780000)
  from space 22016K, 82% used [0x00000000f5000000,0x00000000f61bb6b8,0x00000000f6580000)
  to   space 24064K, 0% used [0x00000000f3780000,0x00000000f3780000,0x00000000f4f00000)
 ParOldGen       total 84480K, used 28737K [0x0000000085000000, 0x000000008a280000, 0x00000000d7000000)
  object space 84480K, 34% used [0x0000000085000000,0x0000000086c10508,0x000000008a280000)
 Metaspace       used 50505K, capacity 51272K, committed 51544K, reserved 1095680K
  class space    used 6038K, capacity 6218K, committed 6272K, reserved 1048576K
Event: 12.933 GC heap after
Heap after GC invocations=15 (full 2):
 PSYoungGen      total 490496K, used 4736K [0x00000000d7000000, 0x00000000fe900000, 0x0000000100000000)
  eden space 466432K, 0% used [0x00000000d7000000,0x00000000d7000000,0x00000000f3780000)
  from space 24064K, 19% used [0x00000000f3780000,0x00000000f3c20010,0x00000000f4f00000)
  to   space 23552K, 0% used [0x00000000fd200000,0x00000000fd200000,0x00000000fe900000)
 ParOldGen       total 84480K, used 34897K [0x0000000085000000, 0x000000008a280000, 0x00000000d7000000)
  object space 84480K, 41% used [0x0000000085000000,0x0000000087214750,0x000000008a280000)
 Metaspace       used 50505K, capacity 51272K, committed 51544K, reserved 1095680K
  class space    used 6038K, capacity 6218K, committed 6272K, reserved 1048576K
}
Event: 14.383 GC heap before
{Heap before GC invocations=16 (full 2):
 PSYoungGen      total 490496K, used 471168K [0x00000000d7000000, 0x00000000fe900000, 0x0000000100000000)
  eden space 466432K, 100% used [0x00000000d7000000,0x00000000f3780000,0x00000000f3780000)
  from space 24064K, 19% used [0x00000000f3780000,0x00000000f3c20010,0x00000000f4f00000)
  to   space 23552K, 0% used [0x00000000fd200000,0x00000000fd200000,0x00000000fe900000)
 ParOldGen       total 84480K, used 34897K [0x0000000085000000, 0x000000008a280000, 0x00000000d7000000)
  object space 84480K, 41% used [0x0000000085000000,0x0000000087214750,0x000000008a280000)
 Metaspace       used 52450K, capacity 53316K, committed 53464K, reserved 1095680K
  class space    used 6211K, capacity 6388K, committed 6400K, reserved 1048576K
Event: 14.399 GC heap after
Heap after GC invocations=16 (full 2):
 PSYoungGen      total 623104K, used 16362K [0x00000000d7000000, 0x00000000fea80000, 0x0000000100000000)
  eden space 599552K, 0% used [0x00000000d7000000,0x00000000d7000000,0x00000000fb980000)
  from space 23552K, 69% used [0x00000000fd200000,0x00000000fe1fa8f8,0x00000000fe900000)
  to   space 25088K, 0% used [0x00000000fb980000,0x00000000fb980000,0x00000000fd200000)
 ParOldGen       total 84480K, used 38919K [0x0000000085000000, 0x000000008a280000, 0x00000000d7000000)
  object space 84480K, 46% used [0x0000000085000000,0x0000000087601d00,0x000000008a280000)
 Metaspace       used 52450K, capacity 53316K, committed 53464K, reserved 1095680K
  class space    used 6211K, capacity 6388K, committed 6400K, reserved 1048576K
}

Deoptimization events (10 events):
Event: 383.118 Thread 0x00007fb138016000 Uncommon trap: reason=unstable_if action=reinterpret pc=0x00007fb16ade211c method=sun.nio.cs.UTF_8$Decoder.decode([BII[C)I @ 30
Event: 383.118 Thread 0x00007fb138016000 Uncommon trap: reason=unstable_if action=reinterpret pc=0x00007fb16b1d66b4 method=java.lang.StringCoding.safeTrim([CILjava/nio/charset/Charset;Z)[C @ 3
Event: 383.119 Thread 0x00007fb138016000 Uncommon trap: reason=bimorphic action=maybe_recompile pc=0x00007fb16b33ec98 method=com.mysql.cj.core.io.BaseDecoratingValueFactory.createFromNull()Ljava/lang/Object; @ 4
Event: 383.121 Thread 0x00007fb138016000 Uncommon trap: reason=bimorphic action=maybe_recompile pc=0x00007fb16b33ec98 method=com.mysql.cj.core.io.BaseDecoratingValueFactory.createFromNull()Ljava/lang/Object; @ 4
Event: 383.121 Thread 0x00007fb138016000 Uncommon trap: reason=unstable_if action=reinterpret pc=0x00007fb16b1d93c8 method=java.lang.StringCoding.safeTrim([CILjava/nio/charset/Charset;Z)[C @ 3
Event: 383.122 Thread 0x00007fb138016000 Uncommon trap: reason=unstable_if action=reinterpret pc=0x00007fb16b1b77a4 method=java.lang.StringCoding.safeTrim([CILjava/nio/charset/Charset;Z)[C @ 3
Event: 383.122 Thread 0x00007fb138016000 Uncommon trap: reason=bimorphic action=maybe_recompile pc=0x00007fb16b33ec98 method=com.mysql.cj.core.io.BaseDecoratingValueFactory.createFromNull()Ljava/lang/Object; @ 4
Event: 383.122 Thread 0x00007fb138016000 Uncommon trap: reason=bimorphic action=maybe_recompile pc=0x00007fb16b3335fc method=com.mysql.cj.core.io.BaseDecoratingValueFactory.createFromNull()Ljava/lang/Object; @ 4
Event: 383.122 Thread 0x00007fb138016000 Uncommon trap: reason=bimorphic action=maybe_recompile pc=0x00007fb16b328fdc method=com.mysql.cj.core.io.BaseDecoratingValueFactory.createFromNull()Ljava/lang/Object; @ 4
Event: 579.400 Thread 0x00007fb180194000 Uncommon trap: reason=unstable_if action=reinterpret pc=0x00007fb16aaa9a44 method=java.lang.Class.reflectionData()Ljava/lang/Class$ReflectionData; @ 37

Internal exceptions (10 events):
Event: 49.725 Thread 0x00007fb180a89800 Exception <a 'java/lang/ClassNotFoundException': org/springframework/scheduling/quartz/MethodInvokingJobDetailFactoryBean$StatefulMethodInvokingJobCustomizer> (0x00000000e343b428) thrown at [/HUDSON3/workspace/8-2-build-linux-amd64/jdk8u101/7261/hotspot/s
Event: 49.725 Thread 0x00007fb180a89800 Exception <a 'java/lang/ClassNotFoundException': org/quartz/JobCustomizer> (0x00000000e3469e28) thrown at [/HUDSON3/workspace/8-2-build-linux-amd64/jdk8u101/7261/hotspot/src/share/vm/classfile/systemDictionary.cpp, line 210]
Event: 160.535 Thread 0x00007fb1243a5000 Exception <a 'java/io/IOException'> (0x00000000df0356e0) thrown at [/HUDSON3/workspace/8-2-build-linux-amd64/jdk8u101/7261/hotspot/src/share/vm/prims/jni.cpp, line 709]
Event: 160.538 Thread 0x00007fb0f801f000 Exception <a 'java/lang/NullPointerException'> (0x00000000da0f9178) thrown at [/HUDSON3/workspace/8-2-build-linux-amd64/jdk8u101/7261/hotspot/src/share/vm/interpreter/linkResolver.cpp, line 1178]
Event: 220.537 Thread 0x00007fb0f8011000 Exception <a 'java/lang/NullPointerException'> (0x00000000da3e25b0) thrown at [/HUDSON3/workspace/8-2-build-linux-amd64/jdk8u101/7261/hotspot/src/share/vm/interpreter/linkResolver.cpp, line 1178]
Event: 220.555 Thread 0x00007fb0f801f000 Exception <a 'java/lang/NullPointerException'> (0x00000000da0facb8) thrown at [/HUDSON3/workspace/8-2-build-linux-amd64/jdk8u101/7261/hotspot/src/share/vm/interpreter/linkResolver.cpp, line 1178]
Event: 340.558 Thread 0x00007fb1243a5000 Exception <a 'java/lang/NullPointerException'> (0x00000000df076928) thrown at [/HUDSON3/workspace/8-2-build-linux-amd64/jdk8u101/7261/hotspot/src/share/vm/interpreter/linkResolver.cpp, line 1178]
Event: 400.539 Thread 0x00007fb0f8011000 Exception <a 'java/lang/NullPointerException'> (0x00000000da3e8d18) thrown at [/HUDSON3/workspace/8-2-build-linux-amd64/jdk8u101/7261/hotspot/src/share/vm/interpreter/linkResolver.cpp, line 1178]
Event: 400.556 Thread 0x00007fb0f801f000 Exception <a 'java/lang/NullPointerException'> (0x00000000da101438) thrown at [/HUDSON3/workspace/8-2-build-linux-amd64/jdk8u101/7261/hotspot/src/share/vm/interpreter/linkResolver.cpp, line 1178]
Event: 460.559 Thread 0x00007fb1243a5000 Exception <a 'java/lang/NullPointerException'> (0x00000000df07b550) thrown at [/HUDSON3/workspace/8-2-build-linux-amd64/jdk8u101/7261/hotspot/src/share/vm/interpreter/linkResolver.cpp, line 1178]

Events (10 events):
Event: 562.043 Executing VM operation: RevokeBias done
Event: 579.400 Thread 0x00007fb180194000 Uncommon trap: trap_request=0xffffff65 fr.pc=0x00007fb16aaa9a44
Event: 579.400 Thread 0x00007fb180194000 DEOPT PACKING pc=0x00007fb16aaa9a44 sp=0x00007fb169e5c220
Event: 579.400 Thread 0x00007fb180194000 DEOPT UNPACKING pc=0x00007fb16a46c229 sp=0x00007fb169e5c1d0 mode 2
Event: 579.401 Thread 0x00007fb180194000 DEOPT PACKING pc=0x00007fb16b0bd021 sp=0x00007fb169e5c2f0
Event: 579.401 Thread 0x00007fb180194000 DEOPT UNPACKING pc=0x00007fb16a4ae633 sp=0x00007fb169e5c048 mode 1
Event: 579.401 Thread 0x00007fb180194000 DEOPT PACKING pc=0x00007fb16a6297ac sp=0x00007fb169e5c350
Event: 579.401 Thread 0x00007fb180194000 DEOPT UNPACKING pc=0x00007fb16a4ae633 sp=0x00007fb169e5c0a8 mode 1
Event: 579.413 Executing VM operation: RedefineClasses
Event: 579.461 Executing VM operation: RedefineClasses done


Dynamic libraries:
00400000-00401000 r-xp 00000000 fd:02 2100689                            /home/ike/soft/jdk1.8/bin/java
00600000-00601000 rw-p 00000000 fd:02 2100689                            /home/ike/soft/jdk1.8/bin/java
01427000-01448000 rw-p 00000000 00:00 0                                  [heap]
85000000-8a280000 rw-p 00000000 00:00 0 
8a280000-d7000000 ---p 00000000 00:00 0 
d7000000-fea80000 rw-p 00000000 00:00 0 
fea80000-100000000 ---p 00000000 00:00 0 
100000000-1006c0000 rw-p 00000000 00:00 0 
1006c0000-140000000 ---p 00000000 00:00 0 
7fb0d8000000-7fb0d8131000 rw-p 00000000 00:00 0 
7fb0d8131000-7fb0dc000000 ---p 00000000 00:00 0 
7fb0e4000000-7fb0e4021000 rw-p 00000000 00:00 0 
7fb0e4021000-7fb0e8000000 ---p 00000000 00:00 0 
7fb0eaaf1000-7fb0eab31000 rw-p 00000000 00:00 0 
7fb0eab31000-7fb0eacf1000 ---p 00000000 00:00 0 
7fb0eacf1000-7fb0eacf4000 ---p 00000000 00:00 0 
7fb0eacf4000-7fb0eadf2000 rw-p 00000000 00:00 0 
7fb0eadf2000-7fb0eadf5000 ---p 00000000 00:00 0 
7fb0eadf5000-7fb0eaef3000 rw-p 00000000 00:00 0 
7fb0eaef3000-7fb0eaef6000 ---p 00000000 00:00 0 
7fb0eaef6000-7fb0eaff4000 rw-p 00000000 00:00 0 
7fb0eaff4000-7fb0eaff7000 ---p 00000000 00:00 0 
7fb0eaff7000-7fb0eb0f5000 rw-p 00000000 00:00 0 
7fb0eb0f5000-7fb0eb0f8000 ---p 00000000 00:00 0 
7fb0eb0f8000-7fb0eb1f6000 rw-p 00000000 00:00 0 
7fb0eb1f6000-7fb0eb1f9000 ---p 00000000 00:00 0 
7fb0eb1f9000-7fb0eb2f7000 rw-p 00000000 00:00 0 
7fb0eb2f7000-7fb0eb2fa000 ---p 00000000 00:00 0 
7fb0eb2fa000-7fb0eb3f8000 rw-p 00000000 00:00 0 
7fb0eb3f8000-7fb0eb3fb000 ---p 00000000 00:00 0 
7fb0eb3fb000-7fb0eb4f9000 rw-p 00000000 00:00 0 
7fb0eb4f9000-7fb0eb4fc000 ---p 00000000 00:00 0 
7fb0eb4fc000-7fb0eb5fa000 rw-p 00000000 00:00 0 
7fb0eb5fa000-7fb0eb5fd000 ---p 00000000 00:00 0 
7fb0eb5fd000-7fb0eb6fb000 rw-p 00000000 00:00 0 
7fb0eb6fb000-7fb0eb6fe000 ---p 00000000 00:00 0 
7fb0eb6fe000-7fb0eb7fc000 rw-p 00000000 00:00 0 
7fb0eb7fc000-7fb0eb7ff000 ---p 00000000 00:00 0 
7fb0eb7ff000-7fb0eb8fd000 rw-p 00000000 00:00 0 
7fb0eb8fd000-7fb0eb900000 ---p 00000000 00:00 0 
7fb0eb900000-7fb0ebbfe000 rw-p 00000000 00:00 0 
7fb0ebbfe000-7fb0ebc01000 ---p 00000000 00:00 0 
7fb0ebc01000-7fb0ebeff000 rw-p 00000000 00:00 0 
7fb0ebeff000-7fb0ebf02000 ---p 00000000 00:00 0 
7fb0ebf02000-7fb0ec000000 rw-p 00000000 00:00 0 
7fb0ec000000-7fb0ec03a000 rw-p 00000000 00:00 0 
7fb0ec03a000-7fb0f0000000 ---p 00000000 00:00 0 
7fb0f0000000-7fb0f0021000 rw-p 00000000 00:00 0 
7fb0f0021000-7fb0f4000000 ---p 00000000 00:00 0 
7fb0f4000000-7fb0f4021000 rw-p 00000000 00:00 0 
7fb0f4021000-7fb0f8000000 ---p 00000000 00:00 0 
7fb0f8000000-7fb0f808a000 rw-p 00000000 00:00 0 
7fb0f808a000-7fb0fc000000 ---p 00000000 00:00 0 
7fb0fc000000-7fb0fc021000 rw-p 00000000 00:00 0 
7fb0fc021000-7fb100000000 ---p 00000000 00:00 0 
7fb100000000-7fb10004f000 rw-p 00000000 00:00 0 
7fb10004f000-7fb104000000 ---p 00000000 00:00 0 
7fb104000000-7fb104021000 rw-p 00000000 00:00 0 
7fb104021000-7fb108000000 ---p 00000000 00:00 0 
7fb108000000-7fb108026000 rw-p 00000000 00:00 0 
7fb108026000-7fb10c000000 ---p 00000000 00:00 0 
7fb10c000000-7fb10c021000 rw-p 00000000 00:00 0 
7fb10c021000-7fb110000000 ---p 00000000 00:00 0 
7fb110000000-7fb11002b000 rw-p 00000000 00:00 0 
7fb11002b000-7fb114000000 ---p 00000000 00:00 0 
7fb114000000-7fb114131000 rw-p 00000000 00:00 0 
7fb114131000-7fb118000000 ---p 00000000 00:00 0 
7fb118000000-7fb118021000 rw-p 00000000 00:00 0 
7fb118021000-7fb11c000000 ---p 00000000 00:00 0 
7fb11c000000-7fb11c021000 rw-p 00000000 00:00 0 
7fb11c021000-7fb120000000 ---p 00000000 00:00 0 
7fb120000000-7fb120021000 rw-p 00000000 00:00 0 
7fb120021000-7fb124000000 ---p 00000000 00:00 0 
7fb124000000-7fb125533000 rw-p 00000000 00:00 0 
7fb125533000-7fb128000000 ---p 00000000 00:00 0 
7fb128000000-7fb128021000 rw-p 00000000 00:00 0 
7fb128021000-7fb12c000000 ---p 00000000 00:00 0 
7fb12c000000-7fb130000000 rw-p 00000000 00:00 0 
7fb130000000-7fb133d52000 rw-p 00000000 00:00 0 
7fb133d52000-7fb134000000 ---p 00000000 00:00 0 
7fb134000000-7fb13427e000 rw-p 00000000 00:00 0 
7fb13427e000-7fb138000000 ---p 00000000 00:00 0 
7fb138000000-7fb1380af000 rw-p 00000000 00:00 0 
7fb1380af000-7fb13c000000 ---p 00000000 00:00 0 
7fb13c000000-7fb13c021000 rw-p 00000000 00:00 0 
7fb13c021000-7fb140000000 ---p 00000000 00:00 0 
7fb140000000-7fb140333000 rw-p 00000000 00:00 0 
7fb140333000-7fb144000000 ---p 00000000 00:00 0 
7fb144000000-7fb144293000 rw-p 00000000 00:00 0 
7fb144293000-7fb148000000 ---p 00000000 00:00 0 
7fb148000000-7fb148021000 rw-p 00000000 00:00 0 
7fb148021000-7fb14c000000 ---p 00000000 00:00 0 
7fb14c000000-7fb14c021000 rw-p 00000000 00:00 0 
7fb14c021000-7fb150000000 ---p 00000000 00:00 0 
7fb150000000-7fb1517d9000 rw-p 00000000 00:00 0 
7fb1517d9000-7fb154000000 ---p 00000000 00:00 0 
7fb154000000-7fb154021000 rw-p 00000000 00:00 0 
7fb154021000-7fb158000000 ---p 00000000 00:00 0 
7fb158018000-7fb15801b000 ---p 00000000 00:00 0 
7fb15801b000-7fb158119000 rw-p 00000000 00:00 0 
7fb158119000-7fb15811c000 ---p 00000000 00:00 0 
7fb15811c000-7fb15821a000 rw-p 00000000 00:00 0 
7fb15821a000-7fb15821d000 ---p 00000000 00:00 0 
7fb15821d000-7fb15831b000 rw-p 00000000 00:00 0 
7fb15831b000-7fb15831e000 ---p 00000000 00:00 0 
7fb15831e000-7fb15841c000 rw-p 00000000 00:00 0 
7fb15841c000-7fb15841f000 ---p 00000000 00:00 0 
7fb15841f000-7fb15851d000 rw-p 00000000 00:00 0 
7fb15851d000-7fb158520000 ---p 00000000 00:00 0 
7fb158520000-7fb15861e000 rw-p 00000000 00:00 0 
7fb15861e000-7fb158621000 ---p 00000000 00:00 0 
7fb158621000-7fb15871f000 rw-p 00000000 00:00 0 
7fb15871f000-7fb158722000 ---p 00000000 00:00 0 
7fb158722000-7fb158820000 rw-p 00000000 00:00 0 
7fb158820000-7fb158823000 ---p 00000000 00:00 0 
7fb158823000-7fb158921000 rw-p 00000000 00:00 0 
7fb158921000-7fb158924000 ---p 00000000 00:00 0 
7fb158924000-7fb158a22000 rw-p 00000000 00:00 0 
7fb158a22000-7fb158a25000 ---p 00000000 00:00 0 
7fb158a25000-7fb158b23000 rw-p 00000000 00:00 0 
7fb158b23000-7fb158b26000 ---p 00000000 00:00 0 
7fb158b26000-7fb158c24000 rw-p 00000000 00:00 0 
7fb158c24000-7fb158c27000 ---p 00000000 00:00 0 
7fb158c27000-7fb158d25000 rw-p 00000000 00:00 0 
7fb158d25000-7fb158d28000 ---p 00000000 00:00 0 
7fb158d28000-7fb159026000 rw-p 00000000 00:00 0 
7fb159026000-7fb159029000 ---p 00000000 00:00 0 
7fb159029000-7fb159127000 rw-p 00000000 00:00 0 
7fb159127000-7fb15912a000 ---p 00000000 00:00 0 
7fb15912a000-7fb159228000 rw-p 00000000 00:00 0 
7fb159228000-7fb15922b000 ---p 00000000 00:00 0 
7fb15922b000-7fb159329000 rw-p 00000000 00:00 0 
7fb159329000-7fb15932c000 ---p 00000000 00:00 0 
7fb15932c000-7fb15942a000 rw-p 00000000 00:00 0 
7fb15942a000-7fb15942d000 ---p 00000000 00:00 0 
7fb15942d000-7fb15972b000 rw-p 00000000 00:00 0 
7fb15972b000-7fb15972e000 ---p 00000000 00:00 0 
7fb15972e000-7fb15982c000 rw-p 00000000 00:00 0 
7fb15982c000-7fb15982f000 ---p 00000000 00:00 0 
7fb15982f000-7fb15992d000 rw-p 00000000 00:00 0 
7fb15992d000-7fb159930000 ---p 00000000 00:00 0 
7fb159930000-7fb159a2e000 rw-p 00000000 00:00 0 
7fb159a2e000-7fb159a31000 ---p 00000000 00:00 0 
7fb159a31000-7fb159b2f000 rw-p 00000000 00:00 0 
7fb159b2f000-7fb159b32000 ---p 00000000 00:00 0 
7fb159b32000-7fb159c30000 rw-p 00000000 00:00 0 
7fb159c30000-7fb159c33000 ---p 00000000 00:00 0 
7fb159c33000-7fb159f31000 rw-p 00000000 00:00 0 
7fb159f31000-7fb159f34000 ---p 00000000 00:00 0 
7fb159f34000-7fb15a032000 rw-p 00000000 00:00 0 
7fb15a032000-7fb15a035000 ---p 00000000 00:00 0 
7fb15a035000-7fb15a133000 rw-p 00000000 00:00 0 
7fb15a133000-7fb15a136000 ---p 00000000 00:00 0 
7fb15a136000-7fb15a434000 rw-p 00000000 00:00 0 
7fb15a434000-7fb15a634000 rw-p 00000000 00:00 0 
7fb15a634000-7fb15a834000 rw-p 00000000 00:00 0 
7fb15a834000-7fb15a8ca000 r--s 01102000 fd:02 2100425                    /home/ike/soft/jdk1.8/jre/lib/ext/jfxrt.jar
7fb15a8ca000-7fb15a8cd000 ---p 00000000 00:00 0 
7fb15a8cd000-7fb15a9cb000 rw-p 00000000 00:00 0 
7fb15a9cb000-7fb15a9ce000 ---p 00000000 00:00 0 
7fb15a9ce000-7fb15accc000 rw-p 00000000 00:00 0 
7fb15accc000-7fb15aec2000 rw-p 00000000 00:00 0 
7fb15aec2000-7fb15aecc000 ---p 00000000 00:00 0 
7fb15aecc000-7fb15b0cc000 rw-p 00000000 00:00 0 
7fb15b0cc000-7fb15b2cc000 rw-p 00000000 00:00 0 
7fb15b2cc000-7fb15b2cf000 ---p 00000000 00:00 0 
7fb15b2cf000-7fb15b3cd000 rw-p 00000000 00:00 0 
7fb15b3cd000-7fb15b3d0000 ---p 00000000 00:00 0 
7fb15b3d0000-7fb15b6ce000 rw-p 00000000 00:00 0 
7fb15b6ce000-7fb15b6d1000 ---p 00000000 00:00 0 
7fb15b6d1000-7fb15b7cf000 rw-p 00000000 00:00 0 
7fb15b7cf000-7fb15b7e0000 r-xp 00000000 fd:02 2100229                    /home/ike/soft/jdk1.8/jre/lib/amd64/libnio.so
7fb15b7e0000-7fb15b9df000 ---p 00011000 fd:02 2100229                    /home/ike/soft/jdk1.8/jre/lib/amd64/libnio.so
7fb15b9df000-7fb15b9e0000 rw-p 00010000 fd:02 2100229                    /home/ike/soft/jdk1.8/jre/lib/amd64/libnio.so
7fb15b9e0000-7fb15b9f6000 r-xp 00000000 fd:02 2100243                    /home/ike/soft/jdk1.8/jre/lib/amd64/libnet.so
7fb15b9f6000-7fb15bbf6000 ---p 00016000 fd:02 2100243                    /home/ike/soft/jdk1.8/jre/lib/amd64/libnet.so
7fb15bbf6000-7fb15bbf7000 rw-p 00016000 fd:02 2100243                    /home/ike/soft/jdk1.8/jre/lib/amd64/libnet.so
7fb15bbf7000-7fb15bc00000 r-xp 00000000 fd:02 2100283                    /home/ike/soft/jdk1.8/jre/lib/amd64/libmanagement.so
7fb15bc00000-7fb15bdff000 ---p 00009000 fd:02 2100283                    /home/ike/soft/jdk1.8/jre/lib/amd64/libmanagement.so
7fb15bdff000-7fb15be00000 rw-p 00008000 fd:02 2100283                    /home/ike/soft/jdk1.8/jre/lib/amd64/libmanagement.so
7fb15be00000-7fb15c000000 rw-p 00000000 00:00 0 
7fb15c000000-7fb15c021000 rw-p 00000000 00:00 0 
7fb15c021000-7fb160000000 ---p 00000000 00:00 0 
7fb160080000-7fb160280000 rw-p 00000000 00:00 0 
7fb160280000-7fb164000000 rw-p 00000000 00:00 0 
7fb164000000-7fb164021000 rw-p 00000000 00:00 0 
7fb164021000-7fb168000000 ---p 00000000 00:00 0 
7fb168073000-7fb168089000 r-xp 00000000 fd:00 2890778                    /usr/lib64/libgcc_s-6.3.1-20161221.so.1
7fb168089000-7fb168288000 ---p 00016000 fd:00 2890778                    /usr/lib64/libgcc_s-6.3.1-20161221.so.1
7fb168288000-7fb168289000 r--p 00015000 fd:00 2890778                    /usr/lib64/libgcc_s-6.3.1-20161221.so.1
7fb168289000-7fb16828a000 rw-p 00016000 fd:00 2890778                    /usr/lib64/libgcc_s-6.3.1-20161221.so.1
7fb16828a000-7fb1682bc000 r-xp 00000000 fd:02 2100254                    /home/ike/soft/jdk1.8/jre/lib/amd64/libsunec.so
7fb1682bc000-7fb1684bb000 ---p 00032000 fd:02 2100254                    /home/ike/soft/jdk1.8/jre/lib/amd64/libsunec.so
7fb1684bb000-7fb1684c1000 rw-p 00031000 fd:02 2100254                    /home/ike/soft/jdk1.8/jre/lib/amd64/libsunec.so
7fb1684c1000-7fb1686d1000 rw-p 00000000 00:00 0 
7fb1686d1000-7fb1688d1000 rw-p 00000000 00:00 0 
7fb1688d1000-7fb168ad1000 rw-p 00000000 00:00 0 
7fb168ad1000-7fb168cd1000 rw-p 00000000 00:00 0 
7fb168cd1000-7fb168ed1000 rw-p 00000000 00:00 0 
7fb168f16000-7fb168f1c000 r--s 0003f000 fd:02 2100426                    /home/ike/soft/jdk1.8/jre/lib/ext/sunjce_provider.jar
7fb168f1c000-7fb168f1d000 r--s 00009000 fd:02 2100423                    /home/ike/soft/jdk1.8/jre/lib/ext/sunec.jar
7fb168f1d000-7fb168f21000 r--s 0003a000 fd:02 2100420                    /home/ike/soft/jdk1.8/jre/lib/ext/sunpkcs11.jar
7fb168f21000-7fb168f25000 r--s 00097000 fd:02 2100406                    /home/ike/soft/jdk1.8/jre/lib/jsse.jar
7fb168f25000-7fb168f2a000 r--s 002f9000 fd:02 2100432                    /home/ike/soft/jdk1.8/jre/lib/charsets.jar
7fb168f2a000-7fb168f2d000 r--s 0001a000 fd:02 2100204                    /home/ike/soft/jdk1.8/jre/lib/jce.jar
7fb168f2d000-7fb16912d000 rw-p 00000000 00:00 0 
7fb16912d000-7fb169137000 r--s 00116000 fd:02 2100424                    /home/ike/soft/jdk1.8/jre/lib/ext/localedata.jar
7fb169137000-7fb169138000 ---p 00000000 00:00 0 
7fb169138000-7fb169238000 rw-p 00000000 00:00 0 
7fb169238000-7fb16923b000 ---p 00000000 00:00 0 
7fb16923b000-7fb169339000 rw-p 00000000 00:00 0 
7fb169339000-7fb16933c000 ---p 00000000 00:00 0 
7fb16933c000-7fb16943a000 rw-p 00000000 00:00 0 
7fb16943a000-7fb16943d000 ---p 00000000 00:00 0 
7fb16943d000-7fb16953b000 rw-p 00000000 00:00 0 
7fb16953b000-7fb16953e000 ---p 00000000 00:00 0 
7fb16953e000-7fb16963c000 rw-p 00000000 00:00 0 
7fb16963c000-7fb16963e000 r--s 0000a000 fd:02 2103023                    /home/ike/soft/idea-IU-171.4424.56/plugins/Groovy/lib/agent/gragent.jar
7fb16963e000-7fb169640000 r--s 0001a000 fd:02 2102710                    /home/ike/soft/idea-IU-171.4424.56/lib/idea_rt.jar
7fb169640000-7fb169659000 r--s 0012c000 fd:02 6423561                    /home/ike/.gradle/caches/modules-2/files-2.1/io.netty/netty/3.10.5.Final/9ca7d55d246092bddd29b867706e2f6c7db701a0/netty-3.10.5.Final.jar
7fb169659000-7fb16965b000 r--s 00014000 fd:02 3539264                    /home/ike/.m2/repository/jline/jline/0.9.94/jline-0.9.94.jar
7fb16965b000-7fb16965c000 r--s 00002000 fd:02 3015918                    /home/ike/.m2/repository/org/slf4j/slf4j-log4j12/1.6.1/slf4j-log4j12-1.6.1.jar
7fb16965c000-7fb16965e000 r--s 0000c000 fd:02 3670899                    /home/ike/.m2/repository/org/ow2/asm/asm/5.0.4/asm-5.0.4.jar
7fb16965e000-7fb16965f000 r--s 00000000 fd:02 4459279                    /home/ike/.gradle/caches/modules-2/files-2.1/javax.inject/javax.inject/1/6975da39a7040257bd51d21a231b76c915872d38/javax.inject-1.jar
7fb16965f000-7fb169660000 r--s 00001000 fd:02 4459277                    /home/ike/.gradle/caches/modules-2/files-2.1/javax.annotation/jsr250-api/1.0/5025422767732a1ab45d93abfea846513d742dcf/jsr250-api-1.0.jar
7fb169660000-7fb169661000 r--s 00001000 fd:02 4459275                    /home/ike/.gradle/caches/modules-2/files-2.1/org.jboss.spec.javax.interceptor/jboss-interceptors-api_1.1_spec/1.0.0.Beta1/8cb388fd3b4912373da7a18e199bb55aa52aa5c1/jboss-interceptors-api_1.1_spec-1.0.0.Beta1.jar
7fb169661000-7fb169663000 r--s 00007000 fd:02 4459273                    /home/ike/.gradle/caches/modules-2/files-2.1/javax.el/el-api/2.2/42971279cc8ba864462580c7fc2199fd5715ee7f/el-api-2.2.jar
7fb169663000-7fb169665000 r--s 00005000 fd:02 2234244                    /home/ike/.m2/repository/stax/stax-api/1.0.1/stax-api-1.0.1.jar
7fb169665000-7fb169667000 r--s 0000b000 fd:02 2624367                    /home/ike/.m2/repository/org/objenesis/objenesis/2.2/objenesis-2.2.jar
7fb169667000-7fb169668000 r--s 00001000 fd:02 3670910                    /home/ike/.m2/repository/com/esotericsoftware/minlog/1.3.0/minlog-1.3.0.jar
7fb169668000-7fb16966a000 r--s 00004000 fd:02 3670897                    /home/ike/.m2/repository/com/esotericsoftware/reflectasm/1.11.3/reflectasm-1.11.3.jar
7fb16966a000-7fb16966e000 r--s 0000e000 fd:02 4459271                    /home/ike/.gradle/caches/modules-2/files-2.1/javax.enterprise/cdi-api/1.1/78b1feee99b05a78575fb2fd79fb77be5e74420d/cdi-api-1.1.jar
7fb16966e000-7fb169671000 r--s 0002b000 fd:02 4459269                    /home/ike/.gradle/caches/modules-2/files-2.1/org.jboss/jandex/2.0.0.Final/3e899258936f94649c777193e1be846387ed54b3/jandex-2.0.0.Final.jar
7fb169671000-7fb169676000 r--s 00068000 fd:02 2103485                    /home/ike/.m2/repository/antlr/antlr/2.7.7/antlr-2.7.7.jar
7fb169676000-7fb169678000 r--s 00100000 fd:02 6423559                    /home/ike/.gradle/caches/modules-2/files-2.1/org.xerial.snappy/snappy-java/1.1.2.6/48d92871ca286a47f230feb375f0bbffa83b85f6/snappy-java-1.1.2.6.jar
7fb169678000-7fb16967a000 r--s 00038000 fd:02 6293201                    /home/ike/.gradle/caches/modules-2/files-2.1/net.jpountz.lz4/lz4/1.3.0/c708bb2590c0652a642236ef45d9f99ff842a2ce/lz4-1.3.0.jar
7fb16967a000-7fb1696b8000 r--s 0025d000 fd:02 2234241                    /home/ike/.m2/repository/org/apache/xmlbeans/xmlbeans/2.6.0/xmlbeans-2.6.0.jar
7fb1696b8000-7fb1696c0000 r--s 00048000 fd:02 3670895                    /home/ike/.m2/repository/com/esotericsoftware/kryo/4.0.0/kryo-4.0.0.jar
7fb1696c0000-7fb1696c1000 r--s 00003000 fd:02 3540889                    /home/ike/.m2/repository/org/apache/geronimo/specs/geronimo-jta_1.1_spec/1.1.1/geronimo-jta_1.1_spec-1.1.1.jar
7fb1696c1000-7fb1696cb000 r--s 000ae000 fd:02 3145958                    /home/ike/.m2/repository/org/javassist/javassist/3.20.0-GA/javassist-3.20.0-GA.jar
7fb1696cb000-7fb1696d0000 r--s 00048000 fd:02 3801997                    /home/ike/.m2/repository/dom4j/dom4j/1.6.1/dom4j-1.6.1.jar
7fb1696d0000-7fb1696d4000 r--s 0000c000 fd:02 3540885                    /home/ike/.m2/repository/javax/validation/validation-api/1.1.0.Final/validation-api-1.1.0.Final.jar
7fb1696d4000-7fb1696d6000 r--s 0000f000 fd:02 4459850                    /home/ike/.m2/repository/javax/activation/activation/1.1.1/activation-1.1.1.jar
7fb1696d6000-7fb1696de000 r--s 00084000 fd:02 4459846                    /home/ike/.m2/repository/com/sun/mail/javax.mail/1.5.2/javax.mail-1.5.2.jar
7fb1696de000-7fb169751000 r--s 0065b000 fd:02 6168214                    /home/ike/.gradle/caches/modules-2/files-2.1/org.scala-lang/scala-library/2.10.6/421989aa8f95a05a4f894630aad96b8c7b828732/scala-library-2.10.6.jar
7fb169751000-7fb169754000 r--s 00011000 fd:02 4861372                    /home/ike/.gradle/caches/modules-2/files-2.1/net.sf.jopt-simple/jopt-simple/5.0.3/cdd846cfc4e0f7eefafc02c0f5dce32b9303aa2a/jopt-simple-5.0.3.jar
7fb169754000-7fb16975c000 r--s 00048000 fd:02 3807593                    /home/ike/.gradle/caches/modules-2/files-2.1/org.apache.httpcomponents/httpcore/4.4.6/e3fd8ced1f52c7574af952e2e6da0df8df08eb82/httpcore-4.4.6.jar
7fb16975c000-7fb169760000 r--s 00015000 fd:02 3542611                    /home/ike/.gradle/caches/modules-2/files-2.1/com.github.virtuald/curvesapi/1.04/3386abf821719bc89c7685f9eaafaf4a842f0199/curvesapi-1.04.jar
7fb169760000-7fb16981a000 r--s 004e0000 fd:02 7867893                    /home/ike/.gradle/caches/modules-2/files-2.1/org.apache.poi/poi-ooxml-schemas/3.16/9828a49307fc6bebfd42185b677d88b6e4994c63/poi-ooxml-schemas-3.16.jar
7fb16981a000-7fb16982a000 r--s 000a8000 fd:02 3542609                    /home/ike/.gradle/caches/modules-2/files-2.1/org.apache.commons/commons-collections4/4.1/a4cf4688fe1c7e3a63aa636cc96d013af537768e/commons-collections4-4.1.jar
7fb16982a000-7fb169831000 r--s 0003f000 fd:02 4196565                    /home/ike/.m2/repository/commons-codec/commons-codec/1.10/commons-codec-1.10.jar
7fb169831000-7fb16983a000 r--s 0006f000 fd:02 3670891                    /home/ike/.m2/repository/log4j/log4j/1.2.17/log4j-1.2.17.jar
7fb16983a000-7fb169852000 r--s 001bf000 fd:02 3670928                    /home/ike/.m2/repository/org/aspectj/aspectjweaver/1.8.10/aspectjweaver-1.8.10.jar
7fb169852000-7fb16985c000 r--s 00098000 fd:02 3671156                    /home/ike/.m2/repository/org/quartz-scheduler/quartz/2.2.3/quartz-2.2.3.jar
7fb16985c000-7fb169861000 r--s 00029000 fd:02 3671151                    /home/ike/.m2/repository/org/springframework/spring-context-support/4.3.5.RELEASE/spring-context-support-4.3.5.RELEASE.jar
7fb169861000-7fb169871000 r--s 000b2000 fd:02 3147507                    /home/ike/.m2/repository/org/jboss/netty/netty/3.2.5.Final/netty-3.2.5.Final.jar
7fb169871000-7fb169873000 r--s 0000e000 fd:02 3146093                    /home/ike/.m2/repository/commons-logging/commons-logging/1.2/commons-logging-1.2.jar
7fb169873000-7fb169876000 r--s 00019000 fd:02 3808679                    /home/ike/.gradle/caches/modules-2/files-2.1/org.apache.commons/commons-pool2/2.4.2/e5f4f28f19d57716fbc3989d7a357ebf1e454fea/commons-pool2-2.4.2.jar
7fb169876000-7fb16994d000 r--s 007a9000 fd:02 6293761                    /home/ike/.gradle/caches/modules-2/files-2.1/net.sf.ehcache/ehcache/2.10.3/cf74f9a4a049f181833b147a1d9aa62159c9d01d/ehcache-2.10.3.jar
7fb16994d000-7fb16994f000 r--s 0000f000 fd:02 3672160                    /home/ike/.m2/repository/org/jboss/logging/jboss-logging/3.3.0.Final/jboss-logging-3.3.0.Final.jar
7fb16994f000-7fb169952000 r--s 00010000 fd:02 4459261                    /home/ike/.gradle/caches/modules-2/files-2.1/org.hibernate.common/hibernate-commons-annotations/5.0.1.Final/71e1cff3fcb20d3b3af4f3363c3ddb24d33c6879/hibernate-commons-annotations-5.0.1.Final.jar
7fb169952000-7fb169954000 r--s 00003000 fd:02 4588021                    /home/ike/.gradle/caches/modules-2/files-2.1/org.slf4j/jcl-over-slf4j/1.7.22/86ceac14535af5a42c8fb0d06d79b925dd3cb263/jcl-over-slf4j-1.7.22.jar
7fb169954000-7fb16995c000 r--s 0003a000 fd:02 3671152                    /home/ike/.m2/repository/org/springframework/spring-tx/4.3.5.RELEASE/spring-tx-4.3.5.RELEASE.jar
7fb16995c000-7fb169960000 r--s 00019000 fd:02 4587747                    /home/ike/.gradle/caches/modules-2/files-2.1/org.aspectj/aspectjrt/1.8.9/87372d9e2323313bec24b09a325bfea8ae0eb867/aspectjrt-1.8.9.jar
7fb169960000-7fb16996a000 r--s 00068000 fd:02 4587743                    /home/ike/.gradle/caches/modules-2/files-2.1/org.springframework/spring-orm/4.2.8.RELEASE/43b557f5025782616f791dbd720b4a606eeca1bf/spring-orm-4.2.8.RELEASE.jar
7fb16996a000-7fb169981000 r--s 000fb000 fd:02 6424510                    /home/ike/.gradle/caches/modules-2/files-2.1/org.springframework/spring-core/4.3.7.RELEASE/54fa2db94cc7222edc90ec71354e47cd1dc07f7b/spring-core-4.3.7.RELEASE.jar
7fb169981000-7fb169986000 r--s 0003c000 fd:02 6554776                    /home/ike/.gradle/caches/modules-2/files-2.1/org.springframework/spring-expression/4.3.7.RELEASE/5257b6486e43d8c05674323fea5b415d4da72f38/spring-expression-4.3.7.RELEASE.jar
7fb169986000-7fb169994000 r--s 000ad000 fd:02 6424518                    /home/ike/.gradle/caches/modules-2/files-2.1/org.springframework/spring-beans/4.3.7.RELEASE/2de9f59f3202965438f3a02057d6ad8274636044/spring-beans-4.3.7.RELEASE.jar
7fb169994000-7fb16999d000 r--s 00054000 fd:02 6554774                    /home/ike/.gradle/caches/modules-2/files-2.1/org.springframework/spring-aop/4.3.7.RELEASE/3f243d685e4a8a78a0c291445c6d85560ec4d339/spring-aop-4.3.7.RELEASE.jar
7fb16999d000-7fb1699a0000 r--s 0000c000 fd:02 3671062                    /home/ike/.m2/repository/org/mengyun/tcc-transaction-core/1.1.5/tcc-transaction-core-1.1.5.jar
7fb1699a0000-7fb1699a2000 r--s 0000b000 fd:02 4331416                    /home/ike/.m2/repository/org/apache/commons/commons-email/1.4/commons-email-1.4.jar
7fb1699a2000-7fb1699af000 r--s 000aa000 fd:02 3807591                    /home/ike/.gradle/caches/modules-2/files-2.1/org.apache.httpcomponents/httpclient/4.5.3/d1577ae15f01ef5438c5afc62162457c00a34713/httpclient-4.5.3.jar
7fb1699af000-7fb1699db000 r--s 00263000 fd:02 7867889                    /home/ike/.gradle/caches/modules-2/files-2.1/org.apache.poi/poi/3.16/ad21c123ee5d6b5b2a8f0d4ed23b3ffe6759a889/poi-3.16.jar
7fb1699db000-7fb1699ee000 r--s 0014c000 fd:02 7867891                    /home/ike/.gradle/caches/modules-2/files-2.1/org.apache.poi/poi-ooxml/3.16/76e20fe22404cc4da55ddfdaaaadee32bbfa3bdd/poi-ooxml-3.16.jar
7fb1699ee000-7fb1699f1000 r--s 00015000 fd:02 3807983                    /home/ike/.m2/repository/javax/servlet/javax.servlet-api/3.1.0/javax.servlet-api-3.1.0.jar
7fb1699f1000-7fb169a0f000 r--s 00143000 fd:02 3670645                    /home/ike/.m2/repository/com/alibaba/dubbo/2.5.4-SNAPSHOT/dubbo-2.5.4-SNAPSHOT.jar
7fb169a0f000-7fb169a11000 r--s 0000e000 fd:02 4459297                    /home/ike/.gradle/caches/modules-2/files-2.1/com.fasterxml/classmate/1.3.3/864c8e370a691e343210cc7c532fc198cee460d8/classmate-1.3.3.jar
7fb169a11000-7fb169a23000 r--s 000a7000 fd:02 3670135                    /home/ike/.gradle/caches/modules-2/files-2.1/org.hibernate/hibernate-validator/5.4.0.Final/2076cbd5719e4182a75ab32e7186deb0ca5ac376/hibernate-validator-5.4.0.Final.jar
7fb169a23000-7fb169a52000 r--s 00239000 fd:02 5376285                    /home/ike/.gradle/caches/modules-2/files-2.1/com.google.guava/guava/21.0/3a3d111be1be1b745edfa7d91678a12d7ed38709/guava-21.0.jar
7fb169a52000-7fb169a57000 r--s 00061000 fd:02 3670330                    /home/ike/.gradle/caches/modules-2/files-2.1/com.alibaba/fastjson/1.2.23/be2508e9bac203c38f3f52fc8d33332c4e7ee6c5/fastjson-1.2.23.jar
7fb169a57000-7fb169a59000 r--s 00010000 fd:02 7733449                    /home/ike/.gradle/caches/modules-2/files-2.1/javax.el/javax.el-api/3.0.1-b04/8c0c970b8deae5054ff0bf4b17979c8181a506d3/javax.el-api-3.0.1-b04.jar
7fb169a59000-7fb169a5c000 r--s 0001a000 fd:02 7733451                    /home/ike/.gradle/caches/modules-2/files-2.1/org.glassfish.web/javax.el/2.2.6/232abfe1f919127e9cfcd6e4e2c6324bb394535/javax.el-2.2.6.jar
7fb169a5c000-7fb169a68000 r--s 0007c000 fd:02 4590155                    /home/ike/.gradle/caches/modules-2/files-2.1/redis.clients/jedis/2.9.0/292bc9cc26553acd3cccc26f2f95620bf88a04c2/jedis-2.9.0.jar
7fb169a68000-7fb169a6b000 r--s 00020000 fd:02 6168744                    /home/ike/.gradle/caches/modules-2/files-2.1/org.hibernate/hibernate-ehcache/5.2.4.Final/f70147c655b970ca70e3913f91880da6d264fe68/hibernate-ehcache-5.2.4.Final.jar
7fb169a6b000-7fb169a7c000 r--s 0009a000 fd:02 6424506                    /home/ike/.gradle/caches/modules-2/files-2.1/org.springframework.data/spring-data-commons/1.12.8.RELEASE/827a994d703ad9916b694d17401d8bf78bd773f9/spring-data-commons-1.12.8.RELEASE.jar
7fb169a7c000-7fb169a86000 r--s 0005f000 fd:02 3671148                    /home/ike/.m2/repository/org/springframework/spring-jdbc/4.3.5.RELEASE/spring-jdbc-4.3.5.RELEASE.jar
7fb169a86000-7fb169a8d000 r--s 0003e000 fd:02 4587735                    /home/ike/.gradle/caches/modules-2/files-2.1/org.springframework.data/spring-data-jpa/1.10.3.RELEASE/fc31fbdb8ff777d29077ac53a616f11c2c0df59/spring-data-jpa-1.10.3.RELEASE.jar
7fb169a8d000-7fb169aa7000 r--s 000fd000 fd:02 6424513                    /home/ike/.gradle/caches/modules-2/files-2.1/org.springframework/spring-context/4.3.7.RELEASE/34b66b0b7910122ef95ba4fff6da9238ef80a5de/spring-context-4.3.7.RELEASE.jar
7fb169aa7000-7fb169abe000 r--s 001b7000 fd:02 4587733                    /home/ike/.gradle/caches/modules-2/files-2.1/mysql/mysql-connector-java/6.0.5/9d8df5a1f3273110f2a9ad304961bdd03d696d86/mysql-connector-java-6.0.5.jar
7fb169abe000-7fb169ac2000 r--s 0002f000 fd:02 3670137                    /home/ike/.gradle/caches/modules-2/files-2.1/commons-io/commons-io/2.5/2852e6e05fbb95076fc091f6d1780f1f8fe35e0f/commons-io-2.5.jar
7fb169ac2000-7fb169ac4000 r--s 00009000 fd:02 4460443                    /home/ike/.gradle/caches/modules-2/files-2.1/org.slf4j/slf4j-api/1.7.24/3f6b4bd4f8dbe8d4bea06d107a3826469b85c3e9/slf4j-api-1.7.24.jar
7fb169ac4000-7fb169ad1000 r--s 000b9000 fd:02 6293199                    /home/ike/.gradle/caches/modules-2/files-2.1/org.apache.zookeeper/zookeeper/3.4.9/cbd9135689d6622a411e1e9b0ce880b502be5277/zookeeper-3.4.9.jar
7fb169ad1000-7fb169ad4000 r--s 00010000 fd:02 4587590                    /home/ike/.gradle/caches/modules-2/files-2.1/com.101tec/zkclient/0.10/c54d4b5a5e89af75a80b6d5857400165ce5188d0/zkclient-0.10.jar
7fb169ad4000-7fb169ad7000 r--s 00012000 fd:02 4985769                    /home/ike/.gradle/caches/modules-2/files-2.1/com.yammer.metrics/metrics-core/2.2.0/f82c035cfa786d3cbec362c38c22a5f5b1bc8724/metrics-core-2.2.0.jar
7fb169ad7000-7fb169b3a000 r--s 004f1000 fd:02 4588675                    /home/ike/.gradle/caches/modules-2/files-2.1/org.apache.kafka/kafka_2.10/0.10.2.0/eca9a789b4df7441796636bfb7e0f9210cae8b1e/kafka_2.10-0.10.2.0.jar
7fb169b3a000-7fb169b5c000 r--s 001e6000 fd:02 4587737                    /home/ike/.gradle/caches/modules-2/files-2.1/com.alibaba/druid/1.0.26/f4bc6159b34e4cda5abd6480203492b470aa1a36/druid-1.0.26.jar
7fb169b5c000-7fb169b5f000 ---p 00000000 00:00 0 
7fb169b5f000-7fb169c5d000 rw-p 00000000 00:00 0 
7fb169c5d000-7fb169c60000 ---p 00000000 00:00 0 
7fb169c60000-7fb169d5e000 rw-p 00000000 00:00 0 
7fb169d5e000-7fb169d61000 ---p 00000000 00:00 0 
7fb169d61000-7fb169e5f000 rw-p 00000000 00:00 0 
7fb169e5f000-7fb169e63000 r-xp 00000000 fd:02 2100248                    /home/ike/soft/jdk1.8/jre/lib/amd64/libdt_socket.so
7fb169e63000-7fb16a062000 ---p 00004000 fd:02 2100248                    /home/ike/soft/jdk1.8/jre/lib/amd64/libdt_socket.so
7fb16a062000-7fb16a063000 rw-p 00003000 fd:02 2100248                    /home/ike/soft/jdk1.8/jre/lib/amd64/libdt_socket.so
7fb16a063000-7fb16a066000 ---p 00000000 00:00 0 
7fb16a066000-7fb16a164000 rw-p 00000000 00:00 0 
7fb16a164000-7fb16a167000 ---p 00000000 00:00 0 
7fb16a167000-7fb16a265000 rw-p 00000000 00:00 0 
7fb16a265000-7fb16a268000 ---p 00000000 00:00 0 
7fb16a268000-7fb16a366000 rw-p 00000000 00:00 0 
7fb16a366000-7fb16a367000 ---p 00000000 00:00 0 
7fb16a367000-7fb16a467000 rw-p 00000000 00:00 0 
7fb16a467000-7fb16bba7000 rwxp 00000000 00:00 0 
7fb16bba7000-7fb179467000 ---p 00000000 00:00 0 
7fb179467000-7fb180000000 r--p 00000000 fd:00 2885042                    /usr/lib/locale/locale-archive
7fb180000000-7fb1827ed000 rw-p 00000000 00:00 0 
7fb1827ed000-7fb184000000 ---p 00000000 00:00 0 
7fb184000000-7fb184001000 r--s 00001000 fd:02 3670688                    /home/ike/.m2/repository/org/mengyun/tcc-transaction-api/1.1.5/tcc-transaction-api-1.1.5.jar
7fb184001000-7fb184013000 r--s 000d6000 fd:02 4721438                    /home/ike/.gradle/caches/modules-2/files-2.1/org.apache.kafka/kafka-clients/0.10.2.0/c20571ff756fcf8f4a7f76fc7b23707a4c14a67d/kafka-clients-0.10.2.0.jar
7fb184013000-7fb18401b000 r--s 0006e000 fd:02 3670118                    /home/ike/.gradle/caches/modules-2/files-2.1/org.apache.commons/commons-lang3/3.5/6c6c702c89bfff3cd9e80b04d668c5e190d588c6/commons-lang3-3.5.jar
7fb18401b000-7fb184020000 r--s 00017000 fd:02 3148263                    /home/ike/.m2/repository/org/hibernate/javax/persistence/hibernate-jpa-2.1-api/1.0.0.Final/hibernate-jpa-2.1-api-1.0.0.Final.jar
7fb184020000-7fb184098000 r--s 005a9000 fd:02 4459259                    /home/ike/.gradle/caches/modules-2/files-2.1/org.hibernate/hibernate-core/5.2.4.Final/52414fccd4429d8f723996e26c61330df094d06c/hibernate-core-5.2.4.Final.jar
7fb184098000-7fb1840ab000 r--s 00345000 fd:02 2100473                    /home/ike/soft/jdk1.8/jre/lib/resources.jar
7fb1840ab000-7fb1840be000 r--s 000d6000 fd:02 2100468                    /home/ike/soft/jdk1.8/jre/lib/plugin.jar
7fb1840be000-7fb1840d9000 r--s 00208000 fd:02 2100407                    /home/ike/soft/jdk1.8/jre/lib/deploy.jar
7fb1840d9000-7fb184fe8000 rw-p 00000000 00:00 0 
7fb184fe8000-7fb1851c1000 r--s 03d29000 fd:02 2100521                    /home/ike/soft/jdk1.8/jre/lib/rt.jar
7fb1851c1000-7fb185e0f000 rw-p 00000000 00:00 0 
7fb185e0f000-7fb185e10000 ---p 00000000 00:00 0 
7fb185e10000-7fb185f10000 rw-p 00000000 00:00 0 
7fb185f10000-7fb185f11000 ---p 00000000 00:00 0 
7fb185f11000-7fb186011000 rw-p 00000000 00:00 0 
7fb186011000-7fb186012000 ---p 00000000 00:00 0 
7fb186012000-7fb186112000 rw-p 00000000 00:00 0 
7fb186112000-7fb186113000 ---p 00000000 00:00 0 
7fb186113000-7fb18623d000 rw-p 00000000 00:00 0 
7fb18623d000-7fb1864a3000 ---p 00000000 00:00 0 
7fb1864a3000-7fb1864cd000 rw-p 00000000 00:00 0 
7fb1864cd000-7fb186733000 ---p 00000000 00:00 0 
7fb186733000-7fb186871000 rw-p 00000000 00:00 0 
7fb186871000-7fb18687b000 ---p 00000000 00:00 0 
7fb18687b000-7fb1868d9000 rw-p 00000000 00:00 0 
7fb1868d9000-7fb186c3c000 ---p 00000000 00:00 0 
7fb186c3c000-7fb186c56000 r-xp 00000000 fd:02 2100263                    /home/ike/soft/jdk1.8/jre/lib/amd64/libzip.so
7fb186c56000-7fb186e56000 ---p 0001a000 fd:02 2100263                    /home/ike/soft/jdk1.8/jre/lib/amd64/libzip.so
7fb186e56000-7fb186e57000 rw-p 0001a000 fd:02 2100263                    /home/ike/soft/jdk1.8/jre/lib/amd64/libzip.so
7fb186e57000-7fb186e61000 r-xp 00000000 fd:00 2891856                    /usr/lib64/libnss_files-2.24.so
7fb186e61000-7fb187061000 ---p 0000a000 fd:00 2891856                    /usr/lib64/libnss_files-2.24.so
7fb187061000-7fb187062000 r--p 0000a000 fd:00 2891856                    /usr/lib64/libnss_files-2.24.so
7fb187062000-7fb187063000 rw-p 0000b000 fd:00 2891856                    /usr/lib64/libnss_files-2.24.so
7fb187063000-7fb187069000 rw-p 00000000 00:00 0 
7fb187069000-7fb187073000 r-xp 00000000 fd:02 2100232                    /home/ike/soft/jdk1.8/jre/lib/amd64/libinstrument.so
7fb187073000-7fb187272000 ---p 0000a000 fd:02 2100232                    /home/ike/soft/jdk1.8/jre/lib/amd64/libinstrument.so
7fb187272000-7fb187273000 rw-p 00009000 fd:02 2100232                    /home/ike/soft/jdk1.8/jre/lib/amd64/libinstrument.so
7fb187273000-7fb187275000 r-xp 00000000 fd:02 2100241                    /home/ike/soft/jdk1.8/jre/lib/amd64/libnpt.so
7fb187275000-7fb187475000 ---p 00002000 fd:02 2100241                    /home/ike/soft/jdk1.8/jre/lib/amd64/libnpt.so
7fb187475000-7fb187476000 rw-p 00002000 fd:02 2100241                    /home/ike/soft/jdk1.8/jre/lib/amd64/libnpt.so
7fb187476000-7fb1874af000 r-xp 00000000 fd:02 2100224                    /home/ike/soft/jdk1.8/jre/lib/amd64/libjdwp.so
7fb1874af000-7fb1876ae000 ---p 00039000 fd:02 2100224                    /home/ike/soft/jdk1.8/jre/lib/amd64/libjdwp.so
7fb1876ae000-7fb1876b0000 rw-p 00038000 fd:02 2100224                    /home/ike/soft/jdk1.8/jre/lib/amd64/libjdwp.so
7fb1876b0000-7fb1876da000 r-xp 00000000 fd:02 2100286                    /home/ike/soft/jdk1.8/jre/lib/amd64/libjava.so
7fb1876da000-7fb1878da000 ---p 0002a000 fd:02 2100286                    /home/ike/soft/jdk1.8/jre/lib/amd64/libjava.so
7fb1878da000-7fb1878dc000 rw-p 0002a000 fd:02 2100286                    /home/ike/soft/jdk1.8/jre/lib/amd64/libjava.so
7fb1878dc000-7fb1878e9000 r-xp 00000000 fd:02 2100257                    /home/ike/soft/jdk1.8/jre/lib/amd64/libverify.so
7fb1878e9000-7fb187ae9000 ---p 0000d000 fd:02 2100257                    /home/ike/soft/jdk1.8/jre/lib/amd64/libverify.so
7fb187ae9000-7fb187aeb000 rw-p 0000d000 fd:02 2100257                    /home/ike/soft/jdk1.8/jre/lib/amd64/libverify.so
7fb187aeb000-7fb187af2000 r-xp 00000000 fd:00 2891975                    /usr/lib64/librt-2.24.so
7fb187af2000-7fb187cf1000 ---p 00007000 fd:00 2891975                    /usr/lib64/librt-2.24.so
7fb187cf1000-7fb187cf2000 r--p 00006000 fd:00 2891975                    /usr/lib64/librt-2.24.so
7fb187cf2000-7fb187cf3000 rw-p 00007000 fd:00 2891975                    /usr/lib64/librt-2.24.so
7fb187cf3000-7fb187dfb000 r-xp 00000000 fd:00 2891438                    /usr/lib64/libm-2.24.so
7fb187dfb000-7fb187ffa000 ---p 00108000 fd:00 2891438                    /usr/lib64/libm-2.24.so
7fb187ffa000-7fb187ffb000 r--p 00107000 fd:00 2891438                    /usr/lib64/libm-2.24.so
7fb187ffb000-7fb187ffc000 rw-p 00108000 fd:00 2891438                    /usr/lib64/libm-2.24.so
7fb187ffc000-7fb188cc7000 r-xp 00000000 fd:02 2100238                    /home/ike/soft/jdk1.8/jre/lib/amd64/server/libjvm.so
7fb188cc7000-7fb188ec6000 ---p 00ccb000 fd:02 2100238                    /home/ike/soft/jdk1.8/jre/lib/amd64/server/libjvm.so
7fb188ec6000-7fb188f9f000 rw-p 00cca000 fd:02 2100238                    /home/ike/soft/jdk1.8/jre/lib/amd64/server/libjvm.so
7fb188f9f000-7fb188fea000 rw-p 00000000 00:00 0 
7fb188fea000-7fb1891a7000 r-xp 00000000 fd:00 2891285                    /usr/lib64/libc-2.24.so
7fb1891a7000-7fb1893a6000 ---p 001bd000 fd:00 2891285                    /usr/lib64/libc-2.24.so
7fb1893a6000-7fb1893aa000 r--p 001bc000 fd:00 2891285                    /usr/lib64/libc-2.24.so
7fb1893aa000-7fb1893ac000 rw-p 001c0000 fd:00 2891285                    /usr/lib64/libc-2.24.so
7fb1893ac000-7fb1893b0000 rw-p 00000000 00:00 0 
7fb1893b0000-7fb1893b3000 r-xp 00000000 fd:00 2891382                    /usr/lib64/libdl-2.24.so
7fb1893b3000-7fb1895b2000 ---p 00003000 fd:00 2891382                    /usr/lib64/libdl-2.24.so
7fb1895b2000-7fb1895b3000 r--p 00002000 fd:00 2891382                    /usr/lib64/libdl-2.24.so
7fb1895b3000-7fb1895b4000 rw-p 00003000 fd:00 2891382                    /usr/lib64/libdl-2.24.so
7fb1895b4000-7fb1895c9000 r-xp 00000000 fd:02 2098935                    /home/ike/soft/jdk1.8/lib/amd64/jli/libjli.so
7fb1895c9000-7fb1897c9000 ---p 00015000 fd:02 2098935                    /home/ike/soft/jdk1.8/lib/amd64/jli/libjli.so
7fb1897c9000-7fb1897ca000 rw-p 00015000 fd:02 2098935                    /home/ike/soft/jdk1.8/lib/amd64/jli/libjli.so
7fb1897ca000-7fb1897e2000 r-xp 00000000 fd:00 2891857                    /usr/lib64/libpthread-2.24.so
7fb1897e2000-7fb1899e2000 ---p 00018000 fd:00 2891857                    /usr/lib64/libpthread-2.24.so
7fb1899e2000-7fb1899e3000 r--p 00018000 fd:00 2891857                    /usr/lib64/libpthread-2.24.so
7fb1899e3000-7fb1899e4000 rw-p 00019000 fd:00 2891857                    /usr/lib64/libpthread-2.24.so
7fb1899e4000-7fb1899e8000 rw-p 00000000 00:00 0 
7fb1899e8000-7fb189a0d000 r-xp 00000000 fd:00 2894298                    /usr/lib64/ld-2.24.so
7fb189a0d000-7fb189a0e000 r--s 00002000 fd:02 3671205                    /home/ike/.m2/repository/org/mengyun/tcc-transaction-spring/1.1.5/tcc-transaction-spring-1.1.5.jar
7fb189a0e000-7fb189a12000 r--s 00097000 fd:02 2100406                    /home/ike/soft/jdk1.8/jre/lib/jsse.jar
7fb189a12000-7fb189a17000 r--s 00084000 fd:02 2100412                    /home/ike/soft/jdk1.8/jre/lib/jfr.jar
7fb189a17000-7fb189a21000 r--s 0006c000 fd:02 2100376                    /home/ike/soft/jdk1.8/jre/lib/javaws.jar
7fb189a21000-7fb189af2000 rw-p 00000000 00:00 0 
7fb189af2000-7fb189af5000 ---p 00000000 00:00 0 
7fb189af5000-7fb189bf5000 rw-p 00000000 00:00 0 
7fb189bf5000-7fb189bf6000 r--s 00000000 fd:02 4459257                    /home/ike/.gradle/caches/modules-2/files-2.1/org.hibernate/hibernate-entitymanager/5.2.4.Final/b5f9506bbff26ce5c75f16e568fa43d148d0f1d1/hibernate-entitymanager-5.2.4.Final.jar
7fb189bf6000-7fb189bf7000 r--s 00000000 fd:02 2100401                    /home/ike/soft/jdk1.8/jre/lib/management-agent.jar
7fb189bf7000-7fb189bf9000 r--s 00007000 fd:02 2100375                    /home/ike/soft/jdk1.8/jre/lib/jfxswt.jar
7fb189bf9000-7fb189bfc000 r--s 0001a000 fd:02 2100204                    /home/ike/soft/jdk1.8/jre/lib/jce.jar
7fb189bfc000-7fb189c01000 r--s 002f9000 fd:02 2100432                    /home/ike/soft/jdk1.8/jre/lib/charsets.jar
7fb189c01000-7fb189c09000 rw-s 00000000 00:29 517379                     /tmp/hsperfdata_ike/25335
7fb189c09000-7fb189c0a000 rw-p 00000000 00:00 0 
7fb189c0a000-7fb189c0b000 r--p 00000000 00:00 0 
7fb189c0b000-7fb189c0d000 rw-p 00000000 00:00 0 
7fb189c0d000-7fb189c0e000 r--p 00025000 fd:00 2894298                    /usr/lib64/ld-2.24.so
7fb189c0e000-7fb189c0f000 rw-p 00026000 fd:00 2894298                    /usr/lib64/ld-2.24.so
7fb189c0f000-7fb189c10000 rw-p 00000000 00:00 0 
7ffd7555c000-7ffd75580000 rw-p 00000000 00:00 0                          [stack]
7ffd7558e000-7ffd75590000 r--p 00000000 00:00 0                          [vvar]
7ffd75590000-7ffd75592000 r-xp 00000000 00:00 0                          [vdso]
ffffffffff600000-ffffffffff601000 r-xp 00000000 00:00 0                  [vsyscall]

VM Arguments:
jvm_args: -agentlib:jdwp=transport=dt_socket,address=127.0.0.1:37863,suspend=y,server=n -javaagent:/home/ike/soft/idea-IU-171.4424.56/plugins/Groovy/lib/agent/gragent.jar -Dfile.encoding=UTF-8 
java_command: com.bjike.goddess.secure.Application
java_class_path (initial): /home/ike/soft/jdk1.8/jre/lib/charsets.jar:/home/ike/soft/jdk1.8/jre/lib/deploy.jar:/home/ike/soft/jdk1.8/jre/lib/ext/cldrdata.jar:/home/ike/soft/jdk1.8/jre/lib/ext/dnsns.jar:/home/ike/soft/jdk1.8/jre/lib/ext/jaccess.jar:/home/ike/soft/jdk1.8/jre/lib/ext/jfxrt.jar:/home/ike/soft/jdk1.8/jre/lib/ext/localedata.jar:/home/ike/soft/jdk1.8/jre/lib/ext/nashorn.jar:/home/ike/soft/jdk1.8/jre/lib/ext/sunec.jar:/home/ike/soft/jdk1.8/jre/lib/ext/sunjce_provider.jar:/home/ike/soft/jdk1.8/jre/lib/ext/sunpkcs11.jar:/home/ike/soft/jdk1.8/jre/lib/ext/zipfs.jar:/home/ike/soft/jdk1.8/jre/lib/javaws.jar:/home/ike/soft/jdk1.8/jre/lib/jce.jar:/home/ike/soft/jdk1.8/jre/lib/jfr.jar:/home/ike/soft/jdk1.8/jre/lib/jfxswt.jar:/home/ike/soft/jdk1.8/jre/lib/jsse.jar:/home/ike/soft/jdk1.8/jre/lib/management-agent.jar:/home/ike/soft/jdk1.8/jre/lib/plugin.jar:/home/ike/soft/jdk1.8/jre/lib/resources.jar:/home/ike/soft/jdk1.8/jre/lib/rt.jar:/home/ike/code/goddess-java/modules/secure/secure-provider/build/classes/java/main:/home/ike/code/goddess-java/modules/secure/secure-provider/build/resources/main:/home/ike/code/goddess-java/common/common-jpa/build/classes/java/main:/home/ike/code/goddess-java/common/common-provider/build/classes/java/main:/home/ike/code/goddess-java/common/common-provider/build/resources/main:/home/ike/code/goddess-java/modules/secure/secure-api/build/classes/java/main:/home/ike/code/goddess-java/modules/dimission/dimission-api/build/classes/java/main:/home/ike/code/goddess-java/modules/archive/archive-api/build/classes/java/main:/home/ike/code/goddess-java/modules/regularization/regularization-api/build/classes/java/main:/home/ike/code/goddess-java/modules/staffentry/staffentry-api/build/classes/java/main:/home/ike/code/goddess-java/modules/contacts/contacts-api/build/classes/java/main:/home/ike/code/goddess-java/modules/customer/customer-api/build/classes/java/main:/home/ike/code/goddess-java/modules/message/message-api/build/classes/java/main:/home
Launcher Type: SUN_STANDARD

Environment Variables:
JAVA_HOME=/home/ike/soft/jdk1.8
PATH=/home/ike/soft/gradle/bin:/home/ike/soft/maven3.3.9/bin:/home/ike/soft/jdk1.8/bin:/home/ike/soft/jdk1.8/bin:/home/ike/soft/gradle-4.1/bin:/home/ike/soft/maven3.3.9/bin:/usr/lib64/qt-3.3/bin:/usr/local/bin:/usr/local/sbin:/usr/bin:/usr/sbin:/home/ike/.local/bin:/home/ike/bin
USERNAME=ike
LD_LIBRARY_PATH=/home/ike/soft/idea-IU-171.4424.56/bin:
SHELL=/bin/bash
DISPLAY=:0

Signal Handlers:
SIGSEGV: [libjvm.so+0xac4790], sa_mask[0]=11111111011111111101111111111110, sa_flags=SA_RESTART|SA_SIGINFO
SIGBUS: [libjvm.so+0xac4790], sa_mask[0]=11111111011111111101111111111110, sa_flags=SA_RESTART|SA_SIGINFO
SIGFPE: [libjvm.so+0x91f140], sa_mask[0]=11111111011111111101111111111110, sa_flags=SA_RESTART|SA_SIGINFO
SIGPIPE: [libjvm.so+0x91f140], sa_mask[0]=11111111011111111101111111111110, sa_flags=SA_RESTART|SA_SIGINFO
SIGXFSZ: [libjvm.so+0x91f140], sa_mask[0]=11111111011111111101111111111110, sa_flags=SA_RESTART|SA_SIGINFO
SIGILL: [libjvm.so+0x91f140], sa_mask[0]=11111111011111111101111111111110, sa_flags=SA_RESTART|SA_SIGINFO
SIGUSR1: SIG_DFL, sa_mask[0]=00000000000000000000000000000000, sa_flags=none
SIGUSR2: [libjvm.so+0x920770], sa_mask[0]=00100000000000000000000000000000, sa_flags=SA_RESTART|SA_SIGINFO
SIGHUP: [libjvm.so+0x921b70], sa_mask[0]=11111111011111111101111111111110, sa_flags=SA_RESTART|SA_SIGINFO
SIGINT: [libjvm.so+0x921b70], sa_mask[0]=11111111011111111101111111111110, sa_flags=SA_RESTART|SA_SIGINFO
SIGTERM: [libjvm.so+0x921b70], sa_mask[0]=11111111011111111101111111111110, sa_flags=SA_RESTART|SA_SIGINFO
SIGQUIT: [libjvm.so+0x921b70], sa_mask[0]=11111111011111111101111111111110, sa_flags=SA_RESTART|SA_SIGINFO


---------------  S Y S T E M  ---------------

OS:Fedora release 25 (Twenty Five)

uname:Linux 4.8.6-300.fc25.x86_64 #1 SMP Tue Nov 1 12:36:38 UTC 2016 x86_64
libc:glibc 2.24 NPTL 2.24 
rlimit: STACK 8192k, CORE 0k, NPROC 31367, NOFILE 4096, AS infinity
load average:0.58 0.83 0.88

/proc/meminfo:
MemTotal:        8053804 kB
MemFree:          536724 kB
MemAvailable:     697340 kB
Buffers:           58896 kB
Cached:           589068 kB
SwapCached:        19660 kB
Active:          6017900 kB
Inactive:        1068436 kB
Active(anon):    5810740 kB
Inactive(anon):   944264 kB
Active(file):     207160 kB
Inactive(file):   124172 kB
Unevictable:          72 kB
Mlocked:              72 kB
SwapTotal:       8187900 kB
SwapFree:        3356724 kB
Dirty:             10600 kB
Writeback:            48 kB
AnonPages:       6421844 kB
Mapped:           323232 kB
Shmem:            316360 kB
Slab:             229724 kB
SReclaimable:     100136 kB
SUnreclaim:       129588 kB
KernelStack:       33536 kB
PageTables:        90372 kB
NFS_Unstable:          0 kB
Bounce:                0 kB
WritebackTmp:          0 kB
CommitLimit:    12214800 kB
Committed_AS:   20440348 kB
VmallocTotal:   34359738367 kB
VmallocUsed:           0 kB
VmallocChunk:          0 kB
HardwareCorrupted:     0 kB
AnonHugePages:         0 kB
ShmemHugePages:        0 kB
ShmemPmdMapped:        0 kB
CmaTotal:              0 kB
CmaFree:               0 kB
HugePages_Total:       0
HugePages_Free:        0
HugePages_Rsvd:        0
HugePages_Surp:        0
Hugepagesize:       2048 kB
DirectMap4k:      259236 kB
DirectMap2M:     8007680 kB
DirectMap1G:           0 kB


CPU:total 4 (4 cores per cpu, 1 threads per core) family 6 model 94 stepping 3, cmov, cx8, fxsr, mmx, sse, sse2, sse3, ssse3, sse4.1, sse4.2, popcnt, avx, avx2, aes, clmul, erms, rtm, 3dnowpref, lzcnt, tsc, tscinvbit, bmi1, bmi2, adx

/proc/cpuinfo:
processor	: 0
vendor_id	: GenuineIntel
cpu family	: 6
model		: 94
model name	: Intel(R) Core(TM) i5-6500 CPU @ 3.20GHz
stepping	: 3
microcode	: 0x9e
cpu MHz		: 2600.000
cache size	: 6144 KB
physical id	: 0
siblings	: 4
core id		: 0
cpu cores	: 4
apicid		: 0
initial apicid	: 0
fpu		: yes
fpu_exception	: yes
cpuid level	: 22
wp		: yes
flags		: fpu vme de pse tsc msr pae mce cx8 apic sep mtrr pge mca cmov pat pse36 clflush dts acpi mmx fxsr sse sse2 ss ht tm pbe syscall nx pdpe1gb rdtscp lm constant_tsc art arch_perfmon pebs bts rep_good nopl xtopology nonstop_tsc aperfmperf eagerfpu pni pclmulqdq dtes64 monitor ds_cpl vmx smx est tm2 ssse3 sdbg fma cx16 xtpr pdcm pcid sse4_1 sse4_2 x2apic movbe popcnt tsc_deadline_timer aes xsave avx f16c rdrand lahf_lm abm 3dnowprefetch intel_pt tpr_shadow vnmi flexpriority ept vpid fsgsbase tsc_adjust bmi1 hle avx2 smep bmi2 erms invpcid rtm mpx rdseed adx smap clflushopt xsaveopt xsavec xgetbv1 xsaves dtherm ida arat pln pts hwp hwp_notify hwp_act_window hwp_epp
bugs		:
bogomips	: 6384.00
clflush size	: 64
cache_alignment	: 64
address sizes	: 39 bits physical, 48 bits virtual
power management:

processor	: 1
vendor_id	: GenuineIntel
cpu family	: 6
model		: 94
model name	: Intel(R) Core(TM) i5-6500 CPU @ 3.20GHz
stepping	: 3
microcode	: 0x9e
cpu MHz		: 2599.804
cache size	: 6144 KB
physical id	: 0
siblings	: 4
core id		: 1
cpu cores	: 4
apicid		: 2
initial apicid	: 2
fpu		: yes
fpu_exception	: yes
cpuid level	: 22
wp		: yes
flags		: fpu vme de pse tsc msr pae mce cx8 apic sep mtrr pge mca cmov pat pse36 clflush dts acpi mmx fxsr sse sse2 ss ht tm pbe syscall nx pdpe1gb rdtscp lm constant_tsc art arch_perfmon pebs bts rep_good nopl xtopology nonstop_tsc aperfmperf eagerfpu pni pclmulqdq dtes64 monitor ds_cpl vmx smx est tm2 ssse3 sdbg fma cx16 xtpr pdcm pcid sse4_1 sse4_2 x2apic movbe popcnt tsc_deadline_timer aes xsave avx f16c rdrand lahf_lm abm 3dnowprefetch intel_pt tpr_shadow vnmi flexpriority ept vpid fsgsbase tsc_adjust bmi1 hle avx2 smep bmi2 erms invpcid rtm mpx rdseed adx smap clflushopt xsaveopt xsavec xgetbv1 xsaves dtherm ida arat pln pts hwp hwp_notify hwp_act_window hwp_epp
bugs		:
bogomips	: 6387.62
clflush size	: 64
cache_alignment	: 64
address sizes	: 39 bits physical, 48 bits virtual
power management:

processor	: 2
vendor_id	: GenuineIntel
cpu family	: 6
model		: 94
model name	: Intel(R) Core(TM) i5-6500 CPU @ 3.20GHz
stepping	: 3
microcode	: 0x9e
cpu MHz		: 2600.000
cache size	: 6144 KB
physical id	: 0
siblings	: 4
core id		: 2
cpu cores	: 4
apicid		: 4
initial apicid	: 4
fpu		: yes
fpu_exception	: yes
cpuid level	: 22
wp		: yes
flags		: fpu vme de pse tsc msr pae mce cx8 apic sep mtrr pge mca cmov pat pse36 clflush dts acpi mmx fxsr sse sse2 ss ht tm pbe syscall nx pdpe1gb rdtscp lm constant_tsc art arch_perfmon pebs bts rep_good nopl xtopology nonstop_tsc aperfmperf eagerfpu pni pclmulqdq dtes64 monitor ds_cpl vmx smx est tm2 ssse3 sdbg fma cx16 xtpr pdcm pcid sse4_1 sse4_2 x2apic movbe popcnt tsc_deadline_timer aes xsave avx f16c rdrand lahf_lm abm 3dnowprefetch intel_pt tpr_shadow vnmi flexpriority ept vpid fsgsbase tsc_adjust bmi1 hle avx2 smep bmi2 erms invpcid rtm mpx rdseed adx smap clflushopt xsaveopt xsavec xgetbv1 xsaves dtherm ida arat pln pts hwp hwp_notify hwp_act_window hwp_epp
bugs		:
bogomips	: 6387.59
clflush size	: 64
cache_alignment	: 64
address sizes	: 39 bits physical, 48 bits virtual
power management:

processor	: 3
vendor_id	: GenuineIntel
cpu family	: 6
model		: 94
model name	: Intel(R) Core(TM) i5-6500 CPU @ 3.20GHz
stepping	: 3
microcode	: 0x9e
cpu MHz		: 2600.000
cache size	: 6144 KB
physical id	: 0
siblings	: 4
core id		: 3
cpu cores	: 4
apicid		: 6
initial apicid	: 6
fpu		: yes
fpu_exception	: yes
cpuid level	: 22
wp		: yes
flags		: fpu vme de pse tsc msr pae mce cx8 apic sep mtrr pge mca cmov pat pse36 clflush dts acpi mmx fxsr sse sse2 ss ht tm pbe syscall nx pdpe1gb rdtscp lm constant_tsc art arch_perfmon pebs bts rep_good nopl xtopology nonstop_tsc aperfmperf eagerfpu pni pclmulqdq dtes64 monitor ds_cpl vmx smx est tm2 ssse3 sdbg fma cx16 xtpr pdcm pcid sse4_1 sse4_2 x2apic movbe popcnt tsc_deadline_timer aes xsave avx f16c rdrand lahf_lm abm 3dnowprefetch intel_pt tpr_shadow vnmi flexpriority ept vpid fsgsbase tsc_adjust bmi1 hle avx2 smep bmi2 erms invpcid rtm mpx rdseed adx smap clflushopt xsaveopt xsavec xgetbv1 xsaves dtherm ida arat pln pts hwp hwp_notify hwp_act_window hwp_epp
bugs		:
bogomips	: 6387.65
clflush size	: 64
cache_alignment	: 64
address sizes	: 39 bits physical, 48 bits virtual
power management:



Memory: 4k page, physical 8053804k(536724k free), swap 8187900k(3356724k free)

vm_info: Java HotSpot(TM) 64-Bit Server VM (25.101-b13) for linux-amd64 JRE (1.8.0_101-b13), built on Jun 22 2016 02:59:44 by "java_re" with gcc 4.3.0 20080428 (Red Hat 4.3.0-8)

time: Tue Sep 26 17:04:49 2017
elapsed time: 579 seconds (0d 0h 9m 39s)

