#
# There is insufficient memory for the Java Runtime Environment to continue.
# Native memory allocation (mmap) failed to map 47185920 bytes for committing reserved memory.
# Possible reasons:
#   The system is out of physical RAM or swap space
#   In 32 bit mode, the process size limit was hit
# Possible solutions:
#   Reduce memory load on the system
#   Increase physical memory or swap space
#   Check if swap backing store is full
#   Use 64 bit Java on a 64 bit OS
#   Decrease Java heap size (-Xmx/-Xms)
#   Decrease number of Java threads
#   Decrease Java thread stack sizes (-Xss)
#   Set larger code cache with -XX:ReservedCodeCacheSize=
# This output file may be truncated or incomplete.
#
#  Out of Memory Error (os_linux.cpp:2627), pid=30647, tid=0x00007f6432d72700
#
# JRE version: Java(TM) SE Runtime Environment (8.0_101-b13) (build 1.8.0_101-b13)
# Java VM: Java HotSpot(TM) 64-Bit Server VM (25.101-b13 mixed mode linux-amd64 compressed oops)
# Failed to write core dump. Core dumps have been disabled. To enable core dumping, try "ulimit -c unlimited" before starting Java again
#

---------------  T H R E A D  ---------------

Current thread (0x00007f6460146000):  VMThread [stack: 0x00007f6432c72000,0x00007f6432d73000] [id=30655]

Stack: [0x00007f6432c72000,0x00007f6432d73000],  sp=0x00007f6432d711a0,  free space=1020k
Native frames: (J=compiled Java code, j=interpreted, Vv=VM code, C=native code)
V  [libjvm.so+0xac3f0a]  VMError::report_and_die()+0x2ba
V  [libjvm.so+0x4fbf9b]  report_vm_out_of_memory(char const*, int, unsigned long, VMErrorType, char const*)+0x8b
V  [libjvm.so+0x9222d3]  os::Linux::commit_memory_impl(char*, unsigned long, bool)+0x103
V  [libjvm.so+0x922829]  os::pd_commit_memory(char*, unsigned long, unsigned long, bool)+0x29
V  [libjvm.so+0x91cb2a]  os::commit_memory(char*, unsigned long, unsigned long, bool)+0x2a
V  [libjvm.so+0x991053]  PSVirtualSpace::expand_by(unsigned long)+0x53
V  [libjvm.so+0x992458]  PSYoungGen::resize_generation(unsigned long, unsigned long)+0xf8
V  [libjvm.so+0x9915b2]  PSYoungGen::resize(unsigned long, unsigned long)+0x22
V  [libjvm.so+0x98e88b]  PSScavenge::invoke_no_policy()+0xf3b
V  [libjvm.so+0x98f011]  PSScavenge::invoke()+0x41
V  [libjvm.so+0x945fc0]  ParallelScavengeHeap::failed_mem_allocate(unsigned long)+0x70
V  [libjvm.so+0xac5927]  VM_ParallelGCFailedAllocation::doit()+0x97
V  [libjvm.so+0xacd405]  VM_Operation::evaluate()+0x55
V  [libjvm.so+0xacb7da]  VMThread::evaluate_operation(VM_Operation*)+0xba
V  [libjvm.so+0xacbb5e]  VMThread::loop()+0x1ce
V  [libjvm.so+0xacbfd0]  VMThread::run()+0x70
V  [libjvm.so+0x924698]  java_start(Thread*)+0x108

VM_Operation (0x00007f63f10a8240): ParallelGCFailedAllocation, mode: safepoint, requested by thread 0x00007f646122a000


---------------  P R O C E S S  ---------------

Java Threads: ( => current thread )
  0x00007f63cc0b5800 JavaThread "DubboServerHandler-172.17.0.1:51701-thread-10" daemon [_thread_blocked, id=30851, stack(0x00007f63f049e000,0x00007f63f059f000)]
  0x00007f63cc0b3800 JavaThread "DubboServerHandler-172.17.0.1:51701-thread-9" daemon [_thread_blocked, id=30846, stack(0x00007f63f059f000,0x00007f63f06a0000)]
  0x00007f63cc0b2000 JavaThread "DubboServerHandler-172.17.0.1:51701-thread-8" daemon [_thread_blocked, id=30845, stack(0x00007f63f06a0000,0x00007f63f07a1000)]
  0x00007f63cc0b0000 JavaThread "DubboServerHandler-172.17.0.1:51701-thread-7" daemon [_thread_blocked, id=30843, stack(0x00007f63f07a1000,0x00007f63f08a2000)]
  0x00007f63cc0ae800 JavaThread "DubboServerHandler-172.17.0.1:51701-thread-6" daemon [_thread_blocked, id=30842, stack(0x00007f63f08a2000,0x00007f63f09a3000)]
  0x00007f63cc0ac800 JavaThread "New I/O server worker #1-5" daemon [_thread_blocked, id=30841, stack(0x00007f63f09a3000,0x00007f63f0aa4000)]
  0x00007f63cc09e000 JavaThread "DubboServerHandler-172.17.0.1:51701-thread-5" daemon [_thread_blocked, id=30840, stack(0x00007f63f0aa4000,0x00007f63f0ba5000)]
  0x00007f63cc09c800 JavaThread "New I/O server worker #1-4" daemon [_thread_blocked, id=30839, stack(0x00007f63f0ba5000,0x00007f63f0ca6000)]
  0x00007f63cc08d800 JavaThread "DubboServerHandler-172.17.0.1:51701-thread-4" daemon [_thread_blocked, id=30838, stack(0x00007f63f0ca6000,0x00007f63f0da7000)]
  0x00007f63cc08c000 JavaThread "New I/O server worker #1-3" daemon [_thread_blocked, id=30836, stack(0x00007f63f0da7000,0x00007f63f0ea8000)]
  0x00007f63cc07d000 JavaThread "DubboServerHandler-172.17.0.1:51701-thread-3" daemon [_thread_blocked, id=30833, stack(0x00007f63f0ea8000,0x00007f63f0fa9000)]
  0x00007f646122a000 JavaThread "DubboSaveRegistryCache-thread-1" daemon [_thread_blocked, id=30831, stack(0x00007f63f0fa9000,0x00007f63f10aa000)]
  0x00007f63cc07b800 JavaThread "New I/O server worker #1-2" daemon [_thread_blocked, id=30828, stack(0x00007f63f10aa000,0x00007f63f11ab000)]
  0x00007f63cc06d800 JavaThread "DubboServerHandler-172.17.0.1:51701-thread-2" daemon [_thread_blocked, id=30827, stack(0x00007f63f11ab000,0x00007f63f12ac000)]
  0x00007f6460787800 JavaThread "main-EventThread" daemon [_thread_blocked, id=30817, stack(0x00007f63f12ac000,0x00007f63f13ad000)]
  0x00007f6460786800 JavaThread "main-SendThread(localhost:2181)" daemon [_thread_in_native, id=30816, stack(0x00007f63f13ad000,0x00007f63f14ae000)]
  0x00007f6461052800 JavaThread "ZkClient-EventThread-37-localhost:2181" daemon [_thread_blocked, id=30814, stack(0x00007f63f14ae000,0x00007f63f15af000)]
  0x00007f6461903800 JavaThread "DubboRegistryFailedRetryTimer-thread-1" daemon [_thread_blocked, id=30813, stack(0x00007f63f15af000,0x00007f63f16b0000)]
  0x00007f63cc01e000 JavaThread "New I/O server worker #1-1" daemon [_thread_blocked, id=30808, stack(0x00007f63f16b0000,0x00007f63f17b1000)]
  0x00007f63cc00e800 JavaThread "DubboServerHandler-172.17.0.1:51701-thread-1" daemon [_thread_blocked, id=30807, stack(0x00007f63f17b1000,0x00007f63f18b2000)]
  0x00007f6461f8a000 JavaThread "dubbo-remoting-server-heartbeat-thread-1" daemon [_thread_blocked, id=30805, stack(0x00007f63f18b2000,0x00007f63f19b3000)]
  0x00007f6461dad800 JavaThread "New I/O server boss #1 ([id: 0x3358805a, /0:0:0:0:0:0:0:0:51701])" daemon [_thread_blocked, id=30804, stack(0x00007f63f19b3000,0x00007f63f1ab4000)]
  0x00007f6461cdc800 JavaThread "recoverScheduler_QuartzSchedulerThread" [_thread_blocked, id=30794, stack(0x00007f63f1cb4000,0x00007f63f1db5000)]
  0x00007f6461ccf800 JavaThread "recoverScheduler_Worker-10" [_thread_blocked, id=30793, stack(0x00007f63f1db5000,0x00007f63f1eb6000)]
  0x00007f6461cc5000 JavaThread "recoverScheduler_Worker-9" [_thread_blocked, id=30792, stack(0x00007f63f1eb6000,0x00007f63f1fb7000)]
  0x00007f6461cc3000 JavaThread "recoverScheduler_Worker-8" [_thread_blocked, id=30791, stack(0x00007f63f1fb7000,0x00007f63f20b8000)]
  0x00007f6461cc1000 JavaThread "recoverScheduler_Worker-7" [_thread_blocked, id=30790, stack(0x00007f63f20b8000,0x00007f63f21b9000)]
  0x00007f6461cbf000 JavaThread "recoverScheduler_Worker-6" [_thread_blocked, id=30789, stack(0x00007f63f21b9000,0x00007f63f22ba000)]
  0x00007f6461cbd000 JavaThread "recoverScheduler_Worker-5" [_thread_blocked, id=30788, stack(0x00007f63f22ba000,0x00007f63f23bb000)]
  0x00007f6461cbb000 JavaThread "recoverScheduler_Worker-4" [_thread_blocked, id=30787, stack(0x00007f63f23bb000,0x00007f63f24bc000)]
  0x00007f6461cb9000 JavaThread "recoverScheduler_Worker-3" [_thread_blocked, id=30786, stack(0x00007f63f24bc000,0x00007f63f25bd000)]
  0x00007f6461cb7800 JavaThread "recoverScheduler_Worker-2" [_thread_blocked, id=30785, stack(0x00007f63f25bd000,0x00007f63f26be000)]
  0x00007f6461cb7000 JavaThread "recoverScheduler_Worker-1" [_thread_blocked, id=30784, stack(0x00007f63f3aff000,0x00007f63f3c00000)]
  0x00007f6461be5800 JavaThread "commons-pool-EvictionTimer" daemon [_thread_blocked, id=30774, stack(0x00007f63f28be000,0x00007f63f29bf000)]
  0x00007f646164b800 JavaThread "__DEFAULT__" daemon [_thread_blocked, id=30737, stack(0x00007f6430026000,0x00007f6430127000)]
  0x00007f646146e800 JavaThread "Druid-ConnectionPool-Destroy-1812200214" daemon [_thread_blocked, id=30730, stack(0x00007f6430127000,0x00007f6430228000)]
  0x00007f646146d800 JavaThread "Druid-ConnectionPool-Create-1812200214" daemon [_thread_blocked, id=30729, stack(0x00007f6430228000,0x00007f6430329000)]
  0x00007f64611c6000 JavaThread "Abandoned connection cleanup thread" daemon [_thread_blocked, id=30728, stack(0x00007f6430329000,0x00007f643042a000)]
  0x00007f64605b9800 JavaThread "Service Thread" daemon [_thread_blocked, id=30667, stack(0x00007f6431c55000,0x00007f6431d56000)]
  0x00007f64605b6000 JavaThread "C1 CompilerThread2" daemon [_thread_blocked, id=30666, stack(0x00007f6431d56000,0x00007f6431e57000)]
  0x00007f64605b3000 JavaThread "C2 CompilerThread1" daemon [_thread_blocked, id=30665, stack(0x00007f6431e57000,0x00007f6431f58000)]
  0x00007f64605b1800 JavaThread "C2 CompilerThread0" daemon [_thread_blocked, id=30664, stack(0x00007f6431f58000,0x00007f6432059000)]
  0x00007f6420001000 JavaThread "JDWP Command Reader" daemon [_thread_in_native, id=30663, stack(0x00007f6432468000,0x00007f6432569000)]
  0x00007f6460196000 JavaThread "JDWP Event Helper Thread" daemon [_thread_blocked, id=30661, stack(0x00007f6432569000,0x00007f643266a000)]
  0x00007f6460192800 JavaThread "JDWP Transport Listener: dt_socket" daemon [_thread_blocked, id=30659, stack(0x00007f643266a000,0x00007f643276b000)]
  0x00007f6460184000 JavaThread "Signal Dispatcher" daemon [_thread_blocked, id=30658, stack(0x00007f643296f000,0x00007f6432a70000)]
  0x00007f6460152000 JavaThread "Finalizer" daemon [_thread_blocked, id=30657, stack(0x00007f6432a70000,0x00007f6432b71000)]
  0x00007f646014d800 JavaThread "Reference Handler" daemon [_thread_blocked, id=30656, stack(0x00007f6432b71000,0x00007f6432c72000)]
  0x00007f6460010000 JavaThread "main" [_thread_blocked, id=30649, stack(0x00007f6466194000,0x00007f6466295000)]

Other Threads:
=>0x00007f6460146000 VMThread [stack: 0x00007f6432c72000,0x00007f6432d73000] [id=30655]
  0x00007f64605bf800 WatcherThread [stack: 0x00007f6431b54000,0x00007f6431c55000] [id=30668]

VM state:at safepoint (normal execution)

VM Mutex/Monitor currently owned by a thread:  ([mutex/lock_event])
[0x00007f646000e4a0] Threads_lock - owner thread: 0x00007f6460146000
[0x00007f646000e9a0] Heap_lock - owner thread: 0x00007f646122a000

Heap:
 PSYoungGen      total 286208K, used 2578K [0x00000000d7000000, 0x00000000e9f00000, 0x0000000100000000)
  eden space 267264K, 0% used [0x00000000d7000000,0x00000000d7000000,0x00000000e7500000)
  from space 18944K, 13% used [0x00000000e7500000,0x00000000e7784a48,0x00000000e8780000)
  to   space 19968K, 0% used [0x00000000e8780000,0x00000000e8780000,0x00000000e9b00000)
 ParOldGen       total 76288K, used 37722K [0x0000000085000000, 0x0000000089a80000, 0x00000000d7000000)
  object space 76288K, 49% used [0x0000000085000000,0x00000000874d6b68,0x0000000089a80000)
 Metaspace       used 50388K, capacity 50994K, committed 51328K, reserved 1093632K
  class space    used 6060K, capacity 6193K, committed 6272K, reserved 1048576K

Card table byte_map: [0x00007f6448e1f000,0x00007f64491f8000] byte_map_base: 0x00007f64489f7000

Marking Bits: (ParMarkBitMap*) 0x00007f646565f120
 Begin Bits: [0x00007f6434280000, 0x00007f6436140000)
 End Bits:   [0x00007f6436140000, 0x00007f6438000000)

Polling page: 0x00007f64662ac000

CodeCache: size=245760Kb used=19495Kb max_used=20329Kb free=226264Kb
 bounds [0x00007f64495b8000, 0x00007f644a9c8000, 0x00007f64585b8000]
 total_blobs=5938 nmethods=5390 adapters=469
 compilation: enabled

Compilation events (10 events):
Event: 34.320 Thread 0x00007f64605b6000 6470       3       sun.nio.ch.FileLockTable::<init> (5 bytes)
Event: 34.321 Thread 0x00007f64605b6000 nmethod 6470 0x00007f644a76c290 code [0x00007f644a76c400, 0x00007f644a76c5b0]
Event: 34.321 Thread 0x00007f64605b6000 6471   !   3       sun.nio.ch.FileKey::create (28 bytes)
Event: 34.322 Thread 0x00007f64605b6000 nmethod 6471 0x00007f644a76bbd0 code [0x00007f644a76bd60, 0x00007f644a76c0d8]
Event: 34.322 Thread 0x00007f64605b6000 6472       3       sun.nio.ch.FileKey::<init> (5 bytes)
Event: 34.323 Thread 0x00007f64605b6000 nmethod 6472 0x00007f644a76b810 code [0x00007f644a76b980, 0x00007f644a76bb30]
Event: 34.328 Thread 0x00007f64605b1800 6486   !   4       java.io.LineNumberReader::readLine (44 bytes)
Event: 34.353 Thread 0x00007f64605b3000 6487       4       java.lang.Math::min (46 bytes)
Event: 34.401 Thread 0x00007f64605b3000 nmethod 6487 0x00007f644a769290 code [0x00007f644a769400, 0x00007f644a769518]
Event: 34.401 Thread 0x00007f64605b1800 nmethod 6486 0x00007f644a7697d0 code [0x00007f644a769920, 0x00007f644a769cc8]

GC Heap History (10 events):
Event: 16.485 GC heap after
Heap after GC invocations=16 (full 2):
 PSYoungGen      total 199680K, used 8912K [0x00000000d7000000, 0x00000000e7100000, 0x0000000100000000)
  eden space 190464K, 0% used [0x00000000d7000000,0x00000000d7000000,0x00000000e2a00000)
  from space 9216K, 96% used [0x00000000e6800000,0x00000000e70b4138,0x00000000e7100000)
  to   space 13312K, 0% used [0x00000000e5700000,0x00000000e5700000,0x00000000e6400000)
 ParOldGen       total 76288K, used 18629K [0x0000000085000000, 0x0000000089a80000, 0x00000000d7000000)
  object space 76288K, 24% used [0x0000000085000000,0x00000000862314f8,0x0000000089a80000)
 Metaspace       used 40583K, capacity 40994K, committed 41472K, reserved 1085440K
  class space    used 4953K, capacity 5077K, committed 5120K, reserved 1048576K
}
Event: 17.941 GC heap before
{Heap before GC invocations=17 (full 2):
 PSYoungGen      total 199680K, used 199376K [0x00000000d7000000, 0x00000000e7100000, 0x0000000100000000)
  eden space 190464K, 100% used [0x00000000d7000000,0x00000000e2a00000,0x00000000e2a00000)
  from space 9216K, 96% used [0x00000000e6800000,0x00000000e70b4138,0x00000000e7100000)
  to   space 13312K, 0% used [0x00000000e5700000,0x00000000e5700000,0x00000000e6400000)
 ParOldGen       total 76288K, used 18629K [0x0000000085000000, 0x0000000089a80000, 0x00000000d7000000)
  object space 76288K, 24% used [0x0000000085000000,0x00000000862314f8,0x0000000089a80000)
 Metaspace       used 43358K, capacity 43776K, committed 44416K, reserved 1087488K
  class space    used 5320K, capacity 5442K, committed 5504K, reserved 1048576K
Event: 17.958 GC heap after
Heap after GC invocations=17 (full 2):
 PSYoungGen      total 244224K, used 13297K [0x00000000d7000000, 0x00000000e7280000, 0x0000000100000000)
  eden space 230912K, 0% used [0x00000000d7000000,0x00000000d7000000,0x00000000e5180000)
  from space 13312K, 99% used [0x00000000e5700000,0x00000000e63fc730,0x00000000e6400000)
  to   space 14848K, 0% used [0x00000000e6400000,0x00000000e6400000,0x00000000e7280000)
 ParOldGen       total 76288K, used 23751K [0x0000000085000000, 0x0000000089a80000, 0x00000000d7000000)
  object space 76288K, 31% used [0x0000000085000000,0x0000000086731d10,0x0000000089a80000)
 Metaspace       used 43358K, capacity 43776K, committed 44416K, reserved 1087488K
  class space    used 5320K, capacity 5442K, committed 5504K, reserved 1048576K
}
Event: 20.417 GC heap before
{Heap before GC invocations=18 (full 2):
 PSYoungGen      total 244224K, used 244209K [0x00000000d7000000, 0x00000000e7280000, 0x0000000100000000)
  eden space 230912K, 100% used [0x00000000d7000000,0x00000000e5180000,0x00000000e5180000)
  from space 13312K, 99% used [0x00000000e5700000,0x00000000e63fc730,0x00000000e6400000)
  to   space 14848K, 0% used [0x00000000e6400000,0x00000000e6400000,0x00000000e7280000)
 ParOldGen       total 76288K, used 23751K [0x0000000085000000, 0x0000000089a80000, 0x00000000d7000000)
  object space 76288K, 31% used [0x0000000085000000,0x0000000086731d10,0x0000000089a80000)
 Metaspace       used 45313K, capacity 45786K, committed 46464K, reserved 1089536K
  class space    used 5485K, capacity 5633K, committed 5760K, reserved 1048576K
Event: 20.433 GC heap after
Heap after GC invocations=18 (full 2):
 PSYoungGen      total 248320K, used 5463K [0x00000000d7000000, 0x00000000e9d00000, 0x0000000100000000)
  eden space 233472K, 0% used [0x00000000d7000000,0x00000000d7000000,0x00000000e5400000)
  from space 14848K, 36% used [0x00000000e6400000,0x00000000e6955f78,0x00000000e7280000)
  to   space 16384K, 0% used [0x00000000e5400000,0x00000000e5400000,0x00000000e6400000)
 ParOldGen       total 76288K, used 29179K [0x0000000085000000, 0x0000000089a80000, 0x00000000d7000000)
  object space 76288K, 38% used [0x0000000085000000,0x0000000086c7ec30,0x0000000089a80000)
 Metaspace       used 45313K, capacity 45786K, committed 46464K, reserved 1089536K
  class space    used 5485K, capacity 5633K, committed 5760K, reserved 1048576K
}
Event: 21.418 GC heap before
{Heap before GC invocations=19 (full 2):
 PSYoungGen      total 248320K, used 238935K [0x00000000d7000000, 0x00000000e9d00000, 0x0000000100000000)
  eden space 233472K, 100% used [0x00000000d7000000,0x00000000e5400000,0x00000000e5400000)
  from space 14848K, 36% used [0x00000000e6400000,0x00000000e6955f78,0x00000000e7280000)
  to   space 16384K, 0% used [0x00000000e5400000,0x00000000e5400000,0x00000000e6400000)
 ParOldGen       total 76288K, used 29179K [0x0000000085000000, 0x0000000089a80000, 0x00000000d7000000)
  object space 76288K, 38% used [0x0000000085000000,0x0000000086c7ec30,0x0000000089a80000)
 Metaspace       used 46640K, capacity 47134K, committed 47488K, reserved 1091584K
  class space    used 5607K, capacity 5735K, committed 5760K, reserved 1048576K
Event: 21.438 GC heap after
Heap after GC invocations=19 (full 2):
 PSYoungGen      total 249856K, used 16353K [0x00000000d7000000, 0x00000000e9b00000, 0x0000000100000000)
  eden space 233472K, 0% used [0x00000000d7000000,0x00000000d7000000,0x00000000e5400000)
  from space 16384K, 99% used [0x00000000e5400000,0x00000000e63f8760,0x00000000e6400000)
  to   space 19968K, 0% used [0x00000000e8780000,0x00000000e8780000,0x00000000e9b00000)
 ParOldGen       total 76288K, used 32020K [0x0000000085000000, 0x0000000089a80000, 0x00000000d7000000)
  object space 76288K, 41% used [0x0000000085000000,0x0000000086f450a0,0x0000000089a80000)
 Metaspace       used 46640K, capacity 47134K, committed 47488K, reserved 1091584K
  class space    used 5607K, capacity 5735K, committed 5760K, reserved 1048576K
}
Event: 30.004 GC heap before
{Heap before GC invocations=20 (full 2):
 PSYoungGen      total 249856K, used 249825K [0x00000000d7000000, 0x00000000e9b00000, 0x0000000100000000)
  eden space 233472K, 100% used [0x00000000d7000000,0x00000000e5400000,0x00000000e5400000)
  from space 16384K, 99% used [0x00000000e5400000,0x00000000e63f8760,0x00000000e6400000)
  to   space 19968K, 0% used [0x00000000e8780000,0x00000000e8780000,0x00000000e9b00000)
 ParOldGen       total 76288K, used 32020K [0x0000000085000000, 0x0000000089a80000, 0x00000000d7000000)
  object space 76288K, 41% used [0x0000000085000000,0x0000000086f450a0,0x0000000089a80000)
 Metaspace       used 50226K, capacity 50866K, committed 51328K, reserved 1093632K
  class space    used 6057K, capacity 6193K, committed 6272K, reserved 1048576K
Event: 30.275 GC heap after
Heap after GC invocations=20 (full 2):
 PSYoungGen      total 287232K, used 7904K [0x00000000d7000000, 0x00000000e9f00000, 0x0000000100000000)
  eden space 267264K, 0% used [0x00000000d7000000,0x00000000d7000000,0x00000000e7500000)
  from space 19968K, 39% used [0x00000000e8780000,0x00000000e8f383f8,0x00000000e9b00000)
  to   space 18944K, 0% used [0x00000000e7500000,0x00000000e7500000,0x00000000e8780000)
 ParOldGen       total 76288K, used 37714K [0x0000000085000000, 0x0000000089a80000, 0x00000000d7000000)
  object space 76288K, 49% used [0x0000000085000000,0x00000000874d4b68,0x0000000089a80000)
 Metaspace       used 50226K, capacity 50866K, committed 51328K, reserved 1093632K
  class space    used 6057K, capacity 6193K, committed 6272K, reserved 1048576K
}
Event: 34.539 GC heap before
{Heap before GC invocations=21 (full 2):
 PSYoungGen      total 287232K, used 275168K [0x00000000d7000000, 0x00000000e9f00000, 0x0000000100000000)
  eden space 267264K, 100% used [0x00000000d7000000,0x00000000e7500000,0x00000000e7500000)
  from space 19968K, 39% used [0x00000000e8780000,0x00000000e8f383f8,0x00000000e9b00000)
  to   space 18944K, 0% used [0x00000000e7500000,0x00000000e7500000,0x00000000e8780000)
 ParOldGen       total 76288K, used 37714K [0x0000000085000000, 0x0000000089a80000, 0x00000000d7000000)
  object space 76288K, 49% used [0x0000000085000000,0x00000000874d4b68,0x0000000089a80000)
 Metaspace       used 50388K, capacity 50994K, committed 51328K, reserved 1093632K
  class space    used 6060K, capacity 6193K, committed 6272K, reserved 1048576K

Deoptimization events (10 events):
Event: 27.019 Thread 0x00007f6460786800 Uncommon trap: reason=class_check action=maybe_recompile pc=0x00007f6449e07c9c method=java.io.DataInputStream.readInt()I @ 4
Event: 27.020 Thread 0x00007f6460786800 Uncommon trap: reason=class_check action=maybe_recompile pc=0x00007f6449e07c9c method=java.io.DataInputStream.readInt()I @ 4
Event: 27.020 Thread 0x00007f6460786800 Uncommon trap: reason=bimorphic action=maybe_recompile pc=0x00007f644a63fd8c method=java.io.DataInputStream.readFully([BII)V @ 34
Event: 27.020 Thread 0x00007f6460786800 Uncommon trap: reason=class_check action=maybe_recompile pc=0x00007f6449e07c9c method=java.io.DataInputStream.readInt()I @ 4
Event: 27.020 Thread 0x00007f6460786800 Uncommon trap: reason=bimorphic action=maybe_recompile pc=0x00007f644a63fd8c method=java.io.DataInputStream.readFully([BII)V @ 34
Event: 27.163 Thread 0x00007f6460786800 Uncommon trap: reason=class_check action=maybe_recompile pc=0x00007f6449e07c9c method=java.io.DataInputStream.readInt()I @ 4
Event: 27.163 Thread 0x00007f6460786800 Uncommon trap: reason=bimorphic action=maybe_recompile pc=0x00007f644a63fd8c method=java.io.DataInputStream.readFully([BII)V @ 34
Event: 27.471 Thread 0x00007f6460786800 Uncommon trap: reason=bimorphic action=maybe_recompile pc=0x00007f644a63fd8c method=java.io.DataInputStream.readFully([BII)V @ 34
Event: 28.128 Thread 0x00007f646122a000 Uncommon trap: reason=unstable_if action=reinterpret pc=0x00007f6449b9f3b4 method=java.util.Properties.load0(Ljava/util/Properties$LineReader;)V @ 33
Event: 28.130 Thread 0x00007f646122a000 Uncommon trap: reason=unstable_if action=reinterpret pc=0x00007f6449bd1ed0 method=java.util.Properties.load0(Ljava/util/Properties$LineReader;)V @ 33

Internal exceptions (10 events):
Event: 22.039 Thread 0x00007f6460010000 Exception <a 'java/lang/AbstractMethodError'> (0x00000000d97bd9e0) thrown at [/HUDSON3/workspace/8-2-build-linux-amd64/jdk8u101/7261/hotspot/src/share/vm/interpreter/interpreterRuntime.cpp, line 529]
Event: 22.048 Thread 0x00007f6460010000 Exception <a 'java/lang/AbstractMethodError'> (0x00000000d9829670) thrown at [/HUDSON3/workspace/8-2-build-linux-amd64/jdk8u101/7261/hotspot/src/share/vm/interpreter/interpreterRuntime.cpp, line 529]
Event: 22.055 Thread 0x00007f6460010000 Exception <a 'java/lang/AbstractMethodError'> (0x00000000d989a8a8) thrown at [/HUDSON3/workspace/8-2-build-linux-amd64/jdk8u101/7261/hotspot/src/share/vm/interpreter/interpreterRuntime.cpp, line 529]
Event: 22.061 Thread 0x00007f6460010000 Exception <a 'java/lang/AbstractMethodError'> (0x00000000d990e578) thrown at [/HUDSON3/workspace/8-2-build-linux-amd64/jdk8u101/7261/hotspot/src/share/vm/interpreter/interpreterRuntime.cpp, line 529]
Event: 22.101 Thread 0x00007f6460010000 Exception <a 'java/lang/ClassNotFoundException': org/springframework/data/jpa/repository/support/DefaultJpaContextBeanInfo> (0x00000000d99620a8) thrown at [/HUDSON3/workspace/8-2-build-linux-amd64/jdk8u101/7261/hotspot/src/share/vm/classfile/systemDiction
Event: 22.102 Thread 0x00007f6460010000 Exception <a 'java/lang/ClassNotFoundException': org/springframework/data/jpa/repository/support/DefaultJpaContextCustomizer> (0x00000000d998d630) thrown at [/HUDSON3/workspace/8-2-build-linux-amd64/jdk8u101/7261/hotspot/src/share/vm/classfile/systemDicti
Event: 22.103 Thread 0x00007f6460010000 Exception <a 'java/lang/ClassNotFoundException': org/springframework/data/jpa/repository/JpaContextCustomizer> (0x00000000d99b7468) thrown at [/HUDSON3/workspace/8-2-build-linux-amd64/jdk8u101/7261/hotspot/src/share/vm/classfile/systemDictionary.cpp, line
Event: 22.104 Thread 0x00007f6460010000 Exception <a 'java/lang/AbstractMethodError'> (0x00000000d99f70a8) thrown at [/HUDSON3/workspace/8-2-build-linux-amd64/jdk8u101/7261/hotspot/src/share/vm/interpreter/interpreterRuntime.cpp, line 529]
Event: 22.104 Thread 0x00007f6460010000 Exception <a 'java/lang/AbstractMethodError'> (0x00000000d99f7350) thrown at [/HUDSON3/workspace/8-2-build-linux-amd64/jdk8u101/7261/hotspot/src/share/vm/interpreter/interpreterRuntime.cpp, line 529]
Event: 22.659 Thread 0x00007f6460010000 Exception <a 'java/lang/NoClassDefFoundError': org/apache/thrift/TException> (0x00000000dc0c8070) thrown at [/HUDSON3/workspace/8-2-build-linux-amd64/jdk8u101/7261/hotspot/src/share/vm/classfile/systemDictionary.cpp, line 199]

Events (10 events):
Event: 34.353 Thread 0x00007f646122a000 DEOPT UNPACKING pc=0x00007f64495ff633 sp=0x00007f63f10a83f0 mode 1
Event: 34.360 Thread 0x00007f646122a000 DEOPT PACKING pc=0x00007f6449ea5de4 sp=0x00007f63f10a8470
Event: 34.360 Thread 0x00007f646122a000 DEOPT UNPACKING pc=0x00007f64495ff633 sp=0x00007f63f10a83f0 mode 1
Event: 34.371 Thread 0x00007f646122a000 DEOPT PACKING pc=0x00007f6449ea5de4 sp=0x00007f63f10a8470
Event: 34.371 Thread 0x00007f646122a000 DEOPT UNPACKING pc=0x00007f64495ff633 sp=0x00007f63f10a83f0 mode 1
Event: 34.372 Thread 0x00007f646122a000 DEOPT PACKING pc=0x00007f6449ea5de4 sp=0x00007f63f10a8470
Event: 34.372 Thread 0x00007f646122a000 DEOPT UNPACKING pc=0x00007f64495ff633 sp=0x00007f63f10a83f0 mode 1
Event: 34.381 Thread 0x00007f646122a000 DEOPT PACKING pc=0x00007f6449ea5de4 sp=0x00007f63f10a8470
Event: 34.381 Thread 0x00007f646122a000 DEOPT UNPACKING pc=0x00007f64495ff633 sp=0x00007f63f10a83f0 mode 1
Event: 34.453 Executing VM operation: ParallelGCFailedAllocation


Dynamic libraries:
00400000-00401000 r-xp 00000000 fd:02 2100689                            /home/ike/soft/jdk1.8/bin/java
00600000-00601000 rw-p 00000000 fd:02 2100689                            /home/ike/soft/jdk1.8/bin/java
021ed000-0220e000 rw-p 00000000 00:00 0                                  [heap]
85000000-89a80000 rw-p 00000000 00:00 0 
89a80000-d7000000 ---p 00000000 00:00 0 
d7000000-e9f00000 rw-p 00000000 00:00 0 
ecc00000-100000000 ---p 00000000 00:00 0 
100000000-100620000 rw-p 00000000 00:00 0 
100620000-140000000 ---p 00000000 00:00 0 
7f63c0000000-7f63c0021000 rw-p 00000000 00:00 0 
7f63c0021000-7f63c4000000 ---p 00000000 00:00 0 
7f63c8000000-7f63c8021000 rw-p 00000000 00:00 0 
7f63c8021000-7f63cc000000 ---p 00000000 00:00 0 
7f63cc000000-7f63cc0b7000 rw-p 00000000 00:00 0 
7f63cc0b7000-7f63d0000000 ---p 00000000 00:00 0 
7f63d0000000-7f63d0021000 rw-p 00000000 00:00 0 
7f63d0021000-7f63d4000000 ---p 00000000 00:00 0 
7f63d4000000-7f63d4021000 rw-p 00000000 00:00 0 
7f63d4021000-7f63d8000000 ---p 00000000 00:00 0 
7f63d8000000-7f63d8021000 rw-p 00000000 00:00 0 
7f63d8021000-7f63dc000000 ---p 00000000 00:00 0 
7f63dc000000-7f63dc021000 rw-p 00000000 00:00 0 
7f63dc021000-7f63e0000000 ---p 00000000 00:00 0 
7f63e0000000-7f63e0021000 rw-p 00000000 00:00 0 
7f63e0021000-7f63e4000000 ---p 00000000 00:00 0 
7f63e4000000-7f63e4021000 rw-p 00000000 00:00 0 
7f63e4021000-7f63e8000000 ---p 00000000 00:00 0 
7f63e8000000-7f63e8023000 rw-p 00000000 00:00 0 
7f63e8023000-7f63ec000000 ---p 00000000 00:00 0 
7f63ec000000-7f63ec021000 rw-p 00000000 00:00 0 
7f63ec021000-7f63f0000000 ---p 00000000 00:00 0 
7f63f049e000-7f63f04a1000 ---p 00000000 00:00 0 
7f63f04a1000-7f63f059f000 rw-p 00000000 00:00 0 
7f63f059f000-7f63f05a2000 ---p 00000000 00:00 0 
7f63f05a2000-7f63f06a0000 rw-p 00000000 00:00 0 
7f63f06a0000-7f63f06a3000 ---p 00000000 00:00 0 
7f63f06a3000-7f63f07a1000 rw-p 00000000 00:00 0 
7f63f07a1000-7f63f07a4000 ---p 00000000 00:00 0 
7f63f07a4000-7f63f08a2000 rw-p 00000000 00:00 0 
7f63f08a2000-7f63f08a5000 ---p 00000000 00:00 0 
7f63f08a5000-7f63f09a3000 rw-p 00000000 00:00 0 
7f63f09a3000-7f63f09a6000 ---p 00000000 00:00 0 
7f63f09a6000-7f63f0aa4000 rw-p 00000000 00:00 0 
7f63f0aa4000-7f63f0aa7000 ---p 00000000 00:00 0 
7f63f0aa7000-7f63f0ba5000 rw-p 00000000 00:00 0 
7f63f0ba5000-7f63f0ba8000 ---p 00000000 00:00 0 
7f63f0ba8000-7f63f0ca6000 rw-p 00000000 00:00 0 
7f63f0ca6000-7f63f0ca9000 ---p 00000000 00:00 0 
7f63f0ca9000-7f63f0da7000 rw-p 00000000 00:00 0 
7f63f0da7000-7f63f0daa000 ---p 00000000 00:00 0 
7f63f0daa000-7f63f0ea8000 rw-p 00000000 00:00 0 
7f63f0ea8000-7f63f0eab000 ---p 00000000 00:00 0 
7f63f0eab000-7f63f0fa9000 rw-p 00000000 00:00 0 
7f63f0fa9000-7f63f0fac000 ---p 00000000 00:00 0 
7f63f0fac000-7f63f10aa000 rw-p 00000000 00:00 0 
7f63f10aa000-7f63f10ad000 ---p 00000000 00:00 0 
7f63f10ad000-7f63f11ab000 rw-p 00000000 00:00 0 
7f63f11ab000-7f63f11ae000 ---p 00000000 00:00 0 
7f63f11ae000-7f63f12ac000 rw-p 00000000 00:00 0 
7f63f12ac000-7f63f12af000 ---p 00000000 00:00 0 
7f63f12af000-7f63f13ad000 rw-p 00000000 00:00 0 
7f63f13ad000-7f63f13b0000 ---p 00000000 00:00 0 
7f63f13b0000-7f63f14ae000 rw-p 00000000 00:00 0 
7f63f14ae000-7f63f14b1000 ---p 00000000 00:00 0 
7f63f14b1000-7f63f15af000 rw-p 00000000 00:00 0 
7f63f15af000-7f63f15b2000 ---p 00000000 00:00 0 
7f63f15b2000-7f63f16b0000 rw-p 00000000 00:00 0 
7f63f16b0000-7f63f16b3000 ---p 00000000 00:00 0 
7f63f16b3000-7f63f17b1000 rw-p 00000000 00:00 0 
7f63f17b1000-7f63f17b4000 ---p 00000000 00:00 0 
7f63f17b4000-7f63f18b2000 rw-p 00000000 00:00 0 
7f63f18b2000-7f63f18b5000 ---p 00000000 00:00 0 
7f63f18b5000-7f63f19b3000 rw-p 00000000 00:00 0 
7f63f19b3000-7f63f19b6000 ---p 00000000 00:00 0 
7f63f19b6000-7f63f1cb4000 rw-p 00000000 00:00 0 
7f63f1cb4000-7f63f1cb7000 ---p 00000000 00:00 0 
7f63f1cb7000-7f63f1db5000 rw-p 00000000 00:00 0 
7f63f1db5000-7f63f1db8000 ---p 00000000 00:00 0 
7f63f1db8000-7f63f1eb6000 rw-p 00000000 00:00 0 
7f63f1eb6000-7f63f1eb9000 ---p 00000000 00:00 0 
7f63f1eb9000-7f63f1fb7000 rw-p 00000000 00:00 0 
7f63f1fb7000-7f63f1fba000 ---p 00000000 00:00 0 
7f63f1fba000-7f63f20b8000 rw-p 00000000 00:00 0 
7f63f20b8000-7f63f20bb000 ---p 00000000 00:00 0 
7f63f20bb000-7f63f21b9000 rw-p 00000000 00:00 0 
7f63f21b9000-7f63f21bc000 ---p 00000000 00:00 0 
7f63f21bc000-7f63f22ba000 rw-p 00000000 00:00 0 
7f63f22ba000-7f63f22bd000 ---p 00000000 00:00 0 
7f63f22bd000-7f63f23bb000 rw-p 00000000 00:00 0 
7f63f23bb000-7f63f23be000 ---p 00000000 00:00 0 
7f63f23be000-7f63f24bc000 rw-p 00000000 00:00 0 
7f63f24bc000-7f63f24bf000 ---p 00000000 00:00 0 
7f63f24bf000-7f63f25bd000 rw-p 00000000 00:00 0 
7f63f25bd000-7f63f25c0000 ---p 00000000 00:00 0 
7f63f25c0000-7f63f28be000 rw-p 00000000 00:00 0 
7f63f28be000-7f63f28c1000 ---p 00000000 00:00 0 
7f63f28c1000-7f63f2bbf000 rw-p 00000000 00:00 0 
7f63f2bbf000-7f63f2dbf000 rw-p 00000000 00:00 0 
7f63f2dbf000-7f63f2fbf000 rw-p 00000000 00:00 0 
7f63f2fbf000-7f63f31bf000 rw-p 00000000 00:00 0 
7f63f31bf000-7f63f33bf000 rw-p 00000000 00:00 0 
7f63f33bf000-7f63f35bf000 rw-p 00000000 00:00 0 
7f63f35bf000-7f63f35d5000 r-xp 00000000 fd:00 2890778                    /usr/lib64/libgcc_s-6.3.1-20161221.so.1
7f63f35d5000-7f63f37d4000 ---p 00016000 fd:00 2890778                    /usr/lib64/libgcc_s-6.3.1-20161221.so.1
7f63f37d4000-7f63f37d5000 r--p 00015000 fd:00 2890778                    /usr/lib64/libgcc_s-6.3.1-20161221.so.1
7f63f37d5000-7f63f37d6000 rw-p 00016000 fd:00 2890778                    /usr/lib64/libgcc_s-6.3.1-20161221.so.1
7f63f37d6000-7f63f3808000 r-xp 00000000 fd:02 2100254                    /home/ike/soft/jdk1.8/jre/lib/amd64/libsunec.so
7f63f3808000-7f63f3a07000 ---p 00032000 fd:02 2100254                    /home/ike/soft/jdk1.8/jre/lib/amd64/libsunec.so
7f63f3a07000-7f63f3a0d000 rw-p 00031000 fd:02 2100254                    /home/ike/soft/jdk1.8/jre/lib/amd64/libsunec.so
7f63f3a0d000-7f63f3a1d000 rw-p 00000000 00:00 0 
7f63f3aff000-7f63f3b02000 ---p 00000000 00:00 0 
7f63f3b02000-7f63f3e00000 rw-p 00000000 00:00 0 
7f63f3e00000-7f63f4000000 rw-p 00000000 00:00 0 
7f63f4000000-7f63f4029000 rw-p 00000000 00:00 0 
7f63f4029000-7f63f8000000 ---p 00000000 00:00 0 
7f63f8000000-7f63f84ea000 rw-p 00000000 00:00 0 
7f63f84ea000-7f63fc000000 ---p 00000000 00:00 0 
7f63fc000000-7f63fc021000 rw-p 00000000 00:00 0 
7f63fc021000-7f6400000000 ---p 00000000 00:00 0 
7f6400000000-7f6400021000 rw-p 00000000 00:00 0 
7f6400021000-7f6404000000 ---p 00000000 00:00 0 
7f6404000000-7f6405097000 rw-p 00000000 00:00 0 
7f6405097000-7f6408000000 ---p 00000000 00:00 0 
7f6408000000-7f6408021000 rw-p 00000000 00:00 0 
7f6408021000-7f640c000000 ---p 00000000 00:00 0 
7f640c000000-7f640fce1000 rw-p 00000000 00:00 0 
7f640fce1000-7f6410000000 ---p 00000000 00:00 0 
7f6410000000-7f6413115000 rw-p 00000000 00:00 0 
7f6413115000-7f6414000000 ---p 00000000 00:00 0 
7f6414000000-7f64140a8000 rw-p 00000000 00:00 0 
7f64140a8000-7f6418000000 ---p 00000000 00:00 0 
7f6418000000-7f6418021000 rw-p 00000000 00:00 0 
7f6418021000-7f641c000000 ---p 00000000 00:00 0 
7f641c000000-7f641c021000 rw-p 00000000 00:00 0 
7f641c021000-7f6420000000 ---p 00000000 00:00 0 
7f6420000000-7f6420021000 rw-p 00000000 00:00 0 
7f6420021000-7f6424000000 ---p 00000000 00:00 0 
7f6424000000-7f6424021000 rw-p 00000000 00:00 0 
7f6424021000-7f6428000000 ---p 00000000 00:00 0 
7f6428000000-7f6428021000 rw-p 00000000 00:00 0 
7f6428021000-7f642c000000 ---p 00000000 00:00 0 
7f642c000000-7f642c2df000 rw-p 00000000 00:00 0 
7f642c2df000-7f6430000000 ---p 00000000 00:00 0 
7f6430026000-7f6430029000 ---p 00000000 00:00 0 
7f6430029000-7f6430127000 rw-p 00000000 00:00 0 
7f6430127000-7f643012a000 ---p 00000000 00:00 0 
7f643012a000-7f6430228000 rw-p 00000000 00:00 0 
7f6430228000-7f643022b000 ---p 00000000 00:00 0 
7f643022b000-7f6430329000 rw-p 00000000 00:00 0 
7f6430329000-7f643032c000 ---p 00000000 00:00 0 
7f643032c000-7f643042a000 rw-p 00000000 00:00 0 
7f643042a000-7f643043b000 r-xp 00000000 fd:02 2100229                    /home/ike/soft/jdk1.8/jre/lib/amd64/libnio.so
7f643043b000-7f643063a000 ---p 00011000 fd:02 2100229                    /home/ike/soft/jdk1.8/jre/lib/amd64/libnio.so
7f643063a000-7f643063b000 rw-p 00010000 fd:02 2100229                    /home/ike/soft/jdk1.8/jre/lib/amd64/libnio.so
7f643063b000-7f6430651000 r-xp 00000000 fd:02 2100243                    /home/ike/soft/jdk1.8/jre/lib/amd64/libnet.so
7f6430651000-7f6430851000 ---p 00016000 fd:02 2100243                    /home/ike/soft/jdk1.8/jre/lib/amd64/libnet.so
7f6430851000-7f6430852000 rw-p 00016000 fd:02 2100243                    /home/ike/soft/jdk1.8/jre/lib/amd64/libnet.so
7f6430852000-7f6430a52000 rw-p 00000000 00:00 0 
7f6430a52000-7f6430a5b000 r-xp 00000000 fd:02 2100283                    /home/ike/soft/jdk1.8/jre/lib/amd64/libmanagement.so
7f6430a5b000-7f6430c5a000 ---p 00009000 fd:02 2100283                    /home/ike/soft/jdk1.8/jre/lib/amd64/libmanagement.so
7f6430c5a000-7f6430c5b000 rw-p 00008000 fd:02 2100283                    /home/ike/soft/jdk1.8/jre/lib/amd64/libmanagement.so
7f6430c5b000-7f6430e5b000 rw-p 00000000 00:00 0 
7f6430e5b000-7f643105b000 rw-p 00000000 00:00 0 
7f643105b000-7f643125b000 rw-p 00000000 00:00 0 
7f643125b000-7f643145b000 rw-p 00000000 00:00 0 
7f643145b000-7f643165b000 rw-p 00000000 00:00 0 
7f643165b000-7f643185b000 rw-p 00000000 00:00 0 
7f643189d000-7f6431933000 r--s 01102000 fd:02 2100425                    /home/ike/soft/jdk1.8/jre/lib/ext/jfxrt.jar
7f6431933000-7f6431939000 r--s 0003f000 fd:02 2100426                    /home/ike/soft/jdk1.8/jre/lib/ext/sunjce_provider.jar
7f6431939000-7f643193a000 r--s 00009000 fd:02 2100423                    /home/ike/soft/jdk1.8/jre/lib/ext/sunec.jar
7f643193a000-7f643193e000 r--s 0003a000 fd:02 2100420                    /home/ike/soft/jdk1.8/jre/lib/ext/sunpkcs11.jar
7f643193e000-7f6431942000 r--s 00097000 fd:02 2100406                    /home/ike/soft/jdk1.8/jre/lib/jsse.jar
7f6431942000-7f6431947000 r--s 002f9000 fd:02 2100432                    /home/ike/soft/jdk1.8/jre/lib/charsets.jar
7f6431947000-7f643194a000 r--s 0001a000 fd:02 2100204                    /home/ike/soft/jdk1.8/jre/lib/jce.jar
7f643194a000-7f6431b4a000 rw-p 00000000 00:00 0 
7f6431b4a000-7f6431b54000 r--s 00116000 fd:02 2100424                    /home/ike/soft/jdk1.8/jre/lib/ext/localedata.jar
7f6431b54000-7f6431b55000 ---p 00000000 00:00 0 
7f6431b55000-7f6431c55000 rw-p 00000000 00:00 0 
7f6431c55000-7f6431c58000 ---p 00000000 00:00 0 
7f6431c58000-7f6431d56000 rw-p 00000000 00:00 0 
7f6431d56000-7f6431d59000 ---p 00000000 00:00 0 
7f6431d59000-7f6431e57000 rw-p 00000000 00:00 0 
7f6431e57000-7f6431e5a000 ---p 00000000 00:00 0 
7f6431e5a000-7f6431f58000 rw-p 00000000 00:00 0 
7f6431f58000-7f6431f5b000 ---p 00000000 00:00 0 
7f6431f5b000-7f6432059000 rw-p 00000000 00:00 0 
7f6432059000-7f643205b000 r--s 0000a000 fd:02 2103023                    /home/ike/soft/idea-IU-171.4424.56/plugins/Groovy/lib/agent/gragent.jar
7f643205b000-7f643205d000 r--s 0001a000 fd:02 2102710                    /home/ike/soft/idea-IU-171.4424.56/lib/idea_rt.jar
7f643205d000-7f643205f000 r--s 0000c000 fd:02 3670899                    /home/ike/.m2/repository/org/ow2/asm/asm/5.0.4/asm-5.0.4.jar
7f643205f000-7f6432060000 r--s 00000000 fd:02 4459279                    /home/ike/.gradle/caches/modules-2/files-2.1/javax.inject/javax.inject/1/6975da39a7040257bd51d21a231b76c915872d38/javax.inject-1.jar
7f6432060000-7f6432061000 r--s 00001000 fd:02 4459277                    /home/ike/.gradle/caches/modules-2/files-2.1/javax.annotation/jsr250-api/1.0/5025422767732a1ab45d93abfea846513d742dcf/jsr250-api-1.0.jar
7f6432061000-7f6432062000 r--s 00001000 fd:02 4459275                    /home/ike/.gradle/caches/modules-2/files-2.1/org.jboss.spec.javax.interceptor/jboss-interceptors-api_1.1_spec/1.0.0.Beta1/8cb388fd3b4912373da7a18e199bb55aa52aa5c1/jboss-interceptors-api_1.1_spec-1.0.0.Beta1.jar
7f6432062000-7f6432064000 r--s 00007000 fd:02 4459273                    /home/ike/.gradle/caches/modules-2/files-2.1/javax.el/el-api/2.2/42971279cc8ba864462580c7fc2199fd5715ee7f/el-api-2.2.jar
7f6432064000-7f6432066000 r--s 00005000 fd:02 2234244                    /home/ike/.m2/repository/stax/stax-api/1.0.1/stax-api-1.0.1.jar
7f6432066000-7f6432068000 r--s 0000b000 fd:02 2624367                    /home/ike/.m2/repository/org/objenesis/objenesis/2.2/objenesis-2.2.jar
7f6432068000-7f6432069000 r--s 00001000 fd:02 3670910                    /home/ike/.m2/repository/com/esotericsoftware/minlog/1.3.0/minlog-1.3.0.jar
7f6432069000-7f643206b000 r--s 00004000 fd:02 3670897                    /home/ike/.m2/repository/com/esotericsoftware/reflectasm/1.11.3/reflectasm-1.11.3.jar
7f643206b000-7f643206f000 r--s 0000e000 fd:02 4459271                    /home/ike/.gradle/caches/modules-2/files-2.1/javax.enterprise/cdi-api/1.1/78b1feee99b05a78575fb2fd79fb77be5e74420d/cdi-api-1.1.jar
7f643206f000-7f6432072000 r--s 0002b000 fd:02 4459269                    /home/ike/.gradle/caches/modules-2/files-2.1/org.jboss/jandex/2.0.0.Final/3e899258936f94649c777193e1be846387ed54b3/jandex-2.0.0.Final.jar
7f6432072000-7f6432077000 r--s 00068000 fd:02 2103485                    /home/ike/.m2/repository/antlr/antlr/2.7.7/antlr-2.7.7.jar
7f6432077000-7f64320b5000 r--s 0025d000 fd:02 2234241                    /home/ike/.m2/repository/org/apache/xmlbeans/xmlbeans/2.6.0/xmlbeans-2.6.0.jar
7f64320b5000-7f64320cd000 r--s 00110000 fd:02 3670926                    /home/ike/.m2/repository/io/netty/netty/3.7.0.Final/netty-3.7.0.Final.jar
7f64320cd000-7f64320cf000 r--s 00014000 fd:02 3539264                    /home/ike/.m2/repository/jline/jline/0.9.94/jline-0.9.94.jar
7f64320cf000-7f64320d0000 r--s 00002000 fd:02 3015918                    /home/ike/.m2/repository/org/slf4j/slf4j-log4j12/1.6.1/slf4j-log4j12-1.6.1.jar
7f64320d0000-7f64320d8000 r--s 00048000 fd:02 3670895                    /home/ike/.m2/repository/com/esotericsoftware/kryo/4.0.0/kryo-4.0.0.jar
7f64320d8000-7f64320d9000 r--s 00003000 fd:02 3540889                    /home/ike/.m2/repository/org/apache/geronimo/specs/geronimo-jta_1.1_spec/1.1.1/geronimo-jta_1.1_spec-1.1.1.jar
7f64320d9000-7f64320e3000 r--s 000ae000 fd:02 3145958                    /home/ike/.m2/repository/org/javassist/javassist/3.20.0-GA/javassist-3.20.0-GA.jar
7f64320e3000-7f64320e8000 r--s 00048000 fd:02 3801997                    /home/ike/.m2/repository/dom4j/dom4j/1.6.1/dom4j-1.6.1.jar
7f64320e8000-7f64320ec000 r--s 0000c000 fd:02 3540885                    /home/ike/.m2/repository/javax/validation/validation-api/1.1.0.Final/validation-api-1.1.0.Final.jar
7f64320ec000-7f64320f4000 r--s 00048000 fd:02 3807593                    /home/ike/.gradle/caches/modules-2/files-2.1/org.apache.httpcomponents/httpcore/4.4.6/e3fd8ced1f52c7574af952e2e6da0df8df08eb82/httpcore-4.4.6.jar
7f64320f4000-7f64320f8000 r--s 00015000 fd:02 3542611                    /home/ike/.gradle/caches/modules-2/files-2.1/com.github.virtuald/curvesapi/1.04/3386abf821719bc89c7685f9eaafaf4a842f0199/curvesapi-1.04.jar
7f64320f8000-7f64321b2000 r--s 004e0000 fd:02 7867893                    /home/ike/.gradle/caches/modules-2/files-2.1/org.apache.poi/poi-ooxml-schemas/3.16/9828a49307fc6bebfd42185b677d88b6e4994c63/poi-ooxml-schemas-3.16.jar
7f64321b2000-7f64321c2000 r--s 000a8000 fd:02 3542609                    /home/ike/.gradle/caches/modules-2/files-2.1/org.apache.commons/commons-collections4/4.1/a4cf4688fe1c7e3a63aa636cc96d013af537768e/commons-collections4-4.1.jar
7f64321c2000-7f64321ce000 r--s 000b9000 fd:02 4587592                    /home/ike/.gradle/caches/modules-2/files-2.1/org.apache.zookeeper/zookeeper/3.4.8/933ea2ed15e6a0e24b788973e3d128ff163c3136/zookeeper-3.4.8.jar
7f64321ce000-7f64321d7000 r--s 0006f000 fd:02 3670891                    /home/ike/.m2/repository/log4j/log4j/1.2.17/log4j-1.2.17.jar
7f64321d7000-7f64321ef000 r--s 001bf000 fd:02 3670928                    /home/ike/.m2/repository/org/aspectj/aspectjweaver/1.8.10/aspectjweaver-1.8.10.jar
7f64321ef000-7f64321f9000 r--s 00098000 fd:02 3671156                    /home/ike/.m2/repository/org/quartz-scheduler/quartz/2.2.3/quartz-2.2.3.jar
7f64321f9000-7f64321fe000 r--s 00029000 fd:02 3671151                    /home/ike/.m2/repository/org/springframework/spring-context-support/4.3.5.RELEASE/spring-context-support-4.3.5.RELEASE.jar
7f64321fe000-7f643220e000 r--s 000b2000 fd:02 3147507                    /home/ike/.m2/repository/org/jboss/netty/netty/3.2.5.Final/netty-3.2.5.Final.jar
7f643220e000-7f6432210000 r--s 0000e000 fd:02 3146093                    /home/ike/.m2/repository/commons-logging/commons-logging/1.2/commons-logging-1.2.jar
7f6432210000-7f6432213000 r--s 00019000 fd:02 3808679                    /home/ike/.gradle/caches/modules-2/files-2.1/org.apache.commons/commons-pool2/2.4.2/e5f4f28f19d57716fbc3989d7a357ebf1e454fea/commons-pool2-2.4.2.jar
7f6432213000-7f64322ea000 r--s 007a9000 fd:02 6293761                    /home/ike/.gradle/caches/modules-2/files-2.1/net.sf.ehcache/ehcache/2.10.3/cf74f9a4a049f181833b147a1d9aa62159c9d01d/ehcache-2.10.3.jar
7f64322ea000-7f64322ec000 r--s 0000f000 fd:02 3672160                    /home/ike/.m2/repository/org/jboss/logging/jboss-logging/3.3.0.Final/jboss-logging-3.3.0.Final.jar
7f64322ec000-7f64322ef000 r--s 00010000 fd:02 4459261                    /home/ike/.gradle/caches/modules-2/files-2.1/org.hibernate.common/hibernate-commons-annotations/5.0.1.Final/71e1cff3fcb20d3b3af4f3363c3ddb24d33c6879/hibernate-commons-annotations-5.0.1.Final.jar
7f64322ef000-7f64322f1000 r--s 00003000 fd:02 4588021                    /home/ike/.gradle/caches/modules-2/files-2.1/org.slf4j/jcl-over-slf4j/1.7.22/86ceac14535af5a42c8fb0d06d79b925dd3cb263/jcl-over-slf4j-1.7.22.jar
7f64322f1000-7f64322f9000 r--s 0003a000 fd:02 3671152                    /home/ike/.m2/repository/org/springframework/spring-tx/4.3.5.RELEASE/spring-tx-4.3.5.RELEASE.jar
7f64322f9000-7f64322fd000 r--s 00019000 fd:02 4587747                    /home/ike/.gradle/caches/modules-2/files-2.1/org.aspectj/aspectjrt/1.8.9/87372d9e2323313bec24b09a325bfea8ae0eb867/aspectjrt-1.8.9.jar
7f64322fd000-7f6432307000 r--s 00068000 fd:02 4587743                    /home/ike/.gradle/caches/modules-2/files-2.1/org.springframework/spring-orm/4.2.8.RELEASE/43b557f5025782616f791dbd720b4a606eeca1bf/spring-orm-4.2.8.RELEASE.jar
7f6432307000-7f643231e000 r--s 000fb000 fd:02 6424510                    /home/ike/.gradle/caches/modules-2/files-2.1/org.springframework/spring-core/4.3.7.RELEASE/54fa2db94cc7222edc90ec71354e47cd1dc07f7b/spring-core-4.3.7.RELEASE.jar
7f643231e000-7f6432323000 r--s 0003c000 fd:02 6554776                    /home/ike/.gradle/caches/modules-2/files-2.1/org.springframework/spring-expression/4.3.7.RELEASE/5257b6486e43d8c05674323fea5b415d4da72f38/spring-expression-4.3.7.RELEASE.jar
7f6432323000-7f6432331000 r--s 000ad000 fd:02 6424518                    /home/ike/.gradle/caches/modules-2/files-2.1/org.springframework/spring-beans/4.3.7.RELEASE/2de9f59f3202965438f3a02057d6ad8274636044/spring-beans-4.3.7.RELEASE.jar
7f6432331000-7f643233a000 r--s 00054000 fd:02 6554774                    /home/ike/.gradle/caches/modules-2/files-2.1/org.springframework/spring-aop/4.3.7.RELEASE/3f243d685e4a8a78a0c291445c6d85560ec4d339/spring-aop-4.3.7.RELEASE.jar
7f643233a000-7f643233d000 r--s 0000c000 fd:02 3671062                    /home/ike/.m2/repository/org/mengyun/tcc-transaction-core/1.1.5/tcc-transaction-core-1.1.5.jar
7f643233d000-7f6432340000 r--s 00015000 fd:02 3807983                    /home/ike/.m2/repository/javax/servlet/javax.servlet-api/3.1.0/javax.servlet-api-3.1.0.jar
7f6432340000-7f6432343000 r--s 00010000 fd:02 4587590                    /home/ike/.gradle/caches/modules-2/files-2.1/com.101tec/zkclient/0.10/c54d4b5a5e89af75a80b6d5857400165ce5188d0/zkclient-0.10.jar
7f6432343000-7f6432361000 r--s 00143000 fd:02 3670645                    /home/ike/.m2/repository/com/alibaba/dubbo/2.5.4-SNAPSHOT/dubbo-2.5.4-SNAPSHOT.jar
7f6432361000-7f6432363000 r--s 0000e000 fd:02 4459297                    /home/ike/.gradle/caches/modules-2/files-2.1/com.fasterxml/classmate/1.3.3/864c8e370a691e343210cc7c532fc198cee460d8/classmate-1.3.3.jar
7f6432363000-7f6432375000 r--s 000a7000 fd:02 3670135                    /home/ike/.gradle/caches/modules-2/files-2.1/org.hibernate/hibernate-validator/5.4.0.Final/2076cbd5719e4182a75ab32e7186deb0ca5ac376/hibernate-validator-5.4.0.Final.jar
7f6432375000-7f643237a000 r--s 00061000 fd:02 3670330                    /home/ike/.gradle/caches/modules-2/files-2.1/com.alibaba/fastjson/1.2.23/be2508e9bac203c38f3f52fc8d33332c4e7ee6c5/fastjson-1.2.23.jar
7f643237a000-7f643237d000 r--s 0001a000 fd:02 7733451                    /home/ike/.gradle/caches/modules-2/files-2.1/org.glassfish.web/javax.el/2.2.6/232abfe1f919127e9cfcd6e4e2c6324bb394535/javax.el-2.2.6.jar
7f643237d000-7f6432389000 r--s 0007c000 fd:02 4590155                    /home/ike/.gradle/caches/modules-2/files-2.1/redis.clients/jedis/2.9.0/292bc9cc26553acd3cccc26f2f95620bf88a04c2/jedis-2.9.0.jar
7f6432389000-7f643238c000 r--s 00020000 fd:02 6168744                    /home/ike/.gradle/caches/modules-2/files-2.1/org.hibernate/hibernate-ehcache/5.2.4.Final/f70147c655b970ca70e3913f91880da6d264fe68/hibernate-ehcache-5.2.4.Final.jar
7f643238c000-7f643239d000 r--s 0009a000 fd:02 6424506                    /home/ike/.gradle/caches/modules-2/files-2.1/org.springframework.data/spring-data-commons/1.12.8.RELEASE/827a994d703ad9916b694d17401d8bf78bd773f9/spring-data-commons-1.12.8.RELEASE.jar
7f643239d000-7f64323b7000 r--s 000fd000 fd:02 6424513                    /home/ike/.gradle/caches/modules-2/files-2.1/org.springframework/spring-context/4.3.7.RELEASE/34b66b0b7910122ef95ba4fff6da9238ef80a5de/spring-context-4.3.7.RELEASE.jar
7f64323b7000-7f64323ce000 r--s 001b7000 fd:02 4587733                    /home/ike/.gradle/caches/modules-2/files-2.1/mysql/mysql-connector-java/6.0.5/9d8df5a1f3273110f2a9ad304961bdd03d696d86/mysql-connector-java-6.0.5.jar
7f64323ce000-7f64323f0000 r--s 001e6000 fd:02 4587737                    /home/ike/.gradle/caches/modules-2/files-2.1/com.alibaba/druid/1.0.26/f4bc6159b34e4cda5abd6480203492b470aa1a36/druid-1.0.26.jar
7f64323f0000-7f6432468000 r--s 005a9000 fd:02 4459259                    /home/ike/.gradle/caches/modules-2/files-2.1/org.hibernate/hibernate-core/5.2.4.Final/52414fccd4429d8f723996e26c61330df094d06c/hibernate-core-5.2.4.Final.jar
7f6432468000-7f643246b000 ---p 00000000 00:00 0 
7f643246b000-7f6432569000 rw-p 00000000 00:00 0 
7f6432569000-7f643256c000 ---p 00000000 00:00 0 
7f643256c000-7f643266a000 rw-p 00000000 00:00 0 
7f643266a000-7f643266d000 ---p 00000000 00:00 0 
7f643266d000-7f643276b000 rw-p 00000000 00:00 0 
7f643276b000-7f643276f000 r-xp 00000000 fd:02 2100248                    /home/ike/soft/jdk1.8/jre/lib/amd64/libdt_socket.so
7f643276f000-7f643296e000 ---p 00004000 fd:02 2100248                    /home/ike/soft/jdk1.8/jre/lib/amd64/libdt_socket.so
7f643296e000-7f643296f000 rw-p 00003000 fd:02 2100248                    /home/ike/soft/jdk1.8/jre/lib/amd64/libdt_socket.so
7f643296f000-7f6432972000 ---p 00000000 00:00 0 
7f6432972000-7f6432a70000 rw-p 00000000 00:00 0 
7f6432a70000-7f6432a73000 ---p 00000000 00:00 0 
7f6432a73000-7f6432b71000 rw-p 00000000 00:00 0 
7f6432b71000-7f6432b74000 ---p 00000000 00:00 0 
7f6432b74000-7f6432c72000 rw-p 00000000 00:00 0 
7f6432c72000-7f6432c73000 ---p 00000000 00:00 0 
7f6432c73000-7f6438000000 rw-p 00000000 00:00 0 
7f6438000000-7f6438021000 rw-p 00000000 00:00 0 
7f6438021000-7f643c000000 ---p 00000000 00:00 0 
7f643c000000-7f643c021000 rw-p 00000000 00:00 0 
7f643c021000-7f6440000000 ---p 00000000 00:00 0 
7f6440000000-7f6440021000 rw-p 00000000 00:00 0 
7f6440021000-7f6444000000 ---p 00000000 00:00 0 
7f6444000000-7f6444027000 rw-p 00000000 00:00 0 
7f6444027000-7f6448000000 ---p 00000000 00:00 0 
7f6448000000-7f6448002000 r--s 00010000 fd:02 7733449                    /home/ike/.gradle/caches/modules-2/files-2.1/javax.el/javax.el-api/3.0.1-b04/8c0c970b8deae5054ff0bf4b17979c8181a506d3/javax.el-api-3.0.1-b04.jar
7f6448002000-7f644800c000 r--s 0005f000 fd:02 3671148                    /home/ike/.m2/repository/org/springframework/spring-jdbc/4.3.5.RELEASE/spring-jdbc-4.3.5.RELEASE.jar
7f644800c000-7f6448013000 r--s 0003e000 fd:02 4587735                    /home/ike/.gradle/caches/modules-2/files-2.1/org.springframework.data/spring-data-jpa/1.10.3.RELEASE/fc31fbdb8ff777d29077ac53a616f11c2c0df59/spring-data-jpa-1.10.3.RELEASE.jar
7f6448013000-7f6448017000 r--s 0002f000 fd:02 3670137                    /home/ike/.gradle/caches/modules-2/files-2.1/commons-io/commons-io/2.5/2852e6e05fbb95076fc091f6d1780f1f8fe35e0f/commons-io-2.5.jar
7f6448017000-7f6448019000 r--s 00009000 fd:02 4460443                    /home/ike/.gradle/caches/modules-2/files-2.1/org.slf4j/slf4j-api/1.7.24/3f6b4bd4f8dbe8d4bea06d107a3826469b85c3e9/slf4j-api-1.7.24.jar
7f6448019000-7f6448021000 r--s 0006e000 fd:02 3670118                    /home/ike/.gradle/caches/modules-2/files-2.1/org.apache.commons/commons-lang3/3.5/6c6c702c89bfff3cd9e80b04d668c5e190d588c6/commons-lang3-3.5.jar
7f6448021000-7f6448026000 r--s 00017000 fd:02 3148263                    /home/ike/.m2/repository/org/hibernate/javax/persistence/hibernate-jpa-2.1-api/1.0.0.Final/hibernate-jpa-2.1-api-1.0.0.Final.jar
7f6448026000-7f6448029000 r--s 00013000 fd:02 4067622                    /home/ike/.gradle/caches/modules-2/files-2.1/com.aliyun/aliyun-java-sdk-core/3.2.6/c5612a1795250979bb691c3ae98a7e916532b8db/aliyun-java-sdk-core-3.2.6.jar
7f6448029000-7f6448058000 r--s 00239000 fd:02 5376285                    /home/ike/.gradle/caches/modules-2/files-2.1/com.google.guava/guava/21.0/3a3d111be1be1b745edfa7d91678a12d7ed38709/guava-21.0.jar
7f6448058000-7f644805f000 r--s 0003f000 fd:02 4196565                    /home/ike/.m2/repository/commons-codec/commons-codec/1.10/commons-codec-1.10.jar
7f644805f000-7f644806c000 r--s 000aa000 fd:02 3807591                    /home/ike/.gradle/caches/modules-2/files-2.1/org.apache.httpcomponents/httpclient/4.5.3/d1577ae15f01ef5438c5afc62162457c00a34713/httpclient-4.5.3.jar
7f644806c000-7f6448098000 r--s 00263000 fd:02 7867889                    /home/ike/.gradle/caches/modules-2/files-2.1/org.apache.poi/poi/3.16/ad21c123ee5d6b5b2a8f0d4ed23b3ffe6759a889/poi-3.16.jar
7f6448098000-7f64480ab000 r--s 0014c000 fd:02 7867891                    /home/ike/.gradle/caches/modules-2/files-2.1/org.apache.poi/poi-ooxml/3.16/76e20fe22404cc4da55ddfdaaaadee32bbfa3bdd/poi-ooxml-3.16.jar
7f64480ab000-7f64480be000 r--s 00345000 fd:02 2100473                    /home/ike/soft/jdk1.8/jre/lib/resources.jar
7f64480be000-7f64480d9000 r--s 00208000 fd:02 2100407                    /home/ike/soft/jdk1.8/jre/lib/deploy.jar
7f64480d9000-7f64482db000 rw-p 00000000 00:00 0 
7f64482db000-7f64484b4000 r--s 03d29000 fd:02 2100521                    /home/ike/soft/jdk1.8/jre/lib/rt.jar
7f64484b4000-7f644888c000 rw-p 00000000 00:00 0 
7f644888c000-7f644888d000 ---p 00000000 00:00 0 
7f644888d000-7f644898d000 rw-p 00000000 00:00 0 
7f644898d000-7f644898e000 ---p 00000000 00:00 0 
7f644898e000-7f6448a8e000 rw-p 00000000 00:00 0 
7f6448a8e000-7f6448a8f000 ---p 00000000 00:00 0 
7f6448a8f000-7f6448bb5000 rw-p 00000000 00:00 0 
7f6448bb5000-7f6448e1f000 ---p 00000000 00:00 0 
7f6448e1f000-7f6448e45000 rw-p 00000000 00:00 0 
7f6448e45000-7f64490af000 ---p 00000000 00:00 0 
7f64490af000-7f6449147000 rw-p 00000000 00:00 0 
7f6449147000-7f64491f7000 ---p 00000000 00:00 0 
7f64491f7000-7f6449249000 rw-p 00000000 00:00 0 
7f6449249000-7f64495b8000 ---p 00000000 00:00 0 
7f64495b8000-7f644a9c8000 rwxp 00000000 00:00 0 
7f644a9c8000-7f64585b8000 ---p 00000000 00:00 0 
7f64585b8000-7f64585d2000 r-xp 00000000 fd:02 2100263                    /home/ike/soft/jdk1.8/jre/lib/amd64/libzip.so
7f64585d2000-7f64587d2000 ---p 0001a000 fd:02 2100263                    /home/ike/soft/jdk1.8/jre/lib/amd64/libzip.so
7f64587d2000-7f64587d3000 rw-p 0001a000 fd:02 2100263                    /home/ike/soft/jdk1.8/jre/lib/amd64/libzip.so
7f64587d3000-7f64587dd000 r-xp 00000000 fd:00 2891856                    /usr/lib64/libnss_files-2.24.so
7f64587dd000-7f64589dd000 ---p 0000a000 fd:00 2891856                    /usr/lib64/libnss_files-2.24.so
7f64589dd000-7f64589de000 r--p 0000a000 fd:00 2891856                    /usr/lib64/libnss_files-2.24.so
7f64589de000-7f64589df000 rw-p 0000b000 fd:00 2891856                    /usr/lib64/libnss_files-2.24.so
7f64589df000-7f64589e5000 rw-p 00000000 00:00 0 
7f64589e5000-7f64589ef000 r-xp 00000000 fd:02 2100232                    /home/ike/soft/jdk1.8/jre/lib/amd64/libinstrument.so
7f64589ef000-7f6458bee000 ---p 0000a000 fd:02 2100232                    /home/ike/soft/jdk1.8/jre/lib/amd64/libinstrument.so
7f6458bee000-7f6458bef000 rw-p 00009000 fd:02 2100232                    /home/ike/soft/jdk1.8/jre/lib/amd64/libinstrument.so
7f6458bef000-7f645f788000 r--p 00000000 fd:00 2885042                    /usr/lib/locale/locale-archive
7f645f788000-7f645f78a000 r-xp 00000000 fd:02 2100241                    /home/ike/soft/jdk1.8/jre/lib/amd64/libnpt.so
7f645f78a000-7f645f98a000 ---p 00002000 fd:02 2100241                    /home/ike/soft/jdk1.8/jre/lib/amd64/libnpt.so
7f645f98a000-7f645f98b000 rw-p 00002000 fd:02 2100241                    /home/ike/soft/jdk1.8/jre/lib/amd64/libnpt.so
7f645f98b000-7f645f9c4000 r-xp 00000000 fd:02 2100224                    /home/ike/soft/jdk1.8/jre/lib/amd64/libjdwp.so
7f645f9c4000-7f645fbc3000 ---p 00039000 fd:02 2100224                    /home/ike/soft/jdk1.8/jre/lib/amd64/libjdwp.so
7f645fbc3000-7f645fbc5000 rw-p 00038000 fd:02 2100224                    /home/ike/soft/jdk1.8/jre/lib/amd64/libjdwp.so
7f645fbc5000-7f645fbef000 r-xp 00000000 fd:02 2100286                    /home/ike/soft/jdk1.8/jre/lib/amd64/libjava.so
7f645fbef000-7f645fdef000 ---p 0002a000 fd:02 2100286                    /home/ike/soft/jdk1.8/jre/lib/amd64/libjava.so
7f645fdef000-7f645fdf1000 rw-p 0002a000 fd:02 2100286                    /home/ike/soft/jdk1.8/jre/lib/amd64/libjava.so
7f645fdf1000-7f645fdfe000 r-xp 00000000 fd:02 2100257                    /home/ike/soft/jdk1.8/jre/lib/amd64/libverify.so
7f645fdfe000-7f645fffe000 ---p 0000d000 fd:02 2100257                    /home/ike/soft/jdk1.8/jre/lib/amd64/libverify.so
7f645fffe000-7f6460000000 rw-p 0000d000 fd:02 2100257                    /home/ike/soft/jdk1.8/jre/lib/amd64/libverify.so
7f6460000000-7f6462026000 rw-p 00000000 00:00 0 
7f6462026000-7f6464000000 ---p 00000000 00:00 0 
7f6464000000-7f6464001000 r--s 00001000 fd:02 3670688                    /home/ike/.m2/repository/org/mengyun/tcc-transaction-api/1.1.5/tcc-transaction-api-1.1.5.jar
7f6464001000-7f6464003000 r--s 00003000 fd:02 6424607                    /home/ike/code/goddess-java/modules/user/user-provider/lib/aliyun-java-sdk-dysmsapi-1.0.0.jar
7f6464003000-7f6464016000 r--s 000d6000 fd:02 2100468                    /home/ike/soft/jdk1.8/jre/lib/plugin.jar
7f6464016000-7f646408c000 rw-p 00000000 00:00 0 
7f646408c000-7f646408d000 ---p 00000000 00:00 0 
7f646408d000-7f646418d000 rw-p 00000000 00:00 0 
7f646418d000-7f6464194000 r-xp 00000000 fd:00 2891975                    /usr/lib64/librt-2.24.so
7f6464194000-7f6464393000 ---p 00007000 fd:00 2891975                    /usr/lib64/librt-2.24.so
7f6464393000-7f6464394000 r--p 00006000 fd:00 2891975                    /usr/lib64/librt-2.24.so
7f6464394000-7f6464395000 rw-p 00007000 fd:00 2891975                    /usr/lib64/librt-2.24.so
7f6464395000-7f646449d000 r-xp 00000000 fd:00 2891438                    /usr/lib64/libm-2.24.so
7f646449d000-7f646469c000 ---p 00108000 fd:00 2891438                    /usr/lib64/libm-2.24.so
7f646469c000-7f646469d000 r--p 00107000 fd:00 2891438                    /usr/lib64/libm-2.24.so
7f646469d000-7f646469e000 rw-p 00108000 fd:00 2891438                    /usr/lib64/libm-2.24.so
7f646469e000-7f6465369000 r-xp 00000000 fd:02 2100238                    /home/ike/soft/jdk1.8/jre/lib/amd64/server/libjvm.so
7f6465369000-7f6465568000 ---p 00ccb000 fd:02 2100238                    /home/ike/soft/jdk1.8/jre/lib/amd64/server/libjvm.so
7f6465568000-7f6465641000 rw-p 00cca000 fd:02 2100238                    /home/ike/soft/jdk1.8/jre/lib/amd64/server/libjvm.so
7f6465641000-7f646568c000 rw-p 00000000 00:00 0 
7f646568c000-7f6465849000 r-xp 00000000 fd:00 2891285                    /usr/lib64/libc-2.24.so
7f6465849000-7f6465a48000 ---p 001bd000 fd:00 2891285                    /usr/lib64/libc-2.24.so
7f6465a48000-7f6465a4c000 r--p 001bc000 fd:00 2891285                    /usr/lib64/libc-2.24.so
7f6465a4c000-7f6465a4e000 rw-p 001c0000 fd:00 2891285                    /usr/lib64/libc-2.24.so
7f6465a4e000-7f6465a52000 rw-p 00000000 00:00 0 
7f6465a52000-7f6465a55000 r-xp 00000000 fd:00 2891382                    /usr/lib64/libdl-2.24.so
7f6465a55000-7f6465c54000 ---p 00003000 fd:00 2891382                    /usr/lib64/libdl-2.24.so
7f6465c54000-7f6465c55000 r--p 00002000 fd:00 2891382                    /usr/lib64/libdl-2.24.so
7f6465c55000-7f6465c56000 rw-p 00003000 fd:00 2891382                    /usr/lib64/libdl-2.24.so
7f6465c56000-7f6465c6b000 r-xp 00000000 fd:02 2098935                    /home/ike/soft/jdk1.8/lib/amd64/jli/libjli.so
7f6465c6b000-7f6465e6b000 ---p 00015000 fd:02 2098935                    /home/ike/soft/jdk1.8/lib/amd64/jli/libjli.so
7f6465e6b000-7f6465e6c000 rw-p 00015000 fd:02 2098935                    /home/ike/soft/jdk1.8/lib/amd64/jli/libjli.so
7f6465e6c000-7f6465e84000 r-xp 00000000 fd:00 2891857                    /usr/lib64/libpthread-2.24.so
7f6465e84000-7f6466084000 ---p 00018000 fd:00 2891857                    /usr/lib64/libpthread-2.24.so
7f6466084000-7f6466085000 r--p 00018000 fd:00 2891857                    /usr/lib64/libpthread-2.24.so
7f6466085000-7f6466086000 rw-p 00019000 fd:00 2891857                    /usr/lib64/libpthread-2.24.so
7f6466086000-7f646608a000 rw-p 00000000 00:00 0 
7f646608a000-7f64660af000 r-xp 00000000 fd:00 2894298                    /usr/lib64/ld-2.24.so
7f64660af000-7f64660b0000 r--s 00002000 fd:02 3671205                    /home/ike/.m2/repository/org/mengyun/tcc-transaction-spring/1.1.5/tcc-transaction-spring-1.1.5.jar
7f64660b0000-7f64660b4000 r--s 00097000 fd:02 2100406                    /home/ike/soft/jdk1.8/jre/lib/jsse.jar
7f64660b4000-7f64660b9000 r--s 00084000 fd:02 2100412                    /home/ike/soft/jdk1.8/jre/lib/jfr.jar
7f64660b9000-7f64660c3000 r--s 0006c000 fd:02 2100376                    /home/ike/soft/jdk1.8/jre/lib/javaws.jar
7f64660c3000-7f6466194000 rw-p 00000000 00:00 0 
7f6466194000-7f6466197000 ---p 00000000 00:00 0 
7f6466197000-7f6466297000 rw-p 00000000 00:00 0 
7f6466297000-7f6466298000 r--s 00000000 fd:02 4459257                    /home/ike/.gradle/caches/modules-2/files-2.1/org.hibernate/hibernate-entitymanager/5.2.4.Final/b5f9506bbff26ce5c75f16e568fa43d148d0f1d1/hibernate-entitymanager-5.2.4.Final.jar
7f6466298000-7f6466299000 r--s 00000000 fd:02 2100401                    /home/ike/soft/jdk1.8/jre/lib/management-agent.jar
7f6466299000-7f646629b000 r--s 00007000 fd:02 2100375                    /home/ike/soft/jdk1.8/jre/lib/jfxswt.jar
7f646629b000-7f646629e000 r--s 0001a000 fd:02 2100204                    /home/ike/soft/jdk1.8/jre/lib/jce.jar
7f646629e000-7f64662a3000 r--s 002f9000 fd:02 2100432                    /home/ike/soft/jdk1.8/jre/lib/charsets.jar
7f64662a3000-7f64662ab000 rw-s 00000000 00:29 1047689                    /tmp/hsperfdata_ike/30647
7f64662ab000-7f64662ac000 rw-p 00000000 00:00 0 
7f64662ac000-7f64662ad000 ---p 00000000 00:00 0 
7f64662ad000-7f64662af000 rw-p 00000000 00:00 0 
7f64662af000-7f64662b0000 r--p 00025000 fd:00 2894298                    /usr/lib64/ld-2.24.so
7f64662b0000-7f64662b1000 rw-p 00026000 fd:00 2894298                    /usr/lib64/ld-2.24.so
7f64662b1000-7f64662b2000 rw-p 00000000 00:00 0 
7ffe3a7b3000-7ffe3a7d7000 rw-p 00000000 00:00 0                          [stack]
7ffe3a7e5000-7ffe3a7e7000 r--p 00000000 00:00 0                          [vvar]
7ffe3a7e7000-7ffe3a7e9000 r-xp 00000000 00:00 0                          [vdso]
ffffffffff600000-ffffffffff601000 r-xp 00000000 00:00 0                  [vsyscall]

VM Arguments:
jvm_args: -agentlib:jdwp=transport=dt_socket,address=127.0.0.1:41903,suspend=y,server=n -javaagent:/home/ike/soft/idea-IU-171.4424.56/plugins/Groovy/lib/agent/gragent.jar -Dfile.encoding=UTF-8 
java_command: com.bjike.goddess.user.Application
java_class_path (initial): /home/ike/soft/jdk1.8/jre/lib/charsets.jar:/home/ike/soft/jdk1.8/jre/lib/deploy.jar:/home/ike/soft/jdk1.8/jre/lib/ext/cldrdata.jar:/home/ike/soft/jdk1.8/jre/lib/ext/dnsns.jar:/home/ike/soft/jdk1.8/jre/lib/ext/jaccess.jar:/home/ike/soft/jdk1.8/jre/lib/ext/jfxrt.jar:/home/ike/soft/jdk1.8/jre/lib/ext/localedata.jar:/home/ike/soft/jdk1.8/jre/lib/ext/nashorn.jar:/home/ike/soft/jdk1.8/jre/lib/ext/sunec.jar:/home/ike/soft/jdk1.8/jre/lib/ext/sunjce_provider.jar:/home/ike/soft/jdk1.8/jre/lib/ext/sunpkcs11.jar:/home/ike/soft/jdk1.8/jre/lib/ext/zipfs.jar:/home/ike/soft/jdk1.8/jre/lib/javaws.jar:/home/ike/soft/jdk1.8/jre/lib/jce.jar:/home/ike/soft/jdk1.8/jre/lib/jfr.jar:/home/ike/soft/jdk1.8/jre/lib/jfxswt.jar:/home/ike/soft/jdk1.8/jre/lib/jsse.jar:/home/ike/soft/jdk1.8/jre/lib/management-agent.jar:/home/ike/soft/jdk1.8/jre/lib/plugin.jar:/home/ike/soft/jdk1.8/jre/lib/resources.jar:/home/ike/soft/jdk1.8/jre/lib/rt.jar:/home/ike/code/goddess-java/modules/user/user-provider/build/classes/java/main:/home/ike/code/goddess-java/modules/user/user-provider/build/resources/main:/home/ike/code/goddess-java/modules/user/user-provider/lib/aliyun-java-sdk-dysmsapi-1.0.0.jar:/home/ike/code/goddess-java/common/common-jpa/build/classes/java/main:/home/ike/code/goddess-java/common/common-provider/build/classes/java/main:/home/ike/code/goddess-java/common/common-provider/build/resources/main:/home/ike/code/goddess-java/modules/user/user-api/build/classes/java/main:/home/ike/code/goddess-java/common/common-utils/build/classes/java/main:/home/ike/code/goddess-java/common/common-redis/build/classes/java/main:/home/ike/.gradle/caches/modules-2/files-2.1/org.apache.poi/poi-ooxml/3.16/76e20fe22404cc4da55ddfdaaaadee32bbfa3bdd/poi-ooxml-3.16.jar:/home/ike/.gradle/caches/modules-2/files-2.1/org.apache.poi/poi/3.16/ad21c123ee5d6b5b2a8f0d4ed23b3ffe6759a889/poi-3.16.jar:/home/ike/.gradle/caches/modules-2/files-2.1/org.apache.httpcomponents/httpclient/4.5.3/d1577ae15f01ef5438c5a
Launcher Type: SUN_STANDARD

Environment Variables:
JAVA_HOME=/home/ike/soft/jdk1.8
PATH=/home/ike/soft/gradle/bin:/home/ike/soft/maven3.3.9/bin:/home/ike/soft/jdk1.8/bin:/home/ike/soft/jdk1.8/bin:/home/ike/soft/gradle-4.1/bin:/home/ike/soft/maven3.3.9/bin:/usr/lib64/qt-3.3/bin:/usr/local/bin:/usr/local/sbin:/usr/bin:/usr/sbin:/home/ike/.local/bin:/home/ike/bin
USERNAME=ike
LD_LIBRARY_PATH=/home/ike/soft/idea-IU-171.4424.56/bin:
SHELL=/bin/bash
DISPLAY=:0

Signal Handlers:
SIGSEGV: [libjvm.so+0xac4790], sa_mask[0]=11111111011111111101111111111110, sa_flags=SA_RESTART|SA_SIGINFO
SIGBUS: [libjvm.so+0xac4790], sa_mask[0]=11111111011111111101111111111110, sa_flags=SA_RESTART|SA_SIGINFO
SIGFPE: [libjvm.so+0x91f140], sa_mask[0]=11111111011111111101111111111110, sa_flags=SA_RESTART|SA_SIGINFO
SIGPIPE: [libjvm.so+0x91f140], sa_mask[0]=11111111011111111101111111111110, sa_flags=SA_RESTART|SA_SIGINFO
SIGXFSZ: [libjvm.so+0x91f140], sa_mask[0]=11111111011111111101111111111110, sa_flags=SA_RESTART|SA_SIGINFO
SIGILL: [libjvm.so+0x91f140], sa_mask[0]=11111111011111111101111111111110, sa_flags=SA_RESTART|SA_SIGINFO
SIGUSR1: SIG_DFL, sa_mask[0]=00000000000000000000000000000000, sa_flags=none
SIGUSR2: [libjvm.so+0x920770], sa_mask[0]=00100000000000000000000000000000, sa_flags=SA_RESTART|SA_SIGINFO
SIGHUP: [libjvm.so+0x921b70], sa_mask[0]=11111111011111111101111111111110, sa_flags=SA_RESTART|SA_SIGINFO
SIGINT: [libjvm.so+0x921b70], sa_mask[0]=11111111011111111101111111111110, sa_flags=SA_RESTART|SA_SIGINFO
SIGTERM: [libjvm.so+0x921b70], sa_mask[0]=11111111011111111101111111111110, sa_flags=SA_RESTART|SA_SIGINFO
SIGQUIT: [libjvm.so+0x921b70], sa_mask[0]=11111111011111111101111111111110, sa_flags=SA_RESTART|SA_SIGINFO


---------------  S Y S T E M  ---------------

OS:Fedora release 25 (Twenty Five)

uname:Linux 4.8.6-300.fc25.x86_64 #1 SMP Tue Nov 1 12:36:38 UTC 2016 x86_64
libc:glibc 2.24 NPTL 2.24 
rlimit: STACK 8192k, CORE 0k, NPROC 31367, NOFILE 4096, AS infinity
load average:10.05 3.16 4.63

/proc/meminfo:
MemTotal:        8053800 kB
MemFree:          104868 kB
MemAvailable:       8392 kB
Buffers:            1000 kB
Cached:           206780 kB
SwapCached:          968 kB
Active:          6658636 kB
Inactive:         871368 kB
Active(anon):    6648396 kB
Inactive(anon):   860948 kB
Active(file):      10240 kB
Inactive(file):    10420 kB
Unevictable:          80 kB
Mlocked:              80 kB
SwapTotal:       8187900 kB
SwapFree:              0 kB
Dirty:                 0 kB
Writeback:            40 kB
AnonPages:       7322156 kB
Mapped:            17372 kB
Shmem:            187028 kB
Slab:             193116 kB
SReclaimable:      59128 kB
SUnreclaim:       133988 kB
KernelStack:       44848 kB
PageTables:       101864 kB
NFS_Unstable:          0 kB
Bounce:                0 kB
WritebackTmp:          0 kB
CommitLimit:    12214800 kB
Committed_AS:   24633272 kB
VmallocTotal:   34359738367 kB
VmallocUsed:           0 kB
VmallocChunk:          0 kB
HardwareCorrupted:     0 kB
AnonHugePages:         0 kB
ShmemHugePages:        0 kB
ShmemPmdMapped:        0 kB
CmaTotal:              0 kB
CmaFree:               0 kB
HugePages_Total:       0
HugePages_Free:        0
HugePages_Rsvd:        0
HugePages_Surp:        0
Hugepagesize:       2048 kB
DirectMap4k:      316580 kB
DirectMap2M:     7950336 kB
DirectMap1G:           0 kB


CPU:total 4 (4 cores per cpu, 1 threads per core) family 6 model 94 stepping 3, cmov, cx8, fxsr, mmx, sse, sse2, sse3, ssse3, sse4.1, sse4.2, popcnt, avx, avx2, aes, clmul, erms, rtm, 3dnowpref, lzcnt, tsc, tscinvbit, bmi1, bmi2, adx

/proc/cpuinfo:
processor	: 0
vendor_id	: GenuineIntel
cpu family	: 6
model		: 94
model name	: Intel(R) Core(TM) i5-6500 CPU @ 3.20GHz
stepping	: 3
microcode	: 0x9e
cpu MHz		: 3300.000
cache size	: 6144 KB
physical id	: 0
siblings	: 4
core id		: 0
cpu cores	: 4
apicid		: 0
initial apicid	: 0
fpu		: yes
fpu_exception	: yes
cpuid level	: 22
wp		: yes
flags		: fpu vme de pse tsc msr pae mce cx8 apic sep mtrr pge mca cmov pat pse36 clflush dts acpi mmx fxsr sse sse2 ss ht tm pbe syscall nx pdpe1gb rdtscp lm constant_tsc art arch_perfmon pebs bts rep_good nopl xtopology nonstop_tsc aperfmperf eagerfpu pni pclmulqdq dtes64 monitor ds_cpl vmx smx est tm2 ssse3 sdbg fma cx16 xtpr pdcm pcid sse4_1 sse4_2 x2apic movbe popcnt tsc_deadline_timer aes xsave avx f16c rdrand lahf_lm abm 3dnowprefetch intel_pt tpr_shadow vnmi flexpriority ept vpid fsgsbase tsc_adjust bmi1 hle avx2 smep bmi2 erms invpcid rtm mpx rdseed adx smap clflushopt xsaveopt xsavec xgetbv1 xsaves dtherm ida arat pln pts hwp hwp_notify hwp_act_window hwp_epp
bugs		:
bogomips	: 6384.00
clflush size	: 64
cache_alignment	: 64
address sizes	: 39 bits physical, 48 bits virtual
power management:

processor	: 1
vendor_id	: GenuineIntel
cpu family	: 6
model		: 94
model name	: Intel(R) Core(TM) i5-6500 CPU @ 3.20GHz
stepping	: 3
microcode	: 0x9e
cpu MHz		: 3299.804
cache size	: 6144 KB
physical id	: 0
siblings	: 4
core id		: 1
cpu cores	: 4
apicid		: 2
initial apicid	: 2
fpu		: yes
fpu_exception	: yes
cpuid level	: 22
wp		: yes
flags		: fpu vme de pse tsc msr pae mce cx8 apic sep mtrr pge mca cmov pat pse36 clflush dts acpi mmx fxsr sse sse2 ss ht tm pbe syscall nx pdpe1gb rdtscp lm constant_tsc art arch_perfmon pebs bts rep_good nopl xtopology nonstop_tsc aperfmperf eagerfpu pni pclmulqdq dtes64 monitor ds_cpl vmx smx est tm2 ssse3 sdbg fma cx16 xtpr pdcm pcid sse4_1 sse4_2 x2apic movbe popcnt tsc_deadline_timer aes xsave avx f16c rdrand lahf_lm abm 3dnowprefetch intel_pt tpr_shadow vnmi flexpriority ept vpid fsgsbase tsc_adjust bmi1 hle avx2 smep bmi2 erms invpcid rtm mpx rdseed adx smap clflushopt xsaveopt xsavec xgetbv1 xsaves dtherm ida arat pln pts hwp hwp_notify hwp_act_window hwp_epp
bugs		:
bogomips	: 6387.60
clflush size	: 64
cache_alignment	: 64
address sizes	: 39 bits physical, 48 bits virtual
power management:

processor	: 2
vendor_id	: GenuineIntel
cpu family	: 6
model		: 94
model name	: Intel(R) Core(TM) i5-6500 CPU @ 3.20GHz
stepping	: 3
microcode	: 0x9e
cpu MHz		: 3299.804
cache size	: 6144 KB
physical id	: 0
siblings	: 4
core id		: 2
cpu cores	: 4
apicid		: 4
initial apicid	: 4
fpu		: yes
fpu_exception	: yes
cpuid level	: 22
wp		: yes
flags		: fpu vme de pse tsc msr pae mce cx8 apic sep mtrr pge mca cmov pat pse36 clflush dts acpi mmx fxsr sse sse2 ss ht tm pbe syscall nx pdpe1gb rdtscp lm constant_tsc art arch_perfmon pebs bts rep_good nopl xtopology nonstop_tsc aperfmperf eagerfpu pni pclmulqdq dtes64 monitor ds_cpl vmx smx est tm2 ssse3 sdbg fma cx16 xtpr pdcm pcid sse4_1 sse4_2 x2apic movbe popcnt tsc_deadline_timer aes xsave avx f16c rdrand lahf_lm abm 3dnowprefetch intel_pt tpr_shadow vnmi flexpriority ept vpid fsgsbase tsc_adjust bmi1 hle avx2 smep bmi2 erms invpcid rtm mpx rdseed adx smap clflushopt xsaveopt xsavec xgetbv1 xsaves dtherm ida arat pln pts hwp hwp_notify hwp_act_window hwp_epp
bugs		:
bogomips	: 6387.70
clflush size	: 64
cache_alignment	: 64
address sizes	: 39 bits physical, 48 bits virtual
power management:

processor	: 3
vendor_id	: GenuineIntel
cpu family	: 6
model		: 94
model name	: Intel(R) Core(TM) i5-6500 CPU @ 3.20GHz
stepping	: 3
microcode	: 0x9e
cpu MHz		: 3300.000
cache size	: 6144 KB
physical id	: 0
siblings	: 4
core id		: 3
cpu cores	: 4
apicid		: 6
initial apicid	: 6
fpu		: yes
fpu_exception	: yes
cpuid level	: 22
wp		: yes
flags		: fpu vme de pse tsc msr pae mce cx8 apic sep mtrr pge mca cmov pat pse36 clflush dts acpi mmx fxsr sse sse2 ss ht tm pbe syscall nx pdpe1gb rdtscp lm constant_tsc art arch_perfmon pebs bts rep_good nopl xtopology nonstop_tsc aperfmperf eagerfpu pni pclmulqdq dtes64 monitor ds_cpl vmx smx est tm2 ssse3 sdbg fma cx16 xtpr pdcm pcid sse4_1 sse4_2 x2apic movbe popcnt tsc_deadline_timer aes xsave avx f16c rdrand lahf_lm abm 3dnowprefetch intel_pt tpr_shadow vnmi flexpriority ept vpid fsgsbase tsc_adjust bmi1 hle avx2 smep bmi2 erms invpcid rtm mpx rdseed adx smap clflushopt xsaveopt xsavec xgetbv1 xsaves dtherm ida arat pln pts hwp hwp_notify hwp_act_window hwp_epp
bugs		:
bogomips	: 6387.61
clflush size	: 64
cache_alignment	: 64
address sizes	: 39 bits physical, 48 bits virtual
power management:



Memory: 4k page, physical 8053800k(104640k free), swap 8187900k(64k free)

vm_info: Java HotSpot(TM) 64-Bit Server VM (25.101-b13) for linux-amd64 JRE (1.8.0_101-b13), built on Jun 22 2016 02:59:44 by "java_re" with gcc 4.3.0 20080428 (Red Hat 4.3.0-8)

time: Mon Oct  9 13:50:52 2017
elapsed time: 36 seconds (0d 0h 0m 36s)

