#
# A fatal error has been detected by the Java Runtime Environment:
#
#  SIGSEGV (0xb) at pc=0x00007f8081bffd80, pid=25158, tid=0x00007f80533f1700
#
# JRE version: Java(TM) SE Runtime Environment (8.0_101-b13) (build 1.8.0_101-b13)
# Java VM: Java HotSpot(TM) 64-Bit Server VM (25.101-b13 mixed mode linux-amd64 compressed oops)
# Problematic frame:
# V  [libjvm.so+0x8acd80]  Method::checked_resolve_jmethod_id(_jmethodID*)+0x20
#
# Failed to write core dump. Core dumps have been disabled. To enable core dumping, try "ulimit -c unlimited" before starting Java again
#
# If you would like to submit a bug report, please visit:
#   http://bugreport.java.com/bugreport/crash.jsp
#

---------------  T H R E A D  ---------------

Current thread (0x00007f807c192800):  JavaThread "JDWP Transport Listener: dt_socket" daemon [_thread_in_vm, id=25177, stack(0x00007f80532f1000,0x00007f80533f2000)]

siginfo: si_signo: 11 (SIGSEGV), si_code: 128 (SI_KERNEL), si_addr: 0x0000000000000000

Registers:
RAX=0x0000000000000001, RBX=0x00007f807c0089f0, RCX=0x00007f8082d3a2c0, RDX=0x00007f8082314e80
RSP=0x00007f80533f0750, RBP=0x00007f80533f0760, RSI=0x00007f807c192800, RDI=0x007865646e497465
R8 =0x00007f803c007e60, R9 =0x0000000000000000, R10=0x00007f803c007e60, R11=0x00007f80824c5cc8
R12=0x0000000000000017, R13=0x007865646e497465, R14=0x00007f807c192800, R15=0x00007f80533f0867
RIP=0x00007f8081bffd80, EFLAGS=0x0000000000010206, CSGSFS=0x002b000000000033, ERR=0x0000000000000000
  TRAPNO=0x000000000000000d

Top of Stack: (sp=0x00007f80533f0750)
0x00007f80533f0750:   0000000000000074 00007f807c0089f0
0x00007f80533f0760:   00007f80533f07d0 00007f8081a8cefe
0x00007f80533f0770:   00007f80533f0790 00007f80533f0780
0x00007f80533f0780:   00007f807c192800 0000000000000000
0x00007f80533f0790:   00007f8000000000 0000000000000000
0x00007f80533f07a0:   00007f80533f07c0 00007f8080a06e40
0x00007f80533f07b0:   007865646e497465 00007f80533f0867
0x00007f80533f07c0:   0000000000000052 00007f80533f0867
0x00007f80533f07d0:   00007f80533f0800 00007f80807f28c2
0x00007f80533f07e0:   00007f80533f0800 007865646e497465
0x00007f80533f07f0:   00007f80533f08d0 0000000000000290
0x00007f80533f0800:   00007f80533f0890 00007f80807d3aa0
0x00007f80533f0810:   00007f80533f0848 00007f80533f0840
0x00007f80533f0820:   00007f80533f0838 00007f80533f085c
0x00007f80533f0830:   000000013c010d40 0000000000000000
0x00007f80533f0840:   0000000000000000 0000000000000000
0x00007f80533f0850:   00007f803c010ff0 f000100a533f08d0
0x00007f80533f0860:   0100000000000053 0000000000000002
0x00007f80533f0870:   000000000000000f 0000000000000002
0x00007f80533f0880:   00000000000f0200 000000000000000f
0x00007f80533f0890:   00007f80533f0ae0 00007f80807de9c6
0x00007f80533f08a0:   0003994000000013 00007f80810f0200
0x00007f80533f08b0:   00007f8034063170 00007f8080a06e40
0x00007f80533f08c0:   00007f80533f08d0 00007f80533f0a60
0x00007f80533f08d0:   00007f803c016988 00007f8000000408
0x00007f80533f08e0:   00007f803c007e20 000000000000012c
0x00007f80533f08f0:   00007f80533f0920 00007f803c00e260
0x00007f80533f0900:   00007f0000000000 000399400000002b
0x00007f80533f0910:   00007f8000000a80 00007f80533f0920
0x00007f80533f0920:   807f000053000000 060000003049013c
0x00007f80533f0930:   00007265746c6966 76616a4c29281500
0x00007f80533f0940:   542f6c6974752f61 003b746553656572 

Instructions: (pc=0x00007f8081bffd80)
0x00007f8081bffd60:   55 48 89 e5 53 48 83 ec 08 48 85 ff 75 12 31 db
0x00007f8081bffd70:   48 89 d8 48 83 c4 08 5b c9 c3 66 0f 1f 44 00 00
0x00007f8081bffd80:   48 8b 1f 48 85 db 74 e6 48 83 fb 37 74 e0 48 8b
0x00007f8081bffd90:   03 48 89 df ff 50 10 84 c0 0f 1f 80 00 00 00 00 

Register to memory mapping:

RAX=0x0000000000000001 is an unknown value
RBX=0x00007f807c0089f0 is an unknown value
RCX=0x00007f8082d3a2c0: <offset 0x2192c0> in /lib64/libpthread.so.0 at 0x00007f8082b21000
RDX=0x00007f8082314e80: <offset 0xfc1e80> in /home/ike/soft/jdk1.8/jre/lib/amd64/server/libjvm.so at 0x00007f8081353000
RSP=0x00007f80533f0750 is pointing into the stack for thread: 0x00007f807c192800
RBP=0x00007f80533f0760 is pointing into the stack for thread: 0x00007f807c192800
RSI=0x00007f807c192800 is a thread
RDI=0x007865646e497465 is an unknown value
R8 =0x00007f803c007e60 is an unknown value
R9 =0x0000000000000000 is an unknown value
R10=0x00007f803c007e60 is an unknown value
R11=0x00007f80824c5cc8: <offset 0x184cc8> in /lib64/libc.so.6 at 0x00007f8082341000
R12=0x0000000000000017 is an unknown value
R13=0x007865646e497465 is an unknown value
R14=0x00007f807c192800 is a thread
R15=0x00007f80533f0867 is pointing into the stack for thread: 0x00007f807c192800


Stack: [0x00007f80532f1000,0x00007f80533f2000],  sp=0x00007f80533f0750,  free space=1021k
Native frames: (J=compiled Java code, j=interpreted, Vv=VM code, C=native code)
V  [libjvm.so+0x8acd80]  Method::checked_resolve_jmethod_id(_jmethodID*)+0x20
V  [libjvm.so+0x739efe]  jvmti_IsMethodSynthetic+0x2be
C  [libjdwp.so+0x258c2]  isMethodSynthetic+0x42
C  [libjdwp.so+0x6aa0]  methods1+0x1b0
C  [libjdwp.so+0x119c6]  debugLoop_run+0x2b6
C  [libjdwp.so+0x247ff]  attachThread+0x2f
V  [libjvm.so+0x7a63e2]  JvmtiAgentThread::call_start_function()+0xc2
V  [libjvm.so+0xa7343f]  JavaThread::thread_main_inner()+0xdf
V  [libjvm.so+0xa7356c]  JavaThread::run()+0x11c
V  [libjvm.so+0x924698]  java_start(Thread*)+0x108
C  [libpthread.so.0+0x76ca]  start_thread+0xca


---------------  P R O C E S S  ---------------

Java Threads: ( => current thread )
  0x00007f8034061800 JavaThread "DubboServerHandler-172.17.0.1:51649-thread-43" daemon [_thread_blocked, id=25874, stack(0x00007f7fde3e6000,0x00007f7fde4e7000)]
  0x00007f8034060000 JavaThread "DubboServerHandler-172.17.0.1:51649-thread-42" daemon [_thread_blocked, id=25873, stack(0x00007f7fde4e7000,0x00007f7fde5e8000)]
  0x00007f803405e000 JavaThread "DubboServerHandler-172.17.0.1:51649-thread-41" daemon [_thread_blocked, id=25869, stack(0x00007f7fde5e8000,0x00007f7fde6e9000)]
  0x00007f803405c800 JavaThread "DubboServerHandler-172.17.0.1:51649-thread-40" daemon [_thread_blocked, id=25868, stack(0x00007f7fde6e9000,0x00007f7fde7ea000)]
  0x00007f7fec00b800 JavaThread "DubboClientHandler-172.17.0.1:51701-thread-5" daemon [_thread_blocked, id=25867, stack(0x00007f7fde7ea000,0x00007f7fde8eb000)]
  0x00007f803405b800 JavaThread "DubboServerHandler-172.17.0.1:51649-thread-39" daemon [_thread_blocked, id=25866, stack(0x00007f7fdfcfd000,0x00007f7fdfdfe000)]
  0x00007f803405a000 JavaThread "DubboServerHandler-172.17.0.1:51649-thread-38" daemon [_thread_blocked, id=25806, stack(0x00007f7fde8eb000,0x00007f7fde9ec000)]
  0x00007f8034058000 JavaThread "DubboServerHandler-172.17.0.1:51649-thread-37" daemon [_thread_blocked, id=25804, stack(0x00007f7fdebec000,0x00007f7fdeced000)]
  0x00007f8034056800 JavaThread "DubboServerHandler-172.17.0.1:51649-thread-36" daemon [_thread_blocked, id=25801, stack(0x00007f7fdeced000,0x00007f7fdedee000)]
  0x00007f8034054800 JavaThread "DubboServerHandler-172.17.0.1:51649-thread-35" daemon [_thread_blocked, id=25798, stack(0x00007f7fdedee000,0x00007f7fdeeef000)]
  0x00007f8034053000 JavaThread "DubboServerHandler-172.17.0.1:51649-thread-34" daemon [_thread_blocked, id=25797, stack(0x00007f7fdeeef000,0x00007f7fdeff0000)]
  0x00007f8034051800 JavaThread "DubboServerHandler-172.17.0.1:51649-thread-33" daemon [_thread_blocked, id=25796, stack(0x00007f7fdeff0000,0x00007f7fdf0f1000)]
  0x00007f803404e800 JavaThread "DubboServerHandler-172.17.0.1:51649-thread-32" daemon [_thread_blocked, id=25795, stack(0x00007f7fdf0f1000,0x00007f7fdf1f2000)]
  0x00007f803404b800 JavaThread "DubboServerHandler-172.17.0.1:51649-thread-31" daemon [_thread_blocked, id=25794, stack(0x00007f7fdf1f2000,0x00007f7fdf2f3000)]
  0x00007f803404a000 JavaThread "DubboServerHandler-172.17.0.1:51649-thread-30" daemon [_thread_blocked, id=25793, stack(0x00007f7fdf2f3000,0x00007f7fdf3f4000)]
  0x00007f8034048000 JavaThread "DubboServerHandler-172.17.0.1:51649-thread-29" daemon [_thread_blocked, id=25792, stack(0x00007f7fdf3f4000,0x00007f7fdf4f5000)]
  0x00007f8034047000 JavaThread "DubboServerHandler-172.17.0.1:51649-thread-28" daemon [_thread_blocked, id=25791, stack(0x00007f7fdfdfe000,0x00007f7fdfeff000)]
  0x00007f8034045000 JavaThread "DubboServerHandler-172.17.0.1:51649-thread-27" daemon [_thread_blocked, id=25735, stack(0x00007f7fdf4f5000,0x00007f7fdf5f6000)]
  0x00007f8034043800 JavaThread "DubboServerHandler-172.17.0.1:51649-thread-26" daemon [_thread_blocked, id=25734, stack(0x00007f7fdf5f6000,0x00007f7fdf6f7000)]
  0x00007f8034041800 JavaThread "DubboServerHandler-172.17.0.1:51649-thread-25" daemon [_thread_blocked, id=25733, stack(0x00007f7fdf6f7000,0x00007f7fdf7f8000)]
  0x00007f803403f800 JavaThread "DubboServerHandler-172.17.0.1:51649-thread-24" daemon [_thread_blocked, id=25732, stack(0x00007f7fdf7f8000,0x00007f7fdf8f9000)]
  0x00007f803403e000 JavaThread "DubboServerHandler-172.17.0.1:51649-thread-23" daemon [_thread_blocked, id=25731, stack(0x00007f7fdf8f9000,0x00007f7fdf9fa000)]
  0x00007f803403c000 JavaThread "DubboServerHandler-172.17.0.1:51649-thread-22" daemon [_thread_blocked, id=25730, stack(0x00007f7fdf9fa000,0x00007f7fdfafb000)]
  0x00007f803403a800 JavaThread "DubboServerHandler-172.17.0.1:51649-thread-21" daemon [_thread_blocked, id=25729, stack(0x00007f7fdfafb000,0x00007f7fdfbfc000)]
  0x00007f8034039000 JavaThread "DubboServerHandler-172.17.0.1:51649-thread-20" daemon [_thread_blocked, id=25728, stack(0x00007f7fdfbfc000,0x00007f7fdfcfd000)]
  0x00007f8034037000 JavaThread "DubboServerHandler-172.17.0.1:51649-thread-19" daemon [_thread_blocked, id=25723, stack(0x00007f7fdfeff000,0x00007f7fe0000000)]
  0x00007f8034036000 JavaThread "DubboServerHandler-172.17.0.1:51649-thread-18" daemon [_thread_blocked, id=25722, stack(0x00007f800cd4a000,0x00007f800ce4b000)]
  0x00007f8034032000 JavaThread "DubboServerHandler-172.17.0.1:51649-thread-17" daemon [_thread_blocked, id=25710, stack(0x00007f800c03d000,0x00007f800c13e000)]
  0x00007f8034030800 JavaThread "DubboServerHandler-172.17.0.1:51649-thread-16" daemon [_thread_blocked, id=25709, stack(0x00007f800c13e000,0x00007f800c23f000)]
  0x00007f803402e800 JavaThread "DubboServerHandler-172.17.0.1:51649-thread-15" daemon [_thread_blocked, id=25668, stack(0x00007f800c23f000,0x00007f800c340000)]
  0x00007f803402d000 JavaThread "DubboServerHandler-172.17.0.1:51649-thread-14" daemon [_thread_blocked, id=25667, stack(0x00007f800c340000,0x00007f800c441000)]
  0x00007f803402b000 JavaThread "DubboServerHandler-172.17.0.1:51649-thread-13" daemon [_thread_blocked, id=25662, stack(0x00007f800c441000,0x00007f800c542000)]
  0x00007f8034029800 JavaThread "DubboServerHandler-172.17.0.1:51649-thread-12" daemon [_thread_blocked, id=25661, stack(0x00007f800c542000,0x00007f800c643000)]
  0x00007f803401f800 JavaThread "DubboServerHandler-172.17.0.1:51649-thread-11" daemon [_thread_blocked, id=25660, stack(0x00007f800c643000,0x00007f800c744000)]
  0x00007f803401e000 JavaThread "DubboServerHandler-172.17.0.1:51649-thread-10" daemon [_thread_blocked, id=25659, stack(0x00007f800c744000,0x00007f800c845000)]
  0x00007f803401c800 JavaThread "DubboServerHandler-172.17.0.1:51649-thread-9" daemon [_thread_blocked, id=25658, stack(0x00007f800c845000,0x00007f800c946000)]
  0x00007f8034021800 JavaThread "DubboServerHandler-172.17.0.1:51649-thread-8" daemon [_thread_blocked, id=25657, stack(0x00007f800c946000,0x00007f800ca47000)]
  0x00007f8034026000 JavaThread "DubboServerHandler-172.17.0.1:51649-thread-7" daemon [_thread_blocked, id=25656, stack(0x00007f800ca47000,0x00007f800cb48000)]
  0x00007f8034024800 JavaThread "DubboServerHandler-172.17.0.1:51649-thread-6" daemon [_thread_blocked, id=25655, stack(0x00007f800cb48000,0x00007f800cc49000)]
  0x00007f8034023000 JavaThread "DubboServerHandler-172.17.0.1:51649-thread-5" daemon [_thread_blocked, id=25652, stack(0x00007f800cc49000,0x00007f800cd4a000)]
  0x00007f8034015000 JavaThread "DubboServerHandler-172.17.0.1:51649-thread-4" daemon [_thread_blocked, id=25649, stack(0x00007f800eb60000,0x00007f800ec61000)]
  0x00007f8034016000 JavaThread "DubboServerHandler-172.17.0.1:51649-thread-3" daemon [_thread_blocked, id=25481, stack(0x00007f800e75c000,0x00007f800e85d000)]
  0x00007f802c070800 JavaThread "DubboResponseTimeoutScanTimer" daemon [_thread_blocked, id=25340, stack(0x00007f800ee63000,0x00007f800ef64000)]
  0x00007f8034011800 JavaThread "DubboServerHandler-172.17.0.1:51649-thread-2" daemon [_thread_blocked, id=25276, stack(0x00007f800d04b000,0x00007f800d14c000)]
  0x00007f802084b800 JavaThread "New I/O server worker #1-1" daemon [_thread_in_native, id=25272, stack(0x00007f800d34c000,0x00007f800d44d000)]
  0x00007f8020841800 JavaThread "DubboServerHandler-172.17.0.1:51649-thread-1" daemon [_thread_blocked, id=25271, stack(0x00007f800d44d000,0x00007f800d54e000)]
  0x00007f807de33000 JavaThread "dubbo-remoting-server-heartbeat-thread-1" daemon [_thread_blocked, id=25269, stack(0x00007f800d54e000,0x00007f800d64f000)]
  0x00007f807de32000 JavaThread "New I/O server boss #1 ([id: 0x4848681d, /0:0:0:0:0:0:0:0:51649])" daemon [_thread_in_native, id=25268, stack(0x00007f800d64f000,0x00007f800d750000)]
  0x00007f807dcfd800 JavaThread "recoverScheduler_QuartzSchedulerThread" [_thread_blocked, id=25267, stack(0x00007f800d750000,0x00007f800d851000)]
  0x00007f807dcf6800 JavaThread "recoverScheduler_Worker-10" [_thread_blocked, id=25266, stack(0x00007f800d851000,0x00007f800d952000)]
  0x00007f807dcf4800 JavaThread "recoverScheduler_Worker-9" [_thread_blocked, id=25265, stack(0x00007f800d952000,0x00007f800da53000)]
  0x00007f807dcea000 JavaThread "recoverScheduler_Worker-8" [_thread_blocked, id=25264, stack(0x00007f800da53000,0x00007f800db54000)]
  0x00007f807dce8000 JavaThread "recoverScheduler_Worker-7" [_thread_blocked, id=25263, stack(0x00007f800db54000,0x00007f800dc55000)]
  0x00007f807dce6000 JavaThread "recoverScheduler_Worker-6" [_thread_blocked, id=25262, stack(0x00007f800dc55000,0x00007f800dd56000)]
  0x00007f807dce4000 JavaThread "recoverScheduler_Worker-5" [_thread_blocked, id=25261, stack(0x00007f800dd56000,0x00007f800de57000)]
  0x00007f807dce2000 JavaThread "recoverScheduler_Worker-4" [_thread_blocked, id=25260, stack(0x00007f800de57000,0x00007f800df58000)]
  0x00007f807dce0000 JavaThread "recoverScheduler_Worker-3" [_thread_blocked, id=25259, stack(0x00007f800df58000,0x00007f800e059000)]
  0x00007f807dcdc800 JavaThread "recoverScheduler_Worker-2" [_thread_blocked, id=25258, stack(0x00007f800e059000,0x00007f800e15a000)]
  0x00007f807dcda000 JavaThread "recoverScheduler_Worker-1" [_thread_blocked, id=25257, stack(0x00007f800e15a000,0x00007f800e25b000)]
  0x00007f807cb4f800 JavaThread "dubbo-remoting-client-heartbeat-thread-2" daemon [_thread_blocked, id=25216, stack(0x00007f800e65b000,0x00007f800e75c000)]
  0x00007f7fe801f000 JavaThread "New I/O client worker #1-2" daemon [_thread_in_native, id=25213, stack(0x00007f800e85d000,0x00007f800e95e000)]
  0x00007f807d11e000 JavaThread "DubboClientReconnectTimer-thread-2" daemon [_thread_blocked, id=25212, stack(0x00007f800ea5f000,0x00007f800eb60000)]
  0x00007f807cb4d000 JavaThread "commons-pool-EvictionTimer" daemon [_thread_blocked, id=25211, stack(0x00007f800e95e000,0x00007f800ea5f000)]
  0x00007f807db8a000 JavaThread "dubbo-remoting-client-heartbeat-thread-1" daemon [_thread_blocked, id=25208, stack(0x00007f800ec61000,0x00007f800ed62000)]
  0x00007f7fe8011000 JavaThread "New I/O client worker #1-1" daemon [_thread_in_native, id=25207, stack(0x00007f800ed62000,0x00007f800ee63000)]
  0x00007f807db0c800 JavaThread "DubboClientReconnectTimer-thread-1" daemon [_thread_blocked, id=25205, stack(0x00007f800ef64000,0x00007f800f065000)]
  0x00007f807da99800 JavaThread "DubboSaveRegistryCache-thread-1" daemon [_thread_blocked, id=25204, stack(0x00007f800f065000,0x00007f800f166000)]
  0x00007f807da5e000 JavaThread "main-EventThread" daemon [_thread_blocked, id=25203, stack(0x00007f800f366000,0x00007f800f467000)]
  0x00007f807da5d000 JavaThread "main-SendThread(localhost:2181)" daemon [_thread_in_native, id=25202, stack(0x00007f800f467000,0x00007f800f568000)]
  0x00007f807da56800 JavaThread "ZkClient-EventThread-20-localhost:2181" daemon [_thread_blocked, id=25201, stack(0x00007f800f568000,0x00007f800f669000)]
  0x00007f807da3f000 JavaThread "DubboRegistryFailedRetryTimer-thread-1" daemon [_thread_blocked, id=25200, stack(0x00007f800fcff000,0x00007f800fe00000)]
  0x00007f807d771800 JavaThread "__DEFAULT__" daemon [_thread_blocked, id=25198, stack(0x00007f8050908000,0x00007f8050a09000)]
  0x00007f807d5b7000 JavaThread "Druid-ConnectionPool-Destroy-1378612814" daemon [_thread_blocked, id=25197, stack(0x00007f8050c50000,0x00007f8050d51000)]
  0x00007f807d565000 JavaThread "Druid-ConnectionPool-Create-1378612814" daemon [_thread_blocked, id=25196, stack(0x00007f8050d51000,0x00007f8050e52000)]
  0x00007f807d42c000 JavaThread "Abandoned connection cleanup thread" daemon [_thread_blocked, id=25195, stack(0x00007f8051052000,0x00007f8051153000)]
  0x00007f807c5a5000 JavaThread "Service Thread" daemon [_thread_blocked, id=25185, stack(0x00007f805290f000,0x00007f8052a10000)]
  0x00007f807c5a1800 JavaThread "C1 CompilerThread2" daemon [_thread_blocked, id=25184, stack(0x00007f8052a10000,0x00007f8052b11000)]
  0x00007f807c59f000 JavaThread "C2 CompilerThread1" daemon [_thread_blocked, id=25183, stack(0x00007f8052b11000,0x00007f8052c12000)]
  0x00007f807c59d000 JavaThread "C2 CompilerThread0" daemon [_thread_blocked, id=25182, stack(0x00007f8052c12000,0x00007f8052d13000)]
  0x00007f803c001000 JavaThread "JDWP Command Reader" daemon [_thread_in_native, id=25181, stack(0x00007f80530ef000,0x00007f80531f0000)]
  0x00007f807c196000 JavaThread "JDWP Event Helper Thread" daemon [_thread_blocked, id=25180, stack(0x00007f80531f0000,0x00007f80532f1000)]
=>0x00007f807c192800 JavaThread "JDWP Transport Listener: dt_socket" daemon [_thread_in_vm, id=25177, stack(0x00007f80532f1000,0x00007f80533f2000)]
  0x00007f807c184000 JavaThread "Signal Dispatcher" daemon [_thread_blocked, id=25176, stack(0x00007f80535f6000,0x00007f80536f7000)]
  0x00007f807c152000 JavaThread "Finalizer" daemon [_thread_blocked, id=25175, stack(0x00007f80536f7000,0x00007f80537f8000)]
  0x00007f807c14d800 JavaThread "Reference Handler" daemon [_thread_blocked, id=25173, stack(0x00007f80537f8000,0x00007f80538f9000)]
  0x00007f807c010000 JavaThread "main" [_thread_in_native, id=25160, stack(0x00007f8082e49000,0x00007f8082f4a000)]

Other Threads:
  0x00007f807c146000 VMThread [stack: 0x00007f80538f9000,0x00007f80539fa000] [id=25171]
  0x00007f807c5aa000 WatcherThread [stack: 0x00007f805280e000,0x00007f805290f000] [id=25186]

VM state:not at safepoint (normal execution)

VM Mutex/Monitor currently owned by a thread: None

Heap:
 PSYoungGen      total 481792K, used 320501K [0x00000000d7000000, 0x00000000f6100000, 0x0000000100000000)
  eden space 459264K, 65% used [0x00000000d7000000,0x00000000e9635c78,0x00000000f3080000)
  from space 22528K, 85% used [0x00000000f4880000,0x00000000f5b47ae8,0x00000000f5e80000)
  to   space 24576K, 0% used [0x00000000f3080000,0x00000000f3080000,0x00000000f4880000)
 ParOldGen       total 83456K, used 31904K [0x0000000085000000, 0x000000008a180000, 0x00000000d7000000)
  object space 83456K, 38% used [0x0000000085000000,0x0000000086f28378,0x000000008a180000)
 Metaspace       used 57296K, capacity 58666K, committed 59008K, reserved 1101824K
  class space    used 6705K, capacity 6951K, committed 7040K, reserved 1048576K

Card table byte_map: [0x00007f8065ab3000,0x00007f8065e8c000] byte_map_base: 0x00007f806568b000

Marking Bits: (ParMarkBitMap*) 0x00007f8082314120
 Begin Bits: [0x00007f805c280000, 0x00007f805e140000)
 End Bits:   [0x00007f805e140000, 0x00007f8060000000)

Polling page: 0x00007f8082f61000

CodeCache: size=245760Kb used=25686Kb max_used=25786Kb free=220073Kb
 bounds [0x00007f806624c000, 0x00007f8067bec000, 0x00007f807524c000]
 total_blobs=7516 nmethods=6921 adapters=515
 compilation: enabled

Compilation events (10 events):
Event: 947.428 Thread 0x00007f807c5a1800 8548       1       org.jboss.netty.buffer.AbstractChannelBuffer::readableBytes (10 bytes)
Event: 947.428 Thread 0x00007f807c5a1800 nmethod 8548 0x00007f8067422190 code [0x00007f80674222e0, 0x00007f80674223f0]
Event: 947.428 Thread 0x00007f807c5a1800 8549       3       java.net.InetSocketAddress::getPort (8 bytes)
Event: 947.429 Thread 0x00007f807c5a1800 nmethod 8549 0x00007f806644b210 code [0x00007f806644b380, 0x00007f806644b550]
Event: 947.431 Thread 0x00007f807c59d000 8550       4       java.lang.Class::getConstructor0 (103 bytes)
Event: 947.436 Thread 0x00007f807c5a1800 8551       1       java.nio.DirectByteBuffer::address (5 bytes)
Event: 947.436 Thread 0x00007f807c5a1800 nmethod 8551 0x00007f80664d1ed0 code [0x00007f80664d2020, 0x00007f80664d2130]
Event: 947.466 Thread 0x00007f807c59d000 nmethod 8550 0x00007f8066b27410 code [0x00007f8066b27680, 0x00007f8066b28620]
Event: 952.242 Thread 0x00007f807c5a1800 8552       1       java.util.concurrent.ThreadPoolExecutor::beforeExecute (1 bytes)
Event: 952.242 Thread 0x00007f807c5a1800 nmethod 8552 0x00007f80664d1c10 code [0x00007f80664d1d60, 0x00007f80664d1e70]

GC Heap History (10 events):
Event: 6.750 GC heap before
{Heap before GC invocations=12 (full 2):
 PSYoungGen      total 303104K, used 9093K [0x00000000d7000000, 0x00000000ed880000, 0x0000000100000000)
  eden space 285696K, 0% used [0x00000000d7000000,0x00000000d7000000,0x00000000e8700000)
  from space 17408K, 52% used [0x00000000e9780000,0x00000000ea061790,0x00000000ea880000)
  to   space 16896K, 0% used [0x00000000e8700000,0x00000000e8700000,0x00000000e9780000)
 ParOldGen       total 58368K, used 17604K [0x0000000085000000, 0x0000000088900000, 0x00000000d7000000)
  object space 58368K, 30% used [0x0000000085000000,0x0000000086131228,0x0000000088900000)
 Metaspace       used 34619K, capacity 34908K, committed 35416K, reserved 1081344K
  class space    used 4134K, capacity 4230K, committed 4352K, reserved 1048576K
Event: 6.800 GC heap after
Heap after GC invocations=12 (full 2):
 PSYoungGen      total 303104K, used 0K [0x00000000d7000000, 0x00000000ed880000, 0x0000000100000000)
  eden space 285696K, 0% used [0x00000000d7000000,0x00000000d7000000,0x00000000e8700000)
  from space 17408K, 0% used [0x00000000e9780000,0x00000000e9780000,0x00000000ea880000)
  to   space 16896K, 0% used [0x00000000e8700000,0x00000000e8700000,0x00000000e9780000)
 ParOldGen       total 83456K, used 15246K [0x0000000085000000, 0x000000008a180000, 0x00000000d7000000)
  object space 83456K, 18% used [0x0000000085000000,0x0000000085ee3930,0x000000008a180000)
 Metaspace       used 34619K, capacity 34908K, committed 35416K, reserved 1081344K
  class space    used 4134K, capacity 4230K, committed 4352K, reserved 1048576K
}
Event: 8.934 GC heap before
{Heap before GC invocations=13 (full 2):
 PSYoungGen      total 303104K, used 285696K [0x00000000d7000000, 0x00000000ed880000, 0x0000000100000000)
  eden space 285696K, 100% used [0x00000000d7000000,0x00000000e8700000,0x00000000e8700000)
  from space 17408K, 0% used [0x00000000e9780000,0x00000000e9780000,0x00000000ea880000)
  to   space 16896K, 0% used [0x00000000e8700000,0x00000000e8700000,0x00000000e9780000)
 ParOldGen       total 83456K, used 15246K [0x0000000085000000, 0x000000008a180000, 0x00000000d7000000)
  object space 83456K, 18% used [0x0000000085000000,0x0000000085ee3930,0x000000008a180000)
 Metaspace       used 42117K, capacity 42484K, committed 43136K, reserved 1087488K
  class space    used 5093K, capacity 5208K, committed 5248K, reserved 1048576K
Event: 8.956 GC heap after
Heap after GC invocations=13 (full 2):
 PSYoungGen      total 302592K, used 16879K [0x00000000d7000000, 0x00000000eff80000, 0x0000000100000000)
  eden space 285696K, 0% used [0x00000000d7000000,0x00000000d7000000,0x00000000e8700000)
  from space 16896K, 99% used [0x00000000e8700000,0x00000000e977bef8,0x00000000e9780000)
  to   space 20480K, 0% used [0x00000000eeb80000,0x00000000eeb80000,0x00000000eff80000)
 ParOldGen       total 83456K, used 18729K [0x0000000085000000, 0x000000008a180000, 0x00000000d7000000)
  object space 83456K, 22% used [0x0000000085000000,0x000000008624a500,0x000000008a180000)
 Metaspace       used 42117K, capacity 42484K, committed 43136K, reserved 1087488K
  class space    used 5093K, capacity 5208K, committed 5248K, reserved 1048576K
}
Event: 10.741 GC heap before
{Heap before GC invocations=14 (full 2):
 PSYoungGen      total 302592K, used 302575K [0x00000000d7000000, 0x00000000eff80000, 0x0000000100000000)
  eden space 285696K, 100% used [0x00000000d7000000,0x00000000e8700000,0x00000000e8700000)
  from space 16896K, 99% used [0x00000000e8700000,0x00000000e977bef8,0x00000000e9780000)
  to   space 20480K, 0% used [0x00000000eeb80000,0x00000000eeb80000,0x00000000eff80000)
 ParOldGen       total 83456K, used 18729K [0x0000000085000000, 0x000000008a180000, 0x00000000d7000000)
  object space 83456K, 22% used [0x0000000085000000,0x000000008624a500,0x000000008a180000)
 Metaspace       used 48185K, capacity 48614K, committed 49280K, reserved 1093632K
  class space    used 5878K, capacity 5999K, committed 6016K, reserved 1048576K
Event: 10.769 GC heap after
Heap after GC invocations=14 (full 2):
 PSYoungGen      total 386560K, used 17372K [0x00000000d7000000, 0x00000000f0380000, 0x0000000100000000)
  eden space 366080K, 0% used [0x00000000d7000000,0x00000000d7000000,0x00000000ed580000)
  from space 20480K, 84% used [0x00000000eeb80000,0x00000000efc77318,0x00000000eff80000)
  to   space 22528K, 0% used [0x00000000ed580000,0x00000000ed580000,0x00000000eeb80000)
 ParOldGen       total 83456K, used 25659K [0x0000000085000000, 0x000000008a180000, 0x00000000d7000000)
  object space 83456K, 30% used [0x0000000085000000,0x000000008690efe8,0x000000008a180000)
 Metaspace       used 48185K, capacity 48614K, committed 49280K, reserved 1093632K
  class space    used 5878K, capacity 5999K, committed 6016K, reserved 1048576K
}
Event: 13.922 GC heap before
{Heap before GC invocations=15 (full 2):
 PSYoungGen      total 386560K, used 383452K [0x00000000d7000000, 0x00000000f0380000, 0x0000000100000000)
  eden space 366080K, 100% used [0x00000000d7000000,0x00000000ed580000,0x00000000ed580000)
  from space 20480K, 84% used [0x00000000eeb80000,0x00000000efc77318,0x00000000eff80000)
  to   space 22528K, 0% used [0x00000000ed580000,0x00000000ed580000,0x00000000eeb80000)
 ParOldGen       total 83456K, used 25659K [0x0000000085000000, 0x000000008a180000, 0x00000000d7000000)
  object space 83456K, 30% used [0x0000000085000000,0x000000008690efe8,0x000000008a180000)
 Metaspace       used 50007K, capacity 50766K, committed 51072K, reserved 1093632K
  class space    used 5991K, capacity 6155K, committed 6272K, reserved 1048576K
Event: 13.936 GC heap after
Heap after GC invocations=15 (full 2):
 PSYoungGen      total 388608K, used 4096K [0x00000000d7000000, 0x00000000f5e80000, 0x0000000100000000)
  eden space 366080K, 0% used [0x00000000d7000000,0x00000000d7000000,0x00000000ed580000)
  from space 22528K, 18% used [0x00000000ed580000,0x00000000ed980010,0x00000000eeb80000)
  to   space 22528K, 0% used [0x00000000f4880000,0x00000000f4880000,0x00000000f5e80000)
 ParOldGen       total 83456K, used 31896K [0x0000000085000000, 0x000000008a180000, 0x00000000d7000000)
  object space 83456K, 38% used [0x0000000085000000,0x0000000086f26378,0x000000008a180000)
 Metaspace       used 50007K, capacity 50766K, committed 51072K, reserved 1093632K
  class space    used 5991K, capacity 6155K, committed 6272K, reserved 1048576K
}
Event: 15.814 GC heap before
{Heap before GC invocations=16 (full 2):
 PSYoungGen      total 388608K, used 370176K [0x00000000d7000000, 0x00000000f5e80000, 0x0000000100000000)
  eden space 366080K, 100% used [0x00000000d7000000,0x00000000ed580000,0x00000000ed580000)
  from space 22528K, 18% used [0x00000000ed580000,0x00000000ed980010,0x00000000eeb80000)
  to   space 22528K, 0% used [0x00000000f4880000,0x00000000f4880000,0x00000000f5e80000)
 ParOldGen       total 83456K, used 31896K [0x0000000085000000, 0x000000008a180000, 0x00000000d7000000)
  object space 83456K, 38% used [0x0000000085000000,0x0000000086f26378,0x000000008a180000)
 Metaspace       used 51826K, capacity 52676K, committed 52992K, reserved 1095680K
  class space    used 6164K, capacity 6324K, committed 6400K, reserved 1048576K
Event: 15.834 GC heap after
Heap after GC invocations=16 (full 2):
 PSYoungGen      total 481792K, used 19230K [0x00000000d7000000, 0x00000000f6100000, 0x0000000100000000)
  eden space 459264K, 0% used [0x00000000d7000000,0x00000000d7000000,0x00000000f3080000)
  from space 22528K, 85% used [0x00000000f4880000,0x00000000f5b47ae8,0x00000000f5e80000)
  to   space 24576K, 0% used [0x00000000f3080000,0x00000000f3080000,0x00000000f4880000)
 ParOldGen       total 83456K, used 31904K [0x0000000085000000, 0x000000008a180000, 0x00000000d7000000)
  object space 83456K, 38% used [0x0000000085000000,0x0000000086f28378,0x000000008a180000)
 Metaspace       used 51826K, capacity 52676K, committed 52992K, reserved 1095680K
  class space    used 6164K, capacity 6324K, committed 6400K, reserved 1048576K
}

Deoptimization events (10 events):
Event: 606.955 Thread 0x00007f807d565000 Uncommon trap: reason=bimorphic action=maybe_recompile pc=0x00007f8066dc0db0 method=java.util.Collections$UnmodifiableCollection.isEmpty()Z @ 4
Event: 607.004 Thread 0x00007f807d565000 Uncommon trap: reason=unstable_if action=reinterpret pc=0x00007f8066a2fa2c method=com.mysql.cj.core.util.StringUtils.getBytes(Ljava/lang/String;Ljava/lang/String;)[B @ 1
Event: 607.011 Thread 0x00007f807d565000 Uncommon trap: reason=unstable_if action=reinterpret pc=0x00007f8067b8a7fc method=com.mysql.cj.mysqla.io.MysqlaProtocol.findMysqlType(Lcom/mysql/cj/api/conf/PropertySet;ISJLcom/mysql/cj/core/util/LazyString;Lcom/mysql/cj/core/util/LazyString;ILjava/lang/S
Event: 607.011 Thread 0x00007f807d565000 Uncommon trap: reason=unstable_if action=reinterpret pc=0x00007f80670dce40 method=com.mysql.cj.core.util.StringUtils.toString([BIILjava/lang/String;)Ljava/lang/String; @ 1
Event: 607.011 Thread 0x00007f807d565000 Uncommon trap: reason=unstable_if action=reinterpret pc=0x00007f8066919a4c method=com.mysql.cj.core.util.StringUtils.toString([BIILjava/lang/String;)Ljava/lang/String; @ 1
Event: 607.013 Thread 0x00007f807d565000 Uncommon trap: reason=unstable_if action=reinterpret pc=0x00007f80677d4e40 method=sun.nio.cs.UTF_8$Encoder.encodeArrayLoop(Ljava/nio/CharBuffer;Ljava/nio/ByteBuffer;)Ljava/nio/charset/CoderResult; @ 87
Event: 880.599 Thread 0x00007f8034058000 Uncommon trap: reason=unstable_if action=reinterpret pc=0x00007f8066d3c6b8 method=java.lang.Class$MethodArray.removeLessSpecifics()V @ 78
Event: 880.618 Thread 0x00007f8034058000 Uncommon trap: reason=unstable_if action=reinterpret pc=0x00007f8067114a50 method=com.mysql.cj.jdbc.result.ResultSetImpl.setRowPositionValidity()V @ 21
Event: 880.622 Thread 0x00007f8034058000 Uncommon trap: reason=unstable_if action=reinterpret pc=0x00007f8067120870 method=com.mysql.cj.jdbc.result.ResultSetImpl.next()Z @ 68
Event: 940.832 Thread 0x00007f807c192800 Uncommon trap: reason=unstable_if action=reinterpret pc=0x00007f80667cc784 method=java.lang.Class.reflectionData()Ljava/lang/Class$ReflectionData; @ 37

Internal exceptions (10 events):
Event: 195.744 Thread 0x00007f802084b800 Exception <a 'java/lang/NullPointerException'> (0x00000000e1ceaa48) thrown at [/HUDSON3/workspace/8-2-build-linux-amd64/jdk8u101/7261/hotspot/src/share/vm/interpreter/linkResolver.cpp, line 1178]
Event: 250.242 Thread 0x00007f7fe8011000 Exception <a 'java/lang/NullPointerException'> (0x00000000dc0eec10) thrown at [/HUDSON3/workspace/8-2-build-linux-amd64/jdk8u101/7261/hotspot/src/share/vm/interpreter/linkResolver.cpp, line 1178]
Event: 250.670 Thread 0x00007f7fe801f000 Exception <a 'java/lang/NullPointerException'> (0x00000000da77beb8) thrown at [/HUDSON3/workspace/8-2-build-linux-amd64/jdk8u101/7261/hotspot/src/share/vm/interpreter/linkResolver.cpp, line 1178]
Event: 315.746 Thread 0x00007f802084b800 Exception <a 'java/lang/NullPointerException'> (0x00000000e1cf4510) thrown at [/HUDSON3/workspace/8-2-build-linux-amd64/jdk8u101/7261/hotspot/src/share/vm/interpreter/linkResolver.cpp, line 1178]
Event: 430.243 Thread 0x00007f7fe8011000 Exception <a 'java/lang/NullPointerException'> (0x00000000dc0f5378) thrown at [/HUDSON3/workspace/8-2-build-linux-amd64/jdk8u101/7261/hotspot/src/share/vm/interpreter/linkResolver.cpp, line 1178]
Event: 430.670 Thread 0x00007f7fe801f000 Exception <a 'java/lang/NullPointerException'> (0x00000000da7825d0) thrown at [/HUDSON3/workspace/8-2-build-linux-amd64/jdk8u101/7261/hotspot/src/share/vm/interpreter/linkResolver.cpp, line 1178]
Event: 435.746 Thread 0x00007f802084b800 Exception <a 'java/lang/NullPointerException'> (0x00000000e1cf71f8) thrown at [/HUDSON3/workspace/8-2-build-linux-amd64/jdk8u101/7261/hotspot/src/share/vm/interpreter/linkResolver.cpp, line 1178]
Event: 555.749 Thread 0x00007f802084b800 Exception <a 'java/lang/NullPointerException'> (0x00000000e1cfee10) thrown at [/HUDSON3/workspace/8-2-build-linux-amd64/jdk8u101/7261/hotspot/src/share/vm/interpreter/linkResolver.cpp, line 1178]
Event: 945.900 Thread 0x00007f8034060000 Implicit null exception at 0x00007f8066c51a2b to 0x00007f8066c51eb0
Event: 945.900 Thread 0x00007f8034060000 Exception <a 'java/lang/NullPointerException'> (0x00000000e94ae5c8) thrown at [/HUDSON3/workspace/8-2-build-linux-amd64/jdk8u101/7261/hotspot/src/share/vm/runtime/sharedRuntime.cpp, line 605]

Events (10 events):
Event: 945.902 Thread 0x00007f8034060000 DEOPT UNPACKING pc=0x00007f8066293633 sp=0x00007f7fde5e49e0 mode 1
Event: 945.902 Thread 0x00007f8034060000 DEOPT PACKING pc=0x00007f806744024c sp=0x00007f7fde5e4d30
Event: 945.902 Thread 0x00007f8034060000 DEOPT UNPACKING pc=0x00007f8066293633 sp=0x00007f7fde5e4b70 mode 1
Event: 945.903 Thread 0x00007f8034060000 DEOPT PACKING pc=0x00007f8066422f9c sp=0x00007f7fde5e4ec0
Event: 945.903 Thread 0x00007f8034060000 DEOPT UNPACKING pc=0x00007f8066293633 sp=0x00007f7fde5e4c58 mode 1
Event: 945.903 Thread 0x00007f8034060000 DEOPT PACKING pc=0x00007f80673b45dc sp=0x00007f7fde5e4f70
Event: 945.903 Thread 0x00007f8034060000 DEOPT UNPACKING pc=0x00007f8066293633 sp=0x00007f7fde5e4cd0 mode 1
Event: 945.903 Thread 0x00007f8034060000 DEOPT PACKING pc=0x00007f8066715584 sp=0x00007f7fde5e5740
Event: 945.903 Thread 0x00007f8034060000 DEOPT UNPACKING pc=0x00007f8066293633 sp=0x00007f7fde5e54d8 mode 1
Event: 947.428 Thread 0x00007f8034061800 Thread added: 0x00007f8034061800


Dynamic libraries:
00400000-00401000 r-xp 00000000 fd:02 2100689                            /home/ike/soft/jdk1.8/bin/java
00600000-00601000 rw-p 00000000 fd:02 2100689                            /home/ike/soft/jdk1.8/bin/java
00912000-00933000 rw-p 00000000 00:00 0                                  [heap]
85000000-8a180000 rw-p 00000000 00:00 0 
8a180000-d7000000 ---p 00000000 00:00 0 
d7000000-f6100000 rw-p 00000000 00:00 0 
f6100000-100000000 ---p 00000000 00:00 0 
100000000-1006e0000 rw-p 00000000 00:00 0 
1006e0000-140000000 ---p 00000000 00:00 0 
7f7fde3e6000-7f7fde3e9000 ---p 00000000 00:00 0 
7f7fde3e9000-7f7fde4e7000 rw-p 00000000 00:00 0 
7f7fde4e7000-7f7fde4ea000 ---p 00000000 00:00 0 
7f7fde4ea000-7f7fde5e8000 rw-p 00000000 00:00 0 
7f7fde5e8000-7f7fde5eb000 ---p 00000000 00:00 0 
7f7fde5eb000-7f7fde6e9000 rw-p 00000000 00:00 0 
7f7fde6e9000-7f7fde6ec000 ---p 00000000 00:00 0 
7f7fde6ec000-7f7fde7ea000 rw-p 00000000 00:00 0 
7f7fde7ea000-7f7fde7ed000 ---p 00000000 00:00 0 
7f7fde7ed000-7f7fde8eb000 rw-p 00000000 00:00 0 
7f7fde8eb000-7f7fde8ee000 ---p 00000000 00:00 0 
7f7fde8ee000-7f7fdeaac000 rw-p 00000000 00:00 0 
7f7fdeaac000-7f7fdebec000 ---p 00000000 00:00 0 
7f7fdebec000-7f7fdebef000 ---p 00000000 00:00 0 
7f7fdebef000-7f7fdeced000 rw-p 00000000 00:00 0 
7f7fdeced000-7f7fdecf0000 ---p 00000000 00:00 0 
7f7fdecf0000-7f7fdedee000 rw-p 00000000 00:00 0 
7f7fdedee000-7f7fdedf1000 ---p 00000000 00:00 0 
7f7fdedf1000-7f7fdeeef000 rw-p 00000000 00:00 0 
7f7fdeeef000-7f7fdeef2000 ---p 00000000 00:00 0 
7f7fdeef2000-7f7fdeff0000 rw-p 00000000 00:00 0 
7f7fdeff0000-7f7fdeff3000 ---p 00000000 00:00 0 
7f7fdeff3000-7f7fdf0f1000 rw-p 00000000 00:00 0 
7f7fdf0f1000-7f7fdf0f4000 ---p 00000000 00:00 0 
7f7fdf0f4000-7f7fdf1f2000 rw-p 00000000 00:00 0 
7f7fdf1f2000-7f7fdf1f5000 ---p 00000000 00:00 0 
7f7fdf1f5000-7f7fdf2f3000 rw-p 00000000 00:00 0 
7f7fdf2f3000-7f7fdf2f6000 ---p 00000000 00:00 0 
7f7fdf2f6000-7f7fdf3f4000 rw-p 00000000 00:00 0 
7f7fdf3f4000-7f7fdf3f7000 ---p 00000000 00:00 0 
7f7fdf3f7000-7f7fdf4f5000 rw-p 00000000 00:00 0 
7f7fdf4f5000-7f7fdf4f8000 ---p 00000000 00:00 0 
7f7fdf4f8000-7f7fdf5f6000 rw-p 00000000 00:00 0 
7f7fdf5f6000-7f7fdf5f9000 ---p 00000000 00:00 0 
7f7fdf5f9000-7f7fdf6f7000 rw-p 00000000 00:00 0 
7f7fdf6f7000-7f7fdf6fa000 ---p 00000000 00:00 0 
7f7fdf6fa000-7f7fdf7f8000 rw-p 00000000 00:00 0 
7f7fdf7f8000-7f7fdf7fb000 ---p 00000000 00:00 0 
7f7fdf7fb000-7f7fdf8f9000 rw-p 00000000 00:00 0 
7f7fdf8f9000-7f7fdf8fc000 ---p 00000000 00:00 0 
7f7fdf8fc000-7f7fdf9fa000 rw-p 00000000 00:00 0 
7f7fdf9fa000-7f7fdf9fd000 ---p 00000000 00:00 0 
7f7fdf9fd000-7f7fdfafb000 rw-p 00000000 00:00 0 
7f7fdfafb000-7f7fdfafe000 ---p 00000000 00:00 0 
7f7fdfafe000-7f7fdfbfc000 rw-p 00000000 00:00 0 
7f7fdfbfc000-7f7fdfbff000 ---p 00000000 00:00 0 
7f7fdfbff000-7f7fdfcfd000 rw-p 00000000 00:00 0 
7f7fdfcfd000-7f7fdfd00000 ---p 00000000 00:00 0 
7f7fdfd00000-7f7fdfdfe000 rw-p 00000000 00:00 0 
7f7fdfdfe000-7f7fdfe01000 ---p 00000000 00:00 0 
7f7fdfe01000-7f7fdfeff000 rw-p 00000000 00:00 0 
7f7fdfeff000-7f7fdff02000 ---p 00000000 00:00 0 
7f7fdff02000-7f7fe0000000 rw-p 00000000 00:00 0 
7f7fe0000000-7f7fe0021000 rw-p 00000000 00:00 0 
7f7fe0021000-7f7fe4000000 ---p 00000000 00:00 0 
7f7fe4000000-7f7fe4021000 rw-p 00000000 00:00 0 
7f7fe4021000-7f7fe8000000 ---p 00000000 00:00 0 
7f7fe8000000-7f7fe82ad000 rw-p 00000000 00:00 0 
7f7fe82ad000-7f7fec000000 ---p 00000000 00:00 0 
7f7fec000000-7f7fec021000 rw-p 00000000 00:00 0 
7f7fec021000-7f7ff0000000 ---p 00000000 00:00 0 
7f7ff0000000-7f7ff0077000 rw-p 00000000 00:00 0 
7f7ff0077000-7f7ff4000000 ---p 00000000 00:00 0 
7f7ff4000000-7f7ff4021000 rw-p 00000000 00:00 0 
7f7ff4021000-7f7ff8000000 ---p 00000000 00:00 0 
7f7ff8000000-7f7ff80ad000 rw-p 00000000 00:00 0 
7f7ff80ad000-7f7ffc000000 ---p 00000000 00:00 0 
7f7ffc000000-7f7ffc021000 rw-p 00000000 00:00 0 
7f7ffc021000-7f8000000000 ---p 00000000 00:00 0 
7f8000000000-7f8000021000 rw-p 00000000 00:00 0 
7f8000021000-7f8004000000 ---p 00000000 00:00 0 
7f8004000000-7f8004021000 rw-p 00000000 00:00 0 
7f8004021000-7f8008000000 ---p 00000000 00:00 0 
7f8008000000-7f8008021000 rw-p 00000000 00:00 0 
7f8008021000-7f800c000000 ---p 00000000 00:00 0 
7f800c03d000-7f800c040000 ---p 00000000 00:00 0 
7f800c040000-7f800c13e000 rw-p 00000000 00:00 0 
7f800c13e000-7f800c141000 ---p 00000000 00:00 0 
7f800c141000-7f800c23f000 rw-p 00000000 00:00 0 
7f800c23f000-7f800c242000 ---p 00000000 00:00 0 
7f800c242000-7f800c340000 rw-p 00000000 00:00 0 
7f800c340000-7f800c343000 ---p 00000000 00:00 0 
7f800c343000-7f800c441000 rw-p 00000000 00:00 0 
7f800c441000-7f800c444000 ---p 00000000 00:00 0 
7f800c444000-7f800c542000 rw-p 00000000 00:00 0 
7f800c542000-7f800c545000 ---p 00000000 00:00 0 
7f800c545000-7f800c643000 rw-p 00000000 00:00 0 
7f800c643000-7f800c646000 ---p 00000000 00:00 0 
7f800c646000-7f800c744000 rw-p 00000000 00:00 0 
7f800c744000-7f800c747000 ---p 00000000 00:00 0 
7f800c747000-7f800c845000 rw-p 00000000 00:00 0 
7f800c845000-7f800c848000 ---p 00000000 00:00 0 
7f800c848000-7f800c946000 rw-p 00000000 00:00 0 
7f800c946000-7f800c949000 ---p 00000000 00:00 0 
7f800c949000-7f800ca47000 rw-p 00000000 00:00 0 
7f800ca47000-7f800ca4a000 ---p 00000000 00:00 0 
7f800ca4a000-7f800cb48000 rw-p 00000000 00:00 0 
7f800cb48000-7f800cb4b000 ---p 00000000 00:00 0 
7f800cb4b000-7f800cc49000 rw-p 00000000 00:00 0 
7f800cc49000-7f800cc4c000 ---p 00000000 00:00 0 
7f800cc4c000-7f800cd4a000 rw-p 00000000 00:00 0 
7f800cd4a000-7f800cd4d000 ---p 00000000 00:00 0 
7f800cd4d000-7f800d04b000 rw-p 00000000 00:00 0 
7f800d04b000-7f800d04e000 ---p 00000000 00:00 0 
7f800d04e000-7f800d34c000 rw-p 00000000 00:00 0 
7f800d34c000-7f800d34f000 ---p 00000000 00:00 0 
7f800d34f000-7f800d44d000 rw-p 00000000 00:00 0 
7f800d44d000-7f800d450000 ---p 00000000 00:00 0 
7f800d450000-7f800d54e000 rw-p 00000000 00:00 0 
7f800d54e000-7f800d551000 ---p 00000000 00:00 0 
7f800d551000-7f800d64f000 rw-p 00000000 00:00 0 
7f800d64f000-7f800d652000 ---p 00000000 00:00 0 
7f800d652000-7f800d750000 rw-p 00000000 00:00 0 
7f800d750000-7f800d753000 ---p 00000000 00:00 0 
7f800d753000-7f800d851000 rw-p 00000000 00:00 0 
7f800d851000-7f800d854000 ---p 00000000 00:00 0 
7f800d854000-7f800d952000 rw-p 00000000 00:00 0 
7f800d952000-7f800d955000 ---p 00000000 00:00 0 
7f800d955000-7f800da53000 rw-p 00000000 00:00 0 
7f800da53000-7f800da56000 ---p 00000000 00:00 0 
7f800da56000-7f800db54000 rw-p 00000000 00:00 0 
7f800db54000-7f800db57000 ---p 00000000 00:00 0 
7f800db57000-7f800dc55000 rw-p 00000000 00:00 0 
7f800dc55000-7f800dc58000 ---p 00000000 00:00 0 
7f800dc58000-7f800dd56000 rw-p 00000000 00:00 0 
7f800dd56000-7f800dd59000 ---p 00000000 00:00 0 
7f800dd59000-7f800de57000 rw-p 00000000 00:00 0 
7f800de57000-7f800de5a000 ---p 00000000 00:00 0 
7f800de5a000-7f800df58000 rw-p 00000000 00:00 0 
7f800df58000-7f800df5b000 ---p 00000000 00:00 0 
7f800df5b000-7f800e059000 rw-p 00000000 00:00 0 
7f800e059000-7f800e05c000 ---p 00000000 00:00 0 
7f800e05c000-7f800e15a000 rw-p 00000000 00:00 0 
7f800e15a000-7f800e15d000 ---p 00000000 00:00 0 
7f800e15d000-7f800e45b000 rw-p 00000000 00:00 0 
7f800e45b000-7f800e65b000 rw-p 00000000 00:00 0 
7f800e65b000-7f800e65e000 ---p 00000000 00:00 0 
7f800e65e000-7f800e75c000 rw-p 00000000 00:00 0 
7f800e75c000-7f800e75f000 ---p 00000000 00:00 0 
7f800e75f000-7f800e85d000 rw-p 00000000 00:00 0 
7f800e85d000-7f800e860000 ---p 00000000 00:00 0 
7f800e860000-7f800e95e000 rw-p 00000000 00:00 0 
7f800e95e000-7f800e961000 ---p 00000000 00:00 0 
7f800e961000-7f800ea5f000 rw-p 00000000 00:00 0 
7f800ea5f000-7f800ea62000 ---p 00000000 00:00 0 
7f800ea62000-7f800eb60000 rw-p 00000000 00:00 0 
7f800eb60000-7f800eb63000 ---p 00000000 00:00 0 
7f800eb63000-7f800ec61000 rw-p 00000000 00:00 0 
7f800ec61000-7f800ec64000 ---p 00000000 00:00 0 
7f800ec64000-7f800ed62000 rw-p 00000000 00:00 0 
7f800ed62000-7f800ed65000 ---p 00000000 00:00 0 
7f800ed65000-7f800ee63000 rw-p 00000000 00:00 0 
7f800ee63000-7f800ee66000 ---p 00000000 00:00 0 
7f800ee66000-7f800ef64000 rw-p 00000000 00:00 0 
7f800ef64000-7f800ef67000 ---p 00000000 00:00 0 
7f800ef67000-7f800f065000 rw-p 00000000 00:00 0 
7f800f065000-7f800f068000 ---p 00000000 00:00 0 
7f800f068000-7f800f366000 rw-p 00000000 00:00 0 
7f800f366000-7f800f369000 ---p 00000000 00:00 0 
7f800f369000-7f800f467000 rw-p 00000000 00:00 0 
7f800f467000-7f800f46a000 ---p 00000000 00:00 0 
7f800f46a000-7f800f568000 rw-p 00000000 00:00 0 
7f800f568000-7f800f56b000 ---p 00000000 00:00 0 
7f800f56b000-7f800f869000 rw-p 00000000 00:00 0 
7f800f869000-7f800fa69000 rw-p 00000000 00:00 0 
7f800fa69000-7f800fc69000 rw-p 00000000 00:00 0 
7f800fc69000-7f800fcff000 r--s 01102000 fd:02 2100425                    /home/ike/soft/jdk1.8/jre/lib/ext/jfxrt.jar
7f800fcff000-7f800fd02000 ---p 00000000 00:00 0 
7f800fd02000-7f8010000000 rw-p 00000000 00:00 0 
7f8010000000-7f8010541000 rw-p 00000000 00:00 0 
7f8010541000-7f8014000000 ---p 00000000 00:00 0 
7f8014000000-7f8014021000 rw-p 00000000 00:00 0 
7f8014021000-7f8018000000 ---p 00000000 00:00 0 
7f8018000000-7f8018021000 rw-p 00000000 00:00 0 
7f8018021000-7f801c000000 ---p 00000000 00:00 0 
7f801c000000-7f801c021000 rw-p 00000000 00:00 0 
7f801c021000-7f8020000000 ---p 00000000 00:00 0 
7f8020000000-7f8021097000 rw-p 00000000 00:00 0 
7f8021097000-7f8024000000 ---p 00000000 00:00 0 
7f8024000000-7f8024021000 rw-p 00000000 00:00 0 
7f8024021000-7f8028000000 ---p 00000000 00:00 0 
7f8028000000-7f802a97a000 rw-p 00000000 00:00 0 
7f802a97a000-7f802c000000 ---p 00000000 00:00 0 
7f802c000000-7f802efb5000 rw-p 00000000 00:00 0 
7f802efb5000-7f8030000000 ---p 00000000 00:00 0 
7f8030000000-7f803018b000 rw-p 00000000 00:00 0 
7f803018b000-7f8034000000 ---p 00000000 00:00 0 
7f8034000000-7f8034073000 rw-p 00000000 00:00 0 
7f8034073000-7f8038000000 ---p 00000000 00:00 0 
7f8038000000-7f8038076000 rw-p 00000000 00:00 0 
7f8038076000-7f803c000000 ---p 00000000 00:00 0 
7f803c000000-7f803c2bd000 rw-p 00000000 00:00 0 
7f803c2bd000-7f8040000000 ---p 00000000 00:00 0 
7f8040000000-7f8040021000 rw-p 00000000 00:00 0 
7f8040021000-7f8044000000 ---p 00000000 00:00 0 
7f8044000000-7f8044021000 rw-p 00000000 00:00 0 
7f8044021000-7f8048000000 ---p 00000000 00:00 0 
7f8048000000-7f80480f1000 rw-p 00000000 00:00 0 
7f80480f1000-7f804c000000 ---p 00000000 00:00 0 
7f804c000000-7f804c246000 rw-p 00000000 00:00 0 
7f804c246000-7f8050000000 ---p 00000000 00:00 0 
7f805006e000-7f805026e000 rw-p 00000000 00:00 0 
7f805026e000-7f805046e000 rw-p 00000000 00:00 0 
7f805046e000-7f8050484000 r-xp 00000000 fd:00 2890778                    /usr/lib64/libgcc_s-6.3.1-20161221.so.1
7f8050484000-7f8050683000 ---p 00016000 fd:00 2890778                    /usr/lib64/libgcc_s-6.3.1-20161221.so.1
7f8050683000-7f8050684000 r--p 00015000 fd:00 2890778                    /usr/lib64/libgcc_s-6.3.1-20161221.so.1
7f8050684000-7f8050685000 rw-p 00016000 fd:00 2890778                    /usr/lib64/libgcc_s-6.3.1-20161221.so.1
7f8050685000-7f8050885000 rw-p 00000000 00:00 0 
7f8050908000-7f805090b000 ---p 00000000 00:00 0 
7f805090b000-7f8050a09000 rw-p 00000000 00:00 0 
7f8050a09000-7f8050a3b000 r-xp 00000000 fd:02 2100254                    /home/ike/soft/jdk1.8/jre/lib/amd64/libsunec.so
7f8050a3b000-7f8050c3a000 ---p 00032000 fd:02 2100254                    /home/ike/soft/jdk1.8/jre/lib/amd64/libsunec.so
7f8050c3a000-7f8050c40000 rw-p 00031000 fd:02 2100254                    /home/ike/soft/jdk1.8/jre/lib/amd64/libsunec.so
7f8050c40000-7f8050c50000 rw-p 00000000 00:00 0 
7f8050c50000-7f8050c53000 ---p 00000000 00:00 0 
7f8050c53000-7f8050d51000 rw-p 00000000 00:00 0 
7f8050d51000-7f8050d54000 ---p 00000000 00:00 0 
7f8050d54000-7f8051052000 rw-p 00000000 00:00 0 
7f8051052000-7f8051055000 ---p 00000000 00:00 0 
7f8051055000-7f8051153000 rw-p 00000000 00:00 0 
7f8051153000-7f8051164000 r-xp 00000000 fd:02 2100229                    /home/ike/soft/jdk1.8/jre/lib/amd64/libnio.so
7f8051164000-7f8051363000 ---p 00011000 fd:02 2100229                    /home/ike/soft/jdk1.8/jre/lib/amd64/libnio.so
7f8051363000-7f8051364000 rw-p 00010000 fd:02 2100229                    /home/ike/soft/jdk1.8/jre/lib/amd64/libnio.so
7f8051364000-7f805137a000 r-xp 00000000 fd:02 2100243                    /home/ike/soft/jdk1.8/jre/lib/amd64/libnet.so
7f805137a000-7f805157a000 ---p 00016000 fd:02 2100243                    /home/ike/soft/jdk1.8/jre/lib/amd64/libnet.so
7f805157a000-7f805157b000 rw-p 00016000 fd:02 2100243                    /home/ike/soft/jdk1.8/jre/lib/amd64/libnet.so
7f805157b000-7f8051584000 r-xp 00000000 fd:02 2100283                    /home/ike/soft/jdk1.8/jre/lib/amd64/libmanagement.so
7f8051584000-7f8051783000 ---p 00009000 fd:02 2100283                    /home/ike/soft/jdk1.8/jre/lib/amd64/libmanagement.so
7f8051783000-7f8051784000 rw-p 00008000 fd:02 2100283                    /home/ike/soft/jdk1.8/jre/lib/amd64/libmanagement.so
7f8051784000-7f8051984000 rw-p 00000000 00:00 0 
7f8051984000-7f8051b84000 rw-p 00000000 00:00 0 
7f8051b84000-7f8051d84000 rw-p 00000000 00:00 0 
7f8051d84000-7f8051f84000 rw-p 00000000 00:00 0 
7f8051f84000-7f8052184000 rw-p 00000000 00:00 0 
7f80521ed000-7f80521f3000 r--s 0003f000 fd:02 2100426                    /home/ike/soft/jdk1.8/jre/lib/ext/sunjce_provider.jar
7f80521f3000-7f80521f4000 r--s 00009000 fd:02 2100423                    /home/ike/soft/jdk1.8/jre/lib/ext/sunec.jar
7f80521f4000-7f80521f8000 r--s 0003a000 fd:02 2100420                    /home/ike/soft/jdk1.8/jre/lib/ext/sunpkcs11.jar
7f80521f8000-7f80521fc000 r--s 00097000 fd:02 2100406                    /home/ike/soft/jdk1.8/jre/lib/jsse.jar
7f80521fc000-7f8052201000 r--s 002f9000 fd:02 2100432                    /home/ike/soft/jdk1.8/jre/lib/charsets.jar
7f8052201000-7f8052204000 r--s 0001a000 fd:02 2100204                    /home/ike/soft/jdk1.8/jre/lib/jce.jar
7f8052204000-7f8052404000 rw-p 00000000 00:00 0 
7f8052404000-7f8052604000 rw-p 00000000 00:00 0 
7f8052604000-7f8052804000 rw-p 00000000 00:00 0 
7f8052804000-7f805280e000 r--s 00116000 fd:02 2100424                    /home/ike/soft/jdk1.8/jre/lib/ext/localedata.jar
7f805280e000-7f805280f000 ---p 00000000 00:00 0 
7f805280f000-7f805290f000 rw-p 00000000 00:00 0 
7f805290f000-7f8052912000 ---p 00000000 00:00 0 
7f8052912000-7f8052a10000 rw-p 00000000 00:00 0 
7f8052a10000-7f8052a13000 ---p 00000000 00:00 0 
7f8052a13000-7f8052b11000 rw-p 00000000 00:00 0 
7f8052b11000-7f8052b14000 ---p 00000000 00:00 0 
7f8052b14000-7f8052c12000 rw-p 00000000 00:00 0 
7f8052c12000-7f8052c15000 ---p 00000000 00:00 0 
7f8052c15000-7f8052d13000 rw-p 00000000 00:00 0 
7f8052d13000-7f8052d15000 r--s 0000a000 fd:02 2103023                    /home/ike/soft/idea-IU-171.4424.56/plugins/Groovy/lib/agent/gragent.jar
7f8052d15000-7f8052d17000 r--s 0001a000 fd:02 2102710                    /home/ike/soft/idea-IU-171.4424.56/lib/idea_rt.jar
7f8052d17000-7f8052d19000 r--s 0000c000 fd:02 3670899                    /home/ike/.m2/repository/org/ow2/asm/asm/5.0.4/asm-5.0.4.jar
7f8052d19000-7f8052d1a000 r--s 00000000 fd:02 4459279                    /home/ike/.gradle/caches/modules-2/files-2.1/javax.inject/javax.inject/1/6975da39a7040257bd51d21a231b76c915872d38/javax.inject-1.jar
7f8052d1a000-7f8052d1b000 r--s 00001000 fd:02 4459277                    /home/ike/.gradle/caches/modules-2/files-2.1/javax.annotation/jsr250-api/1.0/5025422767732a1ab45d93abfea846513d742dcf/jsr250-api-1.0.jar
7f8052d1b000-7f8052d1c000 r--s 00001000 fd:02 4459275                    /home/ike/.gradle/caches/modules-2/files-2.1/org.jboss.spec.javax.interceptor/jboss-interceptors-api_1.1_spec/1.0.0.Beta1/8cb388fd3b4912373da7a18e199bb55aa52aa5c1/jboss-interceptors-api_1.1_spec-1.0.0.Beta1.jar
7f8052d1c000-7f8052d1e000 r--s 00007000 fd:02 4459273                    /home/ike/.gradle/caches/modules-2/files-2.1/javax.el/el-api/2.2/42971279cc8ba864462580c7fc2199fd5715ee7f/el-api-2.2.jar
7f8052d1e000-7f8052d20000 r--s 00005000 fd:02 2234244                    /home/ike/.m2/repository/stax/stax-api/1.0.1/stax-api-1.0.1.jar
7f8052d20000-7f8052d22000 r--s 0000b000 fd:02 2624367                    /home/ike/.m2/repository/org/objenesis/objenesis/2.2/objenesis-2.2.jar
7f8052d22000-7f8052d23000 r--s 00001000 fd:02 3670910                    /home/ike/.m2/repository/com/esotericsoftware/minlog/1.3.0/minlog-1.3.0.jar
7f8052d23000-7f8052d25000 r--s 00004000 fd:02 3670897                    /home/ike/.m2/repository/com/esotericsoftware/reflectasm/1.11.3/reflectasm-1.11.3.jar
7f8052d25000-7f8052d29000 r--s 0000e000 fd:02 4459271                    /home/ike/.gradle/caches/modules-2/files-2.1/javax.enterprise/cdi-api/1.1/78b1feee99b05a78575fb2fd79fb77be5e74420d/cdi-api-1.1.jar
7f8052d29000-7f8052d2c000 r--s 0002b000 fd:02 4459269                    /home/ike/.gradle/caches/modules-2/files-2.1/org.jboss/jandex/2.0.0.Final/3e899258936f94649c777193e1be846387ed54b3/jandex-2.0.0.Final.jar
7f8052d2c000-7f8052d31000 r--s 00068000 fd:02 2103485                    /home/ike/.m2/repository/antlr/antlr/2.7.7/antlr-2.7.7.jar
7f8052d31000-7f8052d6f000 r--s 0025d000 fd:02 2234241                    /home/ike/.m2/repository/org/apache/xmlbeans/xmlbeans/2.6.0/xmlbeans-2.6.0.jar
7f8052d6f000-7f8052d87000 r--s 00110000 fd:02 3670926                    /home/ike/.m2/repository/io/netty/netty/3.7.0.Final/netty-3.7.0.Final.jar
7f8052d87000-7f8052d89000 r--s 00014000 fd:02 3539264                    /home/ike/.m2/repository/jline/jline/0.9.94/jline-0.9.94.jar
7f8052d89000-7f8052d8a000 r--s 00002000 fd:02 3015918                    /home/ike/.m2/repository/org/slf4j/slf4j-log4j12/1.6.1/slf4j-log4j12-1.6.1.jar
7f8052d8a000-7f8052d92000 r--s 00048000 fd:02 3670895                    /home/ike/.m2/repository/com/esotericsoftware/kryo/4.0.0/kryo-4.0.0.jar
7f8052d92000-7f8052d9c000 r--s 000ae000 fd:02 3145958                    /home/ike/.m2/repository/org/javassist/javassist/3.20.0-GA/javassist-3.20.0-GA.jar
7f8052d9c000-7f8052da1000 r--s 00048000 fd:02 3801997                    /home/ike/.m2/repository/dom4j/dom4j/1.6.1/dom4j-1.6.1.jar
7f8052da1000-7f8052da5000 r--s 0000c000 fd:02 3540885                    /home/ike/.m2/repository/javax/validation/validation-api/1.1.0.Final/validation-api-1.1.0.Final.jar
7f8052da5000-7f8052dad000 r--s 00048000 fd:02 3807593                    /home/ike/.gradle/caches/modules-2/files-2.1/org.apache.httpcomponents/httpcore/4.4.6/e3fd8ced1f52c7574af952e2e6da0df8df08eb82/httpcore-4.4.6.jar
7f8052dad000-7f8052db1000 r--s 00015000 fd:02 3542611                    /home/ike/.gradle/caches/modules-2/files-2.1/com.github.virtuald/curvesapi/1.04/3386abf821719bc89c7685f9eaafaf4a842f0199/curvesapi-1.04.jar
7f8052db1000-7f8052e6b000 r--s 004e0000 fd:02 7867893                    /home/ike/.gradle/caches/modules-2/files-2.1/org.apache.poi/poi-ooxml-schemas/3.16/9828a49307fc6bebfd42185b677d88b6e4994c63/poi-ooxml-schemas-3.16.jar
7f8052e6b000-7f8052e7b000 r--s 000a8000 fd:02 3542609                    /home/ike/.gradle/caches/modules-2/files-2.1/org.apache.commons/commons-collections4/4.1/a4cf4688fe1c7e3a63aa636cc96d013af537768e/commons-collections4-4.1.jar
7f8052e7b000-7f8052e82000 r--s 0003f000 fd:02 4196565                    /home/ike/.m2/repository/commons-codec/commons-codec/1.10/commons-codec-1.10.jar
7f8052e82000-7f8052e8e000 r--s 000b9000 fd:02 4587592                    /home/ike/.gradle/caches/modules-2/files-2.1/org.apache.zookeeper/zookeeper/3.4.8/933ea2ed15e6a0e24b788973e3d128ff163c3136/zookeeper-3.4.8.jar
7f8052e8e000-7f8052e97000 r--s 0006f000 fd:02 3670891                    /home/ike/.m2/repository/log4j/log4j/1.2.17/log4j-1.2.17.jar
7f8052e97000-7f8052eaf000 r--s 001bf000 fd:02 3670928                    /home/ike/.m2/repository/org/aspectj/aspectjweaver/1.8.10/aspectjweaver-1.8.10.jar
7f8052eaf000-7f8052eb9000 r--s 00098000 fd:02 3671156                    /home/ike/.m2/repository/org/quartz-scheduler/quartz/2.2.3/quartz-2.2.3.jar
7f8052eb9000-7f8052ebe000 r--s 00029000 fd:02 3671151                    /home/ike/.m2/repository/org/springframework/spring-context-support/4.3.5.RELEASE/spring-context-support-4.3.5.RELEASE.jar
7f8052ebe000-7f8052ece000 r--s 000b2000 fd:02 3147507                    /home/ike/.m2/repository/org/jboss/netty/netty/3.2.5.Final/netty-3.2.5.Final.jar
7f8052ece000-7f8052ed0000 r--s 0000e000 fd:02 3146093                    /home/ike/.m2/repository/commons-logging/commons-logging/1.2/commons-logging-1.2.jar
7f8052ed0000-7f8052ed3000 r--s 00019000 fd:02 3808679                    /home/ike/.gradle/caches/modules-2/files-2.1/org.apache.commons/commons-pool2/2.4.2/e5f4f28f19d57716fbc3989d7a357ebf1e454fea/commons-pool2-2.4.2.jar
7f8052ed3000-7f8052faa000 r--s 007a9000 fd:02 6293761                    /home/ike/.gradle/caches/modules-2/files-2.1/net.sf.ehcache/ehcache/2.10.3/cf74f9a4a049f181833b147a1d9aa62159c9d01d/ehcache-2.10.3.jar
7f8052faa000-7f8052fac000 r--s 0000f000 fd:02 3672160                    /home/ike/.m2/repository/org/jboss/logging/jboss-logging/3.3.0.Final/jboss-logging-3.3.0.Final.jar
7f8052fac000-7f8052faf000 r--s 00010000 fd:02 4459261                    /home/ike/.gradle/caches/modules-2/files-2.1/org.hibernate.common/hibernate-commons-annotations/5.0.1.Final/71e1cff3fcb20d3b3af4f3363c3ddb24d33c6879/hibernate-commons-annotations-5.0.1.Final.jar
7f8052faf000-7f8052fb1000 r--s 00003000 fd:02 4588021                    /home/ike/.gradle/caches/modules-2/files-2.1/org.slf4j/jcl-over-slf4j/1.7.22/86ceac14535af5a42c8fb0d06d79b925dd3cb263/jcl-over-slf4j-1.7.22.jar
7f8052fb1000-7f8052fb9000 r--s 0003a000 fd:02 3671152                    /home/ike/.m2/repository/org/springframework/spring-tx/4.3.5.RELEASE/spring-tx-4.3.5.RELEASE.jar
7f8052fb9000-7f8052fbd000 r--s 00019000 fd:02 4587747                    /home/ike/.gradle/caches/modules-2/files-2.1/org.aspectj/aspectjrt/1.8.9/87372d9e2323313bec24b09a325bfea8ae0eb867/aspectjrt-1.8.9.jar
7f8052fbd000-7f8052fc7000 r--s 00068000 fd:02 4587743                    /home/ike/.gradle/caches/modules-2/files-2.1/org.springframework/spring-orm/4.2.8.RELEASE/43b557f5025782616f791dbd720b4a606eeca1bf/spring-orm-4.2.8.RELEASE.jar
7f8052fc7000-7f8052fde000 r--s 000fb000 fd:02 6424510                    /home/ike/.gradle/caches/modules-2/files-2.1/org.springframework/spring-core/4.3.7.RELEASE/54fa2db94cc7222edc90ec71354e47cd1dc07f7b/spring-core-4.3.7.RELEASE.jar
7f8052fde000-7f8052fe3000 r--s 0003c000 fd:02 6554776                    /home/ike/.gradle/caches/modules-2/files-2.1/org.springframework/spring-expression/4.3.7.RELEASE/5257b6486e43d8c05674323fea5b415d4da72f38/spring-expression-4.3.7.RELEASE.jar
7f8052fe3000-7f8052ff1000 r--s 000ad000 fd:02 6424518                    /home/ike/.gradle/caches/modules-2/files-2.1/org.springframework/spring-beans/4.3.7.RELEASE/2de9f59f3202965438f3a02057d6ad8274636044/spring-beans-4.3.7.RELEASE.jar
7f8052ff1000-7f8052ffa000 r--s 00054000 fd:02 6554774                    /home/ike/.gradle/caches/modules-2/files-2.1/org.springframework/spring-aop/4.3.7.RELEASE/3f243d685e4a8a78a0c291445c6d85560ec4d339/spring-aop-4.3.7.RELEASE.jar
7f8052ffa000-7f8052ffd000 r--s 0000c000 fd:02 3671062                    /home/ike/.m2/repository/org/mengyun/tcc-transaction-core/1.1.5/tcc-transaction-core-1.1.5.jar
7f8052ffd000-7f805300a000 r--s 000aa000 fd:02 3807591                    /home/ike/.gradle/caches/modules-2/files-2.1/org.apache.httpcomponents/httpclient/4.5.3/d1577ae15f01ef5438c5afc62162457c00a34713/httpclient-4.5.3.jar
7f805300a000-7f8053036000 r--s 00263000 fd:02 7867889                    /home/ike/.gradle/caches/modules-2/files-2.1/org.apache.poi/poi/3.16/ad21c123ee5d6b5b2a8f0d4ed23b3ffe6759a889/poi-3.16.jar
7f8053036000-7f8053049000 r--s 0014c000 fd:02 7867891                    /home/ike/.gradle/caches/modules-2/files-2.1/org.apache.poi/poi-ooxml/3.16/76e20fe22404cc4da55ddfdaaaadee32bbfa3bdd/poi-ooxml-3.16.jar
7f8053049000-7f805304c000 r--s 00015000 fd:02 3807983                    /home/ike/.m2/repository/javax/servlet/javax.servlet-api/3.1.0/javax.servlet-api-3.1.0.jar
7f805304c000-7f805304f000 r--s 00010000 fd:02 4587590                    /home/ike/.gradle/caches/modules-2/files-2.1/com.101tec/zkclient/0.10/c54d4b5a5e89af75a80b6d5857400165ce5188d0/zkclient-0.10.jar
7f805304f000-7f805306d000 r--s 00143000 fd:02 3670645                    /home/ike/.m2/repository/com/alibaba/dubbo/2.5.4-SNAPSHOT/dubbo-2.5.4-SNAPSHOT.jar
7f805306d000-7f805307f000 r--s 000a7000 fd:02 3670135                    /home/ike/.gradle/caches/modules-2/files-2.1/org.hibernate/hibernate-validator/5.4.0.Final/2076cbd5719e4182a75ab32e7186deb0ca5ac376/hibernate-validator-5.4.0.Final.jar
7f805307f000-7f80530ae000 r--s 00239000 fd:02 5376285                    /home/ike/.gradle/caches/modules-2/files-2.1/com.google.guava/guava/21.0/3a3d111be1be1b745edfa7d91678a12d7ed38709/guava-21.0.jar
7f80530ae000-7f80530ba000 r--s 0007c000 fd:02 4590155                    /home/ike/.gradle/caches/modules-2/files-2.1/redis.clients/jedis/2.9.0/292bc9cc26553acd3cccc26f2f95620bf88a04c2/jedis-2.9.0.jar
7f80530ba000-7f80530cb000 r--s 0009a000 fd:02 6424506                    /home/ike/.gradle/caches/modules-2/files-2.1/org.springframework.data/spring-data-commons/1.12.8.RELEASE/827a994d703ad9916b694d17401d8bf78bd773f9/spring-data-commons-1.12.8.RELEASE.jar
7f80530cb000-7f80530d5000 r--s 0005f000 fd:02 3671148                    /home/ike/.m2/repository/org/springframework/spring-jdbc/4.3.5.RELEASE/spring-jdbc-4.3.5.RELEASE.jar
7f80530d5000-7f80530ef000 r--s 000fd000 fd:02 6424513                    /home/ike/.gradle/caches/modules-2/files-2.1/org.springframework/spring-context/4.3.7.RELEASE/34b66b0b7910122ef95ba4fff6da9238ef80a5de/spring-context-4.3.7.RELEASE.jar
7f80530ef000-7f80530f2000 ---p 00000000 00:00 0 
7f80530f2000-7f80531f0000 rw-p 00000000 00:00 0 
7f80531f0000-7f80531f3000 ---p 00000000 00:00 0 
7f80531f3000-7f80532f1000 rw-p 00000000 00:00 0 
7f80532f1000-7f80532f4000 ---p 00000000 00:00 0 
7f80532f4000-7f80533f2000 rw-p 00000000 00:00 0 
7f80533f2000-7f80533f6000 r-xp 00000000 fd:02 2100248                    /home/ike/soft/jdk1.8/jre/lib/amd64/libdt_socket.so
7f80533f6000-7f80535f5000 ---p 00004000 fd:02 2100248                    /home/ike/soft/jdk1.8/jre/lib/amd64/libdt_socket.so
7f80535f5000-7f80535f6000 rw-p 00003000 fd:02 2100248                    /home/ike/soft/jdk1.8/jre/lib/amd64/libdt_socket.so
7f80535f6000-7f80535f9000 ---p 00000000 00:00 0 
7f80535f9000-7f80536f7000 rw-p 00000000 00:00 0 
7f80536f7000-7f80536fa000 ---p 00000000 00:00 0 
7f80536fa000-7f80537f8000 rw-p 00000000 00:00 0 
7f80537f8000-7f80537fb000 ---p 00000000 00:00 0 
7f80537fb000-7f80538f9000 rw-p 00000000 00:00 0 
7f80538f9000-7f80538fa000 ---p 00000000 00:00 0 
7f80538fa000-7f8054000000 rw-p 00000000 00:00 0 
7f8054000000-7f8054021000 rw-p 00000000 00:00 0 
7f8054021000-7f8058000000 ---p 00000000 00:00 0 
7f8058000000-7f8058021000 rw-p 00000000 00:00 0 
7f8058021000-7f805c000000 ---p 00000000 00:00 0 
7f805c000000-7f805c001000 r--s 00003000 fd:02 3540889                    /home/ike/.m2/repository/org/apache/geronimo/specs/geronimo-jta_1.1_spec/1.1.1/geronimo-jta_1.1_spec-1.1.1.jar
7f805c001000-7f805c006000 r--s 00061000 fd:02 3670330                    /home/ike/.gradle/caches/modules-2/files-2.1/com.alibaba/fastjson/1.2.23/be2508e9bac203c38f3f52fc8d33332c4e7ee6c5/fastjson-1.2.23.jar
7f805c006000-7f805c07e000 r--s 005a9000 fd:02 4459259                    /home/ike/.gradle/caches/modules-2/files-2.1/org.hibernate/hibernate-core/5.2.4.Final/52414fccd4429d8f723996e26c61330df094d06c/hibernate-core-5.2.4.Final.jar
7f805c07e000-7f8060000000 rw-p 00000000 00:00 0 
7f8060000000-7f8060021000 rw-p 00000000 00:00 0 
7f8060021000-7f8064000000 ---p 00000000 00:00 0 
7f8064000000-7f8064001000 r--s 00001000 fd:02 3670688                    /home/ike/.m2/repository/org/mengyun/tcc-transaction-api/1.1.5/tcc-transaction-api-1.1.5.jar
7f8064001000-7f8064003000 r--s 0000e000 fd:02 4459297                    /home/ike/.gradle/caches/modules-2/files-2.1/com.fasterxml/classmate/1.3.3/864c8e370a691e343210cc7c532fc198cee460d8/classmate-1.3.3.jar
7f8064003000-7f8064006000 r--s 0001a000 fd:02 7733451                    /home/ike/.gradle/caches/modules-2/files-2.1/org.glassfish.web/javax.el/2.2.6/232abfe1f919127e9cfcd6e4e2c6324bb394535/javax.el-2.2.6.jar
7f8064006000-7f8064009000 r--s 00020000 fd:02 6168744                    /home/ike/.gradle/caches/modules-2/files-2.1/org.hibernate/hibernate-ehcache/5.2.4.Final/f70147c655b970ca70e3913f91880da6d264fe68/hibernate-ehcache-5.2.4.Final.jar
7f8064009000-7f8064010000 r--s 0003e000 fd:02 4587735                    /home/ike/.gradle/caches/modules-2/files-2.1/org.springframework.data/spring-data-jpa/1.10.3.RELEASE/fc31fbdb8ff777d29077ac53a616f11c2c0df59/spring-data-jpa-1.10.3.RELEASE.jar
7f8064010000-7f8064027000 r--s 001b7000 fd:02 4587733                    /home/ike/.gradle/caches/modules-2/files-2.1/mysql/mysql-connector-java/6.0.5/9d8df5a1f3273110f2a9ad304961bdd03d696d86/mysql-connector-java-6.0.5.jar
7f8064027000-7f806402b000 r--s 0002f000 fd:02 3670137                    /home/ike/.gradle/caches/modules-2/files-2.1/commons-io/commons-io/2.5/2852e6e05fbb95076fc091f6d1780f1f8fe35e0f/commons-io-2.5.jar
7f806402b000-7f806404d000 r--s 001e6000 fd:02 4587737                    /home/ike/.gradle/caches/modules-2/files-2.1/com.alibaba/druid/1.0.26/f4bc6159b34e4cda5abd6480203492b470aa1a36/druid-1.0.26.jar
7f806404d000-7f8064055000 r--s 0006e000 fd:02 3670118                    /home/ike/.gradle/caches/modules-2/files-2.1/org.apache.commons/commons-lang3/3.5/6c6c702c89bfff3cd9e80b04d668c5e190d588c6/commons-lang3-3.5.jar
7f8064055000-7f8064068000 r--s 00345000 fd:02 2100473                    /home/ike/soft/jdk1.8/jre/lib/resources.jar
7f8064068000-7f806476f000 rw-p 00000000 00:00 0 
7f806476f000-7f8064948000 r--s 03d29000 fd:02 2100521                    /home/ike/soft/jdk1.8/jre/lib/rt.jar
7f8064948000-7f8065520000 rw-p 00000000 00:00 0 
7f8065520000-7f8065521000 ---p 00000000 00:00 0 
7f8065521000-7f8065621000 rw-p 00000000 00:00 0 
7f8065621000-7f8065622000 ---p 00000000 00:00 0 
7f8065622000-7f8065722000 rw-p 00000000 00:00 0 
7f8065722000-7f8065723000 ---p 00000000 00:00 0 
7f8065723000-7f806584c000 rw-p 00000000 00:00 0 
7f806584c000-7f8065ab3000 ---p 00000000 00:00 0 
7f8065ab3000-7f8065adc000 rw-p 00000000 00:00 0 
7f8065adc000-7f8065d43000 ---p 00000000 00:00 0 
7f8065d43000-7f8065e3c000 rw-p 00000000 00:00 0 
7f8065e3c000-7f8065e8b000 ---p 00000000 00:00 0 
7f8065e8b000-7f8065ef3000 rw-p 00000000 00:00 0 
7f8065ef3000-7f806624c000 ---p 00000000 00:00 0 
7f806624c000-7f8067bec000 rwxp 00000000 00:00 0 
7f8067bec000-7f807524c000 ---p 00000000 00:00 0 
7f807524c000-7f8075266000 r-xp 00000000 fd:02 2100263                    /home/ike/soft/jdk1.8/jre/lib/amd64/libzip.so
7f8075266000-7f8075466000 ---p 0001a000 fd:02 2100263                    /home/ike/soft/jdk1.8/jre/lib/amd64/libzip.so
7f8075466000-7f8075467000 rw-p 0001a000 fd:02 2100263                    /home/ike/soft/jdk1.8/jre/lib/amd64/libzip.so
7f8075467000-7f807c000000 r--p 00000000 fd:00 2885042                    /usr/lib/locale/locale-archive
7f807c000000-7f807e02a000 rw-p 00000000 00:00 0 
7f807e02a000-7f8080000000 ---p 00000000 00:00 0 
7f8080000000-7f8080002000 r--s 00010000 fd:02 7733449                    /home/ike/.gradle/caches/modules-2/files-2.1/javax.el/javax.el-api/3.0.1-b04/8c0c970b8deae5054ff0bf4b17979c8181a506d3/javax.el-api-3.0.1-b04.jar
7f8080002000-7f8080004000 r--s 00009000 fd:02 4460443                    /home/ike/.gradle/caches/modules-2/files-2.1/org.slf4j/slf4j-api/1.7.24/3f6b4bd4f8dbe8d4bea06d107a3826469b85c3e9/slf4j-api-1.7.24.jar
7f8080004000-7f8080009000 r--s 00017000 fd:02 3148263                    /home/ike/.m2/repository/org/hibernate/javax/persistence/hibernate-jpa-2.1-api/1.0.0.Final/hibernate-jpa-2.1-api-1.0.0.Final.jar
7f8080009000-7f808001c000 r--s 000d6000 fd:02 2100468                    /home/ike/soft/jdk1.8/jre/lib/plugin.jar
7f808001c000-7f8080037000 r--s 00208000 fd:02 2100407                    /home/ike/soft/jdk1.8/jre/lib/deploy.jar
7f8080037000-7f80800ad000 rw-p 00000000 00:00 0 
7f80800ad000-7f80800ae000 ---p 00000000 00:00 0 
7f80800ae000-7f80801ae000 rw-p 00000000 00:00 0 
7f80801ae000-7f80801b8000 r-xp 00000000 fd:00 2891856                    /usr/lib64/libnss_files-2.24.so
7f80801b8000-7f80803b8000 ---p 0000a000 fd:00 2891856                    /usr/lib64/libnss_files-2.24.so
7f80803b8000-7f80803b9000 r--p 0000a000 fd:00 2891856                    /usr/lib64/libnss_files-2.24.so
7f80803b9000-7f80803ba000 rw-p 0000b000 fd:00 2891856                    /usr/lib64/libnss_files-2.24.so
7f80803ba000-7f80803c0000 rw-p 00000000 00:00 0 
7f80803c0000-7f80803ca000 r-xp 00000000 fd:02 2100232                    /home/ike/soft/jdk1.8/jre/lib/amd64/libinstrument.so
7f80803ca000-7f80805c9000 ---p 0000a000 fd:02 2100232                    /home/ike/soft/jdk1.8/jre/lib/amd64/libinstrument.so
7f80805c9000-7f80805ca000 rw-p 00009000 fd:02 2100232                    /home/ike/soft/jdk1.8/jre/lib/amd64/libinstrument.so
7f80805ca000-7f80805cc000 r-xp 00000000 fd:02 2100241                    /home/ike/soft/jdk1.8/jre/lib/amd64/libnpt.so
7f80805cc000-7f80807cc000 ---p 00002000 fd:02 2100241                    /home/ike/soft/jdk1.8/jre/lib/amd64/libnpt.so
7f80807cc000-7f80807cd000 rw-p 00002000 fd:02 2100241                    /home/ike/soft/jdk1.8/jre/lib/amd64/libnpt.so
7f80807cd000-7f8080806000 r-xp 00000000 fd:02 2100224                    /home/ike/soft/jdk1.8/jre/lib/amd64/libjdwp.so
7f8080806000-7f8080a05000 ---p 00039000 fd:02 2100224                    /home/ike/soft/jdk1.8/jre/lib/amd64/libjdwp.so
7f8080a05000-7f8080a07000 rw-p 00038000 fd:02 2100224                    /home/ike/soft/jdk1.8/jre/lib/amd64/libjdwp.so
7f8080a07000-7f8080a31000 r-xp 00000000 fd:02 2100286                    /home/ike/soft/jdk1.8/jre/lib/amd64/libjava.so
7f8080a31000-7f8080c31000 ---p 0002a000 fd:02 2100286                    /home/ike/soft/jdk1.8/jre/lib/amd64/libjava.so
7f8080c31000-7f8080c33000 rw-p 0002a000 fd:02 2100286                    /home/ike/soft/jdk1.8/jre/lib/amd64/libjava.so
7f8080c33000-7f8080c40000 r-xp 00000000 fd:02 2100257                    /home/ike/soft/jdk1.8/jre/lib/amd64/libverify.so
7f8080c40000-7f8080e40000 ---p 0000d000 fd:02 2100257                    /home/ike/soft/jdk1.8/jre/lib/amd64/libverify.so
7f8080e40000-7f8080e42000 rw-p 0000d000 fd:02 2100257                    /home/ike/soft/jdk1.8/jre/lib/amd64/libverify.so
7f8080e42000-7f8080e49000 r-xp 00000000 fd:00 2891975                    /usr/lib64/librt-2.24.so
7f8080e49000-7f8081048000 ---p 00007000 fd:00 2891975                    /usr/lib64/librt-2.24.so
7f8081048000-7f8081049000 r--p 00006000 fd:00 2891975                    /usr/lib64/librt-2.24.so
7f8081049000-7f808104a000 rw-p 00007000 fd:00 2891975                    /usr/lib64/librt-2.24.so
7f808104a000-7f8081152000 r-xp 00000000 fd:00 2891438                    /usr/lib64/libm-2.24.so
7f8081152000-7f8081351000 ---p 00108000 fd:00 2891438                    /usr/lib64/libm-2.24.so
7f8081351000-7f8081352000 r--p 00107000 fd:00 2891438                    /usr/lib64/libm-2.24.so
7f8081352000-7f8081353000 rw-p 00108000 fd:00 2891438                    /usr/lib64/libm-2.24.so
7f8081353000-7f808201e000 r-xp 00000000 fd:02 2100238                    /home/ike/soft/jdk1.8/jre/lib/amd64/server/libjvm.so
7f808201e000-7f808221d000 ---p 00ccb000 fd:02 2100238                    /home/ike/soft/jdk1.8/jre/lib/amd64/server/libjvm.so
7f808221d000-7f80822f6000 rw-p 00cca000 fd:02 2100238                    /home/ike/soft/jdk1.8/jre/lib/amd64/server/libjvm.so
7f80822f6000-7f8082341000 rw-p 00000000 00:00 0 
7f8082341000-7f80824fe000 r-xp 00000000 fd:00 2891285                    /usr/lib64/libc-2.24.so
7f80824fe000-7f80826fd000 ---p 001bd000 fd:00 2891285                    /usr/lib64/libc-2.24.so
7f80826fd000-7f8082701000 r--p 001bc000 fd:00 2891285                    /usr/lib64/libc-2.24.so
7f8082701000-7f8082703000 rw-p 001c0000 fd:00 2891285                    /usr/lib64/libc-2.24.so
7f8082703000-7f8082707000 rw-p 00000000 00:00 0 
7f8082707000-7f808270a000 r-xp 00000000 fd:00 2891382                    /usr/lib64/libdl-2.24.so
7f808270a000-7f8082909000 ---p 00003000 fd:00 2891382                    /usr/lib64/libdl-2.24.so
7f8082909000-7f808290a000 r--p 00002000 fd:00 2891382                    /usr/lib64/libdl-2.24.so
7f808290a000-7f808290b000 rw-p 00003000 fd:00 2891382                    /usr/lib64/libdl-2.24.so
7f808290b000-7f8082920000 r-xp 00000000 fd:02 2098935                    /home/ike/soft/jdk1.8/lib/amd64/jli/libjli.so
7f8082920000-7f8082b20000 ---p 00015000 fd:02 2098935                    /home/ike/soft/jdk1.8/lib/amd64/jli/libjli.so
7f8082b20000-7f8082b21000 rw-p 00015000 fd:02 2098935                    /home/ike/soft/jdk1.8/lib/amd64/jli/libjli.so
7f8082b21000-7f8082b39000 r-xp 00000000 fd:00 2891857                    /usr/lib64/libpthread-2.24.so
7f8082b39000-7f8082d39000 ---p 00018000 fd:00 2891857                    /usr/lib64/libpthread-2.24.so
7f8082d39000-7f8082d3a000 r--p 00018000 fd:00 2891857                    /usr/lib64/libpthread-2.24.so
7f8082d3a000-7f8082d3b000 rw-p 00019000 fd:00 2891857                    /usr/lib64/libpthread-2.24.so
7f8082d3b000-7f8082d3f000 rw-p 00000000 00:00 0 
7f8082d3f000-7f8082d64000 r-xp 00000000 fd:00 2894298                    /usr/lib64/ld-2.24.so
7f8082d64000-7f8082d65000 r--s 00002000 fd:02 3671205                    /home/ike/.m2/repository/org/mengyun/tcc-transaction-spring/1.1.5/tcc-transaction-spring-1.1.5.jar
7f8082d65000-7f8082d69000 r--s 00097000 fd:02 2100406                    /home/ike/soft/jdk1.8/jre/lib/jsse.jar
7f8082d69000-7f8082d6e000 r--s 00084000 fd:02 2100412                    /home/ike/soft/jdk1.8/jre/lib/jfr.jar
7f8082d6e000-7f8082d78000 r--s 0006c000 fd:02 2100376                    /home/ike/soft/jdk1.8/jre/lib/javaws.jar
7f8082d78000-7f8082e49000 rw-p 00000000 00:00 0 
7f8082e49000-7f8082e4c000 ---p 00000000 00:00 0 
7f8082e4c000-7f8082f4c000 rw-p 00000000 00:00 0 
7f8082f4c000-7f8082f4d000 r--s 00000000 fd:02 4459257                    /home/ike/.gradle/caches/modules-2/files-2.1/org.hibernate/hibernate-entitymanager/5.2.4.Final/b5f9506bbff26ce5c75f16e568fa43d148d0f1d1/hibernate-entitymanager-5.2.4.Final.jar
7f8082f4d000-7f8082f4e000 r--s 00000000 fd:02 2100401                    /home/ike/soft/jdk1.8/jre/lib/management-agent.jar
7f8082f4e000-7f8082f50000 r--s 00007000 fd:02 2100375                    /home/ike/soft/jdk1.8/jre/lib/jfxswt.jar
7f8082f50000-7f8082f53000 r--s 0001a000 fd:02 2100204                    /home/ike/soft/jdk1.8/jre/lib/jce.jar
7f8082f53000-7f8082f58000 r--s 002f9000 fd:02 2100432                    /home/ike/soft/jdk1.8/jre/lib/charsets.jar
7f8082f58000-7f8082f60000 rw-s 00000000 00:29 567958                     /tmp/hsperfdata_ike/25158
7f8082f60000-7f8082f61000 rw-p 00000000 00:00 0 
7f8082f61000-7f8082f62000 r--p 00000000 00:00 0 
7f8082f62000-7f8082f64000 rw-p 00000000 00:00 0 
7f8082f64000-7f8082f65000 r--p 00025000 fd:00 2894298                    /usr/lib64/ld-2.24.so
7f8082f65000-7f8082f66000 rw-p 00026000 fd:00 2894298                    /usr/lib64/ld-2.24.so
7f8082f66000-7f8082f67000 rw-p 00000000 00:00 0 
7ffdc84ee000-7ffdc8512000 rw-p 00000000 00:00 0                          [stack]
7ffdc85ba000-7ffdc85bc000 r--p 00000000 00:00 0                          [vvar]
7ffdc85bc000-7ffdc85be000 r-xp 00000000 00:00 0                          [vdso]
ffffffffff600000-ffffffffff601000 r-xp 00000000 00:00 0                  [vsyscall]

VM Arguments:
jvm_args: -agentlib:jdwp=transport=dt_socket,address=127.0.0.1:43479,suspend=y,server=n -javaagent:/home/ike/soft/idea-IU-171.4424.56/plugins/Groovy/lib/agent/gragent.jar -Dfile.encoding=UTF-8 
java_command: com.bjike.goddess.royalty.Application
java_class_path (initial): /home/ike/soft/jdk1.8/jre/lib/charsets.jar:/home/ike/soft/jdk1.8/jre/lib/deploy.jar:/home/ike/soft/jdk1.8/jre/lib/ext/cldrdata.jar:/home/ike/soft/jdk1.8/jre/lib/ext/dnsns.jar:/home/ike/soft/jdk1.8/jre/lib/ext/jaccess.jar:/home/ike/soft/jdk1.8/jre/lib/ext/jfxrt.jar:/home/ike/soft/jdk1.8/jre/lib/ext/localedata.jar:/home/ike/soft/jdk1.8/jre/lib/ext/nashorn.jar:/home/ike/soft/jdk1.8/jre/lib/ext/sunec.jar:/home/ike/soft/jdk1.8/jre/lib/ext/sunjce_provider.jar:/home/ike/soft/jdk1.8/jre/lib/ext/sunpkcs11.jar:/home/ike/soft/jdk1.8/jre/lib/ext/zipfs.jar:/home/ike/soft/jdk1.8/jre/lib/javaws.jar:/home/ike/soft/jdk1.8/jre/lib/jce.jar:/home/ike/soft/jdk1.8/jre/lib/jfr.jar:/home/ike/soft/jdk1.8/jre/lib/jfxswt.jar:/home/ike/soft/jdk1.8/jre/lib/jsse.jar:/home/ike/soft/jdk1.8/jre/lib/management-agent.jar:/home/ike/soft/jdk1.8/jre/lib/plugin.jar:/home/ike/soft/jdk1.8/jre/lib/resources.jar:/home/ike/soft/jdk1.8/jre/lib/rt.jar:/home/ike/code/goddess-java/modules/royalty/royalty-provider/build/classes/java/main:/home/ike/code/goddess-java/modules/royalty/royalty-provider/build/resources/main:/home/ike/code/goddess-java/common/common-jpa/build/classes/java/main:/home/ike/code/goddess-java/common/common-provider/build/classes/java/main:/home/ike/code/goddess-java/common/common-provider/build/resources/main:/home/ike/code/goddess-java/modules/royalty/royalty-api/build/classes/java/main:/home/ike/code/goddess-java/modules/organize/organize-api/build/classes/java/main:/home/ike/code/goddess-java/modules/user/user-api/build/classes/java/main:/home/ike/code/goddess-java/modules/assemble/assemble-api/build/classes/java/main:/home/ike/code/goddess-java/common/common-utils/build/classes/java/main:/home/ike/code/goddess-java/common/common-api/build/classes/java/main:/home/ike/.gradle/caches/modules-2/files-2.1/org.hibernate/hibernate-entitymanager/5.2.4.Final/b5f9506bbff26ce5c75f16e568fa43d148d0f1d1/hibernate-entitymanager-5.2.4.Final.jar:/home/ike/.gradle/caches/module
Launcher Type: SUN_STANDARD

Environment Variables:
JAVA_HOME=/home/ike/soft/jdk1.8
PATH=/home/ike/soft/gradle/bin:/home/ike/soft/maven3.3.9/bin:/home/ike/soft/jdk1.8/bin:/home/ike/soft/jdk1.8/bin:/home/ike/soft/gradle-4.1/bin:/home/ike/soft/maven3.3.9/bin:/usr/lib64/qt-3.3/bin:/usr/local/bin:/usr/local/sbin:/usr/bin:/usr/sbin:/home/ike/.local/bin:/home/ike/bin
USERNAME=ike
LD_LIBRARY_PATH=/home/ike/soft/idea-IU-171.4424.56/bin:
SHELL=/bin/bash
DISPLAY=:0

Signal Handlers:
SIGSEGV: [libjvm.so+0xac4790], sa_mask[0]=11111111011111111101111111111110, sa_flags=SA_RESTART|SA_SIGINFO
SIGBUS: [libjvm.so+0xac4790], sa_mask[0]=11111111011111111101111111111110, sa_flags=SA_RESTART|SA_SIGINFO
SIGFPE: [libjvm.so+0x91f140], sa_mask[0]=11111111011111111101111111111110, sa_flags=SA_RESTART|SA_SIGINFO
SIGPIPE: [libjvm.so+0x91f140], sa_mask[0]=11111111011111111101111111111110, sa_flags=SA_RESTART|SA_SIGINFO
SIGXFSZ: [libjvm.so+0x91f140], sa_mask[0]=11111111011111111101111111111110, sa_flags=SA_RESTART|SA_SIGINFO
SIGILL: [libjvm.so+0x91f140], sa_mask[0]=11111111011111111101111111111110, sa_flags=SA_RESTART|SA_SIGINFO
SIGUSR1: SIG_DFL, sa_mask[0]=00000000000000000000000000000000, sa_flags=none
SIGUSR2: [libjvm.so+0x920770], sa_mask[0]=00100000000000000000000000000000, sa_flags=SA_RESTART|SA_SIGINFO
SIGHUP: [libjvm.so+0x921b70], sa_mask[0]=11111111011111111101111111111110, sa_flags=SA_RESTART|SA_SIGINFO
SIGINT: [libjvm.so+0x921b70], sa_mask[0]=11111111011111111101111111111110, sa_flags=SA_RESTART|SA_SIGINFO
SIGTERM: [libjvm.so+0x921b70], sa_mask[0]=11111111011111111101111111111110, sa_flags=SA_RESTART|SA_SIGINFO
SIGQUIT: [libjvm.so+0x921b70], sa_mask[0]=11111111011111111101111111111110, sa_flags=SA_RESTART|SA_SIGINFO


---------------  S Y S T E M  ---------------

OS:Fedora release 25 (Twenty Five)

uname:Linux 4.8.6-300.fc25.x86_64 #1 SMP Tue Nov 1 12:36:38 UTC 2016 x86_64
libc:glibc 2.24 NPTL 2.24 
rlimit: STACK 8192k, CORE 0k, NPROC 31367, NOFILE 4096, AS infinity
load average:1.87 1.19 1.26

/proc/meminfo:
MemTotal:        8053800 kB
MemFree:          121740 kB
MemAvailable:     239356 kB
Buffers:           53404 kB
Cached:           472948 kB
SwapCached:         4652 kB
Active:          6387476 kB
Inactive:        1082828 kB
Active(anon):    6234100 kB
Inactive(anon):   947516 kB
Active(file):     153376 kB
Inactive(file):   135312 kB
Unevictable:          80 kB
Mlocked:              80 kB
SwapTotal:       8187900 kB
SwapFree:         809776 kB
Dirty:               988 kB
Writeback:             0 kB
AnonPages:       6941676 kB
Mapped:           232712 kB
Shmem:            237600 kB
Slab:             238424 kB
SReclaimable:      99528 kB
SUnreclaim:       138896 kB
KernelStack:       41808 kB
PageTables:       101892 kB
NFS_Unstable:          0 kB
Bounce:                0 kB
WritebackTmp:          0 kB
CommitLimit:    12214800 kB
Committed_AS:   24940348 kB
VmallocTotal:   34359738367 kB
VmallocUsed:           0 kB
VmallocChunk:          0 kB
HardwareCorrupted:     0 kB
AnonHugePages:         0 kB
ShmemHugePages:        0 kB
ShmemPmdMapped:        0 kB
CmaTotal:              0 kB
CmaFree:               0 kB
HugePages_Total:       0
HugePages_Free:        0
HugePages_Rsvd:        0
HugePages_Surp:        0
Hugepagesize:       2048 kB
DirectMap4k:      388260 kB
DirectMap2M:     7878656 kB
DirectMap1G:           0 kB


CPU:total 4 (4 cores per cpu, 1 threads per core) family 6 model 94 stepping 3, cmov, cx8, fxsr, mmx, sse, sse2, sse3, ssse3, sse4.1, sse4.2, popcnt, avx, avx2, aes, clmul, erms, rtm, 3dnowpref, lzcnt, tsc, tscinvbit, bmi1, bmi2, adx

/proc/cpuinfo:
processor	: 0
vendor_id	: GenuineIntel
cpu family	: 6
model		: 94
model name	: Intel(R) Core(TM) i5-6500 CPU @ 3.20GHz
stepping	: 3
microcode	: 0x9e
cpu MHz		: 1011.718
cache size	: 6144 KB
physical id	: 0
siblings	: 4
core id		: 0
cpu cores	: 4
apicid		: 0
initial apicid	: 0
fpu		: yes
fpu_exception	: yes
cpuid level	: 22
wp		: yes
flags		: fpu vme de pse tsc msr pae mce cx8 apic sep mtrr pge mca cmov pat pse36 clflush dts acpi mmx fxsr sse sse2 ss ht tm pbe syscall nx pdpe1gb rdtscp lm constant_tsc art arch_perfmon pebs bts rep_good nopl xtopology nonstop_tsc aperfmperf eagerfpu pni pclmulqdq dtes64 monitor ds_cpl vmx smx est tm2 ssse3 sdbg fma cx16 xtpr pdcm pcid sse4_1 sse4_2 x2apic movbe popcnt tsc_deadline_timer aes xsave avx f16c rdrand lahf_lm abm 3dnowprefetch intel_pt tpr_shadow vnmi flexpriority ept vpid fsgsbase tsc_adjust bmi1 hle avx2 smep bmi2 erms invpcid rtm mpx rdseed adx smap clflushopt xsaveopt xsavec xgetbv1 xsaves dtherm ida arat pln pts hwp hwp_notify hwp_act_window hwp_epp
bugs		:
bogomips	: 6384.00
clflush size	: 64
cache_alignment	: 64
address sizes	: 39 bits physical, 48 bits virtual
power management:

processor	: 1
vendor_id	: GenuineIntel
cpu family	: 6
model		: 94
model name	: Intel(R) Core(TM) i5-6500 CPU @ 3.20GHz
stepping	: 3
microcode	: 0x9e
cpu MHz		: 901.562
cache size	: 6144 KB
physical id	: 0
siblings	: 4
core id		: 1
cpu cores	: 4
apicid		: 2
initial apicid	: 2
fpu		: yes
fpu_exception	: yes
cpuid level	: 22
wp		: yes
flags		: fpu vme de pse tsc msr pae mce cx8 apic sep mtrr pge mca cmov pat pse36 clflush dts acpi mmx fxsr sse sse2 ss ht tm pbe syscall nx pdpe1gb rdtscp lm constant_tsc art arch_perfmon pebs bts rep_good nopl xtopology nonstop_tsc aperfmperf eagerfpu pni pclmulqdq dtes64 monitor ds_cpl vmx smx est tm2 ssse3 sdbg fma cx16 xtpr pdcm pcid sse4_1 sse4_2 x2apic movbe popcnt tsc_deadline_timer aes xsave avx f16c rdrand lahf_lm abm 3dnowprefetch intel_pt tpr_shadow vnmi flexpriority ept vpid fsgsbase tsc_adjust bmi1 hle avx2 smep bmi2 erms invpcid rtm mpx rdseed adx smap clflushopt xsaveopt xsavec xgetbv1 xsaves dtherm ida arat pln pts hwp hwp_notify hwp_act_window hwp_epp
bugs		:
bogomips	: 6387.66
clflush size	: 64
cache_alignment	: 64
address sizes	: 39 bits physical, 48 bits virtual
power management:

processor	: 2
vendor_id	: GenuineIntel
cpu family	: 6
model		: 94
model name	: Intel(R) Core(TM) i5-6500 CPU @ 3.20GHz
stepping	: 3
microcode	: 0x9e
cpu MHz		: 1208.984
cache size	: 6144 KB
physical id	: 0
siblings	: 4
core id		: 2
cpu cores	: 4
apicid		: 4
initial apicid	: 4
fpu		: yes
fpu_exception	: yes
cpuid level	: 22
wp		: yes
flags		: fpu vme de pse tsc msr pae mce cx8 apic sep mtrr pge mca cmov pat pse36 clflush dts acpi mmx fxsr sse sse2 ss ht tm pbe syscall nx pdpe1gb rdtscp lm constant_tsc art arch_perfmon pebs bts rep_good nopl xtopology nonstop_tsc aperfmperf eagerfpu pni pclmulqdq dtes64 monitor ds_cpl vmx smx est tm2 ssse3 sdbg fma cx16 xtpr pdcm pcid sse4_1 sse4_2 x2apic movbe popcnt tsc_deadline_timer aes xsave avx f16c rdrand lahf_lm abm 3dnowprefetch intel_pt tpr_shadow vnmi flexpriority ept vpid fsgsbase tsc_adjust bmi1 hle avx2 smep bmi2 erms invpcid rtm mpx rdseed adx smap clflushopt xsaveopt xsavec xgetbv1 xsaves dtherm ida arat pln pts hwp hwp_notify hwp_act_window hwp_epp
bugs		:
bogomips	: 6387.78
clflush size	: 64
cache_alignment	: 64
address sizes	: 39 bits physical, 48 bits virtual
power management:

processor	: 3
vendor_id	: GenuineIntel
cpu family	: 6
model		: 94
model name	: Intel(R) Core(TM) i5-6500 CPU @ 3.20GHz
stepping	: 3
microcode	: 0x9e
cpu MHz		: 1248.242
cache size	: 6144 KB
physical id	: 0
siblings	: 4
core id		: 3
cpu cores	: 4
apicid		: 6
initial apicid	: 6
fpu		: yes
fpu_exception	: yes
cpuid level	: 22
wp		: yes
flags		: fpu vme de pse tsc msr pae mce cx8 apic sep mtrr pge mca cmov pat pse36 clflush dts acpi mmx fxsr sse sse2 ss ht tm pbe syscall nx pdpe1gb rdtscp lm constant_tsc art arch_perfmon pebs bts rep_good nopl xtopology nonstop_tsc aperfmperf eagerfpu pni pclmulqdq dtes64 monitor ds_cpl vmx smx est tm2 ssse3 sdbg fma cx16 xtpr pdcm pcid sse4_1 sse4_2 x2apic movbe popcnt tsc_deadline_timer aes xsave avx f16c rdrand lahf_lm abm 3dnowprefetch intel_pt tpr_shadow vnmi flexpriority ept vpid fsgsbase tsc_adjust bmi1 hle avx2 smep bmi2 erms invpcid rtm mpx rdseed adx smap clflushopt xsaveopt xsavec xgetbv1 xsaves dtherm ida arat pln pts hwp hwp_notify hwp_act_window hwp_epp
bugs		:
bogomips	: 6387.72
clflush size	: 64
cache_alignment	: 64
address sizes	: 39 bits physical, 48 bits virtual
power management:



Memory: 4k page, physical 8053800k(121740k free), swap 8187900k(809648k free)

vm_info: Java HotSpot(TM) 64-Bit Server VM (25.101-b13) for linux-amd64 JRE (1.8.0_101-b13), built on Jun 22 2016 02:59:44 by "java_re" with gcc 4.3.0 20080428 (Red Hat 4.3.0-8)

time: Sun Oct  8 14:45:36 2017
elapsed time: 979 seconds (0d 0h 16m 19s)

