#
# There is insufficient memory for the Java Runtime Environment to continue.
# Native memory allocation (mmap) failed to map 159907840 bytes for committing reserved memory.
# Possible reasons:
#   The system is out of physical RAM or swap space
#   In 32 bit mode, the process size limit was hit
# Possible solutions:
#   Reduce memory load on the system
#   Increase physical memory or swap space
#   Check if swap backing store is full
#   Use 64 bit Java on a 64 bit OS
#   Decrease Java heap size (-Xmx/-Xms)
#   Decrease number of Java threads
#   Decrease Java thread stack sizes (-Xss)
#   Set larger code cache with -XX:ReservedCodeCacheSize=
# This output file may be truncated or incomplete.
#
#  Out of Memory Error (os_linux.cpp:2627), pid=8910, tid=0x00007f00347f7700
#
# JRE version: Java(TM) SE Runtime Environment (8.0_101-b13) (build 1.8.0_101-b13)
# Java VM: Java HotSpot(TM) 64-Bit Server VM (25.101-b13 mixed mode linux-amd64 compressed oops)
# Core dump written. Default location: /home/ike/github/goddess-java/core or core.8910
#

---------------  T H R E A D  ---------------

Current thread (0x00007f0044076800):  VMThread [stack: 0x00007f00346f7000,0x00007f00347f8000] [id=8918]

Stack: [0x00007f00346f7000,0x00007f00347f8000],  sp=0x00007f00347f62a0,  free space=1020k
Native frames: (J=compiled Java code, j=interpreted, Vv=VM code, C=native code)
V  [libjvm.so+0xac3f0a]  VMError::report_and_die()+0x2ba
V  [libjvm.so+0x4fbf9b]  report_vm_out_of_memory(char const*, int, unsigned long, VMErrorType, char const*)+0x8b
V  [libjvm.so+0x9222d3]  os::Linux::commit_memory_impl(char*, unsigned long, bool)+0x103
V  [libjvm.so+0x922829]  os::pd_commit_memory(char*, unsigned long, unsigned long, bool)+0x29
V  [libjvm.so+0x91cb2a]  os::commit_memory(char*, unsigned long, unsigned long, bool)+0x2a
V  [libjvm.so+0x991053]  PSVirtualSpace::expand_by(unsigned long)+0x53
V  [libjvm.so+0x981920]  PSOldGen::expand(unsigned long)+0x170
V  [libjvm.so+0x981b2b]  PSOldGen::resize(unsigned long)+0x1cb
V  [libjvm.so+0x989821]  PSParallelCompact::invoke_no_policy(bool)+0x991
V  [libjvm.so+0x98f17d]  PSScavenge::invoke()+0x1ad
V  [libjvm.so+0x945fc0]  ParallelScavengeHeap::failed_mem_allocate(unsigned long)+0x70
V  [libjvm.so+0xac5927]  VM_ParallelGCFailedAllocation::doit()+0x97
V  [libjvm.so+0xacd405]  VM_Operation::evaluate()+0x55
V  [libjvm.so+0xacb7da]  VMThread::evaluate_operation(VM_Operation*)+0xba
V  [libjvm.so+0xacbb5e]  VMThread::loop()+0x1ce
V  [libjvm.so+0xacbfd0]  VMThread::run()+0x70
V  [libjvm.so+0x924698]  java_start(Thread*)+0x108

VM_Operation (0x00007f002c23fda0): ParallelGCFailedAllocation, mode: safepoint, requested by thread 0x00007effe800a000


---------------  P R O C E S S  ---------------

Java Threads: ( => current thread )
  0x00007effd42fe800 JavaThread "File lock request listener" [_thread_in_native, id=8991, stack(0x00007f0027b85000,0x00007f0027c86000)]
  0x00007effd400c800 JavaThread "Asynchronous log dispatcher for org.gradle.launcher.daemon.server.DefaultDaemonConnection@9656267" [_thread_blocked, id=8989, stack(0x00007f002c043000,0x00007f002c144000)]
  0x00007effe800a000 JavaThread "Daemon worker" [_thread_blocked, id=8986, stack(0x00007f002c144000,0x00007f002c245000)]
  0x00007effe8006800 JavaThread "Cancel handler" [_thread_blocked, id=8985, stack(0x00007f002c245000,0x00007f002c346000)]
  0x00007effe8005800 JavaThread "Handler for socket connection from /127.0.0.1:39246 to /127.0.0.1:54550" [_thread_in_native, id=8984, stack(0x00007f002c546000,0x00007f002c647000)]
  0x00007effe4011000 JavaThread "Daemon" [_thread_blocked, id=8983, stack(0x00007f002c647000,0x00007f002c748000)]
  0x00007f0044c97000 JavaThread "Incoming local TCP Connector on port 39246" [_thread_in_native, id=8958, stack(0x00007f002c94f000,0x00007f002ca50000)]
  0x00007f0044c6a000 JavaThread "pool-1-thread-1" [_thread_blocked, id=8952, stack(0x00007f002ca50000,0x00007f002cb51000)]
  0x00007f00440f1000 JavaThread "Service Thread" daemon [_thread_blocked, id=8925, stack(0x00007f002deff000,0x00007f002e000000)]
  0x00007f00440bc000 JavaThread "C1 CompilerThread2" daemon [_thread_blocked, id=8924, stack(0x00007f00340f1000,0x00007f00341f2000)]
  0x00007f00440ba000 JavaThread "C2 CompilerThread1" daemon [_thread_blocked, id=8923, stack(0x00007f00341f2000,0x00007f00342f3000)]
  0x00007f00440b7000 JavaThread "C2 CompilerThread0" daemon [_thread_blocked, id=8922, stack(0x00007f00342f3000,0x00007f00343f4000)]
  0x00007f00440b6000 JavaThread "Signal Dispatcher" daemon [_thread_blocked, id=8921, stack(0x00007f00343f4000,0x00007f00344f5000)]
  0x00007f0044083000 JavaThread "Finalizer" daemon [_thread_blocked, id=8920, stack(0x00007f00344f5000,0x00007f00345f6000)]
  0x00007f004407e800 JavaThread "Reference Handler" daemon [_thread_blocked, id=8919, stack(0x00007f00345f6000,0x00007f00346f7000)]
  0x00007f0044008000 JavaThread "main" [_thread_blocked, id=8913, stack(0x00007f004c7d9000,0x00007f004c8da000)]

Other Threads:
=>0x00007f0044076800 VMThread [stack: 0x00007f00346f7000,0x00007f00347f8000] [id=8918]
  0x00007f00440fc000 WatcherThread [stack: 0x00007f002ddfe000,0x00007f002deff000] [id=8926]

VM state:at safepoint (normal execution)

VM Mutex/Monitor currently owned by a thread:  ([mutex/lock_event])
[0x00007f0044005b80] ExpandHeap_lock - owner thread: 0x00007f0044076800
[0x00007f0044006200] Threads_lock - owner thread: 0x00007f0044076800
[0x00007f0044006700] Heap_lock - owner thread: 0x00007effe800a000

Heap:
 PSYoungGen      total 291328K, used 0K [0x00000000eab00000, 0x0000000100000000, 0x0000000100000000)
  eden space 252928K, 0% used [0x00000000eab00000,0x00000000eab00000,0x00000000fa200000)
  from space 38400K, 0% used [0x00000000fa200000,0x00000000fa200000,0x00000000fc780000)
  to   space 48640K, 0% used [0x00000000fd080000,0x00000000fd080000,0x0000000100000000)
 ParOldGen       total 285696K, used 281720K [0x00000000c0000000, 0x00000000d1700000, 0x00000000eab00000)
  object space 285696K, 98% used [0x00000000c0000000,0x00000000d131e258,0x00000000d1700000)
 Metaspace       used 49385K, capacity 59792K, committed 59904K, reserved 1097728K
  class space    used 7147K, capacity 10902K, committed 11008K, reserved 1048576K

Card table byte_map: [0x00007f00499b4000,0x00007f0049bb5000] byte_map_base: 0x00007f00493b4000

Marking Bits: (ParMarkBitMap*) 0x00007f004bcaf120
 Begin Bits: [0x00007f002e000000, 0x00007f002f000000)
 End Bits:   [0x00007f002f000000, 0x00007f0030000000)

Polling page: 0x00007f004c8f5000

CodeCache: size=245760Kb used=33264Kb max_used=36210Kb free=212495Kb
 bounds [0x00007f0035000000, 0x00007f00373a0000, 0x00007f0044000000]
 total_blobs=10418 nmethods=9722 adapters=607
 compilation: enabled

Compilation events (10 events):
Event: 182.801 Thread 0x00007f00440bc000 12669       3       sun.nio.ch.SharedFileLockTable::removeKeyIfEmpty (64 bytes)
Event: 183.289 Thread 0x00007f00440bc000 nmethod 12669 0x00007f0035123410 code [0x00007f00351235a0, 0x00007f0035123958]
Event: 183.298 Thread 0x00007f00440bc000 12670  s!   3       sun.nio.ch.NativeThreadSet::signalAndWait (134 bytes)
Event: 183.454 Thread 0x00007f00440bc000 nmethod 12670 0x00007f00358cc510 code [0x00007f00358cc6e0, 0x00007f00358ccea8]
Event: 183.473 Thread 0x00007f00440bc000 12671       3       java.util.concurrent.CopyOnWriteArrayList::remove (30 bytes)
Event: 183.499 Thread 0x00007f00440b7000 12675       4       io.spring.gradle.dependencymanagement.org.apache.maven.model.building.ModelProblemUtils::toId (67 bytes)
Event: 183.531 Thread 0x00007f00440bc000 nmethod 12671 0x00007f00353fe0d0 code [0x00007f00353fe260, 0x00007f00353fe538]
Event: 183.545 Thread 0x00007f00440ba000 12676       4       io.spring.gradle.dependencymanagement.org.apache.maven.model.building.ModelProblemUtils::toId (95 bytes)
Event: 184.339 Thread 0x00007f00440ba000 nmethod 12676 0x00007f00369483d0 code [0x00007f00369485c0, 0x00007f0036949a18]
Event: 184.339 Thread 0x00007f00440b7000 nmethod 12675 0x00007f0036e13b50 code [0x00007f0036e13d60, 0x00007f0036e15298]

GC Heap History (10 events):
Event: 91.782 GC heap after
Heap after GC invocations=70 (full 3):
 PSYoungGen      total 302592K, used 38528K [0x00000000eab00000, 0x0000000100000000, 0x0000000100000000)
  eden space 263680K, 0% used [0x00000000eab00000,0x00000000eab00000,0x00000000fac80000)
  from space 38912K, 99% used [0x00000000fac80000,0x00000000fd220000,0x00000000fd280000)
  to   space 44544K, 0% used [0x00000000fd480000,0x00000000fd480000,0x0000000100000000)
 ParOldGen       total 285696K, used 274773K [0x00000000c0000000, 0x00000000d1700000, 0x00000000eab00000)
  object space 285696K, 96% used [0x00000000c0000000,0x00000000d0c554c8,0x00000000d1700000)
 Metaspace       used 49367K, capacity 59728K, committed 59904K, reserved 1097728K
  class space    used 7146K, capacity 10902K, committed 11008K, reserved 1048576K
}
Event: 103.192 GC heap before
{Heap before GC invocations=71 (full 3):
 PSYoungGen      total 302592K, used 302208K [0x00000000eab00000, 0x0000000100000000, 0x0000000100000000)
  eden space 263680K, 100% used [0x00000000eab00000,0x00000000fac80000,0x00000000fac80000)
  from space 38912K, 99% used [0x00000000fac80000,0x00000000fd220000,0x00000000fd280000)
  to   space 44544K, 0% used [0x00000000fd480000,0x00000000fd480000,0x0000000100000000)
 ParOldGen       total 285696K, used 274773K [0x00000000c0000000, 0x00000000d1700000, 0x00000000eab00000)
  object space 285696K, 96% used [0x00000000c0000000,0x00000000d0c554c8,0x00000000d1700000)
 Metaspace       used 49368K, capacity 59728K, committed 59904K, reserved 1097728K
  class space    used 7146K, capacity 10902K, committed 11008K, reserved 1048576K
Event: 103.370 GC heap after
Heap after GC invocations=71 (full 3):
 PSYoungGen      total 303616K, used 36384K [0x00000000eab00000, 0x0000000100000000, 0x0000000100000000)
  eden space 259072K, 0% used [0x00000000eab00000,0x00000000eab00000,0x00000000fa800000)
  from space 44544K, 81% used [0x00000000fd480000,0x00000000ff808000,0x0000000100000000)
  to   space 45056K, 0% used [0x00000000fa800000,0x00000000fa800000,0x00000000fd400000)
 ParOldGen       total 285696K, used 274773K [0x00000000c0000000, 0x00000000d1700000, 0x00000000eab00000)
  object space 285696K, 96% used [0x00000000c0000000,0x00000000d0c554c8,0x00000000d1700000)
 Metaspace       used 49368K, capacity 59728K, committed 59904K, reserved 1097728K
  class space    used 7146K, capacity 10902K, committed 11008K, reserved 1048576K
}
Event: 134.972 GC heap before
{Heap before GC invocations=72 (full 3):
 PSYoungGen      total 303616K, used 295456K [0x00000000eab00000, 0x0000000100000000, 0x0000000100000000)
  eden space 259072K, 100% used [0x00000000eab00000,0x00000000fa800000,0x00000000fa800000)
  from space 44544K, 81% used [0x00000000fd480000,0x00000000ff808000,0x0000000100000000)
  to   space 45056K, 0% used [0x00000000fa800000,0x00000000fa800000,0x00000000fd400000)
 ParOldGen       total 285696K, used 274773K [0x00000000c0000000, 0x00000000d1700000, 0x00000000eab00000)
  object space 285696K, 96% used [0x00000000c0000000,0x00000000d0c554c8,0x00000000d1700000)
 Metaspace       used 49372K, capacity 59728K, committed 59904K, reserved 1097728K
  class space    used 7146K, capacity 10902K, committed 11008K, reserved 1048576K
Event: 135.266 GC heap after
Heap after GC invocations=72 (full 3):
 PSYoungGen      total 300032K, used 40640K [0x00000000eab00000, 0x0000000100000000, 0x0000000100000000)
  eden space 259072K, 0% used [0x00000000eab00000,0x00000000eab00000,0x00000000fa800000)
  from space 40960K, 99% used [0x00000000fa800000,0x00000000fcfb0000,0x00000000fd000000)
  to   space 47616K, 0% used [0x00000000fd180000,0x00000000fd180000,0x0000000100000000)
 ParOldGen       total 285696K, used 277541K [0x00000000c0000000, 0x00000000d1700000, 0x00000000eab00000)
  object space 285696K, 97% used [0x00000000c0000000,0x00000000d0f09528,0x00000000d1700000)
 Metaspace       used 49372K, capacity 59728K, committed 59904K, reserved 1097728K
  class space    used 7146K, capacity 10902K, committed 11008K, reserved 1048576K
}
Event: 144.051 GC heap before
{Heap before GC invocations=73 (full 3):
 PSYoungGen      total 300032K, used 299712K [0x00000000eab00000, 0x0000000100000000, 0x0000000100000000)
  eden space 259072K, 100% used [0x00000000eab00000,0x00000000fa800000,0x00000000fa800000)
  from space 40960K, 99% used [0x00000000fa800000,0x00000000fcfb0000,0x00000000fd000000)
  to   space 47616K, 0% used [0x00000000fd180000,0x00000000fd180000,0x0000000100000000)
 ParOldGen       total 285696K, used 277541K [0x00000000c0000000, 0x00000000d1700000, 0x00000000eab00000)
  object space 285696K, 97% used [0x00000000c0000000,0x00000000d0f09528,0x00000000d1700000)
 Metaspace       used 49379K, capacity 59792K, committed 59904K, reserved 1097728K
  class space    used 7146K, capacity 10902K, committed 11008K, reserved 1048576K
Event: 144.107 GC heap after
Heap after GC invocations=73 (full 3):
 PSYoungGen      total 300544K, used 37760K [0x00000000eab00000, 0x0000000100000000, 0x0000000100000000)
  eden space 252928K, 0% used [0x00000000eab00000,0x00000000eab00000,0x00000000fa200000)
  from space 47616K, 79% used [0x00000000fd180000,0x00000000ff660000,0x0000000100000000)
  to   space 48128K, 0% used [0x00000000fa200000,0x00000000fa200000,0x00000000fd100000)
 ParOldGen       total 285696K, used 279485K [0x00000000c0000000, 0x00000000d1700000, 0x00000000eab00000)
  object space 285696K, 97% used [0x00000000c0000000,0x00000000d10ef528,0x00000000d1700000)
 Metaspace       used 49379K, capacity 59792K, committed 59904K, reserved 1097728K
  class space    used 7146K, capacity 10902K, committed 11008K, reserved 1048576K
}
Event: 187.797 GC heap before
{Heap before GC invocations=74 (full 3):
 PSYoungGen      total 300544K, used 290688K [0x00000000eab00000, 0x0000000100000000, 0x0000000100000000)
  eden space 252928K, 100% used [0x00000000eab00000,0x00000000fa200000,0x00000000fa200000)
  from space 47616K, 79% used [0x00000000fd180000,0x00000000ff660000,0x0000000100000000)
  to   space 48128K, 0% used [0x00000000fa200000,0x00000000fa200000,0x00000000fd100000)
 ParOldGen       total 285696K, used 279485K [0x00000000c0000000, 0x00000000d1700000, 0x00000000eab00000)
  object space 285696K, 97% used [0x00000000c0000000,0x00000000d10ef528,0x00000000d1700000)
 Metaspace       used 49385K, capacity 59792K, committed 59904K, reserved 1097728K
  class space    used 7147K, capacity 10902K, committed 11008K, reserved 1048576K
Event: 187.838 GC heap after
Heap after GC invocations=74 (full 3):
 PSYoungGen      total 291328K, used 38080K [0x00000000eab00000, 0x0000000100000000, 0x0000000100000000)
  eden space 252928K, 0% used [0x00000000eab00000,0x00000000eab00000,0x00000000fa200000)
  from space 38400K, 99% used [0x00000000fa200000,0x00000000fc730000,0x00000000fc780000)
  to   space 48640K, 0% used [0x00000000fd080000,0x00000000fd080000,0x0000000100000000)
 ParOldGen       total 285696K, used 282025K [0x00000000c0000000, 0x00000000d1700000, 0x00000000eab00000)
  object space 285696K, 98% used [0x00000000c0000000,0x00000000d136a598,0x00000000d1700000)
 Metaspace       used 49385K, capacity 59792K, committed 59904K, reserved 1097728K
  class space    used 7147K, capacity 10902K, committed 11008K, reserved 1048576K
}
Event: 187.864 GC heap before
{Heap before GC invocations=75 (full 4):
 PSYoungGen      total 291328K, used 38080K [0x00000000eab00000, 0x0000000100000000, 0x0000000100000000)
  eden space 252928K, 0% used [0x00000000eab00000,0x00000000eab00000,0x00000000fa200000)
  from space 38400K, 99% used [0x00000000fa200000,0x00000000fc730000,0x00000000fc780000)
  to   space 48640K, 0% used [0x00000000fd080000,0x00000000fd080000,0x0000000100000000)
 ParOldGen       total 285696K, used 282025K [0x00000000c0000000, 0x00000000d1700000, 0x00000000eab00000)
  object space 285696K, 98% used [0x00000000c0000000,0x00000000d136a598,0x00000000d1700000)
 Metaspace       used 49385K, capacity 59792K, committed 59904K, reserved 1097728K
  class space    used 7147K, capacity 10902K, committed 11008K, reserved 1048576K

Deoptimization events (10 events):
Event: 30.275 Thread 0x00007effe800a000 Uncommon trap: reason=unstable_if action=reinterpret pc=0x00007f003663c5b8 method=org.gradle.api.internal.artifacts.DefaultModuleVersionIdentifier.equals(Ljava/lang/Object;)Z @ 40
Event: 30.275 Thread 0x00007effe800a000 Uncommon trap: reason=unstable_if action=reinterpret pc=0x00007f0036e35fec method=org.gradle.api.internal.artifacts.DefaultModuleVersionIdentifier.equals(Ljava/lang/Object;)Z @ 40
Event: 31.376 Thread 0x00007f0044c6a000 Uncommon trap: reason=speculate_class_check action=maybe_recompile pc=0x00007f00358966cc method=java.util.AbstractList.listIterator()Ljava/util/ListIterator; @ 2
Event: 41.388 Thread 0x00007f0044c6a000 Uncommon trap: reason=speculate_class_check action=maybe_recompile pc=0x00007f00358966cc method=java.util.AbstractList.listIterator()Ljava/util/ListIterator; @ 2
Event: 42.435 Thread 0x00007effe800a000 Uncommon trap: reason=unstable_if action=reinterpret pc=0x00007f0036455c10 method=java.io.ExpiringCache.entryFor(Ljava/lang/String;)Ljava/io/ExpiringCache$Entry; @ 39
Event: 49.702 Thread 0x00007effe800a000 Uncommon trap: reason=class_check action=maybe_recompile pc=0x00007f0035b96410 method=com.google.common.collect.Iterators$5.next()Ljava/lang/Object; @ 27
Event: 49.911 Thread 0x00007effe800a000 Uncommon trap: reason=class_check action=maybe_recompile pc=0x00007f0035b96410 method=com.google.common.collect.Iterators$5.next()Ljava/lang/Object; @ 27
Event: 50.073 Thread 0x00007effe800a000 Uncommon trap: reason=class_check action=maybe_recompile pc=0x00007f0035b96410 method=com.google.common.collect.Iterators$5.next()Ljava/lang/Object; @ 27
Event: 50.123 Thread 0x00007effe800a000 Uncommon trap: reason=class_check action=maybe_recompile pc=0x00007f0035b96410 method=com.google.common.collect.Iterators$5.next()Ljava/lang/Object; @ 27
Event: 51.260 Thread 0x00007f0044c6a000 Uncommon trap: reason=unstable_if action=reinterpret pc=0x00007f00362ad118 method=java.io.ExpiringCache.entryFor(Ljava/lang/String;)Ljava/io/ExpiringCache$Entry; @ 39

Internal exceptions (10 events):
Event: 11.698 Thread 0x00007effe800a000 Exception <a 'java/lang/ClassNotFoundException': org/gradle/api/AntBuilderCustomizer> (0x00000000ec2504b8) thrown at [/HUDSON3/workspace/8-2-build-linux-amd64/jdk8u101/7261/hotspot/src/share/vm/classfile/systemDictionary.cpp, line 210]
Event: 11.699 Thread 0x00007effe800a000 Exception <a 'java/lang/ClassNotFoundException': org/gradle/api/internal/project/ant/BasicAntBuilderCustomizer> (0x00000000ec270368) thrown at [/HUDSON3/workspace/8-2-build-linux-amd64/jdk8u101/7261/hotspot/src/share/vm/classfile/systemDictionary.cpp, lin
Event: 11.699 Thread 0x00007effe800a000 Exception <a 'java/lang/ClassNotFoundException': org/gradle/api/internal/project/DefaultAntBuilderCustomizer> (0x00000000ec297e28) thrown at [/HUDSON3/workspace/8-2-build-linux-amd64/jdk8u101/7261/hotspot/src/share/vm/classfile/systemDictionary.cpp, line 
Event: 11.996 Thread 0x00007effe800a000 Implicit null exception at 0x00007f0036ae550a to 0x00007f0036ae5781
Event: 12.976 Thread 0x00007effe800a000 Implicit null exception at 0x00007f0036dace7d to 0x00007f0036db06c5
Event: 15.950 Thread 0x00007effe800a000 Implicit null exception at 0x00007f0036532052 to 0x00007f0036534ba9
Event: 16.550 Thread 0x00007effe800a000 Implicit null exception at 0x00007f0036497fa1 to 0x00007f003649b791
Event: 17.782 Thread 0x00007effe800a000 Implicit null exception at 0x00007f003702a765 to 0x00007f003702d1d1
Event: 19.133 Thread 0x00007effe800a000 Implicit null exception at 0x00007f0036b59feb to 0x00007f0036b5fb2d
Event: 19.893 Thread 0x00007effe800a000 Implicit null exception at 0x00007f0036abfead to 0x00007f0036ac5cda

Events (10 events):
Event: 183.532 Thread 0x00007f00440bc000 flushing nmethod 0x00007f0036e9f850
Event: 183.532 Thread 0x00007f00440bc000 flushing nmethod 0x00007f0036ea22d0
Event: 183.532 Thread 0x00007f00440bc000 flushing nmethod 0x00007f0036ea28d0
Event: 183.532 Thread 0x00007f00440bc000 flushing nmethod 0x00007f0036ea4f50
Event: 183.532 Thread 0x00007f00440bc000 flushing nmethod 0x00007f0036eaad10
Event: 183.532 Thread 0x00007f00440bc000 flushing nmethod 0x00007f0036f58050
Event: 183.532 Thread 0x00007f00440bc000 flushing nmethod 0x00007f0036f7f8d0
Event: 183.532 Thread 0x00007f00440bc000 flushing nmethod 0x00007f0036f85bd0
Event: 183.532 Thread 0x00007f00440bc000 flushing nmethod 0x00007f00370215d0
Event: 187.797 Executing VM operation: ParallelGCFailedAllocation


Dynamic libraries:
00400000-00401000 r-xp 00000000 fd:02 1842668                            /home/ike/soft/jdk1.8.0_101/bin/java
00600000-00601000 rw-p 00000000 fd:02 1842668                            /home/ike/soft/jdk1.8.0_101/bin/java
00c88000-00ca9000 rw-p 00000000 00:00 0                                  [heap]
c0000000-d1700000 rw-p 00000000 00:00 0 
daf80000-eab00000 ---p 00000000 00:00 0 
eab00000-100000000 rw-p 00000000 00:00 0 
100000000-100ac0000 rw-p 00000000 00:00 0 
100ac0000-140000000 ---p 00000000 00:00 0 
7effc4000000-7effc4021000 rw-p 00000000 00:00 0 
7effc4021000-7effc8000000 ---p 00000000 00:00 0 
7effcc000000-7effcc021000 rw-p 00000000 00:00 0 
7effcc021000-7effd0000000 ---p 00000000 00:00 0 
7effd0000000-7effd0021000 rw-p 00000000 00:00 0 
7effd0021000-7effd4000000 ---p 00000000 00:00 0 
7effd4000000-7effd51f0000 rw-p 00000000 00:00 0 
7effd51f0000-7effd8000000 ---p 00000000 00:00 0 
7effd8000000-7effd8021000 rw-p 00000000 00:00 0 
7effd8021000-7effdc000000 ---p 00000000 00:00 0 
7effdc000000-7effdc021000 rw-p 00000000 00:00 0 
7effdc021000-7effe0000000 ---p 00000000 00:00 0 
7effe0000000-7effe0021000 rw-p 00000000 00:00 0 
7effe0021000-7effe4000000 ---p 00000000 00:00 0 
7effe4000000-7effe4061000 rw-p 00000000 00:00 0 
7effe4061000-7effe8000000 ---p 00000000 00:00 0 
7effe8000000-7effe8021000 rw-p 00000000 00:00 0 
7effe8021000-7effec000000 ---p 00000000 00:00 0 
7effec000000-7effec021000 rw-p 00000000 00:00 0 
7effec021000-7efff0000000 ---p 00000000 00:00 0 
7efff0000000-7efff0021000 rw-p 00000000 00:00 0 
7efff0021000-7efff4000000 ---p 00000000 00:00 0 
7efff4000000-7efff4e18000 rw-p 00000000 00:00 0 
7efff4e18000-7efff8000000 ---p 00000000 00:00 0 
7efff8000000-7efff8021000 rw-p 00000000 00:00 0 
7efff8021000-7efffc000000 ---p 00000000 00:00 0 
7efffc000000-7efffdba0000 rw-p 00000000 00:00 0 
7efffdba0000-7f0000000000 ---p 00000000 00:00 0 
7f0000000000-7f0002302000 rw-p 00000000 00:00 0 
7f0002302000-7f0004000000 ---p 00000000 00:00 0 
7f0004000000-7f0004021000 rw-p 00000000 00:00 0 
7f0004021000-7f0008000000 ---p 00000000 00:00 0 
7f000968e000-7f0010000000 r--p 00000000 fd:00 666413                     /usr/lib/locale/locale-archive
7f0010000000-7f0010021000 rw-p 00000000 00:00 0 
7f0010021000-7f0014000000 ---p 00000000 00:00 0 
7f0014000000-7f0014021000 rw-p 00000000 00:00 0 
7f0014021000-7f0018000000 ---p 00000000 00:00 0 
7f0018000000-7f0018021000 rw-p 00000000 00:00 0 
7f0018021000-7f001c000000 ---p 00000000 00:00 0 
7f001c000000-7f001c3a8000 rw-p 00000000 00:00 0 
7f001c3a8000-7f0020000000 ---p 00000000 00:00 0 
7f0020000000-7f0020022000 rw-p 00000000 00:00 0 
7f0020022000-7f0024000000 ---p 00000000 00:00 0 
7f00257fe000-7f00259be000 rw-p 00000000 00:00 0 
7f00259be000-7f00259fe000 ---p 00000000 00:00 0 
7f00259fe000-7f0025bfe000 rw-p 00000000 00:00 0 
7f0025bfe000-7f0025dfe000 rw-p 00000000 00:00 0 
7f0025dfe000-7f0025e05000 r--s 00063000 fd:02 4851094                    /home/ike/.gradle/caches/modules-2/files-2.1/org.springframework/springloaded/1.2.7.RELEASE/36be57f1a306cec1185b0276960fbe95dee08bf/springloaded-1.2.7.RELEASE.jar
7f0025e05000-7f0026005000 rw-p 00000000 00:00 0 
7f0026005000-7f0026205000 rw-p 00000000 00:00 0 
7f0026205000-7f0026405000 rw-p 00000000 00:00 0 
7f0026405000-7f0026605000 rw-p 00000000 00:00 0 
7f0026605000-7f0026805000 rw-p 00000000 00:00 0 
7f0026805000-7f0026a05000 rw-p 00000000 00:00 0 
7f0026a05000-7f0026c05000 rw-p 00000000 00:00 0 
7f0026c05000-7f0026e05000 rw-p 00000000 00:00 0 
7f0026e05000-7f0027005000 rw-p 00000000 00:00 0 
7f0027005000-7f0027205000 rw-p 00000000 00:00 0 
7f0027205000-7f0027405000 rw-p 00000000 00:00 0 
7f0027405000-7f0027475000 r--s 00643000 fd:02 4850911                    /home/ike/.gradle/caches/jars-2/8cxlnul3q31hn64oaeyb96yvefwfs4h/groovy-all-2.4.6.jar
7f0027475000-7f0027675000 rw-p 00000000 00:00 0 
7f0027677000-7f0027679000 r--s 0000e000 fd:02 6293012                    /home/ike/.gradle/caches/modules-2/files-2.1/commons-logging/commons-logging/1.2/4bfc12adfe4842bf07b657f0369c4cb522955686/commons-logging-1.2.jar
7f0027679000-7f0027690000 r--s 000fb000 fd:02 6948934                    /home/ike/.gradle/caches/modules-2/files-2.1/org.springframework/spring-core/4.3.7.RELEASE/54fa2db94cc7222edc90ec71354e47cd1dc07f7b/spring-core-4.3.7.RELEASE.jar
7f0027690000-7f002769e000 r--s 0009d000 fd:02 7995560                    /home/ike/.gradle/caches/modules-2/files-2.1/io.spring.gradle/dependency-management-plugin/1.0.0.RELEASE/d329501e7bf024f9557bdd66be4f8c4caf65769f/dependency-management-plugin-1.0.0.RELEASE.jar
7f002769e000-7f00276a1000 r--s 00022000 fd:02 7995558                    /home/ike/.gradle/caches/modules-2/files-2.1/org.springframework.boot/spring-boot-loader-tools/1.5.2.RELEASE/15c14c8a45c5876cb6389376eb6202c99e9e5d73/spring-boot-loader-tools-1.5.2.RELEASE.jar
7f00276a1000-7f00276a3000 r--s 0000b000 fd:02 4330090                    /home/ike/.gradle/caches/modules-2/files-2.1/org.springframework.boot/spring-boot-gradle-plugin/1.5.2.RELEASE/b3f123b179b0170c62c8a9ce33b47f9f28df4ca/spring-boot-gradle-plugin-1.5.2.RELEASE.jar
7f00276a3000-7f00276a9000 r--s 00090000 fd:02 4331246                    /home/ike/.gradle/caches/jars-2/qauj2f83l0pgdrcrj4wbs6jknfwt2ls/gradle-tooling-extension-impl.jar
7f00276a9000-7f00276ae000 r--s 00034000 fd:02 4850907                    /home/ike/.gradle/caches/jars-2/c74d41v3l7o57dyhdc4xhdfblc3m2cw/gson-2.5.jar
7f00276ae000-7f00276bd000 r--s 000c9000 fd:02 4331243                    /home/ike/.gradle/caches/jars-2/fr2l9mfhjsuhcciv63l646xky1fo5wf/kotlin-runtime.jar
7f00276bd000-7f00276be000 r--s 00003000 fd:02 4331186                    /home/ike/.gradle/caches/jars-2/rhj7sbsv67p9863gp8mt88k1jpu6gyw/grails-rt.jar
7f00276be000-7f00276c1000 ---p 00000000 00:00 0 
7f00276c1000-7f00276f7000 rw-p 00000000 00:00 0 
7f00276f7000-7f00276f8000 r--p 00000000 00:00 0 
7f00276f8000-7f00278f8000 rw-p 00000000 00:00 0 
7f00278f8000-7f0027af8000 rw-p 00000000 00:00 0 
7f0027af8000-7f0027b34000 r--s 0054a000 fd:02 4199280                    /home/ike/.gradle/caches/jars-2/qd193ahkzb9aqci3ajr6o3ew31b2y5e/sdk-tools.jar
7f0027b34000-7f0027b35000 r--s 00003000 fd:02 4199282                    /home/ike/.gradle/caches/jars-2/2mdud6vxspub1aweyo0o87u4o3vbefe/kotlin-gradle-tooling.jar
7f0027b35000-7f0027b37000 r--s 0000e000 fd:02 4199286                    /home/ike/.gradle/caches/jars-2/dj4pp3bowpkbnm0u7h2xjtv1tpf9sof/android-extensions-ide.jar
7f0027b37000-7f0027b3e000 r--s 0002a000 fd:02 4199274                    /home/ike/.gradle/caches/jars-2/g9oyvuxb4fqraavu2i5h8eg0iyggmf8/gradle-messaging-3.5.jar
7f0027b3e000-7f0027b43000 r--s 00041000 fd:02 4850884                    /home/ike/.gradle/caches/jars-2/1i691ugm77z719iaqgz3wdl3b7s7ttu/commons-lang-2.6.jar
7f0027b43000-7f0027b85000 r--s 00220000 fd:02 4199272                    /home/ike/.gradle/caches/jars-2/ri4x4oyo3jh80t28a0fs849li371h5s/gradle-core-3.5.jar
7f0027b85000-7f0027b88000 ---p 00000000 00:00 0 
7f0027b88000-7f0027c86000 rw-p 00000000 00:00 0 
7f0027c86000-7f0027cff000 r--s 010e5000 fd:02 1841890                    /home/ike/soft/jdk1.8.0_101/lib/tools.jar
7f0027cff000-7f0027eff000 rw-p 00000000 00:00 0 
7f0027eff000-7f0027f02000 ---p 00000000 00:00 0 
7f0027f02000-7f0028000000 rw-p 00000000 00:00 0 
7f0028000000-7f0028021000 rw-p 00000000 00:00 0 
7f0028021000-7f002c000000 ---p 00000000 00:00 0 
7f002c000000-7f002c001000 r--s 00005000 fd:02 4199284                    /home/ike/.gradle/caches/jars-2/d29cn0riodjpgtj5qthgz3xrb31mow4/grails-gradle-tooling.jar
7f002c001000-7f002c002000 r--s 00002000 fd:02 4199278                    /home/ike/.gradle/caches/jars-2/kbs55id9faqmrcbt8c6kekhethsz3ra/external-system-rt.jar
7f002c002000-7f002c004000 r--s 0000d000 fd:02 4199276                    /home/ike/.gradle/caches/jars-2/rufuy6n9i5mqnalusn3kuwj26xx2kto/gradle-tooling-extension-api.jar
7f002c004000-7f002c00d000 r--s 00047000 fd:02 4199270                    /home/ike/.gradle/caches/jars-2/jjltamdj3e218r4nstr1of96pyu3416/gradle-base-services-3.5.jar
7f002c00d000-7f002c035000 r--s 001cf000 fd:02 4589491                    /home/ike/.gradle/caches/jars-2/87eo0lrvp84r6dbxjq018wy66es2era/guava-jdk5-17.0.jar
7f002c035000-7f002c043000 r--s 00043000 fd:02 4199268                    /home/ike/.gradle/caches/jars-2/ikoil7jqlobtzqrikx8ydmbx8ypjs2h/gradle-tooling-api-3.5.jar
7f002c043000-7f002c046000 ---p 00000000 00:00 0 
7f002c046000-7f002c144000 rw-p 00000000 00:00 0 
7f002c144000-7f002c147000 ---p 00000000 00:00 0 
7f002c147000-7f002c245000 rw-p 00000000 00:00 0 
7f002c245000-7f002c248000 ---p 00000000 00:00 0 
7f002c248000-7f002c546000 rw-p 00000000 00:00 0 
7f002c546000-7f002c549000 ---p 00000000 00:00 0 
7f002c549000-7f002c647000 rw-p 00000000 00:00 0 
7f002c647000-7f002c64a000 ---p 00000000 00:00 0 
7f002c64a000-7f002c748000 rw-p 00000000 00:00 0 
7f002c748000-7f002c74f000 r--s 00000000 fd:00 1051165                    /usr/lib64/gconv/gconv-modules.cache
7f002c74f000-7f002c94f000 rw-p 00000000 00:00 0 
7f002c94f000-7f002c952000 ---p 00000000 00:00 0 
7f002c952000-7f002ca50000 rw-p 00000000 00:00 0 
7f002ca50000-7f002ca53000 ---p 00000000 00:00 0 
7f002ca53000-7f002cb51000 rw-p 00000000 00:00 0 
7f002cb51000-7f002cb5a000 r-xp 00000000 fd:02 1842786                    /home/ike/soft/jdk1.8.0_101/jre/lib/amd64/libmanagement.so
7f002cb5a000-7f002cd59000 ---p 00009000 fd:02 1842786                    /home/ike/soft/jdk1.8.0_101/jre/lib/amd64/libmanagement.so
7f002cd59000-7f002cd5a000 rw-p 00008000 fd:02 1842786                    /home/ike/soft/jdk1.8.0_101/jre/lib/amd64/libmanagement.so
7f002cd5a000-7f002cd5e000 r--s 00097000 fd:02 1842696                    /home/ike/soft/jdk1.8.0_101/jre/lib/jsse.jar
7f002cd5e000-7f002cd5f000 r--s 00007000 fd:02 2232836                    /home/ike/soft/gradle-3.2.1/lib/plugins/gradle-tooling-api-builders-3.2.1.jar
7f002cd5f000-7f002cd62000 r--s 00009000 fd:02 2232829                    /home/ike/soft/gradle-3.2.1/lib/plugins/gradle-testing-native-3.2.1.jar
7f002cd62000-7f002cd64000 r--s 00009000 fd:02 2232909                    /home/ike/soft/gradle-3.2.1/lib/plugins/hamcrest-core-1.3.jar
7f002cd64000-7f002cd6a000 r--s 00033000 fd:02 2232903                    /home/ike/soft/gradle-3.2.1/lib/plugins/snakeyaml-1.6.jar
7f002cd6a000-7f002cd6c000 r--s 00006000 fd:02 2232902                    /home/ike/soft/gradle-3.2.1/lib/plugins/jcommander-1.12.jar
7f002cd6c000-7f002cd71000 r--s 00040000 fd:02 2232901                    /home/ike/soft/gradle-3.2.1/lib/plugins/bsh-2.0b4.jar
7f002cd71000-7f002cd7a000 r--s 00089000 fd:02 2232860                    /home/ike/soft/gradle-3.2.1/lib/plugins/testng-6.3.1.jar
7f002cd7a000-7f002cd82000 r--s 00045000 fd:02 2232859                    /home/ike/soft/gradle-3.2.1/lib/plugins/junit-4.12.jar
7f002cd82000-7f002cd88000 r--s 0002e000 fd:02 2232830                    /home/ike/soft/gradle-3.2.1/lib/plugins/gradle-testing-jvm-3.2.1.jar
7f002cd88000-7f002cd8c000 r--s 00016000 fd:02 2232828                    /home/ike/soft/gradle-3.2.1/lib/plugins/gradle-testing-base-3.2.1.jar
7f002cd8c000-7f002cd8d000 r--s 00001000 fd:02 2232838                    /home/ike/soft/gradle-3.2.1/lib/plugins/gradle-task-cache-http-3.2.1.jar
7f002cd8d000-7f002cd94000 r--s 00038000 fd:02 2232854                    /home/ike/soft/gradle-3.2.1/lib/plugins/bcpg-jdk15on-1.51.jar
7f002cd94000-7f002cd96000 r--s 0000c000 fd:02 2232807                    /home/ike/soft/gradle-3.2.1/lib/plugins/gradle-signing-3.2.1.jar
7f002cd96000-7f002cd98000 r--s 00007000 fd:02 2232806                    /home/ike/soft/gradle-3.2.1/lib/plugins/gradle-scala-3.2.1.jar
7f002cd98000-7f002cd99000 r--s 00004000 fd:02 2232834                    /home/ike/soft/gradle-3.2.1/lib/plugins/gradle-resources-sftp-3.2.1.jar
7f002cd99000-7f002cda9000 r--s 00088000 fd:02 2232870                    /home/ike/soft/gradle-3.2.1/lib/plugins/joda-time-2.8.2.jar
7f002cda9000-7f002cdba000 r--s 0010d000 fd:02 2232869                    /home/ike/soft/gradle-3.2.1/lib/plugins/jackson-databind-2.6.6.jar
7f002cdba000-7f002cdbd000 r--s 00009000 fd:02 2232868                    /home/ike/soft/gradle-3.2.1/lib/plugins/jackson-annotations-2.6.6.jar
7f002cdbd000-7f002cdc1000 r--s 0003c000 fd:02 2232867                    /home/ike/soft/gradle-3.2.1/lib/plugins/jackson-core-2.6.6.jar
7f002cdc1000-7f002cdcf000 r--s 00087000 fd:02 2232866                    /home/ike/soft/gradle-3.2.1/lib/plugins/aws-java-sdk-core-1.11.6.jar
7f002cdcf000-7f002cdd6000 r--s 00057000 fd:02 2232865                    /home/ike/soft/gradle-3.2.1/lib/plugins/aws-java-sdk-kms-1.11.6.jar
7f002cdd6000-7f002cde3000 r--s 0008e000 fd:02 2232864                    /home/ike/soft/gradle-3.2.1/lib/plugins/aws-java-sdk-s3-1.11.6.jar
7f002cde3000-7f002cde4000 r--s 00004000 fd:02 2232835                    /home/ike/soft/gradle-3.2.1/lib/plugins/gradle-resources-s3-3.2.1.jar
7f002cde4000-7f002cde6000 r--s 00005000 fd:02 2232858                    /home/ike/soft/gradle-3.2.1/lib/plugins/jatl-0.2.2.jar
7f002cde6000-7f002cde8000 r--s 0000f000 fd:02 2232812                    /home/ike/soft/gradle-3.2.1/lib/plugins/gradle-reporting-3.2.1.jar
7f002cde8000-7f002cdea000 r--s 00002000 fd:02 2232813                    /home/ike/soft/gradle-3.2.1/lib/plugins/gradle-publish-3.2.1.jar
7f002cdea000-7f002cdec000 r--s 00009000 fd:02 2232841                    /home/ike/soft/gradle-3.2.1/lib/plugins/commons-cli-1.2.jar
7f002cdec000-7f002cdf1000 r--s 00031000 fd:02 2232798                    /home/ike/soft/gradle-3.2.1/lib/plugins/gradle-plugins-3.2.1.jar
7f002cdf1000-7f002cdf3000 r--s 00009000 fd:02 2232831                    /home/ike/soft/gradle-3.2.1/lib/plugins/gradle-plugin-development-3.2.1.jar
7f002cdf3000-7f002cdf9000 r--s 0002b000 fd:02 2232824                    /home/ike/soft/gradle-3.2.1/lib/plugins/gradle-platform-play-3.2.1.jar
7f002cdf9000-7f002ce06000 r--s 00053000 fd:02 2232823                    /home/ike/soft/gradle-3.2.1/lib/plugins/gradle-platform-native-3.2.1.jar
7f002ce06000-7f002ce0b000 r--s 0001f000 fd:02 2232818                    /home/ike/soft/gradle-3.2.1/lib/plugins/gradle-platform-jvm-3.2.1.jar
7f002ce0b000-7f002ce13000 r--s 00027000 fd:02 2232817                    /home/ike/soft/gradle-3.2.1/lib/plugins/gradle-platform-base-3.2.1.jar
7f002ce13000-7f002ce3b000 r--s 0021c000 fd:02 2232849                    /home/ike/soft/gradle-3.2.1/lib/plugins/biz.aQute.bndlib-3.2.0.jar
7f002ce3b000-7f002ce3d000 r--s 00003000 fd:02 2232802                    /home/ike/soft/gradle-3.2.1/lib/plugins/gradle-osgi-3.2.1.jar
7f002ce3d000-7f002ce40000 r--s 0000c000 fd:02 2232852                    /home/ike/soft/gradle-3.2.1/lib/plugins/pmaven-groovy-0.8-20100325.jar
7f002ce40000-7f002ce41000 r--s 00004000 fd:02 2232851                    /home/ike/soft/gradle-3.2.1/lib/plugins/pmaven-common-0.8-20100325.jar
7f002ce41000-7f002ce47000 r--s 00023000 fd:02 2232803                    /home/ike/soft/gradle-3.2.1/lib/plugins/gradle-maven-3.2.1.jar
7f002ce47000-7f002ce4a000 r--s 0000a000 fd:02 2232822                    /home/ike/soft/gradle-3.2.1/lib/plugins/gradle-language-scala-3.2.1.jar
7f002ce4a000-7f002ce50000 r--s 0001a000 fd:02 2232826                    /home/ike/soft/gradle-3.2.1/lib/plugins/gradle-language-native-3.2.1.jar
7f002ce50000-7f002ce52000 r--s 00008000 fd:02 2232819                    /home/ike/soft/gradle-3.2.1/lib/plugins/gradle-language-jvm-3.2.1.jar
7f002ce52000-7f002ce58000 r--s 00026000 fd:02 2232820                    /home/ike/soft/gradle-3.2.1/lib/plugins/gradle-language-java-3.2.1.jar
7f002ce58000-7f002ce5a000 r--s 0000a000 fd:02 2232821                    /home/ike/soft/gradle-3.2.1/lib/plugins/gradle-language-groovy-3.2.1.jar
7f002ce5a000-7f002ce5d000 r--s 0001e000 fd:02 2232876                    /home/ike/soft/gradle-3.2.1/lib/plugins/jsp-api-2.1-6.1.14.jar
7f002ce5d000-7f002ce80000 r--s 00344000 fd:02 2232875                    /home/ike/soft/gradle-3.2.1/lib/plugins/core-3.1.1.jar
7f002ce80000-7f002ce81000 r--s 00006000 fd:02 2232874                    /home/ike/soft/gradle-3.2.1/lib/plugins/jetty-naming-6.1.26.jar
7f002ce81000-7f002ce82000 r--s 00002000 fd:02 2232848                    /home/ike/soft/gradle-3.2.1/lib/plugins/geronimo-annotation_1.0_spec-1.0.jar
7f002ce82000-7f002ce84000 r--s 00002000 fd:02 2232847                    /home/ike/soft/gradle-3.2.1/lib/plugins/jetty-annotations-6.1.26.jar
7f002ce84000-7f002ce95000 r--s 000ea000 fd:02 2232846                    /home/ike/soft/gradle-3.2.1/lib/plugins/jsp-2.1-6.1.14.jar
7f002ce95000-7f002ce97000 r--s 0000d000 fd:02 2232845                    /home/ike/soft/gradle-3.2.1/lib/plugins/jetty-plus-6.1.26.jar
7f002ce97000-7f002ce99000 r--s 0001f000 fd:02 2232844                    /home/ike/soft/gradle-3.2.1/lib/plugins/servlet-api-2.5-20081211.jar
7f002ce99000-7f002ce9d000 r--s 00028000 fd:02 2232843                    /home/ike/soft/gradle-3.2.1/lib/plugins/jetty-util-6.1.26.jar
7f002ce9d000-7f002cea4000 r--s 0007d000 fd:02 2232842                    /home/ike/soft/gradle-3.2.1/lib/plugins/jetty-6.1.26.jar
7f002cea4000-7f002cea6000 r--s 0000a000 fd:02 2232800                    /home/ike/soft/gradle-3.2.1/lib/plugins/gradle-jetty-3.2.1.jar
7f002cea6000-7f002cead000 r--s 00035000 fd:02 2232857                    /home/ike/soft/gradle-3.2.1/lib/plugins/simple-4.1.21.jar
7f002cead000-7f002ceb9000 r--s 00100000 fd:02 2232855                    /home/ike/soft/gradle-3.2.1/lib/plugins/rhino-1.7R3.jar
7f002ceb9000-7f002cebd000 r--s 00012000 fd:02 2232809                    /home/ike/soft/gradle-3.2.1/lib/plugins/gradle-javascript-3.2.1.jar
7f002cebd000-7f002cebf000 r--s 0000c000 fd:02 2232815                    /home/ike/soft/gradle-3.2.1/lib/plugins/gradle-jacoco-3.2.1.jar
7f002cebf000-7f002cec2000 r--s 0000e000 fd:02 2232814                    /home/ike/soft/gradle-3.2.1/lib/plugins/gradle-ivy-3.2.1.jar
7f002cec2000-7f002cec3000 r--s 00002000 fd:02 2232825                    /home/ike/soft/gradle-3.2.1/lib/plugins/gradle-ide-play-3.2.1.jar
7f002cec3000-7f002cec6000 r--s 00013000 fd:02 2232827                    /home/ike/soft/gradle-3.2.1/lib/plugins/gradle-ide-native-3.2.1.jar
7f002cec6000-7f002ced0000 r--s 00054000 fd:02 2232804                    /home/ike/soft/gradle-3.2.1/lib/plugins/gradle-ide-3.2.1.jar
7f002ced0000-7f002ced2000 r--s 00007000 fd:02 2232808                    /home/ike/soft/gradle-3.2.1/lib/plugins/gradle-ear-3.2.1.jar
7f002ced2000-7f002ced8000 r--s 00038000 fd:02 2232811                    /home/ike/soft/gradle-3.2.1/lib/plugins/gradle-diagnostics-3.2.1.jar
7f002ced8000-7f002ceda000 r--s 00008000 fd:02 2232837                    /home/ike/soft/gradle-3.2.1/lib/plugins/gradle-composite-builds-3.2.1.jar
7f002ceda000-7f002cede000 r--s 00023000 fd:02 2232799                    /home/ike/soft/gradle-3.2.1/lib/plugins/gradle-code-quality-3.2.1.jar
7f002cede000-7f002cee2000 r--s 00020000 fd:02 2232816                    /home/ike/soft/gradle-3.2.1/lib/plugins/gradle-build-init-3.2.1.jar
7f002cee2000-7f002cee8000 r--s 0008e000 fd:02 2232810                    /home/ike/soft/gradle-3.2.1/lib/plugins/gradle-build-comparison-3.2.1.jar
7f002cee8000-7f002ceea000 r--s 00008000 fd:02 2232801                    /home/ike/soft/gradle-3.2.1/lib/plugins/gradle-antlr-3.2.1.jar
7f002ceea000-7f002ceec000 r--s 00004000 fd:02 2232805                    /home/ike/soft/gradle-3.2.1/lib/plugins/gradle-announce-3.2.1.jar
7f002ceec000-7f002cf04000 r--s 00115000 fd:02 2232906                    /home/ike/soft/gradle-3.2.1/lib/plugins/xercesImpl-2.9.1.jar
7f002cf04000-7f002cf0c000 r--s 00028000 fd:02 2232907                    /home/ike/soft/gradle-3.2.1/lib/plugins/xml-apis-1.3.04.jar
7f002cf0c000-7f002cf12000 r--s 0005b000 fd:02 2232905                    /home/ike/soft/gradle-3.2.1/lib/plugins/jcifs-1.3.17.jar
7f002cf12000-7f002cf19000 r--s 00049000 fd:02 2232904                    /home/ike/soft/gradle-3.2.1/lib/plugins/httpcore-4.4.4.jar
7f002cf19000-7f002cf1f000 r--s 00033000 fd:02 2232853                    /home/ike/soft/gradle-3.2.1/lib/plugins/commons-codec-1.6.jar
7f002cf1f000-7f002cf22000 r--s 0001c000 fd:02 2232862                    /home/ike/soft/gradle-3.2.1/lib/plugins/nekohtml-1.9.14.jar
7f002cf22000-7f002cf2f000 r--s 000a4000 fd:02 2232861                    /home/ike/soft/gradle-3.2.1/lib/plugins/httpclient-4.4.1.jar
7f002cf2f000-7f002cf32000 r--s 0000a000 fd:02 2232833                    /home/ike/soft/gradle-3.2.1/lib/plugins/gradle-resources-http-3.2.1.jar
7f002cf32000-7f002cf36000 r--s 00015000 fd:02 2232832                    /home/ike/soft/gradle-3.2.1/lib/plugins/gradle-plugin-use-3.2.1.jar
7f002cf36000-7f002cf37000 r--s 00000000 fd:02 2232750                    /home/ike/soft/gradle-3.2.1/lib/gradle-installation-beacon-3.2.1.jar
7f002cf37000-7f002cf38000 r--s 00007000 fd:02 2232900                    /home/ike/soft/gradle-3.2.1/lib/plugins/wagon-http-shared4-2.4.jar
7f002cf38000-7f002cf3c000 r--s 00033000 fd:02 2232899                    /home/ike/soft/gradle-3.2.1/lib/plugins/plexus-utils-2.0.6.jar
7f002cf3c000-7f002cf40000 r--s 00021000 fd:02 2232898                    /home/ike/soft/gradle-3.2.1/lib/plugins/maven-model-builder-3.0.4.jar
7f002cf40000-7f002cf41000 r--s 00002000 fd:02 2232897                    /home/ike/soft/gradle-3.2.1/lib/plugins/wagon-file-2.4.jar
7f002cf41000-7f002cf43000 r--s 00002000 fd:02 2232896                    /home/ike/soft/gradle-3.2.1/lib/plugins/plexus-cipher-1.7.jar
7f002cf43000-7f002cf46000 r--s 00013000 fd:02 2232895                    /home/ike/soft/gradle-3.2.1/lib/plugins/aether-api-1.13.1.jar
7f002cf46000-7f002cf48000 r--s 0000a000 fd:02 2232894                    /home/ike/soft/gradle-3.2.1/lib/plugins/maven-settings-3.0.4.jar
7f002cf48000-7f002cf4a000 r--s 0000d000 fd:02 2232893                    /home/ike/soft/gradle-3.2.1/lib/plugins/plexus-interpolation-1.14.jar
7f002cf4a000-7f002cf4c000 r--s 0000b000 fd:02 2232892                    /home/ike/soft/gradle-3.2.1/lib/plugins/maven-artifact-3.0.4.jar
7f002cf4c000-7f002cf53000 r--s 0002e000 fd:02 2232891                    /home/ike/soft/gradle-3.2.1/lib/plugins/plexus-container-default-1.5.5.jar
7f002cf53000-7f002cf55000 r--s 0000b000 fd:02 2232890                    /home/ike/soft/gradle-3.2.1/lib/plugins/maven-plugin-api-3.0.4.jar
7f002cf55000-7f002cf57000 r--s 00000000 fd:02 2232908                    /home/ike/soft/gradle-3.2.1/lib/plugins/plexus-component-annotations-1.5.5.jar
7f002cf57000-7f002cf5d000 r--s 0003f000 fd:02 2232889                    /home/ike/soft/gradle-3.2.1/lib/plugins/maven-compat-3.0.4.jar
7f002cf5d000-7f002cf60000 r--s 00008000 fd:02 2232888                    /home/ike/soft/gradle-3.2.1/lib/plugins/maven-settings-builder-3.0.4.jar
7f002cf60000-7f002cf61000 r--s 00002000 fd:02 2232887                    /home/ike/soft/gradle-3.2.1/lib/plugins/wagon-http-2.4.jar
7f002cf61000-7f002cf63000 r--s 00026000 fd:02 2232886                    /home/ike/soft/gradle-3.2.1/lib/plugins/maven-model-3.0.4.jar
7f002cf63000-7f002cf65000 r--s 00006000 fd:02 2232885                    /home/ike/soft/gradle-3.2.1/lib/plugins/aether-connector-wagon-1.13.1.jar
7f002cf65000-7f002cf67000 r--s 0000a000 fd:02 2232884                    /home/ike/soft/gradle-3.2.1/lib/plugins/plexus-classworlds-2.4.jar
7f002cf67000-7f002cf69000 r--s 00006000 fd:02 2232883                    /home/ike/soft/gradle-3.2.1/lib/plugins/maven-repository-metadata-3.0.4.jar
7f002cf69000-7f002cf6b000 r--s 0000c000 fd:02 2232882                    /home/ike/soft/gradle-3.2.1/lib/plugins/maven-aether-provider-3.0.4.jar
7f002cf6b000-7f002cf6d000 r--s 0000b000 fd:02 2232881                    /home/ike/soft/gradle-3.2.1/lib/plugins/wagon-provider-api-2.4.jar
7f002cf6d000-7f002cf6e000 r--s 00003000 fd:02 2232880                    /home/ike/soft/gradle-3.2.1/lib/plugins/aether-spi-1.13.1.jar
7f002cf6e000-7f002cf71000 r--s 0001d000 fd:02 2232879                    /home/ike/soft/gradle-3.2.1/lib/plugins/aether-impl-1.13.1.jar
7f002cf71000-7f002cf75000 r--s 0001c000 fd:02 2232878                    /home/ike/soft/gradle-3.2.1/lib/plugins/aether-util-1.13.1.jar
7f002cf75000-7f002cf76000 r--s 00006000 fd:02 2232877                    /home/ike/soft/gradle-3.2.1/lib/plugins/plexus-sec-dispatcher-1.3.jar
7f002cf76000-7f002cf7b000 r--s 00040000 fd:02 2232863                    /home/ike/soft/gradle-3.2.1/lib/plugins/jsch-0.1.53.jar
7f002cf7b000-7f002cfbb000 r--s 00277000 fd:02 2232873                    /home/ike/soft/gradle-3.2.1/lib/plugins/bcprov-jdk15on-1.51.jar
7f002cfbb000-7f002cfc7000 r--s 0007d000 fd:02 2232850                    /home/ike/soft/gradle-3.2.1/lib/plugins/maven-core-3.0.4.jar
7f002cfc7000-7f002cfe5000 r--s 000e2000 fd:02 2232839                    /home/ike/soft/gradle-3.2.1/lib/plugins/gradle-dependency-management-3.2.1.jar
7f002cfe5000-7f002cffb000 r-xp 00000000 fd:00 664597                     /usr/lib64/libgcc_s-6.1.1-20160510.so.1
7f002cffb000-7f002d1fa000 ---p 00016000 fd:00 664597                     /usr/lib64/libgcc_s-6.1.1-20160510.so.1
7f002d1fa000-7f002d1fb000 r--p 00015000 fd:00 664597                     /usr/lib64/libgcc_s-6.1.1-20160510.so.1
7f002d1fb000-7f002d1fc000 rw-p 00016000 fd:00 664597                     /usr/lib64/libgcc_s-6.1.1-20160510.so.1
7f002d1fc000-7f002d374000 r-xp 00000000 fd:00 665127                     /usr/lib64/libstdc++.so.6.0.22
7f002d374000-7f002d573000 ---p 00178000 fd:00 665127                     /usr/lib64/libstdc++.so.6.0.22
7f002d573000-7f002d57d000 r--p 00177000 fd:00 665127                     /usr/lib64/libstdc++.so.6.0.22
7f002d57d000-7f002d57f000 rw-p 00181000 fd:00 665127                     /usr/lib64/libstdc++.so.6.0.22
7f002d57f000-7f002d583000 rw-p 00000000 00:00 0 
7f002d583000-7f002d587000 r--s 0001d000 fd:02 2232872                    /home/ike/soft/gradle-3.2.1/lib/plugins/xbean-reflect-3.4.jar
7f002d587000-7f002d58c000 r--s 00034000 fd:02 2232856                    /home/ike/soft/gradle-3.2.1/lib/plugins/gson-2.7.jar
7f002d58c000-7f002d59b000 r--s 000d9000 fd:02 2232871                    /home/ike/soft/gradle-3.2.1/lib/plugins/ivy-2.2.0.jar
7f002d59b000-7f002d5a0000 r-xp 00000000 fd:02 3149349                    /home/ike/.gradle/native/21/linux-amd64/libnative-platform.so
7f002d5a0000-7f002d79f000 ---p 00005000 fd:02 3149349                    /home/ike/.gradle/native/21/linux-amd64/libnative-platform.so
7f002d79f000-7f002d7a0000 rw-p 00004000 fd:02 3149349                    /home/ike/.gradle/native/21/linux-amd64/libnative-platform.so
7f002d7a0000-7f002d7b1000 r-xp 00000000 fd:02 1842775                    /home/ike/soft/jdk1.8.0_101/jre/lib/amd64/libnio.so
7f002d7b1000-7f002d9b0000 ---p 00011000 fd:02 1842775                    /home/ike/soft/jdk1.8.0_101/jre/lib/amd64/libnio.so
7f002d9b0000-7f002d9b1000 rw-p 00010000 fd:02 1842775                    /home/ike/soft/jdk1.8.0_101/jre/lib/amd64/libnio.so
7f002d9b1000-7f002d9c7000 r-xp 00000000 fd:02 1842752                    /home/ike/soft/jdk1.8.0_101/jre/lib/amd64/libnet.so
7f002d9c7000-7f002dbc7000 ---p 00016000 fd:02 1842752                    /home/ike/soft/jdk1.8.0_101/jre/lib/amd64/libnet.so
7f002dbc7000-7f002dbc8000 rw-p 00016000 fd:02 1842752                    /home/ike/soft/jdk1.8.0_101/jre/lib/amd64/libnet.so
7f002dbc8000-7f002dbd2000 r--s 00116000 fd:02 1842829                    /home/ike/soft/jdk1.8.0_101/jre/lib/ext/localedata.jar
7f002dbd2000-7f002dbee000 r--s 00393000 fd:02 1842832                    /home/ike/soft/jdk1.8.0_101/jre/lib/ext/cldrdata.jar
7f002dbee000-7f002dbef000 r--s 00006000 fd:02 2232749                    /home/ike/soft/gradle-3.2.1/lib/gradle-wrapper-3.2.1.jar
7f002dbef000-7f002dbfc000 r--s 00041000 fd:02 2232756                    /home/ike/soft/gradle-3.2.1/lib/gradle-tooling-api-3.2.1.jar
7f002dbfc000-7f002dbfe000 r--s 00002000 fd:02 2232776                    /home/ike/soft/gradle-3.2.1/lib/gradle-open-api-3.2.1.jar
7f002dbfe000-7f002dc04000 r--s 00032000 fd:02 2232778                    /home/ike/soft/gradle-3.2.1/lib/jaxen-1.1.jar
7f002dc04000-7f002dc09000 r--s 00048000 fd:02 2232777                    /home/ike/soft/gradle-3.2.1/lib/dom4j-1.6.1.jar
7f002dc09000-7f002dc14000 r--s 00059000 fd:02 2232755                    /home/ike/soft/gradle-3.2.1/lib/gradle-ui-3.2.1.jar
7f002dc14000-7f002dc1d000 r--s 00086000 fd:02 2232744                    /home/ike/soft/gradle-3.2.1/lib/kotlin-stdlib-1.1.0-dev-2053.jar
7f002dc1d000-7f002dc23000 r--s 00027000 fd:02 2232743                    /home/ike/soft/gradle-3.2.1/lib/kotlin-runtime-1.1.0-dev-2053.jar
7f002dc23000-7f002dc55000 r--s 00241000 fd:02 2232745                    /home/ike/soft/gradle-3.2.1/lib/kotlin-reflect-1.1.0-dev-2053.jar
7f002dc55000-7f002dde2000 r--s 014fa000 fd:02 2232746                    /home/ike/soft/gradle-3.2.1/lib/kotlin-compiler-embeddable-1.1.0-dev-2053.jar
7f002dde2000-7f002dde9000 r--s 00047000 fd:02 2232747                    /home/ike/soft/gradle-3.2.1/lib/gradle-script-kotlin-0.4.0.jar
7f002dde9000-7f002ddec000 r--s 0000b000 fd:02 2232774                    /home/ike/soft/gradle-3.2.1/lib/gradle-resources-3.2.1.jar
7f002ddec000-7f002ddee000 r--s 00003000 fd:02 2232785                    /home/ike/soft/gradle-3.2.1/lib/jcl-over-slf4j-1.7.10.jar
7f002ddee000-7f002ddef000 r--s 00005000 fd:02 2232784                    /home/ike/soft/gradle-3.2.1/lib/log4j-over-slf4j-1.7.10.jar
7f002ddef000-7f002ddf1000 r--s 00000000 fd:02 2232783                    /home/ike/soft/gradle-3.2.1/lib/jul-to-slf4j-1.7.10.jar
7f002ddf1000-7f002ddf6000 r--s 0001c000 fd:02 2232773                    /home/ike/soft/gradle-3.2.1/lib/gradle-logging-3.2.1.jar
7f002ddf6000-7f002ddf8000 r--s 00007000 fd:02 2232796                    /home/ike/soft/gradle-3.2.1/lib/objenesis-1.2.jar
7f002ddf8000-7f002ddfa000 r--s 00000000 fd:02 2232795                    /home/ike/soft/gradle-3.2.1/lib/minlog-1.2.jar
7f002ddfa000-7f002ddfe000 r--s 00026000 fd:02 2232782                    /home/ike/soft/gradle-3.2.1/lib/kryo-2.20.jar
7f002ddfe000-7f002ddff000 ---p 00000000 00:00 0 
7f002ddff000-7f002deff000 rw-p 00000000 00:00 0 
7f002deff000-7f002df02000 ---p 00000000 00:00 0 
7f002df02000-7f0030000000 rw-p 00000000 00:00 0 
7f0030000000-7f003003e000 rw-p 00000000 00:00 0 
7f003003e000-7f0034000000 ---p 00000000 00:00 0 
7f0034000000-7f0034002000 r--s 0000f000 fd:02 2232794                    /home/ike/soft/gradle-3.2.1/lib/reflectasm-1.07-shaded.jar
7f0034002000-7f0034008000 r--s 00026000 fd:02 2232772                    /home/ike/soft/gradle-3.2.1/lib/gradle-messaging-3.2.1.jar
7f0034008000-7f0034009000 r--s 00003000 fd:02 2232793                    /home/ike/soft/gradle-3.2.1/lib/native-platform-freebsd-amd64-0.11.jar
7f0034009000-7f003400a000 r--s 00003000 fd:02 2232792                    /home/ike/soft/gradle-3.2.1/lib/native-platform-freebsd-i386-0.11.jar
7f003400a000-7f003400b000 r--s 0000b000 fd:02 2232791                    /home/ike/soft/gradle-3.2.1/lib/native-platform-windows-i386-0.11.jar
7f003400b000-7f003400c000 r--s 0000b000 fd:02 2232790                    /home/ike/soft/gradle-3.2.1/lib/native-platform-windows-amd64-0.11.jar
7f003400c000-7f003400e000 r--s 00003000 fd:02 2232789                    /home/ike/soft/gradle-3.2.1/lib/native-platform-linux-i386-0.11.jar
7f003400e000-7f003400f000 r--s 00004000 fd:02 2232788                    /home/ike/soft/gradle-3.2.1/lib/native-platform-linux-amd64-0.11.jar
7f003400f000-7f0034010000 r--s 00002000 fd:02 2232787                    /home/ike/soft/gradle-3.2.1/lib/native-platform-osx-amd64-0.11.jar
7f0034010000-7f0034013000 r--s 00023000 fd:02 2232780                    /home/ike/soft/gradle-3.2.1/lib/jansi-1.14.jar
7f0034013000-7f0034017000 r--s 0000f000 fd:02 2232779                    /home/ike/soft/gradle-3.2.1/lib/native-platform-0.11.jar
7f0034017000-7f003401a000 r--s 0000a000 fd:02 2232757                    /home/ike/soft/gradle-3.2.1/lib/gradle-native-3.2.1.jar
7f003401a000-7f003401c000 r--s 00005000 fd:02 2232754                    /home/ike/soft/gradle-3.2.1/lib/gradle-cli-3.2.1.jar
7f003401c000-7f003401e000 r--s 00007000 fd:02 2232764                    /home/ike/soft/gradle-3.2.1/lib/gradle-model-groovy-3.2.1.jar
7f003401e000-7f003402d000 r--s 0007f000 fd:02 2232763                    /home/ike/soft/gradle-3.2.1/lib/gradle-model-core-3.2.1.jar
7f003402d000-7f003403a000 r--s 00083000 fd:02 2232767                    /home/ike/soft/gradle-3.2.1/lib/commons-collections-3.2.2.jar
7f003403a000-7f00340aa000 r--s 00641000 fd:02 2232762                    /home/ike/soft/gradle-3.2.1/lib/groovy-all-2.4.7.jar
7f00340aa000-7f00340d2000 r--s 001cf000 fd:02 2232759                    /home/ike/soft/gradle-3.2.1/lib/guava-jdk5-17.0.jar
7f00340d2000-7f00340f1000 r--s 001d1000 fd:02 2232766                    /home/ike/soft/gradle-3.2.1/lib/ant-1.9.6.jar
7f00340f1000-7f00340f4000 ---p 00000000 00:00 0 
7f00340f4000-7f00341f2000 rw-p 00000000 00:00 0 
7f00341f2000-7f00341f5000 ---p 00000000 00:00 0 
7f00341f5000-7f00342f3000 rw-p 00000000 00:00 0 
7f00342f3000-7f00342f6000 ---p 00000000 00:00 0 
7f00342f6000-7f00343f4000 rw-p 00000000 00:00 0 
7f00343f4000-7f00343f7000 ---p 00000000 00:00 0 
7f00343f7000-7f00344f5000 rw-p 00000000 00:00 0 
7f00344f5000-7f00344f8000 ---p 00000000 00:00 0 
7f00344f8000-7f00345f6000 rw-p 00000000 00:00 0 
7f00345f6000-7f00345f9000 ---p 00000000 00:00 0 
7f00345f9000-7f00346f7000 rw-p 00000000 00:00 0 
7f00346f7000-7f00346f8000 ---p 00000000 00:00 0 
7f00346f8000-7f0035000000 rw-p 00000000 00:00 0 
7f0035000000-7f00373a0000 rwxp 00000000 00:00 0 
7f00373a0000-7f0044000000 ---p 00000000 00:00 0 
7f0044000000-7f0044d07000 rw-p 00000000 00:00 0 
7f0044d07000-7f0048000000 ---p 00000000 00:00 0 
7f0048000000-7f0048001000 r--s 00002000 fd:02 2232786                    /home/ike/soft/gradle-3.2.1/lib/native-platform-osx-i386-0.11.jar
7f0048001000-7f0048003000 r--s 00006000 fd:02 2232771                    /home/ike/soft/gradle-3.2.1/lib/gradle-base-services-groovy-3.2.1.jar
7f0048003000-7f0048004000 r--s 00002000 fd:02 2232775                    /home/ike/soft/gradle-3.2.1/lib/gradle-docs-3.2.1.jar
7f0048004000-7f0048005000 r--s 00000000 fd:02 2232770                    /home/ike/soft/gradle-3.2.1/lib/javax.inject-1.jar
7f0048005000-7f0048006000 r--s 00000000 fd:02 2232769                    /home/ike/soft/gradle-3.2.1/lib/jcip-annotations-1.0.jar
7f0048006000-7f004800a000 r--s 00027000 fd:02 2232768                    /home/ike/soft/gradle-3.2.1/lib/commons-io-2.2.jar
7f004800a000-7f004800f000 r--s 00038000 fd:02 2232765                    /home/ike/soft/gradle-3.2.1/lib/asm-all-5.1.jar
7f004800f000-7f0048018000 r--s 00041000 fd:02 2232751                    /home/ike/soft/gradle-3.2.1/lib/gradle-base-services-3.2.1.jar
7f0048018000-7f0048052000 r--s 001e2000 fd:02 2232753                    /home/ike/soft/gradle-3.2.1/lib/gradle-core-3.2.1.jar
7f0048052000-7f004880b000 rw-p 00000000 00:00 0 
7f004880b000-7f00489e4000 r--s 03d29000 fd:02 1842744                    /home/ike/soft/jdk1.8.0_101/jre/lib/rt.jar
7f00489e4000-7f004945a000 rw-p 00000000 00:00 0 
7f004945a000-7f004945b000 ---p 00000000 00:00 0 
7f004945b000-7f004955b000 rw-p 00000000 00:00 0 
7f004955b000-7f004955c000 ---p 00000000 00:00 0 
7f004955c000-7f004965c000 rw-p 00000000 00:00 0 
7f004965c000-7f004965d000 ---p 00000000 00:00 0 
7f004965d000-7f004975d000 rw-p 00000000 00:00 0 
7f004975d000-7f004975e000 ---p 00000000 00:00 0 
7f004975e000-7f00498ea000 rw-p 00000000 00:00 0 
7f00498ea000-7f00499b4000 ---p 00000000 00:00 0 
7f00499b4000-7f0049a40000 rw-p 00000000 00:00 0 
7f0049a40000-7f0049b09000 ---p 00000000 00:00 0 
7f0049b09000-7f0049bb4000 rw-p 00000000 00:00 0 
7f0049bb4000-7f0049c44000 rw-p 00000000 00:00 0 
7f0049c44000-7f0049f75000 ---p 00000000 00:00 0 
7f0049f75000-7f0049f8f000 r-xp 00000000 fd:02 1842773                    /home/ike/soft/jdk1.8.0_101/jre/lib/amd64/libzip.so
7f0049f8f000-7f004a18f000 ---p 0001a000 fd:02 1842773                    /home/ike/soft/jdk1.8.0_101/jre/lib/amd64/libzip.so
7f004a18f000-7f004a190000 rw-p 0001a000 fd:02 1842773                    /home/ike/soft/jdk1.8.0_101/jre/lib/amd64/libzip.so
7f004a190000-7f004a19b000 r-xp 00000000 fd:00 663666                     /usr/lib64/libnss_files-2.23.so
7f004a19b000-7f004a39a000 ---p 0000b000 fd:00 663666                     /usr/lib64/libnss_files-2.23.so
7f004a39a000-7f004a39b000 r--p 0000a000 fd:00 663666                     /usr/lib64/libnss_files-2.23.so
7f004a39b000-7f004a39c000 rw-p 0000b000 fd:00 663666                     /usr/lib64/libnss_files-2.23.so
7f004a39c000-7f004a3a2000 rw-p 00000000 00:00 0 
7f004a3a2000-7f004a3cc000 r-xp 00000000 fd:02 1842799                    /home/ike/soft/jdk1.8.0_101/jre/lib/amd64/libjava.so
7f004a3cc000-7f004a5cc000 ---p 0002a000 fd:02 1842799                    /home/ike/soft/jdk1.8.0_101/jre/lib/amd64/libjava.so
7f004a5cc000-7f004a5ce000 rw-p 0002a000 fd:02 1842799                    /home/ike/soft/jdk1.8.0_101/jre/lib/amd64/libjava.so
7f004a5ce000-7f004a5db000 r-xp 00000000 fd:02 1842753                    /home/ike/soft/jdk1.8.0_101/jre/lib/amd64/libverify.so
7f004a5db000-7f004a7db000 ---p 0000d000 fd:02 1842753                    /home/ike/soft/jdk1.8.0_101/jre/lib/amd64/libverify.so
7f004a7db000-7f004a7dd000 rw-p 0000d000 fd:02 1842753                    /home/ike/soft/jdk1.8.0_101/jre/lib/amd64/libverify.so
7f004a7dd000-7f004a7e4000 r-xp 00000000 fd:00 663774                     /usr/lib64/librt-2.23.so
7f004a7e4000-7f004a9e3000 ---p 00007000 fd:00 663774                     /usr/lib64/librt-2.23.so
7f004a9e3000-7f004a9e4000 r--p 00006000 fd:00 663774                     /usr/lib64/librt-2.23.so
7f004a9e4000-7f004a9e5000 rw-p 00007000 fd:00 663774                     /usr/lib64/librt-2.23.so
7f004a9e5000-7f004aaed000 r-xp 00000000 fd:00 663268                     /usr/lib64/libm-2.23.so
7f004aaed000-7f004acec000 ---p 00108000 fd:00 663268                     /usr/lib64/libm-2.23.so
7f004acec000-7f004aced000 r--p 00107000 fd:00 663268                     /usr/lib64/libm-2.23.so
7f004aced000-7f004acee000 rw-p 00108000 fd:00 663268                     /usr/lib64/libm-2.23.so
7f004acee000-7f004b9b9000 r-xp 00000000 fd:02 1842803                    /home/ike/soft/jdk1.8.0_101/jre/lib/amd64/server/libjvm.so
7f004b9b9000-7f004bbb8000 ---p 00ccb000 fd:02 1842803                    /home/ike/soft/jdk1.8.0_101/jre/lib/amd64/server/libjvm.so
7f004bbb8000-7f004bc91000 rw-p 00cca000 fd:02 1842803                    /home/ike/soft/jdk1.8.0_101/jre/lib/amd64/server/libjvm.so
7f004bc91000-7f004bcdc000 rw-p 00000000 00:00 0 
7f004bcdc000-7f004be95000 r-xp 00000000 fd:00 663117                     /usr/lib64/libc-2.23.so
7f004be95000-7f004c094000 ---p 001b9000 fd:00 663117                     /usr/lib64/libc-2.23.so
7f004c094000-7f004c098000 r--p 001b8000 fd:00 663117                     /usr/lib64/libc-2.23.so
7f004c098000-7f004c09a000 rw-p 001bc000 fd:00 663117                     /usr/lib64/libc-2.23.so
7f004c09a000-7f004c09e000 rw-p 00000000 00:00 0 
7f004c09e000-7f004c0a1000 r-xp 00000000 fd:00 663244                     /usr/lib64/libdl-2.23.so
7f004c0a1000-7f004c2a0000 ---p 00003000 fd:00 663244                     /usr/lib64/libdl-2.23.so
7f004c2a0000-7f004c2a1000 r--p 00002000 fd:00 663244                     /usr/lib64/libdl-2.23.so
7f004c2a1000-7f004c2a2000 rw-p 00003000 fd:00 663244                     /usr/lib64/libdl-2.23.so
7f004c2a2000-7f004c2b7000 r-xp 00000000 fd:02 1841887                    /home/ike/soft/jdk1.8.0_101/lib/amd64/jli/libjli.so
7f004c2b7000-7f004c4b7000 ---p 00015000 fd:02 1841887                    /home/ike/soft/jdk1.8.0_101/lib/amd64/jli/libjli.so
7f004c4b7000-7f004c4b8000 rw-p 00015000 fd:02 1841887                    /home/ike/soft/jdk1.8.0_101/lib/amd64/jli/libjli.so
7f004c4b8000-7f004c4cf000 r-xp 00000000 fd:00 663674                     /usr/lib64/libpthread-2.23.so
7f004c4cf000-7f004c6ce000 ---p 00017000 fd:00 663674                     /usr/lib64/libpthread-2.23.so
7f004c6ce000-7f004c6cf000 r--p 00016000 fd:00 663674                     /usr/lib64/libpthread-2.23.so
7f004c6cf000-7f004c6d0000 rw-p 00017000 fd:00 663674                     /usr/lib64/libpthread-2.23.so
7f004c6d0000-7f004c6d4000 rw-p 00000000 00:00 0 
7f004c6d4000-7f004c6f8000 r-xp 00000000 fd:00 666350                     /usr/lib64/ld-2.23.so
7f004c6f8000-7f004c6f9000 r--s 00001000 fd:02 2232761                    /home/ike/soft/gradle-3.2.1/lib/gradle-process-services-3.2.1.jar
7f004c6f9000-7f004c6fb000 r--s 00000000 fd:02 2232752                    /home/ike/soft/gradle-3.2.1/lib/gradle-jvm-services-3.2.1.jar
7f004c6fb000-7f004c700000 r--s 00041000 fd:02 2232760                    /home/ike/soft/gradle-3.2.1/lib/commons-lang-2.6.jar
7f004c700000-7f004c7d9000 rw-p 00000000 00:00 0 
7f004c7d9000-7f004c7dc000 ---p 00000000 00:00 0 
7f004c7dc000-7f004c8de000 rw-p 00000000 00:00 0 
7f004c8de000-7f004c8df000 r--s 00007000 fd:02 2232758                    /home/ike/soft/gradle-3.2.1/lib/slf4j-api-1.7.10.jar
7f004c8df000-7f004c8e0000 r--s 00004000 fd:02 2232781                    /home/ike/soft/gradle-3.2.1/lib/ant-launcher-1.9.6.jar
7f004c8e0000-7f004c8ec000 r--s 0005e000 fd:02 2232748                    /home/ike/soft/gradle-3.2.1/lib/gradle-launcher-3.2.1.jar
7f004c8ec000-7f004c8f4000 rw-s 00000000 00:26 2187928                    /tmp/hsperfdata_ike/8910
7f004c8f4000-7f004c8f5000 rw-p 00000000 00:00 0 
7f004c8f5000-7f004c8f6000 ---p 00000000 00:00 0 
7f004c8f6000-7f004c8f7000 rw-p 00000000 00:00 0 
7f004c8f7000-7f004c8f8000 r--p 00023000 fd:00 666350                     /usr/lib64/ld-2.23.so
7f004c8f8000-7f004c8f9000 rw-p 00024000 fd:00 666350                     /usr/lib64/ld-2.23.so
7f004c8f9000-7f004c8fa000 rw-p 00000000 00:00 0 
7ffd4ba2c000-7ffd4ba4d000 rw-p 00000000 00:00 0                          [stack]
7ffd4bac5000-7ffd4bac8000 r--p 00000000 00:00 0                          [vvar]
7ffd4bac8000-7ffd4baca000 r-xp 00000000 00:00 0                          [vdso]
ffffffffff600000-ffffffffff601000 r-xp 00000000 00:00 0                  [vsyscall]

VM Arguments:
jvm_args: -XX:MaxPermSize=256m -XX:+HeapDumpOnOutOfMemoryError -Xmx1024m -Dfile.encoding=UTF-8 -Duser.country=CN -Duser.language=zh -Duser.variant 
java_command: org.gradle.launcher.daemon.bootstrap.GradleDaemon 3.2.1
java_class_path (initial): /home/ike/soft/gradle-3.2.1/lib/gradle-launcher-3.2.1.jar
Launcher Type: SUN_STANDARD

Environment Variables:
JAVA_HOME=/home/ike/soft/jdk1.8.0_101
PATH=/home/ike/soft:/home/ike/soft/gradle-3.2.1/bin:/home/ike/soft/apache-maven-3.3.9/bin:/home/ike/soft/jdk1.8.0_101/bin:/usr/lib64/qt-3.3/bin:/usr/local/bin:/usr/local/sbin:/usr/bin:/usr/sbin:/home/ike/bin
USERNAME=ike
LD_LIBRARY_PATH=/home/ike/soft/idea-IU-172.3757.52/bin:
SHELL=/bin/zsh
DISPLAY=:0

Signal Handlers:
SIGSEGV: [libjvm.so+0xac4790], sa_mask[0]=11111111011111111101111111111110, sa_flags=SA_RESTART|SA_SIGINFO
SIGBUS: [libjvm.so+0xac4790], sa_mask[0]=11111111011111111101111111111110, sa_flags=SA_RESTART|SA_SIGINFO
SIGFPE: [libjvm.so+0x91f140], sa_mask[0]=11111111011111111101111111111110, sa_flags=SA_RESTART|SA_SIGINFO
SIGPIPE: [libjvm.so+0x91f140], sa_mask[0]=11111111011111111101111111111110, sa_flags=SA_RESTART|SA_SIGINFO
SIGXFSZ: [libjvm.so+0x91f140], sa_mask[0]=11111111011111111101111111111110, sa_flags=SA_RESTART|SA_SIGINFO
SIGILL: [libjvm.so+0x91f140], sa_mask[0]=11111111011111111101111111111110, sa_flags=SA_RESTART|SA_SIGINFO
SIGUSR1: SIG_DFL, sa_mask[0]=00000000000000000000000000000000, sa_flags=none
SIGUSR2: [libjvm.so+0x920770], sa_mask[0]=00100000000000000000000000000000, sa_flags=SA_RESTART|SA_SIGINFO
SIGHUP: [libjvm.so+0x921b70], sa_mask[0]=11111111011111111101111111111110, sa_flags=SA_RESTART|SA_SIGINFO
SIGINT: [libjvm.so+0x921b70], sa_mask[0]=11111111011111111101111111111110, sa_flags=SA_RESTART|SA_SIGINFO
SIGTERM: [libjvm.so+0x921b70], sa_mask[0]=11111111011111111101111111111110, sa_flags=SA_RESTART|SA_SIGINFO
SIGQUIT: [libjvm.so+0x921b70], sa_mask[0]=11111111011111111101111111111110, sa_flags=SA_RESTART|SA_SIGINFO


---------------  S Y S T E M  ---------------

OS:Fedora release 24 (Twenty Four)

uname:Linux 4.5.5-300.fc24.x86_64 #1 SMP Thu May 19 13:05:32 UTC 2016 x86_64
libc:glibc 2.23 NPTL 2.23 
rlimit: STACK 8192k, CORE infinity, NPROC 30911, NOFILE 4096, AS infinity
load average:72.34 30.40 12.19

/proc/meminfo:
MemTotal:        8053808 kB
MemFree:          108964 kB
MemAvailable:      12028 kB
Buffers:             424 kB
Cached:           570088 kB
SwapCached:         4224 kB
Active:          6291008 kB
Inactive:        1274364 kB
Active(anon):    6285004 kB
Inactive(anon):  1258948 kB
Active(file):       6004 kB
Inactive(file):    15416 kB
Unevictable:          80 kB
Mlocked:              80 kB
SwapTotal:       8126460 kB
SwapFree:            156 kB
Dirty:                 0 kB
Writeback:           632 kB
AnonPages:       6993076 kB
Mapped:            23516 kB
Shmem:            547516 kB
Slab:             139408 kB
SReclaimable:      57468 kB
SUnreclaim:        81940 kB
KernelStack:       45264 kB
PageTables:       103132 kB
NFS_Unstable:          0 kB
Bounce:                0 kB
WritebackTmp:          0 kB
CommitLimit:    12153364 kB
Committed_AS:   25706672 kB
VmallocTotal:   34359738367 kB
VmallocUsed:           0 kB
VmallocChunk:          0 kB
HardwareCorrupted:     0 kB
AnonHugePages:         0 kB
CmaTotal:              0 kB
CmaFree:               0 kB
HugePages_Total:       0
HugePages_Free:        0
HugePages_Rsvd:        0
HugePages_Surp:        0
Hugepagesize:       2048 kB
DirectMap4k:      292004 kB
DirectMap2M:     7974912 kB
DirectMap1G:           0 kB


CPU:total 4 (4 cores per cpu, 1 threads per core) family 6 model 94 stepping 3, cmov, cx8, fxsr, mmx, sse, sse2, sse3, ssse3, sse4.1, sse4.2, popcnt, avx, avx2, aes, clmul, erms, rtm, 3dnowpref, lzcnt, tsc, tscinvbit, bmi1, bmi2, adx

/proc/cpuinfo:
processor	: 0
vendor_id	: GenuineIntel
cpu family	: 6
model		: 94
model name	: Intel(R) Core(TM) i5-6500 CPU @ 3.20GHz
stepping	: 3
microcode	: 0x84
cpu MHz		: 3300.000
cache size	: 6144 KB
physical id	: 0
siblings	: 4
core id		: 0
cpu cores	: 4
apicid		: 0
initial apicid	: 0
fpu		: yes
fpu_exception	: yes
cpuid level	: 22
wp		: yes
flags		: fpu vme de pse tsc msr pae mce cx8 apic sep mtrr pge mca cmov pat pse36 clflush dts acpi mmx fxsr sse sse2 ss ht tm pbe syscall nx pdpe1gb rdtscp lm constant_tsc arch_perfmon pebs bts rep_good nopl xtopology nonstop_tsc aperfmperf eagerfpu pni pclmulqdq dtes64 monitor ds_cpl vmx smx est tm2 ssse3 sdbg fma cx16 xtpr pdcm pcid sse4_1 sse4_2 x2apic movbe popcnt tsc_deadline_timer aes xsave avx f16c rdrand lahf_lm abm 3dnowprefetch intel_pt tpr_shadow vnmi flexpriority ept vpid fsgsbase tsc_adjust bmi1 hle avx2 smep bmi2 erms invpcid rtm mpx rdseed adx smap clflushopt xsaveopt xsavec xgetbv1 dtherm ida arat pln pts hwp hwp_notify hwp_act_window hwp_epp
bugs		:
bogomips	: 6383.90
clflush size	: 64
cache_alignment	: 64
address sizes	: 39 bits physical, 48 bits virtual
power management:

processor	: 1
vendor_id	: GenuineIntel
cpu family	: 6
model		: 94
model name	: Intel(R) Core(TM) i5-6500 CPU @ 3.20GHz
stepping	: 3
microcode	: 0x84
cpu MHz		: 3300.000
cache size	: 6144 KB
physical id	: 0
siblings	: 4
core id		: 1
cpu cores	: 4
apicid		: 2
initial apicid	: 2
fpu		: yes
fpu_exception	: yes
cpuid level	: 22
wp		: yes
flags		: fpu vme de pse tsc msr pae mce cx8 apic sep mtrr pge mca cmov pat pse36 clflush dts acpi mmx fxsr sse sse2 ss ht tm pbe syscall nx pdpe1gb rdtscp lm constant_tsc arch_perfmon pebs bts rep_good nopl xtopology nonstop_tsc aperfmperf eagerfpu pni pclmulqdq dtes64 monitor ds_cpl vmx smx est tm2 ssse3 sdbg fma cx16 xtpr pdcm pcid sse4_1 sse4_2 x2apic movbe popcnt tsc_deadline_timer aes xsave avx f16c rdrand lahf_lm abm 3dnowprefetch intel_pt tpr_shadow vnmi flexpriority ept vpid fsgsbase tsc_adjust bmi1 hle avx2 smep bmi2 erms invpcid rtm mpx rdseed adx smap clflushopt xsaveopt xsavec xgetbv1 dtherm ida arat pln pts hwp hwp_notify hwp_act_window hwp_epp
bugs		:
bogomips	: 6383.90
clflush size	: 64
cache_alignment	: 64
address sizes	: 39 bits physical, 48 bits virtual
power management:

processor	: 2
vendor_id	: GenuineIntel
cpu family	: 6
model		: 94
model name	: Intel(R) Core(TM) i5-6500 CPU @ 3.20GHz
stepping	: 3
microcode	: 0x84
cpu MHz		: 3300.000
cache size	: 6144 KB
physical id	: 0
siblings	: 4
core id		: 2
cpu cores	: 4
apicid		: 4
initial apicid	: 4
fpu		: yes
fpu_exception	: yes
cpuid level	: 22
wp		: yes
flags		: fpu vme de pse tsc msr pae mce cx8 apic sep mtrr pge mca cmov pat pse36 clflush dts acpi mmx fxsr sse sse2 ss ht tm pbe syscall nx pdpe1gb rdtscp lm constant_tsc arch_perfmon pebs bts rep_good nopl xtopology nonstop_tsc aperfmperf eagerfpu pni pclmulqdq dtes64 monitor ds_cpl vmx smx est tm2 ssse3 sdbg fma cx16 xtpr pdcm pcid sse4_1 sse4_2 x2apic movbe popcnt tsc_deadline_timer aes xsave avx f16c rdrand lahf_lm abm 3dnowprefetch intel_pt tpr_shadow vnmi flexpriority ept vpid fsgsbase tsc_adjust bmi1 hle avx2 smep bmi2 erms invpcid rtm mpx rdseed adx smap clflushopt xsaveopt xsavec xgetbv1 dtherm ida arat pln pts hwp hwp_notify hwp_act_window hwp_epp
bugs		:
bogomips	: 6383.90
clflush size	: 64
cache_alignment	: 64
address sizes	: 39 bits physical, 48 bits virtual
power management:

processor	: 3
vendor_id	: GenuineIntel
cpu family	: 6
model		: 94
model name	: Intel(R) Core(TM) i5-6500 CPU @ 3.20GHz
stepping	: 3
microcode	: 0x84
cpu MHz		: 3299.875
cache size	: 6144 KB
physical id	: 0
siblings	: 4
core id		: 3
cpu cores	: 4
apicid		: 6
initial apicid	: 6
fpu		: yes
fpu_exception	: yes
cpuid level	: 22
wp		: yes
flags		: fpu vme de pse tsc msr pae mce cx8 apic sep mtrr pge mca cmov pat pse36 clflush dts acpi mmx fxsr sse sse2 ss ht tm pbe syscall nx pdpe1gb rdtscp lm constant_tsc arch_perfmon pebs bts rep_good nopl xtopology nonstop_tsc aperfmperf eagerfpu pni pclmulqdq dtes64 monitor ds_cpl vmx smx est tm2 ssse3 sdbg fma cx16 xtpr pdcm pcid sse4_1 sse4_2 x2apic movbe popcnt tsc_deadline_timer aes xsave avx f16c rdrand lahf_lm abm 3dnowprefetch intel_pt tpr_shadow vnmi flexpriority ept vpid fsgsbase tsc_adjust bmi1 hle avx2 smep bmi2 erms invpcid rtm mpx rdseed adx smap clflushopt xsaveopt xsavec xgetbv1 dtherm ida arat pln pts hwp hwp_notify hwp_act_window hwp_epp
bugs		:
bogomips	: 6383.90
clflush size	: 64
cache_alignment	: 64
address sizes	: 39 bits physical, 48 bits virtual
power management:



Memory: 4k page, physical 8053808k(108964k free), swap 8126460k(156k free)

vm_info: Java HotSpot(TM) 64-Bit Server VM (25.101-b13) for linux-amd64 JRE (1.8.0_101-b13), built on Jun 22 2016 02:59:44 by "java_re" with gcc 4.3.0 20080428 (Red Hat 4.3.0-8)

time: Sat Oct 14 09:51:59 2017
elapsed time: 195 seconds (0d 0h 3m 15s)

