#
# There is insufficient memory for the Java Runtime Environment to continue.
# Native memory allocation (mmap) failed to map 131596288 bytes for committing reserved memory.
# Possible reasons:
#   The system is out of physical RAM or swap space
#   In 32 bit mode, the process size limit was hit
# Possible solutions:
#   Reduce memory load on the system
#   Increase physical memory or swap space
#   Check if swap backing store is full
#   Use 64 bit Java on a 64 bit OS
#   Decrease Java heap size (-Xmx/-Xms)
#   Decrease number of Java threads
#   Decrease Java thread stack sizes (-Xss)
#   Set larger code cache with -XX:ReservedCodeCacheSize=
# This output file may be truncated or incomplete.
#
#  Out of Memory Error (os_linux.cpp:2627), pid=1359, tid=0x00007f713c5b3700
#
# JRE version: Java(TM) SE Runtime Environment (8.0_101-b13) (build 1.8.0_101-b13)
# Java VM: Java HotSpot(TM) 64-Bit Server VM (25.101-b13 mixed mode linux-amd64 compressed oops)
# Failed to write core dump. Core dumps have been disabled. To enable core dumping, try "ulimit -c unlimited" before starting Java again
#

---------------  T H R E A D  ---------------

Current thread (0x00007f714c076800):  VMThread [stack: 0x00007f713c4b3000,0x00007f713c5b4000] [id=1367]

Stack: [0x00007f713c4b3000,0x00007f713c5b4000],  sp=0x00007f713c5b2220,  free space=1020k
Native frames: (J=compiled Java code, j=interpreted, Vv=VM code, C=native code)
V  [libjvm.so+0xac3f0a]  VMError::report_and_die()+0x2ba
V  [libjvm.so+0x4fbf9b]  report_vm_out_of_memory(char const*, int, unsigned long, VMErrorType, char const*)+0x8b
V  [libjvm.so+0x9222d3]  os::Linux::commit_memory_impl(char*, unsigned long, bool)+0x103
V  [libjvm.so+0x922829]  os::pd_commit_memory(char*, unsigned long, unsigned long, bool)+0x29
V  [libjvm.so+0x91cb2a]  os::commit_memory(char*, unsigned long, unsigned long, bool)+0x2a
V  [libjvm.so+0x991053]  PSVirtualSpace::expand_by(unsigned long)+0x53
V  [libjvm.so+0x981920]  PSOldGen::expand(unsigned long)+0x170
V  [libjvm.so+0x981b2b]  PSOldGen::resize(unsigned long)+0x1cb
V  [libjvm.so+0x989821]  PSParallelCompact::invoke_no_policy(bool)+0x991
V  [libjvm.so+0x98f17d]  PSScavenge::invoke()+0x1ad
V  [libjvm.so+0x945fc0]  ParallelScavengeHeap::failed_mem_allocate(unsigned long)+0x70
V  [libjvm.so+0xac5927]  VM_ParallelGCFailedAllocation::doit()+0x97
V  [libjvm.so+0xacd405]  VM_Operation::evaluate()+0x55
V  [libjvm.so+0xacb7da]  VMThread::evaluate_operation(VM_Operation*)+0xba
V  [libjvm.so+0xacbb5e]  VMThread::loop()+0x1ce
V  [libjvm.so+0xacbfd0]  VMThread::run()+0x70
V  [libjvm.so+0x924698]  java_start(Thread*)+0x108

VM_Operation (0x00007f71283c1900): ParallelGCFailedAllocation, mode: safepoint, requested by thread 0x00007f70f4009000


---------------  P R O C E S S  ---------------

Java Threads: ( => current thread )
  0x00007f70e0bae800 JavaThread "process reaper" daemon [_thread_blocked, id=1388, stack(0x00007f71147f0000,0x00007f7114829000)]
  0x00007f70e0470000 JavaThread "File lock request listener" [_thread_in_native, id=1386, stack(0x00007f7114d66000,0x00007f7114e67000)]
  0x00007f70e000a000 JavaThread "Stdin handler" [_thread_blocked, id=1385, stack(0x00007f71280c3000,0x00007f71281c4000)]
  0x00007f70e0010800 JavaThread "Asynchronous log dispatcher for org.gradle.launcher.daemon.server.DefaultDaemonConnection@609b56f8" [_thread_blocked, id=1384, stack(0x00007f71281c4000,0x00007f71282c5000)]
  0x00007f70f4009000 JavaThread "Daemon worker" [_thread_blocked, id=1381, stack(0x00007f71282c5000,0x00007f71283c6000)]
  0x00007f70f400c800 JavaThread "Cancel handler" [_thread_blocked, id=1380, stack(0x00007f71283c6000,0x00007f71284c7000)]
  0x00007f70f4003800 JavaThread "Handler for socket connection from /127.0.0.1:36421 to /127.0.0.1:51784" [_thread_in_native, id=1379, stack(0x00007f71284c7000,0x00007f71285c8000)]
  0x00007f70f002a800 JavaThread "Daemon" [_thread_blocked, id=1378, stack(0x00007f71285c8000,0x00007f71286c9000)]
  0x00007f714cba9000 JavaThread "Incoming local TCP Connector on port 36421" [_thread_in_native, id=1377, stack(0x00007f71288d0000,0x00007f71289d1000)]
  0x00007f714cb94800 JavaThread "pool-1-thread-1" [_thread_blocked, id=1376, stack(0x00007f71289d1000,0x00007f7128ad2000)]
  0x00007f714c0bf000 JavaThread "Service Thread" daemon [_thread_blocked, id=1374, stack(0x00007f7129cfd000,0x00007f7129dfe000)]
  0x00007f714c0bc000 JavaThread "C1 CompilerThread2" daemon [_thread_blocked, id=1373, stack(0x00007f7129dfe000,0x00007f7129eff000)]
  0x00007f714c0ba000 JavaThread "C2 CompilerThread1" daemon [_thread_blocked, id=1372, stack(0x00007f7129eff000,0x00007f712a000000)]
  0x00007f714c0b7000 JavaThread "C2 CompilerThread0" daemon [_thread_blocked, id=1371, stack(0x00007f713c0af000,0x00007f713c1b0000)]
  0x00007f714c0b5800 JavaThread "Signal Dispatcher" daemon [_thread_blocked, id=1370, stack(0x00007f713c1b0000,0x00007f713c2b1000)]
  0x00007f714c083000 JavaThread "Finalizer" daemon [_thread_blocked, id=1369, stack(0x00007f713c2b1000,0x00007f713c3b2000)]
  0x00007f714c07e000 JavaThread "Reference Handler" daemon [_thread_blocked, id=1368, stack(0x00007f713c3b2000,0x00007f713c4b3000)]
  0x00007f714c008000 JavaThread "main" [_thread_blocked, id=1362, stack(0x00007f715455f000,0x00007f7154660000)]

Other Threads:
=>0x00007f714c076800 VMThread [stack: 0x00007f713c4b3000,0x00007f713c5b4000] [id=1367]
  0x00007f714c0c1800 WatcherThread [stack: 0x00007f7129bfc000,0x00007f7129cfd000] [id=1375]

VM state:at safepoint (normal execution)

VM Mutex/Monitor currently owned by a thread:  ([mutex/lock_event])
[0x00007f714c005b00] ExpandHeap_lock - owner thread: 0x00007f714c076800
[0x00007f714c006180] Threads_lock - owner thread: 0x00007f714c076800
[0x00007f714c006680] Heap_lock - owner thread: 0x00007f70f4009000

Heap:
 PSYoungGen      total 297984K, used 0K [0x00000000eab00000, 0x0000000100000000, 0x0000000100000000)
  eden space 246784K, 0% used [0x00000000eab00000,0x00000000eab00000,0x00000000f9c00000)
  from space 51200K, 0% used [0x00000000fce00000,0x00000000fce00000,0x0000000100000000)
  to   space 51200K, 0% used [0x00000000f9c00000,0x00000000f9c00000,0x00000000fce00000)
 ParOldGen       total 360960K, used 335623K [0x00000000c0000000, 0x00000000d6080000, 0x00000000eab00000)
  object space 360960K, 92% used [0x00000000c0000000,0x00000000d47c1f38,0x00000000d6080000)
 Metaspace       used 47077K, capacity 55516K, committed 55640K, reserved 1095680K
  class space    used 6652K, capacity 9589K, committed 9600K, reserved 1048576K

Card table byte_map: [0x00007f715172f000,0x00007f7151930000] byte_map_base: 0x00007f715112f000

Marking Bits: (ParMarkBitMap*) 0x00007f7153a2a120
 Begin Bits: [0x00007f712a000000, 0x00007f712b000000)
 End Bits:   [0x00007f712b000000, 0x00007f712c000000)

Polling page: 0x00007f7154677000

CodeCache: size=245760Kb used=35338Kb max_used=37760Kb free=210421Kb
 bounds [0x00007f713d000000, 0x00007f713f540000, 0x00007f714c000000]
 total_blobs=10687 nmethods=10008 adapters=590
 compilation: enabled

Compilation events (10 events):
Event: 41.506 Thread 0x00007f714c0b7000 13283       4       java.util.concurrent.locks.AbstractQueuedSynchronizer::setHead (16 bytes)
Event: 41.514 Thread 0x00007f714c0ba000 nmethod 13282 0x00007f713f03bc10 code [0x00007f713f03bd60, 0x00007f713f03bdd8]
Event: 41.516 Thread 0x00007f714c0b7000 nmethod 13283 0x00007f713f0371d0 code [0x00007f713f037320, 0x00007f713f0373b8]
Event: 41.523 Thread 0x00007f714c0bc000 13284   !   3       java.util.concurrent.locks.AbstractQueuedSynchronizer::acquireQueued (93 bytes)
Event: 41.524 Thread 0x00007f714c0bc000 nmethod 13284 0x00007f713d966810 code [0x00007f713d966a40, 0x00007f713d967538]
Event: 41.542 Thread 0x00007f714c0ba000 13285       4       io.spring.gradle.dependencymanagement.org.apache.maven.model.ReportPlugin::getKey (12 bytes)
Event: 41.548 Thread 0x00007f714c0ba000 nmethod 13285 0x00007f713e6ec290 code [0x00007f713e6ec3e0, 0x00007f713e6ec658]
Event: 41.552 Thread 0x00007f714c0b7000 13286       4       io.spring.gradle.dependencymanagement.org.apache.maven.model.validation.DefaultModelValidator::validateStringNotEmpty (13 bytes)
Event: 41.555 Thread 0x00007f714c0b7000 nmethod 13286 0x00007f713e7c11d0 code [0x00007f713e7c1320, 0x00007f713e7c1428]
Event: 41.857 Thread 0x00007f714c0bc000 13287       1       io.spring.gradle.dependencymanagement.org.apache.maven.model.Model::setCiManagement (6 bytes)

GC Heap History (10 events):
Event: 39.933 GC heap after
Heap after GC invocations=86 (full 4):
 PSYoungGen      total 302592K, used 34816K [0x00000000eab00000, 0x0000000100000000, 0x0000000100000000)
  eden space 265216K, 0% used [0x00000000eab00000,0x00000000eab00000,0x00000000fae00000)
  from space 37376K, 93% used [0x00000000fdb80000,0x00000000ffd80000,0x0000000100000000)
  to   space 41984K, 0% used [0x00000000fae00000,0x00000000fae00000,0x00000000fd700000)
 ParOldGen       total 360960K, used 341262K [0x00000000c0000000, 0x00000000d6080000, 0x00000000eab00000)
  object space 360960K, 94% used [0x00000000c0000000,0x00000000d4d43a08,0x00000000d6080000)
 Metaspace       used 47074K, capacity 55516K, committed 55640K, reserved 1095680K
  class space    used 6651K, capacity 9589K, committed 9600K, reserved 1048576K
}
Event: 40.220 GC heap before
{Heap before GC invocations=87 (full 4):
 PSYoungGen      total 302592K, used 300032K [0x00000000eab00000, 0x0000000100000000, 0x0000000100000000)
  eden space 265216K, 100% used [0x00000000eab00000,0x00000000fae00000,0x00000000fae00000)
  from space 37376K, 93% used [0x00000000fdb80000,0x00000000ffd80000,0x0000000100000000)
  to   space 41984K, 0% used [0x00000000fae00000,0x00000000fae00000,0x00000000fd700000)
 ParOldGen       total 360960K, used 341262K [0x00000000c0000000, 0x00000000d6080000, 0x00000000eab00000)
  object space 360960K, 94% used [0x00000000c0000000,0x00000000d4d43a08,0x00000000d6080000)
 Metaspace       used 47074K, capacity 55516K, committed 55640K, reserved 1095680K
  class space    used 6651K, capacity 9589K, committed 9600K, reserved 1048576K
Event: 40.242 GC heap after
Heap after GC invocations=87 (full 4):
 PSYoungGen      total 302080K, used 36384K [0x00000000eab00000, 0x0000000100000000, 0x0000000100000000)
  eden space 265216K, 0% used [0x00000000eab00000,0x00000000eab00000,0x00000000fae00000)
  from space 36864K, 98% used [0x00000000fae00000,0x00000000fd188000,0x00000000fd200000)
  to   space 46592K, 0% used [0x00000000fd280000,0x00000000fd280000,0x0000000100000000)
 ParOldGen       total 360960K, used 341262K [0x00000000c0000000, 0x00000000d6080000, 0x00000000eab00000)
  object space 360960K, 94% used [0x00000000c0000000,0x00000000d4d43a08,0x00000000d6080000)
 Metaspace       used 47074K, capacity 55516K, committed 55640K, reserved 1095680K
  class space    used 6651K, capacity 9589K, committed 9600K, reserved 1048576K
}
Event: 40.757 GC heap before
{Heap before GC invocations=88 (full 4):
 PSYoungGen      total 302080K, used 301600K [0x00000000eab00000, 0x0000000100000000, 0x0000000100000000)
  eden space 265216K, 100% used [0x00000000eab00000,0x00000000fae00000,0x00000000fae00000)
  from space 36864K, 98% used [0x00000000fae00000,0x00000000fd188000,0x00000000fd200000)
  to   space 46592K, 0% used [0x00000000fd280000,0x00000000fd280000,0x0000000100000000)
 ParOldGen       total 360960K, used 341262K [0x00000000c0000000, 0x00000000d6080000, 0x00000000eab00000)
  object space 360960K, 94% used [0x00000000c0000000,0x00000000d4d43a08,0x00000000d6080000)
 Metaspace       used 47077K, capacity 55516K, committed 55640K, reserved 1095680K
  class space    used 6652K, capacity 9589K, committed 9600K, reserved 1048576K
Event: 40.794 GC heap after
Heap after GC invocations=88 (full 4):
 PSYoungGen      total 295424K, used 37536K [0x00000000eab00000, 0x0000000100000000, 0x0000000100000000)
  eden space 248832K, 0% used [0x00000000eab00000,0x00000000eab00000,0x00000000f9e00000)
  from space 46592K, 80% used [0x00000000fd280000,0x00000000ff728000,0x0000000100000000)
  to   space 50176K, 0% used [0x00000000f9e00000,0x00000000f9e00000,0x00000000fcf00000)
 ParOldGen       total 360960K, used 344162K [0x00000000c0000000, 0x00000000d6080000, 0x00000000eab00000)
  object space 360960K, 95% used [0x00000000c0000000,0x00000000d5018a58,0x00000000d6080000)
 Metaspace       used 47077K, capacity 55516K, committed 55640K, reserved 1095680K
  class space    used 6652K, capacity 9589K, committed 9600K, reserved 1048576K
}
Event: 41.101 GC heap before
{Heap before GC invocations=89 (full 4):
 PSYoungGen      total 295424K, used 286368K [0x00000000eab00000, 0x0000000100000000, 0x0000000100000000)
  eden space 248832K, 100% used [0x00000000eab00000,0x00000000f9e00000,0x00000000f9e00000)
  from space 46592K, 80% used [0x00000000fd280000,0x00000000ff728000,0x0000000100000000)
  to   space 50176K, 0% used [0x00000000f9e00000,0x00000000f9e00000,0x00000000fcf00000)
 ParOldGen       total 360960K, used 344162K [0x00000000c0000000, 0x00000000d6080000, 0x00000000eab00000)
  object space 360960K, 95% used [0x00000000c0000000,0x00000000d5018a58,0x00000000d6080000)
 Metaspace       used 47077K, capacity 55516K, committed 55640K, reserved 1095680K
  class space    used 6652K, capacity 9589K, committed 9600K, reserved 1048576K
Event: 41.130 GC heap after
Heap after GC invocations=89 (full 4):
 PSYoungGen      total 281088K, used 32192K [0x00000000eab00000, 0x0000000100000000, 0x0000000100000000)
  eden space 248832K, 0% used [0x00000000eab00000,0x00000000eab00000,0x00000000f9e00000)
  from space 32256K, 99% used [0x00000000f9e00000,0x00000000fbd70000,0x00000000fbd80000)
  to   space 51200K, 0% used [0x00000000fce00000,0x00000000fce00000,0x0000000100000000)
 ParOldGen       total 360960K, used 350466K [0x00000000c0000000, 0x00000000d6080000, 0x00000000eab00000)
  object space 360960K, 97% used [0x00000000c0000000,0x00000000d5640ad8,0x00000000d6080000)
 Metaspace       used 47077K, capacity 55516K, committed 55640K, reserved 1095680K
  class space    used 6652K, capacity 9589K, committed 9600K, reserved 1048576K
}
Event: 41.889 GC heap before
{Heap before GC invocations=90 (full 4):
 PSYoungGen      total 281088K, used 281024K [0x00000000eab00000, 0x0000000100000000, 0x0000000100000000)
  eden space 248832K, 100% used [0x00000000eab00000,0x00000000f9e00000,0x00000000f9e00000)
  from space 32256K, 99% used [0x00000000f9e00000,0x00000000fbd70000,0x00000000fbd80000)
  to   space 51200K, 0% used [0x00000000fce00000,0x00000000fce00000,0x0000000100000000)
 ParOldGen       total 360960K, used 350466K [0x00000000c0000000, 0x00000000d6080000, 0x00000000eab00000)
  object space 360960K, 97% used [0x00000000c0000000,0x00000000d5640ad8,0x00000000d6080000)
 Metaspace       used 47077K, capacity 55516K, committed 55640K, reserved 1095680K
  class space    used 6652K, capacity 9589K, committed 9600K, reserved 1048576K
Event: 41.948 GC heap after
Heap after GC invocations=90 (full 4):
 PSYoungGen      total 297984K, used 30096K [0x00000000eab00000, 0x0000000100000000, 0x0000000100000000)
  eden space 246784K, 0% used [0x00000000eab00000,0x00000000eab00000,0x00000000f9c00000)
  from space 51200K, 58% used [0x00000000fce00000,0x00000000feb64010,0x0000000100000000)
  to   space 51200K, 0% used [0x00000000f9c00000,0x00000000f9c00000,0x00000000fce00000)
 ParOldGen       total 360960K, used 357210K [0x00000000c0000000, 0x00000000d6080000, 0x00000000eab00000)
  object space 360960K, 98% used [0x00000000c0000000,0x00000000d5cd6b38,0x00000000d6080000)
 Metaspace       used 47077K, capacity 55516K, committed 55640K, reserved 1095680K
  class space    used 6652K, capacity 9589K, committed 9600K, reserved 1048576K
}
Event: 41.948 GC heap before
{Heap before GC invocations=91 (full 5):
 PSYoungGen      total 297984K, used 30096K [0x00000000eab00000, 0x0000000100000000, 0x0000000100000000)
  eden space 246784K, 0% used [0x00000000eab00000,0x00000000eab00000,0x00000000f9c00000)
  from space 51200K, 58% used [0x00000000fce00000,0x00000000feb64010,0x0000000100000000)
  to   space 51200K, 0% used [0x00000000f9c00000,0x00000000f9c00000,0x00000000fce00000)
 ParOldGen       total 360960K, used 357210K [0x00000000c0000000, 0x00000000d6080000, 0x00000000eab00000)
  object space 360960K, 98% used [0x00000000c0000000,0x00000000d5cd6b38,0x00000000d6080000)
 Metaspace       used 47077K, capacity 55516K, committed 55640K, reserved 1095680K
  class space    used 6652K, capacity 9589K, committed 9600K, reserved 1048576K

Deoptimization events (10 events):
Event: 23.422 Thread 0x00007f70f4009000 Uncommon trap: reason=class_check action=maybe_recompile pc=0x00007f713e5a61f8 method=java.io.FilterInputStream.close()V @ 4
Event: 23.476 Thread 0x00007f70f4009000 Uncommon trap: reason=class_check action=maybe_recompile pc=0x00007f713ed9fd1c method=java.io.FilterInputStream.close()V @ 4
Event: 26.430 Thread 0x00007f70f4009000 Uncommon trap: reason=unstable_if action=reinterpret pc=0x00007f713ee4997c method=com.google.common.collect.LinkedHashMultimap$1.hasNext()Z @ 11
Event: 28.599 Thread 0x00007f70f4009000 Uncommon trap: reason=null_check action=make_not_entrant pc=0x00007f713f2b7bf0 method=io.spring.gradle.dependencymanagement.org.apache.maven.model.profile.activation.PropertyProfileActivator.isActive(Lio/spring/gradle/dependencymanagement/org/apache/maven
Event: 29.035 Thread 0x00007f70f4009000 Uncommon trap: reason=bimorphic action=maybe_recompile pc=0x00007f713f2f02f4 method=java.io.FilterInputStream.close()V @ 4
Event: 29.065 Thread 0x00007f70f4009000 Uncommon trap: reason=bimorphic action=maybe_recompile pc=0x00007f713f2f02f4 method=java.io.FilterInputStream.close()V @ 4
Event: 29.075 Thread 0x00007f70f4009000 Uncommon trap: reason=bimorphic action=maybe_recompile pc=0x00007f713f2f02f4 method=java.io.FilterInputStream.close()V @ 4
Event: 29.075 Thread 0x00007f70f4009000 Uncommon trap: reason=bimorphic action=maybe_recompile pc=0x00007f713f2f02f4 method=java.io.FilterInputStream.close()V @ 4
Event: 34.907 Thread 0x00007f70f4009000 Uncommon trap: reason=range_check action=make_not_entrant pc=0x00007f713e5a5ec8 method=org.gradle.api.internal.artifacts.dsl.ParsedModuleStringNotation.assignValuesFromModuleNotation(Ljava/lang/String;)V @ 68
Event: 40.962 Thread 0x00007f70e0010800 Uncommon trap: reason=unstable_if action=reinterpret pc=0x00007f713f3f2d78 method=java.util.concurrent.locks.ReentrantLock$Sync.nonfairTryAcquire(I)Z @ 19

Internal exceptions (10 events):
Event: 14.163 Thread 0x00007f70f4009000 Implicit null exception at 0x00007f713ea2674a to 0x00007f713ea269c1
Event: 14.350 Thread 0x00007f70f4009000 Implicit null exception at 0x00007f713eb12770 to 0x00007f713eb14b99
Event: 15.403 Thread 0x00007f70f4009000 Implicit null exception at 0x00007f713ec9dbdc to 0x00007f713eca36ad
Event: 17.471 Thread 0x00007f70f4009000 Implicit null exception at 0x00007f713ef8c84b to 0x00007f713ef8cfad
Event: 20.341 Thread 0x00007f70f4009000 Implicit null exception at 0x00007f713e659c84 to 0x00007f713e65c9b9
Event: 20.536 Thread 0x00007f70f4009000 Implicit null exception at 0x00007f713e8af656 to 0x00007f713e8b2305
Event: 21.023 Thread 0x00007f70f4009000 Implicit null exception at 0x00007f713e9ef83d to 0x00007f713e9f2455
Event: 21.069 Thread 0x00007f70f4009000 Implicit null exception at 0x00007f713e577272 to 0x00007f713e57ad3d
Event: 21.917 Thread 0x00007f70f4009000 Implicit null exception at 0x00007f713f1b292b to 0x00007f713f1b8541
Event: 22.851 Thread 0x00007f70f4009000 Implicit null exception at 0x00007f713f1d6f5d to 0x00007f713f1dce21

Events (10 events):
Event: 40.301 loading class org/gradle/api/internal/artifacts/ivyservice/ivyresolve/CachingModuleComponentRepository$1
Event: 40.301 loading class org/gradle/api/internal/artifacts/ivyservice/ivyresolve/CachingModuleComponentRepository$1 done
Event: 40.754 Executing VM operation: ParallelGCFailedAllocation
Event: 40.795 Executing VM operation: ParallelGCFailedAllocation done
Event: 40.962 Thread 0x00007f70e0010800 Uncommon trap: trap_request=0xffffff65 fr.pc=0x00007f713f3f2d78
Event: 40.962 Thread 0x00007f70e0010800 DEOPT PACKING pc=0x00007f713f3f2d78 sp=0x00007f71282c3580
Event: 40.963 Thread 0x00007f70e0010800 DEOPT UNPACKING pc=0x00007f713d005229 sp=0x00007f71282c3450 mode 2
Event: 41.101 Executing VM operation: ParallelGCFailedAllocation
Event: 41.130 Executing VM operation: ParallelGCFailedAllocation done
Event: 41.885 Executing VM operation: ParallelGCFailedAllocation


Dynamic libraries:
00400000-00401000 r-xp 00000000 fd:02 2100689                            /home/ike/soft/jdk1.8/bin/java
00600000-00601000 rw-p 00000000 fd:02 2100689                            /home/ike/soft/jdk1.8/bin/java
01821000-01842000 rw-p 00000000 00:00 0                                  [heap]
c0000000-d6080000 rw-p 00000000 00:00 0 
dde00000-eab00000 ---p 00000000 00:00 0 
eab00000-100000000 rw-p 00000000 00:00 0 
100000000-100960000 rw-p 00000000 00:00 0 
100960000-140000000 ---p 00000000 00:00 0 
7f70d0000000-7f70d0021000 rw-p 00000000 00:00 0 
7f70d0021000-7f70d4000000 ---p 00000000 00:00 0 
7f70d6c00000-7f70d6d00000 rw-p 00000000 00:00 0 
7f70d6d00000-7f70d6e00000 ---p 00000000 00:00 0 
7f70d6e00000-7f70d7000000 rw-p 00000000 00:00 0 
7f70d7000000-7f70d7200000 rw-p 00000000 00:00 0 
7f70d7200000-7f70d7400000 rw-p 00000000 00:00 0 
7f70d7400000-7f70d7600000 rw-p 00000000 00:00 0 
7f70d7600000-7f70d7800000 rw-p 00000000 00:00 0 
7f70d7800000-7f70d7a00000 rw-p 00000000 00:00 0 
7f70d7a00000-7f70d7c00000 rw-p 00000000 00:00 0 
7f70d7c00000-7f70d7df6000 rw-p 00000000 00:00 0 
7f70d7df6000-7f70d7e00000 ---p 00000000 00:00 0 
7f70d7e00000-7f70d8000000 rw-p 00000000 00:00 0 
7f70d8000000-7f70d8021000 rw-p 00000000 00:00 0 
7f70d8021000-7f70dc000000 ---p 00000000 00:00 0 
7f70dc000000-7f70dc021000 rw-p 00000000 00:00 0 
7f70dc021000-7f70e0000000 ---p 00000000 00:00 0 
7f70e0000000-7f70e117f000 rw-p 00000000 00:00 0 
7f70e117f000-7f70e4000000 ---p 00000000 00:00 0 
7f70e4000000-7f70e4021000 rw-p 00000000 00:00 0 
7f70e4021000-7f70e8000000 ---p 00000000 00:00 0 
7f70e8000000-7f70e8021000 rw-p 00000000 00:00 0 
7f70e8021000-7f70ec000000 ---p 00000000 00:00 0 
7f70ec000000-7f70ec021000 rw-p 00000000 00:00 0 
7f70ec021000-7f70f0000000 ---p 00000000 00:00 0 
7f70f0000000-7f70f0065000 rw-p 00000000 00:00 0 
7f70f0065000-7f70f4000000 ---p 00000000 00:00 0 
7f70f4000000-7f70f4021000 rw-p 00000000 00:00 0 
7f70f4021000-7f70f8000000 ---p 00000000 00:00 0 
7f70f8000000-7f70f8021000 rw-p 00000000 00:00 0 
7f70f8021000-7f70fc000000 ---p 00000000 00:00 0 
7f70fc000000-7f70fc021000 rw-p 00000000 00:00 0 
7f70fc021000-7f7100000000 ---p 00000000 00:00 0 
7f7100000000-7f7100e96000 rw-p 00000000 00:00 0 
7f7100e96000-7f7104000000 ---p 00000000 00:00 0 
7f7104000000-7f7104021000 rw-p 00000000 00:00 0 
7f7104021000-7f7108000000 ---p 00000000 00:00 0 
7f7108000000-7f7109c60000 rw-p 00000000 00:00 0 
7f7109c60000-7f710c000000 ---p 00000000 00:00 0 
7f710c000000-7f710e7a1000 rw-p 00000000 00:00 0 
7f710e7a1000-7f7110000000 ---p 00000000 00:00 0 
7f7110000000-7f7110021000 rw-p 00000000 00:00 0 
7f7110021000-7f7114000000 ---p 00000000 00:00 0 
7f71141c2000-7f71141c9000 r--s 00063000 fd:02 5771569                    /home/ike/.gradle/caches/modules-2/files-2.1/org.springframework/springloaded/1.2.7.RELEASE/36be57f1a306cec1185b0276960fbe95dee08bf/springloaded-1.2.7.RELEASE.jar
7f71141c9000-7f71141cb000 r--s 0000e000 fd:02 3540268                    /home/ike/.gradle/caches/modules-2/files-2.1/commons-logging/commons-logging/1.2/4bfc12adfe4842bf07b657f0369c4cb522955686/commons-logging-1.2.jar
7f71141cb000-7f71141e2000 r--s 000fb000 fd:02 6424510                    /home/ike/.gradle/caches/modules-2/files-2.1/org.springframework/spring-core/4.3.7.RELEASE/54fa2db94cc7222edc90ec71354e47cd1dc07f7b/spring-core-4.3.7.RELEASE.jar
7f71141e2000-7f71141f0000 r--s 0009d000 fd:02 5769847                    /home/ike/.gradle/caches/modules-2/files-2.1/io.spring.gradle/dependency-management-plugin/1.0.0.RELEASE/d329501e7bf024f9557bdd66be4f8c4caf65769f/dependency-management-plugin-1.0.0.RELEASE.jar
7f71141f0000-7f71143f0000 rw-p 00000000 00:00 0 
7f71143f0000-7f71145f0000 rw-p 00000000 00:00 0 
7f71145f0000-7f71147f0000 rw-p 00000000 00:00 0 
7f71147f0000-7f71147f3000 ---p 00000000 00:00 0 
7f71147f3000-7f7114829000 rw-p 00000000 00:00 0 
7f7114829000-7f711482a000 r--p 00000000 00:00 0 
7f711482a000-7f711482d000 r--s 00022000 fd:02 5769845                    /home/ike/.gradle/caches/modules-2/files-2.1/org.springframework.boot/spring-boot-loader-tools/1.5.2.RELEASE/15c14c8a45c5876cb6389376eb6202c99e9e5d73/spring-boot-loader-tools-1.5.2.RELEASE.jar
7f711482d000-7f711482f000 r--s 0000b000 fd:02 5769843                    /home/ike/.gradle/caches/modules-2/files-2.1/org.springframework.boot/spring-boot-gradle-plugin/1.5.2.RELEASE/b3f123b179b0170c62c8a9ce33b47f9f28df4ca/spring-boot-gradle-plugin-1.5.2.RELEASE.jar
7f711482f000-7f7114830000 r--s 00003000 fd:02 2103015                    /home/ike/soft/idea-IU-171.4424.56/plugins/Grails/lib/grails-rt.jar
7f7114830000-7f7114831000 r--s 00002000 fd:02 2102680                    /home/ike/soft/idea-IU-171.4424.56/lib/external-system-rt.jar
7f7114831000-7f711483f000 r--s 000c9000 fd:02 2103546                    /home/ike/soft/idea-IU-171.4424.56/plugins/Kotlin/lib/kotlin-runtime.jar
7f711483f000-7f7114841000 r--s 0000d000 fd:02 6689100                    /home/ike/soft/idea-IU-171.4424.56/plugins/gradle/lib/gradle-tooling-extension-api.jar
7f7114841000-7f7114869000 r--s 001cf000 fd:02 6689105                    /home/ike/soft/idea-IU-171.4424.56/plugins/gradle/lib/guava-jdk5-17.0.jar
7f7114869000-7f71148d9000 r--s 00643000 fd:02 2102683                    /home/ike/soft/idea-IU-171.4424.56/lib/groovy-all-2.4.6.jar
7f71148d9000-7f71148df000 r--s 00090000 fd:02 6689101                    /home/ike/soft/idea-IU-171.4424.56/plugins/gradle/lib/gradle-tooling-extension-impl.jar
7f71148df000-7f71148e4000 r--s 00034000 fd:02 2102684                    /home/ike/soft/idea-IU-171.4424.56/lib/gson-2.5.jar
7f71148e4000-7f71148e6000 r--s 00002000 fd:02 2103543                    /home/ike/soft/idea-IU-171.4424.56/plugins/Kotlin/lib/kotlin-gradle-tooling.jar
7f71148e6000-7f71148e7000 r--s 00005000 fd:02 2103013                    /home/ike/soft/idea-IU-171.4424.56/plugins/Grails/lib/grails-gradle-tooling.jar
7f71148e7000-7f7114ae7000 rw-p 00000000 00:00 0 
7f7114ae7000-7f7114ce7000 rw-p 00000000 00:00 0 
7f7114ce7000-7f7114ce8000 r--s 00005000 fd:02 3543039                    /home/ike/.gradle/caches/jars-1/5gr6rpjx8jn2bijhjn68vh7634rzbdg/grails-gradle-tooling.jar
7f7114ce8000-7f7114cea000 r--s 00002000 fd:02 3542987                    /home/ike/.gradle/caches/jars-1/ffu2lqju7b7c8daw7n4zgy065te8m4n/kotlin-gradle-tooling.jar
7f7114cea000-7f7114d27000 r--s 00556000 fd:02 3543035                    /home/ike/.gradle/caches/jars-1/cprxta6zmf1m79en2igefq0l0vfvwuq/sdk-tools.jar
7f7114d27000-7f7114d29000 r--s 0000d000 fd:02 3543028                    /home/ike/.gradle/caches/jars-1/ntllrquhp3b645zpmqsun8ror9zgr9c/gradle-tooling-extension-api.jar
7f7114d29000-7f7114d66000 r--s 001f8000 fd:02 3803140                    /home/ike/.gradle/caches/jars-1/fk7kufrqawdocti8873ck2wj8akemqu/gradle-core-3.3.jar
7f7114d66000-7f7114d69000 ---p 00000000 00:00 0 
7f7114d69000-7f7115067000 rw-p 00000000 00:00 0 
7f7115067000-7f7115267000 rw-p 00000000 00:00 0 
7f7115267000-7f7115467000 rw-p 00000000 00:00 0 
7f7115467000-7f711c000000 r--p 00000000 fd:00 2885042                    /usr/lib/locale/locale-archive
7f711c000000-7f711c021000 rw-p 00000000 00:00 0 
7f711c021000-7f7120000000 ---p 00000000 00:00 0 
7f7120000000-7f7120021000 rw-p 00000000 00:00 0 
7f7120021000-7f7124000000 ---p 00000000 00:00 0 
7f7124000000-7f7124290000 rw-p 00000000 00:00 0 
7f7124290000-7f7128000000 ---p 00000000 00:00 0 
7f7128000000-7f7128001000 r--s 00002000 fd:02 3543033                    /home/ike/.gradle/caches/jars-1/7eeemz0ebzyjliv6vswpt7ch1cxfnwo/external-system-rt.jar
7f7128001000-7f7128007000 r--s 00027000 fd:02 3803142                    /home/ike/.gradle/caches/jars-1/oppocsxxrxxpvf1x62yjsonez1shwfh/gradle-messaging-3.3.jar
7f7128007000-7f712800c000 r--s 00041000 fd:02 3540518                    /home/ike/.gradle/caches/jars-1/1i691ugm77z719iaqgz3wdl3b7s7ttu/commons-lang-2.6.jar
7f712800c000-7f7128015000 r--s 00042000 fd:02 3803138                    /home/ike/.gradle/caches/jars-1/4yzaf100mgxlhzngci3n1vagnprd4js/gradle-base-services-3.3.jar
7f7128015000-7f712803d000 r--s 001cf000 fd:02 3540512                    /home/ike/.gradle/caches/jars-1/87eo0lrvp84r6dbxjq018wy66es2era/guava-jdk5-17.0.jar
7f712803d000-7f712804a000 r--s 00041000 fd:02 3803136                    /home/ike/.gradle/caches/jars-1/tsai2fjftisq4ieuw7q9tfzqjairu8i/gradle-tooling-api-3.3.jar
7f712804a000-7f71280c3000 r--s 010e5000 fd:02 2098936                    /home/ike/soft/jdk1.8/lib/tools.jar
7f71280c3000-7f71280c6000 ---p 00000000 00:00 0 
7f71280c6000-7f71281c4000 rw-p 00000000 00:00 0 
7f71281c4000-7f71281c7000 ---p 00000000 00:00 0 
7f71281c7000-7f71282c5000 rw-p 00000000 00:00 0 
7f71282c5000-7f71282c8000 ---p 00000000 00:00 0 
7f71282c8000-7f71283c6000 rw-p 00000000 00:00 0 
7f71283c6000-7f71283c9000 ---p 00000000 00:00 0 
7f71283c9000-7f71284c7000 rw-p 00000000 00:00 0 
7f71284c7000-7f71284ca000 ---p 00000000 00:00 0 
7f71284ca000-7f71285c8000 rw-p 00000000 00:00 0 
7f71285c8000-7f71285cb000 ---p 00000000 00:00 0 
7f71285cb000-7f71286c9000 rw-p 00000000 00:00 0 
7f71286c9000-7f71286d0000 r--s 00000000 fd:00 2834                       /usr/lib64/gconv/gconv-modules.cache
7f71286d0000-7f71288d0000 rw-p 00000000 00:00 0 
7f71288d0000-7f71288d3000 ---p 00000000 00:00 0 
7f71288d3000-7f71289d1000 rw-p 00000000 00:00 0 
7f71289d1000-7f71289d4000 ---p 00000000 00:00 0 
7f71289d4000-7f7128ad2000 rw-p 00000000 00:00 0 
7f7128ad2000-7f7128adb000 r-xp 00000000 fd:02 2100283                    /home/ike/soft/jdk1.8/jre/lib/amd64/libmanagement.so
7f7128adb000-7f7128cda000 ---p 00009000 fd:02 2100283                    /home/ike/soft/jdk1.8/jre/lib/amd64/libmanagement.so
7f7128cda000-7f7128cdb000 rw-p 00008000 fd:02 2100283                    /home/ike/soft/jdk1.8/jre/lib/amd64/libmanagement.so
7f7128cdb000-7f7128cdf000 r--s 00097000 fd:02 2100406                    /home/ike/soft/jdk1.8/jre/lib/jsse.jar
7f7128cdf000-7f7128ce1000 r--s 00007000 fd:02 2230355                    /home/ike/soft/gradle/lib/plugins/gradle-tooling-api-builders-2.14.1.jar
7f7128ce1000-7f7128ce4000 r--s 00008000 fd:02 2230348                    /home/ike/soft/gradle/lib/plugins/gradle-testing-native-2.14.1.jar
7f7128ce4000-7f7128ce6000 r--s 00009000 fd:02 2230427                    /home/ike/soft/gradle/lib/plugins/hamcrest-core-1.3.jar
7f7128ce6000-7f7128cec000 r--s 00033000 fd:02 2230421                    /home/ike/soft/gradle/lib/plugins/snakeyaml-1.6.jar
7f7128cec000-7f7128cee000 r--s 00006000 fd:02 2230420                    /home/ike/soft/gradle/lib/plugins/jcommander-1.12.jar
7f7128cee000-7f7128cf3000 r--s 00040000 fd:02 2230419                    /home/ike/soft/gradle/lib/plugins/bsh-2.0b4.jar
7f7128cf3000-7f7128cfc000 r--s 00089000 fd:02 2230378                    /home/ike/soft/gradle/lib/plugins/testng-6.3.1.jar
7f7128cfc000-7f7128d04000 r--s 00045000 fd:02 2230377                    /home/ike/soft/gradle/lib/plugins/junit-4.12.jar
7f7128d04000-7f7128d0a000 r--s 0002e000 fd:02 2230349                    /home/ike/soft/gradle/lib/plugins/gradle-testing-jvm-2.14.1.jar
7f7128d0a000-7f7128d0f000 r--s 00015000 fd:02 2230347                    /home/ike/soft/gradle/lib/plugins/gradle-testing-base-2.14.1.jar
7f7128d0f000-7f7128d10000 r--s 00002000 fd:02 2230371                    /home/ike/soft/gradle/lib/plugins/sonar-batch-bootstrapper-2.9.jar
7f7128d10000-7f7128d13000 r--s 00015000 fd:02 2230325                    /home/ike/soft/gradle/lib/plugins/gradle-sonar-2.14.1.jar
7f7128d13000-7f7128d1a000 r--s 00038000 fd:02 2230372                    /home/ike/soft/gradle/lib/plugins/bcpg-jdk15on-1.51.jar
7f7128d1a000-7f7128d1c000 r--s 0000d000 fd:02 2230326                    /home/ike/soft/gradle/lib/plugins/gradle-signing-2.14.1.jar
7f7128d1c000-7f7128d1f000 r--s 00009000 fd:02 2230324                    /home/ike/soft/gradle/lib/plugins/gradle-scala-2.14.1.jar
7f7128d1f000-7f7128d20000 r--s 00004000 fd:02 2230353                    /home/ike/soft/gradle/lib/plugins/gradle-resources-sftp-2.14.1.jar
7f7128d20000-7f7128d30000 r--s 00088000 fd:02 2230388                    /home/ike/soft/gradle/lib/plugins/joda-time-2.8.2.jar
7f7128d30000-7f7128d41000 r--s 000cf000 fd:02 2230387                    /home/ike/soft/gradle/lib/plugins/jackson-databind-2.3.2.jar
7f7128d41000-7f7128d43000 r--s 00007000 fd:02 2230386                    /home/ike/soft/gradle/lib/plugins/jackson-annotations-2.3.2.jar
7f7128d43000-7f7128d46000 r--s 0002e000 fd:02 2230385                    /home/ike/soft/gradle/lib/plugins/jackson-core-2.3.2.jar
7f7128d46000-7f7128d51000 r--s 0006b000 fd:02 2230384                    /home/ike/soft/gradle/lib/plugins/aws-java-sdk-core-1.9.19.jar
7f7128d51000-7f7128d57000 r--s 00036000 fd:02 2230383                    /home/ike/soft/gradle/lib/plugins/aws-java-sdk-kms-1.9.19.jar
7f7128d57000-7f7128d62000 r--s 00079000 fd:02 2230382                    /home/ike/soft/gradle/lib/plugins/aws-java-sdk-s3-1.9.19.jar
7f7128d62000-7f7128d63000 r--s 00003000 fd:02 2230354                    /home/ike/soft/gradle/lib/plugins/gradle-resources-s3-2.14.1.jar
7f7128d63000-7f7128d65000 r--s 00005000 fd:02 2230376                    /home/ike/soft/gradle/lib/plugins/jatl-0.2.2.jar
7f7128d65000-7f7128d67000 r--s 0000f000 fd:02 2230331                    /home/ike/soft/gradle/lib/plugins/gradle-reporting-2.14.1.jar
7f7128d67000-7f7128d69000 r--s 00002000 fd:02 2230332                    /home/ike/soft/gradle/lib/plugins/gradle-publish-2.14.1.jar
7f7128d69000-7f7128d6b000 r--s 00009000 fd:02 2230358                    /home/ike/soft/gradle/lib/plugins/commons-cli-1.2.jar
7f7128d6b000-7f7128d71000 r--s 00033000 fd:02 2230316                    /home/ike/soft/gradle/lib/plugins/gradle-plugins-2.14.1.jar
7f7128d71000-7f7128d73000 r--s 00007000 fd:02 2230350                    /home/ike/soft/gradle/lib/plugins/gradle-plugin-development-2.14.1.jar
7f7128d73000-7f7128d79000 r--s 0002a000 fd:02 2230343                    /home/ike/soft/gradle/lib/plugins/gradle-platform-play-2.14.1.jar
7f7128d79000-7f7128d86000 r--s 0004d000 fd:02 2230342                    /home/ike/soft/gradle/lib/plugins/gradle-platform-native-2.14.1.jar
7f7128d86000-7f7128d8a000 r--s 0001a000 fd:02 2230337                    /home/ike/soft/gradle/lib/plugins/gradle-platform-jvm-2.14.1.jar
7f7128d8a000-7f7128d91000 r--s 00029000 fd:02 2230336                    /home/ike/soft/gradle/lib/plugins/gradle-platform-base-2.14.1.jar
7f7128d91000-7f7128db2000 r--s 001c3000 fd:02 2230366                    /home/ike/soft/gradle/lib/plugins/bndlib-2.4.0.jar
7f7128db2000-7f7128db4000 r--s 00003000 fd:02 2230320                    /home/ike/soft/gradle/lib/plugins/gradle-osgi-2.14.1.jar
7f7128db4000-7f7128db7000 r--s 0000c000 fd:02 2230369                    /home/ike/soft/gradle/lib/plugins/pmaven-groovy-0.8-20100325.jar
7f7128db7000-7f7128db8000 r--s 00004000 fd:02 2230368                    /home/ike/soft/gradle/lib/plugins/pmaven-common-0.8-20100325.jar
7f7128db8000-7f7128dbe000 r--s 00022000 fd:02 2230321                    /home/ike/soft/gradle/lib/plugins/gradle-maven-2.14.1.jar
7f7128dbe000-7f7128dc0000 r--s 0000a000 fd:02 2230341                    /home/ike/soft/gradle/lib/plugins/gradle-language-scala-2.14.1.jar
7f7128dc0000-7f7128dc6000 r--s 0001a000 fd:02 2230345                    /home/ike/soft/gradle/lib/plugins/gradle-language-native-2.14.1.jar
7f7128dc6000-7f7128dc8000 r--s 00008000 fd:02 2230338                    /home/ike/soft/gradle/lib/plugins/gradle-language-jvm-2.14.1.jar
7f7128dc8000-7f7128dce000 r--s 00024000 fd:02 2230339                    /home/ike/soft/gradle/lib/plugins/gradle-language-java-2.14.1.jar
7f7128dce000-7f7128dd0000 r--s 0000a000 fd:02 2230340                    /home/ike/soft/gradle/lib/plugins/gradle-language-groovy-2.14.1.jar
7f7128dd0000-7f7128dd3000 r--s 0001e000 fd:02 2230394                    /home/ike/soft/gradle/lib/plugins/jsp-api-2.1-6.1.14.jar
7f7128dd3000-7f7128df6000 r--s 00344000 fd:02 2230393                    /home/ike/soft/gradle/lib/plugins/core-3.1.1.jar
7f7128df6000-7f7128df7000 r--s 00006000 fd:02 2230392                    /home/ike/soft/gradle/lib/plugins/jetty-naming-6.1.25.jar
7f7128df7000-7f7128df8000 r--s 00002000 fd:02 2230365                    /home/ike/soft/gradle/lib/plugins/geronimo-annotation_1.0_spec-1.0.jar
7f7128df8000-7f7128dfa000 r--s 00002000 fd:02 2230364                    /home/ike/soft/gradle/lib/plugins/jetty-annotations-6.1.25.jar
7f7128dfa000-7f7128e0b000 r--s 000ea000 fd:02 2230363                    /home/ike/soft/gradle/lib/plugins/jsp-2.1-6.1.14.jar
7f7128e0b000-7f7128e0d000 r--s 0000d000 fd:02 2230362                    /home/ike/soft/gradle/lib/plugins/jetty-plus-6.1.25.jar
7f7128e0d000-7f7128e0f000 r--s 0001f000 fd:02 2230361                    /home/ike/soft/gradle/lib/plugins/servlet-api-2.5-20081211.jar
7f7128e0f000-7f7128e13000 r--s 00028000 fd:02 2230360                    /home/ike/soft/gradle/lib/plugins/jetty-util-6.1.25.jar
7f7128e13000-7f7128e1a000 r--s 0007d000 fd:02 2230359                    /home/ike/soft/gradle/lib/plugins/jetty-6.1.25.jar
7f7128e1a000-7f7128e1c000 r--s 00009000 fd:02 2230318                    /home/ike/soft/gradle/lib/plugins/gradle-jetty-2.14.1.jar
7f7128e1c000-7f7128e23000 r--s 00035000 fd:02 2230375                    /home/ike/soft/gradle/lib/plugins/simple-4.1.21.jar
7f7128e23000-7f7128e2f000 r--s 00100000 fd:02 2230373                    /home/ike/soft/gradle/lib/plugins/rhino-1.7R3.jar
7f7128e2f000-7f7128e33000 r--s 00011000 fd:02 2230328                    /home/ike/soft/gradle/lib/plugins/gradle-javascript-2.14.1.jar
7f7128e33000-7f7128e35000 r--s 0000c000 fd:02 2230334                    /home/ike/soft/gradle/lib/plugins/gradle-jacoco-2.14.1.jar
7f7128e35000-7f7128e38000 r--s 0000e000 fd:02 2230333                    /home/ike/soft/gradle/lib/plugins/gradle-ivy-2.14.1.jar
7f7128e38000-7f7128e39000 r--s 00002000 fd:02 2230344                    /home/ike/soft/gradle/lib/plugins/gradle-ide-play-2.14.1.jar
7f7128e39000-7f7128e3e000 r--s 0002b000 fd:02 2230346                    /home/ike/soft/gradle/lib/plugins/gradle-ide-native-2.14.1.jar
7f7128e3e000-7f7128e49000 r--s 00066000 fd:02 2230322                    /home/ike/soft/gradle/lib/plugins/gradle-ide-2.14.1.jar
7f7128e49000-7f7128e4a000 r--s 00008000 fd:02 2230327                    /home/ike/soft/gradle/lib/plugins/gradle-ear-2.14.1.jar
7f7128e4a000-7f7128e50000 r--s 00032000 fd:02 2230330                    /home/ike/soft/gradle/lib/plugins/gradle-diagnostics-2.14.1.jar
7f7128e50000-7f7128e54000 r--s 00021000 fd:02 2230317                    /home/ike/soft/gradle/lib/plugins/gradle-code-quality-2.14.1.jar
7f7128e54000-7f7128e58000 r--s 0001f000 fd:02 2230335                    /home/ike/soft/gradle/lib/plugins/gradle-build-init-2.14.1.jar
7f7128e58000-7f7128e5f000 r--s 0008e000 fd:02 2230329                    /home/ike/soft/gradle/lib/plugins/gradle-build-comparison-2.14.1.jar
7f7128e5f000-7f7128e61000 r--s 00008000 fd:02 2230319                    /home/ike/soft/gradle/lib/plugins/gradle-antlr-2.14.1.jar
7f7128e61000-7f7128e63000 r--s 00004000 fd:02 2230323                    /home/ike/soft/gradle/lib/plugins/gradle-announce-2.14.1.jar
7f7128e63000-7f7128e7b000 r--s 00115000 fd:02 2230424                    /home/ike/soft/gradle/lib/plugins/xercesImpl-2.9.1.jar
7f7128e7b000-7f7128e83000 r--s 00028000 fd:02 2230425                    /home/ike/soft/gradle/lib/plugins/xml-apis-1.3.04.jar
7f7128e83000-7f7128e89000 r--s 0005b000 fd:02 2230423                    /home/ike/soft/gradle/lib/plugins/jcifs-1.3.17.jar
7f7128e89000-7f7128e90000 r--s 00049000 fd:02 2230422                    /home/ike/soft/gradle/lib/plugins/httpcore-4.4.4.jar
7f7128e90000-7f7128e96000 r--s 00033000 fd:02 2230370                    /home/ike/soft/gradle/lib/plugins/commons-codec-1.6.jar
7f7128e96000-7f7128e99000 r--s 0001c000 fd:02 2230380                    /home/ike/soft/gradle/lib/plugins/nekohtml-1.9.14.jar
7f7128e99000-7f7128ea6000 r--s 000a4000 fd:02 2230379                    /home/ike/soft/gradle/lib/plugins/httpclient-4.4.1.jar
7f7128ea6000-7f7128ea8000 r--s 0000a000 fd:02 2230352                    /home/ike/soft/gradle/lib/plugins/gradle-resources-http-2.14.1.jar
7f7128ea8000-7f7128eac000 r--s 00014000 fd:02 2230351                    /home/ike/soft/gradle/lib/plugins/gradle-plugin-use-2.14.1.jar
7f7128eac000-7f7128ead000 r--s 00000000 fd:02 2230267                    /home/ike/soft/gradle/lib/gradle-installation-beacon-2.14.1.jar
7f7128ead000-7f7128eae000 r--s 00007000 fd:02 2230418                    /home/ike/soft/gradle/lib/plugins/wagon-http-shared4-2.4.jar
7f7128eae000-7f7128eb2000 r--s 00033000 fd:02 2230417                    /home/ike/soft/gradle/lib/plugins/plexus-utils-2.0.6.jar
7f7128eb2000-7f7128eb6000 r--s 00021000 fd:02 2230416                    /home/ike/soft/gradle/lib/plugins/maven-model-builder-3.0.4.jar
7f7128eb6000-7f7128eb7000 r--s 00002000 fd:02 2230415                    /home/ike/soft/gradle/lib/plugins/wagon-file-2.4.jar
7f7128eb7000-7f7128eb9000 r--s 00002000 fd:02 2230414                    /home/ike/soft/gradle/lib/plugins/plexus-cipher-1.7.jar
7f7128eb9000-7f7128ebc000 r--s 00013000 fd:02 2230413                    /home/ike/soft/gradle/lib/plugins/aether-api-1.13.1.jar
7f7128ebc000-7f7128ebe000 r--s 0000a000 fd:02 2230412                    /home/ike/soft/gradle/lib/plugins/maven-settings-3.0.4.jar
7f7128ebe000-7f7128ec0000 r--s 0000d000 fd:02 2230411                    /home/ike/soft/gradle/lib/plugins/plexus-interpolation-1.14.jar
7f7128ec0000-7f7128ec2000 r--s 0000b000 fd:02 2230410                    /home/ike/soft/gradle/lib/plugins/maven-artifact-3.0.4.jar
7f7128ec2000-7f7128ec9000 r--s 0002e000 fd:02 2230409                    /home/ike/soft/gradle/lib/plugins/plexus-container-default-1.5.5.jar
7f7128ec9000-7f7128ecb000 r--s 0000b000 fd:02 2230408                    /home/ike/soft/gradle/lib/plugins/maven-plugin-api-3.0.4.jar
7f7128ecb000-7f7128ecd000 r--s 00000000 fd:02 2230426                    /home/ike/soft/gradle/lib/plugins/plexus-component-annotations-1.5.5.jar
7f7128ecd000-7f7128ed3000 r--s 0003f000 fd:02 2230407                    /home/ike/soft/gradle/lib/plugins/maven-compat-3.0.4.jar
7f7128ed3000-7f7128ed6000 r--s 00008000 fd:02 2230406                    /home/ike/soft/gradle/lib/plugins/maven-settings-builder-3.0.4.jar
7f7128ed6000-7f7128ed7000 r--s 00002000 fd:02 2230405                    /home/ike/soft/gradle/lib/plugins/wagon-http-2.4.jar
7f7128ed7000-7f7128ed9000 r--s 00026000 fd:02 2230404                    /home/ike/soft/gradle/lib/plugins/maven-model-3.0.4.jar
7f7128ed9000-7f7128edb000 r--s 00006000 fd:02 2230403                    /home/ike/soft/gradle/lib/plugins/aether-connector-wagon-1.13.1.jar
7f7128edb000-7f7128edd000 r--s 0000a000 fd:02 2230402                    /home/ike/soft/gradle/lib/plugins/plexus-classworlds-2.4.jar
7f7128edd000-7f7128edf000 r--s 00006000 fd:02 2230401                    /home/ike/soft/gradle/lib/plugins/maven-repository-metadata-3.0.4.jar
7f7128edf000-7f7128ee1000 r--s 0000c000 fd:02 2230400                    /home/ike/soft/gradle/lib/plugins/maven-aether-provider-3.0.4.jar
7f7128ee1000-7f7128ee3000 r--s 0000b000 fd:02 2230399                    /home/ike/soft/gradle/lib/plugins/wagon-provider-api-2.4.jar
7f7128ee3000-7f7128ee7000 r--s 0001c000 fd:02 2230397                    /home/ike/soft/gradle/lib/plugins/aether-util-1.13.1.jar
7f7128ee7000-7f7128eea000 r--s 0001d000 fd:02 2230396                    /home/ike/soft/gradle/lib/plugins/aether-impl-1.13.1.jar
7f7128eea000-7f7128eef000 r--s 00040000 fd:02 2230381                    /home/ike/soft/gradle/lib/plugins/jsch-0.1.53.jar
7f7128eef000-7f7128f2f000 r--s 00277000 fd:02 2230391                    /home/ike/soft/gradle/lib/plugins/bcprov-jdk15on-1.51.jar
7f7128f2f000-7f7128f33000 r--s 0001d000 fd:02 2230390                    /home/ike/soft/gradle/lib/plugins/xbean-reflect-3.4.jar
7f7128f33000-7f7128f3f000 r--s 0007d000 fd:02 2230367                    /home/ike/soft/gradle/lib/plugins/maven-core-3.0.4.jar
7f7128f3f000-7f7128f5b000 r--s 000d3000 fd:02 2230356                    /home/ike/soft/gradle/lib/plugins/gradle-dependency-management-2.14.1.jar
7f7128f5b000-7f7128f71000 r-xp 00000000 fd:00 2890778                    /usr/lib64/libgcc_s-6.3.1-20161221.so.1
7f7128f71000-7f7129170000 ---p 00016000 fd:00 2890778                    /usr/lib64/libgcc_s-6.3.1-20161221.so.1
7f7129170000-7f7129171000 r--p 00015000 fd:00 2890778                    /usr/lib64/libgcc_s-6.3.1-20161221.so.1
7f7129171000-7f7129172000 rw-p 00016000 fd:00 2890778                    /usr/lib64/libgcc_s-6.3.1-20161221.so.1
7f7129172000-7f71292ea000 r-xp 00000000 fd:00 2892058                    /usr/lib64/libstdc++.so.6.0.22
7f71292ea000-7f71294ea000 ---p 00178000 fd:00 2892058                    /usr/lib64/libstdc++.so.6.0.22
7f71294ea000-7f71294f4000 r--p 00178000 fd:00 2892058                    /usr/lib64/libstdc++.so.6.0.22
7f71294f4000-7f71294f6000 rw-p 00182000 fd:00 2892058                    /usr/lib64/libstdc++.so.6.0.22
7f71294f6000-7f71294fa000 rw-p 00000000 00:00 0 
7f71294fa000-7f71294fb000 r--s 00003000 fd:02 2230398                    /home/ike/soft/gradle/lib/plugins/aether-spi-1.13.1.jar
7f71294fb000-7f71294fc000 r--s 00006000 fd:02 2230395                    /home/ike/soft/gradle/lib/plugins/plexus-sec-dispatcher-1.3.jar
7f71294fc000-7f7129501000 r--s 0002a000 fd:02 2230374                    /home/ike/soft/gradle/lib/plugins/gson-2.2.4.jar
7f7129501000-7f7129510000 r--s 000d9000 fd:02 2230389                    /home/ike/soft/gradle/lib/plugins/ivy-2.2.0.jar
7f7129510000-7f7129514000 r-xp 00000000 fd:02 1838733                    /home/ike/.gradle/native/19/linux-amd64/libnative-platform.so
7f7129514000-7f7129713000 ---p 00004000 fd:02 1838733                    /home/ike/.gradle/native/19/linux-amd64/libnative-platform.so
7f7129713000-7f7129714000 rw-p 00003000 fd:02 1838733                    /home/ike/.gradle/native/19/linux-amd64/libnative-platform.so
7f7129714000-7f7129725000 r-xp 00000000 fd:02 2100229                    /home/ike/soft/jdk1.8/jre/lib/amd64/libnio.so
7f7129725000-7f7129924000 ---p 00011000 fd:02 2100229                    /home/ike/soft/jdk1.8/jre/lib/amd64/libnio.so
7f7129924000-7f7129925000 rw-p 00010000 fd:02 2100229                    /home/ike/soft/jdk1.8/jre/lib/amd64/libnio.so
7f7129925000-7f712993b000 r-xp 00000000 fd:02 2100243                    /home/ike/soft/jdk1.8/jre/lib/amd64/libnet.so
7f712993b000-7f7129b3b000 ---p 00016000 fd:02 2100243                    /home/ike/soft/jdk1.8/jre/lib/amd64/libnet.so
7f7129b3b000-7f7129b3c000 rw-p 00016000 fd:02 2100243                    /home/ike/soft/jdk1.8/jre/lib/amd64/libnet.so
7f7129b3c000-7f7129b46000 r--s 00116000 fd:02 2100424                    /home/ike/soft/jdk1.8/jre/lib/ext/localedata.jar
7f7129b46000-7f7129b48000 r--s 00005000 fd:02 2230266                    /home/ike/soft/gradle/lib/gradle-wrapper-2.14.1.jar
7f7129b48000-7f7129b56000 r--s 0004f000 fd:02 2230273                    /home/ike/soft/gradle/lib/gradle-tooling-api-2.14.1.jar
7f7129b56000-7f7129b58000 r--s 00002000 fd:02 2230293                    /home/ike/soft/gradle/lib/gradle-open-api-2.14.1.jar
7f7129b58000-7f7129b5e000 r--s 00032000 fd:02 2230295                    /home/ike/soft/gradle/lib/jaxen-1.1.jar
7f7129b5e000-7f7129b63000 r--s 00048000 fd:02 2230294                    /home/ike/soft/gradle/lib/dom4j-1.6.1.jar
7f7129b63000-7f7129b6e000 r--s 00059000 fd:02 2230272                    /home/ike/soft/gradle/lib/gradle-ui-2.14.1.jar
7f7129b6e000-7f7129b71000 r--s 0000b000 fd:02 2230291                    /home/ike/soft/gradle/lib/gradle-resources-2.14.1.jar
7f7129b71000-7f7129b73000 r--s 00003000 fd:02 2230303                    /home/ike/soft/gradle/lib/jcl-over-slf4j-1.7.10.jar
7f7129b73000-7f7129b74000 r--s 00005000 fd:02 2230302                    /home/ike/soft/gradle/lib/log4j-over-slf4j-1.7.10.jar
7f7129b74000-7f7129b76000 r--s 00000000 fd:02 2230301                    /home/ike/soft/gradle/lib/jul-to-slf4j-1.7.10.jar
7f7129b76000-7f7129b7b000 r--s 0001c000 fd:02 2230290                    /home/ike/soft/gradle/lib/gradle-logging-2.14.1.jar
7f7129b7b000-7f7129b7d000 r--s 00007000 fd:02 2230314                    /home/ike/soft/gradle/lib/objenesis-1.2.jar
7f7129b7d000-7f7129b7f000 r--s 00000000 fd:02 2230313                    /home/ike/soft/gradle/lib/minlog-1.2.jar
7f7129b7f000-7f7129b81000 r--s 0000f000 fd:02 2230312                    /home/ike/soft/gradle/lib/reflectasm-1.07-shaded.jar
7f7129b81000-7f7129b85000 r--s 00026000 fd:02 2230300                    /home/ike/soft/gradle/lib/kryo-2.20.jar
7f7129b85000-7f7129b8b000 r--s 00025000 fd:02 2230289                    /home/ike/soft/gradle/lib/gradle-messaging-2.14.1.jar
7f7129b8b000-7f7129b8c000 r--s 00003000 fd:02 2230311                    /home/ike/soft/gradle/lib/native-platform-freebsd-amd64-0.10.jar
7f7129b8c000-7f7129b8d000 r--s 00003000 fd:02 2230310                    /home/ike/soft/gradle/lib/native-platform-freebsd-i386-0.10.jar
7f7129b8d000-7f7129bfc000 r--s 0063e000 fd:02 2230279                    /home/ike/soft/gradle/lib/groovy-all-2.4.4.jar
7f7129bfc000-7f7129bfd000 ---p 00000000 00:00 0 
7f7129bfd000-7f7129cfd000 rw-p 00000000 00:00 0 
7f7129cfd000-7f7129d00000 ---p 00000000 00:00 0 
7f7129d00000-7f7129dfe000 rw-p 00000000 00:00 0 
7f7129dfe000-7f7129e01000 ---p 00000000 00:00 0 
7f7129e01000-7f7129eff000 rw-p 00000000 00:00 0 
7f7129eff000-7f7129f02000 ---p 00000000 00:00 0 
7f7129f02000-7f712c000000 rw-p 00000000 00:00 0 
7f712c000000-7f712c021000 rw-p 00000000 00:00 0 
7f712c021000-7f7130000000 ---p 00000000 00:00 0 
7f7130000000-7f7130021000 rw-p 00000000 00:00 0 
7f7130021000-7f7134000000 ---p 00000000 00:00 0 
7f7134000000-7f713404a000 rw-p 00000000 00:00 0 
7f713404a000-7f7138000000 ---p 00000000 00:00 0 
7f7138000000-7f7138023000 rw-p 00000000 00:00 0 
7f7138023000-7f713c000000 ---p 00000000 00:00 0 
7f713c000000-7f713c001000 r--s 00005000 fd:02 2230309                    /home/ike/soft/gradle/lib/native-platform-windows-i386-0.10.jar
7f713c001000-7f713c002000 r--s 00005000 fd:02 2230308                    /home/ike/soft/gradle/lib/native-platform-windows-amd64-0.10.jar
7f713c002000-7f713c003000 r--s 00003000 fd:02 2230307                    /home/ike/soft/gradle/lib/native-platform-linux-i386-0.10.jar
7f713c003000-7f713c004000 r--s 00003000 fd:02 2230306                    /home/ike/soft/gradle/lib/native-platform-linux-amd64-0.10.jar
7f713c004000-7f713c005000 r--s 00002000 fd:02 2230305                    /home/ike/soft/gradle/lib/native-platform-osx-amd64-0.10.jar
7f713c005000-7f713c006000 r--s 00002000 fd:02 2230304                    /home/ike/soft/gradle/lib/native-platform-osx-i386-0.10.jar
7f713c006000-7f713c008000 r--s 00008000 fd:02 2230298                    /home/ike/soft/gradle/lib/jansi-1.2.1.jar
7f713c008000-7f713c00b000 r--s 0000d000 fd:02 2230297                    /home/ike/soft/gradle/lib/native-platform-0.10.jar
7f713c00b000-7f713c00f000 r--s 000e4000 fd:02 2230296                    /home/ike/soft/gradle/lib/jna-3.2.7.jar
7f713c00f000-7f713c011000 r--s 00009000 fd:02 2230274                    /home/ike/soft/gradle/lib/gradle-native-2.14.1.jar
7f713c011000-7f713c013000 r--s 00005000 fd:02 2230271                    /home/ike/soft/gradle/lib/gradle-cli-2.14.1.jar
7f713c013000-7f713c015000 r--s 00007000 fd:02 2230281                    /home/ike/soft/gradle/lib/gradle-model-groovy-2.14.1.jar
7f713c015000-7f713c024000 r--s 00080000 fd:02 2230280                    /home/ike/soft/gradle/lib/gradle-model-core-2.14.1.jar
7f713c024000-7f713c031000 r--s 00083000 fd:02 2230284                    /home/ike/soft/gradle/lib/commons-collections-3.2.2.jar
7f713c031000-7f713c059000 r--s 001cf000 fd:02 2230276                    /home/ike/soft/gradle/lib/guava-jdk5-17.0.jar
7f713c059000-7f713c078000 r--s 001d1000 fd:02 2230283                    /home/ike/soft/gradle/lib/ant-1.9.6.jar
7f713c078000-7f713c0af000 r--s 001bd000 fd:02 2230270                    /home/ike/soft/gradle/lib/gradle-core-2.14.1.jar
7f713c0af000-7f713c0b2000 ---p 00000000 00:00 0 
7f713c0b2000-7f713c1b0000 rw-p 00000000 00:00 0 
7f713c1b0000-7f713c1b3000 ---p 00000000 00:00 0 
7f713c1b3000-7f713c2b1000 rw-p 00000000 00:00 0 
7f713c2b1000-7f713c2b4000 ---p 00000000 00:00 0 
7f713c2b4000-7f713c3b2000 rw-p 00000000 00:00 0 
7f713c3b2000-7f713c3b5000 ---p 00000000 00:00 0 
7f713c3b5000-7f713c4b3000 rw-p 00000000 00:00 0 
7f713c4b3000-7f713c4b4000 ---p 00000000 00:00 0 
7f713c4b4000-7f713d000000 rw-p 00000000 00:00 0 
7f713d000000-7f713f540000 rwxp 00000000 00:00 0 
7f713f540000-7f714c000000 ---p 00000000 00:00 0 
7f714c000000-7f714ce4d000 rw-p 00000000 00:00 0 
7f714ce4d000-7f7150000000 ---p 00000000 00:00 0 
7f7150000000-7f7150001000 r--s 00006000 fd:02 2230288                    /home/ike/soft/gradle/lib/gradle-base-services-groovy-2.14.1.jar
7f7150001000-7f7150002000 r--s 00002000 fd:02 2230292                    /home/ike/soft/gradle/lib/gradle-docs-2.14.1.jar
7f7150002000-7f7150003000 r--s 00000000 fd:02 2230287                    /home/ike/soft/gradle/lib/javax.inject-1.jar
7f7150003000-7f7150007000 r--s 00027000 fd:02 2230285                    /home/ike/soft/gradle/lib/commons-io-2.2.jar
7f7150007000-7f715000c000 r--s 00038000 fd:02 2230282                    /home/ike/soft/gradle/lib/asm-all-5.1.jar
7f715000c000-7f7150011000 r--s 00041000 fd:02 2230277                    /home/ike/soft/gradle/lib/commons-lang-2.6.jar
7f7150011000-7f7150586000 rw-p 00000000 00:00 0 
7f7150586000-7f715075f000 r--s 03d29000 fd:02 2100521                    /home/ike/soft/jdk1.8/jre/lib/rt.jar
7f715075f000-7f71511d5000 rw-p 00000000 00:00 0 
7f71511d5000-7f71511d6000 ---p 00000000 00:00 0 
7f71511d6000-7f71512d6000 rw-p 00000000 00:00 0 
7f71512d6000-7f71512d7000 ---p 00000000 00:00 0 
7f71512d7000-7f71513d7000 rw-p 00000000 00:00 0 
7f71513d7000-7f71513d8000 ---p 00000000 00:00 0 
7f71513d8000-7f71514d8000 rw-p 00000000 00:00 0 
7f71514d8000-7f71514d9000 ---p 00000000 00:00 0 
7f71514d9000-7f715168a000 rw-p 00000000 00:00 0 
7f715168a000-7f715172f000 ---p 00000000 00:00 0 
7f715172f000-7f71517e0000 rw-p 00000000 00:00 0 
7f71517e0000-7f7151884000 ---p 00000000 00:00 0 
7f7151884000-7f715192f000 rw-p 00000000 00:00 0 
7f715192f000-7f71519c5000 rw-p 00000000 00:00 0 
7f71519c5000-7f7151cf0000 ---p 00000000 00:00 0 
7f7151cf0000-7f7151d0a000 r-xp 00000000 fd:02 2100263                    /home/ike/soft/jdk1.8/jre/lib/amd64/libzip.so
7f7151d0a000-7f7151f0a000 ---p 0001a000 fd:02 2100263                    /home/ike/soft/jdk1.8/jre/lib/amd64/libzip.so
7f7151f0a000-7f7151f0b000 rw-p 0001a000 fd:02 2100263                    /home/ike/soft/jdk1.8/jre/lib/amd64/libzip.so
7f7151f0b000-7f7151f15000 r-xp 00000000 fd:00 2891856                    /usr/lib64/libnss_files-2.24.so
7f7151f15000-7f7152115000 ---p 0000a000 fd:00 2891856                    /usr/lib64/libnss_files-2.24.so
7f7152115000-7f7152116000 r--p 0000a000 fd:00 2891856                    /usr/lib64/libnss_files-2.24.so
7f7152116000-7f7152117000 rw-p 0000b000 fd:00 2891856                    /usr/lib64/libnss_files-2.24.so
7f7152117000-7f715211d000 rw-p 00000000 00:00 0 
7f715211d000-7f7152147000 r-xp 00000000 fd:02 2100286                    /home/ike/soft/jdk1.8/jre/lib/amd64/libjava.so
7f7152147000-7f7152347000 ---p 0002a000 fd:02 2100286                    /home/ike/soft/jdk1.8/jre/lib/amd64/libjava.so
7f7152347000-7f7152349000 rw-p 0002a000 fd:02 2100286                    /home/ike/soft/jdk1.8/jre/lib/amd64/libjava.so
7f7152349000-7f7152356000 r-xp 00000000 fd:02 2100257                    /home/ike/soft/jdk1.8/jre/lib/amd64/libverify.so
7f7152356000-7f7152556000 ---p 0000d000 fd:02 2100257                    /home/ike/soft/jdk1.8/jre/lib/amd64/libverify.so
7f7152556000-7f7152558000 rw-p 0000d000 fd:02 2100257                    /home/ike/soft/jdk1.8/jre/lib/amd64/libverify.so
7f7152558000-7f715255f000 r-xp 00000000 fd:00 2891975                    /usr/lib64/librt-2.24.so
7f715255f000-7f715275e000 ---p 00007000 fd:00 2891975                    /usr/lib64/librt-2.24.so
7f715275e000-7f715275f000 r--p 00006000 fd:00 2891975                    /usr/lib64/librt-2.24.so
7f715275f000-7f7152760000 rw-p 00007000 fd:00 2891975                    /usr/lib64/librt-2.24.so
7f7152760000-7f7152868000 r-xp 00000000 fd:00 2891438                    /usr/lib64/libm-2.24.so
7f7152868000-7f7152a67000 ---p 00108000 fd:00 2891438                    /usr/lib64/libm-2.24.so
7f7152a67000-7f7152a68000 r--p 00107000 fd:00 2891438                    /usr/lib64/libm-2.24.so
7f7152a68000-7f7152a69000 rw-p 00108000 fd:00 2891438                    /usr/lib64/libm-2.24.so
7f7152a69000-7f7153734000 r-xp 00000000 fd:02 2100238                    /home/ike/soft/jdk1.8/jre/lib/amd64/server/libjvm.so
7f7153734000-7f7153933000 ---p 00ccb000 fd:02 2100238                    /home/ike/soft/jdk1.8/jre/lib/amd64/server/libjvm.so
7f7153933000-7f7153a0c000 rw-p 00cca000 fd:02 2100238                    /home/ike/soft/jdk1.8/jre/lib/amd64/server/libjvm.so
7f7153a0c000-7f7153a57000 rw-p 00000000 00:00 0 
7f7153a57000-7f7153c14000 r-xp 00000000 fd:00 2891285                    /usr/lib64/libc-2.24.so
7f7153c14000-7f7153e13000 ---p 001bd000 fd:00 2891285                    /usr/lib64/libc-2.24.so
7f7153e13000-7f7153e17000 r--p 001bc000 fd:00 2891285                    /usr/lib64/libc-2.24.so
7f7153e17000-7f7153e19000 rw-p 001c0000 fd:00 2891285                    /usr/lib64/libc-2.24.so
7f7153e19000-7f7153e1d000 rw-p 00000000 00:00 0 
7f7153e1d000-7f7153e20000 r-xp 00000000 fd:00 2891382                    /usr/lib64/libdl-2.24.so
7f7153e20000-7f715401f000 ---p 00003000 fd:00 2891382                    /usr/lib64/libdl-2.24.so
7f715401f000-7f7154020000 r--p 00002000 fd:00 2891382                    /usr/lib64/libdl-2.24.so
7f7154020000-7f7154021000 rw-p 00003000 fd:00 2891382                    /usr/lib64/libdl-2.24.so
7f7154021000-7f7154036000 r-xp 00000000 fd:02 2098935                    /home/ike/soft/jdk1.8/lib/amd64/jli/libjli.so
7f7154036000-7f7154236000 ---p 00015000 fd:02 2098935                    /home/ike/soft/jdk1.8/lib/amd64/jli/libjli.so
7f7154236000-7f7154237000 rw-p 00015000 fd:02 2098935                    /home/ike/soft/jdk1.8/lib/amd64/jli/libjli.so
7f7154237000-7f715424f000 r-xp 00000000 fd:00 2891857                    /usr/lib64/libpthread-2.24.so
7f715424f000-7f715444f000 ---p 00018000 fd:00 2891857                    /usr/lib64/libpthread-2.24.so
7f715444f000-7f7154450000 r--p 00018000 fd:00 2891857                    /usr/lib64/libpthread-2.24.so
7f7154450000-7f7154451000 rw-p 00019000 fd:00 2891857                    /usr/lib64/libpthread-2.24.so
7f7154451000-7f7154455000 rw-p 00000000 00:00 0 
7f7154455000-7f715447a000 r-xp 00000000 fd:00 2894298                    /usr/lib64/ld-2.24.so
7f715447a000-7f715447b000 r--s 00000000 fd:02 2230286                    /home/ike/soft/gradle/lib/jcip-annotations-1.0.jar
7f715447b000-7f715447c000 r--s 00001000 fd:02 2230278                    /home/ike/soft/gradle/lib/gradle-process-services-2.14.1.jar
7f715447c000-7f715447d000 r--s 00000000 fd:02 2230269                    /home/ike/soft/gradle/lib/gradle-jvm-services-2.14.1.jar
7f715447d000-7f715447e000 r--s 00007000 fd:02 2230275                    /home/ike/soft/gradle/lib/slf4j-api-1.7.10.jar
7f715447e000-7f7154486000 r--s 0003a000 fd:02 2230268                    /home/ike/soft/gradle/lib/gradle-base-services-2.14.1.jar
7f7154486000-7f715455f000 rw-p 00000000 00:00 0 
7f715455f000-7f7154562000 ---p 00000000 00:00 0 
7f7154562000-7f7154662000 rw-p 00000000 00:00 0 
7f7154662000-7f7154663000 r--s 00004000 fd:02 2230299                    /home/ike/soft/gradle/lib/ant-launcher-1.9.6.jar
7f7154663000-7f715466e000 r--s 00051000 fd:02 2230265                    /home/ike/soft/gradle/lib/gradle-launcher-2.14.1.jar
7f715466e000-7f7154676000 rw-s 00000000 00:29 554132                     /tmp/hsperfdata_ike/1359
7f7154676000-7f7154677000 rw-p 00000000 00:00 0 
7f7154677000-7f7154678000 ---p 00000000 00:00 0 
7f7154678000-7f715467a000 rw-p 00000000 00:00 0 
7f715467a000-7f715467b000 r--p 00025000 fd:00 2894298                    /usr/lib64/ld-2.24.so
7f715467b000-7f715467c000 rw-p 00026000 fd:00 2894298                    /usr/lib64/ld-2.24.so
7f715467c000-7f715467d000 rw-p 00000000 00:00 0 
7ffc5d975000-7ffc5d996000 rw-p 00000000 00:00 0                          [stack]
7ffc5d99b000-7ffc5d99d000 r--p 00000000 00:00 0                          [vvar]
7ffc5d99d000-7ffc5d99f000 r-xp 00000000 00:00 0                          [vdso]
ffffffffff600000-ffffffffff601000 r-xp 00000000 00:00 0                  [vsyscall]

VM Arguments:
jvm_args: -XX:MaxPermSize=256m -XX:+HeapDumpOnOutOfMemoryError -Xmx1024m -Dfile.encoding=UTF-8 -Duser.country=CN -Duser.language=zh -Duser.variant 
java_command: org.gradle.launcher.daemon.bootstrap.GradleDaemon 2.14.1
java_class_path (initial): /home/ike/soft/gradle/lib/gradle-launcher-2.14.1.jar
Launcher Type: SUN_STANDARD

Environment Variables:
JAVA_HOME=/home/ike/soft/jdk1.8
PATH=/home/ike/soft/gradle/bin:/home/ike/soft/maven3.3.9/bin:/home/ike/soft/jdk1.8/bin:/home/ike/soft/jdk1.8/bin:/home/ike/soft/gradle/bin:/home/ike/soft/maven3.3.9/bin:/usr/lib64/qt-3.3/bin:/usr/local/bin:/usr/local/sbin:/usr/bin:/usr/sbin:/home/ike/.local/bin:/home/ike/bin
USERNAME=ike
LD_LIBRARY_PATH=/home/ike/soft/idea-IU-171.4424.56/bin:
SHELL=/bin/bash
DISPLAY=:0

Signal Handlers:
SIGSEGV: [libjvm.so+0xac4790], sa_mask[0]=11111111011111111101111111111110, sa_flags=SA_RESTART|SA_SIGINFO
SIGBUS: [libjvm.so+0xac4790], sa_mask[0]=11111111011111111101111111111110, sa_flags=SA_RESTART|SA_SIGINFO
SIGFPE: [libjvm.so+0x91f140], sa_mask[0]=11111111011111111101111111111110, sa_flags=SA_RESTART|SA_SIGINFO
SIGPIPE: [libjvm.so+0x91f140], sa_mask[0]=11111111011111111101111111111110, sa_flags=SA_RESTART|SA_SIGINFO
SIGXFSZ: [libjvm.so+0x91f140], sa_mask[0]=11111111011111111101111111111110, sa_flags=SA_RESTART|SA_SIGINFO
SIGILL: [libjvm.so+0x91f140], sa_mask[0]=11111111011111111101111111111110, sa_flags=SA_RESTART|SA_SIGINFO
SIGUSR1: SIG_DFL, sa_mask[0]=00000000000000000000000000000000, sa_flags=none
SIGUSR2: [libjvm.so+0x920770], sa_mask[0]=00100000000000000000000000000000, sa_flags=SA_RESTART|SA_SIGINFO
SIGHUP: [libjvm.so+0x921b70], sa_mask[0]=11111111011111111101111111111110, sa_flags=SA_RESTART|SA_SIGINFO
SIGINT: [libjvm.so+0x921b70], sa_mask[0]=11111111011111111101111111111110, sa_flags=SA_RESTART|SA_SIGINFO
SIGTERM: [libjvm.so+0x921b70], sa_mask[0]=11111111011111111101111111111110, sa_flags=SA_RESTART|SA_SIGINFO
SIGQUIT: [libjvm.so+0x921b70], sa_mask[0]=11111111011111111101111111111110, sa_flags=SA_RESTART|SA_SIGINFO


---------------  S Y S T E M  ---------------

OS:Fedora release 25 (Twenty Five)

uname:Linux 4.8.6-300.fc25.x86_64 #1 SMP Tue Nov 1 12:36:38 UTC 2016 x86_64
libc:glibc 2.24 NPTL 2.24 
rlimit: STACK 8192k, CORE 0k, NPROC 31367, NOFILE 4096, AS infinity
load average:3.35 2.64 2.23

/proc/meminfo:
MemTotal:        8053800 kB
MemFree:          118708 kB
MemAvailable:      30816 kB
Buffers:            1012 kB
Cached:           314876 kB
SwapCached:         3224 kB
Active:          6597024 kB
Inactive:         930148 kB
Active(anon):    6580256 kB
Inactive(anon):   912000 kB
Active(file):      16768 kB
Inactive(file):    18148 kB
Unevictable:          92 kB
Mlocked:              92 kB
SwapTotal:       8187900 kB
SwapFree:              0 kB
Dirty:               584 kB
Writeback:             0 kB
AnonPages:       7209216 kB
Mapped:            57824 kB
Shmem:            280680 kB
Slab:             186144 kB
SReclaimable:      62040 kB
SUnreclaim:       124104 kB
KernelStack:       41168 kB
PageTables:       102948 kB
NFS_Unstable:          0 kB
Bounce:                0 kB
WritebackTmp:          0 kB
CommitLimit:    12214800 kB
Committed_AS:   26948760 kB
VmallocTotal:   34359738367 kB
VmallocUsed:           0 kB
VmallocChunk:          0 kB
HardwareCorrupted:     0 kB
AnonHugePages:         0 kB
ShmemHugePages:        0 kB
ShmemPmdMapped:        0 kB
CmaTotal:              0 kB
CmaFree:               0 kB
HugePages_Total:       0
HugePages_Free:        0
HugePages_Rsvd:        0
HugePages_Surp:        0
Hugepagesize:       2048 kB
DirectMap4k:      230564 kB
DirectMap2M:     6987776 kB
DirectMap1G:     1048576 kB


CPU:total 4 (4 cores per cpu, 1 threads per core) family 6 model 94 stepping 3, cmov, cx8, fxsr, mmx, sse, sse2, sse3, ssse3, sse4.1, sse4.2, popcnt, avx, avx2, aes, clmul, erms, rtm, 3dnowpref, lzcnt, tsc, tscinvbit, bmi1, bmi2, adx

/proc/cpuinfo:
processor	: 0
vendor_id	: GenuineIntel
cpu family	: 6
model		: 94
model name	: Intel(R) Core(TM) i5-6500 CPU @ 3.20GHz
stepping	: 3
microcode	: 0x9e
cpu MHz		: 2753.906
cache size	: 6144 KB
physical id	: 0
siblings	: 4
core id		: 0
cpu cores	: 4
apicid		: 0
initial apicid	: 0
fpu		: yes
fpu_exception	: yes
cpuid level	: 22
wp		: yes
flags		: fpu vme de pse tsc msr pae mce cx8 apic sep mtrr pge mca cmov pat pse36 clflush dts acpi mmx fxsr sse sse2 ss ht tm pbe syscall nx pdpe1gb rdtscp lm constant_tsc art arch_perfmon pebs bts rep_good nopl xtopology nonstop_tsc aperfmperf eagerfpu pni pclmulqdq dtes64 monitor ds_cpl vmx smx est tm2 ssse3 sdbg fma cx16 xtpr pdcm pcid sse4_1 sse4_2 x2apic movbe popcnt tsc_deadline_timer aes xsave avx f16c rdrand lahf_lm abm 3dnowprefetch intel_pt tpr_shadow vnmi flexpriority ept vpid fsgsbase tsc_adjust bmi1 hle avx2 smep bmi2 erms invpcid rtm mpx rdseed adx smap clflushopt xsaveopt xsavec xgetbv1 xsaves dtherm ida arat pln pts hwp hwp_notify hwp_act_window hwp_epp
bugs		:
bogomips	: 6384.00
clflush size	: 64
cache_alignment	: 64
address sizes	: 39 bits physical, 48 bits virtual
power management:

processor	: 1
vendor_id	: GenuineIntel
cpu family	: 6
model		: 94
model name	: Intel(R) Core(TM) i5-6500 CPU @ 3.20GHz
stepping	: 3
microcode	: 0x9e
cpu MHz		: 3278.320
cache size	: 6144 KB
physical id	: 0
siblings	: 4
core id		: 1
cpu cores	: 4
apicid		: 2
initial apicid	: 2
fpu		: yes
fpu_exception	: yes
cpuid level	: 22
wp		: yes
flags		: fpu vme de pse tsc msr pae mce cx8 apic sep mtrr pge mca cmov pat pse36 clflush dts acpi mmx fxsr sse sse2 ss ht tm pbe syscall nx pdpe1gb rdtscp lm constant_tsc art arch_perfmon pebs bts rep_good nopl xtopology nonstop_tsc aperfmperf eagerfpu pni pclmulqdq dtes64 monitor ds_cpl vmx smx est tm2 ssse3 sdbg fma cx16 xtpr pdcm pcid sse4_1 sse4_2 x2apic movbe popcnt tsc_deadline_timer aes xsave avx f16c rdrand lahf_lm abm 3dnowprefetch intel_pt tpr_shadow vnmi flexpriority ept vpid fsgsbase tsc_adjust bmi1 hle avx2 smep bmi2 erms invpcid rtm mpx rdseed adx smap clflushopt xsaveopt xsavec xgetbv1 xsaves dtherm ida arat pln pts hwp hwp_notify hwp_act_window hwp_epp
bugs		:
bogomips	: 6387.62
clflush size	: 64
cache_alignment	: 64
address sizes	: 39 bits physical, 48 bits virtual
power management:

processor	: 2
vendor_id	: GenuineIntel
cpu family	: 6
model		: 94
model name	: Intel(R) Core(TM) i5-6500 CPU @ 3.20GHz
stepping	: 3
microcode	: 0x9e
cpu MHz		: 2687.500
cache size	: 6144 KB
physical id	: 0
siblings	: 4
core id		: 2
cpu cores	: 4
apicid		: 4
initial apicid	: 4
fpu		: yes
fpu_exception	: yes
cpuid level	: 22
wp		: yes
flags		: fpu vme de pse tsc msr pae mce cx8 apic sep mtrr pge mca cmov pat pse36 clflush dts acpi mmx fxsr sse sse2 ss ht tm pbe syscall nx pdpe1gb rdtscp lm constant_tsc art arch_perfmon pebs bts rep_good nopl xtopology nonstop_tsc aperfmperf eagerfpu pni pclmulqdq dtes64 monitor ds_cpl vmx smx est tm2 ssse3 sdbg fma cx16 xtpr pdcm pcid sse4_1 sse4_2 x2apic movbe popcnt tsc_deadline_timer aes xsave avx f16c rdrand lahf_lm abm 3dnowprefetch intel_pt tpr_shadow vnmi flexpriority ept vpid fsgsbase tsc_adjust bmi1 hle avx2 smep bmi2 erms invpcid rtm mpx rdseed adx smap clflushopt xsaveopt xsavec xgetbv1 xsaves dtherm ida arat pln pts hwp hwp_notify hwp_act_window hwp_epp
bugs		:
bogomips	: 6387.66
clflush size	: 64
cache_alignment	: 64
address sizes	: 39 bits physical, 48 bits virtual
power management:

processor	: 3
vendor_id	: GenuineIntel
cpu family	: 6
model		: 94
model name	: Intel(R) Core(TM) i5-6500 CPU @ 3.20GHz
stepping	: 3
microcode	: 0x9e
cpu MHz		: 2927.343
cache size	: 6144 KB
physical id	: 0
siblings	: 4
core id		: 3
cpu cores	: 4
apicid		: 6
initial apicid	: 6
fpu		: yes
fpu_exception	: yes
cpuid level	: 22
wp		: yes
flags		: fpu vme de pse tsc msr pae mce cx8 apic sep mtrr pge mca cmov pat pse36 clflush dts acpi mmx fxsr sse sse2 ss ht tm pbe syscall nx pdpe1gb rdtscp lm constant_tsc art arch_perfmon pebs bts rep_good nopl xtopology nonstop_tsc aperfmperf eagerfpu pni pclmulqdq dtes64 monitor ds_cpl vmx smx est tm2 ssse3 sdbg fma cx16 xtpr pdcm pcid sse4_1 sse4_2 x2apic movbe popcnt tsc_deadline_timer aes xsave avx f16c rdrand lahf_lm abm 3dnowprefetch intel_pt tpr_shadow vnmi flexpriority ept vpid fsgsbase tsc_adjust bmi1 hle avx2 smep bmi2 erms invpcid rtm mpx rdseed adx smap clflushopt xsaveopt xsavec xgetbv1 xsaves dtherm ida arat pln pts hwp hwp_notify hwp_act_window hwp_epp
bugs		:
bogomips	: 6387.64
clflush size	: 64
cache_alignment	: 64
address sizes	: 39 bits physical, 48 bits virtual
power management:



Memory: 4k page, physical 8053800k(118708k free), swap 8187900k(0k free)

vm_info: Java HotSpot(TM) 64-Bit Server VM (25.101-b13) for linux-amd64 JRE (1.8.0_101-b13), built on Jun 22 2016 02:59:44 by "java_re" with gcc 4.3.0 20080428 (Red Hat 4.3.0-8)

time: Wed Jul 26 16:27:41 2017
elapsed time: 42 seconds (0d 0h 0m 42s)

