#
# There is insufficient memory for the Java Runtime Environment to continue.
# Native memory allocation (mmap) failed to map 86507520 bytes for committing reserved memory.
# Possible reasons:
#   The system is out of physical RAM or swap space
#   In 32 bit mode, the process size limit was hit
# Possible solutions:
#   Reduce memory load on the system
#   Increase physical memory or swap space
#   Check if swap backing store is full
#   Use 64 bit Java on a 64 bit OS
#   Decrease Java heap size (-Xmx/-Xms)
#   Decrease number of Java threads
#   Decrease Java thread stack sizes (-Xss)
#   Set larger code cache with -XX:ReservedCodeCacheSize=
# This output file may be truncated or incomplete.
#
#  Out of Memory Error (os_linux.cpp:2627), pid=2350, tid=0x00007f0cfc8af700
#
# JRE version: Java(TM) SE Runtime Environment (8.0_101-b13) (build 1.8.0_101-b13)
# Java VM: Java HotSpot(TM) 64-Bit Server VM (25.101-b13 mixed mode linux-amd64 compressed oops)
# Failed to write core dump. Core dumps have been disabled. To enable core dumping, try "ulimit -c unlimited" before starting Java again
#

---------------  T H R E A D  ---------------

Current thread (0x00007f0d18145800):  VMThread [stack: 0x00007f0cfc7af000,0x00007f0cfc8b0000] [id=2362]

Stack: [0x00007f0cfc7af000,0x00007f0cfc8b0000],  sp=0x00007f0cfc8ae220,  free space=1020k
Native frames: (J=compiled Java code, j=interpreted, Vv=VM code, C=native code)
V  [libjvm.so+0xac3f0a]  VMError::report_and_die()+0x2ba
V  [libjvm.so+0x4fbf9b]  report_vm_out_of_memory(char const*, int, unsigned long, VMErrorType, char const*)+0x8b
V  [libjvm.so+0x9222d3]  os::Linux::commit_memory_impl(char*, unsigned long, bool)+0x103
V  [libjvm.so+0x922829]  os::pd_commit_memory(char*, unsigned long, unsigned long, bool)+0x29
V  [libjvm.so+0x91cb2a]  os::commit_memory(char*, unsigned long, unsigned long, bool)+0x2a
V  [libjvm.so+0x991053]  PSVirtualSpace::expand_by(unsigned long)+0x53
V  [libjvm.so+0x992458]  PSYoungGen::resize_generation(unsigned long, unsigned long)+0xf8
V  [libjvm.so+0x9915b2]  PSYoungGen::resize(unsigned long, unsigned long)+0x22
V  [libjvm.so+0x98e88b]  PSScavenge::invoke_no_policy()+0xf3b
V  [libjvm.so+0x98f011]  PSScavenge::invoke()+0x41
V  [libjvm.so+0x945fc0]  ParallelScavengeHeap::failed_mem_allocate(unsigned long)+0x70
V  [libjvm.so+0xac5927]  VM_ParallelGCFailedAllocation::doit()+0x97
V  [libjvm.so+0xacd405]  VM_Operation::evaluate()+0x55
V  [libjvm.so+0xacb7da]  VMThread::evaluate_operation(VM_Operation*)+0xba
V  [libjvm.so+0xacbb5e]  VMThread::loop()+0x1ce
V  [libjvm.so+0xacbfd0]  VMThread::run()+0x70
V  [libjvm.so+0x924698]  java_start(Thread*)+0x108

VM_Operation (0x00007f0cd420b030): ParallelGCFailedAllocation, mode: safepoint, requested by thread 0x00007f0d198d0800


---------------  P R O C E S S  ---------------

Java Threads: ( => current thread )
  0x00007f0cb4008800 JavaThread "DubboClientHandler-172.17.0.1:51301-thread-1" daemon [_thread_blocked, id=377, stack(0x00007f0c935f8000,0x00007f0c936f9000)]
  0x00007f0c88031800 JavaThread "New I/O client worker #1-2" daemon [_thread_blocked, id=373, stack(0x00007f0c93cff000,0x00007f0c93e00000)]
  0x00007f0c9c00b000 JavaThread "DubboSharedHandler-thread-2" daemon [_thread_blocked, id=372, stack(0x00007f0cd420d000,0x00007f0cd430e000)]
  0x00007f0ce0016000 JavaThread "main-EventThread" daemon [_thread_blocked, id=331, stack(0x00007f0c910d9000,0x00007f0c911da000)]
  0x00007f0ce0014800 JavaThread "main-SendThread(localhost:2181)" daemon [_thread_blocked, id=330, stack(0x00007f0c911da000,0x00007f0c912db000)]
  0x00007f0cbc24c800 JavaThread "DubboServerHandler-172.17.0.1:51653-thread-11" daemon [_thread_blocked, id=32708, stack(0x00007f0c912db000,0x00007f0c913dc000)]
  0x00007f0cc8b5f000 JavaThread "DubboServerHandler-172.17.0.1:51653-thread-9" daemon [_thread_blocked, id=32673, stack(0x00007f0c913dc000,0x00007f0c914dd000)]
  0x00007f0c8c014000 JavaThread "DubboServerHandler-172.17.0.1:51653-thread-10" daemon [_thread_blocked, id=32672, stack(0x00007f0c914dd000,0x00007f0c915de000)]
  0x00007f0ccc047800 JavaThread "DubboServerHandler-172.17.0.1:51653-thread-8" daemon [_thread_blocked, id=32671, stack(0x00007f0c915de000,0x00007f0c916df000)]
  0x00007f0c88023000 JavaThread "NettyClientWorker-thread-5" daemon [_thread_blocked, id=32664, stack(0x00007f0c916df000,0x00007f0c917e0000)]
  0x00007f0c88015000 JavaThread "NettyClientWorker-thread-4" daemon [_thread_blocked, id=32663, stack(0x00007f0c917e0000,0x00007f0c918e1000)]
  0x00007f0cbc052800 JavaThread "New I/O server worker #1-5" daemon [_thread_blocked, id=32662, stack(0x00007f0c918e1000,0x00007f0c919e2000)]
  0x00007f0cbc052000 JavaThread "DubboServerHandler-172.17.0.1:51653-thread-7" daemon [_thread_blocked, id=32661, stack(0x00007f0c91ae3000,0x00007f0c91be4000)]
  0x00007f0c8c004000 JavaThread "NettyClientBoss-thread-3" daemon [_thread_blocked, id=32660, stack(0x00007f0c936f9000,0x00007f0c937fa000)]
  0x00007f0cbc051000 JavaThread "New I/O server worker #1-3" daemon [_thread_blocked, id=32659, stack(0x00007f0c91be4000,0x00007f0c91ce5000)]
  0x00007f0cbd3db000 JavaThread "DubboServerHandler-172.17.0.1:51653-thread-6" daemon [_thread_blocked, id=32658, stack(0x00007f0c93bfe000,0x00007f0c93cff000)]
  0x00007f0cc91b6800 JavaThread "DubboServerHandler-172.17.0.1:51653-thread-5" daemon [_thread_blocked, id=32629, stack(0x00007f0cd430e000,0x00007f0cd440f000)]
  0x00007f0c80004800 JavaThread "DubboResponseTimeoutScanTimer" daemon [_thread_blocked, id=2601, stack(0x00007f0c93afd000,0x00007f0c93bfe000)]
  0x00007f0ccc017800 JavaThread "DubboServerHandler-172.17.0.1:51653-thread-4" daemon [_thread_blocked, id=2532, stack(0x00007f0c91ee5000,0x00007f0c91fe6000)]
  0x00007f0cbc6a8000 JavaThread "DubboServerHandler-172.17.0.1:51653-thread-3" daemon [_thread_blocked, id=2523, stack(0x00007f0c921e6000,0x00007f0c922e7000)]
  0x00007f0ccc004000 JavaThread "DubboServerHandler-172.17.0.1:51653-thread-2" daemon [_thread_blocked, id=2448, stack(0x00007f0c922e7000,0x00007f0c923e8000)]
  0x00007f0cbc01a000 JavaThread "NettyServerWorker-thread-1" daemon [_thread_blocked, id=2442, stack(0x00007f0c923e8000,0x00007f0c924e9000)]
  0x00007f0cbc019800 JavaThread "DubboServerHandler-172.17.0.1:51653-thread-1" daemon [_thread_blocked, id=2440, stack(0x00007f0c924e9000,0x00007f0c925ea000)]
  0x00007f0d19b87000 JavaThread "dubbo-remoting-server-heartbeat-thread-1" daemon [_thread_blocked, id=2438, stack(0x00007f0c925ea000,0x00007f0c926eb000)]
  0x00007f0d19b84000 JavaThread "New I/O server boss #1 ([id: 0x69ee0861, /0:0:0:0:0:0:0:0:51653])" daemon [_thread_blocked, id=2437, stack(0x00007f0c926eb000,0x00007f0c927ec000)]
  0x00007f0d19ad4000 JavaThread "recoverScheduler_QuartzSchedulerThread" [_thread_blocked, id=2435, stack(0x00007f0c927ec000,0x00007f0c928ed000)]
  0x00007f0d19acc800 JavaThread "recoverScheduler_Worker-10" [_thread_blocked, id=2434, stack(0x00007f0c928ed000,0x00007f0c929ee000)]
  0x00007f0d19ac1800 JavaThread "recoverScheduler_Worker-9" [_thread_blocked, id=2433, stack(0x00007f0c929ee000,0x00007f0c92aef000)]
  0x00007f0d19abf800 JavaThread "recoverScheduler_Worker-8" [_thread_blocked, id=2432, stack(0x00007f0c92aef000,0x00007f0c92bf0000)]
  0x00007f0d19abe000 JavaThread "recoverScheduler_Worker-7" [_thread_blocked, id=2431, stack(0x00007f0c92bf0000,0x00007f0c92cf1000)]
  0x00007f0d19abc000 JavaThread "recoverScheduler_Worker-6" [_thread_blocked, id=2430, stack(0x00007f0c92cf1000,0x00007f0c92df2000)]
  0x00007f0d19aba000 JavaThread "recoverScheduler_Worker-5" [_thread_blocked, id=2429, stack(0x00007f0c92df2000,0x00007f0c92ef3000)]
  0x00007f0d19ab8000 JavaThread "recoverScheduler_Worker-4" [_thread_blocked, id=2428, stack(0x00007f0c92ef3000,0x00007f0c92ff4000)]
  0x00007f0d19ab6000 JavaThread "recoverScheduler_Worker-3" [_thread_blocked, id=2427, stack(0x00007f0c92ff4000,0x00007f0c930f5000)]
  0x00007f0d19ab4800 JavaThread "recoverScheduler_Worker-2" [_thread_blocked, id=2426, stack(0x00007f0c930f5000,0x00007f0c931f6000)]
  0x00007f0d19ab3800 JavaThread "recoverScheduler_Worker-1" [_thread_blocked, id=2425, stack(0x00007f0c931f6000,0x00007f0c932f7000)]
  0x00007f0d19a08800 JavaThread "dubbo-remoting-client-heartbeat-thread-2" daemon [_thread_blocked, id=2424, stack(0x00007f0c934f7000,0x00007f0c935f8000)]
  0x00007f0d19a09800 JavaThread "DubboClientReconnectTimer-thread-2" daemon [_thread_blocked, id=2421, stack(0x00007f0c938fb000,0x00007f0c939fc000)]
  0x00007f0d199d5000 JavaThread "commons-pool-EvictionTimer" daemon [_thread_blocked, id=2420, stack(0x00007f0c937fa000,0x00007f0c938fb000)]
  0x00007f0d19971800 JavaThread "dubbo-remoting-client-heartbeat-thread-1" daemon [_thread_blocked, id=2418, stack(0x00007f0c939fc000,0x00007f0c93afd000)]
  0x00007f0d198fe800 JavaThread "DubboClientReconnectTimer-thread-1" daemon [_thread_blocked, id=2414, stack(0x00007f0cd400b000,0x00007f0cd410c000)]
  0x00007f0d198d0800 JavaThread "DubboSaveRegistryCache-thread-1" daemon [_thread_blocked, id=2413, stack(0x00007f0cd410c000,0x00007f0cd420d000)]
  0x00007f0d198a2000 JavaThread "ZkClient-EventThread-20-localhost:2181" daemon [_thread_blocked, id=2410, stack(0x00007f0cd440f000,0x00007f0cd4510000)]
  0x00007f0d19797800 JavaThread "DubboRegistryFailedRetryTimer-thread-1" daemon [_thread_blocked, id=2407, stack(0x00007f0cd4b10000,0x00007f0cd4c11000)]
  0x00007f0d1901b800 JavaThread "__DEFAULT__" daemon [_thread_blocked, id=2405, stack(0x00007f0cd574b000,0x00007f0cd584c000)]
  0x00007f0d18e7a800 JavaThread "Druid-ConnectionPool-Destroy-455036946" daemon [_thread_blocked, id=2404, stack(0x00007f0cd5a4c000,0x00007f0cd5b4d000)]
  0x00007f0d18e79000 JavaThread "Druid-ConnectionPool-Create-455036946" daemon [_thread_blocked, id=2403, stack(0x00007f0cd5b4d000,0x00007f0cd5c4e000)]
  0x00007f0d18e2e000 JavaThread "Abandoned connection cleanup thread" daemon [_thread_blocked, id=2402, stack(0x00007f0cd5e4e000,0x00007f0cd5f4f000)]
  0x00007f0d185af000 JavaThread "Service Thread" daemon [_thread_blocked, id=2388, stack(0x00007f0cd7709000,0x00007f0cd780a000)]
  0x00007f0d185a1800 JavaThread "C1 CompilerThread2" daemon [_thread_blocked, id=2387, stack(0x00007f0cd780a000,0x00007f0cd790b000)]
  0x00007f0d1859f000 JavaThread "C2 CompilerThread1" daemon [_thread_blocked, id=2386, stack(0x00007f0cd790b000,0x00007f0cd7a0c000)]
  0x00007f0d1859d000 JavaThread "C2 CompilerThread0" daemon [_thread_blocked, id=2384, stack(0x00007f0cd7a0c000,0x00007f0cd7b0d000)]
  0x00007f0cdc001000 JavaThread "JDWP Command Reader" daemon [_thread_in_native, id=2381, stack(0x00007f0cd7eff000,0x00007f0cd8000000)]
  0x00007f0d18196000 JavaThread "JDWP Event Helper Thread" daemon [_thread_blocked, id=2379, stack(0x00007f0cfc0a6000,0x00007f0cfc1a7000)]
  0x00007f0d18192800 JavaThread "JDWP Transport Listener: dt_socket" daemon [_thread_blocked, id=2378, stack(0x00007f0cfc1a7000,0x00007f0cfc2a8000)]
  0x00007f0d18184000 JavaThread "Signal Dispatcher" daemon [_thread_blocked, id=2374, stack(0x00007f0cfc4ac000,0x00007f0cfc5ad000)]
  0x00007f0d18152000 JavaThread "Finalizer" daemon [_thread_blocked, id=2366, stack(0x00007f0cfc5ad000,0x00007f0cfc6ae000)]
  0x00007f0d1814d800 JavaThread "Reference Handler" daemon [_thread_blocked, id=2364, stack(0x00007f0cfc6ae000,0x00007f0cfc7af000)]
  0x00007f0d18010000 JavaThread "main" [_thread_in_native, id=2352, stack(0x00007f0d1fc43000,0x00007f0d1fd44000)]

Other Threads:
=>0x00007f0d18145800 VMThread [stack: 0x00007f0cfc7af000,0x00007f0cfc8b0000] [id=2362]
  0x00007f0d185b4000 WatcherThread [stack: 0x00007f0cd7608000,0x00007f0cd7709000] [id=2389]

VM state:at safepoint (normal execution)

VM Mutex/Monitor currently owned by a thread:  ([mutex/lock_event])
[0x00007f0d1800e3b0] Threads_lock - owner thread: 0x00007f0d18145800
[0x00007f0d1800e8b0] Heap_lock - owner thread: 0x00007f0d198d0800

Heap:
 PSYoungGen      total 560640K, used 896K [0x00000000d7000000, 0x00000000fab80000, 0x0000000100000000)
  eden space 536064K, 0% used [0x00000000d7000000,0x00000000d7000000,0x00000000f7b80000)
  from space 24576K, 3% used [0x00000000f7b80000,0x00000000f7c60000,0x00000000f9380000)
  to   space 7168K, 0% used [0x00000000fa480000,0x00000000fa480000,0x00000000fab80000)
 ParOldGen       total 68608K, used 37880K [0x0000000085000000, 0x0000000089300000, 0x00000000d7000000)
  object space 68608K, 55% used [0x0000000085000000,0x00000000874fe190,0x0000000089300000)
 Metaspace       used 54478K, capacity 55302K, committed 55552K, reserved 1097728K
  class space    used 6442K, capacity 6615K, committed 6656K, reserved 1048576K

Card table byte_map: [0x00007f0d1c5f4000,0x00007f0d1c9cd000] byte_map_base: 0x00007f0d1c1cc000

Marking Bits: (ParMarkBitMap*) 0x00007f0d1f10e120
 Begin Bits: [0x00007f0cfe5e6000, 0x00007f0d004a6000)
 End Bits:   [0x00007f0d004a6000, 0x00007f0d02366000)

Polling page: 0x00007f0d1fd5b000

CodeCache: size=245760Kb used=24250Kb max_used=24627Kb free=221509Kb
 bounds [0x00007f0d02467000, 0x00007f0d03cd7000, 0x00007f0d11467000]
 total_blobs=7091 nmethods=6492 adapters=519
 compilation: enabled

Compilation events (10 events):
Event: 110576.789 Thread 0x00007f0d185a1800 nmethod 8096 0x00007f0d03b82e10 code [0x00007f0d03b82f60, 0x00007f0d03b83090]
Event: 110576.831 Thread 0x00007f0d185a1800 8097       3       org.apache.zookeeper.KeeperException$Code::get (16 bytes)
Event: 110576.845 Thread 0x00007f0d185a1800 nmethod 8097 0x00007f0d02eee050 code [0x00007f0d02eee220, 0x00007f0d02eeea58]
Event: 110576.845 Thread 0x00007f0d185a1800 8098       3       org.apache.zookeeper.KeeperException::create (12 bytes)
Event: 110576.845 Thread 0x00007f0d185a1800 nmethod 8098 0x00007f0d03a28a10 code [0x00007f0d03a28b80, 0x00007f0d03a28d28]
Event: 110576.845 Thread 0x00007f0d185a1800 8099       3       org.I0Itec.zkclient.exception.ZkNodeExistsException::<init> (6 bytes)
Event: 110576.846 Thread 0x00007f0d185a1800 nmethod 8099 0x00007f0d035af450 code [0x00007f0d035af5e0, 0x00007f0d035af8a8]
Event: 110576.856 Thread 0x00007f0d1859f000 8100       4       org.apache.jute.BinaryOutputArchive::writeInt (11 bytes)
Event: 110576.862 Thread 0x00007f0d1859f000 nmethod 8100 0x00007f0d03c4a390 code [0x00007f0d03c4a4e0, 0x00007f0d03c4a5e8]
Event: 110576.928 Thread 0x00007f0d1859d000 8101       4       org.apache.log4j.helpers.PatternConverter::format (127 bytes)

GC Heap History (10 events):
Event: 7.874 GC heap after
Heap after GC invocations=14 (full 2):
 PSYoungGen      total 314368K, used 0K [0x00000000d7000000, 0x00000000ec080000, 0x0000000100000000)
  eden space 301056K, 0% used [0x00000000d7000000,0x00000000d7000000,0x00000000e9600000)
  from space 13312K, 0% used [0x00000000eb380000,0x00000000eb380000,0x00000000ec080000)
  to   space 16896K, 0% used [0x00000000e9f80000,0x00000000e9f80000,0x00000000eb000000)
 ParOldGen       total 68608K, used 18726K [0x0000000085000000, 0x0000000089300000, 0x00000000d7000000)
  object space 68608K, 27% used [0x0000000085000000,0x0000000086249838,0x0000000089300000)
 Metaspace       used 34748K, capacity 35044K, committed 35496K, reserved 1081344K
  class space    used 4141K, capacity 4258K, committed 4352K, reserved 1048576K
}
Event: 10.013 GC heap before
{Heap before GC invocations=15 (full 2):
 PSYoungGen      total 314368K, used 301056K [0x00000000d7000000, 0x00000000ec080000, 0x0000000100000000)
  eden space 301056K, 100% used [0x00000000d7000000,0x00000000e9600000,0x00000000e9600000)
  from space 13312K, 0% used [0x00000000eb380000,0x00000000eb380000,0x00000000ec080000)
  to   space 16896K, 0% used [0x00000000e9f80000,0x00000000e9f80000,0x00000000eb000000)
 ParOldGen       total 68608K, used 18726K [0x0000000085000000, 0x0000000089300000, 0x00000000d7000000)
  object space 68608K, 27% used [0x0000000085000000,0x0000000086249838,0x0000000089300000)
 Metaspace       used 41636K, capacity 41982K, committed 42624K, reserved 1087488K
  class space    used 5027K, capacity 5135K, committed 5248K, reserved 1048576K
Event: 10.032 GC heap after
Heap after GC invocations=15 (full 2):
 PSYoungGen      total 327680K, used 16884K [0x00000000d7000000, 0x00000000f3280000, 0x0000000100000000)
  eden space 310784K, 0% used [0x00000000d7000000,0x00000000d7000000,0x00000000e9f80000)
  from space 16896K, 99% used [0x00000000e9f80000,0x00000000eaffd360,0x00000000eb000000)
  to   space 20992K, 0% used [0x00000000f1e00000,0x00000000f1e00000,0x00000000f3280000)
 ParOldGen       total 68608K, used 22527K [0x0000000085000000, 0x0000000089300000, 0x00000000d7000000)
  object space 68608K, 32% used [0x0000000085000000,0x00000000865fffb0,0x0000000089300000)
 Metaspace       used 41636K, capacity 41982K, committed 42624K, reserved 1087488K
  class space    used 5027K, capacity 5135K, committed 5248K, reserved 1048576K
}
Event: 12.025 GC heap before
{Heap before GC invocations=16 (full 2):
 PSYoungGen      total 327680K, used 327668K [0x00000000d7000000, 0x00000000f3280000, 0x0000000100000000)
  eden space 310784K, 100% used [0x00000000d7000000,0x00000000e9f80000,0x00000000e9f80000)
  from space 16896K, 99% used [0x00000000e9f80000,0x00000000eaffd360,0x00000000eb000000)
  to   space 20992K, 0% used [0x00000000f1e00000,0x00000000f1e00000,0x00000000f3280000)
 ParOldGen       total 68608K, used 22527K [0x0000000085000000, 0x0000000089300000, 0x00000000d7000000)
  object space 68608K, 32% used [0x0000000085000000,0x00000000865fffb0,0x0000000089300000)
 Metaspace       used 47992K, capacity 48600K, committed 49024K, reserved 1091584K
  class space    used 5848K, capacity 6002K, committed 6016K, reserved 1048576K
Event: 12.052 GC heap after
Heap after GC invocations=16 (full 2):
 PSYoungGen      total 439296K, used 14679K [0x00000000d7000000, 0x00000000f3a00000, 0x0000000100000000)
  eden space 418304K, 0% used [0x00000000d7000000,0x00000000d7000000,0x00000000f0880000)
  from space 20992K, 69% used [0x00000000f1e00000,0x00000000f2c55ef8,0x00000000f3280000)
  to   space 22016K, 0% used [0x00000000f0880000,0x00000000f0880000,0x00000000f1e00000)
 ParOldGen       total 68608K, used 27269K [0x0000000085000000, 0x0000000089300000, 0x00000000d7000000)
  object space 68608K, 39% used [0x0000000085000000,0x0000000086aa16c0,0x0000000089300000)
 Metaspace       used 47992K, capacity 48600K, committed 49024K, reserved 1091584K
  class space    used 5848K, capacity 6002K, committed 6016K, reserved 1048576K
}
Event: 117.296 GC heap before
{Heap before GC invocations=17 (full 2):
 PSYoungGen      total 439296K, used 432983K [0x00000000d7000000, 0x00000000f3a00000, 0x0000000100000000)
  eden space 418304K, 100% used [0x00000000d7000000,0x00000000f0880000,0x00000000f0880000)
  from space 20992K, 69% used [0x00000000f1e00000,0x00000000f2c55ef8,0x00000000f3280000)
  to   space 22016K, 0% used [0x00000000f0880000,0x00000000f0880000,0x00000000f1e00000)
 ParOldGen       total 68608K, used 27269K [0x0000000085000000, 0x0000000089300000, 0x00000000d7000000)
  object space 68608K, 39% used [0x0000000085000000,0x0000000086aa16c0,0x0000000089300000)
 Metaspace       used 53557K, capacity 54356K, committed 54528K, reserved 1097728K
  class space    used 6429K, capacity 6580K, committed 6656K, reserved 1048576K
Event: 117.341 GC heap after
Heap after GC invocations=17 (full 2):
 PSYoungGen      total 440320K, used 18412K [0x00000000d7000000, 0x00000000fbc00000, 0x0000000100000000)
  eden space 418304K, 0% used [0x00000000d7000000,0x00000000d7000000,0x00000000f0880000)
  from space 22016K, 83% used [0x00000000f0880000,0x00000000f1a7b308,0x00000000f1e00000)
  to   space 24064K, 0% used [0x00000000fa480000,0x00000000fa480000,0x00000000fbc00000)
 ParOldGen       total 68608K, used 33634K [0x0000000085000000, 0x0000000089300000, 0x00000000d7000000)
  object space 68608K, 49% used [0x0000000085000000,0x00000000870d8830,0x0000000089300000)
 Metaspace       used 53557K, capacity 54356K, committed 54528K, reserved 1097728K
  class space    used 6429K, capacity 6580K, committed 6656K, reserved 1048576K
}
Event: 84599.930 GC heap before
{Heap before GC invocations=18 (full 2):
 PSYoungGen      total 440320K, used 436716K [0x00000000d7000000, 0x00000000fbc00000, 0x0000000100000000)
  eden space 418304K, 100% used [0x00000000d7000000,0x00000000f0880000,0x00000000f0880000)
  from space 22016K, 83% used [0x00000000f0880000,0x00000000f1a7b308,0x00000000f1e00000)
  to   space 24064K, 0% used [0x00000000fa480000,0x00000000fa480000,0x00000000fbc00000)
 ParOldGen       total 68608K, used 33634K [0x0000000085000000, 0x0000000089300000, 0x00000000d7000000)
  object space 68608K, 49% used [0x0000000085000000,0x00000000870d8830,0x0000000089300000)
 Metaspace       used 54425K, capacity 55238K, committed 55552K, reserved 1097728K
  class space    used 6441K, capacity 6615K, committed 6656K, reserved 1048576K
Event: 84600.893 GC heap after
Heap after GC invocations=18 (full 2):
 PSYoungGen      total 543232K, used 416K [0x00000000d7000000, 0x00000000fab80000, 0x0000000100000000)
  eden space 536064K, 0% used [0x00000000d7000000,0x00000000d7000000,0x00000000f7b80000)
  from space 7168K, 5% used [0x00000000fa480000,0x00000000fa4e8000,0x00000000fab80000)
  to   space 24576K, 0% used [0x00000000f7b80000,0x00000000f7b80000,0x00000000f9380000)
 ParOldGen       total 68608K, used 37872K [0x0000000085000000, 0x0000000089300000, 0x00000000d7000000)
  object space 68608K, 55% used [0x0000000085000000,0x00000000874fc190,0x0000000089300000)
 Metaspace       used 54425K, capacity 55238K, committed 55552K, reserved 1097728K
  class space    used 6441K, capacity 6615K, committed 6656K, reserved 1048576K
}
Event: 110577.197 GC heap before
{Heap before GC invocations=19 (full 2):
 PSYoungGen      total 543232K, used 536480K [0x00000000d7000000, 0x00000000fab80000, 0x0000000100000000)
  eden space 536064K, 100% used [0x00000000d7000000,0x00000000f7b80000,0x00000000f7b80000)
  from space 7168K, 5% used [0x00000000fa480000,0x00000000fa4e8000,0x00000000fab80000)
  to   space 24576K, 0% used [0x00000000f7b80000,0x00000000f7b80000,0x00000000f9380000)
 ParOldGen       total 68608K, used 37872K [0x0000000085000000, 0x0000000089300000, 0x00000000d7000000)
  object space 68608K, 55% used [0x0000000085000000,0x00000000874fc190,0x0000000089300000)
 Metaspace       used 54478K, capacity 55302K, committed 55552K, reserved 1097728K
  class space    used 6442K, capacity 6615K, committed 6656K, reserved 1048576K

Deoptimization events (10 events):
Event: 110550.703 Thread 0x00007f0d19b87000 Uncommon trap: reason=class_check action=maybe_recompile pc=0x00007f0d03c1ee74 method=com.alibaba.dubbo.remoting.transport.netty.NettyChannel.getOrAddChannel(Lorg/jboss/netty/channel/Channel;Lcom/alibaba/dubbo/common/URL;Lcom/alibaba/dubbo/remoting/Channe
Event: 110550.703 Thread 0x00007f0cbc01a000 Uncommon trap: reason=class_check action=maybe_recompile pc=0x00007f0d03c1ee74 method=com.alibaba.dubbo.remoting.transport.netty.NettyChannel.getOrAddChannel(Lorg/jboss/netty/channel/Channel;Lcom/alibaba/dubbo/common/URL;Lcom/alibaba/dubbo/remoting/Channe
Event: 110550.717 Thread 0x00007f0cbc01a000 Uncommon trap: reason=unstable_if action=reinterpret pc=0x00007f0d039ef8f8 method=org.jboss.netty.channel.socket.nio.NioWorker.run()V @ 105
Event: 110550.717 Thread 0x00007f0cc8b5f000 Uncommon trap: reason=bimorphic action=maybe_recompile pc=0x00007f0d039b6054 method=java.util.concurrent.ThreadPoolExecutor.getTask()Ljava/lang/Runnable; @ 149
Event: 110550.717 Thread 0x00007f0ccc047800 Uncommon trap: reason=bimorphic action=maybe_recompile pc=0x00007f0d02f0bb98 method=java.util.concurrent.ThreadPoolExecutor.getTask()Ljava/lang/Runnable; @ 149
Event: 110550.717 Thread 0x00007f0c8c014000 Uncommon trap: reason=bimorphic action=maybe_recompile pc=0x00007f0d039b6054 method=java.util.concurrent.ThreadPoolExecutor.getTask()Ljava/lang/Runnable; @ 149
Event: 110555.203 Thread 0x00007f0d198a2000 Uncommon trap: reason=unstable_if action=reinterpret pc=0x00007f0d03c07544 method=java.util.concurrent.locks.AbstractQueuedSynchronizer$ConditionObject.awaitNanos(J)J @ 47
Event: 110556.497 Thread 0x00007f0d198fe800 Uncommon trap: reason=unstable_if action=reinterpret pc=0x00007f0d02b46e90 method=java.util.concurrent.locks.AbstractQueuedSynchronizer$ConditionObject.addConditionWaiter()Ljava/util/concurrent/locks/AbstractQueuedSynchronizer$Node; @ 15
Event: 110562.994 Thread 0x00007f0d198d0800 Uncommon trap: reason=class_check action=maybe_recompile pc=0x00007f0d03a1b0d4 method=java.util.concurrent.ThreadPoolExecutor.runWorker(Ljava/util/concurrent/ThreadPoolExecutor$Worker;)V @ 95
Event: 110565.163 Thread 0x00007f0d19797800 Uncommon trap: reason=unstable_if action=reinterpret pc=0x00007f0d03aa4b30 method=sun.nio.ch.EPollSelectorImpl.wakeup()Ljava/nio/channels/Selector; @ 11

Internal exceptions (10 events):
Event: 110155.715 Thread 0x00007f0d19abc000 Exception <a 'java/net/SocketTimeoutException': Read timed out> (0x00000000e7423140) thrown at [/HUDSON3/workspace/8-2-build-linux-amd64/jdk8u101/7261/hotspot/src/share/vm/prims/jni.cpp, line 735]
Event: 110356.163 Thread 0x00007f0cbc01a000 Implicit null exception at 0x00007f0d038e9061 to 0x00007f0d038e9902
Event: 110366.855 Thread 0x00007f0d198fe800 Implicit null exception at 0x00007f0d03c24ca8 to 0x00007f0d03c26675
Event: 110370.422 Thread 0x00007f0cbc01a000 Exception <a 'java/lang/NullPointerException'> (0x00000000ecfd1f50) thrown at [/HUDSON3/workspace/8-2-build-linux-amd64/jdk8u101/7261/hotspot/src/share/vm/runtime/sharedRuntime.cpp, line 605]
Event: 110376.075 Thread 0x00007f0cbc01a000 Implicit null exception at 0x00007f0d038e9061 to 0x00007f0d038e9902
Event: 110382.869 Thread 0x00007f0cbc01a000 Exception <a 'java/lang/NullPointerException'> (0x00000000ecfd23e0) thrown at [/HUDSON3/workspace/8-2-build-linux-amd64/jdk8u101/7261/hotspot/src/share/vm/runtime/sharedRuntime.cpp, line 605]
Event: 110498.626 Thread 0x00007f0d198fe800 Implicit null exception at 0x00007f0d038b77ac to 0x00007f0d038b79c5
Event: 110498.642 Thread 0x00007f0d19a09800 Implicit null exception at 0x00007f0d038b77ac to 0x00007f0d038b79c5
Event: 110551.520 Thread 0x00007f0d19abf800 Exception <a 'java/net/SocketTimeoutException': Read timed out> (0x00000000e75e1678) thrown at [/HUDSON3/workspace/8-2-build-linux-amd64/jdk8u101/7261/hotspot/src/share/vm/prims/jni.cpp, line 735]
Event: 110552.002 Thread 0x00007f0d19abf800 Exception <a 'java/lang/ClassCastException'> (0x00000000e75e1d08) thrown at [/HUDSON3/workspace/8-2-build-linux-amd64/jdk8u101/7261/hotspot/src/share/vm/runtime/sharedRuntime.cpp, line 605]

Events (10 events):
Event: 110577.121 Thread 0x00007f0d198d0800 DEOPT UNPACKING pc=0x00007f0d024ae633 sp=0x00007f0cd420b1f0 mode 1
Event: 110577.125 Thread 0x00007f0d198d0800 DEOPT PACKING pc=0x00007f0d03b9dd24 sp=0x00007f0cd420b270
Event: 110577.125 Thread 0x00007f0d198d0800 DEOPT UNPACKING pc=0x00007f0d024ae633 sp=0x00007f0cd420b1f0 mode 1
Event: 110577.131 Thread 0x00007f0d198d0800 DEOPT PACKING pc=0x00007f0d03b9dd24 sp=0x00007f0cd420b270
Event: 110577.131 Thread 0x00007f0d198d0800 DEOPT UNPACKING pc=0x00007f0d024ae633 sp=0x00007f0cd420b1f0 mode 1
Event: 110577.136 Thread 0x00007f0d198d0800 DEOPT PACKING pc=0x00007f0d03b9dd24 sp=0x00007f0cd420b270
Event: 110577.136 Thread 0x00007f0d198d0800 DEOPT UNPACKING pc=0x00007f0d024ae633 sp=0x00007f0cd420b1f0 mode 1
Event: 110577.146 Thread 0x00007f0d198d0800 DEOPT PACKING pc=0x00007f0d03b9dd24 sp=0x00007f0cd420b270
Event: 110577.146 Thread 0x00007f0d198d0800 DEOPT UNPACKING pc=0x00007f0d024ae633 sp=0x00007f0cd420b1f0 mode 1
Event: 110577.157 Executing VM operation: ParallelGCFailedAllocation


Dynamic libraries:
00400000-00401000 r-xp 00000000 fd:02 2100689                            /home/ike/soft/jdk1.8/bin/java
00600000-00601000 rw-p 00000000 fd:02 2100689                            /home/ike/soft/jdk1.8/bin/java
018e1000-01a35000 rw-p 00000000 00:00 0                                  [heap]
85000000-89300000 rw-p 00000000 00:00 0 
89300000-d7000000 ---p 00000000 00:00 0 
d7000000-fab80000 rw-p 00000000 00:00 0 
ffe00000-100000000 ---p 00000000 00:00 0 
100000000-100680000 rw-p 00000000 00:00 0 
100680000-140000000 ---p 00000000 00:00 0 
7f0c7c000000-7f0c7c021000 rw-p 00000000 00:00 0 
7f0c7c021000-7f0c80000000 ---p 00000000 00:00 0 
7f0c80000000-7f0c80021000 rw-p 00000000 00:00 0 
7f0c80021000-7f0c84000000 ---p 00000000 00:00 0 
7f0c84000000-7f0c8402a000 rw-p 00000000 00:00 0 
7f0c8402a000-7f0c88000000 ---p 00000000 00:00 0 
7f0c88000000-7f0c88033000 rw-p 00000000 00:00 0 
7f0c88033000-7f0c8c000000 ---p 00000000 00:00 0 
7f0c8c000000-7f0c8c021000 rw-p 00000000 00:00 0 
7f0c8c021000-7f0c90000000 ---p 00000000 00:00 0 
7f0c910d9000-7f0c910dc000 ---p 00000000 00:00 0 
7f0c910dc000-7f0c911da000 rw-p 00000000 00:00 0 
7f0c911da000-7f0c911dd000 ---p 00000000 00:00 0 
7f0c911dd000-7f0c912db000 rw-p 00000000 00:00 0 
7f0c912db000-7f0c912de000 ---p 00000000 00:00 0 
7f0c912de000-7f0c913dc000 rw-p 00000000 00:00 0 
7f0c913dc000-7f0c913df000 ---p 00000000 00:00 0 
7f0c913df000-7f0c914dd000 rw-p 00000000 00:00 0 
7f0c914dd000-7f0c914e0000 ---p 00000000 00:00 0 
7f0c914e0000-7f0c915de000 rw-p 00000000 00:00 0 
7f0c915de000-7f0c915e1000 ---p 00000000 00:00 0 
7f0c915e1000-7f0c916df000 rw-p 00000000 00:00 0 
7f0c916df000-7f0c916e2000 ---p 00000000 00:00 0 
7f0c916e2000-7f0c917e0000 rw-p 00000000 00:00 0 
7f0c917e0000-7f0c917e3000 ---p 00000000 00:00 0 
7f0c917e3000-7f0c918e1000 rw-p 00000000 00:00 0 
7f0c918e1000-7f0c918e4000 ---p 00000000 00:00 0 
7f0c918e4000-7f0c919e2000 rw-p 00000000 00:00 0 
7f0c919e2000-7f0c919e5000 ---p 00000000 00:00 0 
7f0c919e5000-7f0c91ae3000 rw-p 00000000 00:00 0 
7f0c91ae3000-7f0c91ae6000 ---p 00000000 00:00 0 
7f0c91ae6000-7f0c91be4000 rw-p 00000000 00:00 0 
7f0c91be4000-7f0c91be7000 ---p 00000000 00:00 0 
7f0c91be7000-7f0c91ea5000 rw-p 00000000 00:00 0 
7f0c91ea5000-7f0c91ee5000 ---p 00000000 00:00 0 
7f0c91ee5000-7f0c91ee8000 ---p 00000000 00:00 0 
7f0c91ee8000-7f0c921e6000 rw-p 00000000 00:00 0 
7f0c921e6000-7f0c921e9000 ---p 00000000 00:00 0 
7f0c921e9000-7f0c922e7000 rw-p 00000000 00:00 0 
7f0c922e7000-7f0c922ea000 ---p 00000000 00:00 0 
7f0c922ea000-7f0c923e8000 rw-p 00000000 00:00 0 
7f0c923e8000-7f0c923eb000 ---p 00000000 00:00 0 
7f0c923eb000-7f0c924e9000 rw-p 00000000 00:00 0 
7f0c924e9000-7f0c924ec000 ---p 00000000 00:00 0 
7f0c924ec000-7f0c925ea000 rw-p 00000000 00:00 0 
7f0c925ea000-7f0c925ed000 ---p 00000000 00:00 0 
7f0c925ed000-7f0c926eb000 rw-p 00000000 00:00 0 
7f0c926eb000-7f0c926ee000 ---p 00000000 00:00 0 
7f0c926ee000-7f0c927ec000 rw-p 00000000 00:00 0 
7f0c927ec000-7f0c927ef000 ---p 00000000 00:00 0 
7f0c927ef000-7f0c928ed000 rw-p 00000000 00:00 0 
7f0c928ed000-7f0c928f0000 ---p 00000000 00:00 0 
7f0c928f0000-7f0c929ee000 rw-p 00000000 00:00 0 
7f0c929ee000-7f0c929f1000 ---p 00000000 00:00 0 
7f0c929f1000-7f0c92aef000 rw-p 00000000 00:00 0 
7f0c92aef000-7f0c92af2000 ---p 00000000 00:00 0 
7f0c92af2000-7f0c92bf0000 rw-p 00000000 00:00 0 
7f0c92bf0000-7f0c92bf3000 ---p 00000000 00:00 0 
7f0c92bf3000-7f0c92cf1000 rw-p 00000000 00:00 0 
7f0c92cf1000-7f0c92cf4000 ---p 00000000 00:00 0 
7f0c92cf4000-7f0c92df2000 rw-p 00000000 00:00 0 
7f0c92df2000-7f0c92df5000 ---p 00000000 00:00 0 
7f0c92df5000-7f0c92ef3000 rw-p 00000000 00:00 0 
7f0c92ef3000-7f0c92ef6000 ---p 00000000 00:00 0 
7f0c92ef6000-7f0c92ff4000 rw-p 00000000 00:00 0 
7f0c92ff4000-7f0c92ff7000 ---p 00000000 00:00 0 
7f0c92ff7000-7f0c930f5000 rw-p 00000000 00:00 0 
7f0c930f5000-7f0c930f8000 ---p 00000000 00:00 0 
7f0c930f8000-7f0c931f6000 rw-p 00000000 00:00 0 
7f0c931f6000-7f0c931f9000 ---p 00000000 00:00 0 
7f0c931f9000-7f0c934f7000 rw-p 00000000 00:00 0 
7f0c934f7000-7f0c934fa000 ---p 00000000 00:00 0 
7f0c934fa000-7f0c935f8000 rw-p 00000000 00:00 0 
7f0c935f8000-7f0c935fb000 ---p 00000000 00:00 0 
7f0c935fb000-7f0c936f9000 rw-p 00000000 00:00 0 
7f0c936f9000-7f0c936fc000 ---p 00000000 00:00 0 
7f0c936fc000-7f0c937fa000 rw-p 00000000 00:00 0 
7f0c937fa000-7f0c937fd000 ---p 00000000 00:00 0 
7f0c937fd000-7f0c938fb000 rw-p 00000000 00:00 0 
7f0c938fb000-7f0c938fe000 ---p 00000000 00:00 0 
7f0c938fe000-7f0c939fc000 rw-p 00000000 00:00 0 
7f0c939fc000-7f0c939ff000 ---p 00000000 00:00 0 
7f0c939ff000-7f0c93afd000 rw-p 00000000 00:00 0 
7f0c93afd000-7f0c93b00000 ---p 00000000 00:00 0 
7f0c93b00000-7f0c93bfe000 rw-p 00000000 00:00 0 
7f0c93bfe000-7f0c93c01000 ---p 00000000 00:00 0 
7f0c93c01000-7f0c93cff000 rw-p 00000000 00:00 0 
7f0c93cff000-7f0c93d02000 ---p 00000000 00:00 0 
7f0c93d02000-7f0c94000000 rw-p 00000000 00:00 0 
7f0c94000000-7f0c94021000 rw-p 00000000 00:00 0 
7f0c94021000-7f0c98000000 ---p 00000000 00:00 0 
7f0c98000000-7f0c980ce000 rw-p 00000000 00:00 0 
7f0c980ce000-7f0c9c000000 ---p 00000000 00:00 0 
7f0c9c000000-7f0c9c021000 rw-p 00000000 00:00 0 
7f0c9c021000-7f0ca0000000 ---p 00000000 00:00 0 
7f0ca0000000-7f0ca002a000 rw-p 00000000 00:00 0 
7f0ca002a000-7f0ca4000000 ---p 00000000 00:00 0 
7f0ca4000000-7f0ca4021000 rw-p 00000000 00:00 0 
7f0ca4021000-7f0ca8000000 ---p 00000000 00:00 0 
7f0ca8000000-7f0ca8026000 rw-p 00000000 00:00 0 
7f0ca8026000-7f0cac000000 ---p 00000000 00:00 0 
7f0cac000000-7f0cac453000 rw-p 00000000 00:00 0 
7f0cac453000-7f0cb0000000 ---p 00000000 00:00 0 
7f0cb0000000-7f0cb0021000 rw-p 00000000 00:00 0 
7f0cb0021000-7f0cb4000000 ---p 00000000 00:00 0 
7f0cb4000000-7f0cb4021000 rw-p 00000000 00:00 0 
7f0cb4021000-7f0cb8000000 ---p 00000000 00:00 0 
7f0cb8000000-7f0cb8021000 rw-p 00000000 00:00 0 
7f0cb8021000-7f0cbc000000 ---p 00000000 00:00 0 
7f0cbc000000-7f0cbd4cb000 rw-p 00000000 00:00 0 
7f0cbd4cb000-7f0cc0000000 ---p 00000000 00:00 0 
7f0cc0000000-7f0cc0049000 rw-p 00000000 00:00 0 
7f0cc0049000-7f0cc4000000 ---p 00000000 00:00 0 
7f0cc4000000-7f0cc7fc1000 rw-p 00000000 00:00 0 
7f0cc7fc1000-7f0cc8000000 ---p 00000000 00:00 0 
7f0cc8000000-7f0ccb3f4000 rw-p 00000000 00:00 0 
7f0ccb3f4000-7f0ccc000000 ---p 00000000 00:00 0 
7f0ccc000000-7f0ccc089000 rw-p 00000000 00:00 0 
7f0ccc089000-7f0cd0000000 ---p 00000000 00:00 0 
7f0cd0000000-7f0cd00b4000 rw-p 00000000 00:00 0 
7f0cd00b4000-7f0cd4000000 ---p 00000000 00:00 0 
7f0cd400b000-7f0cd400e000 ---p 00000000 00:00 0 
7f0cd400e000-7f0cd410c000 rw-p 00000000 00:00 0 
7f0cd410c000-7f0cd410f000 ---p 00000000 00:00 0 
7f0cd410f000-7f0cd420d000 rw-p 00000000 00:00 0 
7f0cd420d000-7f0cd4210000 ---p 00000000 00:00 0 
7f0cd4210000-7f0cd430e000 rw-p 00000000 00:00 0 
7f0cd430e000-7f0cd4311000 ---p 00000000 00:00 0 
7f0cd4311000-7f0cd440f000 rw-p 00000000 00:00 0 
7f0cd440f000-7f0cd4412000 ---p 00000000 00:00 0 
7f0cd4412000-7f0cd4710000 rw-p 00000000 00:00 0 
7f0cd4710000-7f0cd4910000 rw-p 00000000 00:00 0 
7f0cd4910000-7f0cd4b10000 rw-p 00000000 00:00 0 
7f0cd4b10000-7f0cd4b13000 ---p 00000000 00:00 0 
7f0cd4b13000-7f0cd4e11000 rw-p 00000000 00:00 0 
7f0cd4e11000-7f0cd5011000 rw-p 00000000 00:00 0 
7f0cd5011000-7f0cd5027000 r-xp 00000000 fd:00 2890778                    /usr/lib64/libgcc_s-6.3.1-20161221.so.1
7f0cd5027000-7f0cd5226000 ---p 00016000 fd:00 2890778                    /usr/lib64/libgcc_s-6.3.1-20161221.so.1
7f0cd5226000-7f0cd5227000 r--p 00015000 fd:00 2890778                    /usr/lib64/libgcc_s-6.3.1-20161221.so.1
7f0cd5227000-7f0cd5228000 rw-p 00016000 fd:00 2890778                    /usr/lib64/libgcc_s-6.3.1-20161221.so.1
7f0cd5228000-7f0cd525a000 r-xp 00000000 fd:02 2100254                    /home/ike/soft/jdk1.8/jre/lib/amd64/libsunec.so
7f0cd525a000-7f0cd5459000 ---p 00032000 fd:02 2100254                    /home/ike/soft/jdk1.8/jre/lib/amd64/libsunec.so
7f0cd5459000-7f0cd545f000 rw-p 00031000 fd:02 2100254                    /home/ike/soft/jdk1.8/jre/lib/amd64/libsunec.so
7f0cd545f000-7f0cd566f000 rw-p 00000000 00:00 0 
7f0cd56b5000-7f0cd574b000 r--s 01102000 fd:02 2100425                    /home/ike/soft/jdk1.8/jre/lib/ext/jfxrt.jar
7f0cd574b000-7f0cd574e000 ---p 00000000 00:00 0 
7f0cd574e000-7f0cd5a4c000 rw-p 00000000 00:00 0 
7f0cd5a4c000-7f0cd5a4f000 ---p 00000000 00:00 0 
7f0cd5a4f000-7f0cd5b4d000 rw-p 00000000 00:00 0 
7f0cd5b4d000-7f0cd5b50000 ---p 00000000 00:00 0 
7f0cd5b50000-7f0cd5e4e000 rw-p 00000000 00:00 0 
7f0cd5e4e000-7f0cd5e51000 ---p 00000000 00:00 0 
7f0cd5e51000-7f0cd5f4f000 rw-p 00000000 00:00 0 
7f0cd5f4f000-7f0cd5f60000 r-xp 00000000 fd:02 2100229                    /home/ike/soft/jdk1.8/jre/lib/amd64/libnio.so
7f0cd5f60000-7f0cd615f000 ---p 00011000 fd:02 2100229                    /home/ike/soft/jdk1.8/jre/lib/amd64/libnio.so
7f0cd615f000-7f0cd6160000 rw-p 00010000 fd:02 2100229                    /home/ike/soft/jdk1.8/jre/lib/amd64/libnio.so
7f0cd6160000-7f0cd6176000 r-xp 00000000 fd:02 2100243                    /home/ike/soft/jdk1.8/jre/lib/amd64/libnet.so
7f0cd6176000-7f0cd6376000 ---p 00016000 fd:02 2100243                    /home/ike/soft/jdk1.8/jre/lib/amd64/libnet.so
7f0cd6376000-7f0cd6377000 rw-p 00016000 fd:02 2100243                    /home/ike/soft/jdk1.8/jre/lib/amd64/libnet.so
7f0cd6377000-7f0cd6380000 r-xp 00000000 fd:02 2100283                    /home/ike/soft/jdk1.8/jre/lib/amd64/libmanagement.so
7f0cd6380000-7f0cd657f000 ---p 00009000 fd:02 2100283                    /home/ike/soft/jdk1.8/jre/lib/amd64/libmanagement.so
7f0cd657f000-7f0cd6580000 rw-p 00008000 fd:02 2100283                    /home/ike/soft/jdk1.8/jre/lib/amd64/libmanagement.so
7f0cd6580000-7f0cd6780000 rw-p 00000000 00:00 0 
7f0cd6780000-7f0cd6980000 rw-p 00000000 00:00 0 
7f0cd6980000-7f0cd6b80000 rw-p 00000000 00:00 0 
7f0cd6b80000-7f0cd6d80000 rw-p 00000000 00:00 0 
7f0cd6d80000-7f0cd6f80000 rw-p 00000000 00:00 0 
7f0cd6fe7000-7f0cd6fed000 r--s 0003f000 fd:02 2100426                    /home/ike/soft/jdk1.8/jre/lib/ext/sunjce_provider.jar
7f0cd6fed000-7f0cd6fee000 r--s 00009000 fd:02 2100423                    /home/ike/soft/jdk1.8/jre/lib/ext/sunec.jar
7f0cd6fee000-7f0cd6ff2000 r--s 0003a000 fd:02 2100420                    /home/ike/soft/jdk1.8/jre/lib/ext/sunpkcs11.jar
7f0cd6ff2000-7f0cd6ff6000 r--s 00097000 fd:02 2100406                    /home/ike/soft/jdk1.8/jre/lib/jsse.jar
7f0cd6ff6000-7f0cd6ffb000 r--s 002f9000 fd:02 2100432                    /home/ike/soft/jdk1.8/jre/lib/charsets.jar
7f0cd6ffb000-7f0cd6ffe000 r--s 0001a000 fd:02 2100204                    /home/ike/soft/jdk1.8/jre/lib/jce.jar
7f0cd6ffe000-7f0cd71fe000 rw-p 00000000 00:00 0 
7f0cd71fe000-7f0cd73fe000 rw-p 00000000 00:00 0 
7f0cd73fe000-7f0cd75fe000 rw-p 00000000 00:00 0 
7f0cd75fe000-7f0cd7608000 r--s 00116000 fd:02 2100424                    /home/ike/soft/jdk1.8/jre/lib/ext/localedata.jar
7f0cd7608000-7f0cd7609000 ---p 00000000 00:00 0 
7f0cd7609000-7f0cd7709000 rw-p 00000000 00:00 0 
7f0cd7709000-7f0cd770c000 ---p 00000000 00:00 0 
7f0cd770c000-7f0cd780a000 rw-p 00000000 00:00 0 
7f0cd780a000-7f0cd780d000 ---p 00000000 00:00 0 
7f0cd780d000-7f0cd790b000 rw-p 00000000 00:00 0 
7f0cd790b000-7f0cd790e000 ---p 00000000 00:00 0 
7f0cd790e000-7f0cd7a0c000 rw-p 00000000 00:00 0 
7f0cd7a0c000-7f0cd7a0f000 ---p 00000000 00:00 0 
7f0cd7a0f000-7f0cd7b0d000 rw-p 00000000 00:00 0 
7f0cd7b0d000-7f0cd7b0f000 r--s 0000a000 fd:02 2103023                    /home/ike/soft/idea-IU-171.4424.56/plugins/Groovy/lib/agent/gragent.jar
7f0cd7b0f000-7f0cd7b11000 r--s 0001a000 fd:02 2102710                    /home/ike/soft/idea-IU-171.4424.56/lib/idea_rt.jar
7f0cd7b11000-7f0cd7b13000 r--s 0000c000 fd:02 3670899                    /home/ike/.m2/repository/org/ow2/asm/asm/5.0.4/asm-5.0.4.jar
7f0cd7b13000-7f0cd7b14000 r--s 00000000 fd:02 4459279                    /home/ike/.gradle/caches/modules-2/files-2.1/javax.inject/javax.inject/1/6975da39a7040257bd51d21a231b76c915872d38/javax.inject-1.jar
7f0cd7b14000-7f0cd7b15000 r--s 00001000 fd:02 4459277                    /home/ike/.gradle/caches/modules-2/files-2.1/javax.annotation/jsr250-api/1.0/5025422767732a1ab45d93abfea846513d742dcf/jsr250-api-1.0.jar
7f0cd7b15000-7f0cd7b16000 r--s 00001000 fd:02 4459275                    /home/ike/.gradle/caches/modules-2/files-2.1/org.jboss.spec.javax.interceptor/jboss-interceptors-api_1.1_spec/1.0.0.Beta1/8cb388fd3b4912373da7a18e199bb55aa52aa5c1/jboss-interceptors-api_1.1_spec-1.0.0.Beta1.jar
7f0cd7b16000-7f0cd7b18000 r--s 00007000 fd:02 4459273                    /home/ike/.gradle/caches/modules-2/files-2.1/javax.el/el-api/2.2/42971279cc8ba864462580c7fc2199fd5715ee7f/el-api-2.2.jar
7f0cd7b18000-7f0cd7b1a000 r--s 00005000 fd:02 2234244                    /home/ike/.m2/repository/stax/stax-api/1.0.1/stax-api-1.0.1.jar
7f0cd7b1a000-7f0cd7b1c000 r--s 0000b000 fd:02 2624367                    /home/ike/.m2/repository/org/objenesis/objenesis/2.2/objenesis-2.2.jar
7f0cd7b1c000-7f0cd7b1d000 r--s 00001000 fd:02 3670910                    /home/ike/.m2/repository/com/esotericsoftware/minlog/1.3.0/minlog-1.3.0.jar
7f0cd7b1d000-7f0cd7b1f000 r--s 00004000 fd:02 3670897                    /home/ike/.m2/repository/com/esotericsoftware/reflectasm/1.11.3/reflectasm-1.11.3.jar
7f0cd7b1f000-7f0cd7b23000 r--s 0000e000 fd:02 4459271                    /home/ike/.gradle/caches/modules-2/files-2.1/javax.enterprise/cdi-api/1.1/78b1feee99b05a78575fb2fd79fb77be5e74420d/cdi-api-1.1.jar
7f0cd7b23000-7f0cd7b26000 r--s 0002b000 fd:02 4459269                    /home/ike/.gradle/caches/modules-2/files-2.1/org.jboss/jandex/2.0.0.Final/3e899258936f94649c777193e1be846387ed54b3/jandex-2.0.0.Final.jar
7f0cd7b26000-7f0cd7b2b000 r--s 00068000 fd:02 2103485                    /home/ike/.m2/repository/antlr/antlr/2.7.7/antlr-2.7.7.jar
7f0cd7b2b000-7f0cd7b69000 r--s 0025d000 fd:02 2234241                    /home/ike/.m2/repository/org/apache/xmlbeans/xmlbeans/2.6.0/xmlbeans-2.6.0.jar
7f0cd7b69000-7f0cd7b81000 r--s 00110000 fd:02 3670926                    /home/ike/.m2/repository/io/netty/netty/3.7.0.Final/netty-3.7.0.Final.jar
7f0cd7b81000-7f0cd7b83000 r--s 00014000 fd:02 3539264                    /home/ike/.m2/repository/jline/jline/0.9.94/jline-0.9.94.jar
7f0cd7b83000-7f0cd7b84000 r--s 00002000 fd:02 3015918                    /home/ike/.m2/repository/org/slf4j/slf4j-log4j12/1.6.1/slf4j-log4j12-1.6.1.jar
7f0cd7b84000-7f0cd7b8c000 r--s 00048000 fd:02 3670895                    /home/ike/.m2/repository/com/esotericsoftware/kryo/4.0.0/kryo-4.0.0.jar
7f0cd7b8c000-7f0cd7b96000 r--s 000ae000 fd:02 3145958                    /home/ike/.m2/repository/org/javassist/javassist/3.20.0-GA/javassist-3.20.0-GA.jar
7f0cd7b96000-7f0cd7b99000 r--s 00010000 fd:02 4459261                    /home/ike/.gradle/caches/modules-2/files-2.1/org.hibernate.common/hibernate-commons-annotations/5.0.1.Final/71e1cff3fcb20d3b3af4f3363c3ddb24d33c6879/hibernate-commons-annotations-5.0.1.Final.jar
7f0cd7b99000-7f0cd7b9e000 r--s 00048000 fd:02 3801997                    /home/ike/.m2/repository/dom4j/dom4j/1.6.1/dom4j-1.6.1.jar
7f0cd7b9e000-7f0cd7c16000 r--s 005a9000 fd:02 4459259                    /home/ike/.gradle/caches/modules-2/files-2.1/org.hibernate/hibernate-core/5.2.4.Final/52414fccd4429d8f723996e26c61330df094d06c/hibernate-core-5.2.4.Final.jar
7f0cd7c16000-7f0cd7c1a000 r--s 0000c000 fd:02 3540885                    /home/ike/.m2/repository/javax/validation/validation-api/1.1.0.Final/validation-api-1.1.0.Final.jar
7f0cd7c1a000-7f0cd7c22000 r--s 00048000 fd:02 3807593                    /home/ike/.gradle/caches/modules-2/files-2.1/org.apache.httpcomponents/httpcore/4.4.6/e3fd8ced1f52c7574af952e2e6da0df8df08eb82/httpcore-4.4.6.jar
7f0cd7c22000-7f0cd7c26000 r--s 00015000 fd:02 3542611                    /home/ike/.gradle/caches/modules-2/files-2.1/com.github.virtuald/curvesapi/1.04/3386abf821719bc89c7685f9eaafaf4a842f0199/curvesapi-1.04.jar
7f0cd7c26000-7f0cd7ce0000 r--s 004e0000 fd:02 7867893                    /home/ike/.gradle/caches/modules-2/files-2.1/org.apache.poi/poi-ooxml-schemas/3.16/9828a49307fc6bebfd42185b677d88b6e4994c63/poi-ooxml-schemas-3.16.jar
7f0cd7ce0000-7f0cd7cf0000 r--s 000a8000 fd:02 3542609                    /home/ike/.gradle/caches/modules-2/files-2.1/org.apache.commons/commons-collections4/4.1/a4cf4688fe1c7e3a63aa636cc96d013af537768e/commons-collections4-4.1.jar
7f0cd7cf0000-7f0cd7cf7000 r--s 0003f000 fd:02 4196565                    /home/ike/.m2/repository/commons-codec/commons-codec/1.10/commons-codec-1.10.jar
7f0cd7cf7000-7f0cd7d03000 r--s 000b9000 fd:02 4587592                    /home/ike/.gradle/caches/modules-2/files-2.1/org.apache.zookeeper/zookeeper/3.4.8/933ea2ed15e6a0e24b788973e3d128ff163c3136/zookeeper-3.4.8.jar
7f0cd7d03000-7f0cd7d0c000 r--s 0006f000 fd:02 3670891                    /home/ike/.m2/repository/log4j/log4j/1.2.17/log4j-1.2.17.jar
7f0cd7d0c000-7f0cd7d24000 r--s 001bf000 fd:02 3670928                    /home/ike/.m2/repository/org/aspectj/aspectjweaver/1.8.10/aspectjweaver-1.8.10.jar
7f0cd7d24000-7f0cd7d2e000 r--s 00098000 fd:02 3671156                    /home/ike/.m2/repository/org/quartz-scheduler/quartz/2.2.3/quartz-2.2.3.jar
7f0cd7d2e000-7f0cd7d33000 r--s 00029000 fd:02 3671151                    /home/ike/.m2/repository/org/springframework/spring-context-support/4.3.5.RELEASE/spring-context-support-4.3.5.RELEASE.jar
7f0cd7d33000-7f0cd7d36000 r--s 0000c000 fd:02 3671062                    /home/ike/.m2/repository/org/mengyun/tcc-transaction-core/1.1.5/tcc-transaction-core-1.1.5.jar
7f0cd7d36000-7f0cd7d46000 r--s 000b2000 fd:02 3147507                    /home/ike/.m2/repository/org/jboss/netty/netty/3.2.5.Final/netty-3.2.5.Final.jar
7f0cd7d46000-7f0cd7d48000 r--s 0000e000 fd:02 3146093                    /home/ike/.m2/repository/commons-logging/commons-logging/1.2/commons-logging-1.2.jar
7f0cd7d48000-7f0cd7d4b000 r--s 00019000 fd:02 3808679                    /home/ike/.gradle/caches/modules-2/files-2.1/org.apache.commons/commons-pool2/2.4.2/e5f4f28f19d57716fbc3989d7a357ebf1e454fea/commons-pool2-2.4.2.jar
7f0cd7d4b000-7f0cd7e22000 r--s 007a9000 fd:02 6293761                    /home/ike/.gradle/caches/modules-2/files-2.1/net.sf.ehcache/ehcache/2.10.3/cf74f9a4a049f181833b147a1d9aa62159c9d01d/ehcache-2.10.3.jar
7f0cd7e22000-7f0cd7e24000 r--s 0000f000 fd:02 3672160                    /home/ike/.m2/repository/org/jboss/logging/jboss-logging/3.3.0.Final/jboss-logging-3.3.0.Final.jar
7f0cd7e24000-7f0cd7e26000 r--s 00003000 fd:02 4588021                    /home/ike/.gradle/caches/modules-2/files-2.1/org.slf4j/jcl-over-slf4j/1.7.22/86ceac14535af5a42c8fb0d06d79b925dd3cb263/jcl-over-slf4j-1.7.22.jar
7f0cd7e26000-7f0cd7e2e000 r--s 0003a000 fd:02 3671152                    /home/ike/.m2/repository/org/springframework/spring-tx/4.3.5.RELEASE/spring-tx-4.3.5.RELEASE.jar
7f0cd7e2e000-7f0cd7e32000 r--s 00019000 fd:02 4587747                    /home/ike/.gradle/caches/modules-2/files-2.1/org.aspectj/aspectjrt/1.8.9/87372d9e2323313bec24b09a325bfea8ae0eb867/aspectjrt-1.8.9.jar
7f0cd7e32000-7f0cd7e3c000 r--s 00068000 fd:02 4587743                    /home/ike/.gradle/caches/modules-2/files-2.1/org.springframework/spring-orm/4.2.8.RELEASE/43b557f5025782616f791dbd720b4a606eeca1bf/spring-orm-4.2.8.RELEASE.jar
7f0cd7e3c000-7f0cd7e41000 r--s 0003c000 fd:02 6554776                    /home/ike/.gradle/caches/modules-2/files-2.1/org.springframework/spring-expression/4.3.7.RELEASE/5257b6486e43d8c05674323fea5b415d4da72f38/spring-expression-4.3.7.RELEASE.jar
7f0cd7e41000-7f0cd7e58000 r--s 000fb000 fd:02 6424510                    /home/ike/.gradle/caches/modules-2/files-2.1/org.springframework/spring-core/4.3.7.RELEASE/54fa2db94cc7222edc90ec71354e47cd1dc07f7b/spring-core-4.3.7.RELEASE.jar
7f0cd7e58000-7f0cd7e66000 r--s 000ad000 fd:02 6424518                    /home/ike/.gradle/caches/modules-2/files-2.1/org.springframework/spring-beans/4.3.7.RELEASE/2de9f59f3202965438f3a02057d6ad8274636044/spring-beans-4.3.7.RELEASE.jar
7f0cd7e66000-7f0cd7e6f000 r--s 00054000 fd:02 6554774                    /home/ike/.gradle/caches/modules-2/files-2.1/org.springframework/spring-aop/4.3.7.RELEASE/3f243d685e4a8a78a0c291445c6d85560ec4d339/spring-aop-4.3.7.RELEASE.jar
7f0cd7e6f000-7f0cd7e81000 r--s 000a7000 fd:02 3670135                    /home/ike/.gradle/caches/modules-2/files-2.1/org.hibernate/hibernate-validator/5.4.0.Final/2076cbd5719e4182a75ab32e7186deb0ca5ac376/hibernate-validator-5.4.0.Final.jar
7f0cd7e81000-7f0cd7e8e000 r--s 000aa000 fd:02 3807591                    /home/ike/.gradle/caches/modules-2/files-2.1/org.apache.httpcomponents/httpclient/4.5.3/d1577ae15f01ef5438c5afc62162457c00a34713/httpclient-4.5.3.jar
7f0cd7e8e000-7f0cd7ea1000 r--s 0014c000 fd:02 7867891                    /home/ike/.gradle/caches/modules-2/files-2.1/org.apache.poi/poi-ooxml/3.16/76e20fe22404cc4da55ddfdaaaadee32bbfa3bdd/poi-ooxml-3.16.jar
7f0cd7ea1000-7f0cd7ecd000 r--s 00263000 fd:02 7867889                    /home/ike/.gradle/caches/modules-2/files-2.1/org.apache.poi/poi/3.16/ad21c123ee5d6b5b2a8f0d4ed23b3ffe6759a889/poi-3.16.jar
7f0cd7ecd000-7f0cd7ed0000 r--s 00015000 fd:02 3807983                    /home/ike/.m2/repository/javax/servlet/javax.servlet-api/3.1.0/javax.servlet-api-3.1.0.jar
7f0cd7ed0000-7f0cd7ed3000 r--s 00010000 fd:02 4587590                    /home/ike/.gradle/caches/modules-2/files-2.1/com.101tec/zkclient/0.10/c54d4b5a5e89af75a80b6d5857400165ce5188d0/zkclient-0.10.jar
7f0cd7ed3000-7f0cd7ef1000 r--s 00143000 fd:02 3670645                    /home/ike/.m2/repository/com/alibaba/dubbo/2.5.4-SNAPSHOT/dubbo-2.5.4-SNAPSHOT.jar
7f0cd7ef1000-7f0cd7ef3000 r--s 0000e000 fd:02 4459297                    /home/ike/.gradle/caches/modules-2/files-2.1/com.fasterxml/classmate/1.3.3/864c8e370a691e343210cc7c532fc198cee460d8/classmate-1.3.3.jar
7f0cd7ef3000-7f0cd7eff000 r--s 0007c000 fd:02 4590155                    /home/ike/.gradle/caches/modules-2/files-2.1/redis.clients/jedis/2.9.0/292bc9cc26553acd3cccc26f2f95620bf88a04c2/jedis-2.9.0.jar
7f0cd7eff000-7f0cd7f02000 ---p 00000000 00:00 0 
7f0cd7f02000-7f0cd8000000 rw-p 00000000 00:00 0 
7f0cd8000000-7f0cd8238000 rw-p 00000000 00:00 0 
7f0cd8238000-7f0cdc000000 ---p 00000000 00:00 0 
7f0cdc000000-7f0cdc021000 rw-p 00000000 00:00 0 
7f0cdc021000-7f0ce0000000 ---p 00000000 00:00 0 
7f0ce0000000-7f0ce0021000 rw-p 00000000 00:00 0 
7f0ce0021000-7f0ce4000000 ---p 00000000 00:00 0 
7f0ce4000000-7f0ce428d000 rw-p 00000000 00:00 0 
7f0ce428d000-7f0ce8000000 ---p 00000000 00:00 0 
7f0ce8000000-7f0ce8022000 rw-p 00000000 00:00 0 
7f0ce8022000-7f0cec000000 ---p 00000000 00:00 0 
7f0cec000000-7f0cec2a9000 rw-p 00000000 00:00 0 
7f0cec2a9000-7f0cf0000000 ---p 00000000 00:00 0 
7f0cf0000000-7f0cf0023000 rw-p 00000000 00:00 0 
7f0cf0023000-7f0cf4000000 ---p 00000000 00:00 0 
7f0cf4000000-7f0cf4029000 rw-p 00000000 00:00 0 
7f0cf4029000-7f0cf8000000 ---p 00000000 00:00 0 
7f0cf8000000-7f0cf8048000 rw-p 00000000 00:00 0 
7f0cf8048000-7f0cfc000000 ---p 00000000 00:00 0 
7f0cfc000000-7f0cfc001000 r--s 00003000 fd:02 3540889                    /home/ike/.m2/repository/org/apache/geronimo/specs/geronimo-jta_1.1_spec/1.1.1/geronimo-jta_1.1_spec-1.1.1.jar
7f0cfc001000-7f0cfc030000 r--s 00239000 fd:02 5376285                    /home/ike/.gradle/caches/modules-2/files-2.1/com.google.guava/guava/21.0/3a3d111be1be1b745edfa7d91678a12d7ed38709/guava-21.0.jar
7f0cfc030000-7f0cfc035000 r--s 00061000 fd:02 3670330                    /home/ike/.gradle/caches/modules-2/files-2.1/com.alibaba/fastjson/1.2.23/be2508e9bac203c38f3f52fc8d33332c4e7ee6c5/fastjson-1.2.23.jar
7f0cfc035000-7f0cfc038000 r--s 0001a000 fd:02 7733451                    /home/ike/.gradle/caches/modules-2/files-2.1/org.glassfish.web/javax.el/2.2.6/232abfe1f919127e9cfcd6e4e2c6324bb394535/javax.el-2.2.6.jar
7f0cfc038000-7f0cfc049000 r--s 0009a000 fd:02 6424506                    /home/ike/.gradle/caches/modules-2/files-2.1/org.springframework.data/spring-data-commons/1.12.8.RELEASE/827a994d703ad9916b694d17401d8bf78bd773f9/spring-data-commons-1.12.8.RELEASE.jar
7f0cfc049000-7f0cfc053000 r--s 0005f000 fd:02 3671148                    /home/ike/.m2/repository/org/springframework/spring-jdbc/4.3.5.RELEASE/spring-jdbc-4.3.5.RELEASE.jar
7f0cfc053000-7f0cfc06d000 r--s 000fd000 fd:02 6424513                    /home/ike/.gradle/caches/modules-2/files-2.1/org.springframework/spring-context/4.3.7.RELEASE/34b66b0b7910122ef95ba4fff6da9238ef80a5de/spring-context-4.3.7.RELEASE.jar
7f0cfc06d000-7f0cfc084000 r--s 001b7000 fd:02 4587733                    /home/ike/.gradle/caches/modules-2/files-2.1/mysql/mysql-connector-java/6.0.5/9d8df5a1f3273110f2a9ad304961bdd03d696d86/mysql-connector-java-6.0.5.jar
7f0cfc084000-7f0cfc0a6000 r--s 001e6000 fd:02 4587737                    /home/ike/.gradle/caches/modules-2/files-2.1/com.alibaba/druid/1.0.26/f4bc6159b34e4cda5abd6480203492b470aa1a36/druid-1.0.26.jar
7f0cfc0a6000-7f0cfc0a9000 ---p 00000000 00:00 0 
7f0cfc0a9000-7f0cfc1a7000 rw-p 00000000 00:00 0 
7f0cfc1a7000-7f0cfc1aa000 ---p 00000000 00:00 0 
7f0cfc1aa000-7f0cfc2a8000 rw-p 00000000 00:00 0 
7f0cfc2a8000-7f0cfc2ac000 r-xp 00000000 fd:02 2100248                    /home/ike/soft/jdk1.8/jre/lib/amd64/libdt_socket.so
7f0cfc2ac000-7f0cfc4ab000 ---p 00004000 fd:02 2100248                    /home/ike/soft/jdk1.8/jre/lib/amd64/libdt_socket.so
7f0cfc4ab000-7f0cfc4ac000 rw-p 00003000 fd:02 2100248                    /home/ike/soft/jdk1.8/jre/lib/amd64/libdt_socket.so
7f0cfc4ac000-7f0cfc4af000 ---p 00000000 00:00 0 
7f0cfc4af000-7f0cfc5ad000 rw-p 00000000 00:00 0 
7f0cfc5ad000-7f0cfc5b0000 ---p 00000000 00:00 0 
7f0cfc5b0000-7f0cfc6ae000 rw-p 00000000 00:00 0 
7f0cfc6ae000-7f0cfc6b1000 ---p 00000000 00:00 0 
7f0cfc6b1000-7f0cfc7af000 rw-p 00000000 00:00 0 
7f0cfc7af000-7f0cfc7b0000 ---p 00000000 00:00 0 
7f0cfc7b0000-7f0cfd7bf000 rw-p 00000000 00:00 0 
7f0cfd7bf000-7f0cfd998000 r--s 03d29000 fd:02 2100521                    /home/ike/soft/jdk1.8/jre/lib/rt.jar
7f0cfd998000-7f0d02366000 rw-p 00000000 00:00 0 
7f0d02366000-7f0d02367000 ---p 00000000 00:00 0 
7f0d02367000-7f0d02467000 rw-p 00000000 00:00 0 
7f0d02467000-7f0d03cd7000 rwxp 00000000 00:00 0 
7f0d03cd7000-7f0d11467000 ---p 00000000 00:00 0 
7f0d11467000-7f0d18000000 r--p 00000000 fd:00 2885042                    /usr/lib/locale/locale-archive
7f0d18000000-7f0d19bfc000 rw-p 00000000 00:00 0 
7f0d19bfc000-7f0d1c000000 ---p 00000000 00:00 0 
7f0d1c000000-7f0d1c001000 r--s 00001000 fd:02 3670688                    /home/ike/.m2/repository/org/mengyun/tcc-transaction-api/1.1.5/tcc-transaction-api-1.1.5.jar
7f0d1c001000-7f0d1c003000 r--s 00010000 fd:02 7733449                    /home/ike/.gradle/caches/modules-2/files-2.1/javax.el/javax.el-api/3.0.1-b04/8c0c970b8deae5054ff0bf4b17979c8181a506d3/javax.el-api-3.0.1-b04.jar
7f0d1c003000-7f0d1c006000 r--s 00020000 fd:02 6168744                    /home/ike/.gradle/caches/modules-2/files-2.1/org.hibernate/hibernate-ehcache/5.2.4.Final/f70147c655b970ca70e3913f91880da6d264fe68/hibernate-ehcache-5.2.4.Final.jar
7f0d1c006000-7f0d1c00d000 r--s 0003e000 fd:02 4587735                    /home/ike/.gradle/caches/modules-2/files-2.1/org.springframework.data/spring-data-jpa/1.10.3.RELEASE/fc31fbdb8ff777d29077ac53a616f11c2c0df59/spring-data-jpa-1.10.3.RELEASE.jar
7f0d1c00d000-7f0d1c011000 r--s 0002f000 fd:02 3670137                    /home/ike/.gradle/caches/modules-2/files-2.1/commons-io/commons-io/2.5/2852e6e05fbb95076fc091f6d1780f1f8fe35e0f/commons-io-2.5.jar
7f0d1c011000-7f0d1c013000 r--s 00009000 fd:02 4460443                    /home/ike/.gradle/caches/modules-2/files-2.1/org.slf4j/slf4j-api/1.7.24/3f6b4bd4f8dbe8d4bea06d107a3826469b85c3e9/slf4j-api-1.7.24.jar
7f0d1c013000-7f0d1c01b000 r--s 0006e000 fd:02 3670118                    /home/ike/.gradle/caches/modules-2/files-2.1/org.apache.commons/commons-lang3/3.5/6c6c702c89bfff3cd9e80b04d668c5e190d588c6/commons-lang3-3.5.jar
7f0d1c01b000-7f0d1c020000 r--s 00017000 fd:02 3148263                    /home/ike/.m2/repository/org/hibernate/javax/persistence/hibernate-jpa-2.1-api/1.0.0.Final/hibernate-jpa-2.1-api-1.0.0.Final.jar
7f0d1c020000-7f0d1c033000 r--s 00345000 fd:02 2100473                    /home/ike/soft/jdk1.8/jre/lib/resources.jar
7f0d1c033000-7f0d1c046000 r--s 000d6000 fd:02 2100468                    /home/ike/soft/jdk1.8/jre/lib/plugin.jar
7f0d1c046000-7f0d1c061000 r--s 00208000 fd:02 2100407                    /home/ike/soft/jdk1.8/jre/lib/deploy.jar
7f0d1c061000-7f0d1c062000 ---p 00000000 00:00 0 
7f0d1c062000-7f0d1c162000 rw-p 00000000 00:00 0 
7f0d1c162000-7f0d1c163000 ---p 00000000 00:00 0 
7f0d1c163000-7f0d1c263000 rw-p 00000000 00:00 0 
7f0d1c263000-7f0d1c264000 ---p 00000000 00:00 0 
7f0d1c264000-7f0d1c386000 rw-p 00000000 00:00 0 
7f0d1c386000-7f0d1c5f4000 ---p 00000000 00:00 0 
7f0d1c5f4000-7f0d1c616000 rw-p 00000000 00:00 0 
7f0d1c616000-7f0d1c884000 ---p 00000000 00:00 0 
7f0d1c884000-7f0d1c9a2000 rw-p 00000000 00:00 0 
7f0d1c9a2000-7f0d1c9cc000 ---p 00000000 00:00 0 
7f0d1c9cc000-7f0d1ca2f000 rw-p 00000000 00:00 0 
7f0d1ca2f000-7f0d1cd8d000 ---p 00000000 00:00 0 
7f0d1cd8d000-7f0d1cda7000 r-xp 00000000 fd:02 2100263                    /home/ike/soft/jdk1.8/jre/lib/amd64/libzip.so
7f0d1cda7000-7f0d1cfa7000 ---p 0001a000 fd:02 2100263                    /home/ike/soft/jdk1.8/jre/lib/amd64/libzip.so
7f0d1cfa7000-7f0d1cfa8000 rw-p 0001a000 fd:02 2100263                    /home/ike/soft/jdk1.8/jre/lib/amd64/libzip.so
7f0d1cfa8000-7f0d1cfb2000 r-xp 00000000 fd:00 2891856                    /usr/lib64/libnss_files-2.24.so
7f0d1cfb2000-7f0d1d1b2000 ---p 0000a000 fd:00 2891856                    /usr/lib64/libnss_files-2.24.so
7f0d1d1b2000-7f0d1d1b3000 r--p 0000a000 fd:00 2891856                    /usr/lib64/libnss_files-2.24.so
7f0d1d1b3000-7f0d1d1b4000 rw-p 0000b000 fd:00 2891856                    /usr/lib64/libnss_files-2.24.so
7f0d1d1b4000-7f0d1d1ba000 rw-p 00000000 00:00 0 
7f0d1d1ba000-7f0d1d1c4000 r-xp 00000000 fd:02 2100232                    /home/ike/soft/jdk1.8/jre/lib/amd64/libinstrument.so
7f0d1d1c4000-7f0d1d3c3000 ---p 0000a000 fd:02 2100232                    /home/ike/soft/jdk1.8/jre/lib/amd64/libinstrument.so
7f0d1d3c3000-7f0d1d3c4000 rw-p 00009000 fd:02 2100232                    /home/ike/soft/jdk1.8/jre/lib/amd64/libinstrument.so
7f0d1d3c4000-7f0d1d3c6000 r-xp 00000000 fd:02 2100241                    /home/ike/soft/jdk1.8/jre/lib/amd64/libnpt.so
7f0d1d3c6000-7f0d1d5c6000 ---p 00002000 fd:02 2100241                    /home/ike/soft/jdk1.8/jre/lib/amd64/libnpt.so
7f0d1d5c6000-7f0d1d5c7000 rw-p 00002000 fd:02 2100241                    /home/ike/soft/jdk1.8/jre/lib/amd64/libnpt.so
7f0d1d5c7000-7f0d1d600000 r-xp 00000000 fd:02 2100224                    /home/ike/soft/jdk1.8/jre/lib/amd64/libjdwp.so
7f0d1d600000-7f0d1d7ff000 ---p 00039000 fd:02 2100224                    /home/ike/soft/jdk1.8/jre/lib/amd64/libjdwp.so
7f0d1d7ff000-7f0d1d801000 rw-p 00038000 fd:02 2100224                    /home/ike/soft/jdk1.8/jre/lib/amd64/libjdwp.so
7f0d1d801000-7f0d1d82b000 r-xp 00000000 fd:02 2100286                    /home/ike/soft/jdk1.8/jre/lib/amd64/libjava.so
7f0d1d82b000-7f0d1da2b000 ---p 0002a000 fd:02 2100286                    /home/ike/soft/jdk1.8/jre/lib/amd64/libjava.so
7f0d1da2b000-7f0d1da2d000 rw-p 0002a000 fd:02 2100286                    /home/ike/soft/jdk1.8/jre/lib/amd64/libjava.so
7f0d1da2d000-7f0d1da3a000 r-xp 00000000 fd:02 2100257                    /home/ike/soft/jdk1.8/jre/lib/amd64/libverify.so
7f0d1da3a000-7f0d1dc3a000 ---p 0000d000 fd:02 2100257                    /home/ike/soft/jdk1.8/jre/lib/amd64/libverify.so
7f0d1dc3a000-7f0d1dc3c000 rw-p 0000d000 fd:02 2100257                    /home/ike/soft/jdk1.8/jre/lib/amd64/libverify.so
7f0d1dc3c000-7f0d1dc43000 r-xp 00000000 fd:00 2891975                    /usr/lib64/librt-2.24.so
7f0d1dc43000-7f0d1de42000 ---p 00007000 fd:00 2891975                    /usr/lib64/librt-2.24.so
7f0d1de42000-7f0d1de43000 r--p 00006000 fd:00 2891975                    /usr/lib64/librt-2.24.so
7f0d1de43000-7f0d1de44000 rw-p 00007000 fd:00 2891975                    /usr/lib64/librt-2.24.so
7f0d1de44000-7f0d1df4c000 r-xp 00000000 fd:00 2891438                    /usr/lib64/libm-2.24.so
7f0d1df4c000-7f0d1e14b000 ---p 00108000 fd:00 2891438                    /usr/lib64/libm-2.24.so
7f0d1e14b000-7f0d1e14c000 r--p 00107000 fd:00 2891438                    /usr/lib64/libm-2.24.so
7f0d1e14c000-7f0d1e14d000 rw-p 00108000 fd:00 2891438                    /usr/lib64/libm-2.24.so
7f0d1e14d000-7f0d1ee18000 r-xp 00000000 fd:02 2100238                    /home/ike/soft/jdk1.8/jre/lib/amd64/server/libjvm.so
7f0d1ee18000-7f0d1f017000 ---p 00ccb000 fd:02 2100238                    /home/ike/soft/jdk1.8/jre/lib/amd64/server/libjvm.so
7f0d1f017000-7f0d1f0f0000 rw-p 00cca000 fd:02 2100238                    /home/ike/soft/jdk1.8/jre/lib/amd64/server/libjvm.so
7f0d1f0f0000-7f0d1f13b000 rw-p 00000000 00:00 0 
7f0d1f13b000-7f0d1f2f8000 r-xp 00000000 fd:00 2891285                    /usr/lib64/libc-2.24.so
7f0d1f2f8000-7f0d1f4f7000 ---p 001bd000 fd:00 2891285                    /usr/lib64/libc-2.24.so
7f0d1f4f7000-7f0d1f4fb000 r--p 001bc000 fd:00 2891285                    /usr/lib64/libc-2.24.so
7f0d1f4fb000-7f0d1f4fd000 rw-p 001c0000 fd:00 2891285                    /usr/lib64/libc-2.24.so
7f0d1f4fd000-7f0d1f501000 rw-p 00000000 00:00 0 
7f0d1f501000-7f0d1f504000 r-xp 00000000 fd:00 2891382                    /usr/lib64/libdl-2.24.so
7f0d1f504000-7f0d1f703000 ---p 00003000 fd:00 2891382                    /usr/lib64/libdl-2.24.so
7f0d1f703000-7f0d1f704000 r--p 00002000 fd:00 2891382                    /usr/lib64/libdl-2.24.so
7f0d1f704000-7f0d1f705000 rw-p 00003000 fd:00 2891382                    /usr/lib64/libdl-2.24.so
7f0d1f705000-7f0d1f71a000 r-xp 00000000 fd:02 2098935                    /home/ike/soft/jdk1.8/lib/amd64/jli/libjli.so
7f0d1f71a000-7f0d1f91a000 ---p 00015000 fd:02 2098935                    /home/ike/soft/jdk1.8/lib/amd64/jli/libjli.so
7f0d1f91a000-7f0d1f91b000 rw-p 00015000 fd:02 2098935                    /home/ike/soft/jdk1.8/lib/amd64/jli/libjli.so
7f0d1f91b000-7f0d1f933000 r-xp 00000000 fd:00 2891857                    /usr/lib64/libpthread-2.24.so
7f0d1f933000-7f0d1fb33000 ---p 00018000 fd:00 2891857                    /usr/lib64/libpthread-2.24.so
7f0d1fb33000-7f0d1fb34000 r--p 00018000 fd:00 2891857                    /usr/lib64/libpthread-2.24.so
7f0d1fb34000-7f0d1fb35000 rw-p 00019000 fd:00 2891857                    /usr/lib64/libpthread-2.24.so
7f0d1fb35000-7f0d1fb39000 rw-p 00000000 00:00 0 
7f0d1fb39000-7f0d1fb5e000 r-xp 00000000 fd:00 2894298                    /usr/lib64/ld-2.24.so
7f0d1fb5e000-7f0d1fb5f000 r--s 00000000 fd:02 4459257                    /home/ike/.gradle/caches/modules-2/files-2.1/org.hibernate/hibernate-entitymanager/5.2.4.Final/b5f9506bbff26ce5c75f16e568fa43d148d0f1d1/hibernate-entitymanager-5.2.4.Final.jar
7f0d1fb5f000-7f0d1fb63000 r--s 00097000 fd:02 2100406                    /home/ike/soft/jdk1.8/jre/lib/jsse.jar
7f0d1fb63000-7f0d1fb68000 r--s 00084000 fd:02 2100412                    /home/ike/soft/jdk1.8/jre/lib/jfr.jar
7f0d1fb68000-7f0d1fb72000 r--s 0006c000 fd:02 2100376                    /home/ike/soft/jdk1.8/jre/lib/javaws.jar
7f0d1fb72000-7f0d1fc43000 rw-p 00000000 00:00 0 
7f0d1fc43000-7f0d1fc46000 ---p 00000000 00:00 0 
7f0d1fc46000-7f0d1fd46000 rw-p 00000000 00:00 0 
7f0d1fd46000-7f0d1fd47000 r--s 00002000 fd:02 3671205                    /home/ike/.m2/repository/org/mengyun/tcc-transaction-spring/1.1.5/tcc-transaction-spring-1.1.5.jar
7f0d1fd47000-7f0d1fd48000 r--s 00000000 fd:02 2100401                    /home/ike/soft/jdk1.8/jre/lib/management-agent.jar
7f0d1fd48000-7f0d1fd4a000 r--s 00007000 fd:02 2100375                    /home/ike/soft/jdk1.8/jre/lib/jfxswt.jar
7f0d1fd4a000-7f0d1fd4d000 r--s 0001a000 fd:02 2100204                    /home/ike/soft/jdk1.8/jre/lib/jce.jar
7f0d1fd4d000-7f0d1fd52000 r--s 002f9000 fd:02 2100432                    /home/ike/soft/jdk1.8/jre/lib/charsets.jar
7f0d1fd52000-7f0d1fd5a000 rw-s 00000000 00:29 1212934                    /tmp/hsperfdata_ike/2350
7f0d1fd5a000-7f0d1fd5b000 rw-p 00000000 00:00 0 
7f0d1fd5b000-7f0d1fd5c000 ---p 00000000 00:00 0 
7f0d1fd5c000-7f0d1fd5e000 rw-p 00000000 00:00 0 
7f0d1fd5e000-7f0d1fd5f000 r--p 00025000 fd:00 2894298                    /usr/lib64/ld-2.24.so
7f0d1fd5f000-7f0d1fd60000 rw-p 00026000 fd:00 2894298                    /usr/lib64/ld-2.24.so
7f0d1fd60000-7f0d1fd61000 rw-p 00000000 00:00 0 
7ffe6eb93000-7ffe6ebb7000 rw-p 00000000 00:00 0                          [stack]
7ffe6ebe3000-7ffe6ebe5000 r--p 00000000 00:00 0                          [vvar]
7ffe6ebe5000-7ffe6ebe7000 r-xp 00000000 00:00 0                          [vdso]
ffffffffff600000-ffffffffff601000 r-xp 00000000 00:00 0                  [vsyscall]

VM Arguments:
jvm_args: -agentlib:jdwp=transport=dt_socket,address=127.0.0.1:35111,suspend=y,server=n -javaagent:/home/ike/soft/idea-IU-171.4424.56/plugins/Groovy/lib/agent/gragent.jar -Dfile.encoding=UTF-8 
java_command: com.bjike.goddess.system.Application
java_class_path (initial): /home/ike/soft/jdk1.8/jre/lib/charsets.jar:/home/ike/soft/jdk1.8/jre/lib/deploy.jar:/home/ike/soft/jdk1.8/jre/lib/ext/cldrdata.jar:/home/ike/soft/jdk1.8/jre/lib/ext/dnsns.jar:/home/ike/soft/jdk1.8/jre/lib/ext/jaccess.jar:/home/ike/soft/jdk1.8/jre/lib/ext/jfxrt.jar:/home/ike/soft/jdk1.8/jre/lib/ext/localedata.jar:/home/ike/soft/jdk1.8/jre/lib/ext/nashorn.jar:/home/ike/soft/jdk1.8/jre/lib/ext/sunec.jar:/home/ike/soft/jdk1.8/jre/lib/ext/sunjce_provider.jar:/home/ike/soft/jdk1.8/jre/lib/ext/sunpkcs11.jar:/home/ike/soft/jdk1.8/jre/lib/ext/zipfs.jar:/home/ike/soft/jdk1.8/jre/lib/javaws.jar:/home/ike/soft/jdk1.8/jre/lib/jce.jar:/home/ike/soft/jdk1.8/jre/lib/jfr.jar:/home/ike/soft/jdk1.8/jre/lib/jfxswt.jar:/home/ike/soft/jdk1.8/jre/lib/jsse.jar:/home/ike/soft/jdk1.8/jre/lib/management-agent.jar:/home/ike/soft/jdk1.8/jre/lib/plugin.jar:/home/ike/soft/jdk1.8/jre/lib/resources.jar:/home/ike/soft/jdk1.8/jre/lib/rt.jar:/home/ike/code/goddess-java/modules/system/system-provider/build/classes/main:/home/ike/code/goddess-java/modules/system/system-provider/build/resources/main:/home/ike/code/goddess-java/common/common-jpa/build/classes/main:/home/ike/code/goddess-java/common/common-provider/build/classes/main:/home/ike/code/goddess-java/common/common-provider/build/resources/main:/home/ike/code/goddess-java/modules/system/system-api/build/classes/main:/home/ike/code/goddess-java/common/common-utils/build/classes/main:/home/ike/code/goddess-java/common/common-api/build/classes/main:/home/ike/.m2/repository/org/hibernate/javax/persistence/hibernate-jpa-2.1-api/1.0.0.Final/hibernate-jpa-2.1-api-1.0.0.Final.jar:/home/ike/.gradle/caches/modules-2/files-2.1/org.apache.commons/commons-lang3/3.5/6c6c702c89bfff3cd9e80b04d668c5e190d588c6/commons-lang3-3.5.jar:/home/ike/.gradle/caches/modules-2/files-2.1/com.alibaba/druid/1.0.26/f4bc6159b34e4cda5abd6480203492b470aa1a36/druid-1.0.26.jar:/home/ike/.gradle/caches/modules-2/files-2.1/org.slf4j/slf4j-api/1.7.24/3f6b4bd
Launcher Type: SUN_STANDARD

Environment Variables:
JAVA_HOME=/home/ike/soft/jdk1.8
PATH=/home/ike/soft/gradle/bin:/home/ike/soft/maven3.3.9/bin:/home/ike/soft/jdk1.8/bin:/home/ike/soft/jdk1.8/bin:/home/ike/soft/gradle/bin:/home/ike/soft/maven3.3.9/bin:/usr/lib64/qt-3.3/bin:/usr/local/bin:/usr/local/sbin:/usr/bin:/usr/sbin:/home/ike/.local/bin:/home/ike/bin
USERNAME=ike
LD_LIBRARY_PATH=/home/ike/soft/idea-IU-171.4424.56/bin:
SHELL=/bin/bash
DISPLAY=:0

Signal Handlers:
SIGSEGV: [libjvm.so+0xac4790], sa_mask[0]=11111111011111111101111111111110, sa_flags=SA_RESTART|SA_SIGINFO
SIGBUS: [libjvm.so+0xac4790], sa_mask[0]=11111111011111111101111111111110, sa_flags=SA_RESTART|SA_SIGINFO
SIGFPE: [libjvm.so+0x91f140], sa_mask[0]=11111111011111111101111111111110, sa_flags=SA_RESTART|SA_SIGINFO
SIGPIPE: [libjvm.so+0x91f140], sa_mask[0]=11111111011111111101111111111110, sa_flags=SA_RESTART|SA_SIGINFO
SIGXFSZ: [libjvm.so+0x91f140], sa_mask[0]=11111111011111111101111111111110, sa_flags=SA_RESTART|SA_SIGINFO
SIGILL: [libjvm.so+0x91f140], sa_mask[0]=11111111011111111101111111111110, sa_flags=SA_RESTART|SA_SIGINFO
SIGUSR1: SIG_DFL, sa_mask[0]=00000000000000000000000000000000, sa_flags=none
SIGUSR2: [libjvm.so+0x920770], sa_mask[0]=00100000000000000000000000000000, sa_flags=SA_RESTART|SA_SIGINFO
SIGHUP: [libjvm.so+0x921b70], sa_mask[0]=11111111011111111101111111111110, sa_flags=SA_RESTART|SA_SIGINFO
SIGINT: [libjvm.so+0x921b70], sa_mask[0]=11111111011111111101111111111110, sa_flags=SA_RESTART|SA_SIGINFO
SIGTERM: [libjvm.so+0x921b70], sa_mask[0]=11111111011111111101111111111110, sa_flags=SA_RESTART|SA_SIGINFO
SIGQUIT: [libjvm.so+0x921b70], sa_mask[0]=11111111011111111101111111111110, sa_flags=SA_RESTART|SA_SIGINFO


---------------  S Y S T E M  ---------------

OS:Fedora release 25 (Twenty Five)

uname:Linux 4.8.6-300.fc25.x86_64 #1 SMP Tue Nov 1 12:36:38 UTC 2016 x86_64
libc:glibc 2.24 NPTL 2.24 
rlimit: STACK 8192k, CORE 0k, NPROC 31367, NOFILE 4096, AS infinity
load average:106.49 99.50 50.28

/proc/meminfo:
MemTotal:        8053800 kB
MemFree:          106984 kB
MemAvailable:      18888 kB
Buffers:            1504 kB
Cached:           107468 kB
SwapCached:        14760 kB
Active:          6642696 kB
Inactive:         879452 kB
Active(anon):    6627064 kB
Inactive(anon):   862832 kB
Active(file):      15632 kB
Inactive(file):    16620 kB
Unevictable:          72 kB
Mlocked:              72 kB
SwapTotal:       8187900 kB
SwapFree:            924 kB
Dirty:                 0 kB
Writeback:          1280 kB
AnonPages:       7399608 kB
Mapped:            59612 kB
Shmem:             76564 kB
Slab:             200072 kB
SReclaimable:      64296 kB
SUnreclaim:       135776 kB
KernelStack:       45776 kB
PageTables:       100048 kB
NFS_Unstable:          0 kB
Bounce:                0 kB
WritebackTmp:          0 kB
CommitLimit:    12214800 kB
Committed_AS:   24372608 kB
VmallocTotal:   34359738367 kB
VmallocUsed:           0 kB
VmallocChunk:          0 kB
HardwareCorrupted:     0 kB
AnonHugePages:         0 kB
ShmemHugePages:        0 kB
ShmemPmdMapped:        0 kB
CmaTotal:              0 kB
CmaFree:               0 kB
HugePages_Total:       0
HugePages_Free:        0
HugePages_Rsvd:        0
HugePages_Surp:        0
Hugepagesize:       2048 kB
DirectMap4k:      339108 kB
DirectMap2M:     7927808 kB
DirectMap1G:           0 kB


CPU:total 4 (4 cores per cpu, 1 threads per core) family 6 model 94 stepping 3, cmov, cx8, fxsr, mmx, sse, sse2, sse3, ssse3, sse4.1, sse4.2, popcnt, avx, avx2, aes, clmul, erms, rtm, 3dnowpref, lzcnt, tsc, tscinvbit, bmi1, bmi2, adx

/proc/cpuinfo:
processor	: 0
vendor_id	: GenuineIntel
cpu family	: 6
model		: 94
model name	: Intel(R) Core(TM) i5-6500 CPU @ 3.20GHz
stepping	: 3
microcode	: 0x9e
cpu MHz		: 2899.804
cache size	: 6144 KB
physical id	: 0
siblings	: 4
core id		: 0
cpu cores	: 4
apicid		: 0
initial apicid	: 0
fpu		: yes
fpu_exception	: yes
cpuid level	: 22
wp		: yes
flags		: fpu vme de pse tsc msr pae mce cx8 apic sep mtrr pge mca cmov pat pse36 clflush dts acpi mmx fxsr sse sse2 ss ht tm pbe syscall nx pdpe1gb rdtscp lm constant_tsc art arch_perfmon pebs bts rep_good nopl xtopology nonstop_tsc aperfmperf eagerfpu pni pclmulqdq dtes64 monitor ds_cpl vmx smx est tm2 ssse3 sdbg fma cx16 xtpr pdcm pcid sse4_1 sse4_2 x2apic movbe popcnt tsc_deadline_timer aes xsave avx f16c rdrand lahf_lm abm 3dnowprefetch intel_pt tpr_shadow vnmi flexpriority ept vpid fsgsbase tsc_adjust bmi1 hle avx2 smep bmi2 erms invpcid rtm mpx rdseed adx smap clflushopt xsaveopt xsavec xgetbv1 xsaves dtherm ida arat pln pts hwp hwp_notify hwp_act_window hwp_epp
bugs		:
bogomips	: 6384.00
clflush size	: 64
cache_alignment	: 64
address sizes	: 39 bits physical, 48 bits virtual
power management:

processor	: 1
vendor_id	: GenuineIntel
cpu family	: 6
model		: 94
model name	: Intel(R) Core(TM) i5-6500 CPU @ 3.20GHz
stepping	: 3
microcode	: 0x9e
cpu MHz		: 2894.140
cache size	: 6144 KB
physical id	: 0
siblings	: 4
core id		: 1
cpu cores	: 4
apicid		: 2
initial apicid	: 2
fpu		: yes
fpu_exception	: yes
cpuid level	: 22
wp		: yes
flags		: fpu vme de pse tsc msr pae mce cx8 apic sep mtrr pge mca cmov pat pse36 clflush dts acpi mmx fxsr sse sse2 ss ht tm pbe syscall nx pdpe1gb rdtscp lm constant_tsc art arch_perfmon pebs bts rep_good nopl xtopology nonstop_tsc aperfmperf eagerfpu pni pclmulqdq dtes64 monitor ds_cpl vmx smx est tm2 ssse3 sdbg fma cx16 xtpr pdcm pcid sse4_1 sse4_2 x2apic movbe popcnt tsc_deadline_timer aes xsave avx f16c rdrand lahf_lm abm 3dnowprefetch intel_pt tpr_shadow vnmi flexpriority ept vpid fsgsbase tsc_adjust bmi1 hle avx2 smep bmi2 erms invpcid rtm mpx rdseed adx smap clflushopt xsaveopt xsavec xgetbv1 xsaves dtherm ida arat pln pts hwp hwp_notify hwp_act_window hwp_epp
bugs		:
bogomips	: 6387.62
clflush size	: 64
cache_alignment	: 64
address sizes	: 39 bits physical, 48 bits virtual
power management:

processor	: 2
vendor_id	: GenuineIntel
cpu family	: 6
model		: 94
model name	: Intel(R) Core(TM) i5-6500 CPU @ 3.20GHz
stepping	: 3
microcode	: 0x9e
cpu MHz		: 2877.734
cache size	: 6144 KB
physical id	: 0
siblings	: 4
core id		: 2
cpu cores	: 4
apicid		: 4
initial apicid	: 4
fpu		: yes
fpu_exception	: yes
cpuid level	: 22
wp		: yes
flags		: fpu vme de pse tsc msr pae mce cx8 apic sep mtrr pge mca cmov pat pse36 clflush dts acpi mmx fxsr sse sse2 ss ht tm pbe syscall nx pdpe1gb rdtscp lm constant_tsc art arch_perfmon pebs bts rep_good nopl xtopology nonstop_tsc aperfmperf eagerfpu pni pclmulqdq dtes64 monitor ds_cpl vmx smx est tm2 ssse3 sdbg fma cx16 xtpr pdcm pcid sse4_1 sse4_2 x2apic movbe popcnt tsc_deadline_timer aes xsave avx f16c rdrand lahf_lm abm 3dnowprefetch intel_pt tpr_shadow vnmi flexpriority ept vpid fsgsbase tsc_adjust bmi1 hle avx2 smep bmi2 erms invpcid rtm mpx rdseed adx smap clflushopt xsaveopt xsavec xgetbv1 xsaves dtherm ida arat pln pts hwp hwp_notify hwp_act_window hwp_epp
bugs		:
bogomips	: 6387.59
clflush size	: 64
cache_alignment	: 64
address sizes	: 39 bits physical, 48 bits virtual
power management:

processor	: 3
vendor_id	: GenuineIntel
cpu family	: 6
model		: 94
model name	: Intel(R) Core(TM) i5-6500 CPU @ 3.20GHz
stepping	: 3
microcode	: 0x9e
cpu MHz		: 2900.000
cache size	: 6144 KB
physical id	: 0
siblings	: 4
core id		: 3
cpu cores	: 4
apicid		: 6
initial apicid	: 6
fpu		: yes
fpu_exception	: yes
cpuid level	: 22
wp		: yes
flags		: fpu vme de pse tsc msr pae mce cx8 apic sep mtrr pge mca cmov pat pse36 clflush dts acpi mmx fxsr sse sse2 ss ht tm pbe syscall nx pdpe1gb rdtscp lm constant_tsc art arch_perfmon pebs bts rep_good nopl xtopology nonstop_tsc aperfmperf eagerfpu pni pclmulqdq dtes64 monitor ds_cpl vmx smx est tm2 ssse3 sdbg fma cx16 xtpr pdcm pcid sse4_1 sse4_2 x2apic movbe popcnt tsc_deadline_timer aes xsave avx f16c rdrand lahf_lm abm 3dnowprefetch intel_pt tpr_shadow vnmi flexpriority ept vpid fsgsbase tsc_adjust bmi1 hle avx2 smep bmi2 erms invpcid rtm mpx rdseed adx smap clflushopt xsaveopt xsavec xgetbv1 xsaves dtherm ida arat pln pts hwp hwp_notify hwp_act_window hwp_epp
bugs		:
bogomips	: 6387.65
clflush size	: 64
cache_alignment	: 64
address sizes	: 39 bits physical, 48 bits virtual
power management:



Memory: 4k page, physical 8053800k(106984k free), swap 8187900k(1000k free)

vm_info: Java HotSpot(TM) 64-Bit Server VM (25.101-b13) for linux-amd64 JRE (1.8.0_101-b13), built on Jun 22 2016 02:59:44 by "java_re" with gcc 4.3.0 20080428 (Red Hat 4.3.0-8)

time: Mon Aug 14 00:40:16 2017
elapsed time: 110578 seconds (1d 6h 42m 58s)

