#
# There is insufficient memory for the Java Runtime Environment to continue.
# Native memory allocation (mmap) failed to map 132120576 bytes for committing reserved memory.
# Possible reasons:
#   The system is out of physical RAM or swap space
#   In 32 bit mode, the process size limit was hit
# Possible solutions:
#   Reduce memory load on the system
#   Increase physical memory or swap space
#   Check if swap backing store is full
#   Use 64 bit Java on a 64 bit OS
#   Decrease Java heap size (-Xmx/-Xms)
#   Decrease number of Java threads
#   Decrease Java thread stack sizes (-Xss)
#   Set larger code cache with -XX:ReservedCodeCacheSize=
# This output file may be truncated or incomplete.
#
#  Out of Memory Error (os_linux.cpp:2627), pid=3061, tid=0x00007f8ad76f6700
#
# JRE version: Java(TM) SE Runtime Environment (8.0_101-b13) (build 1.8.0_101-b13)
# Java VM: Java HotSpot(TM) 64-Bit Server VM (25.101-b13 mixed mode linux-amd64 compressed oops)
# Failed to write core dump. Core dumps have been disabled. To enable core dumping, try "ulimit -c unlimited" before starting Java again
#

---------------  T H R E A D  ---------------

Current thread (0x00007f8afc146800):  VMThread [stack: 0x00007f8ad75f6000,0x00007f8ad76f7000] [id=3073]

Stack: [0x00007f8ad75f6000,0x00007f8ad76f7000],  sp=0x00007f8ad76f52a0,  free space=1020k
Native frames: (J=compiled Java code, j=interpreted, Vv=VM code, C=native code)
V  [libjvm.so+0xac3f0a]  VMError::report_and_die()+0x2ba
V  [libjvm.so+0x4fbf9b]  report_vm_out_of_memory(char const*, int, unsigned long, VMErrorType, char const*)+0x8b
V  [libjvm.so+0x9222d3]  os::Linux::commit_memory_impl(char*, unsigned long, bool)+0x103
V  [libjvm.so+0x922829]  os::pd_commit_memory(char*, unsigned long, unsigned long, bool)+0x29
V  [libjvm.so+0x91cb2a]  os::commit_memory(char*, unsigned long, unsigned long, bool)+0x2a
V  [libjvm.so+0x991053]  PSVirtualSpace::expand_by(unsigned long)+0x53
V  [libjvm.so+0x992458]  PSYoungGen::resize_generation(unsigned long, unsigned long)+0xf8
V  [libjvm.so+0x9915b2]  PSYoungGen::resize(unsigned long, unsigned long)+0x22
V  [libjvm.so+0x98e88b]  PSScavenge::invoke_no_policy()+0xf3b
V  [libjvm.so+0x98f011]  PSScavenge::invoke()+0x41
V  [libjvm.so+0x945fc0]  ParallelScavengeHeap::failed_mem_allocate(unsigned long)+0x70
V  [libjvm.so+0xac5927]  VM_ParallelGCFailedAllocation::doit()+0x97
V  [libjvm.so+0xacd405]  VM_Operation::evaluate()+0x55
V  [libjvm.so+0xacb7da]  VMThread::evaluate_operation(VM_Operation*)+0xba
V  [libjvm.so+0xacbb5e]  VMThread::loop()+0x1ce
V  [libjvm.so+0xacbfd0]  VMThread::run()+0x70
V  [libjvm.so+0x924698]  java_start(Thread*)+0x108

VM_Operation (0x00007f8b02c00c10): ParallelGCFailedAllocation, mode: safepoint, requested by thread 0x00007f8afc011000


---------------  P R O C E S S  ---------------

Java Threads: ( => current thread )
  0x00007f8afc636800 JavaThread "Service Thread" daemon [_thread_blocked, id=3103, stack(0x00007f8ad64ca000,0x00007f8ad65cb000)]
  0x00007f8afc633800 JavaThread "C1 CompilerThread2" daemon [_thread_blocked, id=3102, stack(0x00007f8ad65cb000,0x00007f8ad66cc000)]
  0x00007f8afc630800 JavaThread "C2 CompilerThread1" daemon [_thread_blocked, id=3101, stack(0x00007f8ad66cc000,0x00007f8ad67cd000)]
  0x00007f8afc62f000 JavaThread "C2 CompilerThread0" daemon [_thread_blocked, id=3100, stack(0x00007f8ad67cd000,0x00007f8ad68ce000)]
  0x00007f8abc001000 JavaThread "JDWP Command Reader" daemon [_thread_in_native, id=3097, stack(0x00007f8ad6dec000,0x00007f8ad6eed000)]
  0x00007f8afc197000 JavaThread "JDWP Event Helper Thread" daemon [_thread_blocked, id=3096, stack(0x00007f8ad6eed000,0x00007f8ad6fee000)]
  0x00007f8afc193800 JavaThread "JDWP Transport Listener: dt_socket" daemon [_thread_blocked, id=3095, stack(0x00007f8ad6fee000,0x00007f8ad70ef000)]
  0x00007f8afc184800 JavaThread "Signal Dispatcher" daemon [_thread_blocked, id=3084, stack(0x00007f8ad72f3000,0x00007f8ad73f4000)]
  0x00007f8afc152800 JavaThread "Finalizer" daemon [_thread_blocked, id=3077, stack(0x00007f8ad73f4000,0x00007f8ad74f5000)]
  0x00007f8afc14e000 JavaThread "Reference Handler" daemon [_thread_blocked, id=3076, stack(0x00007f8ad74f5000,0x00007f8ad75f6000)]
  0x00007f8afc011000 JavaThread "main" [_thread_blocked, id=3067, stack(0x00007f8b02b04000,0x00007f8b02c05000)]

Other Threads:
=>0x00007f8afc146800 VMThread [stack: 0x00007f8ad75f6000,0x00007f8ad76f7000] [id=3073]
  0x00007f8afc63b800 WatcherThread [stack: 0x00007f8ad63c9000,0x00007f8ad64ca000] [id=3104]

VM state:at safepoint (normal execution)

VM Mutex/Monitor currently owned by a thread:  ([mutex/lock_event])
[0x00007f8afc008b20] Threads_lock - owner thread: 0x00007f8afc146800
[0x00007f8afc00f560] Heap_lock - owner thread: 0x00007f8afc011000

Heap:
 PSYoungGen      total 132608K, used 7653K [0x00000000d7000000, 0x00000000dfb00000, 0x0000000100000000)
  eden space 124928K, 0% used [0x00000000d7000000,0x00000000d7000000,0x00000000dea00000)
  from space 7680K, 99% used [0x00000000dea00000,0x00000000df179460,0x00000000df180000)
  to   space 5632K, 0% used [0x00000000df180000,0x00000000df180000,0x00000000df700000)
 ParOldGen       total 84992K, used 6433K [0x0000000085000000, 0x000000008a300000, 0x00000000d7000000)
  object space 84992K, 7% used [0x0000000085000000,0x0000000085648428,0x000000008a300000)
 Metaspace       used 20489K, capacity 20766K, committed 20864K, reserved 1067008K
  class space    used 2322K, capacity 2403K, committed 2432K, reserved 1048576K

Card table byte_map: [0x00007f8ae58a1000,0x00007f8ae5c7a000] byte_map_base: 0x00007f8ae5479000

Marking Bits: (ParMarkBitMap*) 0x00007f8b01fcf120
 Begin Bits: [0x00007f8adc280000, 0x00007f8ade140000)
 End Bits:   [0x00007f8ade140000, 0x00007f8ae0000000)

Polling page: 0x00007f8b02c1c000

CodeCache: size=245760Kb used=9834Kb max_used=9850Kb free=235925Kb
 bounds [0x00007f8ae603a000, 0x00007f8ae69ea000, 0x00007f8af503a000]
 total_blobs=2921 nmethods=2567 adapters=274
 compilation: enabled

Compilation events (10 events):
Event: 4.205 Thread 0x00007f8afc633800 2565       1       org.springframework.cache.annotation.AnnotationCacheOperationSource::allowPublicMethodsOnly (5 bytes)
Event: 4.205 Thread 0x00007f8afc633800 nmethod 2565 0x00007f8ae69d4cd0 code [0x00007f8ae69d4e20, 0x00007f8ae69d4f30]
Event: 4.217 Thread 0x00007f8afc633800 2586       3       java.util.zip.ZipFile$ZipFileInflaterInputStream::available (41 bytes)
Event: 4.218 Thread 0x00007f8afc633800 nmethod 2586 0x00007f8ae69d91d0 code [0x00007f8ae69d9360, 0x00007f8ae69d9888]
Event: 4.218 Thread 0x00007f8afc633800 2587   !   3       java.util.zip.Inflater::getBytesWritten (23 bytes)
Event: 4.219 Thread 0x00007f8afc633800 nmethod 2587 0x00007f8ae69d9ad0 code [0x00007f8ae69d9c40, 0x00007f8ae69d9f88]
Event: 4.219 Thread 0x00007f8afc633800 2588       3       java.io.FilterInputStream::available (8 bytes)
Event: 4.219 Thread 0x00007f8afc633800 nmethod 2588 0x00007f8ae69da0d0 code [0x00007f8ae69da240, 0x00007f8ae69da468]
Event: 4.219 Thread 0x00007f8afc62f000 nmethod 2535 0x00007f8ae69da510 code [0x00007f8ae69da780, 0x00007f8ae69dbd70]
Event: 4.219 Thread 0x00007f8afc62f000 2575       4       org.springframework.core.annotation.AnnotatedElementUtils::searchWithGetSemanticsInAnnotations (339 bytes)

GC Heap History (10 events):
Event: 1.290 GC heap after
Heap after GC invocations=2 (full 0):
 PSYoungGen      total 36864K, used 3064K [0x00000000d7000000, 0x00000000db800000, 0x0000000100000000)
  eden space 31744K, 0% used [0x00000000d7000000,0x00000000d7000000,0x00000000d8f00000)
  from space 5120K, 59% used [0x00000000d9400000,0x00000000d96fe0d0,0x00000000d9900000)
  to   space 5120K, 0% used [0x00000000d8f00000,0x00000000d8f00000,0x00000000d9400000)
 ParOldGen       total 84992K, used 8K [0x0000000085000000, 0x000000008a300000, 0x00000000d7000000)
  object space 84992K, 0% used [0x0000000085000000,0x0000000085002000,0x000000008a300000)
 Metaspace       used 7452K, capacity 7548K, committed 7680K, reserved 1056768K
  class space    used 888K, capacity 915K, committed 1024K, reserved 1048576K
}
Event: 1.860 GC heap before
{Heap before GC invocations=3 (full 0):
 PSYoungGen      total 36864K, used 34808K [0x00000000d7000000, 0x00000000db800000, 0x0000000100000000)
  eden space 31744K, 100% used [0x00000000d7000000,0x00000000d8f00000,0x00000000d8f00000)
  from space 5120K, 59% used [0x00000000d9400000,0x00000000d96fe0d0,0x00000000d9900000)
  to   space 5120K, 0% used [0x00000000d8f00000,0x00000000d8f00000,0x00000000d9400000)
 ParOldGen       total 84992K, used 8K [0x0000000085000000, 0x000000008a300000, 0x00000000d7000000)
  object space 84992K, 0% used [0x0000000085000000,0x0000000085002000,0x000000008a300000)
 Metaspace       used 11095K, capacity 11150K, committed 11392K, reserved 1058816K
  class space    used 1279K, capacity 1302K, committed 1408K, reserved 1048576K
Event: 1.875 GC heap after
Heap after GC invocations=3 (full 0):
 PSYoungGen      total 36864K, used 4040K [0x00000000d7000000, 0x00000000db800000, 0x0000000100000000)
  eden space 31744K, 0% used [0x00000000d7000000,0x00000000d7000000,0x00000000d8f00000)
  from space 5120K, 78% used [0x00000000d8f00000,0x00000000d92f2268,0x00000000d9400000)
  to   space 5120K, 0% used [0x00000000db300000,0x00000000db300000,0x00000000db800000)
 ParOldGen       total 84992K, used 16K [0x0000000085000000, 0x000000008a300000, 0x00000000d7000000)
  object space 84992K, 0% used [0x0000000085000000,0x0000000085004000,0x000000008a300000)
 Metaspace       used 11095K, capacity 11150K, committed 11392K, reserved 1058816K
  class space    used 1279K, capacity 1302K, committed 1408K, reserved 1048576K
}
Event: 2.244 GC heap before
{Heap before GC invocations=4 (full 0):
 PSYoungGen      total 36864K, used 35784K [0x00000000d7000000, 0x00000000db800000, 0x0000000100000000)
  eden space 31744K, 100% used [0x00000000d7000000,0x00000000d8f00000,0x00000000d8f00000)
  from space 5120K, 78% used [0x00000000d8f00000,0x00000000d92f2268,0x00000000d9400000)
  to   space 5120K, 0% used [0x00000000db300000,0x00000000db300000,0x00000000db800000)
 ParOldGen       total 84992K, used 16K [0x0000000085000000, 0x000000008a300000, 0x00000000d7000000)
  object space 84992K, 0% used [0x0000000085000000,0x0000000085004000,0x000000008a300000)
 Metaspace       used 12032K, capacity 12224K, committed 12416K, reserved 1060864K
  class space    used 1364K, capacity 1402K, committed 1408K, reserved 1048576K
Event: 2.255 GC heap after
Heap after GC invocations=4 (full 0):
 PSYoungGen      total 68608K, used 3855K [0x00000000d7000000, 0x00000000db800000, 0x0000000100000000)
  eden space 63488K, 0% used [0x00000000d7000000,0x00000000d7000000,0x00000000dae00000)
  from space 5120K, 75% used [0x00000000db300000,0x00000000db6c3ea8,0x00000000db800000)
  to   space 5120K, 0% used [0x00000000dae00000,0x00000000dae00000,0x00000000db300000)
 ParOldGen       total 84992K, used 88K [0x0000000085000000, 0x000000008a300000, 0x00000000d7000000)
  object space 84992K, 0% used [0x0000000085000000,0x0000000085016010,0x000000008a300000)
 Metaspace       used 12032K, capacity 12224K, committed 12416K, reserved 1060864K
  class space    used 1364K, capacity 1402K, committed 1408K, reserved 1048576K
}
Event: 2.848 GC heap before
{Heap before GC invocations=5 (full 0):
 PSYoungGen      total 68608K, used 67343K [0x00000000d7000000, 0x00000000db800000, 0x0000000100000000)
  eden space 63488K, 100% used [0x00000000d7000000,0x00000000dae00000,0x00000000dae00000)
  from space 5120K, 75% used [0x00000000db300000,0x00000000db6c3ea8,0x00000000db800000)
  to   space 5120K, 0% used [0x00000000dae00000,0x00000000dae00000,0x00000000db300000)
 ParOldGen       total 84992K, used 88K [0x0000000085000000, 0x000000008a300000, 0x00000000d7000000)
  object space 84992K, 0% used [0x0000000085000000,0x0000000085016010,0x000000008a300000)
 Metaspace       used 14382K, capacity 14610K, committed 14848K, reserved 1062912K
  class space    used 1674K, capacity 1725K, committed 1792K, reserved 1048576K
Event: 2.856 GC heap after
Heap after GC invocations=5 (full 0):
 PSYoungGen      total 68608K, used 5105K [0x00000000d7000000, 0x00000000df700000, 0x0000000100000000)
  eden space 63488K, 0% used [0x00000000d7000000,0x00000000d7000000,0x00000000dae00000)
  from space 5120K, 99% used [0x00000000dae00000,0x00000000db2fc4a8,0x00000000db300000)
  to   space 5632K, 0% used [0x00000000df180000,0x00000000df180000,0x00000000df700000)
 ParOldGen       total 84992K, used 231K [0x0000000085000000, 0x000000008a300000, 0x00000000d7000000)
  object space 84992K, 0% used [0x0000000085000000,0x0000000085039f50,0x000000008a300000)
 Metaspace       used 14382K, capacity 14610K, committed 14848K, reserved 1062912K
  class space    used 1674K, capacity 1725K, committed 1792K, reserved 1048576K
}
Event: 3.343 GC heap before
{Heap before GC invocations=6 (full 0):
 PSYoungGen      total 68608K, used 68593K [0x00000000d7000000, 0x00000000df700000, 0x0000000100000000)
  eden space 63488K, 100% used [0x00000000d7000000,0x00000000dae00000,0x00000000dae00000)
  from space 5120K, 99% used [0x00000000dae00000,0x00000000db2fc4a8,0x00000000db300000)
  to   space 5632K, 0% used [0x00000000df180000,0x00000000df180000,0x00000000df700000)
 ParOldGen       total 84992K, used 231K [0x0000000085000000, 0x000000008a300000, 0x00000000d7000000)
  object space 84992K, 0% used [0x0000000085000000,0x0000000085039f50,0x000000008a300000)
 Metaspace       used 18659K, capacity 18894K, committed 19200K, reserved 1067008K
  class space    used 2157K, capacity 2235K, committed 2304K, reserved 1048576K
Event: 3.352 GC heap after
Heap after GC invocations=6 (full 0):
 PSYoungGen      total 130560K, used 5614K [0x00000000d7000000, 0x00000000dfb00000, 0x0000000100000000)
  eden space 124928K, 0% used [0x00000000d7000000,0x00000000d7000000,0x00000000dea00000)
  from space 5632K, 99% used [0x00000000df180000,0x00000000df6fbb00,0x00000000df700000)
  to   space 7680K, 0% used [0x00000000dea00000,0x00000000dea00000,0x00000000df180000)
 ParOldGen       total 84992K, used 2227K [0x0000000085000000, 0x000000008a300000, 0x00000000d7000000)
  object space 84992K, 2% used [0x0000000085000000,0x000000008522cea8,0x000000008a300000)
 Metaspace       used 18659K, capacity 18894K, committed 19200K, reserved 1067008K
  class space    used 2157K, capacity 2235K, committed 2304K, reserved 1048576K
}
Event: 4.234 GC heap before
{Heap before GC invocations=7 (full 0):
 PSYoungGen      total 130560K, used 130542K [0x00000000d7000000, 0x00000000dfb00000, 0x0000000100000000)
  eden space 124928K, 100% used [0x00000000d7000000,0x00000000dea00000,0x00000000dea00000)
  from space 5632K, 99% used [0x00000000df180000,0x00000000df6fbb00,0x00000000df700000)
  to   space 7680K, 0% used [0x00000000dea00000,0x00000000dea00000,0x00000000df180000)
 ParOldGen       total 84992K, used 2227K [0x0000000085000000, 0x000000008a300000, 0x00000000d7000000)
  object space 84992K, 2% used [0x0000000085000000,0x000000008522cea8,0x000000008a300000)
 Metaspace       used 20489K, capacity 20766K, committed 20864K, reserved 1067008K
  class space    used 2322K, capacity 2403K, committed 2432K, reserved 1048576K

Deoptimization events (10 events):
Event: 3.783 Thread 0x00007f8afc011000 Uncommon trap: reason=unstable_if action=reinterpret pc=0x00007f8ae68a65e4 method=java.lang.Class$MethodArray.hasDefaults()Z @ 4
Event: 3.931 Thread 0x00007f8afc011000 Uncommon trap: reason=bimorphic action=maybe_recompile pc=0x00007f8ae6355178 method=java.util.HashMap.putVal(ILjava/lang/Object;Ljava/lang/Object;ZZ)Ljava/lang/Object; @ 203
Event: 4.087 Thread 0x00007f8afc011000 Uncommon trap: reason=unstable_if action=reinterpret pc=0x00007f8ae68fcdc0 method=java.lang.reflect.Method.equals(Ljava/lang/Object;)Z @ 49
Event: 4.091 Thread 0x00007f8afc011000 Uncommon trap: reason=unstable_if action=reinterpret pc=0x00007f8ae66313dc method=java.lang.reflect.Method.equals(Ljava/lang/Object;)Z @ 49
Event: 4.177 Thread 0x00007f8afc011000 Uncommon trap: reason=bimorphic action=maybe_recompile pc=0x00007f8ae6975c98 method=java.util.concurrent.ConcurrentHashMap.putVal(Ljava/lang/Object;Ljava/lang/Object;Z)Ljava/lang/Object; @ 192
Event: 4.177 Thread 0x00007f8afc011000 Uncommon trap: reason=unstable_if action=reinterpret pc=0x00007f8ae687c8e4 method=java.lang.Class.searchMethods([Ljava/lang/reflect/Method;Ljava/lang/String;[Ljava/lang/Class;)Ljava/lang/reflect/Method; @ 47
Event: 4.178 Thread 0x00007f8afc011000 Uncommon trap: reason=bimorphic action=maybe_recompile pc=0x00007f8ae6975c98 method=java.util.concurrent.ConcurrentHashMap.putVal(Ljava/lang/Object;Ljava/lang/Object;Z)Ljava/lang/Object; @ 192
Event: 4.178 Thread 0x00007f8afc011000 Uncommon trap: reason=bimorphic action=maybe_recompile pc=0x00007f8ae6975c98 method=java.util.concurrent.ConcurrentHashMap.putVal(Ljava/lang/Object;Ljava/lang/Object;Z)Ljava/lang/Object; @ 192
Event: 4.178 Thread 0x00007f8afc011000 Uncommon trap: reason=bimorphic action=maybe_recompile pc=0x00007f8ae6975c98 method=java.util.concurrent.ConcurrentHashMap.putVal(Ljava/lang/Object;Ljava/lang/Object;Z)Ljava/lang/Object; @ 192
Event: 4.188 Thread 0x00007f8afc011000 Uncommon trap: reason=unstable_if action=reinterpret pc=0x00007f8ae6799e14 method=java.lang.Class.searchMethods([Ljava/lang/reflect/Method;Ljava/lang/String;[Ljava/lang/Class;)Ljava/lang/reflect/Method; @ 47

Internal exceptions (10 events):
Event: 4.171 Thread 0x00007f8afc011000 Exception <a 'java/lang/ClassNotFoundException': javax/naming/ReferenceableCustomizer> (0x00000000de3dcf00) thrown at [/HUDSON3/workspace/8-2-build-linux-amd64/jdk8u101/7261/hotspot/src/share/vm/classfile/systemDictionary.cpp, line 210]
Event: 4.171 Thread 0x00007f8afc011000 Exception <a 'java/lang/ClassNotFoundException': java/io/CloseableCustomizer> (0x00000000de3f0868) thrown at [/HUDSON3/workspace/8-2-build-linux-amd64/jdk8u101/7261/hotspot/src/share/vm/classfile/systemDictionary.cpp, line 210]
Event: 4.172 Thread 0x00007f8afc011000 Exception <a 'java/lang/ClassNotFoundException': java/lang/CloneableCustomizer> (0x00000000de403d28) thrown at [/HUDSON3/workspace/8-2-build-linux-amd64/jdk8u101/7261/hotspot/src/share/vm/classfile/systemDictionary.cpp, line 210]
Event: 4.172 Thread 0x00007f8afc011000 Exception <a 'java/lang/ClassNotFoundException': javax/sql/ConnectionPoolDataSourceCustomizer> (0x00000000de419b70) thrown at [/HUDSON3/workspace/8-2-build-linux-amd64/jdk8u101/7261/hotspot/src/share/vm/classfile/systemDictionary.cpp, line 210]
Event: 4.172 Thread 0x00007f8afc011000 Exception <a 'java/lang/ClassNotFoundException': javax/management/MBeanRegistrationCustomizer> (0x00000000de4316e8) thrown at [/HUDSON3/workspace/8-2-build-linux-amd64/jdk8u101/7261/hotspot/src/share/vm/classfile/systemDictionary.cpp, line 210]
Event: 4.173 Thread 0x00007f8afc011000 Exception <a 'java/lang/ClassNotFoundException': com/alibaba/druid/pool/DruidAbstractDataSourceMBeanCustomizer> (0x00000000de465be0) thrown at [/HUDSON3/workspace/8-2-build-linux-amd64/jdk8u101/7261/hotspot/src/share/vm/classfile/systemDictionary.cpp, lin
Event: 4.174 Thread 0x00007f8afc011000 Exception <a 'java/lang/ClassNotFoundException': javax/sql/DataSourceCustomizer> (0x00000000de4c65f8) thrown at [/HUDSON3/workspace/8-2-build-linux-amd64/jdk8u101/7261/hotspot/src/share/vm/classfile/systemDictionary.cpp, line 210]
Event: 4.175 Thread 0x00007f8afc011000 Exception <a 'java/lang/ClassNotFoundException': com/alibaba/druid/proxy/jdbc/DataSourceProxyCustomizer> (0x00000000de4f7078) thrown at [/HUDSON3/workspace/8-2-build-linux-amd64/jdk8u101/7261/hotspot/src/share/vm/classfile/systemDictionary.cpp, line 210]
Event: 4.176 Thread 0x00007f8afc011000 Exception <a 'java/lang/ClassNotFoundException': java/io/SerializableCustomizer> (0x00000000de514758) thrown at [/HUDSON3/workspace/8-2-build-linux-amd64/jdk8u101/7261/hotspot/src/share/vm/classfile/systemDictionary.cpp, line 210]
Event: 4.176 Thread 0x00007f8afc011000 Exception <a 'java/lang/ClassNotFoundException': java/sql/WrapperCustomizer> (0x00000000de5263d8) thrown at [/HUDSON3/workspace/8-2-build-linux-amd64/jdk8u101/7261/hotspot/src/share/vm/classfile/systemDictionary.cpp, line 210]

Events (10 events):
Event: 4.178 Thread 0x00007f8afc011000 Uncommon trap: trap_request=0xffffffc6 fr.pc=0x00007f8ae6975c98
Event: 4.178 Thread 0x00007f8afc011000 DEOPT PACKING pc=0x00007f8ae6975c98 sp=0x00007f8b02c02330
Event: 4.178 Thread 0x00007f8afc011000 DEOPT UNPACKING pc=0x00007f8ae603f229 sp=0x00007f8b02c022c8 mode 2
Event: 4.178 Thread 0x00007f8afc011000 Uncommon trap: trap_request=0xffffffc6 fr.pc=0x00007f8ae6975c98
Event: 4.178 Thread 0x00007f8afc011000 DEOPT PACKING pc=0x00007f8ae6975c98 sp=0x00007f8b02c02330
Event: 4.178 Thread 0x00007f8afc011000 DEOPT UNPACKING pc=0x00007f8ae603f229 sp=0x00007f8b02c022c8 mode 2
Event: 4.188 Thread 0x00007f8afc011000 Uncommon trap: trap_request=0xffffff65 fr.pc=0x00007f8ae6799e14
Event: 4.188 Thread 0x00007f8afc011000 DEOPT PACKING pc=0x00007f8ae6799e14 sp=0x00007f8b02c021b0
Event: 4.188 Thread 0x00007f8afc011000 DEOPT UNPACKING pc=0x00007f8ae603f229 sp=0x00007f8b02c021a0 mode 2
Event: 4.229 Executing VM operation: ParallelGCFailedAllocation


Dynamic libraries:
00400000-00401000 r-xp 00000000 fd:02 2100689                            /home/ike/soft/jdk1.8/bin/java
00600000-00601000 rw-p 00000000 fd:02 2100689                            /home/ike/soft/jdk1.8/bin/java
00e7c000-00e9d000 rw-p 00000000 00:00 0                                  [heap]
85000000-8a300000 rw-p 00000000 00:00 0 
8a300000-d7000000 ---p 00000000 00:00 0 
d7000000-dfb00000 rw-p 00000000 00:00 0 
e7900000-100000000 ---p 00000000 00:00 0 
100000000-100260000 rw-p 00000000 00:00 0 
100260000-140000000 ---p 00000000 00:00 0 
7f8a98000000-7f8a98021000 rw-p 00000000 00:00 0 
7f8a98021000-7f8a9c000000 ---p 00000000 00:00 0 
7f8aa0000000-7f8aa0995000 rw-p 00000000 00:00 0 
7f8aa0995000-7f8aa4000000 ---p 00000000 00:00 0 
7f8aa4000000-7f8aa4021000 rw-p 00000000 00:00 0 
7f8aa4021000-7f8aa8000000 ---p 00000000 00:00 0 
7f8aa8000000-7f8aa8b51000 rw-p 00000000 00:00 0 
7f8aa8b51000-7f8aac000000 ---p 00000000 00:00 0 
7f8aac000000-7f8aad212000 rw-p 00000000 00:00 0 
7f8aad212000-7f8ab0000000 ---p 00000000 00:00 0 
7f8ab0000000-7f8ab003d000 rw-p 00000000 00:00 0 
7f8ab003d000-7f8ab4000000 ---p 00000000 00:00 0 
7f8ab4000000-7f8ab4021000 rw-p 00000000 00:00 0 
7f8ab4021000-7f8ab8000000 ---p 00000000 00:00 0 
7f8ab8000000-7f8ab8021000 rw-p 00000000 00:00 0 
7f8ab8021000-7f8abc000000 ---p 00000000 00:00 0 
7f8abc000000-7f8abc021000 rw-p 00000000 00:00 0 
7f8abc021000-7f8ac0000000 ---p 00000000 00:00 0 
7f8ac0000000-7f8ac0021000 rw-p 00000000 00:00 0 
7f8ac0021000-7f8ac4000000 ---p 00000000 00:00 0 
7f8ac4000000-7f8ac4021000 rw-p 00000000 00:00 0 
7f8ac4021000-7f8ac8000000 ---p 00000000 00:00 0 
7f8ac8000000-7f8ac8021000 rw-p 00000000 00:00 0 
7f8ac8021000-7f8acc000000 ---p 00000000 00:00 0 
7f8acc000000-7f8acc28f000 rw-p 00000000 00:00 0 
7f8acc28f000-7f8ad0000000 ---p 00000000 00:00 0 
7f8ad0000000-7f8ad0021000 rw-p 00000000 00:00 0 
7f8ad0021000-7f8ad4000000 ---p 00000000 00:00 0 
7f8ad59bf000-7f8ad5bbf000 rw-p 00000000 00:00 0 
7f8ad5bbf000-7f8ad5dbf000 rw-p 00000000 00:00 0 
7f8ad5dbf000-7f8ad5fbf000 rw-p 00000000 00:00 0 
7f8ad5fbf000-7f8ad61bf000 rw-p 00000000 00:00 0 
7f8ad61bf000-7f8ad63bf000 rw-p 00000000 00:00 0 
7f8ad63bf000-7f8ad63c9000 r--s 00116000 fd:02 2100424                    /home/ike/soft/jdk1.8/jre/lib/ext/localedata.jar
7f8ad63c9000-7f8ad63ca000 ---p 00000000 00:00 0 
7f8ad63ca000-7f8ad64ca000 rw-p 00000000 00:00 0 
7f8ad64ca000-7f8ad64cd000 ---p 00000000 00:00 0 
7f8ad64cd000-7f8ad65cb000 rw-p 00000000 00:00 0 
7f8ad65cb000-7f8ad65ce000 ---p 00000000 00:00 0 
7f8ad65ce000-7f8ad66cc000 rw-p 00000000 00:00 0 
7f8ad66cc000-7f8ad66cf000 ---p 00000000 00:00 0 
7f8ad66cf000-7f8ad67cd000 rw-p 00000000 00:00 0 
7f8ad67cd000-7f8ad67d0000 ---p 00000000 00:00 0 
7f8ad67d0000-7f8ad68ce000 rw-p 00000000 00:00 0 
7f8ad68ce000-7f8ad68d0000 r--s 0000a000 fd:02 2103023                    /home/ike/soft/idea-IU-171.4424.56/plugins/Groovy/lib/agent/gragent.jar
7f8ad68d0000-7f8ad68d2000 r--s 0001a000 fd:02 2102710                    /home/ike/soft/idea-IU-171.4424.56/lib/idea_rt.jar
7f8ad68d2000-7f8ad68eb000 r--s 0012c000 fd:02 6423561                    /home/ike/.gradle/caches/modules-2/files-2.1/io.netty/netty/3.10.5.Final/9ca7d55d246092bddd29b867706e2f6c7db701a0/netty-3.10.5.Final.jar
7f8ad68eb000-7f8ad68ed000 r--s 00014000 fd:02 3539264                    /home/ike/.m2/repository/jline/jline/0.9.94/jline-0.9.94.jar
7f8ad68ed000-7f8ad68ee000 r--s 00002000 fd:02 3015918                    /home/ike/.m2/repository/org/slf4j/slf4j-log4j12/1.6.1/slf4j-log4j12-1.6.1.jar
7f8ad68ee000-7f8ad68fb000 r--s 000b9000 fd:02 6293199                    /home/ike/.gradle/caches/modules-2/files-2.1/org.apache.zookeeper/zookeeper/3.4.9/cbd9135689d6622a411e1e9b0ce880b502be5277/zookeeper-3.4.9.jar
7f8ad68fb000-7f8ad68fd000 r--s 0000c000 fd:02 3670899                    /home/ike/.m2/repository/org/ow2/asm/asm/5.0.4/asm-5.0.4.jar
7f8ad68fd000-7f8ad68fe000 r--s 00000000 fd:02 4459279                    /home/ike/.gradle/caches/modules-2/files-2.1/javax.inject/javax.inject/1/6975da39a7040257bd51d21a231b76c915872d38/javax.inject-1.jar
7f8ad68fe000-7f8ad68ff000 r--s 00001000 fd:02 4459277                    /home/ike/.gradle/caches/modules-2/files-2.1/javax.annotation/jsr250-api/1.0/5025422767732a1ab45d93abfea846513d742dcf/jsr250-api-1.0.jar
7f8ad68ff000-7f8ad6900000 r--s 00001000 fd:02 4459275                    /home/ike/.gradle/caches/modules-2/files-2.1/org.jboss.spec.javax.interceptor/jboss-interceptors-api_1.1_spec/1.0.0.Beta1/8cb388fd3b4912373da7a18e199bb55aa52aa5c1/jboss-interceptors-api_1.1_spec-1.0.0.Beta1.jar
7f8ad6900000-7f8ad6902000 r--s 00007000 fd:02 4459273                    /home/ike/.gradle/caches/modules-2/files-2.1/javax.el/el-api/2.2/42971279cc8ba864462580c7fc2199fd5715ee7f/el-api-2.2.jar
7f8ad6902000-7f8ad6904000 r--s 00005000 fd:02 2234244                    /home/ike/.m2/repository/stax/stax-api/1.0.1/stax-api-1.0.1.jar
7f8ad6904000-7f8ad6906000 r--s 0000b000 fd:02 2624367                    /home/ike/.m2/repository/org/objenesis/objenesis/2.2/objenesis-2.2.jar
7f8ad6906000-7f8ad6907000 r--s 00001000 fd:02 3670910                    /home/ike/.m2/repository/com/esotericsoftware/minlog/1.3.0/minlog-1.3.0.jar
7f8ad6907000-7f8ad6909000 r--s 00004000 fd:02 3670897                    /home/ike/.m2/repository/com/esotericsoftware/reflectasm/1.11.3/reflectasm-1.11.3.jar
7f8ad6909000-7f8ad690d000 r--s 0000e000 fd:02 4459271                    /home/ike/.gradle/caches/modules-2/files-2.1/javax.enterprise/cdi-api/1.1/78b1feee99b05a78575fb2fd79fb77be5e74420d/cdi-api-1.1.jar
7f8ad690d000-7f8ad6910000 r--s 0002b000 fd:02 4459269                    /home/ike/.gradle/caches/modules-2/files-2.1/org.jboss/jandex/2.0.0.Final/3e899258936f94649c777193e1be846387ed54b3/jandex-2.0.0.Final.jar
7f8ad6910000-7f8ad6915000 r--s 00068000 fd:02 2103485                    /home/ike/.m2/repository/antlr/antlr/2.7.7/antlr-2.7.7.jar
7f8ad6915000-7f8ad6953000 r--s 0025d000 fd:02 2234241                    /home/ike/.m2/repository/org/apache/xmlbeans/xmlbeans/2.6.0/xmlbeans-2.6.0.jar
7f8ad6953000-7f8ad6955000 r--s 00100000 fd:02 6423559                    /home/ike/.gradle/caches/modules-2/files-2.1/org.xerial.snappy/snappy-java/1.1.2.6/48d92871ca286a47f230feb375f0bbffa83b85f6/snappy-java-1.1.2.6.jar
7f8ad6955000-7f8ad6957000 r--s 00038000 fd:02 6293201                    /home/ike/.gradle/caches/modules-2/files-2.1/net.jpountz.lz4/lz4/1.3.0/c708bb2590c0652a642236ef45d9f99ff842a2ce/lz4-1.3.0.jar
7f8ad6957000-7f8ad695f000 r--s 00048000 fd:02 3670895                    /home/ike/.m2/repository/com/esotericsoftware/kryo/4.0.0/kryo-4.0.0.jar
7f8ad695f000-7f8ad6960000 r--s 00003000 fd:02 3540889                    /home/ike/.m2/repository/org/apache/geronimo/specs/geronimo-jta_1.1_spec/1.1.1/geronimo-jta_1.1_spec-1.1.1.jar
7f8ad6960000-7f8ad696a000 r--s 000ae000 fd:02 3145958                    /home/ike/.m2/repository/org/javassist/javassist/3.20.0-GA/javassist-3.20.0-GA.jar
7f8ad696a000-7f8ad696d000 r--s 00010000 fd:02 4459261                    /home/ike/.gradle/caches/modules-2/files-2.1/org.hibernate.common/hibernate-commons-annotations/5.0.1.Final/71e1cff3fcb20d3b3af4f3363c3ddb24d33c6879/hibernate-commons-annotations-5.0.1.Final.jar
7f8ad696d000-7f8ad6972000 r--s 00048000 fd:02 3801997                    /home/ike/.m2/repository/dom4j/dom4j/1.6.1/dom4j-1.6.1.jar
7f8ad6972000-7f8ad69ea000 r--s 005a9000 fd:02 4459259                    /home/ike/.gradle/caches/modules-2/files-2.1/org.hibernate/hibernate-core/5.2.4.Final/52414fccd4429d8f723996e26c61330df094d06c/hibernate-core-5.2.4.Final.jar
7f8ad69ea000-7f8ad69ee000 r--s 0000c000 fd:02 3540885                    /home/ike/.m2/repository/javax/validation/validation-api/1.1.0.Final/validation-api-1.1.0.Final.jar
7f8ad69ee000-7f8ad69f6000 r--s 00048000 fd:02 3807593                    /home/ike/.gradle/caches/modules-2/files-2.1/org.apache.httpcomponents/httpcore/4.4.6/e3fd8ced1f52c7574af952e2e6da0df8df08eb82/httpcore-4.4.6.jar
7f8ad69f6000-7f8ad69fa000 r--s 00015000 fd:02 3542611                    /home/ike/.gradle/caches/modules-2/files-2.1/com.github.virtuald/curvesapi/1.04/3386abf821719bc89c7685f9eaafaf4a842f0199/curvesapi-1.04.jar
7f8ad69fa000-7f8ad6ab4000 r--s 004e0000 fd:02 7867893                    /home/ike/.gradle/caches/modules-2/files-2.1/org.apache.poi/poi-ooxml-schemas/3.16/9828a49307fc6bebfd42185b677d88b6e4994c63/poi-ooxml-schemas-3.16.jar
7f8ad6ab4000-7f8ad6ac4000 r--s 000a8000 fd:02 3542609                    /home/ike/.gradle/caches/modules-2/files-2.1/org.apache.commons/commons-collections4/4.1/a4cf4688fe1c7e3a63aa636cc96d013af537768e/commons-collections4-4.1.jar
7f8ad6ac4000-7f8ad6acb000 r--s 0003f000 fd:02 4196565                    /home/ike/.m2/repository/commons-codec/commons-codec/1.10/commons-codec-1.10.jar
7f8ad6acb000-7f8ad6acd000 r--s 0000f000 fd:02 4459850                    /home/ike/.m2/repository/javax/activation/activation/1.1.1/activation-1.1.1.jar
7f8ad6acd000-7f8ad6ad5000 r--s 00084000 fd:02 4459846                    /home/ike/.m2/repository/com/sun/mail/javax.mail/1.5.2/javax.mail-1.5.2.jar
7f8ad6ad5000-7f8ad6b48000 r--s 0065b000 fd:02 6168214                    /home/ike/.gradle/caches/modules-2/files-2.1/org.scala-lang/scala-library/2.10.6/421989aa8f95a05a4f894630aad96b8c7b828732/scala-library-2.10.6.jar
7f8ad6b48000-7f8ad6b4b000 r--s 00012000 fd:02 4985769                    /home/ike/.gradle/caches/modules-2/files-2.1/com.yammer.metrics/metrics-core/2.2.0/f82c035cfa786d3cbec362c38c22a5f5b1bc8724/metrics-core-2.2.0.jar
7f8ad6b4b000-7f8ad6b4e000 r--s 00011000 fd:02 4861372                    /home/ike/.gradle/caches/modules-2/files-2.1/net.sf.jopt-simple/jopt-simple/5.0.3/cdd846cfc4e0f7eefafc02c0f5dce32b9303aa2a/jopt-simple-5.0.3.jar
7f8ad6b4e000-7f8ad6b60000 r--s 000d6000 fd:02 4721438                    /home/ike/.gradle/caches/modules-2/files-2.1/org.apache.kafka/kafka-clients/0.10.2.0/c20571ff756fcf8f4a7f76fc7b23707a4c14a67d/kafka-clients-0.10.2.0.jar
7f8ad6b60000-7f8ad6b69000 r--s 0006f000 fd:02 3670891                    /home/ike/.m2/repository/log4j/log4j/1.2.17/log4j-1.2.17.jar
7f8ad6b69000-7f8ad6b81000 r--s 001bf000 fd:02 3670928                    /home/ike/.m2/repository/org/aspectj/aspectjweaver/1.8.10/aspectjweaver-1.8.10.jar
7f8ad6b81000-7f8ad6b8b000 r--s 00098000 fd:02 3671156                    /home/ike/.m2/repository/org/quartz-scheduler/quartz/2.2.3/quartz-2.2.3.jar
7f8ad6b8b000-7f8ad6b90000 r--s 00029000 fd:02 3671151                    /home/ike/.m2/repository/org/springframework/spring-context-support/4.3.5.RELEASE/spring-context-support-4.3.5.RELEASE.jar
7f8ad6b90000-7f8ad6b93000 r--s 0000c000 fd:02 3671062                    /home/ike/.m2/repository/org/mengyun/tcc-transaction-core/1.1.5/tcc-transaction-core-1.1.5.jar
7f8ad6b93000-7f8ad6ba3000 r--s 000b2000 fd:02 3147507                    /home/ike/.m2/repository/org/jboss/netty/netty/3.2.5.Final/netty-3.2.5.Final.jar
7f8ad6ba3000-7f8ad6ba5000 r--s 0000e000 fd:02 3146093                    /home/ike/.m2/repository/commons-logging/commons-logging/1.2/commons-logging-1.2.jar
7f8ad6ba5000-7f8ad6ba8000 r--s 00019000 fd:02 3808679                    /home/ike/.gradle/caches/modules-2/files-2.1/org.apache.commons/commons-pool2/2.4.2/e5f4f28f19d57716fbc3989d7a357ebf1e454fea/commons-pool2-2.4.2.jar
7f8ad6ba8000-7f8ad6c7f000 r--s 007a9000 fd:02 6293761                    /home/ike/.gradle/caches/modules-2/files-2.1/net.sf.ehcache/ehcache/2.10.3/cf74f9a4a049f181833b147a1d9aa62159c9d01d/ehcache-2.10.3.jar
7f8ad6c7f000-7f8ad6c81000 r--s 0000f000 fd:02 3672160                    /home/ike/.m2/repository/org/jboss/logging/jboss-logging/3.3.0.Final/jboss-logging-3.3.0.Final.jar
7f8ad6c81000-7f8ad6c83000 r--s 00003000 fd:02 4588021                    /home/ike/.gradle/caches/modules-2/files-2.1/org.slf4j/jcl-over-slf4j/1.7.22/86ceac14535af5a42c8fb0d06d79b925dd3cb263/jcl-over-slf4j-1.7.22.jar
7f8ad6c83000-7f8ad6c8b000 r--s 0003a000 fd:02 3671152                    /home/ike/.m2/repository/org/springframework/spring-tx/4.3.5.RELEASE/spring-tx-4.3.5.RELEASE.jar
7f8ad6c8b000-7f8ad6c8f000 r--s 00019000 fd:02 4587747                    /home/ike/.gradle/caches/modules-2/files-2.1/org.aspectj/aspectjrt/1.8.9/87372d9e2323313bec24b09a325bfea8ae0eb867/aspectjrt-1.8.9.jar
7f8ad6c8f000-7f8ad6c99000 r--s 00068000 fd:02 4587743                    /home/ike/.gradle/caches/modules-2/files-2.1/org.springframework/spring-orm/4.2.8.RELEASE/43b557f5025782616f791dbd720b4a606eeca1bf/spring-orm-4.2.8.RELEASE.jar
7f8ad6c99000-7f8ad6c9e000 r--s 0003c000 fd:02 6554776                    /home/ike/.gradle/caches/modules-2/files-2.1/org.springframework/spring-expression/4.3.7.RELEASE/5257b6486e43d8c05674323fea5b415d4da72f38/spring-expression-4.3.7.RELEASE.jar
7f8ad6c9e000-7f8ad6cb5000 r--s 000fb000 fd:02 6424510                    /home/ike/.gradle/caches/modules-2/files-2.1/org.springframework/spring-core/4.3.7.RELEASE/54fa2db94cc7222edc90ec71354e47cd1dc07f7b/spring-core-4.3.7.RELEASE.jar
7f8ad6cb5000-7f8ad6cc3000 r--s 000ad000 fd:02 6424518                    /home/ike/.gradle/caches/modules-2/files-2.1/org.springframework/spring-beans/4.3.7.RELEASE/2de9f59f3202965438f3a02057d6ad8274636044/spring-beans-4.3.7.RELEASE.jar
7f8ad6cc3000-7f8ad6ccc000 r--s 00054000 fd:02 6554774                    /home/ike/.gradle/caches/modules-2/files-2.1/org.springframework/spring-aop/4.3.7.RELEASE/3f243d685e4a8a78a0c291445c6d85560ec4d339/spring-aop-4.3.7.RELEASE.jar
7f8ad6ccc000-7f8ad6ccd000 r--s 00001000 fd:02 3670688                    /home/ike/.m2/repository/org/mengyun/tcc-transaction-api/1.1.5/tcc-transaction-api-1.1.5.jar
7f8ad6ccd000-7f8ad6cdf000 r--s 000a7000 fd:02 3670135                    /home/ike/.gradle/caches/modules-2/files-2.1/org.hibernate/hibernate-validator/5.4.0.Final/2076cbd5719e4182a75ab32e7186deb0ca5ac376/hibernate-validator-5.4.0.Final.jar
7f8ad6cdf000-7f8ad6cec000 r--s 000aa000 fd:02 3807591                    /home/ike/.gradle/caches/modules-2/files-2.1/org.apache.httpcomponents/httpclient/4.5.3/d1577ae15f01ef5438c5afc62162457c00a34713/httpclient-4.5.3.jar
7f8ad6cec000-7f8ad6cff000 r--s 0014c000 fd:02 7867891                    /home/ike/.gradle/caches/modules-2/files-2.1/org.apache.poi/poi-ooxml/3.16/76e20fe22404cc4da55ddfdaaaadee32bbfa3bdd/poi-ooxml-3.16.jar
7f8ad6cff000-7f8ad6d2b000 r--s 00263000 fd:02 7867889                    /home/ike/.gradle/caches/modules-2/files-2.1/org.apache.poi/poi/3.16/ad21c123ee5d6b5b2a8f0d4ed23b3ffe6759a889/poi-3.16.jar
7f8ad6d2b000-7f8ad6d2e000 r--s 00015000 fd:02 3807983                    /home/ike/.m2/repository/javax/servlet/javax.servlet-api/3.1.0/javax.servlet-api-3.1.0.jar
7f8ad6d2e000-7f8ad6d30000 r--s 0000b000 fd:02 4331416                    /home/ike/.m2/repository/org/apache/commons/commons-email/1.4/commons-email-1.4.jar
7f8ad6d30000-7f8ad6d93000 r--s 004f1000 fd:02 4588675                    /home/ike/.gradle/caches/modules-2/files-2.1/org.apache.kafka/kafka_2.10/0.10.2.0/eca9a789b4df7441796636bfb7e0f9210cae8b1e/kafka_2.10-0.10.2.0.jar
7f8ad6d93000-7f8ad6db1000 r--s 00143000 fd:02 3670645                    /home/ike/.m2/repository/com/alibaba/dubbo/2.5.4-SNAPSHOT/dubbo-2.5.4-SNAPSHOT.jar
7f8ad6db1000-7f8ad6dbd000 r--s 0007c000 fd:02 4590155                    /home/ike/.gradle/caches/modules-2/files-2.1/redis.clients/jedis/2.9.0/292bc9cc26553acd3cccc26f2f95620bf88a04c2/jedis-2.9.0.jar
7f8ad6dbd000-7f8ad6dec000 r--s 00239000 fd:02 5376285                    /home/ike/.gradle/caches/modules-2/files-2.1/com.google.guava/guava/21.0/3a3d111be1be1b745edfa7d91678a12d7ed38709/guava-21.0.jar
7f8ad6dec000-7f8ad6def000 ---p 00000000 00:00 0 
7f8ad6def000-7f8ad6eed000 rw-p 00000000 00:00 0 
7f8ad6eed000-7f8ad6ef0000 ---p 00000000 00:00 0 
7f8ad6ef0000-7f8ad6fee000 rw-p 00000000 00:00 0 
7f8ad6fee000-7f8ad6ff1000 ---p 00000000 00:00 0 
7f8ad6ff1000-7f8ad70ef000 rw-p 00000000 00:00 0 
7f8ad70ef000-7f8ad70f3000 r-xp 00000000 fd:02 2100248                    /home/ike/soft/jdk1.8/jre/lib/amd64/libdt_socket.so
7f8ad70f3000-7f8ad72f2000 ---p 00004000 fd:02 2100248                    /home/ike/soft/jdk1.8/jre/lib/amd64/libdt_socket.so
7f8ad72f2000-7f8ad72f3000 rw-p 00003000 fd:02 2100248                    /home/ike/soft/jdk1.8/jre/lib/amd64/libdt_socket.so
7f8ad72f3000-7f8ad72f6000 ---p 00000000 00:00 0 
7f8ad72f6000-7f8ad73f4000 rw-p 00000000 00:00 0 
7f8ad73f4000-7f8ad73f7000 ---p 00000000 00:00 0 
7f8ad73f7000-7f8ad74f5000 rw-p 00000000 00:00 0 
7f8ad74f5000-7f8ad74f8000 ---p 00000000 00:00 0 
7f8ad74f8000-7f8ad75f6000 rw-p 00000000 00:00 0 
7f8ad75f6000-7f8ad75f7000 ---p 00000000 00:00 0 
7f8ad75f7000-7f8ad8000000 rw-p 00000000 00:00 0 
7f8ad8000000-7f8ad8021000 rw-p 00000000 00:00 0 
7f8ad8021000-7f8adc000000 ---p 00000000 00:00 0 
7f8adc000000-7f8adc003000 r--s 00010000 fd:02 4587590                    /home/ike/.gradle/caches/modules-2/files-2.1/com.101tec/zkclient/0.10/c54d4b5a5e89af75a80b6d5857400165ce5188d0/zkclient-0.10.jar
7f8adc003000-7f8adc005000 r--s 0000e000 fd:02 4459297                    /home/ike/.gradle/caches/modules-2/files-2.1/com.fasterxml/classmate/1.3.3/864c8e370a691e343210cc7c532fc198cee460d8/classmate-1.3.3.jar
7f8adc005000-7f8adc00a000 r--s 00061000 fd:02 3670330                    /home/ike/.gradle/caches/modules-2/files-2.1/com.alibaba/fastjson/1.2.23/be2508e9bac203c38f3f52fc8d33332c4e7ee6c5/fastjson-1.2.23.jar
7f8adc00a000-7f8adc00d000 r--s 0001a000 fd:02 7733451                    /home/ike/.gradle/caches/modules-2/files-2.1/org.glassfish.web/javax.el/2.2.6/232abfe1f919127e9cfcd6e4e2c6324bb394535/javax.el-2.2.6.jar
7f8adc00d000-7f8adc010000 r--s 00020000 fd:02 6168744                    /home/ike/.gradle/caches/modules-2/files-2.1/org.hibernate/hibernate-ehcache/5.2.4.Final/f70147c655b970ca70e3913f91880da6d264fe68/hibernate-ehcache-5.2.4.Final.jar
7f8adc010000-7f8adc021000 r--s 0009a000 fd:02 6424506                    /home/ike/.gradle/caches/modules-2/files-2.1/org.springframework.data/spring-data-commons/1.12.8.RELEASE/827a994d703ad9916b694d17401d8bf78bd773f9/spring-data-commons-1.12.8.RELEASE.jar
7f8adc021000-7f8adc02b000 r--s 0005f000 fd:02 3671148                    /home/ike/.m2/repository/org/springframework/spring-jdbc/4.3.5.RELEASE/spring-jdbc-4.3.5.RELEASE.jar
7f8adc02b000-7f8adc045000 r--s 000fd000 fd:02 6424513                    /home/ike/.gradle/caches/modules-2/files-2.1/org.springframework/spring-context/4.3.7.RELEASE/34b66b0b7910122ef95ba4fff6da9238ef80a5de/spring-context-4.3.7.RELEASE.jar
7f8adc045000-7f8adc05c000 r--s 001b7000 fd:02 4587733                    /home/ike/.gradle/caches/modules-2/files-2.1/mysql/mysql-connector-java/6.0.5/9d8df5a1f3273110f2a9ad304961bdd03d696d86/mysql-connector-java-6.0.5.jar
7f8adc05c000-7f8adc07e000 r--s 001e6000 fd:02 4587737                    /home/ike/.gradle/caches/modules-2/files-2.1/com.alibaba/druid/1.0.26/f4bc6159b34e4cda5abd6480203492b470aa1a36/druid-1.0.26.jar
7f8adc07e000-7f8ae0000000 rw-p 00000000 00:00 0 
7f8ae0000000-7f8ae0021000 rw-p 00000000 00:00 0 
7f8ae0021000-7f8ae4000000 ---p 00000000 00:00 0 
7f8ae4000000-7f8ae4002000 r--s 00010000 fd:02 7733449                    /home/ike/.gradle/caches/modules-2/files-2.1/javax.el/javax.el-api/3.0.1-b04/8c0c970b8deae5054ff0bf4b17979c8181a506d3/javax.el-api-3.0.1-b04.jar
7f8ae4002000-7f8ae4009000 r--s 0003e000 fd:02 4587735                    /home/ike/.gradle/caches/modules-2/files-2.1/org.springframework.data/spring-data-jpa/1.10.3.RELEASE/fc31fbdb8ff777d29077ac53a616f11c2c0df59/spring-data-jpa-1.10.3.RELEASE.jar
7f8ae4009000-7f8ae400d000 r--s 0002f000 fd:02 3670137                    /home/ike/.gradle/caches/modules-2/files-2.1/commons-io/commons-io/2.5/2852e6e05fbb95076fc091f6d1780f1f8fe35e0f/commons-io-2.5.jar
7f8ae400d000-7f8ae400f000 r--s 00009000 fd:02 4460443                    /home/ike/.gradle/caches/modules-2/files-2.1/org.slf4j/slf4j-api/1.7.24/3f6b4bd4f8dbe8d4bea06d107a3826469b85c3e9/slf4j-api-1.7.24.jar
7f8ae400f000-7f8ae4017000 r--s 0006e000 fd:02 3670118                    /home/ike/.gradle/caches/modules-2/files-2.1/org.apache.commons/commons-lang3/3.5/6c6c702c89bfff3cd9e80b04d668c5e190d588c6/commons-lang3-3.5.jar
7f8ae4017000-7f8ae402a000 r--s 00345000 fd:02 2100473                    /home/ike/soft/jdk1.8/jre/lib/resources.jar
7f8ae402a000-7f8ae403d000 r--s 000d6000 fd:02 2100468                    /home/ike/soft/jdk1.8/jre/lib/plugin.jar
7f8ae403d000-7f8ae4058000 r--s 00208000 fd:02 2100407                    /home/ike/soft/jdk1.8/jre/lib/deploy.jar
7f8ae4058000-7f8ae445c000 rw-p 00000000 00:00 0 
7f8ae445c000-7f8ae4635000 r--s 03d29000 fd:02 2100521                    /home/ike/soft/jdk1.8/jre/lib/rt.jar
7f8ae4635000-7f8ae520d000 rw-p 00000000 00:00 0 
7f8ae520d000-7f8ae520e000 ---p 00000000 00:00 0 
7f8ae520e000-7f8ae530e000 rw-p 00000000 00:00 0 
7f8ae530e000-7f8ae530f000 ---p 00000000 00:00 0 
7f8ae530f000-7f8ae540f000 rw-p 00000000 00:00 0 
7f8ae540f000-7f8ae5410000 ---p 00000000 00:00 0 
7f8ae5410000-7f8ae5510000 rw-p 00000000 00:00 0 
7f8ae5510000-7f8ae5511000 ---p 00000000 00:00 0 
7f8ae5511000-7f8ae563b000 rw-p 00000000 00:00 0 
7f8ae563b000-7f8ae58a1000 ---p 00000000 00:00 0 
7f8ae58a1000-7f8ae58cb000 rw-p 00000000 00:00 0 
7f8ae58cb000-7f8ae5b31000 ---p 00000000 00:00 0 
7f8ae5b31000-7f8ae5b77000 rw-p 00000000 00:00 0 
7f8ae5b77000-7f8ae5c79000 ---p 00000000 00:00 0 
7f8ae5c79000-7f8ae5ca1000 rw-p 00000000 00:00 0 
7f8ae5ca1000-7f8ae603a000 ---p 00000000 00:00 0 
7f8ae603a000-7f8ae69ea000 rwxp 00000000 00:00 0 
7f8ae69ea000-7f8af503a000 ---p 00000000 00:00 0 
7f8af503a000-7f8af5054000 r-xp 00000000 fd:02 2100263                    /home/ike/soft/jdk1.8/jre/lib/amd64/libzip.so
7f8af5054000-7f8af5254000 ---p 0001a000 fd:02 2100263                    /home/ike/soft/jdk1.8/jre/lib/amd64/libzip.so
7f8af5254000-7f8af5255000 rw-p 0001a000 fd:02 2100263                    /home/ike/soft/jdk1.8/jre/lib/amd64/libzip.so
7f8af5255000-7f8af525f000 r-xp 00000000 fd:00 2891856                    /usr/lib64/libnss_files-2.24.so
7f8af525f000-7f8af545f000 ---p 0000a000 fd:00 2891856                    /usr/lib64/libnss_files-2.24.so
7f8af545f000-7f8af5460000 r--p 0000a000 fd:00 2891856                    /usr/lib64/libnss_files-2.24.so
7f8af5460000-7f8af5461000 rw-p 0000b000 fd:00 2891856                    /usr/lib64/libnss_files-2.24.so
7f8af5461000-7f8af5467000 rw-p 00000000 00:00 0 
7f8af5467000-7f8afc000000 r--p 00000000 fd:00 2885042                    /usr/lib/locale/locale-archive
7f8afc000000-7f8afcd48000 rw-p 00000000 00:00 0 
7f8afcd48000-7f8b00000000 ---p 00000000 00:00 0 
7f8b00000000-7f8b00005000 r--s 00017000 fd:02 3148263                    /home/ike/.m2/repository/org/hibernate/javax/persistence/hibernate-jpa-2.1-api/1.0.0.Final/hibernate-jpa-2.1-api-1.0.0.Final.jar
7f8b00005000-7f8b0007b000 rw-p 00000000 00:00 0 
7f8b0007b000-7f8b00085000 r-xp 00000000 fd:02 2100232                    /home/ike/soft/jdk1.8/jre/lib/amd64/libinstrument.so
7f8b00085000-7f8b00284000 ---p 0000a000 fd:02 2100232                    /home/ike/soft/jdk1.8/jre/lib/amd64/libinstrument.so
7f8b00284000-7f8b00285000 rw-p 00009000 fd:02 2100232                    /home/ike/soft/jdk1.8/jre/lib/amd64/libinstrument.so
7f8b00285000-7f8b00287000 r-xp 00000000 fd:02 2100241                    /home/ike/soft/jdk1.8/jre/lib/amd64/libnpt.so
7f8b00287000-7f8b00487000 ---p 00002000 fd:02 2100241                    /home/ike/soft/jdk1.8/jre/lib/amd64/libnpt.so
7f8b00487000-7f8b00488000 rw-p 00002000 fd:02 2100241                    /home/ike/soft/jdk1.8/jre/lib/amd64/libnpt.so
7f8b00488000-7f8b004c1000 r-xp 00000000 fd:02 2100224                    /home/ike/soft/jdk1.8/jre/lib/amd64/libjdwp.so
7f8b004c1000-7f8b006c0000 ---p 00039000 fd:02 2100224                    /home/ike/soft/jdk1.8/jre/lib/amd64/libjdwp.so
7f8b006c0000-7f8b006c2000 rw-p 00038000 fd:02 2100224                    /home/ike/soft/jdk1.8/jre/lib/amd64/libjdwp.so
7f8b006c2000-7f8b006ec000 r-xp 00000000 fd:02 2100286                    /home/ike/soft/jdk1.8/jre/lib/amd64/libjava.so
7f8b006ec000-7f8b008ec000 ---p 0002a000 fd:02 2100286                    /home/ike/soft/jdk1.8/jre/lib/amd64/libjava.so
7f8b008ec000-7f8b008ee000 rw-p 0002a000 fd:02 2100286                    /home/ike/soft/jdk1.8/jre/lib/amd64/libjava.so
7f8b008ee000-7f8b008fb000 r-xp 00000000 fd:02 2100257                    /home/ike/soft/jdk1.8/jre/lib/amd64/libverify.so
7f8b008fb000-7f8b00afb000 ---p 0000d000 fd:02 2100257                    /home/ike/soft/jdk1.8/jre/lib/amd64/libverify.so
7f8b00afb000-7f8b00afd000 rw-p 0000d000 fd:02 2100257                    /home/ike/soft/jdk1.8/jre/lib/amd64/libverify.so
7f8b00afd000-7f8b00b04000 r-xp 00000000 fd:00 2891975                    /usr/lib64/librt-2.24.so
7f8b00b04000-7f8b00d03000 ---p 00007000 fd:00 2891975                    /usr/lib64/librt-2.24.so
7f8b00d03000-7f8b00d04000 r--p 00006000 fd:00 2891975                    /usr/lib64/librt-2.24.so
7f8b00d04000-7f8b00d05000 rw-p 00007000 fd:00 2891975                    /usr/lib64/librt-2.24.so
7f8b00d05000-7f8b00e0d000 r-xp 00000000 fd:00 2891438                    /usr/lib64/libm-2.24.so
7f8b00e0d000-7f8b0100c000 ---p 00108000 fd:00 2891438                    /usr/lib64/libm-2.24.so
7f8b0100c000-7f8b0100d000 r--p 00107000 fd:00 2891438                    /usr/lib64/libm-2.24.so
7f8b0100d000-7f8b0100e000 rw-p 00108000 fd:00 2891438                    /usr/lib64/libm-2.24.so
7f8b0100e000-7f8b01cd9000 r-xp 00000000 fd:02 2100238                    /home/ike/soft/jdk1.8/jre/lib/amd64/server/libjvm.so
7f8b01cd9000-7f8b01ed8000 ---p 00ccb000 fd:02 2100238                    /home/ike/soft/jdk1.8/jre/lib/amd64/server/libjvm.so
7f8b01ed8000-7f8b01fb1000 rw-p 00cca000 fd:02 2100238                    /home/ike/soft/jdk1.8/jre/lib/amd64/server/libjvm.so
7f8b01fb1000-7f8b01ffc000 rw-p 00000000 00:00 0 
7f8b01ffc000-7f8b021b9000 r-xp 00000000 fd:00 2891285                    /usr/lib64/libc-2.24.so
7f8b021b9000-7f8b023b8000 ---p 001bd000 fd:00 2891285                    /usr/lib64/libc-2.24.so
7f8b023b8000-7f8b023bc000 r--p 001bc000 fd:00 2891285                    /usr/lib64/libc-2.24.so
7f8b023bc000-7f8b023be000 rw-p 001c0000 fd:00 2891285                    /usr/lib64/libc-2.24.so
7f8b023be000-7f8b023c2000 rw-p 00000000 00:00 0 
7f8b023c2000-7f8b023c5000 r-xp 00000000 fd:00 2891382                    /usr/lib64/libdl-2.24.so
7f8b023c5000-7f8b025c4000 ---p 00003000 fd:00 2891382                    /usr/lib64/libdl-2.24.so
7f8b025c4000-7f8b025c5000 r--p 00002000 fd:00 2891382                    /usr/lib64/libdl-2.24.so
7f8b025c5000-7f8b025c6000 rw-p 00003000 fd:00 2891382                    /usr/lib64/libdl-2.24.so
7f8b025c6000-7f8b025db000 r-xp 00000000 fd:02 2098935                    /home/ike/soft/jdk1.8/lib/amd64/jli/libjli.so
7f8b025db000-7f8b027db000 ---p 00015000 fd:02 2098935                    /home/ike/soft/jdk1.8/lib/amd64/jli/libjli.so
7f8b027db000-7f8b027dc000 rw-p 00015000 fd:02 2098935                    /home/ike/soft/jdk1.8/lib/amd64/jli/libjli.so
7f8b027dc000-7f8b027f4000 r-xp 00000000 fd:00 2891857                    /usr/lib64/libpthread-2.24.so
7f8b027f4000-7f8b029f4000 ---p 00018000 fd:00 2891857                    /usr/lib64/libpthread-2.24.so
7f8b029f4000-7f8b029f5000 r--p 00018000 fd:00 2891857                    /usr/lib64/libpthread-2.24.so
7f8b029f5000-7f8b029f6000 rw-p 00019000 fd:00 2891857                    /usr/lib64/libpthread-2.24.so
7f8b029f6000-7f8b029fa000 rw-p 00000000 00:00 0 
7f8b029fa000-7f8b02a1f000 r-xp 00000000 fd:00 2894298                    /usr/lib64/ld-2.24.so
7f8b02a1f000-7f8b02a20000 r--s 00000000 fd:02 4459257                    /home/ike/.gradle/caches/modules-2/files-2.1/org.hibernate/hibernate-entitymanager/5.2.4.Final/b5f9506bbff26ce5c75f16e568fa43d148d0f1d1/hibernate-entitymanager-5.2.4.Final.jar
7f8b02a20000-7f8b02a24000 r--s 00097000 fd:02 2100406                    /home/ike/soft/jdk1.8/jre/lib/jsse.jar
7f8b02a24000-7f8b02a29000 r--s 00084000 fd:02 2100412                    /home/ike/soft/jdk1.8/jre/lib/jfr.jar
7f8b02a29000-7f8b02a33000 r--s 0006c000 fd:02 2100376                    /home/ike/soft/jdk1.8/jre/lib/javaws.jar
7f8b02a33000-7f8b02b04000 rw-p 00000000 00:00 0 
7f8b02b04000-7f8b02b07000 ---p 00000000 00:00 0 
7f8b02b07000-7f8b02c07000 rw-p 00000000 00:00 0 
7f8b02c07000-7f8b02c08000 r--s 00002000 fd:02 3671205                    /home/ike/.m2/repository/org/mengyun/tcc-transaction-spring/1.1.5/tcc-transaction-spring-1.1.5.jar
7f8b02c08000-7f8b02c09000 r--s 00000000 fd:02 2100401                    /home/ike/soft/jdk1.8/jre/lib/management-agent.jar
7f8b02c09000-7f8b02c0b000 r--s 00007000 fd:02 2100375                    /home/ike/soft/jdk1.8/jre/lib/jfxswt.jar
7f8b02c0b000-7f8b02c0e000 r--s 0001a000 fd:02 2100204                    /home/ike/soft/jdk1.8/jre/lib/jce.jar
7f8b02c0e000-7f8b02c13000 r--s 002f9000 fd:02 2100432                    /home/ike/soft/jdk1.8/jre/lib/charsets.jar
7f8b02c13000-7f8b02c1b000 rw-s 00000000 00:29 869143                     /tmp/hsperfdata_ike/3061
7f8b02c1b000-7f8b02c1c000 rw-p 00000000 00:00 0 
7f8b02c1c000-7f8b02c1d000 ---p 00000000 00:00 0 
7f8b02c1d000-7f8b02c1f000 rw-p 00000000 00:00 0 
7f8b02c1f000-7f8b02c20000 r--p 00025000 fd:00 2894298                    /usr/lib64/ld-2.24.so
7f8b02c20000-7f8b02c21000 rw-p 00026000 fd:00 2894298                    /usr/lib64/ld-2.24.so
7f8b02c21000-7f8b02c22000 rw-p 00000000 00:00 0 
7ffe10a96000-7ffe10aba000 rw-p 00000000 00:00 0                          [stack]
7ffe10b42000-7ffe10b44000 r--p 00000000 00:00 0                          [vvar]
7ffe10b44000-7ffe10b46000 r-xp 00000000 00:00 0                          [vdso]
ffffffffff600000-ffffffffff601000 r-xp 00000000 00:00 0                  [vsyscall]

VM Arguments:
jvm_args: -agentlib:jdwp=transport=dt_socket,address=127.0.0.1:40211,suspend=y,server=n -javaagent:/home/ike/soft/idea-IU-171.4424.56/plugins/Groovy/lib/agent/gragent.jar -Dfile.encoding=UTF-8 
java_command: com.bjike.goddess.announcement.Application
java_class_path (initial): /home/ike/soft/jdk1.8/jre/lib/charsets.jar:/home/ike/soft/jdk1.8/jre/lib/deploy.jar:/home/ike/soft/jdk1.8/jre/lib/ext/cldrdata.jar:/home/ike/soft/jdk1.8/jre/lib/ext/dnsns.jar:/home/ike/soft/jdk1.8/jre/lib/ext/jaccess.jar:/home/ike/soft/jdk1.8/jre/lib/ext/jfxrt.jar:/home/ike/soft/jdk1.8/jre/lib/ext/localedata.jar:/home/ike/soft/jdk1.8/jre/lib/ext/nashorn.jar:/home/ike/soft/jdk1.8/jre/lib/ext/sunec.jar:/home/ike/soft/jdk1.8/jre/lib/ext/sunjce_provider.jar:/home/ike/soft/jdk1.8/jre/lib/ext/sunpkcs11.jar:/home/ike/soft/jdk1.8/jre/lib/ext/zipfs.jar:/home/ike/soft/jdk1.8/jre/lib/javaws.jar:/home/ike/soft/jdk1.8/jre/lib/jce.jar:/home/ike/soft/jdk1.8/jre/lib/jfr.jar:/home/ike/soft/jdk1.8/jre/lib/jfxswt.jar:/home/ike/soft/jdk1.8/jre/lib/jsse.jar:/home/ike/soft/jdk1.8/jre/lib/management-agent.jar:/home/ike/soft/jdk1.8/jre/lib/plugin.jar:/home/ike/soft/jdk1.8/jre/lib/resources.jar:/home/ike/soft/jdk1.8/jre/lib/rt.jar:/home/ike/code/goddess-java/modules/announcement/announcement-provider/build/classes/main:/home/ike/code/goddess-java/modules/announcement/announcement-provider/build/resources/main:/home/ike/code/goddess-java/common/common-jpa/build/classes/main:/home/ike/code/goddess-java/common/common-provider/build/classes/main:/home/ike/code/goddess-java/common/common-provider/build/resources/main:/home/ike/code/goddess-java/modules/announcement/announcement-api/build/classes/main:/home/ike/code/goddess-java/modules/user/user-api/build/classes/main:/home/ike/code/goddess-java/modules/message/message-api/build/classes/main:/home/ike/code/goddess-java/modules/contacts/contacts-api/build/classes/main:/home/ike/code/goddess-java/modules/organize/organize-api/build/classes/main:/home/ike/code/goddess-java/common/common-utils/build/classes/main:/home/ike/code/goddess-java/common/common-api/build/classes/main:/home/ike/.m2/repository/org/hibernate/javax/persistence/hibernate-jpa-2.1-api/1.0.0.Final/hibernate-jpa-2.1-api-1.0.0.Final.jar:/home/ike/.gradle/
Launcher Type: SUN_STANDARD

Environment Variables:
JAVA_HOME=/home/ike/soft/jdk1.8
PATH=/home/ike/soft/gradle/bin:/home/ike/soft/maven3.3.9/bin:/home/ike/soft/jdk1.8/bin:/home/ike/soft/jdk1.8/bin:/home/ike/soft/gradle/bin:/home/ike/soft/maven3.3.9/bin:/usr/lib64/qt-3.3/bin:/usr/local/bin:/usr/local/sbin:/usr/bin:/usr/sbin:/home/ike/.local/bin:/home/ike/bin
USERNAME=ike
LD_LIBRARY_PATH=/home/ike/soft/idea-IU-171.4424.56/bin:
SHELL=/bin/bash
DISPLAY=:0

Signal Handlers:
SIGSEGV: [libjvm.so+0xac4790], sa_mask[0]=11111111011111111101111111111110, sa_flags=SA_RESTART|SA_SIGINFO
SIGBUS: [libjvm.so+0xac4790], sa_mask[0]=11111111011111111101111111111110, sa_flags=SA_RESTART|SA_SIGINFO
SIGFPE: [libjvm.so+0x91f140], sa_mask[0]=11111111011111111101111111111110, sa_flags=SA_RESTART|SA_SIGINFO
SIGPIPE: [libjvm.so+0x91f140], sa_mask[0]=11111111011111111101111111111110, sa_flags=SA_RESTART|SA_SIGINFO
SIGXFSZ: [libjvm.so+0x91f140], sa_mask[0]=11111111011111111101111111111110, sa_flags=SA_RESTART|SA_SIGINFO
SIGILL: [libjvm.so+0x91f140], sa_mask[0]=11111111011111111101111111111110, sa_flags=SA_RESTART|SA_SIGINFO
SIGUSR1: SIG_DFL, sa_mask[0]=00000000000000000000000000000000, sa_flags=none
SIGUSR2: [libjvm.so+0x920770], sa_mask[0]=00100000000000000000000000000000, sa_flags=SA_RESTART|SA_SIGINFO
SIGHUP: [libjvm.so+0x921b70], sa_mask[0]=11111111011111111101111111111110, sa_flags=SA_RESTART|SA_SIGINFO
SIGINT: [libjvm.so+0x921b70], sa_mask[0]=11111111011111111101111111111110, sa_flags=SA_RESTART|SA_SIGINFO
SIGTERM: [libjvm.so+0x921b70], sa_mask[0]=11111111011111111101111111111110, sa_flags=SA_RESTART|SA_SIGINFO
SIGQUIT: [libjvm.so+0x921b70], sa_mask[0]=11111111011111111101111111111110, sa_flags=SA_RESTART|SA_SIGINFO


---------------  S Y S T E M  ---------------

OS:Fedora release 25 (Twenty Five)

uname:Linux 4.8.6-300.fc25.x86_64 #1 SMP Tue Nov 1 12:36:38 UTC 2016 x86_64
libc:glibc 2.24 NPTL 2.24 
rlimit: STACK 8192k, CORE 0k, NPROC 31367, NOFILE 4096, AS infinity
load average:6.51 2.29 1.16

/proc/meminfo:
MemTotal:        8053804 kB
MemFree:          107236 kB
MemAvailable:       6868 kB
Buffers:             384 kB
Cached:           154032 kB
SwapCached:         3532 kB
Active:          6607048 kB
Inactive:         931680 kB
Active(anon):    6599004 kB
Inactive(anon):   923548 kB
Active(file):       8044 kB
Inactive(file):     8132 kB
Unevictable:          72 kB
Mlocked:              72 kB
SwapTotal:       8187900 kB
SwapFree:              0 kB
Dirty:                 0 kB
Writeback:             0 kB
AnonPages:       7383176 kB
Mapped:            93428 kB
Shmem:            137996 kB
Slab:             183424 kB
SReclaimable:      55712 kB
SUnreclaim:       127712 kB
KernelStack:       43984 kB
PageTables:       104132 kB
NFS_Unstable:          0 kB
Bounce:                0 kB
WritebackTmp:          0 kB
CommitLimit:    12214800 kB
Committed_AS:   26681392 kB
VmallocTotal:   34359738367 kB
VmallocUsed:           0 kB
VmallocChunk:          0 kB
HardwareCorrupted:     0 kB
AnonHugePages:         0 kB
ShmemHugePages:        0 kB
ShmemPmdMapped:        0 kB
CmaTotal:              0 kB
CmaFree:               0 kB
HugePages_Total:       0
HugePages_Free:        0
HugePages_Rsvd:        0
HugePages_Surp:        0
Hugepagesize:       2048 kB
DirectMap4k:      261284 kB
DirectMap2M:     6957056 kB
DirectMap1G:     1048576 kB


CPU:total 4 (4 cores per cpu, 1 threads per core) family 6 model 94 stepping 3, cmov, cx8, fxsr, mmx, sse, sse2, sse3, ssse3, sse4.1, sse4.2, popcnt, avx, avx2, aes, clmul, erms, rtm, 3dnowpref, lzcnt, tsc, tscinvbit, bmi1, bmi2, adx

/proc/cpuinfo:
processor	: 0
vendor_id	: GenuineIntel
cpu family	: 6
model		: 94
model name	: Intel(R) Core(TM) i5-6500 CPU @ 3.20GHz
stepping	: 3
microcode	: 0x9e
cpu MHz		: 2862.304
cache size	: 6144 KB
physical id	: 0
siblings	: 4
core id		: 0
cpu cores	: 4
apicid		: 0
initial apicid	: 0
fpu		: yes
fpu_exception	: yes
cpuid level	: 22
wp		: yes
flags		: fpu vme de pse tsc msr pae mce cx8 apic sep mtrr pge mca cmov pat pse36 clflush dts acpi mmx fxsr sse sse2 ss ht tm pbe syscall nx pdpe1gb rdtscp lm constant_tsc art arch_perfmon pebs bts rep_good nopl xtopology nonstop_tsc aperfmperf eagerfpu pni pclmulqdq dtes64 monitor ds_cpl vmx smx est tm2 ssse3 sdbg fma cx16 xtpr pdcm pcid sse4_1 sse4_2 x2apic movbe popcnt tsc_deadline_timer aes xsave avx f16c rdrand lahf_lm abm 3dnowprefetch intel_pt tpr_shadow vnmi flexpriority ept vpid fsgsbase tsc_adjust bmi1 hle avx2 smep bmi2 erms invpcid rtm mpx rdseed adx smap clflushopt xsaveopt xsavec xgetbv1 xsaves dtherm ida arat pln pts hwp hwp_notify hwp_act_window hwp_epp
bugs		:
bogomips	: 6384.00
clflush size	: 64
cache_alignment	: 64
address sizes	: 39 bits physical, 48 bits virtual
power management:

processor	: 1
vendor_id	: GenuineIntel
cpu family	: 6
model		: 94
model name	: Intel(R) Core(TM) i5-6500 CPU @ 3.20GHz
stepping	: 3
microcode	: 0x9e
cpu MHz		: 2860.156
cache size	: 6144 KB
physical id	: 0
siblings	: 4
core id		: 1
cpu cores	: 4
apicid		: 2
initial apicid	: 2
fpu		: yes
fpu_exception	: yes
cpuid level	: 22
wp		: yes
flags		: fpu vme de pse tsc msr pae mce cx8 apic sep mtrr pge mca cmov pat pse36 clflush dts acpi mmx fxsr sse sse2 ss ht tm pbe syscall nx pdpe1gb rdtscp lm constant_tsc art arch_perfmon pebs bts rep_good nopl xtopology nonstop_tsc aperfmperf eagerfpu pni pclmulqdq dtes64 monitor ds_cpl vmx smx est tm2 ssse3 sdbg fma cx16 xtpr pdcm pcid sse4_1 sse4_2 x2apic movbe popcnt tsc_deadline_timer aes xsave avx f16c rdrand lahf_lm abm 3dnowprefetch intel_pt tpr_shadow vnmi flexpriority ept vpid fsgsbase tsc_adjust bmi1 hle avx2 smep bmi2 erms invpcid rtm mpx rdseed adx smap clflushopt xsaveopt xsavec xgetbv1 xsaves dtherm ida arat pln pts hwp hwp_notify hwp_act_window hwp_epp
bugs		:
bogomips	: 6387.72
clflush size	: 64
cache_alignment	: 64
address sizes	: 39 bits physical, 48 bits virtual
power management:

processor	: 2
vendor_id	: GenuineIntel
cpu family	: 6
model		: 94
model name	: Intel(R) Core(TM) i5-6500 CPU @ 3.20GHz
stepping	: 3
microcode	: 0x9e
cpu MHz		: 3038.476
cache size	: 6144 KB
physical id	: 0
siblings	: 4
core id		: 2
cpu cores	: 4
apicid		: 4
initial apicid	: 4
fpu		: yes
fpu_exception	: yes
cpuid level	: 22
wp		: yes
flags		: fpu vme de pse tsc msr pae mce cx8 apic sep mtrr pge mca cmov pat pse36 clflush dts acpi mmx fxsr sse sse2 ss ht tm pbe syscall nx pdpe1gb rdtscp lm constant_tsc art arch_perfmon pebs bts rep_good nopl xtopology nonstop_tsc aperfmperf eagerfpu pni pclmulqdq dtes64 monitor ds_cpl vmx smx est tm2 ssse3 sdbg fma cx16 xtpr pdcm pcid sse4_1 sse4_2 x2apic movbe popcnt tsc_deadline_timer aes xsave avx f16c rdrand lahf_lm abm 3dnowprefetch intel_pt tpr_shadow vnmi flexpriority ept vpid fsgsbase tsc_adjust bmi1 hle avx2 smep bmi2 erms invpcid rtm mpx rdseed adx smap clflushopt xsaveopt xsavec xgetbv1 xsaves dtherm ida arat pln pts hwp hwp_notify hwp_act_window hwp_epp
bugs		:
bogomips	: 6387.73
clflush size	: 64
cache_alignment	: 64
address sizes	: 39 bits physical, 48 bits virtual
power management:

processor	: 3
vendor_id	: GenuineIntel
cpu family	: 6
model		: 94
model name	: Intel(R) Core(TM) i5-6500 CPU @ 3.20GHz
stepping	: 3
microcode	: 0x9e
cpu MHz		: 3069.726
cache size	: 6144 KB
physical id	: 0
siblings	: 4
core id		: 3
cpu cores	: 4
apicid		: 6
initial apicid	: 6
fpu		: yes
fpu_exception	: yes
cpuid level	: 22
wp		: yes
flags		: fpu vme de pse tsc msr pae mce cx8 apic sep mtrr pge mca cmov pat pse36 clflush dts acpi mmx fxsr sse sse2 ss ht tm pbe syscall nx pdpe1gb rdtscp lm constant_tsc art arch_perfmon pebs bts rep_good nopl xtopology nonstop_tsc aperfmperf eagerfpu pni pclmulqdq dtes64 monitor ds_cpl vmx smx est tm2 ssse3 sdbg fma cx16 xtpr pdcm pcid sse4_1 sse4_2 x2apic movbe popcnt tsc_deadline_timer aes xsave avx f16c rdrand lahf_lm abm 3dnowprefetch intel_pt tpr_shadow vnmi flexpriority ept vpid fsgsbase tsc_adjust bmi1 hle avx2 smep bmi2 erms invpcid rtm mpx rdseed adx smap clflushopt xsaveopt xsavec xgetbv1 xsaves dtherm ida arat pln pts hwp hwp_notify hwp_act_window hwp_epp
bugs		:
bogomips	: 6387.75
clflush size	: 64
cache_alignment	: 64
address sizes	: 39 bits physical, 48 bits virtual
power management:



Memory: 4k page, physical 8053804k(108680k free), swap 8187900k(0k free)

vm_info: Java HotSpot(TM) 64-Bit Server VM (25.101-b13) for linux-amd64 JRE (1.8.0_101-b13), built on Jun 22 2016 02:59:44 by "java_re" with gcc 4.3.0 20080428 (Red Hat 4.3.0-8)

time: Sat Jul 29 08:51:12 2017
elapsed time: 7 seconds (0d 0h 0m 7s)

