#
# A fatal error has been detected by the Java Runtime Environment:
#
#  SIGSEGV (0xb) at pc=0x00007f6b0db9ed80, pid=24050, tid=0x00007f6adf3f1700
#
# JRE version: Java(TM) SE Runtime Environment (8.0_101-b13) (build 1.8.0_101-b13)
# Java VM: Java HotSpot(TM) 64-Bit Server VM (25.101-b13 mixed mode linux-amd64 compressed oops)
# Problematic frame:
# V  [libjvm.so+0x8acd80]  Method::checked_resolve_jmethod_id(_jmethodID*)+0x20
#
# Failed to write core dump. Core dumps have been disabled. To enable core dumping, try "ulimit -c unlimited" before starting Java again
#
# If you would like to submit a bug report, please visit:
#   http://bugreport.java.com/bugreport/crash.jsp
#

---------------  T H R E A D  ---------------

Current thread (0x00007f6b08192800):  JavaThread "JDWP Transport Listener: dt_socket" daemon [_thread_in_vm, id=24066, stack(0x00007f6adf2f1000,0x00007f6adf3f2000)]

siginfo: si_signo: 11 (SIGSEGV), si_code: 1 (SEGV_MAPERR), si_addr: 0x0000000000000080

Registers:
RAX=0x0000000000000001, RBX=0x00007f6b080089f0, RCX=0x00007f6b0ecd92c0, RDX=0x00007f6b0e2b3e80
RSP=0x00007f6adf3f0950, RBP=0x00007f6adf3f0960, RSI=0x00007f6b08192800, RDI=0x0000000000000080
R8 =0x00007f6ac80150b0, R9 =0x0000000000000000, R10=0x00007f6ac80150b0, R11=0x00007f6b0e464cc8
R12=0x0000000000000017, R13=0x0000000000000080, R14=0x00007f6b08192800, R15=0x00007f6adf3f0a67
RIP=0x00007f6b0db9ed80, EFLAGS=0x0000000000010202, CSGSFS=0x002b000000000033, ERR=0x0000000000000004
  TRAPNO=0x000000000000000e

Top of Stack: (sp=0x00007f6adf3f0950)
0x00007f6adf3f0950:   0000000000000074 00007f6b080089f0
0x00007f6adf3f0960:   00007f6adf3f09d0 00007f6b0da2befe
0x00007f6adf3f0970:   00007f6adf3f0990 00007f6adf3f0980
0x00007f6adf3f0980:   00007f6b08192800 0000000000000000
0x00007f6adf3f0990:   00007f6a00000000 0000000000000000
0x00007f6adf3f09a0:   00007f6adf3f09c0 00007f6b0c9a5e40
0x00007f6adf3f09b0:   0000000000000080 00007f6adf3f0a67
0x00007f6adf3f09c0:   000000000000000e 00007f6adf3f0a67
0x00007f6adf3f09d0:   00007f6adf3f0a00 00007f6b0c7918c2
0x00007f6adf3f09e0:   00007f6adf3f0a00 0000000000000080
0x00007f6adf3f09f0:   00007f6adf3f0ad0 0000000000000070
0x00007f6adf3f0a00:   00007f6adf3f0a90 00007f6b0c772aa0
0x00007f6adf3f0a10:   00007f6adf3f0a48 00007f6adf3f0a40
0x00007f6adf3f0a20:   00007f6adf3f0a38 00007f6adf3f0a5c
0x00007f6adf3f0a30:   00000001c8027a60 0000000000000000
0x00007f6adf3f0a40:   0000000000000000 0000000000000000
0x00007f6adf3f0a50:   00007f6ac8027c20 00000001df3f0ad0
0x00007f6adf3f0a60:   0000000000000052 0000000000000002
0x00007f6adf3f0a70:   000000000000000f 0000000000000002
0x00007f6adf3f0a80:   00000000000f0200 000000000000000f
0x00007f6adf3f0a90:   00007f6adf3f0ce0 00007f6b0c77d9c6
0x00007f6adf3f0aa0:   00032cd000000013 00007f6b0d0f0200
0x00007f6adf3f0ab0:   00007f6ab80306d0 00007f6b0c9a5e40
0x00007f6adf3f0ac0:   00007f6adf3f0ad0 00007f6adf3f0c60
0x00007f6adf3f0ad0:   00007f6ac8027433 00007f6b0000024d
0x00007f6adf3f0ae0:   00007f6ac805f580 000000000000012c
0x00007f6adf3f0af0:   00007f6adf3f0b20 00007f6ac8027c00
0x00007f6adf3f0b00:   00007f0000000000 00032cd00000000f
0x00007f6adf3f0b10:   00007f6a00000c80 00007f6adf3f0b20
0x00007f6adf3f0b20:   6a7f000052000000 05000000c85301c8
0x00007f6adf3f0b30:   000000746e756f63 622f6d6f634c283d
0x00007f6adf3f0b40:   646f672f656b696a 796f722f73736564 

Instructions: (pc=0x00007f6b0db9ed80)
0x00007f6b0db9ed60:   55 48 89 e5 53 48 83 ec 08 48 85 ff 75 12 31 db
0x00007f6b0db9ed70:   48 89 d8 48 83 c4 08 5b c9 c3 66 0f 1f 44 00 00
0x00007f6b0db9ed80:   48 8b 1f 48 85 db 74 e6 48 83 fb 37 74 e0 48 8b
0x00007f6b0db9ed90:   03 48 89 df ff 50 10 84 c0 0f 1f 80 00 00 00 00 

Register to memory mapping:

RAX=0x0000000000000001 is an unknown value
RBX=0x00007f6b080089f0 is an unknown value
RCX=0x00007f6b0ecd92c0: <offset 0x2192c0> in /lib64/libpthread.so.0 at 0x00007f6b0eac0000
RDX=0x00007f6b0e2b3e80: <offset 0xfc1e80> in /home/ike/soft/jdk1.8/jre/lib/amd64/server/libjvm.so at 0x00007f6b0d2f2000
RSP=0x00007f6adf3f0950 is pointing into the stack for thread: 0x00007f6b08192800
RBP=0x00007f6adf3f0960 is pointing into the stack for thread: 0x00007f6b08192800
RSI=0x00007f6b08192800 is a thread
RDI=0x0000000000000080 is an unknown value
R8 =0x00007f6ac80150b0 is an unknown value
R9 =0x0000000000000000 is an unknown value
R10=0x00007f6ac80150b0 is an unknown value
R11=0x00007f6b0e464cc8: <offset 0x184cc8> in /lib64/libc.so.6 at 0x00007f6b0e2e0000
R12=0x0000000000000017 is an unknown value
R13=0x0000000000000080 is an unknown value
R14=0x00007f6b08192800 is a thread
R15=0x00007f6adf3f0a67 is pointing into the stack for thread: 0x00007f6b08192800


Stack: [0x00007f6adf2f1000,0x00007f6adf3f2000],  sp=0x00007f6adf3f0950,  free space=1022k
Native frames: (J=compiled Java code, j=interpreted, Vv=VM code, C=native code)
V  [libjvm.so+0x8acd80]  Method::checked_resolve_jmethod_id(_jmethodID*)+0x20
V  [libjvm.so+0x739efe]  jvmti_IsMethodSynthetic+0x2be
C  [libjdwp.so+0x258c2]  isMethodSynthetic+0x42
C  [libjdwp.so+0x6aa0]  methods1+0x1b0
C  [libjdwp.so+0x119c6]  debugLoop_run+0x2b6
C  [libjdwp.so+0x247ff]  attachThread+0x2f
V  [libjvm.so+0x7a63e2]  JvmtiAgentThread::call_start_function()+0xc2
V  [libjvm.so+0xa7343f]  JavaThread::thread_main_inner()+0xdf
V  [libjvm.so+0xa7356c]  JavaThread::run()+0x11c
V  [libjvm.so+0x924698]  java_start(Thread*)+0x108
C  [libpthread.so.0+0x76ca]  start_thread+0xca


---------------  P R O C E S S  ---------------

Java Threads: ( => current thread )
  0x00007f6ab8069000 JavaThread "DubboServerHandler-172.17.0.1:51649-thread-31" daemon [_thread_blocked, id=24404, stack(0x00007f6a6b0f1000,0x00007f6a6b1f2000)]
  0x00007f6ab8032800 JavaThread "DubboServerHandler-172.17.0.1:51649-thread-30" daemon [_thread_blocked, id=24403, stack(0x00007f6a6b1f2000,0x00007f6a6b2f3000)]
  0x00007f6ab8031800 JavaThread "DubboServerHandler-172.17.0.1:51649-thread-29" daemon [_thread_blocked, id=24392, stack(0x00007f6a6b7f8000,0x00007f6a6b8f9000)]
  0x00007f6ab8030000 JavaThread "DubboServerHandler-172.17.0.1:51649-thread-28" daemon [_thread_blocked, id=24391, stack(0x00007f6a6b6f7000,0x00007f6a6b7f8000)]
  0x00007f6ab8025000 JavaThread "DubboServerHandler-172.17.0.1:51649-thread-27" daemon [_thread_blocked, id=24379, stack(0x00007f6a6b4f5000,0x00007f6a6b5f6000)]
  0x00007f6ab8033800 JavaThread "DubboServerHandler-172.17.0.1:51649-thread-26" daemon [_thread_blocked, id=24373, stack(0x00007f6a6b5f6000,0x00007f6a6b6f7000)]
  0x00007f6ab8021800 JavaThread "DubboServerHandler-172.17.0.1:51649-thread-25" daemon [_thread_blocked, id=24308, stack(0x00007f6a6b8f9000,0x00007f6a6b9fa000)]
  0x00007f6ab8020800 JavaThread "DubboServerHandler-172.17.0.1:51649-thread-24" daemon [_thread_blocked, id=24307, stack(0x00007f6a9ebf6000,0x00007f6a9ecf7000)]
  0x00007f6ab801f000 JavaThread "DubboServerHandler-172.17.0.1:51649-thread-23" daemon [_thread_blocked, id=24230, stack(0x00007f6a6b9fa000,0x00007f6a6bafb000)]
  0x00007f6ab801d000 JavaThread "DubboServerHandler-172.17.0.1:51649-thread-22" daemon [_thread_blocked, id=24229, stack(0x00007f6a6bafb000,0x00007f6a6bbfc000)]
  0x00007f6ab800f800 JavaThread "DubboServerHandler-172.17.0.1:51649-thread-21" daemon [_thread_blocked, id=24228, stack(0x00007f6a6bbfc000,0x00007f6a6bcfd000)]
  0x00007f6ab800e000 JavaThread "DubboServerHandler-172.17.0.1:51649-thread-20" daemon [_thread_blocked, id=24227, stack(0x00007f6a6bcfd000,0x00007f6a6bdfe000)]
  0x00007f6ab800d000 JavaThread "DubboServerHandler-172.17.0.1:51649-thread-19" daemon [_thread_blocked, id=24226, stack(0x00007f6a9e5f2000,0x00007f6a9e6f3000)]
  0x00007f6ab800c000 JavaThread "DubboServerHandler-172.17.0.1:51649-thread-18" daemon [_thread_blocked, id=24225, stack(0x00007f6a9eef9000,0x00007f6a9effa000)]
  0x00007f6ab800b000 JavaThread "DubboServerHandler-172.17.0.1:51649-thread-17" daemon [_thread_blocked, id=24222, stack(0x00007f6a9c8d9000,0x00007f6a9c9da000)]
  0x00007f6ab800a000 JavaThread "DubboServerHandler-172.17.0.1:51649-thread-16" daemon [_thread_blocked, id=24221, stack(0x00007f6a9c9da000,0x00007f6a9cadb000)]
  0x00007f6ab8095800 JavaThread "DubboServerHandler-172.17.0.1:51649-thread-15" daemon [_thread_blocked, id=24143, stack(0x00007f6a6bdfe000,0x00007f6a6beff000)]
  0x00007f6ab8093800 JavaThread "DubboServerHandler-172.17.0.1:51649-thread-14" daemon [_thread_blocked, id=24142, stack(0x00007f6a6beff000,0x00007f6a6c000000)]
  0x00007f6ab8091800 JavaThread "DubboServerHandler-172.17.0.1:51649-thread-13" daemon [_thread_blocked, id=24141, stack(0x00007f6a9c0d3000,0x00007f6a9c1d4000)]
  0x00007f6ab8090000 JavaThread "DubboServerHandler-172.17.0.1:51649-thread-12" daemon [_thread_blocked, id=24140, stack(0x00007f6a9c1d4000,0x00007f6a9c2d5000)]
  0x00007f6ab805b000 JavaThread "DubboServerHandler-172.17.0.1:51649-thread-11" daemon [_thread_blocked, id=24139, stack(0x00007f6a9c2d5000,0x00007f6a9c3d6000)]
  0x00007f6ab8054800 JavaThread "DubboServerHandler-172.17.0.1:51649-thread-10" daemon [_thread_blocked, id=24138, stack(0x00007f6a9c3d6000,0x00007f6a9c4d7000)]
  0x00007f6ab8039800 JavaThread "DubboServerHandler-172.17.0.1:51649-thread-9" daemon [_thread_blocked, id=24137, stack(0x00007f6a9c4d7000,0x00007f6a9c5d8000)]
  0x00007f6ab8048800 JavaThread "DubboServerHandler-172.17.0.1:51649-thread-8" daemon [_thread_blocked, id=24132, stack(0x00007f6a9c7d8000,0x00007f6a9c8d9000)]
  0x00007f6ac8033800 JavaThread "DubboResponseTimeoutScanTimer" daemon [_thread_blocked, id=24129, stack(0x00007f6a9cadb000,0x00007f6a9cbdc000)]
  0x00007f6ab8045000 JavaThread "DubboServerHandler-172.17.0.1:51649-thread-7" daemon [_thread_blocked, id=24128, stack(0x00007f6a9cbdc000,0x00007f6a9ccdd000)]
  0x00007f6ab8059000 JavaThread "DubboServerHandler-172.17.0.1:51649-thread-6" daemon [_thread_blocked, id=24127, stack(0x00007f6a9ccdd000,0x00007f6a9cdde000)]
  0x00007f6ab804b800 JavaThread "DubboServerHandler-172.17.0.1:51649-thread-5" daemon [_thread_blocked, id=24126, stack(0x00007f6a9cdde000,0x00007f6a9cedf000)]
  0x00007f6ab805f800 JavaThread "DubboServerHandler-172.17.0.1:51649-thread-4" daemon [_thread_blocked, id=24125, stack(0x00007f6a9cedf000,0x00007f6a9cfe0000)]
  0x00007f6ab803c000 JavaThread "DubboServerHandler-172.17.0.1:51649-thread-3" daemon [_thread_blocked, id=24124, stack(0x00007f6a9cfe0000,0x00007f6a9d0e1000)]
  0x00007f6ab805d800 JavaThread "DubboServerHandler-172.17.0.1:51649-thread-2" daemon [_thread_blocked, id=24123, stack(0x00007f6a9d0e1000,0x00007f6a9d1e2000)]
  0x00007f6ab4c80000 JavaThread "New I/O server worker #1-1" daemon [_thread_in_native, id=24122, stack(0x00007f6a9d3e2000,0x00007f6a9d4e3000)]
  0x00007f6ab4c72800 JavaThread "DubboServerHandler-172.17.0.1:51649-thread-1" daemon [_thread_blocked, id=24120, stack(0x00007f6a9d4e3000,0x00007f6a9d5e4000)]
  0x00007f6b09791800 JavaThread "dubbo-remoting-server-heartbeat-thread-1" daemon [_thread_blocked, id=24119, stack(0x00007f6a9d5e4000,0x00007f6a9d6e5000)]
  0x00007f6b09616800 JavaThread "New I/O server boss #1 ([id: 0x01b72f9a, /0:0:0:0:0:0:0:0:51649])" daemon [_thread_in_native, id=24118, stack(0x00007f6a9d6e5000,0x00007f6a9d7e6000)]
  0x00007f6b08981800 JavaThread "recoverScheduler_QuartzSchedulerThread" [_thread_blocked, id=24117, stack(0x00007f6a9d7e6000,0x00007f6a9d8e7000)]
  0x00007f6b085fa000 JavaThread "recoverScheduler_Worker-10" [_thread_blocked, id=24116, stack(0x00007f6a9d8e7000,0x00007f6a9d9e8000)]
  0x00007f6b085f8000 JavaThread "recoverScheduler_Worker-9" [_thread_blocked, id=24115, stack(0x00007f6a9d9e8000,0x00007f6a9dae9000)]
  0x00007f6b085f6000 JavaThread "recoverScheduler_Worker-8" [_thread_blocked, id=24114, stack(0x00007f6a9dae9000,0x00007f6a9dbea000)]
  0x00007f6b085f5000 JavaThread "recoverScheduler_Worker-7" [_thread_blocked, id=24113, stack(0x00007f6a9dbea000,0x00007f6a9dceb000)]
  0x00007f6b085d3800 JavaThread "recoverScheduler_Worker-6" [_thread_blocked, id=24112, stack(0x00007f6a9dceb000,0x00007f6a9ddec000)]
  0x00007f6b085d1800 JavaThread "recoverScheduler_Worker-5" [_thread_blocked, id=24111, stack(0x00007f6a9ddec000,0x00007f6a9deed000)]
  0x00007f6b085cf800 JavaThread "recoverScheduler_Worker-4" [_thread_blocked, id=24110, stack(0x00007f6a9deed000,0x00007f6a9dfee000)]
  0x00007f6b085ce000 JavaThread "recoverScheduler_Worker-3" [_thread_blocked, id=24109, stack(0x00007f6a9dfee000,0x00007f6a9e0ef000)]
  0x00007f6b08f1f800 JavaThread "recoverScheduler_Worker-2" [_thread_blocked, id=24108, stack(0x00007f6a9e0ef000,0x00007f6a9e1f0000)]
  0x00007f6b08f24000 JavaThread "recoverScheduler_Worker-1" [_thread_blocked, id=24107, stack(0x00007f6a9e1f0000,0x00007f6a9e2f1000)]
  0x00007f6b09699000 JavaThread "dubbo-remoting-client-heartbeat-thread-2" daemon [_thread_blocked, id=24106, stack(0x00007f6a9e4f1000,0x00007f6a9e5f2000)]
  0x00007f6a7401f000 JavaThread "New I/O client worker #1-2" daemon [_thread_in_native, id=24103, stack(0x00007f6a9e6f3000,0x00007f6a9e7f4000)]
  0x00007f6b09698800 JavaThread "DubboClientReconnectTimer-thread-2" daemon [_thread_blocked, id=24102, stack(0x00007f6a9eaf5000,0x00007f6a9ebf6000)]
  0x00007f6b0964c800 JavaThread "commons-pool-EvictionTimer" daemon [_thread_blocked, id=24101, stack(0x00007f6a9e9f4000,0x00007f6a9eaf5000)]
  0x00007f6b09005800 JavaThread "dubbo-remoting-client-heartbeat-thread-1" daemon [_thread_blocked, id=24098, stack(0x00007f6a9ecf7000,0x00007f6a9edf8000)]
  0x00007f6a74011000 JavaThread "New I/O client worker #1-1" daemon [_thread_in_native, id=24097, stack(0x00007f6a9edf8000,0x00007f6a9eef9000)]
  0x00007f6b08781000 JavaThread "DubboClientReconnectTimer-thread-1" daemon [_thread_blocked, id=24095, stack(0x00007f6a9effa000,0x00007f6a9f0fb000)]
  0x00007f6b08fcf000 JavaThread "DubboSaveRegistryCache-thread-1" daemon [_thread_blocked, id=24094, stack(0x00007f6a9f0fb000,0x00007f6a9f1fc000)]
  0x00007f6b0902f800 JavaThread "main-EventThread" daemon [_thread_blocked, id=24093, stack(0x00007f6a9f3fc000,0x00007f6a9f4fd000)]
  0x00007f6b0902e800 JavaThread "main-SendThread(localhost:2181)" daemon [_thread_in_native, id=24092, stack(0x00007f6a9f4fd000,0x00007f6a9f5fe000)]
  0x00007f6b0902a000 JavaThread "ZkClient-EventThread-20-localhost:2181" daemon [_thread_blocked, id=24091, stack(0x00007f6a9f5fe000,0x00007f6a9f6ff000)]
  0x00007f6b089f1800 JavaThread "DubboRegistryFailedRetryTimer-thread-1" daemon [_thread_blocked, id=24090, stack(0x00007f6a9fcff000,0x00007f6a9fe00000)]
  0x00007f6b09207800 JavaThread "__DEFAULT__" daemon [_thread_blocked, id=24088, stack(0x00007f6add45b000,0x00007f6add55c000)]
  0x00007f6b08f28800 JavaThread "Druid-ConnectionPool-Destroy-721395199" daemon [_thread_blocked, id=24087, stack(0x00007f6adc921000,0x00007f6adca22000)]
  0x00007f6b09038000 JavaThread "Druid-ConnectionPool-Create-721395199" daemon [_thread_blocked, id=24086, stack(0x00007f6adca22000,0x00007f6adcb23000)]
  0x00007f6b08f12800 JavaThread "Abandoned connection cleanup thread" daemon [_thread_blocked, id=24085, stack(0x00007f6adcd23000,0x00007f6adce24000)]
  0x00007f6b085b7000 JavaThread "Service Thread" daemon [_thread_blocked, id=24074, stack(0x00007f6ade8ae000,0x00007f6ade9af000)]
  0x00007f6b085a1800 JavaThread "C1 CompilerThread2" daemon [_thread_blocked, id=24073, stack(0x00007f6ade9af000,0x00007f6adeab0000)]
  0x00007f6b0859f000 JavaThread "C2 CompilerThread1" daemon [_thread_blocked, id=24072, stack(0x00007f6adeab0000,0x00007f6adebb1000)]
  0x00007f6b0859d000 JavaThread "C2 CompilerThread0" daemon [_thread_blocked, id=24071, stack(0x00007f6adebb1000,0x00007f6adecb2000)]
  0x00007f6ac8001000 JavaThread "JDWP Command Reader" daemon [_thread_in_native, id=24070, stack(0x00007f6adf0ef000,0x00007f6adf1f0000)]
  0x00007f6b08196000 JavaThread "JDWP Event Helper Thread" daemon [_thread_blocked, id=24069, stack(0x00007f6adf1f0000,0x00007f6adf2f1000)]
=>0x00007f6b08192800 JavaThread "JDWP Transport Listener: dt_socket" daemon [_thread_in_vm, id=24066, stack(0x00007f6adf2f1000,0x00007f6adf3f2000)]
  0x00007f6b08184000 JavaThread "Signal Dispatcher" daemon [_thread_blocked, id=24065, stack(0x00007f6adf5f6000,0x00007f6adf6f7000)]
  0x00007f6b08152000 JavaThread "Finalizer" daemon [_thread_blocked, id=24064, stack(0x00007f6adf6f7000,0x00007f6adf7f8000)]
  0x00007f6b0814d800 JavaThread "Reference Handler" daemon [_thread_blocked, id=24063, stack(0x00007f6adf7f8000,0x00007f6adf8f9000)]
  0x00007f6b08010000 JavaThread "main" [_thread_in_native, id=24051, stack(0x00007f6b0ede8000,0x00007f6b0eee9000)]

Other Threads:
  0x00007f6b08146000 VMThread [stack: 0x00007f6adf8f9000,0x00007f6adf9fa000] [id=24061]
  0x00007f6b085bc000 WatcherThread [stack: 0x00007f6ade7ad000,0x00007f6ade8ae000] [id=24075]

VM state:not at safepoint (normal execution)

VM Mutex/Monitor currently owned by a thread: None

Heap:
 PSYoungGen      total 528896K, used 195569K [0x00000000d7000000, 0x00000000f9700000, 0x0000000100000000)
  eden space 509440K, 34% used [0x00000000d7000000,0x00000000e1c55578,0x00000000f6180000)
  from space 19456K, 98% used [0x00000000f8400000,0x00000000f96a6f20,0x00000000f9700000)
  to   space 24576K, 0% used [0x00000000f6700000,0x00000000f6700000,0x00000000f7f00000)
 ParOldGen       total 78336K, used 34131K [0x0000000085000000, 0x0000000089c80000, 0x00000000d7000000)
  object space 78336K, 43% used [0x0000000085000000,0x0000000087154e60,0x0000000089c80000)
 Metaspace       used 56955K, capacity 58212K, committed 58368K, reserved 1101824K
  class space    used 6661K, capacity 6886K, committed 6912K, reserved 1048576K

Card table byte_map: [0x00007f6af1ab3000,0x00007f6af1e8c000] byte_map_base: 0x00007f6af168b000

Marking Bits: (ParMarkBitMap*) 0x00007f6b0e2b3120
 Begin Bits: [0x00007f6aed7a0000, 0x00007f6aef660000)
 End Bits:   [0x00007f6aef660000, 0x00007f6af1520000)

Polling page: 0x00007f6b0ef00000

CodeCache: size=245760Kb used=25237Kb max_used=25410Kb free=220522Kb
 bounds [0x00007f6af224c000, 0x00007f6af3b7c000, 0x00007f6b0124c000]
 total_blobs=7384 nmethods=6790 adapters=514
 compilation: enabled

Compilation events (10 events):
Event: 422.394 Thread 0x00007f6b085a1800 8520       3       java.util.concurrent.locks.AbstractQueuedSynchronizer::setHead (16 bytes)
Event: 422.394 Thread 0x00007f6b085a1800 nmethod 8520 0x00007f6af3095f10 code [0x00007f6af3096080, 0x00007f6af3096230]
Event: 428.518 Thread 0x00007f6b085a1800 8521   !   3       org.apache.zookeeper.client.ZooKeeperSaslClient::clientTunneledAuthenticationInProgress (123 bytes)
Event: 428.524 Thread 0x00007f6b085a1800 nmethod 8521 0x00007f6af2923ad0 code [0x00007f6af2923f20, 0x00007f6af29264a8]
Event: 428.524 Thread 0x00007f6b085a1800 8522   !   3       org.apache.zookeeper.ClientCnxn$Packet::createBB (147 bytes)
Event: 428.529 Thread 0x00007f6b085a1800 nmethod 8522 0x00007f6af25db650 code [0x00007f6af25db9c0, 0x00007f6af25dd7b8]
Event: 428.552 Thread 0x00007f6b0859d000 8523       4       java.util.Locale::hashCode (41 bytes)
Event: 428.553 Thread 0x00007f6b0859d000 nmethod 8523 0x00007f6af30bb650 code [0x00007f6af30bb7a0, 0x00007f6af30bb8a8]
Event: 436.478 Thread 0x00007f6b0859f000 8524       4       org.jboss.netty.util.internal.LinkedTransferQueue::xfer (292 bytes)
Event: 436.498 Thread 0x00007f6b0859f000 nmethod 8524 0x00007f6af28c9c10 code [0x00007f6af28c9dc0, 0x00007f6af28ca300]

GC Heap History (10 events):
Event: 7.362 GC heap before
{Heap before GC invocations=12 (full 2):
 PSYoungGen      total 328192K, used 8642K [0x00000000d7000000, 0x00000000eed80000, 0x0000000100000000)
  eden space 310784K, 0% used [0x00000000d7000000,0x00000000d7000000,0x00000000e9f80000)
  from space 17408K, 49% used [0x00000000eb000000,0x00000000eb870808,0x00000000ec100000)
  to   space 16896K, 0% used [0x00000000e9f80000,0x00000000e9f80000,0x00000000eb000000)
 ParOldGen       total 56832K, used 18305K [0x0000000085000000, 0x0000000088780000, 0x00000000d7000000)
  object space 56832K, 32% used [0x0000000085000000,0x00000000861e06f0,0x0000000088780000)
 Metaspace       used 34613K, capacity 34908K, committed 35416K, reserved 1081344K
  class space    used 4129K, capacity 4230K, committed 4352K, reserved 1048576K
Event: 7.420 GC heap after
Heap after GC invocations=12 (full 2):
 PSYoungGen      total 328192K, used 0K [0x00000000d7000000, 0x00000000eed80000, 0x0000000100000000)
  eden space 310784K, 0% used [0x00000000d7000000,0x00000000d7000000,0x00000000e9f80000)
  from space 17408K, 0% used [0x00000000eb000000,0x00000000eb000000,0x00000000ec100000)
  to   space 16896K, 0% used [0x00000000e9f80000,0x00000000e9f80000,0x00000000eb000000)
 ParOldGen       total 78336K, used 14824K [0x0000000085000000, 0x0000000089c80000, 0x00000000d7000000)
  object space 78336K, 18% used [0x0000000085000000,0x0000000085e7a128,0x0000000089c80000)
 Metaspace       used 34613K, capacity 34908K, committed 35416K, reserved 1081344K
  class space    used 4129K, capacity 4230K, committed 4352K, reserved 1048576K
}
Event: 9.572 GC heap before
{Heap before GC invocations=13 (full 2):
 PSYoungGen      total 328192K, used 310784K [0x00000000d7000000, 0x00000000eed80000, 0x0000000100000000)
  eden space 310784K, 100% used [0x00000000d7000000,0x00000000e9f80000,0x00000000e9f80000)
  from space 17408K, 0% used [0x00000000eb000000,0x00000000eb000000,0x00000000ec100000)
  to   space 16896K, 0% used [0x00000000e9f80000,0x00000000e9f80000,0x00000000eb000000)
 ParOldGen       total 78336K, used 14824K [0x0000000085000000, 0x0000000089c80000, 0x00000000d7000000)
  object space 78336K, 18% used [0x0000000085000000,0x0000000085e7a128,0x0000000089c80000)
 Metaspace       used 42170K, capacity 42484K, committed 43136K, reserved 1087488K
  class space    used 5095K, capacity 5208K, committed 5248K, reserved 1048576K
Event: 9.587 GC heap after
Heap after GC invocations=13 (full 2):
 PSYoungGen      total 327680K, used 16892K [0x00000000d7000000, 0x00000000f2a00000, 0x0000000100000000)
  eden space 310784K, 0% used [0x00000000d7000000,0x00000000d7000000,0x00000000e9f80000)
  from space 16896K, 99% used [0x00000000e9f80000,0x00000000eafff098,0x00000000eb000000)
  to   space 21504K, 0% used [0x00000000f1500000,0x00000000f1500000,0x00000000f2a00000)
 ParOldGen       total 78336K, used 20834K [0x0000000085000000, 0x0000000089c80000, 0x00000000d7000000)
  object space 78336K, 26% used [0x0000000085000000,0x0000000086458818,0x0000000089c80000)
 Metaspace       used 42170K, capacity 42484K, committed 43136K, reserved 1087488K
  class space    used 5095K, capacity 5208K, committed 5248K, reserved 1048576K
}
Event: 11.505 GC heap before
{Heap before GC invocations=14 (full 2):
 PSYoungGen      total 327680K, used 327676K [0x00000000d7000000, 0x00000000f2a00000, 0x0000000100000000)
  eden space 310784K, 100% used [0x00000000d7000000,0x00000000e9f80000,0x00000000e9f80000)
  from space 16896K, 99% used [0x00000000e9f80000,0x00000000eafff098,0x00000000eb000000)
  to   space 21504K, 0% used [0x00000000f1500000,0x00000000f1500000,0x00000000f2a00000)
 ParOldGen       total 78336K, used 20834K [0x0000000085000000, 0x0000000089c80000, 0x00000000d7000000)
  object space 78336K, 26% used [0x0000000085000000,0x0000000086458818,0x0000000089c80000)
 Metaspace       used 48465K, capacity 49066K, committed 49664K, reserved 1093632K
  class space    used 5912K, capacity 6069K, committed 6144K, reserved 1048576K
Event: 11.537 GC heap after
Heap after GC invocations=14 (full 2):
 PSYoungGen      total 429568K, used 15014K [0x00000000d7000000, 0x00000000f2a80000, 0x0000000100000000)
  eden space 408064K, 0% used [0x00000000d7000000,0x00000000d7000000,0x00000000efe80000)
  from space 21504K, 69% used [0x00000000f1500000,0x00000000f23a9bb0,0x00000000f2a00000)
  to   space 22528K, 0% used [0x00000000efe80000,0x00000000efe80000,0x00000000f1480000)
 ParOldGen       total 78336K, used 27611K [0x0000000085000000, 0x0000000089c80000, 0x00000000d7000000)
  object space 78336K, 35% used [0x0000000085000000,0x0000000086af6d18,0x0000000089c80000)
 Metaspace       used 48465K, capacity 49066K, committed 49664K, reserved 1093632K
  class space    used 5912K, capacity 6069K, committed 6144K, reserved 1048576K
}
Event: 16.121 GC heap before
{Heap before GC invocations=15 (full 2):
 PSYoungGen      total 429568K, used 423078K [0x00000000d7000000, 0x00000000f2a80000, 0x0000000100000000)
  eden space 408064K, 100% used [0x00000000d7000000,0x00000000efe80000,0x00000000efe80000)
  from space 21504K, 69% used [0x00000000f1500000,0x00000000f23a9bb0,0x00000000f2a00000)
  to   space 22528K, 0% used [0x00000000efe80000,0x00000000efe80000,0x00000000f1480000)
 ParOldGen       total 78336K, used 27611K [0x0000000085000000, 0x0000000089c80000, 0x00000000d7000000)
  object space 78336K, 35% used [0x0000000085000000,0x0000000086af6d18,0x0000000089c80000)
 Metaspace       used 50351K, capacity 51160K, committed 51584K, reserved 1095680K
  class space    used 6004K, capacity 6194K, committed 6272K, reserved 1048576K
Event: 16.142 GC heap after
Heap after GC invocations=15 (full 2):
 PSYoungGen      total 430592K, used 4384K [0x00000000d7000000, 0x00000000f9980000, 0x0000000100000000)
  eden space 408064K, 0% used [0x00000000d7000000,0x00000000d7000000,0x00000000efe80000)
  from space 22528K, 19% used [0x00000000efe80000,0x00000000f02c8010,0x00000000f1480000)
  to   space 22016K, 0% used [0x00000000f8400000,0x00000000f8400000,0x00000000f9980000)
 ParOldGen       total 78336K, used 34123K [0x0000000085000000, 0x0000000089c80000, 0x00000000d7000000)
  object space 78336K, 43% used [0x0000000085000000,0x0000000087152e60,0x0000000089c80000)
 Metaspace       used 50351K, capacity 51160K, committed 51584K, reserved 1095680K
  class space    used 6004K, capacity 6194K, committed 6272K, reserved 1048576K
}
Event: 22.410 GC heap before
{Heap before GC invocations=16 (full 2):
 PSYoungGen      total 430592K, used 412448K [0x00000000d7000000, 0x00000000f9980000, 0x0000000100000000)
  eden space 408064K, 100% used [0x00000000d7000000,0x00000000efe80000,0x00000000efe80000)
  from space 22528K, 19% used [0x00000000efe80000,0x00000000f02c8010,0x00000000f1480000)
  to   space 22016K, 0% used [0x00000000f8400000,0x00000000f8400000,0x00000000f9980000)
 ParOldGen       total 78336K, used 34123K [0x0000000085000000, 0x0000000089c80000, 0x00000000d7000000)
  object space 78336K, 43% used [0x0000000085000000,0x0000000087152e60,0x0000000089c80000)
 Metaspace       used 52696K, capacity 53896K, committed 54144K, reserved 1097728K
  class space    used 6274K, capacity 6474K, committed 6528K, reserved 1048576K
Event: 22.428 GC heap after
Heap after GC invocations=16 (full 2):
 PSYoungGen      total 528896K, used 19099K [0x00000000d7000000, 0x00000000f9700000, 0x0000000100000000)
  eden space 509440K, 0% used [0x00000000d7000000,0x00000000d7000000,0x00000000f6180000)
  from space 19456K, 98% used [0x00000000f8400000,0x00000000f96a6f20,0x00000000f9700000)
  to   space 24576K, 0% used [0x00000000f6700000,0x00000000f6700000,0x00000000f7f00000)
 ParOldGen       total 78336K, used 34131K [0x0000000085000000, 0x0000000089c80000, 0x00000000d7000000)
  object space 78336K, 43% used [0x0000000085000000,0x0000000087154e60,0x0000000089c80000)
 Metaspace       used 52696K, capacity 53896K, committed 54144K, reserved 1097728K
  class space    used 6274K, capacity 6474K, committed 6528K, reserved 1048576K
}

Deoptimization events (10 events):
Event: 24.730 Thread 0x00007f6ab8095800 Uncommon trap: reason=bimorphic action=maybe_recompile pc=0x00007f6af31b3ecc method=com.mysql.cj.core.io.BaseDecoratingValueFactory.createFromNull()Ljava/lang/Object; @ 4
Event: 24.730 Thread 0x00007f6ab8095800 Uncommon trap: reason=bimorphic action=maybe_recompile pc=0x00007f6af31b3ecc method=com.mysql.cj.core.io.BaseDecoratingValueFactory.createFromNull()Ljava/lang/Object; @ 4
Event: 24.730 Thread 0x00007f6ab8095800 Uncommon trap: reason=bimorphic action=maybe_recompile pc=0x00007f6af31b3ecc method=com.mysql.cj.core.io.BaseDecoratingValueFactory.createFromNull()Ljava/lang/Object; @ 4
Event: 24.730 Thread 0x00007f6ab8095800 Uncommon trap: reason=bimorphic action=maybe_recompile pc=0x00007f6af31a64b4 method=com.mysql.cj.core.io.BaseDecoratingValueFactory.createFromNull()Ljava/lang/Object; @ 4
Event: 24.730 Thread 0x00007f6ab8095800 Uncommon trap: reason=bimorphic action=maybe_recompile pc=0x00007f6af31c44d8 method=com.mysql.cj.core.io.BaseDecoratingValueFactory.createFromNull()Ljava/lang/Object; @ 4
Event: 46.165 Thread 0x00007f6b08981800 Uncommon trap: reason=bimorphic action=maybe_recompile pc=0x00007f6af3187040 method=java.util.TreeMap.getEntryUsingComparator(Ljava/lang/Object;)Ljava/util/TreeMap$Entry; @ 29
Event: 68.614 Thread 0x00007f6b08981800 Uncommon trap: reason=bimorphic action=maybe_recompile pc=0x00007f6af3187040 method=java.util.TreeMap.getEntryUsingComparator(Ljava/lang/Object;)Ljava/util/TreeMap$Entry; @ 29
Event: 97.201 Thread 0x00007f6b08981800 Uncommon trap: reason=bimorphic action=maybe_recompile pc=0x00007f6af3187040 method=java.util.TreeMap.getEntryUsingComparator(Ljava/lang/Object;)Ljava/util/TreeMap$Entry; @ 29
Event: 228.615 Thread 0x00007f6b08192800 Uncommon trap: reason=unstable_if action=reinterpret pc=0x00007f6af3b30a80 method=org.groovy.debug.hotswap.ResetAgent$1.transform(Ljava/lang/ClassLoader;Ljava/lang/String;Ljava/lang/Class;Ljava/security/ProtectionDomain;[B)[B @ 1
Event: 442.066 Thread 0x00007f6b08192800 Uncommon trap: reason=unstable_if action=reinterpret pc=0x00007f6af27d1dc4 method=java.lang.Class.reflectionData()Ljava/lang/Class$ReflectionData; @ 37

Internal exceptions (10 events):
Event: 68.581 Thread 0x00007f6b08f24000 Exception <a 'java/lang/ClassNotFoundException': org/springframework/scheduling/quartz/MethodInvokingJobDetailFactoryBean$MethodInvokingJobBeanInfo> (0x00000000dccce500) thrown at [/HUDSON3/workspace/8-2-build-linux-amd64/jdk8u101/7261/hotspot/src/share/v
Event: 68.583 Thread 0x00007f6b08f24000 Exception <a 'java/lang/ClassNotFoundException': org/springframework/scheduling/quartz/QuartzJobBeanBeanInfo> (0x00000000dccf7c90) thrown at [/HUDSON3/workspace/8-2-build-linux-amd64/jdk8u101/7261/hotspot/src/share/vm/classfile/systemDictionary.cpp, line 
Event: 68.583 Thread 0x00007f6b08f24000 Exception <a 'java/lang/ClassNotFoundException': org/springframework/scheduling/quartz/QuartzJobBeanCustomizer> (0x00000000dcd21998) thrown at [/HUDSON3/workspace/8-2-build-linux-amd64/jdk8u101/7261/hotspot/src/share/vm/classfile/systemDictionary.cpp, lin
Event: 68.584 Thread 0x00007f6b08f24000 Exception <a 'java/lang/ClassNotFoundException': org/springframework/scheduling/quartz/MethodInvokingJobDetailFactoryBean$MethodInvokingJobCustomizer> (0x00000000dcd5b9f0) thrown at [/HUDSON3/workspace/8-2-build-linux-amd64/jdk8u101/7261/hotspot/src/share
Event: 68.585 Thread 0x00007f6b08f24000 Exception <a 'java/lang/ClassNotFoundException': org/springframework/scheduling/quartz/MethodInvokingJobDetailFactoryBean$StatefulMethodInvokingJobCustomizer> (0x00000000dcd991e0) thrown at [/HUDSON3/workspace/8-2-build-linux-amd64/jdk8u101/7261/hotspot/s
Event: 68.586 Thread 0x00007f6b08f24000 Exception <a 'java/lang/ClassNotFoundException': org/quartz/JobCustomizer> (0x00000000dcdb8510) thrown at [/HUDSON3/workspace/8-2-build-linux-amd64/jdk8u101/7261/hotspot/src/share/vm/classfile/systemDictionary.cpp, line 210]
Event: 248.501 Thread 0x00007f6ab8025000 Implicit null exception at 0x00007f6af2cbc9eb to 0x00007f6af2cbce70
Event: 248.501 Thread 0x00007f6ab8025000 Exception <a 'java/lang/NullPointerException'> (0x00000000e0b0ab10) thrown at [/HUDSON3/workspace/8-2-build-linux-amd64/jdk8u101/7261/hotspot/src/share/vm/runtime/sharedRuntime.cpp, line 605]
Event: 288.396 Thread 0x00007f6ab8033800 Implicit null exception at 0x00007f6af2cbc9eb to 0x00007f6af2cbce70
Event: 288.396 Thread 0x00007f6ab8033800 Exception <a 'java/lang/NullPointerException'> (0x00000000e0ce0be8) thrown at [/HUDSON3/workspace/8-2-build-linux-amd64/jdk8u101/7261/hotspot/src/share/vm/runtime/sharedRuntime.cpp, line 605]

Events (10 events):
Event: 433.973 Executing VM operation: RevokeBias done
Event: 442.063 Executing VM operation: ChangeBreakpoints
Event: 442.063 Executing VM operation: ChangeBreakpoints done
Event: 442.066 Thread 0x00007f6b08192800 Uncommon trap: trap_request=0xffffff65 fr.pc=0x00007f6af27d1dc4
Event: 442.066 Thread 0x00007f6b08192800 DEOPT PACKING pc=0x00007f6af27d1dc4 sp=0x00007f6adf3ef470
Event: 442.066 Thread 0x00007f6b08192800 DEOPT UNPACKING pc=0x00007f6af2251229 sp=0x00007f6adf3ef420 mode 2
Event: 442.066 Thread 0x00007f6b08192800 DEOPT PACKING pc=0x00007f6af2f2ad81 sp=0x00007f6adf3ef540
Event: 442.066 Thread 0x00007f6b08192800 DEOPT UNPACKING pc=0x00007f6af2293633 sp=0x00007f6adf3ef2a8 mode 1
Event: 442.111 Executing VM operation: RedefineClasses
Event: 442.167 Executing VM operation: RedefineClasses done


Dynamic libraries:
00400000-00401000 r-xp 00000000 fd:02 2100689                            /home/ike/soft/jdk1.8/bin/java
00600000-00601000 rw-p 00000000 fd:02 2100689                            /home/ike/soft/jdk1.8/bin/java
00aa0000-00ae6000 rw-p 00000000 00:00 0                                  [heap]
85000000-89c80000 rw-p 00000000 00:00 0 
89c80000-d7000000 ---p 00000000 00:00 0 
d7000000-f9700000 rw-p 00000000 00:00 0 
f9700000-100000000 ---p 00000000 00:00 0 
100000000-1006c0000 rw-p 00000000 00:00 0 
1006c0000-140000000 ---p 00000000 00:00 0 
7f6a6aef1000-7f6a6af31000 rw-p 00000000 00:00 0 
7f6a6af31000-7f6a6b0f1000 ---p 00000000 00:00 0 
7f6a6b0f1000-7f6a6b0f4000 ---p 00000000 00:00 0 
7f6a6b0f4000-7f6a6b1f2000 rw-p 00000000 00:00 0 
7f6a6b1f2000-7f6a6b1f5000 ---p 00000000 00:00 0 
7f6a6b1f5000-7f6a6b2f3000 rw-p 00000000 00:00 0 
7f6a6b2f3000-7f6a6b2f6000 ---p 00000000 00:00 0 
7f6a6b2f6000-7f6a6b3f4000 rw-p 00000000 00:00 0 
7f6a6b3f4000-7f6a6b3f7000 ---p 00000000 00:00 0 
7f6a6b3f7000-7f6a6b4f5000 rw-p 00000000 00:00 0 
7f6a6b4f5000-7f6a6b4f8000 ---p 00000000 00:00 0 
7f6a6b4f8000-7f6a6b5f6000 rw-p 00000000 00:00 0 
7f6a6b5f6000-7f6a6b5f9000 ---p 00000000 00:00 0 
7f6a6b5f9000-7f6a6b6f7000 rw-p 00000000 00:00 0 
7f6a6b6f7000-7f6a6b6fa000 ---p 00000000 00:00 0 
7f6a6b6fa000-7f6a6b7f8000 rw-p 00000000 00:00 0 
7f6a6b7f8000-7f6a6b7fb000 ---p 00000000 00:00 0 
7f6a6b7fb000-7f6a6b8f9000 rw-p 00000000 00:00 0 
7f6a6b8f9000-7f6a6b8fc000 ---p 00000000 00:00 0 
7f6a6b8fc000-7f6a6b9fa000 rw-p 00000000 00:00 0 
7f6a6b9fa000-7f6a6b9fd000 ---p 00000000 00:00 0 
7f6a6b9fd000-7f6a6bafb000 rw-p 00000000 00:00 0 
7f6a6bafb000-7f6a6bafe000 ---p 00000000 00:00 0 
7f6a6bafe000-7f6a6bbfc000 rw-p 00000000 00:00 0 
7f6a6bbfc000-7f6a6bbff000 ---p 00000000 00:00 0 
7f6a6bbff000-7f6a6bcfd000 rw-p 00000000 00:00 0 
7f6a6bcfd000-7f6a6bd00000 ---p 00000000 00:00 0 
7f6a6bd00000-7f6a6bdfe000 rw-p 00000000 00:00 0 
7f6a6bdfe000-7f6a6be01000 ---p 00000000 00:00 0 
7f6a6be01000-7f6a6beff000 rw-p 00000000 00:00 0 
7f6a6beff000-7f6a6bf02000 ---p 00000000 00:00 0 
7f6a6bf02000-7f6a6c000000 rw-p 00000000 00:00 0 
7f6a6c000000-7f6a6c021000 rw-p 00000000 00:00 0 
7f6a6c021000-7f6a70000000 ---p 00000000 00:00 0 
7f6a70000000-7f6a70021000 rw-p 00000000 00:00 0 
7f6a70021000-7f6a74000000 ---p 00000000 00:00 0 
7f6a74000000-7f6a74025000 rw-p 00000000 00:00 0 
7f6a74025000-7f6a78000000 ---p 00000000 00:00 0 
7f6a78000000-7f6a78021000 rw-p 00000000 00:00 0 
7f6a78021000-7f6a7c000000 ---p 00000000 00:00 0 
7f6a7c000000-7f6a7c03b000 rw-p 00000000 00:00 0 
7f6a7c03b000-7f6a80000000 ---p 00000000 00:00 0 
7f6a80000000-7f6a80021000 rw-p 00000000 00:00 0 
7f6a80021000-7f6a84000000 ---p 00000000 00:00 0 
7f6a84000000-7f6a84025000 rw-p 00000000 00:00 0 
7f6a84025000-7f6a88000000 ---p 00000000 00:00 0 
7f6a88000000-7f6a88021000 rw-p 00000000 00:00 0 
7f6a88021000-7f6a8c000000 ---p 00000000 00:00 0 
7f6a8c000000-7f6a8c021000 rw-p 00000000 00:00 0 
7f6a8c021000-7f6a90000000 ---p 00000000 00:00 0 
7f6a90000000-7f6a90021000 rw-p 00000000 00:00 0 
7f6a90021000-7f6a94000000 ---p 00000000 00:00 0 
7f6a94000000-7f6a94021000 rw-p 00000000 00:00 0 
7f6a94021000-7f6a98000000 ---p 00000000 00:00 0 
7f6a98000000-7f6a98021000 rw-p 00000000 00:00 0 
7f6a98021000-7f6a9c000000 ---p 00000000 00:00 0 
7f6a9c0d3000-7f6a9c0d6000 ---p 00000000 00:00 0 
7f6a9c0d6000-7f6a9c1d4000 rw-p 00000000 00:00 0 
7f6a9c1d4000-7f6a9c1d7000 ---p 00000000 00:00 0 
7f6a9c1d7000-7f6a9c2d5000 rw-p 00000000 00:00 0 
7f6a9c2d5000-7f6a9c2d8000 ---p 00000000 00:00 0 
7f6a9c2d8000-7f6a9c3d6000 rw-p 00000000 00:00 0 
7f6a9c3d6000-7f6a9c3d9000 ---p 00000000 00:00 0 
7f6a9c3d9000-7f6a9c4d7000 rw-p 00000000 00:00 0 
7f6a9c4d7000-7f6a9c4da000 ---p 00000000 00:00 0 
7f6a9c4da000-7f6a9c7d8000 rw-p 00000000 00:00 0 
7f6a9c7d8000-7f6a9c7db000 ---p 00000000 00:00 0 
7f6a9c7db000-7f6a9c8d9000 rw-p 00000000 00:00 0 
7f6a9c8d9000-7f6a9c8dc000 ---p 00000000 00:00 0 
7f6a9c8dc000-7f6a9c9da000 rw-p 00000000 00:00 0 
7f6a9c9da000-7f6a9c9dd000 ---p 00000000 00:00 0 
7f6a9c9dd000-7f6a9cadb000 rw-p 00000000 00:00 0 
7f6a9cadb000-7f6a9cade000 ---p 00000000 00:00 0 
7f6a9cade000-7f6a9cbdc000 rw-p 00000000 00:00 0 
7f6a9cbdc000-7f6a9cbdf000 ---p 00000000 00:00 0 
7f6a9cbdf000-7f6a9ccdd000 rw-p 00000000 00:00 0 
7f6a9ccdd000-7f6a9cce0000 ---p 00000000 00:00 0 
7f6a9cce0000-7f6a9cdde000 rw-p 00000000 00:00 0 
7f6a9cdde000-7f6a9cde1000 ---p 00000000 00:00 0 
7f6a9cde1000-7f6a9cedf000 rw-p 00000000 00:00 0 
7f6a9cedf000-7f6a9cee2000 ---p 00000000 00:00 0 
7f6a9cee2000-7f6a9cfe0000 rw-p 00000000 00:00 0 
7f6a9cfe0000-7f6a9cfe3000 ---p 00000000 00:00 0 
7f6a9cfe3000-7f6a9d0e1000 rw-p 00000000 00:00 0 
7f6a9d0e1000-7f6a9d0e4000 ---p 00000000 00:00 0 
7f6a9d0e4000-7f6a9d3e2000 rw-p 00000000 00:00 0 
7f6a9d3e2000-7f6a9d3e5000 ---p 00000000 00:00 0 
7f6a9d3e5000-7f6a9d4e3000 rw-p 00000000 00:00 0 
7f6a9d4e3000-7f6a9d4e6000 ---p 00000000 00:00 0 
7f6a9d4e6000-7f6a9d5e4000 rw-p 00000000 00:00 0 
7f6a9d5e4000-7f6a9d5e7000 ---p 00000000 00:00 0 
7f6a9d5e7000-7f6a9d6e5000 rw-p 00000000 00:00 0 
7f6a9d6e5000-7f6a9d6e8000 ---p 00000000 00:00 0 
7f6a9d6e8000-7f6a9d7e6000 rw-p 00000000 00:00 0 
7f6a9d7e6000-7f6a9d7e9000 ---p 00000000 00:00 0 
7f6a9d7e9000-7f6a9d8e7000 rw-p 00000000 00:00 0 
7f6a9d8e7000-7f6a9d8ea000 ---p 00000000 00:00 0 
7f6a9d8ea000-7f6a9d9e8000 rw-p 00000000 00:00 0 
7f6a9d9e8000-7f6a9d9eb000 ---p 00000000 00:00 0 
7f6a9d9eb000-7f6a9dae9000 rw-p 00000000 00:00 0 
7f6a9dae9000-7f6a9daec000 ---p 00000000 00:00 0 
7f6a9daec000-7f6a9dbea000 rw-p 00000000 00:00 0 
7f6a9dbea000-7f6a9dbed000 ---p 00000000 00:00 0 
7f6a9dbed000-7f6a9dceb000 rw-p 00000000 00:00 0 
7f6a9dceb000-7f6a9dcee000 ---p 00000000 00:00 0 
7f6a9dcee000-7f6a9ddec000 rw-p 00000000 00:00 0 
7f6a9ddec000-7f6a9ddef000 ---p 00000000 00:00 0 
7f6a9ddef000-7f6a9deed000 rw-p 00000000 00:00 0 
7f6a9deed000-7f6a9def0000 ---p 00000000 00:00 0 
7f6a9def0000-7f6a9dfee000 rw-p 00000000 00:00 0 
7f6a9dfee000-7f6a9dff1000 ---p 00000000 00:00 0 
7f6a9dff1000-7f6a9e0ef000 rw-p 00000000 00:00 0 
7f6a9e0ef000-7f6a9e0f2000 ---p 00000000 00:00 0 
7f6a9e0f2000-7f6a9e1f0000 rw-p 00000000 00:00 0 
7f6a9e1f0000-7f6a9e1f3000 ---p 00000000 00:00 0 
7f6a9e1f3000-7f6a9e4f1000 rw-p 00000000 00:00 0 
7f6a9e4f1000-7f6a9e4f4000 ---p 00000000 00:00 0 
7f6a9e4f4000-7f6a9e5f2000 rw-p 00000000 00:00 0 
7f6a9e5f2000-7f6a9e5f5000 ---p 00000000 00:00 0 
7f6a9e5f5000-7f6a9e6f3000 rw-p 00000000 00:00 0 
7f6a9e6f3000-7f6a9e6f6000 ---p 00000000 00:00 0 
7f6a9e6f6000-7f6a9e9f4000 rw-p 00000000 00:00 0 
7f6a9e9f4000-7f6a9e9f7000 ---p 00000000 00:00 0 
7f6a9e9f7000-7f6a9eaf5000 rw-p 00000000 00:00 0 
7f6a9eaf5000-7f6a9eaf8000 ---p 00000000 00:00 0 
7f6a9eaf8000-7f6a9ebf6000 rw-p 00000000 00:00 0 
7f6a9ebf6000-7f6a9ebf9000 ---p 00000000 00:00 0 
7f6a9ebf9000-7f6a9ecf7000 rw-p 00000000 00:00 0 
7f6a9ecf7000-7f6a9ecfa000 ---p 00000000 00:00 0 
7f6a9ecfa000-7f6a9edf8000 rw-p 00000000 00:00 0 
7f6a9edf8000-7f6a9edfb000 ---p 00000000 00:00 0 
7f6a9edfb000-7f6a9eef9000 rw-p 00000000 00:00 0 
7f6a9eef9000-7f6a9eefc000 ---p 00000000 00:00 0 
7f6a9eefc000-7f6a9effa000 rw-p 00000000 00:00 0 
7f6a9effa000-7f6a9effd000 ---p 00000000 00:00 0 
7f6a9effd000-7f6a9f0fb000 rw-p 00000000 00:00 0 
7f6a9f0fb000-7f6a9f0fe000 ---p 00000000 00:00 0 
7f6a9f0fe000-7f6a9f3fc000 rw-p 00000000 00:00 0 
7f6a9f3fc000-7f6a9f3ff000 ---p 00000000 00:00 0 
7f6a9f3ff000-7f6a9f4fd000 rw-p 00000000 00:00 0 
7f6a9f4fd000-7f6a9f500000 ---p 00000000 00:00 0 
7f6a9f500000-7f6a9f5fe000 rw-p 00000000 00:00 0 
7f6a9f5fe000-7f6a9f601000 ---p 00000000 00:00 0 
7f6a9f601000-7f6a9f8ff000 rw-p 00000000 00:00 0 
7f6a9f8ff000-7f6a9faff000 rw-p 00000000 00:00 0 
7f6a9faff000-7f6a9fcff000 rw-p 00000000 00:00 0 
7f6a9fcff000-7f6a9fd02000 ---p 00000000 00:00 0 
7f6a9fd02000-7f6aa0000000 rw-p 00000000 00:00 0 
7f6aa0000000-7f6aa0021000 rw-p 00000000 00:00 0 
7f6aa0021000-7f6aa4000000 ---p 00000000 00:00 0 
7f6aa4000000-7f6aa4a73000 rw-p 00000000 00:00 0 
7f6aa4a73000-7f6aa8000000 ---p 00000000 00:00 0 
7f6aa8000000-7f6aa802b000 rw-p 00000000 00:00 0 
7f6aa802b000-7f6aac000000 ---p 00000000 00:00 0 
7f6aac000000-7f6aac021000 rw-p 00000000 00:00 0 
7f6aac021000-7f6ab0000000 ---p 00000000 00:00 0 
7f6ab0000000-7f6ab27a3000 rw-p 00000000 00:00 0 
7f6ab27a3000-7f6ab4000000 ---p 00000000 00:00 0 
7f6ab4000000-7f6ab4fb8000 rw-p 00000000 00:00 0 
7f6ab4fb8000-7f6ab8000000 ---p 00000000 00:00 0 
7f6ab8000000-7f6ab809e000 rw-p 00000000 00:00 0 
7f6ab809e000-7f6abc000000 ---p 00000000 00:00 0 
7f6abc000000-7f6abfa43000 rw-p 00000000 00:00 0 
7f6abfa43000-7f6ac0000000 ---p 00000000 00:00 0 
7f6ac0000000-7f6ac0116000 rw-p 00000000 00:00 0 
7f6ac0116000-7f6ac4000000 ---p 00000000 00:00 0 
7f6ac4000000-7f6ac405f000 rw-p 00000000 00:00 0 
7f6ac405f000-7f6ac8000000 ---p 00000000 00:00 0 
7f6ac8000000-7f6ac8329000 rw-p 00000000 00:00 0 
7f6ac8329000-7f6acc000000 ---p 00000000 00:00 0 
7f6acc000000-7f6acc023000 rw-p 00000000 00:00 0 
7f6acc023000-7f6ad0000000 ---p 00000000 00:00 0 
7f6ad0000000-7f6ad01f4000 rw-p 00000000 00:00 0 
7f6ad01f4000-7f6ad4000000 ---p 00000000 00:00 0 
7f6ad4000000-7f6ad55f0000 rw-p 00000000 00:00 0 
7f6ad55f0000-7f6ad8000000 ---p 00000000 00:00 0 
7f6ad8000000-7f6ad828e000 rw-p 00000000 00:00 0 
7f6ad828e000-7f6adc000000 ---p 00000000 00:00 0 
7f6adc02d000-7f6adc0c3000 r--s 01102000 fd:02 2100425                    /home/ike/soft/jdk1.8/jre/lib/ext/jfxrt.jar
7f6adc0c3000-7f6adc2c3000 rw-p 00000000 00:00 0 
7f6adc2c3000-7f6adc4c3000 rw-p 00000000 00:00 0 
7f6adc4c3000-7f6adc4d9000 r-xp 00000000 fd:00 2890778                    /usr/lib64/libgcc_s-6.3.1-20161221.so.1
7f6adc4d9000-7f6adc6d8000 ---p 00016000 fd:00 2890778                    /usr/lib64/libgcc_s-6.3.1-20161221.so.1
7f6adc6d8000-7f6adc6d9000 r--p 00015000 fd:00 2890778                    /usr/lib64/libgcc_s-6.3.1-20161221.so.1
7f6adc6d9000-7f6adc6da000 rw-p 00016000 fd:00 2890778                    /usr/lib64/libgcc_s-6.3.1-20161221.so.1
7f6adc6da000-7f6adc70c000 r-xp 00000000 fd:02 2100254                    /home/ike/soft/jdk1.8/jre/lib/amd64/libsunec.so
7f6adc70c000-7f6adc90b000 ---p 00032000 fd:02 2100254                    /home/ike/soft/jdk1.8/jre/lib/amd64/libsunec.so
7f6adc90b000-7f6adc911000 rw-p 00031000 fd:02 2100254                    /home/ike/soft/jdk1.8/jre/lib/amd64/libsunec.so
7f6adc911000-7f6adc921000 rw-p 00000000 00:00 0 
7f6adc921000-7f6adc924000 ---p 00000000 00:00 0 
7f6adc924000-7f6adca22000 rw-p 00000000 00:00 0 
7f6adca22000-7f6adca25000 ---p 00000000 00:00 0 
7f6adca25000-7f6adcd23000 rw-p 00000000 00:00 0 
7f6adcd23000-7f6adcd26000 ---p 00000000 00:00 0 
7f6adcd26000-7f6adce24000 rw-p 00000000 00:00 0 
7f6adce24000-7f6adce35000 r-xp 00000000 fd:02 2100229                    /home/ike/soft/jdk1.8/jre/lib/amd64/libnio.so
7f6adce35000-7f6add034000 ---p 00011000 fd:02 2100229                    /home/ike/soft/jdk1.8/jre/lib/amd64/libnio.so
7f6add034000-7f6add035000 rw-p 00010000 fd:02 2100229                    /home/ike/soft/jdk1.8/jre/lib/amd64/libnio.so
7f6add035000-7f6add04b000 r-xp 00000000 fd:02 2100243                    /home/ike/soft/jdk1.8/jre/lib/amd64/libnet.so
7f6add04b000-7f6add24b000 ---p 00016000 fd:02 2100243                    /home/ike/soft/jdk1.8/jre/lib/amd64/libnet.so
7f6add24b000-7f6add24c000 rw-p 00016000 fd:02 2100243                    /home/ike/soft/jdk1.8/jre/lib/amd64/libnet.so
7f6add24c000-7f6add255000 r-xp 00000000 fd:02 2100283                    /home/ike/soft/jdk1.8/jre/lib/amd64/libmanagement.so
7f6add255000-7f6add454000 ---p 00009000 fd:02 2100283                    /home/ike/soft/jdk1.8/jre/lib/amd64/libmanagement.so
7f6add454000-7f6add455000 rw-p 00008000 fd:02 2100283                    /home/ike/soft/jdk1.8/jre/lib/amd64/libmanagement.so
7f6add45b000-7f6add45e000 ---p 00000000 00:00 0 
7f6add45e000-7f6add75c000 rw-p 00000000 00:00 0 
7f6add75c000-7f6add95c000 rw-p 00000000 00:00 0 
7f6add95c000-7f6addb5c000 rw-p 00000000 00:00 0 
7f6addb5c000-7f6addd5c000 rw-p 00000000 00:00 0 
7f6addd5c000-7f6addf5c000 rw-p 00000000 00:00 0 
7f6addf5c000-7f6ade15c000 rw-p 00000000 00:00 0 
7f6ade15c000-7f6ade35c000 rw-p 00000000 00:00 0 
7f6ade35c000-7f6ade55c000 rw-p 00000000 00:00 0 
7f6ade58c000-7f6ade592000 r--s 0003f000 fd:02 2100426                    /home/ike/soft/jdk1.8/jre/lib/ext/sunjce_provider.jar
7f6ade592000-7f6ade593000 r--s 00009000 fd:02 2100423                    /home/ike/soft/jdk1.8/jre/lib/ext/sunec.jar
7f6ade593000-7f6ade597000 r--s 0003a000 fd:02 2100420                    /home/ike/soft/jdk1.8/jre/lib/ext/sunpkcs11.jar
7f6ade597000-7f6ade59b000 r--s 00097000 fd:02 2100406                    /home/ike/soft/jdk1.8/jre/lib/jsse.jar
7f6ade59b000-7f6ade5a0000 r--s 002f9000 fd:02 2100432                    /home/ike/soft/jdk1.8/jre/lib/charsets.jar
7f6ade5a0000-7f6ade5a3000 r--s 0001a000 fd:02 2100204                    /home/ike/soft/jdk1.8/jre/lib/jce.jar
7f6ade5a3000-7f6ade7a3000 rw-p 00000000 00:00 0 
7f6ade7a3000-7f6ade7ad000 r--s 00116000 fd:02 2100424                    /home/ike/soft/jdk1.8/jre/lib/ext/localedata.jar
7f6ade7ad000-7f6ade7ae000 ---p 00000000 00:00 0 
7f6ade7ae000-7f6ade8ae000 rw-p 00000000 00:00 0 
7f6ade8ae000-7f6ade8b1000 ---p 00000000 00:00 0 
7f6ade8b1000-7f6ade9af000 rw-p 00000000 00:00 0 
7f6ade9af000-7f6ade9b2000 ---p 00000000 00:00 0 
7f6ade9b2000-7f6adeab0000 rw-p 00000000 00:00 0 
7f6adeab0000-7f6adeab3000 ---p 00000000 00:00 0 
7f6adeab3000-7f6adebb1000 rw-p 00000000 00:00 0 
7f6adebb1000-7f6adebb4000 ---p 00000000 00:00 0 
7f6adebb4000-7f6adecb2000 rw-p 00000000 00:00 0 
7f6adecb2000-7f6adecb4000 r--s 0000a000 fd:02 2103023                    /home/ike/soft/idea-IU-171.4424.56/plugins/Groovy/lib/agent/gragent.jar
7f6adecb4000-7f6adecb6000 r--s 0001a000 fd:02 2102710                    /home/ike/soft/idea-IU-171.4424.56/lib/idea_rt.jar
7f6adecb6000-7f6adecb8000 r--s 0000c000 fd:02 3670899                    /home/ike/.m2/repository/org/ow2/asm/asm/5.0.4/asm-5.0.4.jar
7f6adecb8000-7f6adecb9000 r--s 00000000 fd:02 4459279                    /home/ike/.gradle/caches/modules-2/files-2.1/javax.inject/javax.inject/1/6975da39a7040257bd51d21a231b76c915872d38/javax.inject-1.jar
7f6adecb9000-7f6adecba000 r--s 00001000 fd:02 4459277                    /home/ike/.gradle/caches/modules-2/files-2.1/javax.annotation/jsr250-api/1.0/5025422767732a1ab45d93abfea846513d742dcf/jsr250-api-1.0.jar
7f6adecba000-7f6adecbb000 r--s 00001000 fd:02 4459275                    /home/ike/.gradle/caches/modules-2/files-2.1/org.jboss.spec.javax.interceptor/jboss-interceptors-api_1.1_spec/1.0.0.Beta1/8cb388fd3b4912373da7a18e199bb55aa52aa5c1/jboss-interceptors-api_1.1_spec-1.0.0.Beta1.jar
7f6adecbb000-7f6adecbd000 r--s 00007000 fd:02 4459273                    /home/ike/.gradle/caches/modules-2/files-2.1/javax.el/el-api/2.2/42971279cc8ba864462580c7fc2199fd5715ee7f/el-api-2.2.jar
7f6adecbd000-7f6adecbf000 r--s 00005000 fd:02 2234244                    /home/ike/.m2/repository/stax/stax-api/1.0.1/stax-api-1.0.1.jar
7f6adecbf000-7f6adecc1000 r--s 0000b000 fd:02 2624367                    /home/ike/.m2/repository/org/objenesis/objenesis/2.2/objenesis-2.2.jar
7f6adecc1000-7f6adecc2000 r--s 00001000 fd:02 3670910                    /home/ike/.m2/repository/com/esotericsoftware/minlog/1.3.0/minlog-1.3.0.jar
7f6adecc2000-7f6adecc4000 r--s 00004000 fd:02 3670897                    /home/ike/.m2/repository/com/esotericsoftware/reflectasm/1.11.3/reflectasm-1.11.3.jar
7f6adecc4000-7f6adecc8000 r--s 0000e000 fd:02 4459271                    /home/ike/.gradle/caches/modules-2/files-2.1/javax.enterprise/cdi-api/1.1/78b1feee99b05a78575fb2fd79fb77be5e74420d/cdi-api-1.1.jar
7f6adecc8000-7f6adeccb000 r--s 0002b000 fd:02 4459269                    /home/ike/.gradle/caches/modules-2/files-2.1/org.jboss/jandex/2.0.0.Final/3e899258936f94649c777193e1be846387ed54b3/jandex-2.0.0.Final.jar
7f6adeccb000-7f6adecd0000 r--s 00068000 fd:02 2103485                    /home/ike/.m2/repository/antlr/antlr/2.7.7/antlr-2.7.7.jar
7f6adecd0000-7f6aded0e000 r--s 0025d000 fd:02 2234241                    /home/ike/.m2/repository/org/apache/xmlbeans/xmlbeans/2.6.0/xmlbeans-2.6.0.jar
7f6aded0e000-7f6aded26000 r--s 00110000 fd:02 3670926                    /home/ike/.m2/repository/io/netty/netty/3.7.0.Final/netty-3.7.0.Final.jar
7f6aded26000-7f6aded28000 r--s 00014000 fd:02 3539264                    /home/ike/.m2/repository/jline/jline/0.9.94/jline-0.9.94.jar
7f6aded28000-7f6aded29000 r--s 00002000 fd:02 3015918                    /home/ike/.m2/repository/org/slf4j/slf4j-log4j12/1.6.1/slf4j-log4j12-1.6.1.jar
7f6aded29000-7f6aded31000 r--s 00048000 fd:02 3670895                    /home/ike/.m2/repository/com/esotericsoftware/kryo/4.0.0/kryo-4.0.0.jar
7f6aded31000-7f6aded32000 r--s 00003000 fd:02 3540889                    /home/ike/.m2/repository/org/apache/geronimo/specs/geronimo-jta_1.1_spec/1.1.1/geronimo-jta_1.1_spec-1.1.1.jar
7f6aded32000-7f6aded3c000 r--s 000ae000 fd:02 3145958                    /home/ike/.m2/repository/org/javassist/javassist/3.20.0-GA/javassist-3.20.0-GA.jar
7f6aded3c000-7f6aded41000 r--s 00048000 fd:02 3801997                    /home/ike/.m2/repository/dom4j/dom4j/1.6.1/dom4j-1.6.1.jar
7f6aded41000-7f6aded45000 r--s 0000c000 fd:02 3540885                    /home/ike/.m2/repository/javax/validation/validation-api/1.1.0.Final/validation-api-1.1.0.Final.jar
7f6aded45000-7f6aded4d000 r--s 00048000 fd:02 3807593                    /home/ike/.gradle/caches/modules-2/files-2.1/org.apache.httpcomponents/httpcore/4.4.6/e3fd8ced1f52c7574af952e2e6da0df8df08eb82/httpcore-4.4.6.jar
7f6aded4d000-7f6aded51000 r--s 00015000 fd:02 3542611                    /home/ike/.gradle/caches/modules-2/files-2.1/com.github.virtuald/curvesapi/1.04/3386abf821719bc89c7685f9eaafaf4a842f0199/curvesapi-1.04.jar
7f6aded51000-7f6adee0b000 r--s 004e0000 fd:02 7867893                    /home/ike/.gradle/caches/modules-2/files-2.1/org.apache.poi/poi-ooxml-schemas/3.16/9828a49307fc6bebfd42185b677d88b6e4994c63/poi-ooxml-schemas-3.16.jar
7f6adee0b000-7f6adee1b000 r--s 000a8000 fd:02 3542609                    /home/ike/.gradle/caches/modules-2/files-2.1/org.apache.commons/commons-collections4/4.1/a4cf4688fe1c7e3a63aa636cc96d013af537768e/commons-collections4-4.1.jar
7f6adee1b000-7f6adee22000 r--s 0003f000 fd:02 4196565                    /home/ike/.m2/repository/commons-codec/commons-codec/1.10/commons-codec-1.10.jar
7f6adee22000-7f6adee2e000 r--s 000b9000 fd:02 4587592                    /home/ike/.gradle/caches/modules-2/files-2.1/org.apache.zookeeper/zookeeper/3.4.8/933ea2ed15e6a0e24b788973e3d128ff163c3136/zookeeper-3.4.8.jar
7f6adee2e000-7f6adee37000 r--s 0006f000 fd:02 3670891                    /home/ike/.m2/repository/log4j/log4j/1.2.17/log4j-1.2.17.jar
7f6adee37000-7f6adee4f000 r--s 001bf000 fd:02 3670928                    /home/ike/.m2/repository/org/aspectj/aspectjweaver/1.8.10/aspectjweaver-1.8.10.jar
7f6adee4f000-7f6adee59000 r--s 00098000 fd:02 3671156                    /home/ike/.m2/repository/org/quartz-scheduler/quartz/2.2.3/quartz-2.2.3.jar
7f6adee59000-7f6adee5e000 r--s 00029000 fd:02 3671151                    /home/ike/.m2/repository/org/springframework/spring-context-support/4.3.5.RELEASE/spring-context-support-4.3.5.RELEASE.jar
7f6adee5e000-7f6adee6e000 r--s 000b2000 fd:02 3147507                    /home/ike/.m2/repository/org/jboss/netty/netty/3.2.5.Final/netty-3.2.5.Final.jar
7f6adee6e000-7f6adee70000 r--s 0000e000 fd:02 3146093                    /home/ike/.m2/repository/commons-logging/commons-logging/1.2/commons-logging-1.2.jar
7f6adee70000-7f6adee73000 r--s 00019000 fd:02 3808679                    /home/ike/.gradle/caches/modules-2/files-2.1/org.apache.commons/commons-pool2/2.4.2/e5f4f28f19d57716fbc3989d7a357ebf1e454fea/commons-pool2-2.4.2.jar
7f6adee73000-7f6adef4a000 r--s 007a9000 fd:02 6293761                    /home/ike/.gradle/caches/modules-2/files-2.1/net.sf.ehcache/ehcache/2.10.3/cf74f9a4a049f181833b147a1d9aa62159c9d01d/ehcache-2.10.3.jar
7f6adef4a000-7f6adef4c000 r--s 0000f000 fd:02 3672160                    /home/ike/.m2/repository/org/jboss/logging/jboss-logging/3.3.0.Final/jboss-logging-3.3.0.Final.jar
7f6adef4c000-7f6adef4f000 r--s 00010000 fd:02 4459261                    /home/ike/.gradle/caches/modules-2/files-2.1/org.hibernate.common/hibernate-commons-annotations/5.0.1.Final/71e1cff3fcb20d3b3af4f3363c3ddb24d33c6879/hibernate-commons-annotations-5.0.1.Final.jar
7f6adef4f000-7f6adef51000 r--s 00003000 fd:02 4588021                    /home/ike/.gradle/caches/modules-2/files-2.1/org.slf4j/jcl-over-slf4j/1.7.22/86ceac14535af5a42c8fb0d06d79b925dd3cb263/jcl-over-slf4j-1.7.22.jar
7f6adef51000-7f6adef59000 r--s 0003a000 fd:02 3671152                    /home/ike/.m2/repository/org/springframework/spring-tx/4.3.5.RELEASE/spring-tx-4.3.5.RELEASE.jar
7f6adef59000-7f6adef5d000 r--s 00019000 fd:02 4587747                    /home/ike/.gradle/caches/modules-2/files-2.1/org.aspectj/aspectjrt/1.8.9/87372d9e2323313bec24b09a325bfea8ae0eb867/aspectjrt-1.8.9.jar
7f6adef5d000-7f6adef67000 r--s 00068000 fd:02 4587743                    /home/ike/.gradle/caches/modules-2/files-2.1/org.springframework/spring-orm/4.2.8.RELEASE/43b557f5025782616f791dbd720b4a606eeca1bf/spring-orm-4.2.8.RELEASE.jar
7f6adef67000-7f6adef7e000 r--s 000fb000 fd:02 6424510                    /home/ike/.gradle/caches/modules-2/files-2.1/org.springframework/spring-core/4.3.7.RELEASE/54fa2db94cc7222edc90ec71354e47cd1dc07f7b/spring-core-4.3.7.RELEASE.jar
7f6adef7e000-7f6adef83000 r--s 0003c000 fd:02 6554776                    /home/ike/.gradle/caches/modules-2/files-2.1/org.springframework/spring-expression/4.3.7.RELEASE/5257b6486e43d8c05674323fea5b415d4da72f38/spring-expression-4.3.7.RELEASE.jar
7f6adef83000-7f6adef91000 r--s 000ad000 fd:02 6424518                    /home/ike/.gradle/caches/modules-2/files-2.1/org.springframework/spring-beans/4.3.7.RELEASE/2de9f59f3202965438f3a02057d6ad8274636044/spring-beans-4.3.7.RELEASE.jar
7f6adef91000-7f6adef9a000 r--s 00054000 fd:02 6554774                    /home/ike/.gradle/caches/modules-2/files-2.1/org.springframework/spring-aop/4.3.7.RELEASE/3f243d685e4a8a78a0c291445c6d85560ec4d339/spring-aop-4.3.7.RELEASE.jar
7f6adef9a000-7f6adef9d000 r--s 0000c000 fd:02 3671062                    /home/ike/.m2/repository/org/mengyun/tcc-transaction-core/1.1.5/tcc-transaction-core-1.1.5.jar
7f6adef9d000-7f6adefaa000 r--s 000aa000 fd:02 3807591                    /home/ike/.gradle/caches/modules-2/files-2.1/org.apache.httpcomponents/httpclient/4.5.3/d1577ae15f01ef5438c5afc62162457c00a34713/httpclient-4.5.3.jar
7f6adefaa000-7f6adefd6000 r--s 00263000 fd:02 7867889                    /home/ike/.gradle/caches/modules-2/files-2.1/org.apache.poi/poi/3.16/ad21c123ee5d6b5b2a8f0d4ed23b3ffe6759a889/poi-3.16.jar
7f6adefd6000-7f6adefe9000 r--s 0014c000 fd:02 7867891                    /home/ike/.gradle/caches/modules-2/files-2.1/org.apache.poi/poi-ooxml/3.16/76e20fe22404cc4da55ddfdaaaadee32bbfa3bdd/poi-ooxml-3.16.jar
7f6adefe9000-7f6adefec000 r--s 00015000 fd:02 3807983                    /home/ike/.m2/repository/javax/servlet/javax.servlet-api/3.1.0/javax.servlet-api-3.1.0.jar
7f6adefec000-7f6adefef000 r--s 00010000 fd:02 4587590                    /home/ike/.gradle/caches/modules-2/files-2.1/com.101tec/zkclient/0.10/c54d4b5a5e89af75a80b6d5857400165ce5188d0/zkclient-0.10.jar
7f6adefef000-7f6adf00d000 r--s 00143000 fd:02 3670645                    /home/ike/.m2/repository/com/alibaba/dubbo/2.5.4-SNAPSHOT/dubbo-2.5.4-SNAPSHOT.jar
7f6adf00d000-7f6adf00f000 r--s 0000e000 fd:02 4459297                    /home/ike/.gradle/caches/modules-2/files-2.1/com.fasterxml/classmate/1.3.3/864c8e370a691e343210cc7c532fc198cee460d8/classmate-1.3.3.jar
7f6adf00f000-7f6adf021000 r--s 000a7000 fd:02 3670135                    /home/ike/.gradle/caches/modules-2/files-2.1/org.hibernate/hibernate-validator/5.4.0.Final/2076cbd5719e4182a75ab32e7186deb0ca5ac376/hibernate-validator-5.4.0.Final.jar
7f6adf021000-7f6adf050000 r--s 00239000 fd:02 5376285                    /home/ike/.gradle/caches/modules-2/files-2.1/com.google.guava/guava/21.0/3a3d111be1be1b745edfa7d91678a12d7ed38709/guava-21.0.jar
7f6adf050000-7f6adf055000 r--s 00061000 fd:02 3670330                    /home/ike/.gradle/caches/modules-2/files-2.1/com.alibaba/fastjson/1.2.23/be2508e9bac203c38f3f52fc8d33332c4e7ee6c5/fastjson-1.2.23.jar
7f6adf055000-7f6adf057000 r--s 00010000 fd:02 7733449                    /home/ike/.gradle/caches/modules-2/files-2.1/javax.el/javax.el-api/3.0.1-b04/8c0c970b8deae5054ff0bf4b17979c8181a506d3/javax.el-api-3.0.1-b04.jar
7f6adf057000-7f6adf05a000 r--s 0001a000 fd:02 7733451                    /home/ike/.gradle/caches/modules-2/files-2.1/org.glassfish.web/javax.el/2.2.6/232abfe1f919127e9cfcd6e4e2c6324bb394535/javax.el-2.2.6.jar
7f6adf05a000-7f6adf066000 r--s 0007c000 fd:02 4590155                    /home/ike/.gradle/caches/modules-2/files-2.1/redis.clients/jedis/2.9.0/292bc9cc26553acd3cccc26f2f95620bf88a04c2/jedis-2.9.0.jar
7f6adf066000-7f6adf077000 r--s 0009a000 fd:02 6424506                    /home/ike/.gradle/caches/modules-2/files-2.1/org.springframework.data/spring-data-commons/1.12.8.RELEASE/827a994d703ad9916b694d17401d8bf78bd773f9/spring-data-commons-1.12.8.RELEASE.jar
7f6adf077000-7f6adf0ef000 r--s 005a9000 fd:02 4459259                    /home/ike/.gradle/caches/modules-2/files-2.1/org.hibernate/hibernate-core/5.2.4.Final/52414fccd4429d8f723996e26c61330df094d06c/hibernate-core-5.2.4.Final.jar
7f6adf0ef000-7f6adf0f2000 ---p 00000000 00:00 0 
7f6adf0f2000-7f6adf1f0000 rw-p 00000000 00:00 0 
7f6adf1f0000-7f6adf1f3000 ---p 00000000 00:00 0 
7f6adf1f3000-7f6adf2f1000 rw-p 00000000 00:00 0 
7f6adf2f1000-7f6adf2f4000 ---p 00000000 00:00 0 
7f6adf2f4000-7f6adf3f2000 rw-p 00000000 00:00 0 
7f6adf3f2000-7f6adf3f6000 r-xp 00000000 fd:02 2100248                    /home/ike/soft/jdk1.8/jre/lib/amd64/libdt_socket.so
7f6adf3f6000-7f6adf5f5000 ---p 00004000 fd:02 2100248                    /home/ike/soft/jdk1.8/jre/lib/amd64/libdt_socket.so
7f6adf5f5000-7f6adf5f6000 rw-p 00003000 fd:02 2100248                    /home/ike/soft/jdk1.8/jre/lib/amd64/libdt_socket.so
7f6adf5f6000-7f6adf5f9000 ---p 00000000 00:00 0 
7f6adf5f9000-7f6adf6f7000 rw-p 00000000 00:00 0 
7f6adf6f7000-7f6adf6fa000 ---p 00000000 00:00 0 
7f6adf6fa000-7f6adf7f8000 rw-p 00000000 00:00 0 
7f6adf7f8000-7f6adf7fb000 ---p 00000000 00:00 0 
7f6adf7fb000-7f6adf8f9000 rw-p 00000000 00:00 0 
7f6adf8f9000-7f6adf8fa000 ---p 00000000 00:00 0 
7f6adf8fa000-7f6ae0000000 rw-p 00000000 00:00 0 
7f6ae0000000-7f6ae004c000 rw-p 00000000 00:00 0 
7f6ae004c000-7f6ae4000000 ---p 00000000 00:00 0 
7f6ae4000000-7f6ae4021000 rw-p 00000000 00:00 0 
7f6ae4021000-7f6ae8000000 ---p 00000000 00:00 0 
7f6ae8000000-7f6ae8079000 rw-p 00000000 00:00 0 
7f6ae8079000-7f6aec000000 ---p 00000000 00:00 0 
7f6aec000000-7f6aec001000 r--s 00001000 fd:02 3670688                    /home/ike/.m2/repository/org/mengyun/tcc-transaction-api/1.1.5/tcc-transaction-api-1.1.5.jar
7f6aec001000-7f6aec004000 r--s 00020000 fd:02 6168744                    /home/ike/.gradle/caches/modules-2/files-2.1/org.hibernate/hibernate-ehcache/5.2.4.Final/f70147c655b970ca70e3913f91880da6d264fe68/hibernate-ehcache-5.2.4.Final.jar
7f6aec004000-7f6aec00e000 r--s 0005f000 fd:02 3671148                    /home/ike/.m2/repository/org/springframework/spring-jdbc/4.3.5.RELEASE/spring-jdbc-4.3.5.RELEASE.jar
7f6aec00e000-7f6aec015000 r--s 0003e000 fd:02 4587735                    /home/ike/.gradle/caches/modules-2/files-2.1/org.springframework.data/spring-data-jpa/1.10.3.RELEASE/fc31fbdb8ff777d29077ac53a616f11c2c0df59/spring-data-jpa-1.10.3.RELEASE.jar
7f6aec015000-7f6aec02f000 r--s 000fd000 fd:02 6424513                    /home/ike/.gradle/caches/modules-2/files-2.1/org.springframework/spring-context/4.3.7.RELEASE/34b66b0b7910122ef95ba4fff6da9238ef80a5de/spring-context-4.3.7.RELEASE.jar
7f6aec02f000-7f6aec046000 r--s 001b7000 fd:02 4587733                    /home/ike/.gradle/caches/modules-2/files-2.1/mysql/mysql-connector-java/6.0.5/9d8df5a1f3273110f2a9ad304961bdd03d696d86/mysql-connector-java-6.0.5.jar
7f6aec046000-7f6aec068000 r--s 001e6000 fd:02 4587737                    /home/ike/.gradle/caches/modules-2/files-2.1/com.alibaba/druid/1.0.26/f4bc6159b34e4cda5abd6480203492b470aa1a36/druid-1.0.26.jar
7f6aec068000-7f6aec070000 r--s 0006e000 fd:02 3670118                    /home/ike/.gradle/caches/modules-2/files-2.1/org.apache.commons/commons-lang3/3.5/6c6c702c89bfff3cd9e80b04d668c5e190d588c6/commons-lang3-3.5.jar
7f6aec070000-7f6aec979000 rw-p 00000000 00:00 0 
7f6aec979000-7f6aecb52000 r--s 03d29000 fd:02 2100521                    /home/ike/soft/jdk1.8/jre/lib/rt.jar
7f6aecb52000-7f6af1520000 rw-p 00000000 00:00 0 
7f6af1520000-7f6af1521000 ---p 00000000 00:00 0 
7f6af1521000-7f6af1621000 rw-p 00000000 00:00 0 
7f6af1621000-7f6af1622000 ---p 00000000 00:00 0 
7f6af1622000-7f6af1722000 rw-p 00000000 00:00 0 
7f6af1722000-7f6af1723000 ---p 00000000 00:00 0 
7f6af1723000-7f6af184a000 rw-p 00000000 00:00 0 
7f6af184a000-7f6af1ab3000 ---p 00000000 00:00 0 
7f6af1ab3000-7f6af1ada000 rw-p 00000000 00:00 0 
7f6af1ada000-7f6af1d43000 ---p 00000000 00:00 0 
7f6af1d43000-7f6af1e57000 rw-p 00000000 00:00 0 
7f6af1e57000-7f6af1e8b000 ---p 00000000 00:00 0 
7f6af1e8b000-7f6af1ef1000 rw-p 00000000 00:00 0 
7f6af1ef1000-7f6af224c000 ---p 00000000 00:00 0 
7f6af224c000-7f6af3b7c000 rwxp 00000000 00:00 0 
7f6af3b7c000-7f6b0124c000 ---p 00000000 00:00 0 
7f6b0124c000-7f6b01266000 r-xp 00000000 fd:02 2100263                    /home/ike/soft/jdk1.8/jre/lib/amd64/libzip.so
7f6b01266000-7f6b01466000 ---p 0001a000 fd:02 2100263                    /home/ike/soft/jdk1.8/jre/lib/amd64/libzip.so
7f6b01466000-7f6b01467000 rw-p 0001a000 fd:02 2100263                    /home/ike/soft/jdk1.8/jre/lib/amd64/libzip.so
7f6b01467000-7f6b08000000 r--p 00000000 fd:00 2885042                    /usr/lib/locale/locale-archive
7f6b08000000-7f6b097b3000 rw-p 00000000 00:00 0 
7f6b097b3000-7f6b0c000000 ---p 00000000 00:00 0 
7f6b0c000000-7f6b0c004000 r--s 0002f000 fd:02 3670137                    /home/ike/.gradle/caches/modules-2/files-2.1/commons-io/commons-io/2.5/2852e6e05fbb95076fc091f6d1780f1f8fe35e0f/commons-io-2.5.jar
7f6b0c004000-7f6b0c006000 r--s 00009000 fd:02 4460443                    /home/ike/.gradle/caches/modules-2/files-2.1/org.slf4j/slf4j-api/1.7.24/3f6b4bd4f8dbe8d4bea06d107a3826469b85c3e9/slf4j-api-1.7.24.jar
7f6b0c006000-7f6b0c00b000 r--s 00017000 fd:02 3148263                    /home/ike/.m2/repository/org/hibernate/javax/persistence/hibernate-jpa-2.1-api/1.0.0.Final/hibernate-jpa-2.1-api-1.0.0.Final.jar
7f6b0c00b000-7f6b0c01e000 r--s 00345000 fd:02 2100473                    /home/ike/soft/jdk1.8/jre/lib/resources.jar
7f6b0c01e000-7f6b0c031000 r--s 000d6000 fd:02 2100468                    /home/ike/soft/jdk1.8/jre/lib/plugin.jar
7f6b0c031000-7f6b0c04c000 r--s 00208000 fd:02 2100407                    /home/ike/soft/jdk1.8/jre/lib/deploy.jar
7f6b0c04c000-7f6b0c04d000 ---p 00000000 00:00 0 
7f6b0c04d000-7f6b0c14d000 rw-p 00000000 00:00 0 
7f6b0c14d000-7f6b0c157000 r-xp 00000000 fd:00 2891856                    /usr/lib64/libnss_files-2.24.so
7f6b0c157000-7f6b0c357000 ---p 0000a000 fd:00 2891856                    /usr/lib64/libnss_files-2.24.so
7f6b0c357000-7f6b0c358000 r--p 0000a000 fd:00 2891856                    /usr/lib64/libnss_files-2.24.so
7f6b0c358000-7f6b0c359000 rw-p 0000b000 fd:00 2891856                    /usr/lib64/libnss_files-2.24.so
7f6b0c359000-7f6b0c35f000 rw-p 00000000 00:00 0 
7f6b0c35f000-7f6b0c369000 r-xp 00000000 fd:02 2100232                    /home/ike/soft/jdk1.8/jre/lib/amd64/libinstrument.so
7f6b0c369000-7f6b0c568000 ---p 0000a000 fd:02 2100232                    /home/ike/soft/jdk1.8/jre/lib/amd64/libinstrument.so
7f6b0c568000-7f6b0c569000 rw-p 00009000 fd:02 2100232                    /home/ike/soft/jdk1.8/jre/lib/amd64/libinstrument.so
7f6b0c569000-7f6b0c56b000 r-xp 00000000 fd:02 2100241                    /home/ike/soft/jdk1.8/jre/lib/amd64/libnpt.so
7f6b0c56b000-7f6b0c76b000 ---p 00002000 fd:02 2100241                    /home/ike/soft/jdk1.8/jre/lib/amd64/libnpt.so
7f6b0c76b000-7f6b0c76c000 rw-p 00002000 fd:02 2100241                    /home/ike/soft/jdk1.8/jre/lib/amd64/libnpt.so
7f6b0c76c000-7f6b0c7a5000 r-xp 00000000 fd:02 2100224                    /home/ike/soft/jdk1.8/jre/lib/amd64/libjdwp.so
7f6b0c7a5000-7f6b0c9a4000 ---p 00039000 fd:02 2100224                    /home/ike/soft/jdk1.8/jre/lib/amd64/libjdwp.so
7f6b0c9a4000-7f6b0c9a6000 rw-p 00038000 fd:02 2100224                    /home/ike/soft/jdk1.8/jre/lib/amd64/libjdwp.so
7f6b0c9a6000-7f6b0c9d0000 r-xp 00000000 fd:02 2100286                    /home/ike/soft/jdk1.8/jre/lib/amd64/libjava.so
7f6b0c9d0000-7f6b0cbd0000 ---p 0002a000 fd:02 2100286                    /home/ike/soft/jdk1.8/jre/lib/amd64/libjava.so
7f6b0cbd0000-7f6b0cbd2000 rw-p 0002a000 fd:02 2100286                    /home/ike/soft/jdk1.8/jre/lib/amd64/libjava.so
7f6b0cbd2000-7f6b0cbdf000 r-xp 00000000 fd:02 2100257                    /home/ike/soft/jdk1.8/jre/lib/amd64/libverify.so
7f6b0cbdf000-7f6b0cddf000 ---p 0000d000 fd:02 2100257                    /home/ike/soft/jdk1.8/jre/lib/amd64/libverify.so
7f6b0cddf000-7f6b0cde1000 rw-p 0000d000 fd:02 2100257                    /home/ike/soft/jdk1.8/jre/lib/amd64/libverify.so
7f6b0cde1000-7f6b0cde8000 r-xp 00000000 fd:00 2891975                    /usr/lib64/librt-2.24.so
7f6b0cde8000-7f6b0cfe7000 ---p 00007000 fd:00 2891975                    /usr/lib64/librt-2.24.so
7f6b0cfe7000-7f6b0cfe8000 r--p 00006000 fd:00 2891975                    /usr/lib64/librt-2.24.so
7f6b0cfe8000-7f6b0cfe9000 rw-p 00007000 fd:00 2891975                    /usr/lib64/librt-2.24.so
7f6b0cfe9000-7f6b0d0f1000 r-xp 00000000 fd:00 2891438                    /usr/lib64/libm-2.24.so
7f6b0d0f1000-7f6b0d2f0000 ---p 00108000 fd:00 2891438                    /usr/lib64/libm-2.24.so
7f6b0d2f0000-7f6b0d2f1000 r--p 00107000 fd:00 2891438                    /usr/lib64/libm-2.24.so
7f6b0d2f1000-7f6b0d2f2000 rw-p 00108000 fd:00 2891438                    /usr/lib64/libm-2.24.so
7f6b0d2f2000-7f6b0dfbd000 r-xp 00000000 fd:02 2100238                    /home/ike/soft/jdk1.8/jre/lib/amd64/server/libjvm.so
7f6b0dfbd000-7f6b0e1bc000 ---p 00ccb000 fd:02 2100238                    /home/ike/soft/jdk1.8/jre/lib/amd64/server/libjvm.so
7f6b0e1bc000-7f6b0e295000 rw-p 00cca000 fd:02 2100238                    /home/ike/soft/jdk1.8/jre/lib/amd64/server/libjvm.so
7f6b0e295000-7f6b0e2e0000 rw-p 00000000 00:00 0 
7f6b0e2e0000-7f6b0e49d000 r-xp 00000000 fd:00 2891285                    /usr/lib64/libc-2.24.so
7f6b0e49d000-7f6b0e69c000 ---p 001bd000 fd:00 2891285                    /usr/lib64/libc-2.24.so
7f6b0e69c000-7f6b0e6a0000 r--p 001bc000 fd:00 2891285                    /usr/lib64/libc-2.24.so
7f6b0e6a0000-7f6b0e6a2000 rw-p 001c0000 fd:00 2891285                    /usr/lib64/libc-2.24.so
7f6b0e6a2000-7f6b0e6a6000 rw-p 00000000 00:00 0 
7f6b0e6a6000-7f6b0e6a9000 r-xp 00000000 fd:00 2891382                    /usr/lib64/libdl-2.24.so
7f6b0e6a9000-7f6b0e8a8000 ---p 00003000 fd:00 2891382                    /usr/lib64/libdl-2.24.so
7f6b0e8a8000-7f6b0e8a9000 r--p 00002000 fd:00 2891382                    /usr/lib64/libdl-2.24.so
7f6b0e8a9000-7f6b0e8aa000 rw-p 00003000 fd:00 2891382                    /usr/lib64/libdl-2.24.so
7f6b0e8aa000-7f6b0e8bf000 r-xp 00000000 fd:02 2098935                    /home/ike/soft/jdk1.8/lib/amd64/jli/libjli.so
7f6b0e8bf000-7f6b0eabf000 ---p 00015000 fd:02 2098935                    /home/ike/soft/jdk1.8/lib/amd64/jli/libjli.so
7f6b0eabf000-7f6b0eac0000 rw-p 00015000 fd:02 2098935                    /home/ike/soft/jdk1.8/lib/amd64/jli/libjli.so
7f6b0eac0000-7f6b0ead8000 r-xp 00000000 fd:00 2891857                    /usr/lib64/libpthread-2.24.so
7f6b0ead8000-7f6b0ecd8000 ---p 00018000 fd:00 2891857                    /usr/lib64/libpthread-2.24.so
7f6b0ecd8000-7f6b0ecd9000 r--p 00018000 fd:00 2891857                    /usr/lib64/libpthread-2.24.so
7f6b0ecd9000-7f6b0ecda000 rw-p 00019000 fd:00 2891857                    /usr/lib64/libpthread-2.24.so
7f6b0ecda000-7f6b0ecde000 rw-p 00000000 00:00 0 
7f6b0ecde000-7f6b0ed03000 r-xp 00000000 fd:00 2894298                    /usr/lib64/ld-2.24.so
7f6b0ed03000-7f6b0ed04000 r--s 00002000 fd:02 3671205                    /home/ike/.m2/repository/org/mengyun/tcc-transaction-spring/1.1.5/tcc-transaction-spring-1.1.5.jar
7f6b0ed04000-7f6b0ed08000 r--s 00097000 fd:02 2100406                    /home/ike/soft/jdk1.8/jre/lib/jsse.jar
7f6b0ed08000-7f6b0ed0d000 r--s 00084000 fd:02 2100412                    /home/ike/soft/jdk1.8/jre/lib/jfr.jar
7f6b0ed0d000-7f6b0ed17000 r--s 0006c000 fd:02 2100376                    /home/ike/soft/jdk1.8/jre/lib/javaws.jar
7f6b0ed17000-7f6b0ede8000 rw-p 00000000 00:00 0 
7f6b0ede8000-7f6b0edeb000 ---p 00000000 00:00 0 
7f6b0edeb000-7f6b0eeeb000 rw-p 00000000 00:00 0 
7f6b0eeeb000-7f6b0eeec000 r--s 00000000 fd:02 4459257                    /home/ike/.gradle/caches/modules-2/files-2.1/org.hibernate/hibernate-entitymanager/5.2.4.Final/b5f9506bbff26ce5c75f16e568fa43d148d0f1d1/hibernate-entitymanager-5.2.4.Final.jar
7f6b0eeec000-7f6b0eeed000 r--s 00000000 fd:02 2100401                    /home/ike/soft/jdk1.8/jre/lib/management-agent.jar
7f6b0eeed000-7f6b0eeef000 r--s 00007000 fd:02 2100375                    /home/ike/soft/jdk1.8/jre/lib/jfxswt.jar
7f6b0eeef000-7f6b0eef2000 r--s 0001a000 fd:02 2100204                    /home/ike/soft/jdk1.8/jre/lib/jce.jar
7f6b0eef2000-7f6b0eef7000 r--s 002f9000 fd:02 2100432                    /home/ike/soft/jdk1.8/jre/lib/charsets.jar
7f6b0eef7000-7f6b0eeff000 rw-s 00000000 00:29 547249                     /tmp/hsperfdata_ike/24050
7f6b0eeff000-7f6b0ef00000 rw-p 00000000 00:00 0 
7f6b0ef00000-7f6b0ef01000 r--p 00000000 00:00 0 
7f6b0ef01000-7f6b0ef03000 rw-p 00000000 00:00 0 
7f6b0ef03000-7f6b0ef04000 r--p 00025000 fd:00 2894298                    /usr/lib64/ld-2.24.so
7f6b0ef04000-7f6b0ef05000 rw-p 00026000 fd:00 2894298                    /usr/lib64/ld-2.24.so
7f6b0ef05000-7f6b0ef06000 rw-p 00000000 00:00 0 
7ffd37476000-7ffd3749a000 rw-p 00000000 00:00 0                          [stack]
7ffd37558000-7ffd3755a000 r--p 00000000 00:00 0                          [vvar]
7ffd3755a000-7ffd3755c000 r-xp 00000000 00:00 0                          [vdso]
ffffffffff600000-ffffffffff601000 r-xp 00000000 00:00 0                  [vsyscall]

VM Arguments:
jvm_args: -agentlib:jdwp=transport=dt_socket,address=127.0.0.1:46549,suspend=y,server=n -javaagent:/home/ike/soft/idea-IU-171.4424.56/plugins/Groovy/lib/agent/gragent.jar -Dfile.encoding=UTF-8 
java_command: com.bjike.goddess.royalty.Application
java_class_path (initial): /home/ike/soft/jdk1.8/jre/lib/charsets.jar:/home/ike/soft/jdk1.8/jre/lib/deploy.jar:/home/ike/soft/jdk1.8/jre/lib/ext/cldrdata.jar:/home/ike/soft/jdk1.8/jre/lib/ext/dnsns.jar:/home/ike/soft/jdk1.8/jre/lib/ext/jaccess.jar:/home/ike/soft/jdk1.8/jre/lib/ext/jfxrt.jar:/home/ike/soft/jdk1.8/jre/lib/ext/localedata.jar:/home/ike/soft/jdk1.8/jre/lib/ext/nashorn.jar:/home/ike/soft/jdk1.8/jre/lib/ext/sunec.jar:/home/ike/soft/jdk1.8/jre/lib/ext/sunjce_provider.jar:/home/ike/soft/jdk1.8/jre/lib/ext/sunpkcs11.jar:/home/ike/soft/jdk1.8/jre/lib/ext/zipfs.jar:/home/ike/soft/jdk1.8/jre/lib/javaws.jar:/home/ike/soft/jdk1.8/jre/lib/jce.jar:/home/ike/soft/jdk1.8/jre/lib/jfr.jar:/home/ike/soft/jdk1.8/jre/lib/jfxswt.jar:/home/ike/soft/jdk1.8/jre/lib/jsse.jar:/home/ike/soft/jdk1.8/jre/lib/management-agent.jar:/home/ike/soft/jdk1.8/jre/lib/plugin.jar:/home/ike/soft/jdk1.8/jre/lib/resources.jar:/home/ike/soft/jdk1.8/jre/lib/rt.jar:/home/ike/code/goddess-java/modules/royalty/royalty-provider/build/classes/java/main:/home/ike/code/goddess-java/modules/royalty/royalty-provider/build/resources/main:/home/ike/code/goddess-java/common/common-jpa/build/classes/java/main:/home/ike/code/goddess-java/common/common-provider/build/classes/java/main:/home/ike/code/goddess-java/common/common-provider/build/resources/main:/home/ike/code/goddess-java/modules/royalty/royalty-api/build/classes/java/main:/home/ike/code/goddess-java/modules/organize/organize-api/build/classes/java/main:/home/ike/code/goddess-java/modules/user/user-api/build/classes/java/main:/home/ike/code/goddess-java/modules/assemble/assemble-api/build/classes/java/main:/home/ike/code/goddess-java/common/common-utils/build/classes/java/main:/home/ike/code/goddess-java/common/common-api/build/classes/java/main:/home/ike/.gradle/caches/modules-2/files-2.1/org.hibernate/hibernate-entitymanager/5.2.4.Final/b5f9506bbff26ce5c75f16e568fa43d148d0f1d1/hibernate-entitymanager-5.2.4.Final.jar:/home/ike/.gradle/caches/module
Launcher Type: SUN_STANDARD

Environment Variables:
JAVA_HOME=/home/ike/soft/jdk1.8
PATH=/home/ike/soft/gradle/bin:/home/ike/soft/maven3.3.9/bin:/home/ike/soft/jdk1.8/bin:/home/ike/soft/jdk1.8/bin:/home/ike/soft/gradle-4.1/bin:/home/ike/soft/maven3.3.9/bin:/usr/lib64/qt-3.3/bin:/usr/local/bin:/usr/local/sbin:/usr/bin:/usr/sbin:/home/ike/.local/bin:/home/ike/bin
USERNAME=ike
LD_LIBRARY_PATH=/home/ike/soft/idea-IU-171.4424.56/bin:
SHELL=/bin/bash
DISPLAY=:0

Signal Handlers:
SIGSEGV: [libjvm.so+0xac4790], sa_mask[0]=11111111011111111101111111111110, sa_flags=SA_RESTART|SA_SIGINFO
SIGBUS: [libjvm.so+0xac4790], sa_mask[0]=11111111011111111101111111111110, sa_flags=SA_RESTART|SA_SIGINFO
SIGFPE: [libjvm.so+0x91f140], sa_mask[0]=11111111011111111101111111111110, sa_flags=SA_RESTART|SA_SIGINFO
SIGPIPE: [libjvm.so+0x91f140], sa_mask[0]=11111111011111111101111111111110, sa_flags=SA_RESTART|SA_SIGINFO
SIGXFSZ: [libjvm.so+0x91f140], sa_mask[0]=11111111011111111101111111111110, sa_flags=SA_RESTART|SA_SIGINFO
SIGILL: [libjvm.so+0x91f140], sa_mask[0]=11111111011111111101111111111110, sa_flags=SA_RESTART|SA_SIGINFO
SIGUSR1: SIG_DFL, sa_mask[0]=00000000000000000000000000000000, sa_flags=none
SIGUSR2: [libjvm.so+0x920770], sa_mask[0]=00100000000000000000000000000000, sa_flags=SA_RESTART|SA_SIGINFO
SIGHUP: [libjvm.so+0x921b70], sa_mask[0]=11111111011111111101111111111110, sa_flags=SA_RESTART|SA_SIGINFO
SIGINT: [libjvm.so+0x921b70], sa_mask[0]=11111111011111111101111111111110, sa_flags=SA_RESTART|SA_SIGINFO
SIGTERM: [libjvm.so+0x921b70], sa_mask[0]=11111111011111111101111111111110, sa_flags=SA_RESTART|SA_SIGINFO
SIGQUIT: [libjvm.so+0x921b70], sa_mask[0]=11111111011111111101111111111110, sa_flags=SA_RESTART|SA_SIGINFO


---------------  S Y S T E M  ---------------

OS:Fedora release 25 (Twenty Five)

uname:Linux 4.8.6-300.fc25.x86_64 #1 SMP Tue Nov 1 12:36:38 UTC 2016 x86_64
libc:glibc 2.24 NPTL 2.24 
rlimit: STACK 8192k, CORE 0k, NPROC 31367, NOFILE 4096, AS infinity
load average:2.10 1.64 1.36

/proc/meminfo:
MemTotal:        8053800 kB
MemFree:          534824 kB
MemAvailable:     583892 kB
Buffers:           29188 kB
Cached:           421124 kB
SwapCached:        12108 kB
Active:          6012804 kB
Inactive:        1051952 kB
Active(anon):    5888784 kB
Inactive(anon):   954168 kB
Active(file):     124020 kB
Inactive(file):    97784 kB
Unevictable:          80 kB
Mlocked:              80 kB
SwapTotal:       8187900 kB
SwapFree:         928164 kB
Dirty:              4792 kB
Writeback:            44 kB
AnonPages:       6605564 kB
Mapped:           216536 kB
Shmem:            228216 kB
Slab:             232968 kB
SReclaimable:      96200 kB
SUnreclaim:       136768 kB
KernelStack:       40992 kB
PageTables:       100656 kB
NFS_Unstable:          0 kB
Bounce:                0 kB
WritebackTmp:          0 kB
CommitLimit:    12214800 kB
Committed_AS:   24706628 kB
VmallocTotal:   34359738367 kB
VmallocUsed:           0 kB
VmallocChunk:          0 kB
HardwareCorrupted:     0 kB
AnonHugePages:         0 kB
ShmemHugePages:        0 kB
ShmemPmdMapped:        0 kB
CmaTotal:              0 kB
CmaFree:               0 kB
HugePages_Total:       0
HugePages_Free:        0
HugePages_Rsvd:        0
HugePages_Surp:        0
Hugepagesize:       2048 kB
DirectMap4k:      386212 kB
DirectMap2M:     7880704 kB
DirectMap1G:           0 kB


CPU:total 4 (4 cores per cpu, 1 threads per core) family 6 model 94 stepping 3, cmov, cx8, fxsr, mmx, sse, sse2, sse3, ssse3, sse4.1, sse4.2, popcnt, avx, avx2, aes, clmul, erms, rtm, 3dnowpref, lzcnt, tsc, tscinvbit, bmi1, bmi2, adx

/proc/cpuinfo:
processor	: 0
vendor_id	: GenuineIntel
cpu family	: 6
model		: 94
model name	: Intel(R) Core(TM) i5-6500 CPU @ 3.20GHz
stepping	: 3
microcode	: 0x9e
cpu MHz		: 2675.781
cache size	: 6144 KB
physical id	: 0
siblings	: 4
core id		: 0
cpu cores	: 4
apicid		: 0
initial apicid	: 0
fpu		: yes
fpu_exception	: yes
cpuid level	: 22
wp		: yes
flags		: fpu vme de pse tsc msr pae mce cx8 apic sep mtrr pge mca cmov pat pse36 clflush dts acpi mmx fxsr sse sse2 ss ht tm pbe syscall nx pdpe1gb rdtscp lm constant_tsc art arch_perfmon pebs bts rep_good nopl xtopology nonstop_tsc aperfmperf eagerfpu pni pclmulqdq dtes64 monitor ds_cpl vmx smx est tm2 ssse3 sdbg fma cx16 xtpr pdcm pcid sse4_1 sse4_2 x2apic movbe popcnt tsc_deadline_timer aes xsave avx f16c rdrand lahf_lm abm 3dnowprefetch intel_pt tpr_shadow vnmi flexpriority ept vpid fsgsbase tsc_adjust bmi1 hle avx2 smep bmi2 erms invpcid rtm mpx rdseed adx smap clflushopt xsaveopt xsavec xgetbv1 xsaves dtherm ida arat pln pts hwp hwp_notify hwp_act_window hwp_epp
bugs		:
bogomips	: 6384.00
clflush size	: 64
cache_alignment	: 64
address sizes	: 39 bits physical, 48 bits virtual
power management:

processor	: 1
vendor_id	: GenuineIntel
cpu family	: 6
model		: 94
model name	: Intel(R) Core(TM) i5-6500 CPU @ 3.20GHz
stepping	: 3
microcode	: 0x9e
cpu MHz		: 2667.968
cache size	: 6144 KB
physical id	: 0
siblings	: 4
core id		: 1
cpu cores	: 4
apicid		: 2
initial apicid	: 2
fpu		: yes
fpu_exception	: yes
cpuid level	: 22
wp		: yes
flags		: fpu vme de pse tsc msr pae mce cx8 apic sep mtrr pge mca cmov pat pse36 clflush dts acpi mmx fxsr sse sse2 ss ht tm pbe syscall nx pdpe1gb rdtscp lm constant_tsc art arch_perfmon pebs bts rep_good nopl xtopology nonstop_tsc aperfmperf eagerfpu pni pclmulqdq dtes64 monitor ds_cpl vmx smx est tm2 ssse3 sdbg fma cx16 xtpr pdcm pcid sse4_1 sse4_2 x2apic movbe popcnt tsc_deadline_timer aes xsave avx f16c rdrand lahf_lm abm 3dnowprefetch intel_pt tpr_shadow vnmi flexpriority ept vpid fsgsbase tsc_adjust bmi1 hle avx2 smep bmi2 erms invpcid rtm mpx rdseed adx smap clflushopt xsaveopt xsavec xgetbv1 xsaves dtherm ida arat pln pts hwp hwp_notify hwp_act_window hwp_epp
bugs		:
bogomips	: 6387.66
clflush size	: 64
cache_alignment	: 64
address sizes	: 39 bits physical, 48 bits virtual
power management:

processor	: 2
vendor_id	: GenuineIntel
cpu family	: 6
model		: 94
model name	: Intel(R) Core(TM) i5-6500 CPU @ 3.20GHz
stepping	: 3
microcode	: 0x9e
cpu MHz		: 2664.648
cache size	: 6144 KB
physical id	: 0
siblings	: 4
core id		: 2
cpu cores	: 4
apicid		: 4
initial apicid	: 4
fpu		: yes
fpu_exception	: yes
cpuid level	: 22
wp		: yes
flags		: fpu vme de pse tsc msr pae mce cx8 apic sep mtrr pge mca cmov pat pse36 clflush dts acpi mmx fxsr sse sse2 ss ht tm pbe syscall nx pdpe1gb rdtscp lm constant_tsc art arch_perfmon pebs bts rep_good nopl xtopology nonstop_tsc aperfmperf eagerfpu pni pclmulqdq dtes64 monitor ds_cpl vmx smx est tm2 ssse3 sdbg fma cx16 xtpr pdcm pcid sse4_1 sse4_2 x2apic movbe popcnt tsc_deadline_timer aes xsave avx f16c rdrand lahf_lm abm 3dnowprefetch intel_pt tpr_shadow vnmi flexpriority ept vpid fsgsbase tsc_adjust bmi1 hle avx2 smep bmi2 erms invpcid rtm mpx rdseed adx smap clflushopt xsaveopt xsavec xgetbv1 xsaves dtherm ida arat pln pts hwp hwp_notify hwp_act_window hwp_epp
bugs		:
bogomips	: 6387.78
clflush size	: 64
cache_alignment	: 64
address sizes	: 39 bits physical, 48 bits virtual
power management:

processor	: 3
vendor_id	: GenuineIntel
cpu family	: 6
model		: 94
model name	: Intel(R) Core(TM) i5-6500 CPU @ 3.20GHz
stepping	: 3
microcode	: 0x9e
cpu MHz		: 2681.835
cache size	: 6144 KB
physical id	: 0
siblings	: 4
core id		: 3
cpu cores	: 4
apicid		: 6
initial apicid	: 6
fpu		: yes
fpu_exception	: yes
cpuid level	: 22
wp		: yes
flags		: fpu vme de pse tsc msr pae mce cx8 apic sep mtrr pge mca cmov pat pse36 clflush dts acpi mmx fxsr sse sse2 ss ht tm pbe syscall nx pdpe1gb rdtscp lm constant_tsc art arch_perfmon pebs bts rep_good nopl xtopology nonstop_tsc aperfmperf eagerfpu pni pclmulqdq dtes64 monitor ds_cpl vmx smx est tm2 ssse3 sdbg fma cx16 xtpr pdcm pcid sse4_1 sse4_2 x2apic movbe popcnt tsc_deadline_timer aes xsave avx f16c rdrand lahf_lm abm 3dnowprefetch intel_pt tpr_shadow vnmi flexpriority ept vpid fsgsbase tsc_adjust bmi1 hle avx2 smep bmi2 erms invpcid rtm mpx rdseed adx smap clflushopt xsaveopt xsavec xgetbv1 xsaves dtherm ida arat pln pts hwp hwp_notify hwp_act_window hwp_epp
bugs		:
bogomips	: 6387.72
clflush size	: 64
cache_alignment	: 64
address sizes	: 39 bits physical, 48 bits virtual
power management:



Memory: 4k page, physical 8053800k(534824k free), swap 8187900k(928164k free)

vm_info: Java HotSpot(TM) 64-Bit Server VM (25.101-b13) for linux-amd64 JRE (1.8.0_101-b13), built on Jun 22 2016 02:59:44 by "java_re" with gcc 4.3.0 20080428 (Red Hat 4.3.0-8)

time: Sun Oct  8 14:20:13 2017
elapsed time: 442 seconds (0d 0h 7m 22s)

