#
# A fatal error has been detected by the Java Runtime Environment:
#
#  SIGSEGV (0xb) at pc=0x00007f1a06b06c43, pid=22147, tid=0x00007f19e451f700
#
# JRE version: Java(TM) SE Runtime Environment (8.0_101-b13) (build 1.8.0_101-b13)
# Java VM: Java HotSpot(TM) 64-Bit Server VM (25.101-b13 mixed mode linux-amd64 compressed oops)
# Problematic frame:
# V  [libjvm.so+0x78bc43]  JvmtiEnv::GetClassMethods(oopDesc*, int*, _jmethodID***)+0x2f3
#
# Failed to write core dump. Core dumps have been disabled. To enable core dumping, try "ulimit -c unlimited" before starting Java again
#
# If you would like to submit a bug report, please visit:
#   http://bugreport.java.com/bugreport/crash.jsp
#

---------------  T H R E A D  ---------------

Current thread (0x00007f1a00194000):  JavaThread "JDWP Transport Listener: dt_socket" daemon [_thread_in_vm, id=22164, stack(0x00007f19e441f000,0x00007f19e4520000)]

siginfo: si_signo: 11 (SIGSEGV), si_code: 1 (SEGV_MAPERR), si_addr: 0x00007f1babe5e598

Registers:
RAX=0x000000003cfc9bb3, RBX=0x00007f1a0018cff0, RCX=0x00007f1a00008430, RDX=0x00007f19c4010800
RSP=0x00007f19e451e820, RBP=0x00007f19e451e910, RSI=0x0000000000000001, RDI=0x0000000000000001
R8 =0x00007f1a0018cff0, R9 =0x0000000000000000, R10=0x0000000000000001, R11=0x00007f19c4010fb0
R12=0x00007f1a000099f0, R13=0x00007f197d513898, R14=0x000000010016f4e0, R15=0x00007f19e451e9e0
RIP=0x00007f1a06b06c43, EFLAGS=0x0000000000010246, CSGSFS=0x002b000000000033, ERR=0x0000000000000006
  TRAPNO=0x000000000000000e

Top of Stack: (sp=0x00007f19e451e820)
0x00007f19e451e820:   00007f1a00185e80 00007f19e451e8d0
0x00007f19e451e830:   00007f1a013dc470 00007f19e451e880
0x00007f19e451e840:   00007f19e451e9d0 0000004b06a6215a
0x00007f19e451e850:   00007f19c4010800 3cfc9bb300000039
0x00007f19e451e860:   00007f1a00194000 00007f1a00185e80
0x00007f19e451e870:   00007f1a001941f8 00007f1a05a2ee40
0x00007f19e451e880:   00007f1a00194000 00007f1a0018cec0
0x00007f19e451e890:   00007f1a0018cf00 00007f1a0018cf10
0x00007f19e451e8a0:   00007f1a0018cfe8 00000000000000d8
0x00007f19e451e8b0:   00007f19e451ecd0 00007f1a06a482cc
0x00007f19e451e8c0:   00007f1a013dc470 00007f1a05a2ee40
0x00007f19e451e8d0:   00007f197d513898 00007f1a00194000
0x00007f19e451e8e0:   00007f19e451e930 00000000854aef28
0x00007f19e451e8f0:   00007f1a000099f0 0000000000000074
0x00007f19e451e900:   00007f1a00194000 00007f19e451e9d0
0x00007f19e451e910:   00007f19e451e980 00007f1a06ab8ea0
0x00007f19e451e920:   00007f19e451e930 00007f19e451e9e0
0x00007f19e451e930:   00007f1a00194000 0000000000000000
0x00007f19e451e940:   00007f1900000000 0000000000000000
0x00007f19e451e950:   00000000000f0200 00007f1a05a2ee40
0x00007f19e451e960:   00007f19e451ea50 00007f1a013dc470
0x00007f19e451e970:   00000000000f0200 000000000000000f
0x00007f19e451e980:   00007f19e451ea10 00007f1a057fb96e
0x00007f19e451e990:   0000000000000073 00007f1a06afc909
0x00007f19e451e9a0:   00007f19e451e9e0 00007f1a06abac13
0x00007f19e451e9b0:   00000001c400c890 00007f19c4002fa0
0x00007f19e451e9c0:   00007f19e451e9f0 00007f1a05801ba0
0x00007f19e451e9d0:   0000000000000000 00007f19e451ea50
0x00007f19e451e9e0:   0000000000000000 0000000000000002
0x00007f19e451e9f0:   000000000000000f 0000000000000002
0x00007f19e451ea00:   00000000000f0200 000000000000000f
0x00007f19e451ea10:   00007f19e451ec60 00007f1a058069c6 

Instructions: (pc=0x00007f1a06b06c43)
0x00007f1a06b06c23:   41 8b 00 48 83 c6 08 39 c7 7c e2 44 8d 48 ff 45
0x00007f1a06b06c33:   89 08 48 63 85 4c ff ff ff 48 8b 95 40 ff ff ff
0x00007f1a06b06c43:   4c 89 1c c2 83 85 48 ff ff ff 01 8b 85 3c ff ff
0x00007f1a06b06c53:   ff 39 85 48 ff ff ff 0f 8c e1 fd ff ff 8b 85 3c 

Register to memory mapping:

RAX=0x000000003cfc9bb3 is an unknown value
RBX=0x00007f1a0018cff0 is an unknown value
RCX=0x00007f1a00008430 is an unknown value
RDX=0x00007f19c4010800 is an unknown value
RSP=0x00007f19e451e820 is pointing into the stack for thread: 0x00007f1a00194000
RBP=0x00007f19e451e910 is pointing into the stack for thread: 0x00007f1a00194000
RSI=0x0000000000000001 is an unknown value
RDI=0x0000000000000001 is an unknown value
R8 =0x00007f1a0018cff0 is an unknown value
R9 =0x0000000000000000 is an unknown value
R10=0x0000000000000001 is an unknown value
R11=0x00007f19c4010fb0 is an unknown value
R12=0x00007f1a000099f0 is an unknown value
R13={method} {0x00007f197d513898} 'allArea' '()Ljava/util/Set;' in 'com/bjike/goddess/secure/service/SecureCaseSerImpl'
R14=0x000000010016f4e0 is pointing into metadata
R15=0x00007f19e451e9e0 is pointing into the stack for thread: 0x00007f1a00194000


Stack: [0x00007f19e441f000,0x00007f19e4520000],  sp=0x00007f19e451e820,  free space=1022k
Native frames: (J=compiled Java code, j=interpreted, Vv=VM code, C=native code)
V  [libjvm.so+0x78bc43]  JvmtiEnv::GetClassMethods(oopDesc*, int*, _jmethodID***)+0x2f3
V  [libjvm.so+0x73dea0]  jvmti_GetClassMethods+0x290
C  [libjdwp.so+0x696e]  methods1+0x7e
C  [libjdwp.so+0x119c6]  debugLoop_run+0x2b6
C  [libjdwp.so+0x247ff]  attachThread+0x2f
V  [libjvm.so+0x7a63e2]  JvmtiAgentThread::call_start_function()+0xc2
V  [libjvm.so+0xa7343f]  JavaThread::thread_main_inner()+0xdf
V  [libjvm.so+0xa7356c]  JavaThread::run()+0x11c
V  [libjvm.so+0x924698]  java_start(Thread*)+0x108
C  [libpthread.so.0+0x76ca]  start_thread+0xca


---------------  P R O C E S S  ---------------

Java Threads: ( => current thread )
  0x00007f19b0489000 JavaThread "DubboServerHandler-172.17.0.1:51133-thread-16" daemon [_thread_blocked, id=25180, stack(0x00007f197ced9000,0x00007f197cfda000)]
  0x00007f19b0602800 JavaThread "DubboServerHandler-172.17.0.1:51133-thread-15" daemon [_thread_blocked, id=25113, stack(0x00007f197cfda000,0x00007f197d0db000)]
  0x00007f19b0ce4800 JavaThread "DubboServerHandler-172.17.0.1:51133-thread-14" daemon [_thread_blocked, id=24391, stack(0x00007f197d0db000,0x00007f197d1dc000)]
  0x00007f19b0ce2000 JavaThread "DubboServerHandler-172.17.0.1:51133-thread-13" daemon [_thread_blocked, id=24358, stack(0x00007f197d1dc000,0x00007f197d2dd000)]
  0x00007f19b00d4800 JavaThread "DubboServerHandler-172.17.0.1:51133-thread-12" daemon [_thread_blocked, id=24114, stack(0x00007f197d2dd000,0x00007f197d3de000)]
  0x00007f19b00d3000 JavaThread "DubboServerHandler-172.17.0.1:51133-thread-11" daemon [_thread_blocked, id=23918, stack(0x00007f197d3de000,0x00007f197d4df000)]
  0x00007f19b00d1000 JavaThread "DubboServerHandler-172.17.0.1:51133-thread-10" daemon [_thread_blocked, id=23538, stack(0x00007f197d6df000,0x00007f197d7e0000)]
  0x00007f19b00cf000 JavaThread "DubboServerHandler-172.17.0.1:51133-thread-9" daemon [_thread_blocked, id=23531, stack(0x00007f197d7e0000,0x00007f197d8e1000)]
  0x00007f19b065f000 JavaThread "DubboServerHandler-172.17.0.1:51133-thread-8" daemon [_thread_blocked, id=23513, stack(0x00007f197d8e1000,0x00007f197d9e2000)]
  0x00007f19b065e000 JavaThread "DubboServerHandler-172.17.0.1:51133-thread-7" daemon [_thread_blocked, id=23505, stack(0x00007f197d9e2000,0x00007f197dae3000)]
  0x00007f19b04d7000 JavaThread "DubboServerHandler-172.17.0.1:51133-thread-6" daemon [_thread_blocked, id=23196, stack(0x00007f197dae3000,0x00007f197dbe4000)]
  0x00007f19b0195000 JavaThread "DubboServerHandler-172.17.0.1:51133-thread-5" daemon [_thread_blocked, id=23193, stack(0x00007f197dbe4000,0x00007f197dce5000)]
  0x00007f19b04d5800 JavaThread "DubboServerHandler-172.17.0.1:51133-thread-4" daemon [_thread_blocked, id=23133, stack(0x00007f197fafb000,0x00007f197fbfc000)]
  0x00007f1960006800 JavaThread "DubboResponseTimeoutScanTimer" daemon [_thread_blocked, id=22432, stack(0x00007f197f3f6000,0x00007f197f4f7000)]
  0x00007f19b0ede800 JavaThread "DubboServerHandler-172.17.0.1:51133-thread-3" daemon [_thread_blocked, id=22337, stack(0x00007f197fcfd000,0x00007f197fdfe000)]
  0x00007f19b00c8000 JavaThread "DubboServerHandler-172.17.0.1:51133-thread-2" daemon [_thread_blocked, id=22266, stack(0x00007f197dee5000,0x00007f197dfe6000)]
  0x00007f19ad076000 JavaThread "New I/O server worker #1-1" daemon [_thread_in_native, id=22219, stack(0x00007f197e1e6000,0x00007f197e2e7000)]
  0x00007f19ad063800 JavaThread "DubboServerHandler-172.17.0.1:51133-thread-1" daemon [_thread_blocked, id=22217, stack(0x00007f197e2e7000,0x00007f197e3e8000)]
  0x00007f1a01aea000 JavaThread "dubbo-remoting-server-heartbeat-thread-1" daemon [_thread_blocked, id=22216, stack(0x00007f197e3e8000,0x00007f197e4e9000)]
  0x00007f1a01adf000 JavaThread "New I/O server boss #1 ([id: 0x65145fb7, /0:0:0:0:0:0:0:0:51133])" daemon [_thread_in_native, id=22215, stack(0x00007f197e4e9000,0x00007f197e5ea000)]
  0x00007f1a01aba000 JavaThread "recoverScheduler_QuartzSchedulerThread" [_thread_blocked, id=22214, stack(0x00007f197e5ea000,0x00007f197e6eb000)]
  0x00007f1a01aae800 JavaThread "recoverScheduler_Worker-10" [_thread_blocked, id=22213, stack(0x00007f197e6eb000,0x00007f197e7ec000)]
  0x00007f1a01aad000 JavaThread "recoverScheduler_Worker-9" [_thread_blocked, id=22212, stack(0x00007f197e7ec000,0x00007f197e8ed000)]
  0x00007f1a01aab000 JavaThread "recoverScheduler_Worker-8" [_thread_blocked, id=22211, stack(0x00007f197e8ed000,0x00007f197e9ee000)]
  0x00007f1a01aa3000 JavaThread "recoverScheduler_Worker-7" [_thread_blocked, id=22210, stack(0x00007f197e9ee000,0x00007f197eaef000)]
  0x00007f1a01aa1000 JavaThread "recoverScheduler_Worker-6" [_thread_blocked, id=22209, stack(0x00007f197eaef000,0x00007f197ebf0000)]
  0x00007f1a01a9f000 JavaThread "recoverScheduler_Worker-5" [_thread_blocked, id=22208, stack(0x00007f197ebf0000,0x00007f197ecf1000)]
  0x00007f1a01a9d000 JavaThread "recoverScheduler_Worker-4" [_thread_blocked, id=22207, stack(0x00007f197ecf1000,0x00007f197edf2000)]
  0x00007f1a01a9b000 JavaThread "recoverScheduler_Worker-3" [_thread_blocked, id=22206, stack(0x00007f197edf2000,0x00007f197eef3000)]
  0x00007f1a01a99800 JavaThread "recoverScheduler_Worker-2" [_thread_blocked, id=22205, stack(0x00007f197eef3000,0x00007f197eff4000)]
  0x00007f1a01a99000 JavaThread "recoverScheduler_Worker-1" [_thread_blocked, id=22204, stack(0x00007f197eff4000,0x00007f197f0f5000)]
  0x00007f1a01911000 JavaThread "dubbo-remoting-client-heartbeat-thread-2" daemon [_thread_blocked, id=22203, stack(0x00007f197f2f5000,0x00007f197f3f6000)]
  0x00007f1974005000 JavaThread "New I/O client worker #1-2" daemon [_thread_in_native, id=22201, stack(0x00007f197f4f7000,0x00007f197f5f8000)]
  0x00007f1a01910800 JavaThread "DubboClientReconnectTimer-thread-2" daemon [_thread_blocked, id=22199, stack(0x00007f197f6f9000,0x00007f197f7fa000)]
  0x00007f1a018e2000 JavaThread "commons-pool-EvictionTimer" daemon [_thread_blocked, id=22198, stack(0x00007f197f5f8000,0x00007f197f6f9000)]
  0x00007f1a01825800 JavaThread "dubbo-remoting-client-heartbeat-thread-1" daemon [_thread_blocked, id=22196, stack(0x00007f197f9fa000,0x00007f197fafb000)]
  0x00007f1974004000 JavaThread "New I/O client worker #1-1" daemon [_thread_in_native, id=22194, stack(0x00007f197fbfc000,0x00007f197fcfd000)]
  0x00007f1a01823800 JavaThread "DubboClientReconnectTimer-thread-1" daemon [_thread_blocked, id=22192, stack(0x00007f197fdfe000,0x00007f197feff000)]
  0x00007f1a01801000 JavaThread "DubboSaveRegistryCache-thread-1" daemon [_thread_blocked, id=22191, stack(0x00007f197feff000,0x00007f1980000000)]
  0x00007f1a017f2800 JavaThread "main-EventThread" daemon [_thread_blocked, id=22190, stack(0x00007f19b40b2000,0x00007f19b41b3000)]
  0x00007f1a017f2000 JavaThread "main-SendThread(localhost:2181)" daemon [_thread_in_native, id=22189, stack(0x00007f19b41b3000,0x00007f19b42b4000)]
  0x00007f1a017e0800 JavaThread "ZkClient-EventThread-20-localhost:2181" daemon [_thread_blocked, id=22188, stack(0x00007f19b44b4000,0x00007f19b45b5000)]
  0x00007f1a017d0000 JavaThread "DubboRegistryFailedRetryTimer-thread-1" daemon [_thread_blocked, id=22187, stack(0x00007f19b4bb5000,0x00007f19b4cb6000)]
  0x00007f1a014c7800 JavaThread "__DEFAULT__" daemon [_thread_blocked, id=22185, stack(0x00007f19b5975000,0x00007f19b5a76000)]
  0x00007f1a01265800 JavaThread "Druid-ConnectionPool-Destroy-931987151" daemon [_thread_blocked, id=22184, stack(0x00007f19b5755000,0x00007f19b5856000)]
  0x00007f1a01264000 JavaThread "Druid-ConnectionPool-Create-931987151" daemon [_thread_blocked, id=22183, stack(0x00007f19b5856000,0x00007f19b5957000)]
  0x00007f1a00fb1000 JavaThread "Abandoned connection cleanup thread" daemon [_thread_blocked, id=22182, stack(0x00007f19b762b000,0x00007f19b772c000)]
  0x00007f1a0063f800 JavaThread "Service Thread" daemon [_thread_blocked, id=22172, stack(0x00007f19b7837000,0x00007f19b7938000)]
  0x00007f1a00634000 JavaThread "C1 CompilerThread2" daemon [_thread_blocked, id=22171, stack(0x00007f19b7938000,0x00007f19b7a39000)]
  0x00007f1a00631000 JavaThread "C2 CompilerThread1" daemon [_thread_blocked, id=22170, stack(0x00007f19b7a39000,0x00007f19b7b3a000)]
  0x00007f1a0062f800 JavaThread "C2 CompilerThread0" daemon [_thread_blocked, id=22169, stack(0x00007f19b7b3a000,0x00007f19b7c3b000)]
  0x00007f19c4001000 JavaThread "JDWP Command Reader" daemon [_thread_in_native, id=22168, stack(0x00007f19e421d000,0x00007f19e431e000)]
  0x00007f1a00197800 JavaThread "JDWP Event Helper Thread" daemon [_thread_blocked, id=22166, stack(0x00007f19e431e000,0x00007f19e441f000)]
=>0x00007f1a00194000 JavaThread "JDWP Transport Listener: dt_socket" daemon [_thread_in_vm, id=22164, stack(0x00007f19e441f000,0x00007f19e4520000)]
  0x00007f1a00185000 JavaThread "Signal Dispatcher" daemon [_thread_blocked, id=22163, stack(0x00007f19e4724000,0x00007f19e4825000)]
  0x00007f1a00153000 JavaThread "Finalizer" daemon [_thread_blocked, id=22161, stack(0x00007f19e4825000,0x00007f19e4926000)]
  0x00007f1a0014e800 JavaThread "Reference Handler" daemon [_thread_blocked, id=22159, stack(0x00007f19e4926000,0x00007f19e4a27000)]
  0x00007f1a00011000 JavaThread "main" [_thread_in_native, id=22149, stack(0x00007f1a07e71000,0x00007f1a07f72000)]

Other Threads:
  0x00007f1a00147000 VMThread [stack: 0x00007f19e4a27000,0x00007f19e4b28000] [id=22156]
  0x00007f1a00645800 WatcherThread [stack: 0x00007f19b7736000,0x00007f19b7837000] [id=22173]

VM state:not at safepoint (normal execution)

VM Mutex/Monitor currently owned by a thread: None

Heap:
 PSYoungGen      total 598016K, used 318367K [0x00000000d7000000, 0x00000000fd400000, 0x0000000100000000)
  eden space 574976K, 51% used [0x00000000d7000000,0x00000000e93a7730,0x00000000fa180000)
  from space 23040K, 85% used [0x00000000fba80000,0x00000000fcdc06a0,0x00000000fd100000)
  to   space 25600K, 0% used [0x00000000fa180000,0x00000000fa180000,0x00000000fba80000)
 ParOldGen       total 88064K, used 33079K [0x0000000085000000, 0x000000008a600000, 0x00000000d7000000)
  object space 88064K, 37% used [0x0000000085000000,0x000000008704dfc8,0x000000008a600000)
 Metaspace       used 57093K, capacity 58498K, committed 58712K, reserved 1101824K
  class space    used 6717K, capacity 6961K, committed 7040K, reserved 1048576K

Card table byte_map: [0x00007f1a04822000,0x00007f1a04bfb000] byte_map_base: 0x00007f1a043fa000

Marking Bits: (ParMarkBitMap*) 0x00007f1a0733c120
 Begin Bits: [0x00007f19e66e7000, 0x00007f19e85a7000)
 End Bits:   [0x00007f19e85a7000, 0x00007f19ea467000)

Polling page: 0x00007f1a07f89000

CodeCache: size=245760Kb used=24037Kb max_used=24156Kb free=221722Kb
 bounds [0x00007f19ea467000, 0x00007f19ebc77000, 0x00007f19f9467000]
 total_blobs=7265 nmethods=6671 adapters=514
 compilation: enabled

Compilation events (10 events):
Event: 4377.754 Thread 0x00007f1a00631000 8244       4       com.alibaba.dubbo.remoting.transport.netty.NettyChannel::getOrAddChannel (68 bytes)
Event: 4377.764 Thread 0x00007f1a00631000 nmethod 8244 0x00007f19eb2ce110 code [0x00007f19eb2ce2c0, 0x00007f19eb2ce948]
Event: 4392.800 Thread 0x00007f1a00634000 8245       3       org.jboss.netty.util.internal.LinkedTransferQueue::offer (11 bytes)
Event: 4392.801 Thread 0x00007f1a00634000 nmethod 8245 0x00007f19ebb60a10 code [0x00007f19ebb60b80, 0x00007f19ebb60d48]
Event: 4392.801 Thread 0x00007f1a00634000 8246       3       com.alibaba.dubbo.remoting.exchange.support.header.HeaderExchangeChannel::getOrAddChannel (53 bytes)
Event: 4392.802 Thread 0x00007f1a00634000 nmethod 8246 0x00007f19ea942c10 code [0x00007f19ea942de0, 0x00007f19ea943558]
Event: 4394.706 Thread 0x00007f1a00634000 8247       1       java.lang.Thread::getPriority (5 bytes)
Event: 4394.706 Thread 0x00007f1a00634000 nmethod 8247 0x00007f19eae5bc10 code [0x00007f19eae5bd60, 0x00007f19eae5be70]
Event: 4394.706 Thread 0x00007f1a00634000 8248       1       com.alibaba.dubbo.rpc.RpcInvocation::getMethodName (5 bytes)
Event: 4394.707 Thread 0x00007f1a00634000 nmethod 8248 0x00007f19eaea93d0 code [0x00007f19eaea9520, 0x00007f19eaea9630]

GC Heap History (10 events):
Event: 5.930 GC heap before
{Heap before GC invocations=12 (full 2):
 PSYoungGen      total 360448K, used 13214K [0x00000000d7000000, 0x00000000ee680000, 0x0000000100000000)
  eden space 346624K, 0% used [0x00000000d7000000,0x00000000d7000000,0x00000000ec280000)
  from space 13824K, 95% used [0x00000000ed900000,0x00000000ee5e7868,0x00000000ee680000)
  to   space 18432K, 0% used [0x00000000ec280000,0x00000000ec280000,0x00000000ed480000)
 ParOldGen       total 54272K, used 23355K [0x0000000085000000, 0x0000000088500000, 0x00000000d7000000)
  object space 54272K, 43% used [0x0000000085000000,0x00000000866ced58,0x0000000088500000)
 Metaspace       used 34614K, capacity 34946K, committed 35416K, reserved 1081344K
  class space    used 4109K, capacity 4199K, committed 4224K, reserved 1048576K
Event: 5.968 GC heap after
Heap after GC invocations=12 (full 2):
 PSYoungGen      total 360448K, used 0K [0x00000000d7000000, 0x00000000ee680000, 0x0000000100000000)
  eden space 346624K, 0% used [0x00000000d7000000,0x00000000d7000000,0x00000000ec280000)
  from space 13824K, 0% used [0x00000000ed900000,0x00000000ed900000,0x00000000ee680000)
  to   space 18432K, 0% used [0x00000000ec280000,0x00000000ec280000,0x00000000ed480000)
 ParOldGen       total 88064K, used 18836K [0x0000000085000000, 0x000000008a600000, 0x00000000d7000000)
  object space 88064K, 21% used [0x0000000085000000,0x0000000086265378,0x000000008a600000)
 Metaspace       used 34614K, capacity 34946K, committed 35416K, reserved 1081344K
  class space    used 4109K, capacity 4199K, committed 4224K, reserved 1048576K
}
Event: 7.603 GC heap before
{Heap before GC invocations=13 (full 2):
 PSYoungGen      total 360448K, used 346624K [0x00000000d7000000, 0x00000000ee680000, 0x0000000100000000)
  eden space 346624K, 100% used [0x00000000d7000000,0x00000000ec280000,0x00000000ec280000)
  from space 13824K, 0% used [0x00000000ed900000,0x00000000ed900000,0x00000000ee680000)
  to   space 18432K, 0% used [0x00000000ec280000,0x00000000ec280000,0x00000000ed480000)
 ParOldGen       total 88064K, used 18836K [0x0000000085000000, 0x000000008a600000, 0x00000000d7000000)
  object space 88064K, 21% used [0x0000000085000000,0x0000000086265378,0x000000008a600000)
 Metaspace       used 42127K, capacity 42452K, committed 43096K, reserved 1087488K
  class space    used 5054K, capacity 5176K, committed 5248K, reserved 1048576K
Event: 7.623 GC heap after
Heap after GC invocations=13 (full 2):
 PSYoungGen      total 365056K, used 18419K [0x00000000d7000000, 0x00000000f5400000, 0x0000000100000000)
  eden space 346624K, 0% used [0x00000000d7000000,0x00000000d7000000,0x00000000ec280000)
  from space 18432K, 99% used [0x00000000ec280000,0x00000000ed47cec0,0x00000000ed480000)
  to   space 21504K, 0% used [0x00000000f3f00000,0x00000000f3f00000,0x00000000f5400000)
 ParOldGen       total 88064K, used 19554K [0x0000000085000000, 0x000000008a600000, 0x00000000d7000000)
  object space 88064K, 22% used [0x0000000085000000,0x0000000086318bf8,0x000000008a600000)
 Metaspace       used 42127K, capacity 42452K, committed 43096K, reserved 1087488K
  class space    used 5054K, capacity 5176K, committed 5248K, reserved 1048576K
}
Event: 9.131 GC heap before
{Heap before GC invocations=14 (full 2):
 PSYoungGen      total 365056K, used 365043K [0x00000000d7000000, 0x00000000f5400000, 0x0000000100000000)
  eden space 346624K, 100% used [0x00000000d7000000,0x00000000ec280000,0x00000000ec280000)
  from space 18432K, 99% used [0x00000000ec280000,0x00000000ed47cec0,0x00000000ed480000)
  to   space 21504K, 0% used [0x00000000f3f00000,0x00000000f3f00000,0x00000000f5400000)
 ParOldGen       total 88064K, used 19554K [0x0000000085000000, 0x000000008a600000, 0x00000000d7000000)
  object space 88064K, 22% used [0x0000000085000000,0x0000000086318bf8,0x000000008a600000)
 Metaspace       used 48140K, capacity 48572K, committed 49240K, reserved 1093632K
  class space    used 5859K, capacity 5992K, committed 6016K, reserved 1048576K
Event: 9.155 GC heap after
Heap after GC invocations=14 (full 2):
 PSYoungGen      total 471552K, used 18384K [0x00000000d7000000, 0x00000000f5980000, 0x0000000100000000)
  eden space 450048K, 0% used [0x00000000d7000000,0x00000000d7000000,0x00000000f2780000)
  from space 21504K, 85% used [0x00000000f3f00000,0x00000000f50f43d0,0x00000000f5400000)
  to   space 24064K, 0% used [0x00000000f2780000,0x00000000f2780000,0x00000000f3f00000)
 ParOldGen       total 88064K, used 27162K [0x0000000085000000, 0x000000008a600000, 0x00000000d7000000)
  object space 88064K, 30% used [0x0000000085000000,0x0000000086a86a30,0x000000008a600000)
 Metaspace       used 48140K, capacity 48572K, committed 49240K, reserved 1093632K
  class space    used 5859K, capacity 5992K, committed 6016K, reserved 1048576K
}
Event: 11.212 GC heap before
{Heap before GC invocations=15 (full 2):
 PSYoungGen      total 471552K, used 468432K [0x00000000d7000000, 0x00000000f5980000, 0x0000000100000000)
  eden space 450048K, 100% used [0x00000000d7000000,0x00000000f2780000,0x00000000f2780000)
  from space 21504K, 85% used [0x00000000f3f00000,0x00000000f50f43d0,0x00000000f5400000)
  to   space 24064K, 0% used [0x00000000f2780000,0x00000000f2780000,0x00000000f3f00000)
 ParOldGen       total 88064K, used 27162K [0x0000000085000000, 0x000000008a600000, 0x00000000d7000000)
  object space 88064K, 30% used [0x0000000085000000,0x0000000086a86a30,0x000000008a600000)
 Metaspace       used 50339K, capacity 51144K, committed 51544K, reserved 1095680K
  class space    used 6034K, capacity 6218K, committed 6272K, reserved 1048576K
Event: 11.226 GC heap after
Heap after GC invocations=15 (full 2):
 PSYoungGen      total 474112K, used 5341K [0x00000000d7000000, 0x00000000fd100000, 0x0000000100000000)
  eden space 450048K, 0% used [0x00000000d7000000,0x00000000d7000000,0x00000000f2780000)
  from space 24064K, 22% used [0x00000000f2780000,0x00000000f2cb7478,0x00000000f3f00000)
  to   space 23040K, 0% used [0x00000000fba80000,0x00000000fba80000,0x00000000fd100000)
 ParOldGen       total 88064K, used 33071K [0x0000000085000000, 0x000000008a600000, 0x00000000d7000000)
  object space 88064K, 37% used [0x0000000085000000,0x000000008704bfc8,0x000000008a600000)
 Metaspace       used 50339K, capacity 51144K, committed 51544K, reserved 1095680K
  class space    used 6034K, capacity 6218K, committed 6272K, reserved 1048576K
}
Event: 12.623 GC heap before
{Heap before GC invocations=16 (full 2):
 PSYoungGen      total 474112K, used 455389K [0x00000000d7000000, 0x00000000fd100000, 0x0000000100000000)
  eden space 450048K, 100% used [0x00000000d7000000,0x00000000f2780000,0x00000000f2780000)
  from space 24064K, 22% used [0x00000000f2780000,0x00000000f2cb7478,0x00000000f3f00000)
  to   space 23040K, 0% used [0x00000000fba80000,0x00000000fba80000,0x00000000fd100000)
 ParOldGen       total 88064K, used 33071K [0x0000000085000000, 0x000000008a600000, 0x00000000d7000000)
  object space 88064K, 37% used [0x0000000085000000,0x000000008704bfc8,0x000000008a600000)
 Metaspace       used 52144K, capacity 53034K, committed 53208K, reserved 1095680K
  class space    used 6170K, capacity 6357K, committed 6400K, reserved 1048576K
Event: 12.640 GC heap after
Heap after GC invocations=16 (full 2):
 PSYoungGen      total 598016K, used 19713K [0x00000000d7000000, 0x00000000fd400000, 0x0000000100000000)
  eden space 574976K, 0% used [0x00000000d7000000,0x00000000d7000000,0x00000000fa180000)
  from space 23040K, 85% used [0x00000000fba80000,0x00000000fcdc06a0,0x00000000fd100000)
  to   space 25600K, 0% used [0x00000000fa180000,0x00000000fa180000,0x00000000fba80000)
 ParOldGen       total 88064K, used 33079K [0x0000000085000000, 0x000000008a600000, 0x00000000d7000000)
  object space 88064K, 37% used [0x0000000085000000,0x000000008704dfc8,0x000000008a600000)
 Metaspace       used 52144K, capacity 53034K, committed 53208K, reserved 1095680K
  class space    used 6170K, capacity 6357K, committed 6400K, reserved 1048576K
}

Deoptimization events (10 events):
Event: 73.765 Thread 0x00007f1a00194000 Uncommon trap: reason=unstable_if action=reinterpret pc=0x00007f19ea9970e0 method=org.groovy.debug.hotswap.ResetAgent$1.transform(Ljava/lang/ClassLoader;Ljava/lang/String;Ljava/lang/Class;Ljava/security/ProtectionDomain;[B)[B @ 1
Event: 74.756 Thread 0x00007f1a01aba000 Uncommon trap: reason=bimorphic action=maybe_recompile pc=0x00007f19eb3be4dc method=java.util.TreeMap.getEntryUsingComparator(Ljava/lang/Object;)Ljava/util/TreeMap$Entry; @ 29
Event: 76.590 Thread 0x00007f19b0ede800 Uncommon trap: reason=unstable_if action=reinterpret pc=0x00007f19ea73900c method=java.lang.String.lastIndexOf([CII[CIII)I @ 118
Event: 76.592 Thread 0x00007f19b0ede800 Uncommon trap: reason=bimorphic action=maybe_recompile pc=0x00007f19eb3d19f4 method=com.mysql.cj.core.io.BaseDecoratingValueFactory.createFromNull()Ljava/lang/Object; @ 4
Event: 76.592 Thread 0x00007f19b0ede800 Uncommon trap: reason=bimorphic action=maybe_recompile pc=0x00007f19eb3e9ed8 method=com.mysql.cj.core.io.BaseDecoratingValueFactory.createFromNull()Ljava/lang/Object; @ 4
Event: 1519.800 Thread 0x00007f1a00194000 Uncommon trap: reason=unstable_if action=reinterpret pc=0x00007f19ea651c00 method=org.groovy.debug.hotswap.ResetAgent$1.transform(Ljava/lang/ClassLoader;Ljava/lang/String;Ljava/lang/Class;Ljava/security/ProtectionDomain;[B)[B @ 1
Event: 1519.800 Thread 0x00007f1a00194000 Uncommon trap: reason=unstable_if action=reinterpret pc=0x00007f19eaa02f04 method=java.lang.Class.reflectionData()Ljava/lang/Class$ReflectionData; @ 37
Event: 1573.772 Thread 0x00007f19b0195000 Uncommon trap: reason=unstable_if action=reinterpret pc=0x00007f19ea756984 method=java.lang.String.indexOf([CII[CIII)I @ 27
Event: 1586.737 Thread 0x00007f19b04d7000 Uncommon trap: reason=unstable_if action=reinterpret pc=0x00007f19eb3b9e90 method=com.mysql.cj.jdbc.result.ResultSetImpl.setRowPositionValidity()V @ 21
Event: 1586.737 Thread 0x00007f19b04d7000 Uncommon trap: reason=unstable_if action=reinterpret pc=0x00007f19eb3c9dac method=com.mysql.cj.jdbc.result.ResultSetImpl.next()Z @ 68

Internal exceptions (10 events):
Event: 3612.782 Thread 0x00007f19ad076000 Exception <a 'java/lang/NullPointerException'> (0x00000000e0674b08) thrown at [/HUDSON3/workspace/8-2-build-linux-amd64/jdk8u101/7261/hotspot/src/share/vm/interpreter/linkResolver.cpp, line 1178]
Event: 3848.971 Thread 0x00007f1974004000 Exception <a 'java/lang/NullPointerException'> (0x00000000dab193d0) thrown at [/HUDSON3/workspace/8-2-build-linux-amd64/jdk8u101/7261/hotspot/src/share/vm/interpreter/linkResolver.cpp, line 1178]
Event: 3849.433 Thread 0x00007f1974005000 Exception <a 'java/lang/NullPointerException'> (0x00000000daa68cf0) thrown at [/HUDSON3/workspace/8-2-build-linux-amd64/jdk8u101/7261/hotspot/src/share/vm/interpreter/linkResolver.cpp, line 1178]
Event: 3852.783 Thread 0x00007f19ad076000 Exception <a 'java/lang/NullPointerException'> (0x00000000e067ecf0) thrown at [/HUDSON3/workspace/8-2-build-linux-amd64/jdk8u101/7261/hotspot/src/share/vm/interpreter/linkResolver.cpp, line 1178]
Event: 4028.973 Thread 0x00007f1974004000 Exception <a 'java/lang/NullPointerException'> (0x00000000dab1fb10) thrown at [/HUDSON3/workspace/8-2-build-linux-amd64/jdk8u101/7261/hotspot/src/share/vm/interpreter/linkResolver.cpp, line 1178]
Event: 4032.784 Thread 0x00007f19ad076000 Exception <a 'java/lang/NullPointerException'> (0x00000000e0685470) thrown at [/HUDSON3/workspace/8-2-build-linux-amd64/jdk8u101/7261/hotspot/src/share/vm/interpreter/linkResolver.cpp, line 1178]
Event: 4149.433 Thread 0x00007f1974005000 Exception <a 'java/lang/NullPointerException'> (0x00000000daa76940) thrown at [/HUDSON3/workspace/8-2-build-linux-amd64/jdk8u101/7261/hotspot/src/share/vm/interpreter/linkResolver.cpp, line 1178]
Event: 4208.973 Thread 0x00007f1974004000 Exception <a 'java/lang/NullPointerException'> (0x00000000dab26250) thrown at [/HUDSON3/workspace/8-2-build-linux-amd64/jdk8u101/7261/hotspot/src/share/vm/interpreter/linkResolver.cpp, line 1178]
Event: 4268.973 Thread 0x00007f1974004000 Exception <a 'java/lang/NullPointerException'> (0x00000000dab27c78) thrown at [/HUDSON3/workspace/8-2-build-linux-amd64/jdk8u101/7261/hotspot/src/share/vm/interpreter/linkResolver.cpp, line 1178]
Event: 4332.785 Thread 0x00007f19ad076000 Exception <a 'java/lang/NullPointerException'> (0x00000000e0692978) thrown at [/HUDSON3/workspace/8-2-build-linux-amd64/jdk8u101/7261/hotspot/src/share/vm/interpreter/linkResolver.cpp, line 1178]

Events (10 events):
Event: 4394.707 Thread 0x00007f19b0489000 DEOPT PACKING pc=0x00007f19ebbc14fc sp=0x00007f197cfd7290
Event: 4394.707 Thread 0x00007f19b0489000 DEOPT UNPACKING pc=0x00007f19ea4ae633 sp=0x00007f197cfd70d0 mode 1
Event: 4394.707 Thread 0x00007f19b0489000 DEOPT PACKING pc=0x00007f19ea66495c sp=0x00007f197cfd7420
Event: 4394.707 Thread 0x00007f19b0489000 DEOPT UNPACKING pc=0x00007f19ea4ae633 sp=0x00007f197cfd71b8 mode 1
Event: 4394.707 Thread 0x00007f19b0489000 DEOPT PACKING pc=0x00007f19ebbb455c sp=0x00007f197cfd74d0
Event: 4394.707 Thread 0x00007f19b0489000 DEOPT UNPACKING pc=0x00007f19ea4ae633 sp=0x00007f197cfd7230 mode 1
Event: 4394.707 Thread 0x00007f19b0489000 DEOPT PACKING pc=0x00007f19ea848ac4 sp=0x00007f197cfd7ca0
Event: 4394.707 Thread 0x00007f19b0489000 DEOPT UNPACKING pc=0x00007f19ea4ae633 sp=0x00007f197cfd7a38 mode 1
Event: 4394.713 Executing VM operation: RevokeBias
Event: 4394.713 Executing VM operation: RevokeBias done


Dynamic libraries:
00400000-00401000 r-xp 00000000 fd:02 2100689                            /home/ike/soft/jdk1.8/bin/java
00600000-00601000 rw-p 00000000 fd:02 2100689                            /home/ike/soft/jdk1.8/bin/java
0238e000-023af000 rw-p 00000000 00:00 0                                  [heap]
85000000-8a600000 rw-p 00000000 00:00 0 
8a600000-d7000000 ---p 00000000 00:00 0 
d7000000-fd400000 rw-p 00000000 00:00 0 
fd400000-100000000 ---p 00000000 00:00 0 
100000000-1006e0000 rw-p 00000000 00:00 0 
1006e0000-140000000 ---p 00000000 00:00 0 
7f1960000000-7f196003d000 rw-p 00000000 00:00 0 
7f196003d000-7f1964000000 ---p 00000000 00:00 0 
7f1968000000-7f1968021000 rw-p 00000000 00:00 0 
7f1968021000-7f196c000000 ---p 00000000 00:00 0 
7f196c000000-7f196c021000 rw-p 00000000 00:00 0 
7f196c021000-7f1970000000 ---p 00000000 00:00 0 
7f1970000000-7f1970021000 rw-p 00000000 00:00 0 
7f1970021000-7f1974000000 ---p 00000000 00:00 0 
7f1974000000-7f197406c000 rw-p 00000000 00:00 0 
7f197406c000-7f1978000000 ---p 00000000 00:00 0 
7f1978000000-7f19780a9000 rw-p 00000000 00:00 0 
7f19780a9000-7f197c000000 ---p 00000000 00:00 0 
7f197ced9000-7f197cedc000 ---p 00000000 00:00 0 
7f197cedc000-7f197cfda000 rw-p 00000000 00:00 0 
7f197cfda000-7f197cfdd000 ---p 00000000 00:00 0 
7f197cfdd000-7f197d0db000 rw-p 00000000 00:00 0 
7f197d0db000-7f197d0de000 ---p 00000000 00:00 0 
7f197d0de000-7f197d1dc000 rw-p 00000000 00:00 0 
7f197d1dc000-7f197d1df000 ---p 00000000 00:00 0 
7f197d1df000-7f197d2dd000 rw-p 00000000 00:00 0 
7f197d2dd000-7f197d2e0000 ---p 00000000 00:00 0 
7f197d2e0000-7f197d3de000 rw-p 00000000 00:00 0 
7f197d3de000-7f197d3e1000 ---p 00000000 00:00 0 
7f197d3e1000-7f197d55f000 rw-p 00000000 00:00 0 
7f197d55f000-7f197d6df000 ---p 00000000 00:00 0 
7f197d6df000-7f197d6e2000 ---p 00000000 00:00 0 
7f197d6e2000-7f197d7e0000 rw-p 00000000 00:00 0 
7f197d7e0000-7f197d7e3000 ---p 00000000 00:00 0 
7f197d7e3000-7f197d8e1000 rw-p 00000000 00:00 0 
7f197d8e1000-7f197d8e4000 ---p 00000000 00:00 0 
7f197d8e4000-7f197d9e2000 rw-p 00000000 00:00 0 
7f197d9e2000-7f197d9e5000 ---p 00000000 00:00 0 
7f197d9e5000-7f197dae3000 rw-p 00000000 00:00 0 
7f197dae3000-7f197dae6000 ---p 00000000 00:00 0 
7f197dae6000-7f197dbe4000 rw-p 00000000 00:00 0 
7f197dbe4000-7f197dbe7000 ---p 00000000 00:00 0 
7f197dbe7000-7f197dee5000 rw-p 00000000 00:00 0 
7f197dee5000-7f197dee8000 ---p 00000000 00:00 0 
7f197dee8000-7f197e1e6000 rw-p 00000000 00:00 0 
7f197e1e6000-7f197e1e9000 ---p 00000000 00:00 0 
7f197e1e9000-7f197e2e7000 rw-p 00000000 00:00 0 
7f197e2e7000-7f197e2ea000 ---p 00000000 00:00 0 
7f197e2ea000-7f197e3e8000 rw-p 00000000 00:00 0 
7f197e3e8000-7f197e3eb000 ---p 00000000 00:00 0 
7f197e3eb000-7f197e4e9000 rw-p 00000000 00:00 0 
7f197e4e9000-7f197e4ec000 ---p 00000000 00:00 0 
7f197e4ec000-7f197e5ea000 rw-p 00000000 00:00 0 
7f197e5ea000-7f197e5ed000 ---p 00000000 00:00 0 
7f197e5ed000-7f197e6eb000 rw-p 00000000 00:00 0 
7f197e6eb000-7f197e6ee000 ---p 00000000 00:00 0 
7f197e6ee000-7f197e7ec000 rw-p 00000000 00:00 0 
7f197e7ec000-7f197e7ef000 ---p 00000000 00:00 0 
7f197e7ef000-7f197e8ed000 rw-p 00000000 00:00 0 
7f197e8ed000-7f197e8f0000 ---p 00000000 00:00 0 
7f197e8f0000-7f197e9ee000 rw-p 00000000 00:00 0 
7f197e9ee000-7f197e9f1000 ---p 00000000 00:00 0 
7f197e9f1000-7f197eaef000 rw-p 00000000 00:00 0 
7f197eaef000-7f197eaf2000 ---p 00000000 00:00 0 
7f197eaf2000-7f197ebf0000 rw-p 00000000 00:00 0 
7f197ebf0000-7f197ebf3000 ---p 00000000 00:00 0 
7f197ebf3000-7f197ecf1000 rw-p 00000000 00:00 0 
7f197ecf1000-7f197ecf4000 ---p 00000000 00:00 0 
7f197ecf4000-7f197edf2000 rw-p 00000000 00:00 0 
7f197edf2000-7f197edf5000 ---p 00000000 00:00 0 
7f197edf5000-7f197eef3000 rw-p 00000000 00:00 0 
7f197eef3000-7f197eef6000 ---p 00000000 00:00 0 
7f197eef6000-7f197eff4000 rw-p 00000000 00:00 0 
7f197eff4000-7f197eff7000 ---p 00000000 00:00 0 
7f197eff7000-7f197f2f5000 rw-p 00000000 00:00 0 
7f197f2f5000-7f197f2f8000 ---p 00000000 00:00 0 
7f197f2f8000-7f197f3f6000 rw-p 00000000 00:00 0 
7f197f3f6000-7f197f3f9000 ---p 00000000 00:00 0 
7f197f3f9000-7f197f4f7000 rw-p 00000000 00:00 0 
7f197f4f7000-7f197f4fa000 ---p 00000000 00:00 0 
7f197f4fa000-7f197f5f8000 rw-p 00000000 00:00 0 
7f197f5f8000-7f197f5fb000 ---p 00000000 00:00 0 
7f197f5fb000-7f197f6f9000 rw-p 00000000 00:00 0 
7f197f6f9000-7f197f6fc000 ---p 00000000 00:00 0 
7f197f6fc000-7f197f9fa000 rw-p 00000000 00:00 0 
7f197f9fa000-7f197f9fd000 ---p 00000000 00:00 0 
7f197f9fd000-7f197fafb000 rw-p 00000000 00:00 0 
7f197fafb000-7f197fafe000 ---p 00000000 00:00 0 
7f197fafe000-7f197fbfc000 rw-p 00000000 00:00 0 
7f197fbfc000-7f197fbff000 ---p 00000000 00:00 0 
7f197fbff000-7f197fcfd000 rw-p 00000000 00:00 0 
7f197fcfd000-7f197fd00000 ---p 00000000 00:00 0 
7f197fd00000-7f197fdfe000 rw-p 00000000 00:00 0 
7f197fdfe000-7f197fe01000 ---p 00000000 00:00 0 
7f197fe01000-7f197feff000 rw-p 00000000 00:00 0 
7f197feff000-7f197ff02000 ---p 00000000 00:00 0 
7f197ff02000-7f1980000000 rw-p 00000000 00:00 0 
7f1980000000-7f1980026000 rw-p 00000000 00:00 0 
7f1980026000-7f1984000000 ---p 00000000 00:00 0 
7f1984000000-7f1984021000 rw-p 00000000 00:00 0 
7f1984021000-7f1988000000 ---p 00000000 00:00 0 
7f1988000000-7f1988021000 rw-p 00000000 00:00 0 
7f1988021000-7f198c000000 ---p 00000000 00:00 0 
7f198c000000-7f198c021000 rw-p 00000000 00:00 0 
7f198c021000-7f1990000000 ---p 00000000 00:00 0 
7f1990000000-7f1990021000 rw-p 00000000 00:00 0 
7f1990021000-7f1994000000 ---p 00000000 00:00 0 
7f1994000000-7f1994021000 rw-p 00000000 00:00 0 
7f1994021000-7f1998000000 ---p 00000000 00:00 0 
7f1998000000-7f1998021000 rw-p 00000000 00:00 0 
7f1998021000-7f199c000000 ---p 00000000 00:00 0 
7f199c000000-7f199c37d000 rw-p 00000000 00:00 0 
7f199c37d000-7f19a0000000 ---p 00000000 00:00 0 
7f19a0000000-7f19a0022000 rw-p 00000000 00:00 0 
7f19a0022000-7f19a4000000 ---p 00000000 00:00 0 
7f19a4000000-7f19a4021000 rw-p 00000000 00:00 0 
7f19a4021000-7f19a8000000 ---p 00000000 00:00 0 
7f19a8000000-7f19aa7bd000 rw-p 00000000 00:00 0 
7f19aa7bd000-7f19ac000000 ---p 00000000 00:00 0 
7f19ac000000-7f19ad1d1000 rw-p 00000000 00:00 0 
7f19ad1d1000-7f19b0000000 ---p 00000000 00:00 0 
7f19b0000000-7f19b3c14000 rw-p 00000000 00:00 0 
7f19b3c14000-7f19b4000000 ---p 00000000 00:00 0 
7f19b40b2000-7f19b40b5000 ---p 00000000 00:00 0 
7f19b40b5000-7f19b41b3000 rw-p 00000000 00:00 0 
7f19b41b3000-7f19b41b6000 ---p 00000000 00:00 0 
7f19b41b6000-7f19b44b4000 rw-p 00000000 00:00 0 
7f19b44b4000-7f19b44b7000 ---p 00000000 00:00 0 
7f19b44b7000-7f19b47b5000 rw-p 00000000 00:00 0 
7f19b47b5000-7f19b49b5000 rw-p 00000000 00:00 0 
7f19b49b5000-7f19b4bb5000 rw-p 00000000 00:00 0 
7f19b4bb5000-7f19b4bb8000 ---p 00000000 00:00 0 
7f19b4bb8000-7f19b4eb6000 rw-p 00000000 00:00 0 
7f19b4eb6000-7f19b4ecc000 r-xp 00000000 fd:00 2890778                    /usr/lib64/libgcc_s-6.3.1-20161221.so.1
7f19b4ecc000-7f19b50cb000 ---p 00016000 fd:00 2890778                    /usr/lib64/libgcc_s-6.3.1-20161221.so.1
7f19b50cb000-7f19b50cc000 r--p 00015000 fd:00 2890778                    /usr/lib64/libgcc_s-6.3.1-20161221.so.1
7f19b50cc000-7f19b50cd000 rw-p 00016000 fd:00 2890778                    /usr/lib64/libgcc_s-6.3.1-20161221.so.1
7f19b5155000-7f19b534b000 rw-p 00000000 00:00 0 
7f19b534b000-7f19b5355000 ---p 00000000 00:00 0 
7f19b5355000-7f19b5555000 rw-p 00000000 00:00 0 
7f19b5555000-7f19b5755000 rw-p 00000000 00:00 0 
7f19b5755000-7f19b5758000 ---p 00000000 00:00 0 
7f19b5758000-7f19b5856000 rw-p 00000000 00:00 0 
7f19b5856000-7f19b5859000 ---p 00000000 00:00 0 
7f19b5859000-7f19b5957000 rw-p 00000000 00:00 0 
7f19b5975000-7f19b5978000 ---p 00000000 00:00 0 
7f19b5978000-7f19b5a76000 rw-p 00000000 00:00 0 
7f19b5a76000-7f19b5aa8000 r-xp 00000000 fd:02 2100254                    /home/ike/soft/jdk1.8/jre/lib/amd64/libsunec.so
7f19b5aa8000-7f19b5ca7000 ---p 00032000 fd:02 2100254                    /home/ike/soft/jdk1.8/jre/lib/amd64/libsunec.so
7f19b5ca7000-7f19b5cad000 rw-p 00031000 fd:02 2100254                    /home/ike/soft/jdk1.8/jre/lib/amd64/libsunec.so
7f19b5cad000-7f19b5ebd000 rw-p 00000000 00:00 0 
7f19b5ebd000-7f19b5ece000 r-xp 00000000 fd:02 2100229                    /home/ike/soft/jdk1.8/jre/lib/amd64/libnio.so
7f19b5ece000-7f19b60cd000 ---p 00011000 fd:02 2100229                    /home/ike/soft/jdk1.8/jre/lib/amd64/libnio.so
7f19b60cd000-7f19b60ce000 rw-p 00010000 fd:02 2100229                    /home/ike/soft/jdk1.8/jre/lib/amd64/libnio.so
7f19b60ce000-7f19b60e4000 r-xp 00000000 fd:02 2100243                    /home/ike/soft/jdk1.8/jre/lib/amd64/libnet.so
7f19b60e4000-7f19b62e4000 ---p 00016000 fd:02 2100243                    /home/ike/soft/jdk1.8/jre/lib/amd64/libnet.so
7f19b62e4000-7f19b62e5000 rw-p 00016000 fd:02 2100243                    /home/ike/soft/jdk1.8/jre/lib/amd64/libnet.so
7f19b62e5000-7f19b62ee000 r-xp 00000000 fd:02 2100283                    /home/ike/soft/jdk1.8/jre/lib/amd64/libmanagement.so
7f19b62ee000-7f19b64ed000 ---p 00009000 fd:02 2100283                    /home/ike/soft/jdk1.8/jre/lib/amd64/libmanagement.so
7f19b64ed000-7f19b64ee000 rw-p 00008000 fd:02 2100283                    /home/ike/soft/jdk1.8/jre/lib/amd64/libmanagement.so
7f19b64ee000-7f19b66ee000 rw-p 00000000 00:00 0 
7f19b66ee000-7f19b68ee000 rw-p 00000000 00:00 0 
7f19b68ee000-7f19b6aee000 rw-p 00000000 00:00 0 
7f19b6aee000-7f19b6cee000 rw-p 00000000 00:00 0 
7f19b6cee000-7f19b6eee000 rw-p 00000000 00:00 0 
7f19b6eee000-7f19b70ee000 rw-p 00000000 00:00 0 
7f19b7158000-7f19b7358000 rw-p 00000000 00:00 0 
7f19b7358000-7f19b7558000 rw-p 00000000 00:00 0 
7f19b757e000-7f19b7614000 r--s 01102000 fd:02 2100425                    /home/ike/soft/jdk1.8/jre/lib/ext/jfxrt.jar
7f19b7614000-7f19b761a000 r--s 0003f000 fd:02 2100426                    /home/ike/soft/jdk1.8/jre/lib/ext/sunjce_provider.jar
7f19b761a000-7f19b761b000 r--s 00009000 fd:02 2100423                    /home/ike/soft/jdk1.8/jre/lib/ext/sunec.jar
7f19b761b000-7f19b761f000 r--s 0003a000 fd:02 2100420                    /home/ike/soft/jdk1.8/jre/lib/ext/sunpkcs11.jar
7f19b761f000-7f19b7623000 r--s 00097000 fd:02 2100406                    /home/ike/soft/jdk1.8/jre/lib/jsse.jar
7f19b7623000-7f19b7628000 r--s 002f9000 fd:02 2100432                    /home/ike/soft/jdk1.8/jre/lib/charsets.jar
7f19b7628000-7f19b762b000 r--s 0001a000 fd:02 2100204                    /home/ike/soft/jdk1.8/jre/lib/jce.jar
7f19b762b000-7f19b762e000 ---p 00000000 00:00 0 
7f19b762e000-7f19b772c000 rw-p 00000000 00:00 0 
7f19b772c000-7f19b7736000 r--s 00116000 fd:02 2100424                    /home/ike/soft/jdk1.8/jre/lib/ext/localedata.jar
7f19b7736000-7f19b7737000 ---p 00000000 00:00 0 
7f19b7737000-7f19b7837000 rw-p 00000000 00:00 0 
7f19b7837000-7f19b783a000 ---p 00000000 00:00 0 
7f19b783a000-7f19b7938000 rw-p 00000000 00:00 0 
7f19b7938000-7f19b793b000 ---p 00000000 00:00 0 
7f19b793b000-7f19b7a39000 rw-p 00000000 00:00 0 
7f19b7a39000-7f19b7a3c000 ---p 00000000 00:00 0 
7f19b7a3c000-7f19b7b3a000 rw-p 00000000 00:00 0 
7f19b7b3a000-7f19b7b3d000 ---p 00000000 00:00 0 
7f19b7b3d000-7f19b7c3b000 rw-p 00000000 00:00 0 
7f19b7c3b000-7f19b7c3d000 r--s 0000a000 fd:02 2103023                    /home/ike/soft/idea-IU-171.4424.56/plugins/Groovy/lib/agent/gragent.jar
7f19b7c3d000-7f19b7c3f000 r--s 0001a000 fd:02 2102710                    /home/ike/soft/idea-IU-171.4424.56/lib/idea_rt.jar
7f19b7c3f000-7f19b7c58000 r--s 0012c000 fd:02 6423561                    /home/ike/.gradle/caches/modules-2/files-2.1/io.netty/netty/3.10.5.Final/9ca7d55d246092bddd29b867706e2f6c7db701a0/netty-3.10.5.Final.jar
7f19b7c58000-7f19b7c5a000 r--s 00014000 fd:02 3539264                    /home/ike/.m2/repository/jline/jline/0.9.94/jline-0.9.94.jar
7f19b7c5a000-7f19b7c5b000 r--s 00002000 fd:02 3015918                    /home/ike/.m2/repository/org/slf4j/slf4j-log4j12/1.6.1/slf4j-log4j12-1.6.1.jar
7f19b7c5b000-7f19b7c5d000 r--s 0000c000 fd:02 3670899                    /home/ike/.m2/repository/org/ow2/asm/asm/5.0.4/asm-5.0.4.jar
7f19b7c5d000-7f19b7c5e000 r--s 00000000 fd:02 4459279                    /home/ike/.gradle/caches/modules-2/files-2.1/javax.inject/javax.inject/1/6975da39a7040257bd51d21a231b76c915872d38/javax.inject-1.jar
7f19b7c5e000-7f19b7c5f000 r--s 00001000 fd:02 4459277                    /home/ike/.gradle/caches/modules-2/files-2.1/javax.annotation/jsr250-api/1.0/5025422767732a1ab45d93abfea846513d742dcf/jsr250-api-1.0.jar
7f19b7c5f000-7f19b7c60000 r--s 00001000 fd:02 4459275                    /home/ike/.gradle/caches/modules-2/files-2.1/org.jboss.spec.javax.interceptor/jboss-interceptors-api_1.1_spec/1.0.0.Beta1/8cb388fd3b4912373da7a18e199bb55aa52aa5c1/jboss-interceptors-api_1.1_spec-1.0.0.Beta1.jar
7f19b7c60000-7f19b7c62000 r--s 00007000 fd:02 4459273                    /home/ike/.gradle/caches/modules-2/files-2.1/javax.el/el-api/2.2/42971279cc8ba864462580c7fc2199fd5715ee7f/el-api-2.2.jar
7f19b7c62000-7f19b7c64000 r--s 00005000 fd:02 2234244                    /home/ike/.m2/repository/stax/stax-api/1.0.1/stax-api-1.0.1.jar
7f19b7c64000-7f19b7c66000 r--s 0000b000 fd:02 2624367                    /home/ike/.m2/repository/org/objenesis/objenesis/2.2/objenesis-2.2.jar
7f19b7c66000-7f19b7c67000 r--s 00001000 fd:02 3670910                    /home/ike/.m2/repository/com/esotericsoftware/minlog/1.3.0/minlog-1.3.0.jar
7f19b7c67000-7f19b7c69000 r--s 00004000 fd:02 3670897                    /home/ike/.m2/repository/com/esotericsoftware/reflectasm/1.11.3/reflectasm-1.11.3.jar
7f19b7c69000-7f19b7c6d000 r--s 0000e000 fd:02 4459271                    /home/ike/.gradle/caches/modules-2/files-2.1/javax.enterprise/cdi-api/1.1/78b1feee99b05a78575fb2fd79fb77be5e74420d/cdi-api-1.1.jar
7f19b7c6d000-7f19b7c70000 r--s 0002b000 fd:02 4459269                    /home/ike/.gradle/caches/modules-2/files-2.1/org.jboss/jandex/2.0.0.Final/3e899258936f94649c777193e1be846387ed54b3/jandex-2.0.0.Final.jar
7f19b7c70000-7f19b7c75000 r--s 00068000 fd:02 2103485                    /home/ike/.m2/repository/antlr/antlr/2.7.7/antlr-2.7.7.jar
7f19b7c75000-7f19b7c77000 r--s 00100000 fd:02 6423559                    /home/ike/.gradle/caches/modules-2/files-2.1/org.xerial.snappy/snappy-java/1.1.2.6/48d92871ca286a47f230feb375f0bbffa83b85f6/snappy-java-1.1.2.6.jar
7f19b7c77000-7f19b7c79000 r--s 00038000 fd:02 6293201                    /home/ike/.gradle/caches/modules-2/files-2.1/net.jpountz.lz4/lz4/1.3.0/c708bb2590c0652a642236ef45d9f99ff842a2ce/lz4-1.3.0.jar
7f19b7c79000-7f19b7cb7000 r--s 0025d000 fd:02 2234241                    /home/ike/.m2/repository/org/apache/xmlbeans/xmlbeans/2.6.0/xmlbeans-2.6.0.jar
7f19b7cb7000-7f19b7cbf000 r--s 00048000 fd:02 3670895                    /home/ike/.m2/repository/com/esotericsoftware/kryo/4.0.0/kryo-4.0.0.jar
7f19b7cbf000-7f19b7cc9000 r--s 000ae000 fd:02 3145958                    /home/ike/.m2/repository/org/javassist/javassist/3.20.0-GA/javassist-3.20.0-GA.jar
7f19b7cc9000-7f19b7cce000 r--s 00048000 fd:02 3801997                    /home/ike/.m2/repository/dom4j/dom4j/1.6.1/dom4j-1.6.1.jar
7f19b7cce000-7f19b7cd2000 r--s 0000c000 fd:02 3540885                    /home/ike/.m2/repository/javax/validation/validation-api/1.1.0.Final/validation-api-1.1.0.Final.jar
7f19b7cd2000-7f19b7cd4000 r--s 0000f000 fd:02 4459850                    /home/ike/.m2/repository/javax/activation/activation/1.1.1/activation-1.1.1.jar
7f19b7cd4000-7f19b7cdc000 r--s 00084000 fd:02 4459846                    /home/ike/.m2/repository/com/sun/mail/javax.mail/1.5.2/javax.mail-1.5.2.jar
7f19b7cdc000-7f19b7d4f000 r--s 0065b000 fd:02 6168214                    /home/ike/.gradle/caches/modules-2/files-2.1/org.scala-lang/scala-library/2.10.6/421989aa8f95a05a4f894630aad96b8c7b828732/scala-library-2.10.6.jar
7f19b7d4f000-7f19b7d52000 r--s 00011000 fd:02 4861372                    /home/ike/.gradle/caches/modules-2/files-2.1/net.sf.jopt-simple/jopt-simple/5.0.3/cdd846cfc4e0f7eefafc02c0f5dce32b9303aa2a/jopt-simple-5.0.3.jar
7f19b7d52000-7f19b7d5a000 r--s 00048000 fd:02 3807593                    /home/ike/.gradle/caches/modules-2/files-2.1/org.apache.httpcomponents/httpcore/4.4.6/e3fd8ced1f52c7574af952e2e6da0df8df08eb82/httpcore-4.4.6.jar
7f19b7d5a000-7f19b7d5e000 r--s 00015000 fd:02 3542611                    /home/ike/.gradle/caches/modules-2/files-2.1/com.github.virtuald/curvesapi/1.04/3386abf821719bc89c7685f9eaafaf4a842f0199/curvesapi-1.04.jar
7f19b7d5e000-7f19b7e18000 r--s 004e0000 fd:02 7867893                    /home/ike/.gradle/caches/modules-2/files-2.1/org.apache.poi/poi-ooxml-schemas/3.16/9828a49307fc6bebfd42185b677d88b6e4994c63/poi-ooxml-schemas-3.16.jar
7f19b7e18000-7f19b7e28000 r--s 000a8000 fd:02 3542609                    /home/ike/.gradle/caches/modules-2/files-2.1/org.apache.commons/commons-collections4/4.1/a4cf4688fe1c7e3a63aa636cc96d013af537768e/commons-collections4-4.1.jar
7f19b7e28000-7f19b7e2f000 r--s 0003f000 fd:02 4196565                    /home/ike/.m2/repository/commons-codec/commons-codec/1.10/commons-codec-1.10.jar
7f19b7e2f000-7f19b7e38000 r--s 0006f000 fd:02 3670891                    /home/ike/.m2/repository/log4j/log4j/1.2.17/log4j-1.2.17.jar
7f19b7e38000-7f19b7e50000 r--s 001bf000 fd:02 3670928                    /home/ike/.m2/repository/org/aspectj/aspectjweaver/1.8.10/aspectjweaver-1.8.10.jar
7f19b7e50000-7f19b7e5a000 r--s 00098000 fd:02 3671156                    /home/ike/.m2/repository/org/quartz-scheduler/quartz/2.2.3/quartz-2.2.3.jar
7f19b7e5a000-7f19b7e5f000 r--s 00029000 fd:02 3671151                    /home/ike/.m2/repository/org/springframework/spring-context-support/4.3.5.RELEASE/spring-context-support-4.3.5.RELEASE.jar
7f19b7e5f000-7f19b7e6f000 r--s 000b2000 fd:02 3147507                    /home/ike/.m2/repository/org/jboss/netty/netty/3.2.5.Final/netty-3.2.5.Final.jar
7f19b7e6f000-7f19b7e71000 r--s 0000e000 fd:02 3146093                    /home/ike/.m2/repository/commons-logging/commons-logging/1.2/commons-logging-1.2.jar
7f19b7e71000-7f19b7e74000 r--s 00019000 fd:02 3808679                    /home/ike/.gradle/caches/modules-2/files-2.1/org.apache.commons/commons-pool2/2.4.2/e5f4f28f19d57716fbc3989d7a357ebf1e454fea/commons-pool2-2.4.2.jar
7f19b7e74000-7f19b7f4b000 r--s 007a9000 fd:02 6293761                    /home/ike/.gradle/caches/modules-2/files-2.1/net.sf.ehcache/ehcache/2.10.3/cf74f9a4a049f181833b147a1d9aa62159c9d01d/ehcache-2.10.3.jar
7f19b7f4b000-7f19b7f4d000 r--s 0000f000 fd:02 3672160                    /home/ike/.m2/repository/org/jboss/logging/jboss-logging/3.3.0.Final/jboss-logging-3.3.0.Final.jar
7f19b7f4d000-7f19b7f50000 r--s 00010000 fd:02 4459261                    /home/ike/.gradle/caches/modules-2/files-2.1/org.hibernate.common/hibernate-commons-annotations/5.0.1.Final/71e1cff3fcb20d3b3af4f3363c3ddb24d33c6879/hibernate-commons-annotations-5.0.1.Final.jar
7f19b7f50000-7f19b7f52000 r--s 00003000 fd:02 4588021                    /home/ike/.gradle/caches/modules-2/files-2.1/org.slf4j/jcl-over-slf4j/1.7.22/86ceac14535af5a42c8fb0d06d79b925dd3cb263/jcl-over-slf4j-1.7.22.jar
7f19b7f52000-7f19b7f5a000 r--s 0003a000 fd:02 3671152                    /home/ike/.m2/repository/org/springframework/spring-tx/4.3.5.RELEASE/spring-tx-4.3.5.RELEASE.jar
7f19b7f5a000-7f19b7f5e000 r--s 00019000 fd:02 4587747                    /home/ike/.gradle/caches/modules-2/files-2.1/org.aspectj/aspectjrt/1.8.9/87372d9e2323313bec24b09a325bfea8ae0eb867/aspectjrt-1.8.9.jar
7f19b7f5e000-7f19b7f68000 r--s 00068000 fd:02 4587743                    /home/ike/.gradle/caches/modules-2/files-2.1/org.springframework/spring-orm/4.2.8.RELEASE/43b557f5025782616f791dbd720b4a606eeca1bf/spring-orm-4.2.8.RELEASE.jar
7f19b7f68000-7f19b7f7f000 r--s 000fb000 fd:02 6424510                    /home/ike/.gradle/caches/modules-2/files-2.1/org.springframework/spring-core/4.3.7.RELEASE/54fa2db94cc7222edc90ec71354e47cd1dc07f7b/spring-core-4.3.7.RELEASE.jar
7f19b7f7f000-7f19b7f8d000 r--s 000ad000 fd:02 6424518                    /home/ike/.gradle/caches/modules-2/files-2.1/org.springframework/spring-beans/4.3.7.RELEASE/2de9f59f3202965438f3a02057d6ad8274636044/spring-beans-4.3.7.RELEASE.jar
7f19b7f8d000-7f19b7f96000 r--s 00054000 fd:02 6554774                    /home/ike/.gradle/caches/modules-2/files-2.1/org.springframework/spring-aop/4.3.7.RELEASE/3f243d685e4a8a78a0c291445c6d85560ec4d339/spring-aop-4.3.7.RELEASE.jar
7f19b7f96000-7f19b7fa3000 r--s 000aa000 fd:02 3807591                    /home/ike/.gradle/caches/modules-2/files-2.1/org.apache.httpcomponents/httpclient/4.5.3/d1577ae15f01ef5438c5afc62162457c00a34713/httpclient-4.5.3.jar
7f19b7fa3000-7f19b7fcf000 r--s 00263000 fd:02 7867889                    /home/ike/.gradle/caches/modules-2/files-2.1/org.apache.poi/poi/3.16/ad21c123ee5d6b5b2a8f0d4ed23b3ffe6759a889/poi-3.16.jar
7f19b7fcf000-7f19b7fe2000 r--s 0014c000 fd:02 7867891                    /home/ike/.gradle/caches/modules-2/files-2.1/org.apache.poi/poi-ooxml/3.16/76e20fe22404cc4da55ddfdaaaadee32bbfa3bdd/poi-ooxml-3.16.jar
7f19b7fe2000-7f19b8000000 r--s 00143000 fd:02 3670645                    /home/ike/.m2/repository/com/alibaba/dubbo/2.5.4-SNAPSHOT/dubbo-2.5.4-SNAPSHOT.jar
7f19b8000000-7f19b82e0000 rw-p 00000000 00:00 0 
7f19b82e0000-7f19bc000000 ---p 00000000 00:00 0 
7f19bc000000-7f19bc021000 rw-p 00000000 00:00 0 
7f19bc021000-7f19c0000000 ---p 00000000 00:00 0 
7f19c0000000-7f19c0021000 rw-p 00000000 00:00 0 
7f19c0021000-7f19c4000000 ---p 00000000 00:00 0 
7f19c4000000-7f19c42b7000 rw-p 00000000 00:00 0 
7f19c42b7000-7f19c8000000 ---p 00000000 00:00 0 
7f19c8000000-7f19c8054000 rw-p 00000000 00:00 0 
7f19c8054000-7f19cc000000 ---p 00000000 00:00 0 
7f19cc000000-7f19cc021000 rw-p 00000000 00:00 0 
7f19cc021000-7f19d0000000 ---p 00000000 00:00 0 
7f19d0000000-7f19d0037000 rw-p 00000000 00:00 0 
7f19d0037000-7f19d4000000 ---p 00000000 00:00 0 
7f19d4000000-7f19d4083000 rw-p 00000000 00:00 0 
7f19d4083000-7f19d8000000 ---p 00000000 00:00 0 
7f19d8000000-7f19d8021000 rw-p 00000000 00:00 0 
7f19d8021000-7f19dc000000 ---p 00000000 00:00 0 
7f19dc000000-7f19dc028000 rw-p 00000000 00:00 0 
7f19dc028000-7f19e0000000 ---p 00000000 00:00 0 
7f19e0000000-7f19e0076000 rw-p 00000000 00:00 0 
7f19e0076000-7f19e4000000 ---p 00000000 00:00 0 
7f19e4000000-7f19e4001000 r--s 00003000 fd:02 3540889                    /home/ike/.m2/repository/org/apache/geronimo/specs/geronimo-jta_1.1_spec/1.1.1/geronimo-jta_1.1_spec-1.1.1.jar
7f19e4001000-7f19e4006000 r--s 0003c000 fd:02 6554776                    /home/ike/.gradle/caches/modules-2/files-2.1/org.springframework/spring-expression/4.3.7.RELEASE/5257b6486e43d8c05674323fea5b415d4da72f38/spring-expression-4.3.7.RELEASE.jar
7f19e4006000-7f19e4009000 r--s 0000c000 fd:02 3671062                    /home/ike/.m2/repository/org/mengyun/tcc-transaction-core/1.1.5/tcc-transaction-core-1.1.5.jar
7f19e4009000-7f19e400b000 r--s 0000b000 fd:02 4331416                    /home/ike/.m2/repository/org/apache/commons/commons-email/1.4/commons-email-1.4.jar
7f19e400b000-7f19e400e000 r--s 00015000 fd:02 3807983                    /home/ike/.m2/repository/javax/servlet/javax.servlet-api/3.1.0/javax.servlet-api-3.1.0.jar
7f19e400e000-7f19e4010000 r--s 0000e000 fd:02 4459297                    /home/ike/.gradle/caches/modules-2/files-2.1/com.fasterxml/classmate/1.3.3/864c8e370a691e343210cc7c532fc198cee460d8/classmate-1.3.3.jar
7f19e4010000-7f19e4022000 r--s 000a7000 fd:02 3670135                    /home/ike/.gradle/caches/modules-2/files-2.1/org.hibernate/hibernate-validator/5.4.0.Final/2076cbd5719e4182a75ab32e7186deb0ca5ac376/hibernate-validator-5.4.0.Final.jar
7f19e4022000-7f19e4051000 r--s 00239000 fd:02 5376285                    /home/ike/.gradle/caches/modules-2/files-2.1/com.google.guava/guava/21.0/3a3d111be1be1b745edfa7d91678a12d7ed38709/guava-21.0.jar
7f19e4051000-7f19e4056000 r--s 00061000 fd:02 3670330                    /home/ike/.gradle/caches/modules-2/files-2.1/com.alibaba/fastjson/1.2.23/be2508e9bac203c38f3f52fc8d33332c4e7ee6c5/fastjson-1.2.23.jar
7f19e4056000-7f19e4058000 r--s 00010000 fd:02 7733449                    /home/ike/.gradle/caches/modules-2/files-2.1/javax.el/javax.el-api/3.0.1-b04/8c0c970b8deae5054ff0bf4b17979c8181a506d3/javax.el-api-3.0.1-b04.jar
7f19e4058000-7f19e405b000 r--s 0001a000 fd:02 7733451                    /home/ike/.gradle/caches/modules-2/files-2.1/org.glassfish.web/javax.el/2.2.6/232abfe1f919127e9cfcd6e4e2c6324bb394535/javax.el-2.2.6.jar
7f19e405b000-7f19e4067000 r--s 0007c000 fd:02 4590155                    /home/ike/.gradle/caches/modules-2/files-2.1/redis.clients/jedis/2.9.0/292bc9cc26553acd3cccc26f2f95620bf88a04c2/jedis-2.9.0.jar
7f19e4067000-7f19e406a000 r--s 00020000 fd:02 6168744                    /home/ike/.gradle/caches/modules-2/files-2.1/org.hibernate/hibernate-ehcache/5.2.4.Final/f70147c655b970ca70e3913f91880da6d264fe68/hibernate-ehcache-5.2.4.Final.jar
7f19e406a000-7f19e407b000 r--s 0009a000 fd:02 6424506                    /home/ike/.gradle/caches/modules-2/files-2.1/org.springframework.data/spring-data-commons/1.12.8.RELEASE/827a994d703ad9916b694d17401d8bf78bd773f9/spring-data-commons-1.12.8.RELEASE.jar
7f19e407b000-7f19e4085000 r--s 0005f000 fd:02 3671148                    /home/ike/.m2/repository/org/springframework/spring-jdbc/4.3.5.RELEASE/spring-jdbc-4.3.5.RELEASE.jar
7f19e4085000-7f19e408c000 r--s 0003e000 fd:02 4587735                    /home/ike/.gradle/caches/modules-2/files-2.1/org.springframework.data/spring-data-jpa/1.10.3.RELEASE/fc31fbdb8ff777d29077ac53a616f11c2c0df59/spring-data-jpa-1.10.3.RELEASE.jar
7f19e408c000-7f19e40a6000 r--s 000fd000 fd:02 6424513                    /home/ike/.gradle/caches/modules-2/files-2.1/org.springframework/spring-context/4.3.7.RELEASE/34b66b0b7910122ef95ba4fff6da9238ef80a5de/spring-context-4.3.7.RELEASE.jar
7f19e40a6000-7f19e40bd000 r--s 001b7000 fd:02 4587733                    /home/ike/.gradle/caches/modules-2/files-2.1/mysql/mysql-connector-java/6.0.5/9d8df5a1f3273110f2a9ad304961bdd03d696d86/mysql-connector-java-6.0.5.jar
7f19e40bd000-7f19e40c1000 r--s 0002f000 fd:02 3670137                    /home/ike/.gradle/caches/modules-2/files-2.1/commons-io/commons-io/2.5/2852e6e05fbb95076fc091f6d1780f1f8fe35e0f/commons-io-2.5.jar
7f19e40c1000-7f19e40c3000 r--s 00009000 fd:02 4460443                    /home/ike/.gradle/caches/modules-2/files-2.1/org.slf4j/slf4j-api/1.7.24/3f6b4bd4f8dbe8d4bea06d107a3826469b85c3e9/slf4j-api-1.7.24.jar
7f19e40c3000-7f19e40d0000 r--s 000b9000 fd:02 6293199                    /home/ike/.gradle/caches/modules-2/files-2.1/org.apache.zookeeper/zookeeper/3.4.9/cbd9135689d6622a411e1e9b0ce880b502be5277/zookeeper-3.4.9.jar
7f19e40d0000-7f19e40d3000 r--s 00010000 fd:02 4587590                    /home/ike/.gradle/caches/modules-2/files-2.1/com.101tec/zkclient/0.10/c54d4b5a5e89af75a80b6d5857400165ce5188d0/zkclient-0.10.jar
7f19e40d3000-7f19e40e5000 r--s 000d6000 fd:02 4721438                    /home/ike/.gradle/caches/modules-2/files-2.1/org.apache.kafka/kafka-clients/0.10.2.0/c20571ff756fcf8f4a7f76fc7b23707a4c14a67d/kafka-clients-0.10.2.0.jar
7f19e40e5000-7f19e4148000 r--s 004f1000 fd:02 4588675                    /home/ike/.gradle/caches/modules-2/files-2.1/org.apache.kafka/kafka_2.10/0.10.2.0/eca9a789b4df7441796636bfb7e0f9210cae8b1e/kafka_2.10-0.10.2.0.jar
7f19e4148000-7f19e416a000 r--s 001e6000 fd:02 4587737                    /home/ike/.gradle/caches/modules-2/files-2.1/com.alibaba/druid/1.0.26/f4bc6159b34e4cda5abd6480203492b470aa1a36/druid-1.0.26.jar
7f19e416a000-7f19e4172000 r--s 0006e000 fd:02 3670118                    /home/ike/.gradle/caches/modules-2/files-2.1/org.apache.commons/commons-lang3/3.5/6c6c702c89bfff3cd9e80b04d668c5e190d588c6/commons-lang3-3.5.jar
7f19e4172000-7f19e4177000 r--s 00017000 fd:02 3148263                    /home/ike/.m2/repository/org/hibernate/javax/persistence/hibernate-jpa-2.1-api/1.0.0.Final/hibernate-jpa-2.1-api-1.0.0.Final.jar
7f19e4177000-7f19e41ef000 r--s 005a9000 fd:02 4459259                    /home/ike/.gradle/caches/modules-2/files-2.1/org.hibernate/hibernate-core/5.2.4.Final/52414fccd4429d8f723996e26c61330df094d06c/hibernate-core-5.2.4.Final.jar
7f19e41ef000-7f19e4202000 r--s 00345000 fd:02 2100473                    /home/ike/soft/jdk1.8/jre/lib/resources.jar
7f19e4202000-7f19e421d000 r--s 00208000 fd:02 2100407                    /home/ike/soft/jdk1.8/jre/lib/deploy.jar
7f19e421d000-7f19e4220000 ---p 00000000 00:00 0 
7f19e4220000-7f19e431e000 rw-p 00000000 00:00 0 
7f19e431e000-7f19e4321000 ---p 00000000 00:00 0 
7f19e4321000-7f19e441f000 rw-p 00000000 00:00 0 
7f19e441f000-7f19e4422000 ---p 00000000 00:00 0 
7f19e4422000-7f19e4520000 rw-p 00000000 00:00 0 
7f19e4520000-7f19e4524000 r-xp 00000000 fd:02 2100248                    /home/ike/soft/jdk1.8/jre/lib/amd64/libdt_socket.so
7f19e4524000-7f19e4723000 ---p 00004000 fd:02 2100248                    /home/ike/soft/jdk1.8/jre/lib/amd64/libdt_socket.so
7f19e4723000-7f19e4724000 rw-p 00003000 fd:02 2100248                    /home/ike/soft/jdk1.8/jre/lib/amd64/libdt_socket.so
7f19e4724000-7f19e4727000 ---p 00000000 00:00 0 
7f19e4727000-7f19e4825000 rw-p 00000000 00:00 0 
7f19e4825000-7f19e4828000 ---p 00000000 00:00 0 
7f19e4828000-7f19e4926000 rw-p 00000000 00:00 0 
7f19e4926000-7f19e4929000 ---p 00000000 00:00 0 
7f19e4929000-7f19e4a27000 rw-p 00000000 00:00 0 
7f19e4a27000-7f19e4a28000 ---p 00000000 00:00 0 
7f19e4a28000-7f19e5936000 rw-p 00000000 00:00 0 
7f19e5936000-7f19e5b0f000 r--s 03d29000 fd:02 2100521                    /home/ike/soft/jdk1.8/jre/lib/rt.jar
7f19e5b0f000-7f19ea467000 rw-p 00000000 00:00 0 
7f19ea467000-7f19ebc77000 rwxp 00000000 00:00 0 
7f19ebc77000-7f19f9467000 ---p 00000000 00:00 0 
7f19f9467000-7f1a00000000 r--p 00000000 fd:00 2885042                    /usr/lib/locale/locale-archive
7f1a00000000-7f1a01d15000 rw-p 00000000 00:00 0 
7f1a01d15000-7f1a04000000 ---p 00000000 00:00 0 
7f1a04000000-7f1a04001000 r--s 00001000 fd:02 3670688                    /home/ike/.m2/repository/org/mengyun/tcc-transaction-api/1.1.5/tcc-transaction-api-1.1.5.jar
7f1a04001000-7f1a04004000 r--s 00012000 fd:02 4985769                    /home/ike/.gradle/caches/modules-2/files-2.1/com.yammer.metrics/metrics-core/2.2.0/f82c035cfa786d3cbec362c38c22a5f5b1bc8724/metrics-core-2.2.0.jar
7f1a04004000-7f1a04017000 r--s 000d6000 fd:02 2100468                    /home/ike/soft/jdk1.8/jre/lib/plugin.jar
7f1a04017000-7f1a0418e000 rw-p 00000000 00:00 0 
7f1a0418e000-7f1a0418f000 ---p 00000000 00:00 0 
7f1a0418f000-7f1a0428f000 rw-p 00000000 00:00 0 
7f1a0428f000-7f1a04290000 ---p 00000000 00:00 0 
7f1a04290000-7f1a04390000 rw-p 00000000 00:00 0 
7f1a04390000-7f1a04391000 ---p 00000000 00:00 0 
7f1a04391000-7f1a04491000 rw-p 00000000 00:00 0 
7f1a04491000-7f1a04492000 ---p 00000000 00:00 0 
7f1a04492000-7f1a045bd000 rw-p 00000000 00:00 0 
7f1a045bd000-7f1a04822000 ---p 00000000 00:00 0 
7f1a04822000-7f1a0484d000 rw-p 00000000 00:00 0 
7f1a0484d000-7f1a04ab2000 ---p 00000000 00:00 0 
7f1a04ab2000-7f1a04be4000 rw-p 00000000 00:00 0 
7f1a04be4000-7f1a04bfa000 ---p 00000000 00:00 0 
7f1a04bfa000-7f1a04c5c000 rw-p 00000000 00:00 0 
7f1a04c5c000-7f1a04fbb000 ---p 00000000 00:00 0 
7f1a04fbb000-7f1a04fd5000 r-xp 00000000 fd:02 2100263                    /home/ike/soft/jdk1.8/jre/lib/amd64/libzip.so
7f1a04fd5000-7f1a051d5000 ---p 0001a000 fd:02 2100263                    /home/ike/soft/jdk1.8/jre/lib/amd64/libzip.so
7f1a051d5000-7f1a051d6000 rw-p 0001a000 fd:02 2100263                    /home/ike/soft/jdk1.8/jre/lib/amd64/libzip.so
7f1a051d6000-7f1a051e0000 r-xp 00000000 fd:00 2891856                    /usr/lib64/libnss_files-2.24.so
7f1a051e0000-7f1a053e0000 ---p 0000a000 fd:00 2891856                    /usr/lib64/libnss_files-2.24.so
7f1a053e0000-7f1a053e1000 r--p 0000a000 fd:00 2891856                    /usr/lib64/libnss_files-2.24.so
7f1a053e1000-7f1a053e2000 rw-p 0000b000 fd:00 2891856                    /usr/lib64/libnss_files-2.24.so
7f1a053e2000-7f1a053e8000 rw-p 00000000 00:00 0 
7f1a053e8000-7f1a053f2000 r-xp 00000000 fd:02 2100232                    /home/ike/soft/jdk1.8/jre/lib/amd64/libinstrument.so
7f1a053f2000-7f1a055f1000 ---p 0000a000 fd:02 2100232                    /home/ike/soft/jdk1.8/jre/lib/amd64/libinstrument.so
7f1a055f1000-7f1a055f2000 rw-p 00009000 fd:02 2100232                    /home/ike/soft/jdk1.8/jre/lib/amd64/libinstrument.so
7f1a055f2000-7f1a055f4000 r-xp 00000000 fd:02 2100241                    /home/ike/soft/jdk1.8/jre/lib/amd64/libnpt.so
7f1a055f4000-7f1a057f4000 ---p 00002000 fd:02 2100241                    /home/ike/soft/jdk1.8/jre/lib/amd64/libnpt.so
7f1a057f4000-7f1a057f5000 rw-p 00002000 fd:02 2100241                    /home/ike/soft/jdk1.8/jre/lib/amd64/libnpt.so
7f1a057f5000-7f1a0582e000 r-xp 00000000 fd:02 2100224                    /home/ike/soft/jdk1.8/jre/lib/amd64/libjdwp.so
7f1a0582e000-7f1a05a2d000 ---p 00039000 fd:02 2100224                    /home/ike/soft/jdk1.8/jre/lib/amd64/libjdwp.so
7f1a05a2d000-7f1a05a2f000 rw-p 00038000 fd:02 2100224                    /home/ike/soft/jdk1.8/jre/lib/amd64/libjdwp.so
7f1a05a2f000-7f1a05a59000 r-xp 00000000 fd:02 2100286                    /home/ike/soft/jdk1.8/jre/lib/amd64/libjava.so
7f1a05a59000-7f1a05c59000 ---p 0002a000 fd:02 2100286                    /home/ike/soft/jdk1.8/jre/lib/amd64/libjava.so
7f1a05c59000-7f1a05c5b000 rw-p 0002a000 fd:02 2100286                    /home/ike/soft/jdk1.8/jre/lib/amd64/libjava.so
7f1a05c5b000-7f1a05c68000 r-xp 00000000 fd:02 2100257                    /home/ike/soft/jdk1.8/jre/lib/amd64/libverify.so
7f1a05c68000-7f1a05e68000 ---p 0000d000 fd:02 2100257                    /home/ike/soft/jdk1.8/jre/lib/amd64/libverify.so
7f1a05e68000-7f1a05e6a000 rw-p 0000d000 fd:02 2100257                    /home/ike/soft/jdk1.8/jre/lib/amd64/libverify.so
7f1a05e6a000-7f1a05e71000 r-xp 00000000 fd:00 2891975                    /usr/lib64/librt-2.24.so
7f1a05e71000-7f1a06070000 ---p 00007000 fd:00 2891975                    /usr/lib64/librt-2.24.so
7f1a06070000-7f1a06071000 r--p 00006000 fd:00 2891975                    /usr/lib64/librt-2.24.so
7f1a06071000-7f1a06072000 rw-p 00007000 fd:00 2891975                    /usr/lib64/librt-2.24.so
7f1a06072000-7f1a0617a000 r-xp 00000000 fd:00 2891438                    /usr/lib64/libm-2.24.so
7f1a0617a000-7f1a06379000 ---p 00108000 fd:00 2891438                    /usr/lib64/libm-2.24.so
7f1a06379000-7f1a0637a000 r--p 00107000 fd:00 2891438                    /usr/lib64/libm-2.24.so
7f1a0637a000-7f1a0637b000 rw-p 00108000 fd:00 2891438                    /usr/lib64/libm-2.24.so
7f1a0637b000-7f1a07046000 r-xp 00000000 fd:02 2100238                    /home/ike/soft/jdk1.8/jre/lib/amd64/server/libjvm.so
7f1a07046000-7f1a07245000 ---p 00ccb000 fd:02 2100238                    /home/ike/soft/jdk1.8/jre/lib/amd64/server/libjvm.so
7f1a07245000-7f1a0731e000 rw-p 00cca000 fd:02 2100238                    /home/ike/soft/jdk1.8/jre/lib/amd64/server/libjvm.so
7f1a0731e000-7f1a07369000 rw-p 00000000 00:00 0 
7f1a07369000-7f1a07526000 r-xp 00000000 fd:00 2891285                    /usr/lib64/libc-2.24.so
7f1a07526000-7f1a07725000 ---p 001bd000 fd:00 2891285                    /usr/lib64/libc-2.24.so
7f1a07725000-7f1a07729000 r--p 001bc000 fd:00 2891285                    /usr/lib64/libc-2.24.so
7f1a07729000-7f1a0772b000 rw-p 001c0000 fd:00 2891285                    /usr/lib64/libc-2.24.so
7f1a0772b000-7f1a0772f000 rw-p 00000000 00:00 0 
7f1a0772f000-7f1a07732000 r-xp 00000000 fd:00 2891382                    /usr/lib64/libdl-2.24.so
7f1a07732000-7f1a07931000 ---p 00003000 fd:00 2891382                    /usr/lib64/libdl-2.24.so
7f1a07931000-7f1a07932000 r--p 00002000 fd:00 2891382                    /usr/lib64/libdl-2.24.so
7f1a07932000-7f1a07933000 rw-p 00003000 fd:00 2891382                    /usr/lib64/libdl-2.24.so
7f1a07933000-7f1a07948000 r-xp 00000000 fd:02 2098935                    /home/ike/soft/jdk1.8/lib/amd64/jli/libjli.so
7f1a07948000-7f1a07b48000 ---p 00015000 fd:02 2098935                    /home/ike/soft/jdk1.8/lib/amd64/jli/libjli.so
7f1a07b48000-7f1a07b49000 rw-p 00015000 fd:02 2098935                    /home/ike/soft/jdk1.8/lib/amd64/jli/libjli.so
7f1a07b49000-7f1a07b61000 r-xp 00000000 fd:00 2891857                    /usr/lib64/libpthread-2.24.so
7f1a07b61000-7f1a07d61000 ---p 00018000 fd:00 2891857                    /usr/lib64/libpthread-2.24.so
7f1a07d61000-7f1a07d62000 r--p 00018000 fd:00 2891857                    /usr/lib64/libpthread-2.24.so
7f1a07d62000-7f1a07d63000 rw-p 00019000 fd:00 2891857                    /usr/lib64/libpthread-2.24.so
7f1a07d63000-7f1a07d67000 rw-p 00000000 00:00 0 
7f1a07d67000-7f1a07d8c000 r-xp 00000000 fd:00 2894298                    /usr/lib64/ld-2.24.so
7f1a07d8c000-7f1a07d8d000 r--s 00002000 fd:02 3671205                    /home/ike/.m2/repository/org/mengyun/tcc-transaction-spring/1.1.5/tcc-transaction-spring-1.1.5.jar
7f1a07d8d000-7f1a07d91000 r--s 00097000 fd:02 2100406                    /home/ike/soft/jdk1.8/jre/lib/jsse.jar
7f1a07d91000-7f1a07d96000 r--s 00084000 fd:02 2100412                    /home/ike/soft/jdk1.8/jre/lib/jfr.jar
7f1a07d96000-7f1a07da0000 r--s 0006c000 fd:02 2100376                    /home/ike/soft/jdk1.8/jre/lib/javaws.jar
7f1a07da0000-7f1a07e71000 rw-p 00000000 00:00 0 
7f1a07e71000-7f1a07e74000 ---p 00000000 00:00 0 
7f1a07e74000-7f1a07f74000 rw-p 00000000 00:00 0 
7f1a07f74000-7f1a07f75000 r--s 00000000 fd:02 4459257                    /home/ike/.gradle/caches/modules-2/files-2.1/org.hibernate/hibernate-entitymanager/5.2.4.Final/b5f9506bbff26ce5c75f16e568fa43d148d0f1d1/hibernate-entitymanager-5.2.4.Final.jar
7f1a07f75000-7f1a07f76000 r--s 00000000 fd:02 2100401                    /home/ike/soft/jdk1.8/jre/lib/management-agent.jar
7f1a07f76000-7f1a07f78000 r--s 00007000 fd:02 2100375                    /home/ike/soft/jdk1.8/jre/lib/jfxswt.jar
7f1a07f78000-7f1a07f7b000 r--s 0001a000 fd:02 2100204                    /home/ike/soft/jdk1.8/jre/lib/jce.jar
7f1a07f7b000-7f1a07f80000 r--s 002f9000 fd:02 2100432                    /home/ike/soft/jdk1.8/jre/lib/charsets.jar
7f1a07f80000-7f1a07f88000 rw-s 00000000 00:29 433782                     /tmp/hsperfdata_ike/22147
7f1a07f88000-7f1a07f89000 rw-p 00000000 00:00 0 
7f1a07f89000-7f1a07f8a000 r--p 00000000 00:00 0 
7f1a07f8a000-7f1a07f8c000 rw-p 00000000 00:00 0 
7f1a07f8c000-7f1a07f8d000 r--p 00025000 fd:00 2894298                    /usr/lib64/ld-2.24.so
7f1a07f8d000-7f1a07f8e000 rw-p 00026000 fd:00 2894298                    /usr/lib64/ld-2.24.so
7f1a07f8e000-7f1a07f8f000 rw-p 00000000 00:00 0 
7ffe3fe6f000-7ffe3fe93000 rw-p 00000000 00:00 0                          [stack]
7ffe3ffc3000-7ffe3ffc5000 r--p 00000000 00:00 0                          [vvar]
7ffe3ffc5000-7ffe3ffc7000 r-xp 00000000 00:00 0                          [vdso]
ffffffffff600000-ffffffffff601000 r-xp 00000000 00:00 0                  [vsyscall]

VM Arguments:
jvm_args: -agentlib:jdwp=transport=dt_socket,address=127.0.0.1:37107,suspend=y,server=n -javaagent:/home/ike/soft/idea-IU-171.4424.56/plugins/Groovy/lib/agent/gragent.jar -Dfile.encoding=UTF-8 
java_command: com.bjike.goddess.secure.Application
java_class_path (initial): /home/ike/soft/jdk1.8/jre/lib/charsets.jar:/home/ike/soft/jdk1.8/jre/lib/deploy.jar:/home/ike/soft/jdk1.8/jre/lib/ext/cldrdata.jar:/home/ike/soft/jdk1.8/jre/lib/ext/dnsns.jar:/home/ike/soft/jdk1.8/jre/lib/ext/jaccess.jar:/home/ike/soft/jdk1.8/jre/lib/ext/jfxrt.jar:/home/ike/soft/jdk1.8/jre/lib/ext/localedata.jar:/home/ike/soft/jdk1.8/jre/lib/ext/nashorn.jar:/home/ike/soft/jdk1.8/jre/lib/ext/sunec.jar:/home/ike/soft/jdk1.8/jre/lib/ext/sunjce_provider.jar:/home/ike/soft/jdk1.8/jre/lib/ext/sunpkcs11.jar:/home/ike/soft/jdk1.8/jre/lib/ext/zipfs.jar:/home/ike/soft/jdk1.8/jre/lib/javaws.jar:/home/ike/soft/jdk1.8/jre/lib/jce.jar:/home/ike/soft/jdk1.8/jre/lib/jfr.jar:/home/ike/soft/jdk1.8/jre/lib/jfxswt.jar:/home/ike/soft/jdk1.8/jre/lib/jsse.jar:/home/ike/soft/jdk1.8/jre/lib/management-agent.jar:/home/ike/soft/jdk1.8/jre/lib/plugin.jar:/home/ike/soft/jdk1.8/jre/lib/resources.jar:/home/ike/soft/jdk1.8/jre/lib/rt.jar:/home/ike/code/goddess-java/modules/secure/secure-provider/build/classes/java/main:/home/ike/code/goddess-java/modules/secure/secure-provider/build/resources/main:/home/ike/code/goddess-java/common/common-jpa/build/classes/java/main:/home/ike/code/goddess-java/common/common-provider/build/classes/java/main:/home/ike/code/goddess-java/common/common-provider/build/resources/main:/home/ike/code/goddess-java/modules/secure/secure-api/build/classes/java/main:/home/ike/code/goddess-java/modules/dimission/dimission-api/build/classes/java/main:/home/ike/code/goddess-java/modules/archive/archive-api/build/classes/java/main:/home/ike/code/goddess-java/modules/regularization/regularization-api/build/classes/java/main:/home/ike/code/goddess-java/modules/staffentry/staffentry-api/build/classes/java/main:/home/ike/code/goddess-java/modules/contacts/contacts-api/build/classes/java/main:/home/ike/code/goddess-java/modules/customer/customer-api/build/classes/java/main:/home/ike/code/goddess-java/modules/message/message-api/build/classes/java/main:/home
Launcher Type: SUN_STANDARD

Environment Variables:
JAVA_HOME=/home/ike/soft/jdk1.8
PATH=/home/ike/soft/gradle/bin:/home/ike/soft/maven3.3.9/bin:/home/ike/soft/jdk1.8/bin:/home/ike/soft/jdk1.8/bin:/home/ike/soft/gradle-4.1/bin:/home/ike/soft/maven3.3.9/bin:/usr/lib64/qt-3.3/bin:/usr/local/bin:/usr/local/sbin:/usr/bin:/usr/sbin:/home/ike/.local/bin:/home/ike/bin
USERNAME=ike
LD_LIBRARY_PATH=/home/ike/soft/idea-IU-171.4424.56/bin:
SHELL=/bin/bash
DISPLAY=:0

Signal Handlers:
SIGSEGV: [libjvm.so+0xac4790], sa_mask[0]=11111111011111111101111111111110, sa_flags=SA_RESTART|SA_SIGINFO
SIGBUS: [libjvm.so+0xac4790], sa_mask[0]=11111111011111111101111111111110, sa_flags=SA_RESTART|SA_SIGINFO
SIGFPE: [libjvm.so+0x91f140], sa_mask[0]=11111111011111111101111111111110, sa_flags=SA_RESTART|SA_SIGINFO
SIGPIPE: [libjvm.so+0x91f140], sa_mask[0]=11111111011111111101111111111110, sa_flags=SA_RESTART|SA_SIGINFO
SIGXFSZ: [libjvm.so+0x91f140], sa_mask[0]=11111111011111111101111111111110, sa_flags=SA_RESTART|SA_SIGINFO
SIGILL: [libjvm.so+0x91f140], sa_mask[0]=11111111011111111101111111111110, sa_flags=SA_RESTART|SA_SIGINFO
SIGUSR1: SIG_DFL, sa_mask[0]=00000000000000000000000000000000, sa_flags=none
SIGUSR2: [libjvm.so+0x920770], sa_mask[0]=00100000000000000000000000000000, sa_flags=SA_RESTART|SA_SIGINFO
SIGHUP: [libjvm.so+0x921b70], sa_mask[0]=11111111011111111101111111111110, sa_flags=SA_RESTART|SA_SIGINFO
SIGINT: [libjvm.so+0x921b70], sa_mask[0]=11111111011111111101111111111110, sa_flags=SA_RESTART|SA_SIGINFO
SIGTERM: [libjvm.so+0x921b70], sa_mask[0]=11111111011111111101111111111110, sa_flags=SA_RESTART|SA_SIGINFO
SIGQUIT: [libjvm.so+0x921b70], sa_mask[0]=11111111011111111101111111111110, sa_flags=SA_RESTART|SA_SIGINFO


---------------  S Y S T E M  ---------------

OS:Fedora release 25 (Twenty Five)

uname:Linux 4.8.6-300.fc25.x86_64 #1 SMP Tue Nov 1 12:36:38 UTC 2016 x86_64
libc:glibc 2.24 NPTL 2.24 
rlimit: STACK 8192k, CORE 0k, NPROC 31367, NOFILE 4096, AS infinity
load average:0.90 0.59 0.68

/proc/meminfo:
MemTotal:        8053804 kB
MemFree:          136708 kB
MemAvailable:     301780 kB
Buffers:           52592 kB
Cached:           720608 kB
SwapCached:        42172 kB
Active:          6406840 kB
Inactive:        1085612 kB
Active(anon):    6225320 kB
Inactive(anon):   928640 kB
Active(file):     181520 kB
Inactive(file):   156972 kB
Unevictable:          72 kB
Mlocked:              72 kB
SwapTotal:       8187900 kB
SwapFree:        3542708 kB
Dirty:             12288 kB
Writeback:             0 kB
AnonPages:       6710596 kB
Mapped:           515928 kB
Shmem:            434684 kB
Slab:             222404 kB
SReclaimable:      94724 kB
SUnreclaim:       127680 kB
KernelStack:       33504 kB
PageTables:        90936 kB
NFS_Unstable:          0 kB
Bounce:                0 kB
WritebackTmp:          0 kB
CommitLimit:    12214800 kB
Committed_AS:   20690056 kB
VmallocTotal:   34359738367 kB
VmallocUsed:           0 kB
VmallocChunk:          0 kB
HardwareCorrupted:     0 kB
AnonHugePages:         0 kB
ShmemHugePages:        0 kB
ShmemPmdMapped:        0 kB
CmaTotal:              0 kB
CmaFree:               0 kB
HugePages_Total:       0
HugePages_Free:        0
HugePages_Rsvd:        0
HugePages_Surp:        0
Hugepagesize:       2048 kB
DirectMap4k:      259236 kB
DirectMap2M:     8007680 kB
DirectMap1G:           0 kB


CPU:total 4 (4 cores per cpu, 1 threads per core) family 6 model 94 stepping 3, cmov, cx8, fxsr, mmx, sse, sse2, sse3, ssse3, sse4.1, sse4.2, popcnt, avx, avx2, aes, clmul, erms, rtm, 3dnowpref, lzcnt, tsc, tscinvbit, bmi1, bmi2, adx

/proc/cpuinfo:
processor	: 0
vendor_id	: GenuineIntel
cpu family	: 6
model		: 94
model name	: Intel(R) Core(TM) i5-6500 CPU @ 3.20GHz
stepping	: 3
microcode	: 0x9e
cpu MHz		: 1764.062
cache size	: 6144 KB
physical id	: 0
siblings	: 4
core id		: 0
cpu cores	: 4
apicid		: 0
initial apicid	: 0
fpu		: yes
fpu_exception	: yes
cpuid level	: 22
wp		: yes
flags		: fpu vme de pse tsc msr pae mce cx8 apic sep mtrr pge mca cmov pat pse36 clflush dts acpi mmx fxsr sse sse2 ss ht tm pbe syscall nx pdpe1gb rdtscp lm constant_tsc art arch_perfmon pebs bts rep_good nopl xtopology nonstop_tsc aperfmperf eagerfpu pni pclmulqdq dtes64 monitor ds_cpl vmx smx est tm2 ssse3 sdbg fma cx16 xtpr pdcm pcid sse4_1 sse4_2 x2apic movbe popcnt tsc_deadline_timer aes xsave avx f16c rdrand lahf_lm abm 3dnowprefetch intel_pt tpr_shadow vnmi flexpriority ept vpid fsgsbase tsc_adjust bmi1 hle avx2 smep bmi2 erms invpcid rtm mpx rdseed adx smap clflushopt xsaveopt xsavec xgetbv1 xsaves dtherm ida arat pln pts hwp hwp_notify hwp_act_window hwp_epp
bugs		:
bogomips	: 6384.00
clflush size	: 64
cache_alignment	: 64
address sizes	: 39 bits physical, 48 bits virtual
power management:

processor	: 1
vendor_id	: GenuineIntel
cpu family	: 6
model		: 94
model name	: Intel(R) Core(TM) i5-6500 CPU @ 3.20GHz
stepping	: 3
microcode	: 0x9e
cpu MHz		: 2671.875
cache size	: 6144 KB
physical id	: 0
siblings	: 4
core id		: 1
cpu cores	: 4
apicid		: 2
initial apicid	: 2
fpu		: yes
fpu_exception	: yes
cpuid level	: 22
wp		: yes
flags		: fpu vme de pse tsc msr pae mce cx8 apic sep mtrr pge mca cmov pat pse36 clflush dts acpi mmx fxsr sse sse2 ss ht tm pbe syscall nx pdpe1gb rdtscp lm constant_tsc art arch_perfmon pebs bts rep_good nopl xtopology nonstop_tsc aperfmperf eagerfpu pni pclmulqdq dtes64 monitor ds_cpl vmx smx est tm2 ssse3 sdbg fma cx16 xtpr pdcm pcid sse4_1 sse4_2 x2apic movbe popcnt tsc_deadline_timer aes xsave avx f16c rdrand lahf_lm abm 3dnowprefetch intel_pt tpr_shadow vnmi flexpriority ept vpid fsgsbase tsc_adjust bmi1 hle avx2 smep bmi2 erms invpcid rtm mpx rdseed adx smap clflushopt xsaveopt xsavec xgetbv1 xsaves dtherm ida arat pln pts hwp hwp_notify hwp_act_window hwp_epp
bugs		:
bogomips	: 6387.62
clflush size	: 64
cache_alignment	: 64
address sizes	: 39 bits physical, 48 bits virtual
power management:

processor	: 2
vendor_id	: GenuineIntel
cpu family	: 6
model		: 94
model name	: Intel(R) Core(TM) i5-6500 CPU @ 3.20GHz
stepping	: 3
microcode	: 0x9e
cpu MHz		: 2687.500
cache size	: 6144 KB
physical id	: 0
siblings	: 4
core id		: 2
cpu cores	: 4
apicid		: 4
initial apicid	: 4
fpu		: yes
fpu_exception	: yes
cpuid level	: 22
wp		: yes
flags		: fpu vme de pse tsc msr pae mce cx8 apic sep mtrr pge mca cmov pat pse36 clflush dts acpi mmx fxsr sse sse2 ss ht tm pbe syscall nx pdpe1gb rdtscp lm constant_tsc art arch_perfmon pebs bts rep_good nopl xtopology nonstop_tsc aperfmperf eagerfpu pni pclmulqdq dtes64 monitor ds_cpl vmx smx est tm2 ssse3 sdbg fma cx16 xtpr pdcm pcid sse4_1 sse4_2 x2apic movbe popcnt tsc_deadline_timer aes xsave avx f16c rdrand lahf_lm abm 3dnowprefetch intel_pt tpr_shadow vnmi flexpriority ept vpid fsgsbase tsc_adjust bmi1 hle avx2 smep bmi2 erms invpcid rtm mpx rdseed adx smap clflushopt xsaveopt xsavec xgetbv1 xsaves dtherm ida arat pln pts hwp hwp_notify hwp_act_window hwp_epp
bugs		:
bogomips	: 6387.59
clflush size	: 64
cache_alignment	: 64
address sizes	: 39 bits physical, 48 bits virtual
power management:

processor	: 3
vendor_id	: GenuineIntel
cpu family	: 6
model		: 94
model name	: Intel(R) Core(TM) i5-6500 CPU @ 3.20GHz
stepping	: 3
microcode	: 0x9e
cpu MHz		: 2592.968
cache size	: 6144 KB
physical id	: 0
siblings	: 4
core id		: 3
cpu cores	: 4
apicid		: 6
initial apicid	: 6
fpu		: yes
fpu_exception	: yes
cpuid level	: 22
wp		: yes
flags		: fpu vme de pse tsc msr pae mce cx8 apic sep mtrr pge mca cmov pat pse36 clflush dts acpi mmx fxsr sse sse2 ss ht tm pbe syscall nx pdpe1gb rdtscp lm constant_tsc art arch_perfmon pebs bts rep_good nopl xtopology nonstop_tsc aperfmperf eagerfpu pni pclmulqdq dtes64 monitor ds_cpl vmx smx est tm2 ssse3 sdbg fma cx16 xtpr pdcm pcid sse4_1 sse4_2 x2apic movbe popcnt tsc_deadline_timer aes xsave avx f16c rdrand lahf_lm abm 3dnowprefetch intel_pt tpr_shadow vnmi flexpriority ept vpid fsgsbase tsc_adjust bmi1 hle avx2 smep bmi2 erms invpcid rtm mpx rdseed adx smap clflushopt xsaveopt xsavec xgetbv1 xsaves dtherm ida arat pln pts hwp hwp_notify hwp_act_window hwp_epp
bugs		:
bogomips	: 6387.65
clflush size	: 64
cache_alignment	: 64
address sizes	: 39 bits physical, 48 bits virtual
power management:



Memory: 4k page, physical 8053804k(136708k free), swap 8187900k(3542708k free)

vm_info: Java HotSpot(TM) 64-Bit Server VM (25.101-b13) for linux-amd64 JRE (1.8.0_101-b13), built on Jun 22 2016 02:59:44 by "java_re" with gcc 4.3.0 20080428 (Red Hat 4.3.0-8)

time: Tue Sep 26 16:53:50 2017
elapsed time: 4418 seconds (0d 1h 13m 38s)

