#
# There is insufficient memory for the Java Runtime Environment to continue.
# Native memory allocation (mmap) failed to map 139460608 bytes for committing reserved memory.
# Possible reasons:
#   The system is out of physical RAM or swap space
#   In 32 bit mode, the process size limit was hit
# Possible solutions:
#   Reduce memory load on the system
#   Increase physical memory or swap space
#   Check if swap backing store is full
#   Use 64 bit Java on a 64 bit OS
#   Decrease Java heap size (-Xmx/-Xms)
#   Decrease number of Java threads
#   Decrease Java thread stack sizes (-Xss)
#   Set larger code cache with -XX:ReservedCodeCacheSize=
# This output file may be truncated or incomplete.
#
#  Out of Memory Error (os_linux.cpp:2627), pid=31746, tid=0x00007f5e47dfd700
#
# JRE version: Java(TM) SE Runtime Environment (8.0_101-b13) (build 1.8.0_101-b13)
# Java VM: Java HotSpot(TM) 64-Bit Server VM (25.101-b13 mixed mode linux-amd64 compressed oops)
# Failed to write core dump. Core dumps have been disabled. To enable core dumping, try "ulimit -c unlimited" before starting Java again
#

---------------  T H R E A D  ---------------

Current thread (0x00007f5e74146000):  VMThread [stack: 0x00007f5e47cfd000,0x00007f5e47dfe000] [id=31757]

Stack: [0x00007f5e47cfd000,0x00007f5e47dfe000],  sp=0x00007f5e47dfc020,  free space=1020k
Native frames: (J=compiled Java code, j=interpreted, Vv=VM code, C=native code)
V  [libjvm.so+0xac3f0a]  VMError::report_and_die()+0x2ba
V  [libjvm.so+0x4fbf9b]  report_vm_out_of_memory(char const*, int, unsigned long, VMErrorType, char const*)+0x8b
V  [libjvm.so+0x9222d3]  os::Linux::commit_memory_impl(char*, unsigned long, bool)+0x103
V  [libjvm.so+0x922829]  os::pd_commit_memory(char*, unsigned long, unsigned long, bool)+0x29
V  [libjvm.so+0x91cb2a]  os::commit_memory(char*, unsigned long, unsigned long, bool)+0x2a
V  [libjvm.so+0x991053]  PSVirtualSpace::expand_by(unsigned long)+0x53
V  [libjvm.so+0x992458]  PSYoungGen::resize_generation(unsigned long, unsigned long)+0xf8
V  [libjvm.so+0x9915b2]  PSYoungGen::resize(unsigned long, unsigned long)+0x22
V  [libjvm.so+0x98e88b]  PSScavenge::invoke_no_policy()+0xf3b
V  [libjvm.so+0x98f011]  PSScavenge::invoke()+0x41
V  [libjvm.so+0x945fc0]  ParallelScavengeHeap::failed_mem_allocate(unsigned long)+0x70
V  [libjvm.so+0xac5927]  VM_ParallelGCFailedAllocation::doit()+0x97
V  [libjvm.so+0xacd405]  VM_Operation::evaluate()+0x55
V  [libjvm.so+0xacb7da]  VMThread::evaluate_operation(VM_Operation*)+0xba
V  [libjvm.so+0xacbb5e]  VMThread::loop()+0x1ce
V  [libjvm.so+0xacbfd0]  VMThread::run()+0x70
V  [libjvm.so+0x924698]  java_start(Thread*)+0x108

VM_Operation (0x00007f5e7b3345c0): ParallelGCFailedAllocation, mode: safepoint, requested by thread 0x00007f5e74010000


---------------  P R O C E S S  ---------------

Java Threads: ( => current thread )
  0x00007f5e745c1800 JavaThread "Service Thread" daemon [_thread_blocked, id=31777, stack(0x00007f5e46cf8000,0x00007f5e46df9000)]
  0x00007f5e745b6000 JavaThread "C1 CompilerThread2" daemon [_thread_blocked, id=31776, stack(0x00007f5e46df9000,0x00007f5e46efa000)]
  0x00007f5e745b3800 JavaThread "C2 CompilerThread1" daemon [_thread_blocked, id=31775, stack(0x00007f5e46efa000,0x00007f5e46ffb000)]
  0x00007f5e745b1800 JavaThread "C2 CompilerThread0" daemon [_thread_in_native, id=31774, stack(0x00007f5e46ffb000,0x00007f5e470fc000)]
  0x00007f5e34001000 JavaThread "JDWP Command Reader" daemon [_thread_in_native, id=31773, stack(0x00007f5e474f3000,0x00007f5e475f4000)]
  0x00007f5e74196000 JavaThread "JDWP Event Helper Thread" daemon [_thread_blocked, id=31771, stack(0x00007f5e475f4000,0x00007f5e476f5000)]
  0x00007f5e74192800 JavaThread "JDWP Transport Listener: dt_socket" daemon [_thread_blocked, id=31769, stack(0x00007f5e476f5000,0x00007f5e477f6000)]
  0x00007f5e74184000 JavaThread "Signal Dispatcher" daemon [_thread_blocked, id=31768, stack(0x00007f5e479fa000,0x00007f5e47afb000)]
  0x00007f5e74152000 JavaThread "Finalizer" daemon [_thread_blocked, id=31760, stack(0x00007f5e47afb000,0x00007f5e47bfc000)]
  0x00007f5e7414d800 JavaThread "Reference Handler" daemon [_thread_blocked, id=31759, stack(0x00007f5e47bfc000,0x00007f5e47cfd000)]
  0x00007f5e74010000 JavaThread "main" [_thread_blocked, id=31747, stack(0x00007f5e7b237000,0x00007f5e7b338000)]

Other Threads:
=>0x00007f5e74146000 VMThread [stack: 0x00007f5e47cfd000,0x00007f5e47dfe000] [id=31757]
  0x00007f5e745c7000 WatcherThread [stack: 0x00007f5e46bf7000,0x00007f5e46cf8000] [id=31778]

VM state:at safepoint (normal execution)

VM Mutex/Monitor currently owned by a thread:  ([mutex/lock_event])
[0x00007f5e7400e4a0] Threads_lock - owner thread: 0x00007f5e74146000
[0x00007f5e7400e9a0] Heap_lock - owner thread: 0x00007f5e74010000

Heap:
 PSYoungGen      total 133632K, used 8183K [0x00000000d7000000, 0x00000000dfc00000, 0x0000000100000000)
  eden space 125440K, 0% used [0x00000000d7000000,0x00000000d7000000,0x00000000dea80000)
  from space 8192K, 99% used [0x00000000dea80000,0x00000000df27dd10,0x00000000df280000)
  to   space 6656K, 0% used [0x00000000df280000,0x00000000df280000,0x00000000df900000)
 ParOldGen       total 84992K, used 12390K [0x0000000085000000, 0x000000008a300000, 0x00000000d7000000)
  object space 84992K, 14% used [0x0000000085000000,0x0000000085c19970,0x000000008a300000)
 Metaspace       used 18487K, capacity 18696K, committed 18944K, reserved 1067008K
  class space    used 2118K, capacity 2182K, committed 2304K, reserved 1048576K

Card table byte_map: [0x00007f5e5dcce000,0x00007f5e5e0a7000] byte_map_base: 0x00007f5e5d8a6000

Marking Bits: (ParMarkBitMap*) 0x00007f5e7a702120
 Begin Bits: [0x00007f5e54280000, 0x00007f5e56140000)
 End Bits:   [0x00007f5e56140000, 0x00007f5e58000000)

Polling page: 0x00007f5e7b34f000

CodeCache: size=245760Kb used=9887Kb max_used=9887Kb free=235872Kb
 bounds [0x00007f5e5e467000, 0x00007f5e5ee17000, 0x00007f5e6d467000]
 total_blobs=2758 nmethods=2427 adapters=252
 compilation: enabled

Compilation events (10 events):
Event: 5.874 Thread 0x00007f5e745b6000 2440       3       java.io.DataInputStream::readLong (128 bytes)
Event: 5.874 Thread 0x00007f5e745b6000 nmethod 2440 0x00007f5e5ee11390 code [0x00007f5e5ee11520, 0x00007f5e5ee118c8]
Event: 5.876 Thread 0x00007f5e745b6000 2441       3       org.aspectj.apache.bcel.classfile.JavaClass::getMethod (67 bytes)
Event: 5.876 Thread 0x00007f5e745b6000 nmethod 2441 0x00007f5e5ee10750 code [0x00007f5e5ee10920, 0x00007f5e5ee110e8]
Event: 5.880 Thread 0x00007f5e745b6000 2442       3       org.aspectj.weaver.Iterators::array (9 bytes)
Event: 5.881 Thread 0x00007f5e745b6000 nmethod 2442 0x00007f5e5ee101d0 code [0x00007f5e5ee10340, 0x00007f5e5ee10610]
Event: 5.881 Thread 0x00007f5e745b6000 2443       3       org.aspectj.weaver.Iterators$2::<init> (35 bytes)
Event: 5.881 Thread 0x00007f5e745b6000 nmethod 2443 0x00007f5e5ee0fd50 code [0x00007f5e5ee0fec0, 0x00007f5e5ee100f0]
Event: 5.881 Thread 0x00007f5e745b6000 2444       3       org.aspectj.apache.bcel.classfile.ClassParser::readFields (65 bytes)
Event: 5.882 Thread 0x00007f5e745b6000 nmethod 2444 0x00007f5e5ee15c10 code [0x00007f5e5ee15e00, 0x00007f5e5ee167b8]

GC Heap History (10 events):
Event: 1.143 GC heap after
Heap after GC invocations=2 (full 0):
 PSYoungGen      total 36864K, used 3070K [0x00000000d7000000, 0x00000000db800000, 0x0000000100000000)
  eden space 31744K, 0% used [0x00000000d7000000,0x00000000d7000000,0x00000000d8f00000)
  from space 5120K, 59% used [0x00000000d9400000,0x00000000d96ff858,0x00000000d9900000)
  to   space 5120K, 0% used [0x00000000d8f00000,0x00000000d8f00000,0x00000000d9400000)
 ParOldGen       total 84992K, used 8K [0x0000000085000000, 0x000000008a300000, 0x00000000d7000000)
  object space 84992K, 0% used [0x0000000085000000,0x0000000085002000,0x000000008a300000)
 Metaspace       used 7607K, capacity 7694K, committed 7936K, reserved 1056768K
  class space    used 897K, capacity 918K, committed 1024K, reserved 1048576K
}
Event: 1.737 GC heap before
{Heap before GC invocations=3 (full 0):
 PSYoungGen      total 36864K, used 34814K [0x00000000d7000000, 0x00000000db800000, 0x0000000100000000)
  eden space 31744K, 100% used [0x00000000d7000000,0x00000000d8f00000,0x00000000d8f00000)
  from space 5120K, 59% used [0x00000000d9400000,0x00000000d96ff858,0x00000000d9900000)
  to   space 5120K, 0% used [0x00000000d8f00000,0x00000000d8f00000,0x00000000d9400000)
 ParOldGen       total 84992K, used 8K [0x0000000085000000, 0x000000008a300000, 0x00000000d7000000)
  object space 84992K, 0% used [0x0000000085000000,0x0000000085002000,0x000000008a300000)
 Metaspace       used 11271K, capacity 11374K, committed 11648K, reserved 1058816K
  class space    used 1286K, capacity 1334K, committed 1408K, reserved 1048576K
Event: 1.762 GC heap after
Heap after GC invocations=3 (full 0):
 PSYoungGen      total 36864K, used 4277K [0x00000000d7000000, 0x00000000db800000, 0x0000000100000000)
  eden space 31744K, 0% used [0x00000000d7000000,0x00000000d7000000,0x00000000d8f00000)
  from space 5120K, 83% used [0x00000000d8f00000,0x00000000d932d648,0x00000000d9400000)
  to   space 5120K, 0% used [0x00000000db300000,0x00000000db300000,0x00000000db800000)
 ParOldGen       total 84992K, used 16K [0x0000000085000000, 0x000000008a300000, 0x00000000d7000000)
  object space 84992K, 0% used [0x0000000085000000,0x0000000085004000,0x000000008a300000)
 Metaspace       used 11271K, capacity 11374K, committed 11648K, reserved 1058816K
  class space    used 1286K, capacity 1334K, committed 1408K, reserved 1048576K
}
Event: 2.211 GC heap before
{Heap before GC invocations=4 (full 0):
 PSYoungGen      total 36864K, used 36021K [0x00000000d7000000, 0x00000000db800000, 0x0000000100000000)
  eden space 31744K, 100% used [0x00000000d7000000,0x00000000d8f00000,0x00000000d8f00000)
  from space 5120K, 83% used [0x00000000d8f00000,0x00000000d932d648,0x00000000d9400000)
  to   space 5120K, 0% used [0x00000000db300000,0x00000000db300000,0x00000000db800000)
 ParOldGen       total 84992K, used 16K [0x0000000085000000, 0x000000008a300000, 0x00000000d7000000)
  object space 84992K, 0% used [0x0000000085000000,0x0000000085004000,0x000000008a300000)
 Metaspace       used 12156K, capacity 12384K, committed 12544K, reserved 1060864K
  class space    used 1372K, capacity 1434K, committed 1536K, reserved 1048576K
Event: 2.232 GC heap after
Heap after GC invocations=4 (full 0):
 PSYoungGen      total 68608K, used 4085K [0x00000000d7000000, 0x00000000db800000, 0x0000000100000000)
  eden space 63488K, 0% used [0x00000000d7000000,0x00000000d7000000,0x00000000dae00000)
  from space 5120K, 79% used [0x00000000db300000,0x00000000db6fd470,0x00000000db800000)
  to   space 5120K, 0% used [0x00000000dae00000,0x00000000dae00000,0x00000000db300000)
 ParOldGen       total 84992K, used 96K [0x0000000085000000, 0x000000008a300000, 0x00000000d7000000)
  object space 84992K, 0% used [0x0000000085000000,0x0000000085018010,0x000000008a300000)
 Metaspace       used 12156K, capacity 12384K, committed 12544K, reserved 1060864K
  class space    used 1372K, capacity 1434K, committed 1536K, reserved 1048576K
}
Event: 3.961 GC heap before
{Heap before GC invocations=5 (full 0):
 PSYoungGen      total 68608K, used 67573K [0x00000000d7000000, 0x00000000db800000, 0x0000000100000000)
  eden space 63488K, 100% used [0x00000000d7000000,0x00000000dae00000,0x00000000dae00000)
  from space 5120K, 79% used [0x00000000db300000,0x00000000db6fd470,0x00000000db800000)
  to   space 5120K, 0% used [0x00000000dae00000,0x00000000dae00000,0x00000000db300000)
 ParOldGen       total 84992K, used 96K [0x0000000085000000, 0x000000008a300000, 0x00000000d7000000)
  object space 84992K, 0% used [0x0000000085000000,0x0000000085018010,0x000000008a300000)
 Metaspace       used 15610K, capacity 15806K, committed 16000K, reserved 1062912K
  class space    used 1825K, capacity 1887K, committed 1920K, reserved 1048576K
Event: 3.971 GC heap after
Heap after GC invocations=5 (full 0):
 PSYoungGen      total 68608K, used 5095K [0x00000000d7000000, 0x00000000df900000, 0x0000000100000000)
  eden space 63488K, 0% used [0x00000000d7000000,0x00000000d7000000,0x00000000dae00000)
  from space 5120K, 99% used [0x00000000dae00000,0x00000000db2f9c60,0x00000000db300000)
  to   space 6656K, 0% used [0x00000000df280000,0x00000000df280000,0x00000000df900000)
 ParOldGen       total 84992K, used 1342K [0x0000000085000000, 0x000000008a300000, 0x00000000d7000000)
  object space 84992K, 1% used [0x0000000085000000,0x000000008514fa18,0x000000008a300000)
 Metaspace       used 15610K, capacity 15806K, committed 16000K, reserved 1062912K
  class space    used 1825K, capacity 1887K, committed 1920K, reserved 1048576K
}
Event: 5.398 GC heap before
{Heap before GC invocations=6 (full 0):
 PSYoungGen      total 68608K, used 68583K [0x00000000d7000000, 0x00000000df900000, 0x0000000100000000)
  eden space 63488K, 100% used [0x00000000d7000000,0x00000000dae00000,0x00000000dae00000)
  from space 5120K, 99% used [0x00000000dae00000,0x00000000db2f9c60,0x00000000db300000)
  to   space 6656K, 0% used [0x00000000df280000,0x00000000df280000,0x00000000df900000)
 ParOldGen       total 84992K, used 1342K [0x0000000085000000, 0x000000008a300000, 0x00000000d7000000)
  object space 84992K, 1% used [0x0000000085000000,0x000000008514fa18,0x000000008a300000)
 Metaspace       used 18336K, capacity 18568K, committed 18944K, reserved 1067008K
  class space    used 2117K, capacity 2182K, committed 2304K, reserved 1048576K
Event: 5.418 GC heap after
Heap after GC invocations=6 (full 0):
 PSYoungGen      total 132096K, used 6639K [0x00000000d7000000, 0x00000000dfc00000, 0x0000000100000000)
  eden space 125440K, 0% used [0x00000000d7000000,0x00000000d7000000,0x00000000dea80000)
  from space 6656K, 99% used [0x00000000df280000,0x00000000df8fbd88,0x00000000df900000)
  to   space 8192K, 0% used [0x00000000dea80000,0x00000000dea80000,0x00000000df280000)
 ParOldGen       total 84992K, used 2301K [0x0000000085000000, 0x000000008a300000, 0x00000000d7000000)
  object space 84992K, 2% used [0x0000000085000000,0x000000008523f7a8,0x000000008a300000)
 Metaspace       used 18336K, capacity 18568K, committed 18944K, reserved 1067008K
  class space    used 2117K, capacity 2182K, committed 2304K, reserved 1048576K
}
Event: 5.888 GC heap before
{Heap before GC invocations=7 (full 0):
 PSYoungGen      total 132096K, used 132079K [0x00000000d7000000, 0x00000000dfc00000, 0x0000000100000000)
  eden space 125440K, 100% used [0x00000000d7000000,0x00000000dea80000,0x00000000dea80000)
  from space 6656K, 99% used [0x00000000df280000,0x00000000df8fbd88,0x00000000df900000)
  to   space 8192K, 0% used [0x00000000dea80000,0x00000000dea80000,0x00000000df280000)
 ParOldGen       total 84992K, used 2301K [0x0000000085000000, 0x000000008a300000, 0x00000000d7000000)
  object space 84992K, 2% used [0x0000000085000000,0x000000008523f7a8,0x000000008a300000)
 Metaspace       used 18487K, capacity 18696K, committed 18944K, reserved 1067008K
  class space    used 2118K, capacity 2182K, committed 2304K, reserved 1048576K

Deoptimization events (10 events):
Event: 4.604 Thread 0x00007f5e74010000 Uncommon trap: reason=class_check action=maybe_recompile pc=0x00007f5e5eb306dc method=java.util.concurrent.ConcurrentHashMap.putVal(Ljava/lang/Object;Ljava/lang/Object;Z)Ljava/lang/Object; @ 192
Event: 4.604 Thread 0x00007f5e74010000 Uncommon trap: reason=class_check action=maybe_recompile pc=0x00007f5e5eb306dc method=java.util.concurrent.ConcurrentHashMap.putVal(Ljava/lang/Object;Ljava/lang/Object;Z)Ljava/lang/Object; @ 192
Event: 4.706 Thread 0x00007f5e74010000 Uncommon trap: reason=bimorphic action=maybe_recompile pc=0x00007f5e5e7851c0 method=java.util.HashMap.putVal(ILjava/lang/Object;Ljava/lang/Object;ZZ)Ljava/lang/Object; @ 203
Event: 5.114 Thread 0x00007f5e74010000 Uncommon trap: reason=bimorphic action=maybe_recompile pc=0x00007f5e5ec31504 method=java.util.concurrent.ConcurrentHashMap.putVal(Ljava/lang/Object;Ljava/lang/Object;Z)Ljava/lang/Object; @ 192
Event: 5.117 Thread 0x00007f5e74010000 Uncommon trap: reason=bimorphic action=maybe_recompile pc=0x00007f5e5ec31504 method=java.util.concurrent.ConcurrentHashMap.putVal(Ljava/lang/Object;Ljava/lang/Object;Z)Ljava/lang/Object; @ 192
Event: 5.245 Thread 0x00007f5e74010000 Uncommon trap: reason=bimorphic action=maybe_recompile pc=0x00007f5e5ec31504 method=java.util.concurrent.ConcurrentHashMap.putVal(Ljava/lang/Object;Ljava/lang/Object;Z)Ljava/lang/Object; @ 192
Event: 5.245 Thread 0x00007f5e74010000 Uncommon trap: reason=bimorphic action=maybe_recompile pc=0x00007f5e5ec31504 method=java.util.concurrent.ConcurrentHashMap.putVal(Ljava/lang/Object;Ljava/lang/Object;Z)Ljava/lang/Object; @ 192
Event: 5.260 Thread 0x00007f5e74010000 Uncommon trap: reason=unloaded action=reinterpret pc=0x00007f5e5ec8d9b4 method=org.aspectj.apache.bcel.classfile.Constant.readConstant(Ljava/io/DataInputStream;)Lorg/aspectj/apache/bcel/classfile/Constant; @ 173
Event: 5.354 Thread 0x00007f5e74010000 Uncommon trap: reason=unstable_if action=reinterpret pc=0x00007f5e5eba8658 method=java.lang.reflect.Method.equals(Ljava/lang/Object;)Z @ 49
Event: 5.389 Thread 0x00007f5e74010000 Uncommon trap: reason=unstable_if action=reinterpret pc=0x00007f5e5eb8b024 method=java.lang.Class.searchMethods([Ljava/lang/reflect/Method;Ljava/lang/String;[Ljava/lang/Class;)Ljava/lang/reflect/Method; @ 47

Internal exceptions (10 events):
Event: 5.382 Thread 0x00007f5e74010000 Exception <a 'java/lang/ClassNotFoundException': javax/naming/ReferenceableCustomizer> (0x00000000dabe1808) thrown at [/HUDSON3/workspace/8-2-build-linux-amd64/jdk8u101/7261/hotspot/src/share/vm/classfile/systemDictionary.cpp, line 210]
Event: 5.382 Thread 0x00007f5e74010000 Exception <a 'java/lang/ClassNotFoundException': java/io/CloseableCustomizer> (0x00000000dabf09b0) thrown at [/HUDSON3/workspace/8-2-build-linux-amd64/jdk8u101/7261/hotspot/src/share/vm/classfile/systemDictionary.cpp, line 210]
Event: 5.382 Thread 0x00007f5e74010000 Exception <a 'java/lang/ClassNotFoundException': java/lang/CloneableCustomizer> (0x00000000dabff658) thrown at [/HUDSON3/workspace/8-2-build-linux-amd64/jdk8u101/7261/hotspot/src/share/vm/classfile/systemDictionary.cpp, line 210]
Event: 5.382 Thread 0x00007f5e74010000 Exception <a 'java/lang/ClassNotFoundException': javax/sql/ConnectionPoolDataSourceCustomizer> (0x00000000dac10458) thrown at [/HUDSON3/workspace/8-2-build-linux-amd64/jdk8u101/7261/hotspot/src/share/vm/classfile/systemDictionary.cpp, line 210]
Event: 5.383 Thread 0x00007f5e74010000 Exception <a 'java/lang/ClassNotFoundException': javax/management/MBeanRegistrationCustomizer> (0x00000000dac22fb0) thrown at [/HUDSON3/workspace/8-2-build-linux-amd64/jdk8u101/7261/hotspot/src/share/vm/classfile/systemDictionary.cpp, line 210]
Event: 5.383 Thread 0x00007f5e74010000 Exception <a 'java/lang/ClassNotFoundException': com/alibaba/druid/pool/DruidAbstractDataSourceMBeanCustomizer> (0x00000000dac4bf00) thrown at [/HUDSON3/workspace/8-2-build-linux-amd64/jdk8u101/7261/hotspot/src/share/vm/classfile/systemDictionary.cpp, lin
Event: 5.384 Thread 0x00007f5e74010000 Exception <a 'java/lang/ClassNotFoundException': javax/sql/DataSourceCustomizer> (0x00000000daca8070) thrown at [/HUDSON3/workspace/8-2-build-linux-amd64/jdk8u101/7261/hotspot/src/share/vm/classfile/systemDictionary.cpp, line 210]
Event: 5.384 Thread 0x00007f5e74010000 Exception <a 'java/lang/ClassNotFoundException': com/alibaba/druid/proxy/jdbc/DataSourceProxyCustomizer> (0x00000000dacce100) thrown at [/HUDSON3/workspace/8-2-build-linux-amd64/jdk8u101/7261/hotspot/src/share/vm/classfile/systemDictionary.cpp, line 210]
Event: 5.385 Thread 0x00007f5e74010000 Exception <a 'java/lang/ClassNotFoundException': java/io/SerializableCustomizer> (0x00000000dace6f10) thrown at [/HUDSON3/workspace/8-2-build-linux-amd64/jdk8u101/7261/hotspot/src/share/vm/classfile/systemDictionary.cpp, line 210]
Event: 5.386 Thread 0x00007f5e74010000 Exception <a 'java/lang/ClassNotFoundException': java/sql/WrapperCustomizer> (0x00000000dacf4518) thrown at [/HUDSON3/workspace/8-2-build-linux-amd64/jdk8u101/7261/hotspot/src/share/vm/classfile/systemDictionary.cpp, line 210]

Events (10 events):
Event: 5.737 Thread 0x00007f5e74010000 DEOPT UNPACKING pc=0x00007f5e5e4ae633 sp=0x00007f5e7b334810 mode 0
Event: 5.741 Thread 0x00007f5e74010000 DEOPT PACKING pc=0x00007f5e5ed6dd95 sp=0x00007f5e7b334a90
Event: 5.741 Thread 0x00007f5e74010000 DEOPT UNPACKING pc=0x00007f5e5e4ae633 sp=0x00007f5e7b334810 mode 0
Event: 5.876 Thread 0x00007f5e74010000 DEOPT PACKING pc=0x00007f5e5ed7b52a sp=0x00007f5e7b334af0
Event: 5.876 Thread 0x00007f5e74010000 DEOPT UNPACKING pc=0x00007f5e5e4ae633 sp=0x00007f5e7b334840 mode 0
Event: 5.881 Thread 0x00007f5e74010000 DEOPT PACKING pc=0x00007f5e5ed7c512 sp=0x00007f5e7b3348b0
Event: 5.881 Thread 0x00007f5e74010000 DEOPT UNPACKING pc=0x00007f5e5e4ae633 sp=0x00007f5e7b334678 mode 0
Event: 5.882 Thread 0x00007f5e74010000 DEOPT PACKING pc=0x00007f5e5ed6ef23 sp=0x00007f5e7b3348b0
Event: 5.882 Thread 0x00007f5e74010000 DEOPT UNPACKING pc=0x00007f5e5e4ae633 sp=0x00007f5e7b334678 mode 0
Event: 5.888 Executing VM operation: ParallelGCFailedAllocation


Dynamic libraries:
00400000-00401000 r-xp 00000000 fd:02 2100689                            /home/ike/soft/jdk1.8/bin/java
00600000-00601000 rw-p 00000000 fd:02 2100689                            /home/ike/soft/jdk1.8/bin/java
00682000-006a3000 rw-p 00000000 00:00 0                                  [heap]
85000000-8a300000 rw-p 00000000 00:00 0 
8a300000-d7000000 ---p 00000000 00:00 0 
d7000000-dfc00000 rw-p 00000000 00:00 0 
e8100000-100000000 ---p 00000000 00:00 0 
100000000-100240000 rw-p 00000000 00:00 0 
100240000-140000000 ---p 00000000 00:00 0 
7f5e10000000-7f5e10021000 rw-p 00000000 00:00 0 
7f5e10021000-7f5e14000000 ---p 00000000 00:00 0 
7f5e18000000-7f5e18e54000 rw-p 00000000 00:00 0 
7f5e18e54000-7f5e1c000000 ---p 00000000 00:00 0 
7f5e1c000000-7f5e1c021000 rw-p 00000000 00:00 0 
7f5e1c021000-7f5e20000000 ---p 00000000 00:00 0 
7f5e20000000-7f5e21e71000 rw-p 00000000 00:00 0 
7f5e21e71000-7f5e24000000 ---p 00000000 00:00 0 
7f5e24000000-7f5e24c94000 rw-p 00000000 00:00 0 
7f5e24c94000-7f5e28000000 ---p 00000000 00:00 0 
7f5e28000000-7f5e28037000 rw-p 00000000 00:00 0 
7f5e28037000-7f5e2c000000 ---p 00000000 00:00 0 
7f5e2c000000-7f5e2c021000 rw-p 00000000 00:00 0 
7f5e2c021000-7f5e30000000 ---p 00000000 00:00 0 
7f5e30000000-7f5e30021000 rw-p 00000000 00:00 0 
7f5e30021000-7f5e34000000 ---p 00000000 00:00 0 
7f5e34000000-7f5e34021000 rw-p 00000000 00:00 0 
7f5e34021000-7f5e38000000 ---p 00000000 00:00 0 
7f5e38000000-7f5e38021000 rw-p 00000000 00:00 0 
7f5e38021000-7f5e3c000000 ---p 00000000 00:00 0 
7f5e3c000000-7f5e3c021000 rw-p 00000000 00:00 0 
7f5e3c021000-7f5e40000000 ---p 00000000 00:00 0 
7f5e40000000-7f5e40297000 rw-p 00000000 00:00 0 
7f5e40297000-7f5e44000000 ---p 00000000 00:00 0 
7f5e45e2a000-7f5e461ee000 rw-p 00000000 00:00 0 
7f5e461ee000-7f5e463ae000 ---p 00000000 00:00 0 
7f5e463ae000-7f5e465ae000 rw-p 00000000 00:00 0 
7f5e465ae000-7f5e467ae000 rw-p 00000000 00:00 0 
7f5e467ed000-7f5e469ed000 rw-p 00000000 00:00 0 
7f5e469ed000-7f5e46bed000 rw-p 00000000 00:00 0 
7f5e46bed000-7f5e46bf7000 r--s 00116000 fd:02 2100424                    /home/ike/soft/jdk1.8/jre/lib/ext/localedata.jar
7f5e46bf7000-7f5e46bf8000 ---p 00000000 00:00 0 
7f5e46bf8000-7f5e46cf8000 rw-p 00000000 00:00 0 
7f5e46cf8000-7f5e46cfb000 ---p 00000000 00:00 0 
7f5e46cfb000-7f5e46df9000 rw-p 00000000 00:00 0 
7f5e46df9000-7f5e46dfc000 ---p 00000000 00:00 0 
7f5e46dfc000-7f5e46efa000 rw-p 00000000 00:00 0 
7f5e46efa000-7f5e46efd000 ---p 00000000 00:00 0 
7f5e46efd000-7f5e46ffb000 rw-p 00000000 00:00 0 
7f5e46ffb000-7f5e46ffe000 ---p 00000000 00:00 0 
7f5e46ffe000-7f5e470fc000 rw-p 00000000 00:00 0 
7f5e470fc000-7f5e470fe000 r--s 0000a000 fd:02 2103023                    /home/ike/soft/idea-IU-171.4424.56/plugins/Groovy/lib/agent/gragent.jar
7f5e470fe000-7f5e47100000 r--s 0001a000 fd:02 2102710                    /home/ike/soft/idea-IU-171.4424.56/lib/idea_rt.jar
7f5e47100000-7f5e47102000 r--s 0000c000 fd:02 3670899                    /home/ike/.m2/repository/org/ow2/asm/asm/5.0.4/asm-5.0.4.jar
7f5e47102000-7f5e47103000 r--s 00000000 fd:02 4459279                    /home/ike/.gradle/caches/modules-2/files-2.1/javax.inject/javax.inject/1/6975da39a7040257bd51d21a231b76c915872d38/javax.inject-1.jar
7f5e47103000-7f5e47104000 r--s 00001000 fd:02 4459277                    /home/ike/.gradle/caches/modules-2/files-2.1/javax.annotation/jsr250-api/1.0/5025422767732a1ab45d93abfea846513d742dcf/jsr250-api-1.0.jar
7f5e47104000-7f5e47105000 r--s 00001000 fd:02 4459275                    /home/ike/.gradle/caches/modules-2/files-2.1/org.jboss.spec.javax.interceptor/jboss-interceptors-api_1.1_spec/1.0.0.Beta1/8cb388fd3b4912373da7a18e199bb55aa52aa5c1/jboss-interceptors-api_1.1_spec-1.0.0.Beta1.jar
7f5e47105000-7f5e47107000 r--s 00007000 fd:02 4459273                    /home/ike/.gradle/caches/modules-2/files-2.1/javax.el/el-api/2.2/42971279cc8ba864462580c7fc2199fd5715ee7f/el-api-2.2.jar
7f5e47107000-7f5e47109000 r--s 00005000 fd:02 2234244                    /home/ike/.m2/repository/stax/stax-api/1.0.1/stax-api-1.0.1.jar
7f5e47109000-7f5e4710b000 r--s 0000b000 fd:02 2624367                    /home/ike/.m2/repository/org/objenesis/objenesis/2.2/objenesis-2.2.jar
7f5e4710b000-7f5e4710c000 r--s 00001000 fd:02 3670910                    /home/ike/.m2/repository/com/esotericsoftware/minlog/1.3.0/minlog-1.3.0.jar
7f5e4710c000-7f5e4710e000 r--s 00004000 fd:02 3670897                    /home/ike/.m2/repository/com/esotericsoftware/reflectasm/1.11.3/reflectasm-1.11.3.jar
7f5e4710e000-7f5e47112000 r--s 0000e000 fd:02 4459271                    /home/ike/.gradle/caches/modules-2/files-2.1/javax.enterprise/cdi-api/1.1/78b1feee99b05a78575fb2fd79fb77be5e74420d/cdi-api-1.1.jar
7f5e47112000-7f5e47115000 r--s 0002b000 fd:02 4459269                    /home/ike/.gradle/caches/modules-2/files-2.1/org.jboss/jandex/2.0.0.Final/3e899258936f94649c777193e1be846387ed54b3/jandex-2.0.0.Final.jar
7f5e47115000-7f5e4711a000 r--s 00068000 fd:02 2103485                    /home/ike/.m2/repository/antlr/antlr/2.7.7/antlr-2.7.7.jar
7f5e4711a000-7f5e47158000 r--s 0025d000 fd:02 2234241                    /home/ike/.m2/repository/org/apache/xmlbeans/xmlbeans/2.6.0/xmlbeans-2.6.0.jar
7f5e47158000-7f5e47170000 r--s 00110000 fd:02 3670926                    /home/ike/.m2/repository/io/netty/netty/3.7.0.Final/netty-3.7.0.Final.jar
7f5e47170000-7f5e47172000 r--s 00014000 fd:02 3539264                    /home/ike/.m2/repository/jline/jline/0.9.94/jline-0.9.94.jar
7f5e47172000-7f5e4717a000 r--s 00048000 fd:02 3670895                    /home/ike/.m2/repository/com/esotericsoftware/kryo/4.0.0/kryo-4.0.0.jar
7f5e4717a000-7f5e47184000 r--s 000ae000 fd:02 3145958                    /home/ike/.m2/repository/org/javassist/javassist/3.20.0-GA/javassist-3.20.0-GA.jar
7f5e47184000-7f5e47189000 r--s 00048000 fd:02 3801997                    /home/ike/.m2/repository/dom4j/dom4j/1.6.1/dom4j-1.6.1.jar
7f5e47189000-7f5e4718d000 r--s 0000c000 fd:02 3540885                    /home/ike/.m2/repository/javax/validation/validation-api/1.1.0.Final/validation-api-1.1.0.Final.jar
7f5e4718d000-7f5e47195000 r--s 00048000 fd:02 3807593                    /home/ike/.gradle/caches/modules-2/files-2.1/org.apache.httpcomponents/httpcore/4.4.6/e3fd8ced1f52c7574af952e2e6da0df8df08eb82/httpcore-4.4.6.jar
7f5e47195000-7f5e47199000 r--s 00015000 fd:02 3542611                    /home/ike/.gradle/caches/modules-2/files-2.1/com.github.virtuald/curvesapi/1.04/3386abf821719bc89c7685f9eaafaf4a842f0199/curvesapi-1.04.jar
7f5e47199000-7f5e47253000 r--s 004e0000 fd:02 7867893                    /home/ike/.gradle/caches/modules-2/files-2.1/org.apache.poi/poi-ooxml-schemas/3.16/9828a49307fc6bebfd42185b677d88b6e4994c63/poi-ooxml-schemas-3.16.jar
7f5e47253000-7f5e47263000 r--s 000a8000 fd:02 3542609                    /home/ike/.gradle/caches/modules-2/files-2.1/org.apache.commons/commons-collections4/4.1/a4cf4688fe1c7e3a63aa636cc96d013af537768e/commons-collections4-4.1.jar
7f5e47263000-7f5e4726f000 r--s 000b9000 fd:02 4587592                    /home/ike/.gradle/caches/modules-2/files-2.1/org.apache.zookeeper/zookeeper/3.4.8/933ea2ed15e6a0e24b788973e3d128ff163c3136/zookeeper-3.4.8.jar
7f5e4726f000-7f5e47278000 r--s 0006f000 fd:02 3670891                    /home/ike/.m2/repository/log4j/log4j/1.2.17/log4j-1.2.17.jar
7f5e47278000-7f5e47290000 r--s 001bf000 fd:02 3670928                    /home/ike/.m2/repository/org/aspectj/aspectjweaver/1.8.10/aspectjweaver-1.8.10.jar
7f5e47290000-7f5e4729a000 r--s 00098000 fd:02 3671156                    /home/ike/.m2/repository/org/quartz-scheduler/quartz/2.2.3/quartz-2.2.3.jar
7f5e4729a000-7f5e4729f000 r--s 00029000 fd:02 3671151                    /home/ike/.m2/repository/org/springframework/spring-context-support/4.3.5.RELEASE/spring-context-support-4.3.5.RELEASE.jar
7f5e4729f000-7f5e472af000 r--s 000b2000 fd:02 3147507                    /home/ike/.m2/repository/org/jboss/netty/netty/3.2.5.Final/netty-3.2.5.Final.jar
7f5e472af000-7f5e472b1000 r--s 0000e000 fd:02 3146093                    /home/ike/.m2/repository/commons-logging/commons-logging/1.2/commons-logging-1.2.jar
7f5e472b1000-7f5e472b4000 r--s 00019000 fd:02 3808679                    /home/ike/.gradle/caches/modules-2/files-2.1/org.apache.commons/commons-pool2/2.4.2/e5f4f28f19d57716fbc3989d7a357ebf1e454fea/commons-pool2-2.4.2.jar
7f5e472b4000-7f5e4738b000 r--s 007a9000 fd:02 6293761                    /home/ike/.gradle/caches/modules-2/files-2.1/net.sf.ehcache/ehcache/2.10.3/cf74f9a4a049f181833b147a1d9aa62159c9d01d/ehcache-2.10.3.jar
7f5e4738b000-7f5e4738d000 r--s 0000f000 fd:02 3672160                    /home/ike/.m2/repository/org/jboss/logging/jboss-logging/3.3.0.Final/jboss-logging-3.3.0.Final.jar
7f5e4738d000-7f5e47390000 r--s 00010000 fd:02 4459261                    /home/ike/.gradle/caches/modules-2/files-2.1/org.hibernate.common/hibernate-commons-annotations/5.0.1.Final/71e1cff3fcb20d3b3af4f3363c3ddb24d33c6879/hibernate-commons-annotations-5.0.1.Final.jar
7f5e47390000-7f5e47392000 r--s 00003000 fd:02 4588021                    /home/ike/.gradle/caches/modules-2/files-2.1/org.slf4j/jcl-over-slf4j/1.7.22/86ceac14535af5a42c8fb0d06d79b925dd3cb263/jcl-over-slf4j-1.7.22.jar
7f5e47392000-7f5e4739a000 r--s 0003a000 fd:02 3671152                    /home/ike/.m2/repository/org/springframework/spring-tx/4.3.5.RELEASE/spring-tx-4.3.5.RELEASE.jar
7f5e4739a000-7f5e4739e000 r--s 00019000 fd:02 4587747                    /home/ike/.gradle/caches/modules-2/files-2.1/org.aspectj/aspectjrt/1.8.9/87372d9e2323313bec24b09a325bfea8ae0eb867/aspectjrt-1.8.9.jar
7f5e4739e000-7f5e473a8000 r--s 00068000 fd:02 4587743                    /home/ike/.gradle/caches/modules-2/files-2.1/org.springframework/spring-orm/4.2.8.RELEASE/43b557f5025782616f791dbd720b4a606eeca1bf/spring-orm-4.2.8.RELEASE.jar
7f5e473a8000-7f5e473bf000 r--s 000fb000 fd:02 6424510                    /home/ike/.gradle/caches/modules-2/files-2.1/org.springframework/spring-core/4.3.7.RELEASE/54fa2db94cc7222edc90ec71354e47cd1dc07f7b/spring-core-4.3.7.RELEASE.jar
7f5e473bf000-7f5e473c4000 r--s 0003c000 fd:02 6554776                    /home/ike/.gradle/caches/modules-2/files-2.1/org.springframework/spring-expression/4.3.7.RELEASE/5257b6486e43d8c05674323fea5b415d4da72f38/spring-expression-4.3.7.RELEASE.jar
7f5e473c4000-7f5e473d2000 r--s 000ad000 fd:02 6424518                    /home/ike/.gradle/caches/modules-2/files-2.1/org.springframework/spring-beans/4.3.7.RELEASE/2de9f59f3202965438f3a02057d6ad8274636044/spring-beans-4.3.7.RELEASE.jar
7f5e473d2000-7f5e473db000 r--s 00054000 fd:02 6554774                    /home/ike/.gradle/caches/modules-2/files-2.1/org.springframework/spring-aop/4.3.7.RELEASE/3f243d685e4a8a78a0c291445c6d85560ec4d339/spring-aop-4.3.7.RELEASE.jar
7f5e473db000-7f5e473de000 r--s 0000c000 fd:02 3671062                    /home/ike/.m2/repository/org/mengyun/tcc-transaction-core/1.1.5/tcc-transaction-core-1.1.5.jar
7f5e473de000-7f5e473e1000 r--s 00015000 fd:02 3807983                    /home/ike/.m2/repository/javax/servlet/javax.servlet-api/3.1.0/javax.servlet-api-3.1.0.jar
7f5e473e1000-7f5e473e4000 r--s 00010000 fd:02 4587590                    /home/ike/.gradle/caches/modules-2/files-2.1/com.101tec/zkclient/0.10/c54d4b5a5e89af75a80b6d5857400165ce5188d0/zkclient-0.10.jar
7f5e473e4000-7f5e47402000 r--s 00143000 fd:02 3670645                    /home/ike/.m2/repository/com/alibaba/dubbo/2.5.4-SNAPSHOT/dubbo-2.5.4-SNAPSHOT.jar
7f5e47402000-7f5e47404000 r--s 0000e000 fd:02 4459297                    /home/ike/.gradle/caches/modules-2/files-2.1/com.fasterxml/classmate/1.3.3/864c8e370a691e343210cc7c532fc198cee460d8/classmate-1.3.3.jar
7f5e47404000-7f5e47416000 r--s 000a7000 fd:02 3670135                    /home/ike/.gradle/caches/modules-2/files-2.1/org.hibernate/hibernate-validator/5.4.0.Final/2076cbd5719e4182a75ab32e7186deb0ca5ac376/hibernate-validator-5.4.0.Final.jar
7f5e47416000-7f5e4741b000 r--s 00061000 fd:02 3670330                    /home/ike/.gradle/caches/modules-2/files-2.1/com.alibaba/fastjson/1.2.23/be2508e9bac203c38f3f52fc8d33332c4e7ee6c5/fastjson-1.2.23.jar
7f5e4741b000-7f5e4741d000 r--s 00010000 fd:02 7733449                    /home/ike/.gradle/caches/modules-2/files-2.1/javax.el/javax.el-api/3.0.1-b04/8c0c970b8deae5054ff0bf4b17979c8181a506d3/javax.el-api-3.0.1-b04.jar
7f5e4741d000-7f5e47420000 r--s 0001a000 fd:02 7733451                    /home/ike/.gradle/caches/modules-2/files-2.1/org.glassfish.web/javax.el/2.2.6/232abfe1f919127e9cfcd6e4e2c6324bb394535/javax.el-2.2.6.jar
7f5e47420000-7f5e4742c000 r--s 0007c000 fd:02 4590155                    /home/ike/.gradle/caches/modules-2/files-2.1/redis.clients/jedis/2.9.0/292bc9cc26553acd3cccc26f2f95620bf88a04c2/jedis-2.9.0.jar
7f5e4742c000-7f5e4742f000 r--s 00020000 fd:02 6168744                    /home/ike/.gradle/caches/modules-2/files-2.1/org.hibernate/hibernate-ehcache/5.2.4.Final/f70147c655b970ca70e3913f91880da6d264fe68/hibernate-ehcache-5.2.4.Final.jar
7f5e4742f000-7f5e47440000 r--s 0009a000 fd:02 6424506                    /home/ike/.gradle/caches/modules-2/files-2.1/org.springframework.data/spring-data-commons/1.12.8.RELEASE/827a994d703ad9916b694d17401d8bf78bd773f9/spring-data-commons-1.12.8.RELEASE.jar
7f5e47440000-7f5e4744a000 r--s 0005f000 fd:02 3671148                    /home/ike/.m2/repository/org/springframework/spring-jdbc/4.3.5.RELEASE/spring-jdbc-4.3.5.RELEASE.jar
7f5e4744a000-7f5e47464000 r--s 000fd000 fd:02 6424513                    /home/ike/.gradle/caches/modules-2/files-2.1/org.springframework/spring-context/4.3.7.RELEASE/34b66b0b7910122ef95ba4fff6da9238ef80a5de/spring-context-4.3.7.RELEASE.jar
7f5e47464000-7f5e4747b000 r--s 001b7000 fd:02 4587733                    /home/ike/.gradle/caches/modules-2/files-2.1/mysql/mysql-connector-java/6.0.5/9d8df5a1f3273110f2a9ad304961bdd03d696d86/mysql-connector-java-6.0.5.jar
7f5e4747b000-7f5e474f3000 r--s 005a9000 fd:02 4459259                    /home/ike/.gradle/caches/modules-2/files-2.1/org.hibernate/hibernate-core/5.2.4.Final/52414fccd4429d8f723996e26c61330df094d06c/hibernate-core-5.2.4.Final.jar
7f5e474f3000-7f5e474f6000 ---p 00000000 00:00 0 
7f5e474f6000-7f5e475f4000 rw-p 00000000 00:00 0 
7f5e475f4000-7f5e475f7000 ---p 00000000 00:00 0 
7f5e475f7000-7f5e476f5000 rw-p 00000000 00:00 0 
7f5e476f5000-7f5e476f8000 ---p 00000000 00:00 0 
7f5e476f8000-7f5e477f6000 rw-p 00000000 00:00 0 
7f5e477f6000-7f5e477fa000 r-xp 00000000 fd:02 2100248                    /home/ike/soft/jdk1.8/jre/lib/amd64/libdt_socket.so
7f5e477fa000-7f5e479f9000 ---p 00004000 fd:02 2100248                    /home/ike/soft/jdk1.8/jre/lib/amd64/libdt_socket.so
7f5e479f9000-7f5e479fa000 rw-p 00003000 fd:02 2100248                    /home/ike/soft/jdk1.8/jre/lib/amd64/libdt_socket.so
7f5e479fa000-7f5e479fd000 ---p 00000000 00:00 0 
7f5e479fd000-7f5e47afb000 rw-p 00000000 00:00 0 
7f5e47afb000-7f5e47afe000 ---p 00000000 00:00 0 
7f5e47afe000-7f5e47bfc000 rw-p 00000000 00:00 0 
7f5e47bfc000-7f5e47bff000 ---p 00000000 00:00 0 
7f5e47bff000-7f5e47cfd000 rw-p 00000000 00:00 0 
7f5e47cfd000-7f5e47cfe000 ---p 00000000 00:00 0 
7f5e47cfe000-7f5e48000000 rw-p 00000000 00:00 0 
7f5e48000000-7f5e48021000 rw-p 00000000 00:00 0 
7f5e48021000-7f5e4c000000 ---p 00000000 00:00 0 
7f5e4c000000-7f5e4c021000 rw-p 00000000 00:00 0 
7f5e4c021000-7f5e50000000 ---p 00000000 00:00 0 
7f5e50000000-7f5e50021000 rw-p 00000000 00:00 0 
7f5e50021000-7f5e54000000 ---p 00000000 00:00 0 
7f5e54000000-7f5e54001000 r--s 00002000 fd:02 3015918                    /home/ike/.m2/repository/org/slf4j/slf4j-log4j12/1.6.1/slf4j-log4j12-1.6.1.jar
7f5e54001000-7f5e54023000 r--s 001e6000 fd:02 4587737                    /home/ike/.gradle/caches/modules-2/files-2.1/com.alibaba/druid/1.0.26/f4bc6159b34e4cda5abd6480203492b470aa1a36/druid-1.0.26.jar
7f5e54023000-7f5e54052000 r--s 00239000 fd:02 5376285                    /home/ike/.gradle/caches/modules-2/files-2.1/com.google.guava/guava/21.0/3a3d111be1be1b745edfa7d91678a12d7ed38709/guava-21.0.jar
7f5e54052000-7f5e5407e000 r--s 00263000 fd:02 7867889                    /home/ike/.gradle/caches/modules-2/files-2.1/org.apache.poi/poi/3.16/ad21c123ee5d6b5b2a8f0d4ed23b3ffe6759a889/poi-3.16.jar
7f5e5407e000-7f5e58000000 rw-p 00000000 00:00 0 
7f5e58000000-7f5e58021000 rw-p 00000000 00:00 0 
7f5e58021000-7f5e5c000000 ---p 00000000 00:00 0 
7f5e5c000000-7f5e5c001000 r--s 00003000 fd:02 3540889                    /home/ike/.m2/repository/org/apache/geronimo/specs/geronimo-jta_1.1_spec/1.1.1/geronimo-jta_1.1_spec-1.1.1.jar
7f5e5c001000-7f5e5c008000 r--s 0003e000 fd:02 4587735                    /home/ike/.gradle/caches/modules-2/files-2.1/org.springframework.data/spring-data-jpa/1.10.3.RELEASE/fc31fbdb8ff777d29077ac53a616f11c2c0df59/spring-data-jpa-1.10.3.RELEASE.jar
7f5e5c008000-7f5e5c00c000 r--s 0002f000 fd:02 3670137                    /home/ike/.gradle/caches/modules-2/files-2.1/commons-io/commons-io/2.5/2852e6e05fbb95076fc091f6d1780f1f8fe35e0f/commons-io-2.5.jar
7f5e5c00c000-7f5e5c00e000 r--s 00009000 fd:02 4460443                    /home/ike/.gradle/caches/modules-2/files-2.1/org.slf4j/slf4j-api/1.7.24/3f6b4bd4f8dbe8d4bea06d107a3826469b85c3e9/slf4j-api-1.7.24.jar
7f5e5c00e000-7f5e5cb19000 rw-p 00000000 00:00 0 
7f5e5cb19000-7f5e5ccf2000 r--s 03d29000 fd:02 2100521                    /home/ike/soft/jdk1.8/jre/lib/rt.jar
7f5e5ccf2000-7f5e5d8ca000 rw-p 00000000 00:00 0 
7f5e5d8ca000-7f5e5d8cb000 ---p 00000000 00:00 0 
7f5e5d8cb000-7f5e5d9cb000 rw-p 00000000 00:00 0 
7f5e5d9cb000-7f5e5d9cc000 ---p 00000000 00:00 0 
7f5e5d9cc000-7f5e5dacc000 rw-p 00000000 00:00 0 
7f5e5dacc000-7f5e5dacd000 ---p 00000000 00:00 0 
7f5e5dacd000-7f5e5dbcd000 rw-p 00000000 00:00 0 
7f5e5dbcd000-7f5e5dbce000 ---p 00000000 00:00 0 
7f5e5dbce000-7f5e5dcf8000 rw-p 00000000 00:00 0 
7f5e5dcf8000-7f5e5df5e000 ---p 00000000 00:00 0 
7f5e5df5e000-7f5e5dfa4000 rw-p 00000000 00:00 0 
7f5e5dfa4000-7f5e5e0a6000 ---p 00000000 00:00 0 
7f5e5e0a6000-7f5e5e0ce000 rw-p 00000000 00:00 0 
7f5e5e0ce000-7f5e5e467000 ---p 00000000 00:00 0 
7f5e5e467000-7f5e5ee17000 rwxp 00000000 00:00 0 
7f5e5ee17000-7f5e6d467000 ---p 00000000 00:00 0 
7f5e6d467000-7f5e74000000 r--p 00000000 fd:00 2885042                    /usr/lib/locale/locale-archive
7f5e74000000-7f5e74e2b000 rw-p 00000000 00:00 0 
7f5e74e2b000-7f5e78000000 ---p 00000000 00:00 0 
7f5e78000000-7f5e78001000 r--s 00001000 fd:02 3670688                    /home/ike/.m2/repository/org/mengyun/tcc-transaction-api/1.1.5/tcc-transaction-api-1.1.5.jar
7f5e78001000-7f5e78009000 r--s 0006e000 fd:02 3670118                    /home/ike/.gradle/caches/modules-2/files-2.1/org.apache.commons/commons-lang3/3.5/6c6c702c89bfff3cd9e80b04d668c5e190d588c6/commons-lang3-3.5.jar
7f5e78009000-7f5e7800e000 r--s 00017000 fd:02 3148263                    /home/ike/.m2/repository/org/hibernate/javax/persistence/hibernate-jpa-2.1-api/1.0.0.Final/hibernate-jpa-2.1-api-1.0.0.Final.jar
7f5e7800e000-7f5e78011000 r--s 00013000 fd:02 4067622                    /home/ike/.gradle/caches/modules-2/files-2.1/com.aliyun/aliyun-java-sdk-core/3.2.6/c5612a1795250979bb691c3ae98a7e916532b8db/aliyun-java-sdk-core-3.2.6.jar
7f5e78011000-7f5e78018000 r--s 0003f000 fd:02 4196565                    /home/ike/.m2/repository/commons-codec/commons-codec/1.10/commons-codec-1.10.jar
7f5e78018000-7f5e78025000 r--s 000aa000 fd:02 3807591                    /home/ike/.gradle/caches/modules-2/files-2.1/org.apache.httpcomponents/httpclient/4.5.3/d1577ae15f01ef5438c5afc62162457c00a34713/httpclient-4.5.3.jar
7f5e78025000-7f5e78038000 r--s 0014c000 fd:02 7867891                    /home/ike/.gradle/caches/modules-2/files-2.1/org.apache.poi/poi-ooxml/3.16/76e20fe22404cc4da55ddfdaaaadee32bbfa3bdd/poi-ooxml-3.16.jar
7f5e78038000-7f5e7803a000 r--s 00003000 fd:02 6424607                    /home/ike/code/goddess-java/modules/user/user-provider/lib/aliyun-java-sdk-dysmsapi-1.0.0.jar
7f5e7803a000-7f5e7804d000 r--s 00345000 fd:02 2100473                    /home/ike/soft/jdk1.8/jre/lib/resources.jar
7f5e7804d000-7f5e78060000 r--s 000d6000 fd:02 2100468                    /home/ike/soft/jdk1.8/jre/lib/plugin.jar
7f5e78060000-7f5e7807b000 r--s 00208000 fd:02 2100407                    /home/ike/soft/jdk1.8/jre/lib/deploy.jar
7f5e7807b000-7f5e7811b000 rw-p 00000000 00:00 0 
7f5e7811b000-7f5e78381000 ---p 00000000 00:00 0 
7f5e78381000-7f5e7839b000 r-xp 00000000 fd:02 2100263                    /home/ike/soft/jdk1.8/jre/lib/amd64/libzip.so
7f5e7839b000-7f5e7859b000 ---p 0001a000 fd:02 2100263                    /home/ike/soft/jdk1.8/jre/lib/amd64/libzip.so
7f5e7859b000-7f5e7859c000 rw-p 0001a000 fd:02 2100263                    /home/ike/soft/jdk1.8/jre/lib/amd64/libzip.so
7f5e7859c000-7f5e785a6000 r-xp 00000000 fd:00 2891856                    /usr/lib64/libnss_files-2.24.so
7f5e785a6000-7f5e787a6000 ---p 0000a000 fd:00 2891856                    /usr/lib64/libnss_files-2.24.so
7f5e787a6000-7f5e787a7000 r--p 0000a000 fd:00 2891856                    /usr/lib64/libnss_files-2.24.so
7f5e787a7000-7f5e787a8000 rw-p 0000b000 fd:00 2891856                    /usr/lib64/libnss_files-2.24.so
7f5e787a8000-7f5e787ae000 rw-p 00000000 00:00 0 
7f5e787ae000-7f5e787b8000 r-xp 00000000 fd:02 2100232                    /home/ike/soft/jdk1.8/jre/lib/amd64/libinstrument.so
7f5e787b8000-7f5e789b7000 ---p 0000a000 fd:02 2100232                    /home/ike/soft/jdk1.8/jre/lib/amd64/libinstrument.so
7f5e789b7000-7f5e789b8000 rw-p 00009000 fd:02 2100232                    /home/ike/soft/jdk1.8/jre/lib/amd64/libinstrument.so
7f5e789b8000-7f5e789ba000 r-xp 00000000 fd:02 2100241                    /home/ike/soft/jdk1.8/jre/lib/amd64/libnpt.so
7f5e789ba000-7f5e78bba000 ---p 00002000 fd:02 2100241                    /home/ike/soft/jdk1.8/jre/lib/amd64/libnpt.so
7f5e78bba000-7f5e78bbb000 rw-p 00002000 fd:02 2100241                    /home/ike/soft/jdk1.8/jre/lib/amd64/libnpt.so
7f5e78bbb000-7f5e78bf4000 r-xp 00000000 fd:02 2100224                    /home/ike/soft/jdk1.8/jre/lib/amd64/libjdwp.so
7f5e78bf4000-7f5e78df3000 ---p 00039000 fd:02 2100224                    /home/ike/soft/jdk1.8/jre/lib/amd64/libjdwp.so
7f5e78df3000-7f5e78df5000 rw-p 00038000 fd:02 2100224                    /home/ike/soft/jdk1.8/jre/lib/amd64/libjdwp.so
7f5e78df5000-7f5e78e1f000 r-xp 00000000 fd:02 2100286                    /home/ike/soft/jdk1.8/jre/lib/amd64/libjava.so
7f5e78e1f000-7f5e7901f000 ---p 0002a000 fd:02 2100286                    /home/ike/soft/jdk1.8/jre/lib/amd64/libjava.so
7f5e7901f000-7f5e79021000 rw-p 0002a000 fd:02 2100286                    /home/ike/soft/jdk1.8/jre/lib/amd64/libjava.so
7f5e79021000-7f5e7902e000 r-xp 00000000 fd:02 2100257                    /home/ike/soft/jdk1.8/jre/lib/amd64/libverify.so
7f5e7902e000-7f5e7922e000 ---p 0000d000 fd:02 2100257                    /home/ike/soft/jdk1.8/jre/lib/amd64/libverify.so
7f5e7922e000-7f5e79230000 rw-p 0000d000 fd:02 2100257                    /home/ike/soft/jdk1.8/jre/lib/amd64/libverify.so
7f5e79230000-7f5e79237000 r-xp 00000000 fd:00 2891975                    /usr/lib64/librt-2.24.so
7f5e79237000-7f5e79436000 ---p 00007000 fd:00 2891975                    /usr/lib64/librt-2.24.so
7f5e79436000-7f5e79437000 r--p 00006000 fd:00 2891975                    /usr/lib64/librt-2.24.so
7f5e79437000-7f5e79438000 rw-p 00007000 fd:00 2891975                    /usr/lib64/librt-2.24.so
7f5e79438000-7f5e79540000 r-xp 00000000 fd:00 2891438                    /usr/lib64/libm-2.24.so
7f5e79540000-7f5e7973f000 ---p 00108000 fd:00 2891438                    /usr/lib64/libm-2.24.so
7f5e7973f000-7f5e79740000 r--p 00107000 fd:00 2891438                    /usr/lib64/libm-2.24.so
7f5e79740000-7f5e79741000 rw-p 00108000 fd:00 2891438                    /usr/lib64/libm-2.24.so
7f5e79741000-7f5e7a40c000 r-xp 00000000 fd:02 2100238                    /home/ike/soft/jdk1.8/jre/lib/amd64/server/libjvm.so
7f5e7a40c000-7f5e7a60b000 ---p 00ccb000 fd:02 2100238                    /home/ike/soft/jdk1.8/jre/lib/amd64/server/libjvm.so
7f5e7a60b000-7f5e7a6e4000 rw-p 00cca000 fd:02 2100238                    /home/ike/soft/jdk1.8/jre/lib/amd64/server/libjvm.so
7f5e7a6e4000-7f5e7a72f000 rw-p 00000000 00:00 0 
7f5e7a72f000-7f5e7a8ec000 r-xp 00000000 fd:00 2891285                    /usr/lib64/libc-2.24.so
7f5e7a8ec000-7f5e7aaeb000 ---p 001bd000 fd:00 2891285                    /usr/lib64/libc-2.24.so
7f5e7aaeb000-7f5e7aaef000 r--p 001bc000 fd:00 2891285                    /usr/lib64/libc-2.24.so
7f5e7aaef000-7f5e7aaf1000 rw-p 001c0000 fd:00 2891285                    /usr/lib64/libc-2.24.so
7f5e7aaf1000-7f5e7aaf5000 rw-p 00000000 00:00 0 
7f5e7aaf5000-7f5e7aaf8000 r-xp 00000000 fd:00 2891382                    /usr/lib64/libdl-2.24.so
7f5e7aaf8000-7f5e7acf7000 ---p 00003000 fd:00 2891382                    /usr/lib64/libdl-2.24.so
7f5e7acf7000-7f5e7acf8000 r--p 00002000 fd:00 2891382                    /usr/lib64/libdl-2.24.so
7f5e7acf8000-7f5e7acf9000 rw-p 00003000 fd:00 2891382                    /usr/lib64/libdl-2.24.so
7f5e7acf9000-7f5e7ad0e000 r-xp 00000000 fd:02 2098935                    /home/ike/soft/jdk1.8/lib/amd64/jli/libjli.so
7f5e7ad0e000-7f5e7af0e000 ---p 00015000 fd:02 2098935                    /home/ike/soft/jdk1.8/lib/amd64/jli/libjli.so
7f5e7af0e000-7f5e7af0f000 rw-p 00015000 fd:02 2098935                    /home/ike/soft/jdk1.8/lib/amd64/jli/libjli.so
7f5e7af0f000-7f5e7af27000 r-xp 00000000 fd:00 2891857                    /usr/lib64/libpthread-2.24.so
7f5e7af27000-7f5e7b127000 ---p 00018000 fd:00 2891857                    /usr/lib64/libpthread-2.24.so
7f5e7b127000-7f5e7b128000 r--p 00018000 fd:00 2891857                    /usr/lib64/libpthread-2.24.so
7f5e7b128000-7f5e7b129000 rw-p 00019000 fd:00 2891857                    /usr/lib64/libpthread-2.24.so
7f5e7b129000-7f5e7b12d000 rw-p 00000000 00:00 0 
7f5e7b12d000-7f5e7b152000 r-xp 00000000 fd:00 2894298                    /usr/lib64/ld-2.24.so
7f5e7b152000-7f5e7b153000 r--s 00002000 fd:02 3671205                    /home/ike/.m2/repository/org/mengyun/tcc-transaction-spring/1.1.5/tcc-transaction-spring-1.1.5.jar
7f5e7b153000-7f5e7b157000 r--s 00097000 fd:02 2100406                    /home/ike/soft/jdk1.8/jre/lib/jsse.jar
7f5e7b157000-7f5e7b15c000 r--s 00084000 fd:02 2100412                    /home/ike/soft/jdk1.8/jre/lib/jfr.jar
7f5e7b15c000-7f5e7b166000 r--s 0006c000 fd:02 2100376                    /home/ike/soft/jdk1.8/jre/lib/javaws.jar
7f5e7b166000-7f5e7b237000 rw-p 00000000 00:00 0 
7f5e7b237000-7f5e7b23a000 ---p 00000000 00:00 0 
7f5e7b23a000-7f5e7b33a000 rw-p 00000000 00:00 0 
7f5e7b33a000-7f5e7b33b000 r--s 00000000 fd:02 4459257                    /home/ike/.gradle/caches/modules-2/files-2.1/org.hibernate/hibernate-entitymanager/5.2.4.Final/b5f9506bbff26ce5c75f16e568fa43d148d0f1d1/hibernate-entitymanager-5.2.4.Final.jar
7f5e7b33b000-7f5e7b33c000 r--s 00000000 fd:02 2100401                    /home/ike/soft/jdk1.8/jre/lib/management-agent.jar
7f5e7b33c000-7f5e7b33e000 r--s 00007000 fd:02 2100375                    /home/ike/soft/jdk1.8/jre/lib/jfxswt.jar
7f5e7b33e000-7f5e7b341000 r--s 0001a000 fd:02 2100204                    /home/ike/soft/jdk1.8/jre/lib/jce.jar
7f5e7b341000-7f5e7b346000 r--s 002f9000 fd:02 2100432                    /home/ike/soft/jdk1.8/jre/lib/charsets.jar
7f5e7b346000-7f5e7b34e000 rw-s 00000000 00:29 1054974                    /tmp/hsperfdata_ike/31746
7f5e7b34e000-7f5e7b34f000 rw-p 00000000 00:00 0 
7f5e7b34f000-7f5e7b350000 ---p 00000000 00:00 0 
7f5e7b350000-7f5e7b352000 rw-p 00000000 00:00 0 
7f5e7b352000-7f5e7b353000 r--p 00025000 fd:00 2894298                    /usr/lib64/ld-2.24.so
7f5e7b353000-7f5e7b354000 rw-p 00026000 fd:00 2894298                    /usr/lib64/ld-2.24.so
7f5e7b354000-7f5e7b355000 rw-p 00000000 00:00 0 
7ffca07ee000-7ffca0812000 rw-p 00000000 00:00 0                          [stack]
7ffca0832000-7ffca0834000 r--p 00000000 00:00 0                          [vvar]
7ffca0834000-7ffca0836000 r-xp 00000000 00:00 0                          [vdso]
ffffffffff600000-ffffffffff601000 r-xp 00000000 00:00 0                  [vsyscall]

VM Arguments:
jvm_args: -agentlib:jdwp=transport=dt_socket,address=127.0.0.1:40747,suspend=y,server=n -javaagent:/home/ike/soft/idea-IU-171.4424.56/plugins/Groovy/lib/agent/gragent.jar -Dfile.encoding=UTF-8 
java_command: com.bjike.goddess.user.Application
java_class_path (initial): /home/ike/soft/jdk1.8/jre/lib/charsets.jar:/home/ike/soft/jdk1.8/jre/lib/deploy.jar:/home/ike/soft/jdk1.8/jre/lib/ext/cldrdata.jar:/home/ike/soft/jdk1.8/jre/lib/ext/dnsns.jar:/home/ike/soft/jdk1.8/jre/lib/ext/jaccess.jar:/home/ike/soft/jdk1.8/jre/lib/ext/jfxrt.jar:/home/ike/soft/jdk1.8/jre/lib/ext/localedata.jar:/home/ike/soft/jdk1.8/jre/lib/ext/nashorn.jar:/home/ike/soft/jdk1.8/jre/lib/ext/sunec.jar:/home/ike/soft/jdk1.8/jre/lib/ext/sunjce_provider.jar:/home/ike/soft/jdk1.8/jre/lib/ext/sunpkcs11.jar:/home/ike/soft/jdk1.8/jre/lib/ext/zipfs.jar:/home/ike/soft/jdk1.8/jre/lib/javaws.jar:/home/ike/soft/jdk1.8/jre/lib/jce.jar:/home/ike/soft/jdk1.8/jre/lib/jfr.jar:/home/ike/soft/jdk1.8/jre/lib/jfxswt.jar:/home/ike/soft/jdk1.8/jre/lib/jsse.jar:/home/ike/soft/jdk1.8/jre/lib/management-agent.jar:/home/ike/soft/jdk1.8/jre/lib/plugin.jar:/home/ike/soft/jdk1.8/jre/lib/resources.jar:/home/ike/soft/jdk1.8/jre/lib/rt.jar:/home/ike/code/goddess-java/modules/user/user-provider/build/classes/java/main:/home/ike/code/goddess-java/modules/user/user-provider/build/resources/main:/home/ike/code/goddess-java/modules/user/user-provider/lib/aliyun-java-sdk-dysmsapi-1.0.0.jar:/home/ike/code/goddess-java/common/common-jpa/build/classes/java/main:/home/ike/code/goddess-java/common/common-provider/build/classes/java/main:/home/ike/code/goddess-java/common/common-provider/build/resources/main:/home/ike/code/goddess-java/modules/user/user-api/build/classes/java/main:/home/ike/code/goddess-java/common/common-utils/build/classes/java/main:/home/ike/code/goddess-java/common/common-redis/build/classes/java/main:/home/ike/.gradle/caches/modules-2/files-2.1/org.apache.poi/poi-ooxml/3.16/76e20fe22404cc4da55ddfdaaaadee32bbfa3bdd/poi-ooxml-3.16.jar:/home/ike/.gradle/caches/modules-2/files-2.1/org.apache.poi/poi/3.16/ad21c123ee5d6b5b2a8f0d4ed23b3ffe6759a889/poi-3.16.jar:/home/ike/.gradle/caches/modules-2/files-2.1/org.apache.httpcomponents/httpclient/4.5.3/d1577ae15f01ef5438c5a
Launcher Type: SUN_STANDARD

Environment Variables:
JAVA_HOME=/home/ike/soft/jdk1.8
PATH=/home/ike/soft/gradle/bin:/home/ike/soft/maven3.3.9/bin:/home/ike/soft/jdk1.8/bin:/home/ike/soft/jdk1.8/bin:/home/ike/soft/gradle-4.1/bin:/home/ike/soft/maven3.3.9/bin:/usr/lib64/qt-3.3/bin:/usr/local/bin:/usr/local/sbin:/usr/bin:/usr/sbin:/home/ike/.local/bin:/home/ike/bin
USERNAME=ike
LD_LIBRARY_PATH=/home/ike/soft/idea-IU-171.4424.56/bin:
SHELL=/bin/bash
DISPLAY=:0

Signal Handlers:
SIGSEGV: [libjvm.so+0xac4790], sa_mask[0]=11111111011111111101111111111110, sa_flags=SA_RESTART|SA_SIGINFO
SIGBUS: [libjvm.so+0xac4790], sa_mask[0]=11111111011111111101111111111110, sa_flags=SA_RESTART|SA_SIGINFO
SIGFPE: [libjvm.so+0x91f140], sa_mask[0]=11111111011111111101111111111110, sa_flags=SA_RESTART|SA_SIGINFO
SIGPIPE: [libjvm.so+0x91f140], sa_mask[0]=11111111011111111101111111111110, sa_flags=SA_RESTART|SA_SIGINFO
SIGXFSZ: [libjvm.so+0x91f140], sa_mask[0]=11111111011111111101111111111110, sa_flags=SA_RESTART|SA_SIGINFO
SIGILL: [libjvm.so+0x91f140], sa_mask[0]=11111111011111111101111111111110, sa_flags=SA_RESTART|SA_SIGINFO
SIGUSR1: SIG_DFL, sa_mask[0]=00000000000000000000000000000000, sa_flags=none
SIGUSR2: [libjvm.so+0x920770], sa_mask[0]=00100000000000000000000000000000, sa_flags=SA_RESTART|SA_SIGINFO
SIGHUP: [libjvm.so+0x921b70], sa_mask[0]=11111111011111111101111111111110, sa_flags=SA_RESTART|SA_SIGINFO
SIGINT: [libjvm.so+0x921b70], sa_mask[0]=11111111011111111101111111111110, sa_flags=SA_RESTART|SA_SIGINFO
SIGTERM: [libjvm.so+0x921b70], sa_mask[0]=11111111011111111101111111111110, sa_flags=SA_RESTART|SA_SIGINFO
SIGQUIT: [libjvm.so+0x921b70], sa_mask[0]=11111111011111111101111111111110, sa_flags=SA_RESTART|SA_SIGINFO


---------------  S Y S T E M  ---------------

OS:Fedora release 25 (Twenty Five)

uname:Linux 4.8.6-300.fc25.x86_64 #1 SMP Tue Nov 1 12:36:38 UTC 2016 x86_64
libc:glibc 2.24 NPTL 2.24 
rlimit: STACK 8192k, CORE 0k, NPROC 31367, NOFILE 4096, AS infinity
load average:4.12 3.17 4.45

/proc/meminfo:
MemTotal:        8053800 kB
MemFree:          123696 kB
MemAvailable:      48248 kB
Buffers:            8548 kB
Cached:           222740 kB
SwapCached:         5272 kB
Active:          6534564 kB
Inactive:         977000 kB
Active(anon):    6504968 kB
Inactive(anon):   945448 kB
Active(file):      29596 kB
Inactive(file):    31552 kB
Unevictable:          80 kB
Mlocked:              80 kB
SwapTotal:       8187900 kB
SwapFree:              8 kB
Dirty:               312 kB
Writeback:             0 kB
AnonPages:       7276312 kB
Mapped:            53520 kB
Shmem:            170204 kB
Slab:             194660 kB
SReclaimable:      60692 kB
SUnreclaim:       133968 kB
KernelStack:       44256 kB
PageTables:       101792 kB
NFS_Unstable:          0 kB
Bounce:                0 kB
WritebackTmp:          0 kB
CommitLimit:    12214800 kB
Committed_AS:   24740460 kB
VmallocTotal:   34359738367 kB
VmallocUsed:           0 kB
VmallocChunk:          0 kB
HardwareCorrupted:     0 kB
AnonHugePages:         0 kB
ShmemHugePages:        0 kB
ShmemPmdMapped:        0 kB
CmaTotal:              0 kB
CmaFree:               0 kB
HugePages_Total:       0
HugePages_Free:        0
HugePages_Rsvd:        0
HugePages_Surp:        0
Hugepagesize:       2048 kB
DirectMap4k:      316580 kB
DirectMap2M:     7950336 kB
DirectMap1G:           0 kB


CPU:total 4 (4 cores per cpu, 1 threads per core) family 6 model 94 stepping 3, cmov, cx8, fxsr, mmx, sse, sse2, sse3, ssse3, sse4.1, sse4.2, popcnt, avx, avx2, aes, clmul, erms, rtm, 3dnowpref, lzcnt, tsc, tscinvbit, bmi1, bmi2, adx

/proc/cpuinfo:
processor	: 0
vendor_id	: GenuineIntel
cpu family	: 6
model		: 94
model name	: Intel(R) Core(TM) i5-6500 CPU @ 3.20GHz
stepping	: 3
microcode	: 0x9e
cpu MHz		: 2711.718
cache size	: 6144 KB
physical id	: 0
siblings	: 4
core id		: 0
cpu cores	: 4
apicid		: 0
initial apicid	: 0
fpu		: yes
fpu_exception	: yes
cpuid level	: 22
wp		: yes
flags		: fpu vme de pse tsc msr pae mce cx8 apic sep mtrr pge mca cmov pat pse36 clflush dts acpi mmx fxsr sse sse2 ss ht tm pbe syscall nx pdpe1gb rdtscp lm constant_tsc art arch_perfmon pebs bts rep_good nopl xtopology nonstop_tsc aperfmperf eagerfpu pni pclmulqdq dtes64 monitor ds_cpl vmx smx est tm2 ssse3 sdbg fma cx16 xtpr pdcm pcid sse4_1 sse4_2 x2apic movbe popcnt tsc_deadline_timer aes xsave avx f16c rdrand lahf_lm abm 3dnowprefetch intel_pt tpr_shadow vnmi flexpriority ept vpid fsgsbase tsc_adjust bmi1 hle avx2 smep bmi2 erms invpcid rtm mpx rdseed adx smap clflushopt xsaveopt xsavec xgetbv1 xsaves dtherm ida arat pln pts hwp hwp_notify hwp_act_window hwp_epp
bugs		:
bogomips	: 6384.00
clflush size	: 64
cache_alignment	: 64
address sizes	: 39 bits physical, 48 bits virtual
power management:

processor	: 1
vendor_id	: GenuineIntel
cpu family	: 6
model		: 94
model name	: Intel(R) Core(TM) i5-6500 CPU @ 3.20GHz
stepping	: 3
microcode	: 0x9e
cpu MHz		: 2746.484
cache size	: 6144 KB
physical id	: 0
siblings	: 4
core id		: 1
cpu cores	: 4
apicid		: 2
initial apicid	: 2
fpu		: yes
fpu_exception	: yes
cpuid level	: 22
wp		: yes
flags		: fpu vme de pse tsc msr pae mce cx8 apic sep mtrr pge mca cmov pat pse36 clflush dts acpi mmx fxsr sse sse2 ss ht tm pbe syscall nx pdpe1gb rdtscp lm constant_tsc art arch_perfmon pebs bts rep_good nopl xtopology nonstop_tsc aperfmperf eagerfpu pni pclmulqdq dtes64 monitor ds_cpl vmx smx est tm2 ssse3 sdbg fma cx16 xtpr pdcm pcid sse4_1 sse4_2 x2apic movbe popcnt tsc_deadline_timer aes xsave avx f16c rdrand lahf_lm abm 3dnowprefetch intel_pt tpr_shadow vnmi flexpriority ept vpid fsgsbase tsc_adjust bmi1 hle avx2 smep bmi2 erms invpcid rtm mpx rdseed adx smap clflushopt xsaveopt xsavec xgetbv1 xsaves dtherm ida arat pln pts hwp hwp_notify hwp_act_window hwp_epp
bugs		:
bogomips	: 6387.60
clflush size	: 64
cache_alignment	: 64
address sizes	: 39 bits physical, 48 bits virtual
power management:

processor	: 2
vendor_id	: GenuineIntel
cpu family	: 6
model		: 94
model name	: Intel(R) Core(TM) i5-6500 CPU @ 3.20GHz
stepping	: 3
microcode	: 0x9e
cpu MHz		: 2713.085
cache size	: 6144 KB
physical id	: 0
siblings	: 4
core id		: 2
cpu cores	: 4
apicid		: 4
initial apicid	: 4
fpu		: yes
fpu_exception	: yes
cpuid level	: 22
wp		: yes
flags		: fpu vme de pse tsc msr pae mce cx8 apic sep mtrr pge mca cmov pat pse36 clflush dts acpi mmx fxsr sse sse2 ss ht tm pbe syscall nx pdpe1gb rdtscp lm constant_tsc art arch_perfmon pebs bts rep_good nopl xtopology nonstop_tsc aperfmperf eagerfpu pni pclmulqdq dtes64 monitor ds_cpl vmx smx est tm2 ssse3 sdbg fma cx16 xtpr pdcm pcid sse4_1 sse4_2 x2apic movbe popcnt tsc_deadline_timer aes xsave avx f16c rdrand lahf_lm abm 3dnowprefetch intel_pt tpr_shadow vnmi flexpriority ept vpid fsgsbase tsc_adjust bmi1 hle avx2 smep bmi2 erms invpcid rtm mpx rdseed adx smap clflushopt xsaveopt xsavec xgetbv1 xsaves dtherm ida arat pln pts hwp hwp_notify hwp_act_window hwp_epp
bugs		:
bogomips	: 6387.70
clflush size	: 64
cache_alignment	: 64
address sizes	: 39 bits physical, 48 bits virtual
power management:

processor	: 3
vendor_id	: GenuineIntel
cpu family	: 6
model		: 94
model name	: Intel(R) Core(TM) i5-6500 CPU @ 3.20GHz
stepping	: 3
microcode	: 0x9e
cpu MHz		: 2702.929
cache size	: 6144 KB
physical id	: 0
siblings	: 4
core id		: 3
cpu cores	: 4
apicid		: 6
initial apicid	: 6
fpu		: yes
fpu_exception	: yes
cpuid level	: 22
wp		: yes
flags		: fpu vme de pse tsc msr pae mce cx8 apic sep mtrr pge mca cmov pat pse36 clflush dts acpi mmx fxsr sse sse2 ss ht tm pbe syscall nx pdpe1gb rdtscp lm constant_tsc art arch_perfmon pebs bts rep_good nopl xtopology nonstop_tsc aperfmperf eagerfpu pni pclmulqdq dtes64 monitor ds_cpl vmx smx est tm2 ssse3 sdbg fma cx16 xtpr pdcm pcid sse4_1 sse4_2 x2apic movbe popcnt tsc_deadline_timer aes xsave avx f16c rdrand lahf_lm abm 3dnowprefetch intel_pt tpr_shadow vnmi flexpriority ept vpid fsgsbase tsc_adjust bmi1 hle avx2 smep bmi2 erms invpcid rtm mpx rdseed adx smap clflushopt xsaveopt xsavec xgetbv1 xsaves dtherm ida arat pln pts hwp hwp_notify hwp_act_window hwp_epp
bugs		:
bogomips	: 6387.61
clflush size	: 64
cache_alignment	: 64
address sizes	: 39 bits physical, 48 bits virtual
power management:



Memory: 4k page, physical 8053800k(123572k free), swap 8187900k(8k free)

vm_info: Java HotSpot(TM) 64-Bit Server VM (25.101-b13) for linux-amd64 JRE (1.8.0_101-b13), built on Jun 22 2016 02:59:44 by "java_re" with gcc 4.3.0 20080428 (Red Hat 4.3.0-8)

time: Mon Oct  9 13:52:57 2017
elapsed time: 6 seconds (0d 0h 0m 6s)

