#
# There is insufficient memory for the Java Runtime Environment to continue.
# Native memory allocation (mmap) failed to map 145227776 bytes for committing reserved memory.
# Possible reasons:
#   The system is out of physical RAM or swap space
#   In 32 bit mode, the process size limit was hit
# Possible solutions:
#   Reduce memory load on the system
#   Increase physical memory or swap space
#   Check if swap backing store is full
#   Use 64 bit Java on a 64 bit OS
#   Decrease Java heap size (-Xmx/-Xms)
#   Decrease number of Java threads
#   Decrease Java thread stack sizes (-Xss)
#   Set larger code cache with -XX:ReservedCodeCacheSize=
# This output file may be truncated or incomplete.
#
#  Out of Memory Error (os_linux.cpp:2627), pid=6655, tid=0x00007faf1d759700
#
# JRE version: Java(TM) SE Runtime Environment (8.0_101-b13) (build 1.8.0_101-b13)
# Java VM: Java HotSpot(TM) 64-Bit Server VM (25.101-b13 mixed mode linux-amd64 compressed oops)
# Failed to write core dump. Core dumps have been disabled. To enable core dumping, try "ulimit -c unlimited" before starting Java again
#

---------------  T H R E A D  ---------------

Current thread (0x00007faf34146000):  VMThread [stack: 0x00007faf1d659000,0x00007faf1d75a000] [id=6664]

Stack: [0x00007faf1d659000,0x00007faf1d75a000],  sp=0x00007faf1d7581a0,  free space=1020k
Native frames: (J=compiled Java code, j=interpreted, Vv=VM code, C=native code)
V  [libjvm.so+0xac3f0a]  VMError::report_and_die()+0x2ba
V  [libjvm.so+0x4fbf9b]  report_vm_out_of_memory(char const*, int, unsigned long, VMErrorType, char const*)+0x8b
V  [libjvm.so+0x9222d3]  os::Linux::commit_memory_impl(char*, unsigned long, bool)+0x103
V  [libjvm.so+0x922829]  os::pd_commit_memory(char*, unsigned long, unsigned long, bool)+0x29
V  [libjvm.so+0x91cb2a]  os::commit_memory(char*, unsigned long, unsigned long, bool)+0x2a
V  [libjvm.so+0x991053]  PSVirtualSpace::expand_by(unsigned long)+0x53
V  [libjvm.so+0x992458]  PSYoungGen::resize_generation(unsigned long, unsigned long)+0xf8
V  [libjvm.so+0x9915b2]  PSYoungGen::resize(unsigned long, unsigned long)+0x22
V  [libjvm.so+0x98e88b]  PSScavenge::invoke_no_policy()+0xf3b
V  [libjvm.so+0x98f011]  PSScavenge::invoke()+0x41
V  [libjvm.so+0x945fc0]  ParallelScavengeHeap::failed_mem_allocate(unsigned long)+0x70
V  [libjvm.so+0xac5927]  VM_ParallelGCFailedAllocation::doit()+0x97
V  [libjvm.so+0xacd405]  VM_Operation::evaluate()+0x55
V  [libjvm.so+0xacb7da]  VMThread::evaluate_operation(VM_Operation*)+0xba
V  [libjvm.so+0xacbb5e]  VMThread::loop()+0x1ce
V  [libjvm.so+0xacbfd0]  VMThread::run()+0x70
V  [libjvm.so+0x924698]  java_start(Thread*)+0x108

VM_Operation (0x00007faf3ce21d20): ParallelGCFailedAllocation, mode: safepoint, requested by thread 0x00007faf34010000


---------------  P R O C E S S  ---------------

Java Threads: ( => current thread )
  0x00007faf351fa000 JavaThread "__DEFAULT__" daemon [_thread_blocked, id=6692, stack(0x00007faf0dd6d000,0x00007faf0de6e000)]
  0x00007faf35066000 JavaThread "Druid-ConnectionPool-Destroy-1091597918" daemon [_thread_blocked, id=6690, stack(0x00007faf0eccc000,0x00007faf0edcd000)]
  0x00007faf3502e000 JavaThread "Druid-ConnectionPool-Create-1091597918" daemon [_thread_blocked, id=6689, stack(0x00007faf0edcd000,0x00007faf0eece000)]
  0x00007faf3501a800 JavaThread "Abandoned connection cleanup thread" daemon [_thread_blocked, id=6688, stack(0x00007faf0eece000,0x00007faf0efcf000)]
  0x00007faf345ad000 JavaThread "Service Thread" daemon [_thread_blocked, id=6678, stack(0x00007faf1c56c000,0x00007faf1c66d000)]
  0x00007faf345a1800 JavaThread "C1 CompilerThread2" daemon [_thread_blocked, id=6677, stack(0x00007faf1c66d000,0x00007faf1c76e000)]
  0x00007faf3459e800 JavaThread "C2 CompilerThread1" daemon [_thread_in_native, id=6676, stack(0x00007faf1c76e000,0x00007faf1c86f000)]
  0x00007faf3459d000 JavaThread "C2 CompilerThread0" daemon [_thread_blocked, id=6675, stack(0x00007faf1c86f000,0x00007faf1c970000)]
  0x00007faef4001000 JavaThread "JDWP Command Reader" daemon [_thread_in_native, id=6674, stack(0x00007faf1ce4f000,0x00007faf1cf50000)]
  0x00007faf34196000 JavaThread "JDWP Event Helper Thread" daemon [_thread_blocked, id=6673, stack(0x00007faf1cf50000,0x00007faf1d051000)]
  0x00007faf34192800 JavaThread "JDWP Transport Listener: dt_socket" daemon [_thread_blocked, id=6670, stack(0x00007faf1d051000,0x00007faf1d152000)]
  0x00007faf34184000 JavaThread "Signal Dispatcher" daemon [_thread_blocked, id=6669, stack(0x00007faf1d356000,0x00007faf1d457000)]
  0x00007faf34152000 JavaThread "Finalizer" daemon [_thread_blocked, id=6666, stack(0x00007faf1d457000,0x00007faf1d558000)]
  0x00007faf3414d800 JavaThread "Reference Handler" daemon [_thread_blocked, id=6665, stack(0x00007faf1d558000,0x00007faf1d659000)]
  0x00007faf34010000 JavaThread "main" [_thread_blocked, id=6658, stack(0x00007faf3cd26000,0x00007faf3ce27000)]

Other Threads:
=>0x00007faf34146000 VMThread [stack: 0x00007faf1d659000,0x00007faf1d75a000] [id=6664]
  0x00007faf345b3000 WatcherThread [stack: 0x00007faf1c46b000,0x00007faf1c56c000] [id=6679]

VM state:at safepoint (normal execution)

VM Mutex/Monitor currently owned by a thread:  ([mutex/lock_event])
[0x00007faf3400e440] Threads_lock - owner thread: 0x00007faf34146000
[0x00007faf3400e940] Heap_lock - owner thread: 0x00007faf34010000

Heap:
 PSYoungGen      total 386048K, used 17396K [0x00000000d7000000, 0x00000000f0d00000, 0x0000000100000000)
  eden space 368640K, 0% used [0x00000000d7000000,0x00000000d7000000,0x00000000ed800000)
  from space 17408K, 99% used [0x00000000eeb00000,0x00000000efbfd198,0x00000000efc00000)
  to   space 13312K, 0% used [0x00000000f0000000,0x00000000f0000000,0x00000000f0d00000)
 ParOldGen       total 70656K, used 26082K [0x0000000085000000, 0x0000000089500000, 0x00000000d7000000)
  object space 70656K, 36% used [0x0000000085000000,0x0000000086978860,0x0000000089500000)
 Metaspace       used 44220K, capacity 44604K, committed 44928K, reserved 1089536K
  class space    used 5353K, capacity 5468K, committed 5504K, reserved 1048576K

Card table byte_map: [0x00007faf396d7000,0x00007faf39ab0000] byte_map_base: 0x00007faf392af000

Marking Bits: (ParMarkBitMap*) 0x00007faf3c1f1120
 Begin Bits: [0x00007faf14280000, 0x00007faf16140000)
 End Bits:   [0x00007faf16140000, 0x00007faf18000000)

Polling page: 0x00007faf3ce3e000

CodeCache: size=245760Kb used=16332Kb max_used=16332Kb free=229427Kb
 bounds [0x00007faf1e467000, 0x00007faf1f477000, 0x00007faf2d467000]
 total_blobs=4714 nmethods=4208 adapters=426
 compilation: enabled

Compilation events (10 events):
Event: 10.591 Thread 0x00007faf345a1800 4734       3       com.alibaba.dubbo.config.AbstractConfig::isPrimitive (73 bytes)
Event: 10.591 Thread 0x00007faf345a1800 nmethod 4734 0x00007faf1f464310 code [0x00007faf1f4644a0, 0x00007faf1f464988]
Event: 10.595 Thread 0x00007faf345a1800 4735   !   3       java.lang.ClassLoader::loadClass (122 bytes)
Event: 10.603 Thread 0x00007faf345a1800 nmethod 4735 0x00007faf1f464a50 code [0x00007faf1f464dc0, 0x00007faf1f467098]
Event: 10.603 Thread 0x00007faf345a1800 4737       3       java.util.regex.Pattern$Curly::match (86 bytes)
Event: 10.603 Thread 0x00007faf345a1800 nmethod 4737 0x00007faf1f468990 code [0x00007faf1f468b40, 0x00007faf1f4691b8]
Event: 10.603 Thread 0x00007faf345a1800 4736       3       java.lang.ClassLoader::getClassLoadingLock (35 bytes)
Event: 10.603 Thread 0x00007faf345a1800 nmethod 4736 0x00007faf1f469390 code [0x00007faf1f469520, 0x00007faf1f469968]
Event: 10.608 Thread 0x00007faf345a1800 4738       3       javassist.bytecode.FieldInfo::<init> (20 bytes)
Event: 10.608 Thread 0x00007faf345a1800 nmethod 4738 0x00007faf1f469ad0 code [0x00007faf1f469c40, 0x00007faf1f469e30]

GC Heap History (10 events):
Event: 5.921 GC heap after
Heap after GC invocations=8 (full 0):
 PSYoungGen      total 258560K, used 12784K [0x00000000d7000000, 0x00000000e8500000, 0x0000000100000000)
  eden space 245760K, 0% used [0x00000000d7000000,0x00000000d7000000,0x00000000e6000000)
  from space 12800K, 99% used [0x00000000e7080000,0x00000000e7cfc3c0,0x00000000e7d00000)
  to   space 16896K, 0% used [0x00000000e6000000,0x00000000e6000000,0x00000000e7080000)
 ParOldGen       total 84992K, used 13144K [0x0000000085000000, 0x000000008a300000, 0x00000000d7000000)
  object space 84992K, 15% used [0x0000000085000000,0x0000000085cd6240,0x000000008a300000)
 Metaspace       used 20691K, capacity 20958K, committed 21120K, reserved 1069056K
  class space    used 2326K, capacity 2403K, committed 2432K, reserved 1048576K
}
Event: 6.066 GC heap before
{Heap before GC invocations=9 (full 0):
 PSYoungGen      total 258560K, used 86323K [0x00000000d7000000, 0x00000000e8500000, 0x0000000100000000)
  eden space 245760K, 29% used [0x00000000d7000000,0x00000000db7d0a18,0x00000000e6000000)
  from space 12800K, 99% used [0x00000000e7080000,0x00000000e7cfc3c0,0x00000000e7d00000)
  to   space 16896K, 0% used [0x00000000e6000000,0x00000000e6000000,0x00000000e7080000)
 ParOldGen       total 84992K, used 13144K [0x0000000085000000, 0x000000008a300000, 0x00000000d7000000)
  object space 84992K, 15% used [0x0000000085000000,0x0000000085cd6240,0x000000008a300000)
 Metaspace       used 20926K, capacity 21150K, committed 21296K, reserved 1069056K
  class space    used 2354K, capacity 2403K, committed 2432K, reserved 1048576K
Event: 6.077 GC heap after
Heap after GC invocations=9 (full 0):
 PSYoungGen      total 262656K, used 8323K [0x00000000d7000000, 0x00000000f1000000, 0x0000000100000000)
  eden space 245760K, 0% used [0x00000000d7000000,0x00000000d7000000,0x00000000e6000000)
  from space 16896K, 49% used [0x00000000e6000000,0x00000000e6820d18,0x00000000e7080000)
  to   space 16384K, 0% used [0x00000000f0000000,0x00000000f0000000,0x00000000f1000000)
 ParOldGen       total 84992K, used 15089K [0x0000000085000000, 0x000000008a300000, 0x00000000d7000000)
  object space 84992K, 17% used [0x0000000085000000,0x0000000085ebc6a0,0x000000008a300000)
 Metaspace       used 20926K, capacity 21150K, committed 21296K, reserved 1069056K
  class space    used 2354K, capacity 2403K, committed 2432K, reserved 1048576K
}
Event: 6.077 GC heap before
{Heap before GC invocations=10 (full 1):
 PSYoungGen      total 262656K, used 8323K [0x00000000d7000000, 0x00000000f1000000, 0x0000000100000000)
  eden space 245760K, 0% used [0x00000000d7000000,0x00000000d7000000,0x00000000e6000000)
  from space 16896K, 49% used [0x00000000e6000000,0x00000000e6820d18,0x00000000e7080000)
  to   space 16384K, 0% used [0x00000000f0000000,0x00000000f0000000,0x00000000f1000000)
 ParOldGen       total 84992K, used 15089K [0x0000000085000000, 0x000000008a300000, 0x00000000d7000000)
  object space 84992K, 17% used [0x0000000085000000,0x0000000085ebc6a0,0x000000008a300000)
 Metaspace       used 20926K, capacity 21150K, committed 21296K, reserved 1069056K
  class space    used 2354K, capacity 2403K, committed 2432K, reserved 1048576K
Event: 6.114 GC heap after
Heap after GC invocations=10 (full 1):
 PSYoungGen      total 262656K, used 0K [0x00000000d7000000, 0x00000000f1000000, 0x0000000100000000)
  eden space 245760K, 0% used [0x00000000d7000000,0x00000000d7000000,0x00000000e6000000)
  from space 16896K, 0% used [0x00000000e6000000,0x00000000e6000000,0x00000000e7080000)
  to   space 16384K, 0% used [0x00000000f0000000,0x00000000f0000000,0x00000000f1000000)
 ParOldGen       total 54272K, used 12868K [0x0000000085000000, 0x0000000088500000, 0x00000000d7000000)
  object space 54272K, 23% used [0x0000000085000000,0x0000000085c91100,0x0000000088500000)
 Metaspace       used 20926K, capacity 21150K, committed 21296K, reserved 1069056K
  class space    used 2354K, capacity 2403K, committed 2432K, reserved 1048576K
}
Event: 7.808 GC heap before
{Heap before GC invocations=11 (full 1):
 PSYoungGen      total 262656K, used 174223K [0x00000000d7000000, 0x00000000f1000000, 0x0000000100000000)
  eden space 245760K, 70% used [0x00000000d7000000,0x00000000e1a23f50,0x00000000e6000000)
  from space 16896K, 0% used [0x00000000e6000000,0x00000000e6000000,0x00000000e7080000)
  to   space 16384K, 0% used [0x00000000f0000000,0x00000000f0000000,0x00000000f1000000)
 ParOldGen       total 54272K, used 12868K [0x0000000085000000, 0x0000000088500000, 0x00000000d7000000)
  object space 54272K, 23% used [0x0000000085000000,0x0000000085c91100,0x0000000088500000)
 Metaspace       used 34868K, capacity 35178K, committed 35496K, reserved 1081344K
  class space    used 4161K, capacity 4259K, committed 4352K, reserved 1048576K
Event: 7.822 GC heap after
Heap after GC invocations=11 (full 1):
 PSYoungGen      total 381952K, used 12831K [0x00000000d7000000, 0x00000000f0d00000, 0x0000000100000000)
  eden space 368640K, 0% used [0x00000000d7000000,0x00000000d7000000,0x00000000ed800000)
  from space 13312K, 96% used [0x00000000f0000000,0x00000000f0c87d98,0x00000000f0d00000)
  to   space 17408K, 0% used [0x00000000eeb00000,0x00000000eeb00000,0x00000000efc00000)
 ParOldGen       total 54272K, used 12876K [0x0000000085000000, 0x0000000088500000, 0x00000000d7000000)
  object space 54272K, 23% used [0x0000000085000000,0x0000000085c93100,0x0000000088500000)
 Metaspace       used 34868K, capacity 35178K, committed 35496K, reserved 1081344K
  class space    used 4161K, capacity 4259K, committed 4352K, reserved 1048576K
}
Event: 7.822 GC heap before
{Heap before GC invocations=12 (full 2):
 PSYoungGen      total 381952K, used 12831K [0x00000000d7000000, 0x00000000f0d00000, 0x0000000100000000)
  eden space 368640K, 0% used [0x00000000d7000000,0x00000000d7000000,0x00000000ed800000)
  from space 13312K, 96% used [0x00000000f0000000,0x00000000f0c87d98,0x00000000f0d00000)
  to   space 17408K, 0% used [0x00000000eeb00000,0x00000000eeb00000,0x00000000efc00000)
 ParOldGen       total 54272K, used 12876K [0x0000000085000000, 0x0000000088500000, 0x00000000d7000000)
  object space 54272K, 23% used [0x0000000085000000,0x0000000085c93100,0x0000000088500000)
 Metaspace       used 34868K, capacity 35178K, committed 35496K, reserved 1081344K
  class space    used 4161K, capacity 4259K, committed 4352K, reserved 1048576K
Event: 7.855 GC heap after
Heap after GC invocations=12 (full 2):
 PSYoungGen      total 381952K, used 0K [0x00000000d7000000, 0x00000000f0d00000, 0x0000000100000000)
  eden space 368640K, 0% used [0x00000000d7000000,0x00000000d7000000,0x00000000ed800000)
  from space 13312K, 0% used [0x00000000f0000000,0x00000000f0000000,0x00000000f0d00000)
  to   space 17408K, 0% used [0x00000000eeb00000,0x00000000eeb00000,0x00000000efc00000)
 ParOldGen       total 70656K, used 18697K [0x0000000085000000, 0x0000000089500000, 0x00000000d7000000)
  object space 70656K, 26% used [0x0000000085000000,0x0000000086242448,0x0000000089500000)
 Metaspace       used 34868K, capacity 35178K, committed 35496K, reserved 1081344K
  class space    used 4161K, capacity 4259K, committed 4352K, reserved 1048576K
}
Event: 10.617 GC heap before
{Heap before GC invocations=13 (full 2):
 PSYoungGen      total 381952K, used 368640K [0x00000000d7000000, 0x00000000f0d00000, 0x0000000100000000)
  eden space 368640K, 100% used [0x00000000d7000000,0x00000000ed800000,0x00000000ed800000)
  from space 13312K, 0% used [0x00000000f0000000,0x00000000f0000000,0x00000000f0d00000)
  to   space 17408K, 0% used [0x00000000eeb00000,0x00000000eeb00000,0x00000000efc00000)
 ParOldGen       total 70656K, used 18697K [0x0000000085000000, 0x0000000089500000, 0x00000000d7000000)
  object space 70656K, 26% used [0x0000000085000000,0x0000000086242448,0x0000000089500000)
 Metaspace       used 44220K, capacity 44604K, committed 44928K, reserved 1089536K
  class space    used 5353K, capacity 5468K, committed 5504K, reserved 1048576K

Deoptimization events (10 events):
Event: 9.707 Thread 0x00007faf34010000 Uncommon trap: reason=unstable_if action=reinterpret pc=0x00007faf1ea651e8 method=java.lang.Class$MethodArray.addIfNotPresent(Ljava/lang/reflect/Method;)V @ 19
Event: 9.720 Thread 0x00007faf34010000 Uncommon trap: reason=unloaded action=reinterpret pc=0x00007faf1eec3680 method=org.aspectj.apache.bcel.classfile.Attribute.readAttribute(Ljava/io/DataInputStream;Lorg/aspectj/apache/bcel/classfile/ConstantPool;)Lorg/aspectj/apache/bcel/classfile/Attribute
Event: 9.740 Thread 0x00007faf34010000 Uncommon trap: reason=unloaded action=reinterpret pc=0x00007faf1f31a2fc method=org.aspectj.apache.bcel.classfile.Constant.readConstant(Ljava/io/DataInputStream;)Lorg/aspectj/apache/bcel/classfile/Constant; @ 209
Event: 10.287 Thread 0x00007faf34010000 Uncommon trap: reason=unstable_if action=reinterpret pc=0x00007faf1ea66128 method=sun.misc.Launcher$AppClassLoader.loadClass(Ljava/lang/String;Z)Ljava/lang/Class; @ 9
Event: 10.331 Thread 0x00007faf34010000 Uncommon trap: reason=unstable_if action=reinterpret pc=0x00007faf1ec92c0c method=java.util.regex.Pattern$Curly.match(Ljava/util/regex/Matcher;ILjava/lang/CharSequence;)Z @ 45
Event: 10.387 Thread 0x00007faf34010000 Uncommon trap: reason=unstable_if action=reinterpret pc=0x00007faf1e6c36c0 method=java.util.concurrent.ConcurrentHashMap.putVal(Ljava/lang/Object;Ljava/lang/Object;Z)Ljava/lang/Object; @ 331
Event: 10.390 Thread 0x00007faf34010000 Uncommon trap: reason=unstable_if action=reinterpret pc=0x00007faf1ed51ad8 method=java.util.concurrent.ConcurrentHashMap.get(Ljava/lang/Object;)Ljava/lang/Object; @ 86
Event: 10.482 Thread 0x00007faf34010000 Uncommon trap: reason=unstable_if action=reinterpret pc=0x00007faf1f3d5cf0 method=org.springframework.util.ConcurrentReferenceHashMap$Segment.findInChain(Lorg/springframework/util/ConcurrentReferenceHashMap$Reference;Ljava/lang/Object;I)Lorg/springframewo
Event: 10.483 Thread 0x00007faf34010000 Uncommon trap: reason=unstable_if action=reinterpret pc=0x00007faf1ed668d8 method=org.springframework.util.ConcurrentReferenceHashMap$Segment.findInChain(Lorg/springframework/util/ConcurrentReferenceHashMap$Reference;Ljava/lang/Object;I)Lorg/springframewo
Event: 10.492 Thread 0x00007faf34010000 Uncommon trap: reason=bimorphic action=maybe_recompile pc=0x00007faf1ef3b504 method=java.util.Collections$UnmodifiableMap.get(Ljava/lang/Object;)Ljava/lang/Object; @ 5

Internal exceptions (10 events):
Event: 10.017 Thread 0x00007faf34010000 Exception <a 'java/lang/ClassNotFoundException': java/io/SerializableCustomizer> (0x00000000e8c14280) thrown at [/HUDSON3/workspace/8-2-build-linux-amd64/jdk8u101/7261/hotspot/src/share/vm/classfile/systemDictionary.cpp, line 210]
Event: 10.021 Thread 0x00007faf34010000 Exception <a 'java/lang/ClassNotFoundException': java/io/SerializableCustomizer> (0x00000000e8c81020) thrown at [/HUDSON3/workspace/8-2-build-linux-amd64/jdk8u101/7261/hotspot/src/share/vm/classfile/systemDictionary.cpp, line 210]
Event: 10.023 Thread 0x00007faf34010000 Exception <a 'java/lang/ClassNotFoundException': com/bjike/goddess/voucher/entity/VoucherGenerateBeanInfo> (0x00000000e8cc99b8) thrown at [/HUDSON3/workspace/8-2-build-linux-amd64/jdk8u101/7261/hotspot/src/share/vm/classfile/systemDictionary.cpp, line 210
Event: 10.023 Thread 0x00007faf34010000 Exception <a 'java/lang/ClassNotFoundException': com/bjike/goddess/voucher/entity/VoucherGenerateCustomizer> (0x00000000e8cf42e0) thrown at [/HUDSON3/workspace/8-2-build-linux-amd64/jdk8u101/7261/hotspot/src/share/vm/classfile/systemDictionary.cpp, line 2
Event: 10.024 Thread 0x00007faf34010000 Exception <a 'java/lang/ClassNotFoundException': java/io/SerializableCustomizer> (0x00000000e8d3e0f8) thrown at [/HUDSON3/workspace/8-2-build-linux-amd64/jdk8u101/7261/hotspot/src/share/vm/classfile/systemDictionary.cpp, line 210]
Event: 10.065 Thread 0x00007faf34010000 Exception <a 'java/lang/AbstractMethodError'> (0x00000000e9432cc0) thrown at [/HUDSON3/workspace/8-2-build-linux-amd64/jdk8u101/7261/hotspot/src/share/vm/interpreter/interpreterRuntime.cpp, line 529]
Event: 10.384 Thread 0x00007faf34010000 Exception <a 'java/lang/AbstractMethodError'> (0x00000000ec4149f0) thrown at [/HUDSON3/workspace/8-2-build-linux-amd64/jdk8u101/7261/hotspot/src/share/vm/interpreter/interpreterRuntime.cpp, line 529]
Event: 10.384 Thread 0x00007faf34010000 Exception <a 'java/lang/AbstractMethodError'> (0x00000000ec414e80) thrown at [/HUDSON3/workspace/8-2-build-linux-amd64/jdk8u101/7261/hotspot/src/share/vm/interpreter/interpreterRuntime.cpp, line 529]
Event: 10.487 Thread 0x00007faf34010000 Exception <a 'java/lang/AbstractMethodError'> (0x00000000ed1f73d0) thrown at [/HUDSON3/workspace/8-2-build-linux-amd64/jdk8u101/7261/hotspot/src/share/vm/interpreter/interpreterRuntime.cpp, line 529]
Event: 10.487 Thread 0x00007faf34010000 Exception <a 'java/lang/AbstractMethodError'> (0x00000000ed1f7860) thrown at [/HUDSON3/workspace/8-2-build-linux-amd64/jdk8u101/7261/hotspot/src/share/vm/interpreter/interpreterRuntime.cpp, line 529]

Events (10 events):
Event: 10.606 Thread 0x00007faf34010000 DEOPT UNPACKING pc=0x00007faf1e4ae633 sp=0x00007faf3ce22e60 mode 1
Event: 10.606 Thread 0x00007faf34010000 DEOPT PACKING pc=0x00007faf1f4325f9 sp=0x00007faf3ce23150
Event: 10.606 Thread 0x00007faf34010000 DEOPT UNPACKING pc=0x00007faf1e4ae633 sp=0x00007faf3ce22eb8 mode 1
Event: 10.606 Thread 0x00007faf34010000 DEOPT PACKING pc=0x00007faf1f4389ac sp=0x00007faf3ce23250
Event: 10.606 Thread 0x00007faf34010000 DEOPT UNPACKING pc=0x00007faf1e4ae633 sp=0x00007faf3ce23030 mode 1
Event: 10.609 Thread 0x00007faf34010000 DEOPT PACKING pc=0x00007faf1f4325f9 sp=0x00007faf3ce22f80
Event: 10.609 Thread 0x00007faf34010000 DEOPT UNPACKING pc=0x00007faf1e4ae633 sp=0x00007faf3ce22ce8 mode 1
Event: 10.609 Thread 0x00007faf34010000 DEOPT PACKING pc=0x00007faf1f4389ac sp=0x00007faf3ce23080
Event: 10.609 Thread 0x00007faf34010000 DEOPT UNPACKING pc=0x00007faf1e4ae633 sp=0x00007faf3ce22e60 mode 1
Event: 10.616 Executing VM operation: ParallelGCFailedAllocation


Dynamic libraries:
00400000-00401000 r-xp 00000000 fd:02 2100689                            /home/ike/soft/jdk1.8/bin/java
00600000-00601000 rw-p 00000000 fd:02 2100689                            /home/ike/soft/jdk1.8/bin/java
01aee000-01b0f000 rw-p 00000000 00:00 0                                  [heap]
85000000-89500000 rw-p 00000000 00:00 0 
89500000-d7000000 ---p 00000000 00:00 0 
d7000000-f0d00000 rw-p 00000000 00:00 0 
f9780000-100000000 ---p 00000000 00:00 0 
100000000-100560000 rw-p 00000000 00:00 0 
100560000-140000000 ---p 00000000 00:00 0 
7faec0000000-7faec0021000 rw-p 00000000 00:00 0 
7faec0021000-7faec4000000 ---p 00000000 00:00 0 
7faec4000000-7faec4021000 rw-p 00000000 00:00 0 
7faec4021000-7faec8000000 ---p 00000000 00:00 0 
7faec8000000-7faec84d8000 rw-p 00000000 00:00 0 
7faec84d8000-7faecc000000 ---p 00000000 00:00 0 
7faecc000000-7faecc021000 rw-p 00000000 00:00 0 
7faecc021000-7faed0000000 ---p 00000000 00:00 0 
7faed0000000-7faed0021000 rw-p 00000000 00:00 0 
7faed0021000-7faed4000000 ---p 00000000 00:00 0 
7faed4000000-7faed4021000 rw-p 00000000 00:00 0 
7faed4021000-7faed8000000 ---p 00000000 00:00 0 
7faed8000000-7faed8d86000 rw-p 00000000 00:00 0 
7faed8d86000-7faedc000000 ---p 00000000 00:00 0 
7faedc000000-7faedc021000 rw-p 00000000 00:00 0 
7faedc021000-7faee0000000 ---p 00000000 00:00 0 
7faee0000000-7faee232a000 rw-p 00000000 00:00 0 
7faee232a000-7faee4000000 ---p 00000000 00:00 0 
7faee4000000-7faee6bf7000 rw-p 00000000 00:00 0 
7faee6bf7000-7faee8000000 ---p 00000000 00:00 0 
7faee8000000-7faee808f000 rw-p 00000000 00:00 0 
7faee808f000-7faeec000000 ---p 00000000 00:00 0 
7faeec000000-7faeec021000 rw-p 00000000 00:00 0 
7faeec021000-7faef0000000 ---p 00000000 00:00 0 
7faef0000000-7faef0021000 rw-p 00000000 00:00 0 
7faef0021000-7faef4000000 ---p 00000000 00:00 0 
7faef4000000-7faef4021000 rw-p 00000000 00:00 0 
7faef4021000-7faef8000000 ---p 00000000 00:00 0 
7faef8000000-7faef8021000 rw-p 00000000 00:00 0 
7faef8021000-7faefc000000 ---p 00000000 00:00 0 
7faefc000000-7faefc021000 rw-p 00000000 00:00 0 
7faefc021000-7faf00000000 ---p 00000000 00:00 0 
7faf00000000-7faf00021000 rw-p 00000000 00:00 0 
7faf00021000-7faf04000000 ---p 00000000 00:00 0 
7faf04000000-7faf0428f000 rw-p 00000000 00:00 0 
7faf0428f000-7faf08000000 ---p 00000000 00:00 0 
7faf08000000-7faf08021000 rw-p 00000000 00:00 0 
7faf08021000-7faf0c000000 ---p 00000000 00:00 0 
7faf0d5d6000-7faf0d656000 rw-p 00000000 00:00 0 
7faf0d656000-7faf0d7d6000 ---p 00000000 00:00 0 
7faf0d7d6000-7faf0d9d6000 rw-p 00000000 00:00 0 
7faf0d9d6000-7faf0dbd6000 rw-p 00000000 00:00 0 
7faf0dbd6000-7faf0dc6c000 r--s 01102000 fd:02 2100425                    /home/ike/soft/jdk1.8/jre/lib/ext/jfxrt.jar
7faf0dc6c000-7faf0dc6f000 ---p 00000000 00:00 0 
7faf0dc6f000-7faf0dd6d000 rw-p 00000000 00:00 0 
7faf0dd6d000-7faf0dd70000 ---p 00000000 00:00 0 
7faf0dd70000-7faf0e06e000 rw-p 00000000 00:00 0 
7faf0e06e000-7faf0e26e000 rw-p 00000000 00:00 0 
7faf0e26e000-7faf0e46e000 rw-p 00000000 00:00 0 
7faf0e46e000-7faf0e484000 r-xp 00000000 fd:00 2890778                    /usr/lib64/libgcc_s-6.3.1-20161221.so.1
7faf0e484000-7faf0e683000 ---p 00016000 fd:00 2890778                    /usr/lib64/libgcc_s-6.3.1-20161221.so.1
7faf0e683000-7faf0e684000 r--p 00015000 fd:00 2890778                    /usr/lib64/libgcc_s-6.3.1-20161221.so.1
7faf0e684000-7faf0e685000 rw-p 00016000 fd:00 2890778                    /usr/lib64/libgcc_s-6.3.1-20161221.so.1
7faf0e685000-7faf0e6b7000 r-xp 00000000 fd:02 2100254                    /home/ike/soft/jdk1.8/jre/lib/amd64/libsunec.so
7faf0e6b7000-7faf0e8b6000 ---p 00032000 fd:02 2100254                    /home/ike/soft/jdk1.8/jre/lib/amd64/libsunec.so
7faf0e8b6000-7faf0e8bc000 rw-p 00031000 fd:02 2100254                    /home/ike/soft/jdk1.8/jre/lib/amd64/libsunec.so
7faf0e8bc000-7faf0eacc000 rw-p 00000000 00:00 0 
7faf0eacc000-7faf0eccc000 rw-p 00000000 00:00 0 
7faf0eccc000-7faf0eccf000 ---p 00000000 00:00 0 
7faf0eccf000-7faf0edcd000 rw-p 00000000 00:00 0 
7faf0edcd000-7faf0edd0000 ---p 00000000 00:00 0 
7faf0edd0000-7faf0eece000 rw-p 00000000 00:00 0 
7faf0eece000-7faf0eed1000 ---p 00000000 00:00 0 
7faf0eed1000-7faf0efcf000 rw-p 00000000 00:00 0 
7faf0efcf000-7faf0efe0000 r-xp 00000000 fd:02 2100229                    /home/ike/soft/jdk1.8/jre/lib/amd64/libnio.so
7faf0efe0000-7faf0f1df000 ---p 00011000 fd:02 2100229                    /home/ike/soft/jdk1.8/jre/lib/amd64/libnio.so
7faf0f1df000-7faf0f1e0000 rw-p 00010000 fd:02 2100229                    /home/ike/soft/jdk1.8/jre/lib/amd64/libnio.so
7faf0f1e0000-7faf0f1f6000 r-xp 00000000 fd:02 2100243                    /home/ike/soft/jdk1.8/jre/lib/amd64/libnet.so
7faf0f1f6000-7faf0f3f6000 ---p 00016000 fd:02 2100243                    /home/ike/soft/jdk1.8/jre/lib/amd64/libnet.so
7faf0f3f6000-7faf0f3f7000 rw-p 00016000 fd:02 2100243                    /home/ike/soft/jdk1.8/jre/lib/amd64/libnet.so
7faf0f3f7000-7faf0f400000 r-xp 00000000 fd:02 2100283                    /home/ike/soft/jdk1.8/jre/lib/amd64/libmanagement.so
7faf0f400000-7faf0f5ff000 ---p 00009000 fd:02 2100283                    /home/ike/soft/jdk1.8/jre/lib/amd64/libmanagement.so
7faf0f5ff000-7faf0f600000 rw-p 00008000 fd:02 2100283                    /home/ike/soft/jdk1.8/jre/lib/amd64/libmanagement.so
7faf0f600000-7faf0f800000 rw-p 00000000 00:00 0 
7faf0f800000-7faf0fa00000 rw-p 00000000 00:00 0 
7faf0fa00000-7faf0fc00000 rw-p 00000000 00:00 0 
7faf0fc00000-7faf0fe00000 rw-p 00000000 00:00 0 
7faf0fe00000-7faf10000000 rw-p 00000000 00:00 0 
7faf10000000-7faf10021000 rw-p 00000000 00:00 0 
7faf10021000-7faf14000000 ---p 00000000 00:00 0 
7faf14080000-7faf18000000 rw-p 00000000 00:00 0 
7faf18000000-7faf18021000 rw-p 00000000 00:00 0 
7faf18021000-7faf1c000000 ---p 00000000 00:00 0 
7faf1c03d000-7faf1c23d000 rw-p 00000000 00:00 0 
7faf1c24a000-7faf1c250000 r--s 0003f000 fd:02 2100426                    /home/ike/soft/jdk1.8/jre/lib/ext/sunjce_provider.jar
7faf1c250000-7faf1c251000 r--s 00009000 fd:02 2100423                    /home/ike/soft/jdk1.8/jre/lib/ext/sunec.jar
7faf1c251000-7faf1c255000 r--s 0003a000 fd:02 2100420                    /home/ike/soft/jdk1.8/jre/lib/ext/sunpkcs11.jar
7faf1c255000-7faf1c259000 r--s 00097000 fd:02 2100406                    /home/ike/soft/jdk1.8/jre/lib/jsse.jar
7faf1c259000-7faf1c25e000 r--s 002f9000 fd:02 2100432                    /home/ike/soft/jdk1.8/jre/lib/charsets.jar
7faf1c25e000-7faf1c261000 r--s 0001a000 fd:02 2100204                    /home/ike/soft/jdk1.8/jre/lib/jce.jar
7faf1c261000-7faf1c461000 rw-p 00000000 00:00 0 
7faf1c461000-7faf1c46b000 r--s 00116000 fd:02 2100424                    /home/ike/soft/jdk1.8/jre/lib/ext/localedata.jar
7faf1c46b000-7faf1c46c000 ---p 00000000 00:00 0 
7faf1c46c000-7faf1c56c000 rw-p 00000000 00:00 0 
7faf1c56c000-7faf1c56f000 ---p 00000000 00:00 0 
7faf1c56f000-7faf1c66d000 rw-p 00000000 00:00 0 
7faf1c66d000-7faf1c670000 ---p 00000000 00:00 0 
7faf1c670000-7faf1c76e000 rw-p 00000000 00:00 0 
7faf1c76e000-7faf1c771000 ---p 00000000 00:00 0 
7faf1c771000-7faf1c86f000 rw-p 00000000 00:00 0 
7faf1c86f000-7faf1c872000 ---p 00000000 00:00 0 
7faf1c872000-7faf1c970000 rw-p 00000000 00:00 0 
7faf1c970000-7faf1c972000 r--s 0000a000 fd:02 2103023                    /home/ike/soft/idea-IU-171.4424.56/plugins/Groovy/lib/agent/gragent.jar
7faf1c972000-7faf1c974000 r--s 0001a000 fd:02 2102710                    /home/ike/soft/idea-IU-171.4424.56/lib/idea_rt.jar
7faf1c974000-7faf1c976000 r--s 0000c000 fd:02 3670899                    /home/ike/.m2/repository/org/ow2/asm/asm/5.0.4/asm-5.0.4.jar
7faf1c976000-7faf1c977000 r--s 00000000 fd:02 4459279                    /home/ike/.gradle/caches/modules-2/files-2.1/javax.inject/javax.inject/1/6975da39a7040257bd51d21a231b76c915872d38/javax.inject-1.jar
7faf1c977000-7faf1c978000 r--s 00001000 fd:02 4459277                    /home/ike/.gradle/caches/modules-2/files-2.1/javax.annotation/jsr250-api/1.0/5025422767732a1ab45d93abfea846513d742dcf/jsr250-api-1.0.jar
7faf1c978000-7faf1c979000 r--s 00001000 fd:02 4459275                    /home/ike/.gradle/caches/modules-2/files-2.1/org.jboss.spec.javax.interceptor/jboss-interceptors-api_1.1_spec/1.0.0.Beta1/8cb388fd3b4912373da7a18e199bb55aa52aa5c1/jboss-interceptors-api_1.1_spec-1.0.0.Beta1.jar
7faf1c979000-7faf1c97b000 r--s 00007000 fd:02 4459273                    /home/ike/.gradle/caches/modules-2/files-2.1/javax.el/el-api/2.2/42971279cc8ba864462580c7fc2199fd5715ee7f/el-api-2.2.jar
7faf1c97b000-7faf1c97d000 r--s 00005000 fd:02 2234244                    /home/ike/.m2/repository/stax/stax-api/1.0.1/stax-api-1.0.1.jar
7faf1c97d000-7faf1c97f000 r--s 0000b000 fd:02 2624367                    /home/ike/.m2/repository/org/objenesis/objenesis/2.2/objenesis-2.2.jar
7faf1c97f000-7faf1c980000 r--s 00001000 fd:02 3670910                    /home/ike/.m2/repository/com/esotericsoftware/minlog/1.3.0/minlog-1.3.0.jar
7faf1c980000-7faf1c982000 r--s 00004000 fd:02 3670897                    /home/ike/.m2/repository/com/esotericsoftware/reflectasm/1.11.3/reflectasm-1.11.3.jar
7faf1c982000-7faf1c986000 r--s 0000e000 fd:02 4459271                    /home/ike/.gradle/caches/modules-2/files-2.1/javax.enterprise/cdi-api/1.1/78b1feee99b05a78575fb2fd79fb77be5e74420d/cdi-api-1.1.jar
7faf1c986000-7faf1c989000 r--s 0002b000 fd:02 4459269                    /home/ike/.gradle/caches/modules-2/files-2.1/org.jboss/jandex/2.0.0.Final/3e899258936f94649c777193e1be846387ed54b3/jandex-2.0.0.Final.jar
7faf1c989000-7faf1c98e000 r--s 00068000 fd:02 2103485                    /home/ike/.m2/repository/antlr/antlr/2.7.7/antlr-2.7.7.jar
7faf1c98e000-7faf1c9cc000 r--s 0025d000 fd:02 2234241                    /home/ike/.m2/repository/org/apache/xmlbeans/xmlbeans/2.6.0/xmlbeans-2.6.0.jar
7faf1c9cc000-7faf1c9e4000 r--s 00110000 fd:02 3670926                    /home/ike/.m2/repository/io/netty/netty/3.7.0.Final/netty-3.7.0.Final.jar
7faf1c9e4000-7faf1c9e6000 r--s 00014000 fd:02 3539264                    /home/ike/.m2/repository/jline/jline/0.9.94/jline-0.9.94.jar
7faf1c9e6000-7faf1c9e7000 r--s 00002000 fd:02 3015918                    /home/ike/.m2/repository/org/slf4j/slf4j-log4j12/1.6.1/slf4j-log4j12-1.6.1.jar
7faf1c9e7000-7faf1c9ef000 r--s 00048000 fd:02 3670895                    /home/ike/.m2/repository/com/esotericsoftware/kryo/4.0.0/kryo-4.0.0.jar
7faf1c9ef000-7faf1c9f0000 r--s 00003000 fd:02 3540889                    /home/ike/.m2/repository/org/apache/geronimo/specs/geronimo-jta_1.1_spec/1.1.1/geronimo-jta_1.1_spec-1.1.1.jar
7faf1c9f0000-7faf1c9fa000 r--s 000ae000 fd:02 3145958                    /home/ike/.m2/repository/org/javassist/javassist/3.20.0-GA/javassist-3.20.0-GA.jar
7faf1c9fa000-7faf1c9fd000 r--s 00010000 fd:02 4459261                    /home/ike/.gradle/caches/modules-2/files-2.1/org.hibernate.common/hibernate-commons-annotations/5.0.1.Final/71e1cff3fcb20d3b3af4f3363c3ddb24d33c6879/hibernate-commons-annotations-5.0.1.Final.jar
7faf1c9fd000-7faf1ca02000 r--s 00048000 fd:02 3801997                    /home/ike/.m2/repository/dom4j/dom4j/1.6.1/dom4j-1.6.1.jar
7faf1ca02000-7faf1ca7a000 r--s 005a9000 fd:02 4459259                    /home/ike/.gradle/caches/modules-2/files-2.1/org.hibernate/hibernate-core/5.2.4.Final/52414fccd4429d8f723996e26c61330df094d06c/hibernate-core-5.2.4.Final.jar
7faf1ca7a000-7faf1ca7e000 r--s 0000c000 fd:02 3540885                    /home/ike/.m2/repository/javax/validation/validation-api/1.1.0.Final/validation-api-1.1.0.Final.jar
7faf1ca7e000-7faf1ca86000 r--s 00048000 fd:02 3807593                    /home/ike/.gradle/caches/modules-2/files-2.1/org.apache.httpcomponents/httpcore/4.4.6/e3fd8ced1f52c7574af952e2e6da0df8df08eb82/httpcore-4.4.6.jar
7faf1ca86000-7faf1ca8a000 r--s 00015000 fd:02 3542611                    /home/ike/.gradle/caches/modules-2/files-2.1/com.github.virtuald/curvesapi/1.04/3386abf821719bc89c7685f9eaafaf4a842f0199/curvesapi-1.04.jar
7faf1ca8a000-7faf1cb44000 r--s 004e0000 fd:02 7867893                    /home/ike/.gradle/caches/modules-2/files-2.1/org.apache.poi/poi-ooxml-schemas/3.16/9828a49307fc6bebfd42185b677d88b6e4994c63/poi-ooxml-schemas-3.16.jar
7faf1cb44000-7faf1cb54000 r--s 000a8000 fd:02 3542609                    /home/ike/.gradle/caches/modules-2/files-2.1/org.apache.commons/commons-collections4/4.1/a4cf4688fe1c7e3a63aa636cc96d013af537768e/commons-collections4-4.1.jar
7faf1cb54000-7faf1cb5b000 r--s 0003f000 fd:02 4196565                    /home/ike/.m2/repository/commons-codec/commons-codec/1.10/commons-codec-1.10.jar
7faf1cb5b000-7faf1cb67000 r--s 000b9000 fd:02 4587592                    /home/ike/.gradle/caches/modules-2/files-2.1/org.apache.zookeeper/zookeeper/3.4.8/933ea2ed15e6a0e24b788973e3d128ff163c3136/zookeeper-3.4.8.jar
7faf1cb67000-7faf1cb70000 r--s 0006f000 fd:02 3670891                    /home/ike/.m2/repository/log4j/log4j/1.2.17/log4j-1.2.17.jar
7faf1cb70000-7faf1cb88000 r--s 001bf000 fd:02 3670928                    /home/ike/.m2/repository/org/aspectj/aspectjweaver/1.8.10/aspectjweaver-1.8.10.jar
7faf1cb88000-7faf1cb92000 r--s 00098000 fd:02 3671156                    /home/ike/.m2/repository/org/quartz-scheduler/quartz/2.2.3/quartz-2.2.3.jar
7faf1cb92000-7faf1cb97000 r--s 00029000 fd:02 3671151                    /home/ike/.m2/repository/org/springframework/spring-context-support/4.3.5.RELEASE/spring-context-support-4.3.5.RELEASE.jar
7faf1cb97000-7faf1cb9a000 r--s 0000c000 fd:02 3671062                    /home/ike/.m2/repository/org/mengyun/tcc-transaction-core/1.1.5/tcc-transaction-core-1.1.5.jar
7faf1cb9a000-7faf1cbaa000 r--s 000b2000 fd:02 3147507                    /home/ike/.m2/repository/org/jboss/netty/netty/3.2.5.Final/netty-3.2.5.Final.jar
7faf1cbaa000-7faf1cbac000 r--s 0000e000 fd:02 3146093                    /home/ike/.m2/repository/commons-logging/commons-logging/1.2/commons-logging-1.2.jar
7faf1cbac000-7faf1cbaf000 r--s 00019000 fd:02 3808679                    /home/ike/.gradle/caches/modules-2/files-2.1/org.apache.commons/commons-pool2/2.4.2/e5f4f28f19d57716fbc3989d7a357ebf1e454fea/commons-pool2-2.4.2.jar
7faf1cbaf000-7faf1cc86000 r--s 007a9000 fd:02 6293761                    /home/ike/.gradle/caches/modules-2/files-2.1/net.sf.ehcache/ehcache/2.10.3/cf74f9a4a049f181833b147a1d9aa62159c9d01d/ehcache-2.10.3.jar
7faf1cc86000-7faf1cc88000 r--s 0000f000 fd:02 3672160                    /home/ike/.m2/repository/org/jboss/logging/jboss-logging/3.3.0.Final/jboss-logging-3.3.0.Final.jar
7faf1cc88000-7faf1cc8a000 r--s 00003000 fd:02 4588021                    /home/ike/.gradle/caches/modules-2/files-2.1/org.slf4j/jcl-over-slf4j/1.7.22/86ceac14535af5a42c8fb0d06d79b925dd3cb263/jcl-over-slf4j-1.7.22.jar
7faf1cc8a000-7faf1cc92000 r--s 0003a000 fd:02 3671152                    /home/ike/.m2/repository/org/springframework/spring-tx/4.3.5.RELEASE/spring-tx-4.3.5.RELEASE.jar
7faf1cc92000-7faf1cc96000 r--s 00019000 fd:02 4587747                    /home/ike/.gradle/caches/modules-2/files-2.1/org.aspectj/aspectjrt/1.8.9/87372d9e2323313bec24b09a325bfea8ae0eb867/aspectjrt-1.8.9.jar
7faf1cc96000-7faf1cca0000 r--s 00068000 fd:02 4587743                    /home/ike/.gradle/caches/modules-2/files-2.1/org.springframework/spring-orm/4.2.8.RELEASE/43b557f5025782616f791dbd720b4a606eeca1bf/spring-orm-4.2.8.RELEASE.jar
7faf1cca0000-7faf1cca5000 r--s 0003c000 fd:02 6554776                    /home/ike/.gradle/caches/modules-2/files-2.1/org.springframework/spring-expression/4.3.7.RELEASE/5257b6486e43d8c05674323fea5b415d4da72f38/spring-expression-4.3.7.RELEASE.jar
7faf1cca5000-7faf1ccbc000 r--s 000fb000 fd:02 6424510                    /home/ike/.gradle/caches/modules-2/files-2.1/org.springframework/spring-core/4.3.7.RELEASE/54fa2db94cc7222edc90ec71354e47cd1dc07f7b/spring-core-4.3.7.RELEASE.jar
7faf1ccbc000-7faf1ccca000 r--s 000ad000 fd:02 6424518                    /home/ike/.gradle/caches/modules-2/files-2.1/org.springframework/spring-beans/4.3.7.RELEASE/2de9f59f3202965438f3a02057d6ad8274636044/spring-beans-4.3.7.RELEASE.jar
7faf1ccca000-7faf1ccd3000 r--s 00054000 fd:02 6554774                    /home/ike/.gradle/caches/modules-2/files-2.1/org.springframework/spring-aop/4.3.7.RELEASE/3f243d685e4a8a78a0c291445c6d85560ec4d339/spring-aop-4.3.7.RELEASE.jar
7faf1ccd3000-7faf1ccd4000 r--s 00001000 fd:02 3670688                    /home/ike/.m2/repository/org/mengyun/tcc-transaction-api/1.1.5/tcc-transaction-api-1.1.5.jar
7faf1ccd4000-7faf1cce6000 r--s 000a7000 fd:02 3670135                    /home/ike/.gradle/caches/modules-2/files-2.1/org.hibernate/hibernate-validator/5.4.0.Final/2076cbd5719e4182a75ab32e7186deb0ca5ac376/hibernate-validator-5.4.0.Final.jar
7faf1cce6000-7faf1ccf3000 r--s 000aa000 fd:02 3807591                    /home/ike/.gradle/caches/modules-2/files-2.1/org.apache.httpcomponents/httpclient/4.5.3/d1577ae15f01ef5438c5afc62162457c00a34713/httpclient-4.5.3.jar
7faf1ccf3000-7faf1cd06000 r--s 0014c000 fd:02 7867891                    /home/ike/.gradle/caches/modules-2/files-2.1/org.apache.poi/poi-ooxml/3.16/76e20fe22404cc4da55ddfdaaaadee32bbfa3bdd/poi-ooxml-3.16.jar
7faf1cd06000-7faf1cd32000 r--s 00263000 fd:02 7867889                    /home/ike/.gradle/caches/modules-2/files-2.1/org.apache.poi/poi/3.16/ad21c123ee5d6b5b2a8f0d4ed23b3ffe6759a889/poi-3.16.jar
7faf1cd32000-7faf1cd35000 r--s 00015000 fd:02 3807983                    /home/ike/.m2/repository/javax/servlet/javax.servlet-api/3.1.0/javax.servlet-api-3.1.0.jar
7faf1cd35000-7faf1cd38000 r--s 00010000 fd:02 4587590                    /home/ike/.gradle/caches/modules-2/files-2.1/com.101tec/zkclient/0.10/c54d4b5a5e89af75a80b6d5857400165ce5188d0/zkclient-0.10.jar
7faf1cd38000-7faf1cd56000 r--s 00143000 fd:02 3670645                    /home/ike/.m2/repository/com/alibaba/dubbo/2.5.4-SNAPSHOT/dubbo-2.5.4-SNAPSHOT.jar
7faf1cd56000-7faf1cd58000 r--s 0000e000 fd:02 4459297                    /home/ike/.gradle/caches/modules-2/files-2.1/com.fasterxml/classmate/1.3.3/864c8e370a691e343210cc7c532fc198cee460d8/classmate-1.3.3.jar
7faf1cd58000-7faf1cd64000 r--s 0007c000 fd:02 4590155                    /home/ike/.gradle/caches/modules-2/files-2.1/redis.clients/jedis/2.9.0/292bc9cc26553acd3cccc26f2f95620bf88a04c2/jedis-2.9.0.jar
7faf1cd64000-7faf1cd93000 r--s 00239000 fd:02 5376285                    /home/ike/.gradle/caches/modules-2/files-2.1/com.google.guava/guava/21.0/3a3d111be1be1b745edfa7d91678a12d7ed38709/guava-21.0.jar
7faf1cd93000-7faf1cd98000 r--s 00061000 fd:02 3670330                    /home/ike/.gradle/caches/modules-2/files-2.1/com.alibaba/fastjson/1.2.23/be2508e9bac203c38f3f52fc8d33332c4e7ee6c5/fastjson-1.2.23.jar
7faf1cd98000-7faf1cd9b000 r--s 0001a000 fd:02 7733451                    /home/ike/.gradle/caches/modules-2/files-2.1/org.glassfish.web/javax.el/2.2.6/232abfe1f919127e9cfcd6e4e2c6324bb394535/javax.el-2.2.6.jar
7faf1cd9b000-7faf1cd9d000 r--s 00010000 fd:02 7733449                    /home/ike/.gradle/caches/modules-2/files-2.1/javax.el/javax.el-api/3.0.1-b04/8c0c970b8deae5054ff0bf4b17979c8181a506d3/javax.el-api-3.0.1-b04.jar
7faf1cd9d000-7faf1cda0000 r--s 00020000 fd:02 6168744                    /home/ike/.gradle/caches/modules-2/files-2.1/org.hibernate/hibernate-ehcache/5.2.4.Final/f70147c655b970ca70e3913f91880da6d264fe68/hibernate-ehcache-5.2.4.Final.jar
7faf1cda0000-7faf1cdb1000 r--s 0009a000 fd:02 6424506                    /home/ike/.gradle/caches/modules-2/files-2.1/org.springframework.data/spring-data-commons/1.12.8.RELEASE/827a994d703ad9916b694d17401d8bf78bd773f9/spring-data-commons-1.12.8.RELEASE.jar
7faf1cdb1000-7faf1cdbb000 r--s 0005f000 fd:02 3671148                    /home/ike/.m2/repository/org/springframework/spring-jdbc/4.3.5.RELEASE/spring-jdbc-4.3.5.RELEASE.jar
7faf1cdbb000-7faf1cdc2000 r--s 0003e000 fd:02 4587735                    /home/ike/.gradle/caches/modules-2/files-2.1/org.springframework.data/spring-data-jpa/1.10.3.RELEASE/fc31fbdb8ff777d29077ac53a616f11c2c0df59/spring-data-jpa-1.10.3.RELEASE.jar
7faf1cdc2000-7faf1cddc000 r--s 000fd000 fd:02 6424513                    /home/ike/.gradle/caches/modules-2/files-2.1/org.springframework/spring-context/4.3.7.RELEASE/34b66b0b7910122ef95ba4fff6da9238ef80a5de/spring-context-4.3.7.RELEASE.jar
7faf1cddc000-7faf1cdf3000 r--s 001b7000 fd:02 4587733                    /home/ike/.gradle/caches/modules-2/files-2.1/mysql/mysql-connector-java/6.0.5/9d8df5a1f3273110f2a9ad304961bdd03d696d86/mysql-connector-java-6.0.5.jar
7faf1cdf3000-7faf1cdf7000 r--s 0002f000 fd:02 3670137                    /home/ike/.gradle/caches/modules-2/files-2.1/commons-io/commons-io/2.5/2852e6e05fbb95076fc091f6d1780f1f8fe35e0f/commons-io-2.5.jar
7faf1cdf7000-7faf1ce19000 r--s 001e6000 fd:02 4587737                    /home/ike/.gradle/caches/modules-2/files-2.1/com.alibaba/druid/1.0.26/f4bc6159b34e4cda5abd6480203492b470aa1a36/druid-1.0.26.jar
7faf1ce19000-7faf1ce21000 r--s 0006e000 fd:02 3670118                    /home/ike/.gradle/caches/modules-2/files-2.1/org.apache.commons/commons-lang3/3.5/6c6c702c89bfff3cd9e80b04d668c5e190d588c6/commons-lang3-3.5.jar
7faf1ce21000-7faf1ce34000 r--s 00345000 fd:02 2100473                    /home/ike/soft/jdk1.8/jre/lib/resources.jar
7faf1ce34000-7faf1ce4f000 r--s 00208000 fd:02 2100407                    /home/ike/soft/jdk1.8/jre/lib/deploy.jar
7faf1ce4f000-7faf1ce52000 ---p 00000000 00:00 0 
7faf1ce52000-7faf1cf50000 rw-p 00000000 00:00 0 
7faf1cf50000-7faf1cf53000 ---p 00000000 00:00 0 
7faf1cf53000-7faf1d051000 rw-p 00000000 00:00 0 
7faf1d051000-7faf1d054000 ---p 00000000 00:00 0 
7faf1d054000-7faf1d152000 rw-p 00000000 00:00 0 
7faf1d152000-7faf1d156000 r-xp 00000000 fd:02 2100248                    /home/ike/soft/jdk1.8/jre/lib/amd64/libdt_socket.so
7faf1d156000-7faf1d355000 ---p 00004000 fd:02 2100248                    /home/ike/soft/jdk1.8/jre/lib/amd64/libdt_socket.so
7faf1d355000-7faf1d356000 rw-p 00003000 fd:02 2100248                    /home/ike/soft/jdk1.8/jre/lib/amd64/libdt_socket.so
7faf1d356000-7faf1d359000 ---p 00000000 00:00 0 
7faf1d359000-7faf1d457000 rw-p 00000000 00:00 0 
7faf1d457000-7faf1d45a000 ---p 00000000 00:00 0 
7faf1d45a000-7faf1d558000 rw-p 00000000 00:00 0 
7faf1d558000-7faf1d55b000 ---p 00000000 00:00 0 
7faf1d55b000-7faf1d659000 rw-p 00000000 00:00 0 
7faf1d659000-7faf1d65a000 ---p 00000000 00:00 0 
7faf1d65a000-7faf1e467000 rw-p 00000000 00:00 0 
7faf1e467000-7faf1f477000 rwxp 00000000 00:00 0 
7faf1f477000-7faf2d467000 ---p 00000000 00:00 0 
7faf2d467000-7faf34000000 r--p 00000000 fd:00 2885042                    /usr/lib/locale/locale-archive
7faf34000000-7faf35471000 rw-p 00000000 00:00 0 
7faf35471000-7faf38000000 ---p 00000000 00:00 0 
7faf38000000-7faf38002000 r--s 00009000 fd:02 4460443                    /home/ike/.gradle/caches/modules-2/files-2.1/org.slf4j/slf4j-api/1.7.24/3f6b4bd4f8dbe8d4bea06d107a3826469b85c3e9/slf4j-api-1.7.24.jar
7faf38002000-7faf38007000 r--s 00017000 fd:02 3148263                    /home/ike/.m2/repository/org/hibernate/javax/persistence/hibernate-jpa-2.1-api/1.0.0.Final/hibernate-jpa-2.1-api-1.0.0.Final.jar
7faf38007000-7faf3801a000 r--s 000d6000 fd:02 2100468                    /home/ike/soft/jdk1.8/jre/lib/plugin.jar
7faf3801a000-7faf3821c000 rw-p 00000000 00:00 0 
7faf3821c000-7faf383f5000 r--s 03d29000 fd:02 2100521                    /home/ike/soft/jdk1.8/jre/lib/rt.jar
7faf383f5000-7faf39043000 rw-p 00000000 00:00 0 
7faf39043000-7faf39044000 ---p 00000000 00:00 0 
7faf39044000-7faf39144000 rw-p 00000000 00:00 0 
7faf39144000-7faf39145000 ---p 00000000 00:00 0 
7faf39145000-7faf39245000 rw-p 00000000 00:00 0 
7faf39245000-7faf39246000 ---p 00000000 00:00 0 
7faf39246000-7faf39346000 rw-p 00000000 00:00 0 
7faf39346000-7faf39347000 ---p 00000000 00:00 0 
7faf39347000-7faf3946a000 rw-p 00000000 00:00 0 
7faf3946a000-7faf396d7000 ---p 00000000 00:00 0 
7faf396d7000-7faf396fa000 rw-p 00000000 00:00 0 
7faf396fa000-7faf39967000 ---p 00000000 00:00 0 
7faf39967000-7faf39a36000 rw-p 00000000 00:00 0 
7faf39a36000-7faf39aaf000 ---p 00000000 00:00 0 
7faf39aaf000-7faf39af1000 rw-p 00000000 00:00 0 
7faf39af1000-7faf39e70000 ---p 00000000 00:00 0 
7faf39e70000-7faf39e8a000 r-xp 00000000 fd:02 2100263                    /home/ike/soft/jdk1.8/jre/lib/amd64/libzip.so
7faf39e8a000-7faf3a08a000 ---p 0001a000 fd:02 2100263                    /home/ike/soft/jdk1.8/jre/lib/amd64/libzip.so
7faf3a08a000-7faf3a08b000 rw-p 0001a000 fd:02 2100263                    /home/ike/soft/jdk1.8/jre/lib/amd64/libzip.so
7faf3a08b000-7faf3a095000 r-xp 00000000 fd:00 2891856                    /usr/lib64/libnss_files-2.24.so
7faf3a095000-7faf3a295000 ---p 0000a000 fd:00 2891856                    /usr/lib64/libnss_files-2.24.so
7faf3a295000-7faf3a296000 r--p 0000a000 fd:00 2891856                    /usr/lib64/libnss_files-2.24.so
7faf3a296000-7faf3a297000 rw-p 0000b000 fd:00 2891856                    /usr/lib64/libnss_files-2.24.so
7faf3a297000-7faf3a29d000 rw-p 00000000 00:00 0 
7faf3a29d000-7faf3a2a7000 r-xp 00000000 fd:02 2100232                    /home/ike/soft/jdk1.8/jre/lib/amd64/libinstrument.so
7faf3a2a7000-7faf3a4a6000 ---p 0000a000 fd:02 2100232                    /home/ike/soft/jdk1.8/jre/lib/amd64/libinstrument.so
7faf3a4a6000-7faf3a4a7000 rw-p 00009000 fd:02 2100232                    /home/ike/soft/jdk1.8/jre/lib/amd64/libinstrument.so
7faf3a4a7000-7faf3a4a9000 r-xp 00000000 fd:02 2100241                    /home/ike/soft/jdk1.8/jre/lib/amd64/libnpt.so
7faf3a4a9000-7faf3a6a9000 ---p 00002000 fd:02 2100241                    /home/ike/soft/jdk1.8/jre/lib/amd64/libnpt.so
7faf3a6a9000-7faf3a6aa000 rw-p 00002000 fd:02 2100241                    /home/ike/soft/jdk1.8/jre/lib/amd64/libnpt.so
7faf3a6aa000-7faf3a6e3000 r-xp 00000000 fd:02 2100224                    /home/ike/soft/jdk1.8/jre/lib/amd64/libjdwp.so
7faf3a6e3000-7faf3a8e2000 ---p 00039000 fd:02 2100224                    /home/ike/soft/jdk1.8/jre/lib/amd64/libjdwp.so
7faf3a8e2000-7faf3a8e4000 rw-p 00038000 fd:02 2100224                    /home/ike/soft/jdk1.8/jre/lib/amd64/libjdwp.so
7faf3a8e4000-7faf3a90e000 r-xp 00000000 fd:02 2100286                    /home/ike/soft/jdk1.8/jre/lib/amd64/libjava.so
7faf3a90e000-7faf3ab0e000 ---p 0002a000 fd:02 2100286                    /home/ike/soft/jdk1.8/jre/lib/amd64/libjava.so
7faf3ab0e000-7faf3ab10000 rw-p 0002a000 fd:02 2100286                    /home/ike/soft/jdk1.8/jre/lib/amd64/libjava.so
7faf3ab10000-7faf3ab1d000 r-xp 00000000 fd:02 2100257                    /home/ike/soft/jdk1.8/jre/lib/amd64/libverify.so
7faf3ab1d000-7faf3ad1d000 ---p 0000d000 fd:02 2100257                    /home/ike/soft/jdk1.8/jre/lib/amd64/libverify.so
7faf3ad1d000-7faf3ad1f000 rw-p 0000d000 fd:02 2100257                    /home/ike/soft/jdk1.8/jre/lib/amd64/libverify.so
7faf3ad1f000-7faf3ad26000 r-xp 00000000 fd:00 2891975                    /usr/lib64/librt-2.24.so
7faf3ad26000-7faf3af25000 ---p 00007000 fd:00 2891975                    /usr/lib64/librt-2.24.so
7faf3af25000-7faf3af26000 r--p 00006000 fd:00 2891975                    /usr/lib64/librt-2.24.so
7faf3af26000-7faf3af27000 rw-p 00007000 fd:00 2891975                    /usr/lib64/librt-2.24.so
7faf3af27000-7faf3b02f000 r-xp 00000000 fd:00 2891438                    /usr/lib64/libm-2.24.so
7faf3b02f000-7faf3b22e000 ---p 00108000 fd:00 2891438                    /usr/lib64/libm-2.24.so
7faf3b22e000-7faf3b22f000 r--p 00107000 fd:00 2891438                    /usr/lib64/libm-2.24.so
7faf3b22f000-7faf3b230000 rw-p 00108000 fd:00 2891438                    /usr/lib64/libm-2.24.so
7faf3b230000-7faf3befb000 r-xp 00000000 fd:02 2100238                    /home/ike/soft/jdk1.8/jre/lib/amd64/server/libjvm.so
7faf3befb000-7faf3c0fa000 ---p 00ccb000 fd:02 2100238                    /home/ike/soft/jdk1.8/jre/lib/amd64/server/libjvm.so
7faf3c0fa000-7faf3c1d3000 rw-p 00cca000 fd:02 2100238                    /home/ike/soft/jdk1.8/jre/lib/amd64/server/libjvm.so
7faf3c1d3000-7faf3c21e000 rw-p 00000000 00:00 0 
7faf3c21e000-7faf3c3db000 r-xp 00000000 fd:00 2891285                    /usr/lib64/libc-2.24.so
7faf3c3db000-7faf3c5da000 ---p 001bd000 fd:00 2891285                    /usr/lib64/libc-2.24.so
7faf3c5da000-7faf3c5de000 r--p 001bc000 fd:00 2891285                    /usr/lib64/libc-2.24.so
7faf3c5de000-7faf3c5e0000 rw-p 001c0000 fd:00 2891285                    /usr/lib64/libc-2.24.so
7faf3c5e0000-7faf3c5e4000 rw-p 00000000 00:00 0 
7faf3c5e4000-7faf3c5e7000 r-xp 00000000 fd:00 2891382                    /usr/lib64/libdl-2.24.so
7faf3c5e7000-7faf3c7e6000 ---p 00003000 fd:00 2891382                    /usr/lib64/libdl-2.24.so
7faf3c7e6000-7faf3c7e7000 r--p 00002000 fd:00 2891382                    /usr/lib64/libdl-2.24.so
7faf3c7e7000-7faf3c7e8000 rw-p 00003000 fd:00 2891382                    /usr/lib64/libdl-2.24.so
7faf3c7e8000-7faf3c7fd000 r-xp 00000000 fd:02 2098935                    /home/ike/soft/jdk1.8/lib/amd64/jli/libjli.so
7faf3c7fd000-7faf3c9fd000 ---p 00015000 fd:02 2098935                    /home/ike/soft/jdk1.8/lib/amd64/jli/libjli.so
7faf3c9fd000-7faf3c9fe000 rw-p 00015000 fd:02 2098935                    /home/ike/soft/jdk1.8/lib/amd64/jli/libjli.so
7faf3c9fe000-7faf3ca16000 r-xp 00000000 fd:00 2891857                    /usr/lib64/libpthread-2.24.so
7faf3ca16000-7faf3cc16000 ---p 00018000 fd:00 2891857                    /usr/lib64/libpthread-2.24.so
7faf3cc16000-7faf3cc17000 r--p 00018000 fd:00 2891857                    /usr/lib64/libpthread-2.24.so
7faf3cc17000-7faf3cc18000 rw-p 00019000 fd:00 2891857                    /usr/lib64/libpthread-2.24.so
7faf3cc18000-7faf3cc1c000 rw-p 00000000 00:00 0 
7faf3cc1c000-7faf3cc41000 r-xp 00000000 fd:00 2894298                    /usr/lib64/ld-2.24.so
7faf3cc41000-7faf3cc42000 r--s 00000000 fd:02 4459257                    /home/ike/.gradle/caches/modules-2/files-2.1/org.hibernate/hibernate-entitymanager/5.2.4.Final/b5f9506bbff26ce5c75f16e568fa43d148d0f1d1/hibernate-entitymanager-5.2.4.Final.jar
7faf3cc42000-7faf3cc46000 r--s 00097000 fd:02 2100406                    /home/ike/soft/jdk1.8/jre/lib/jsse.jar
7faf3cc46000-7faf3cc4b000 r--s 00084000 fd:02 2100412                    /home/ike/soft/jdk1.8/jre/lib/jfr.jar
7faf3cc4b000-7faf3cc55000 r--s 0006c000 fd:02 2100376                    /home/ike/soft/jdk1.8/jre/lib/javaws.jar
7faf3cc55000-7faf3cd26000 rw-p 00000000 00:00 0 
7faf3cd26000-7faf3cd29000 ---p 00000000 00:00 0 
7faf3cd29000-7faf3ce29000 rw-p 00000000 00:00 0 
7faf3ce29000-7faf3ce2a000 r--s 00002000 fd:02 3671205                    /home/ike/.m2/repository/org/mengyun/tcc-transaction-spring/1.1.5/tcc-transaction-spring-1.1.5.jar
7faf3ce2a000-7faf3ce2b000 r--s 00000000 fd:02 2100401                    /home/ike/soft/jdk1.8/jre/lib/management-agent.jar
7faf3ce2b000-7faf3ce2d000 r--s 00007000 fd:02 2100375                    /home/ike/soft/jdk1.8/jre/lib/jfxswt.jar
7faf3ce2d000-7faf3ce30000 r--s 0001a000 fd:02 2100204                    /home/ike/soft/jdk1.8/jre/lib/jce.jar
7faf3ce30000-7faf3ce35000 r--s 002f9000 fd:02 2100432                    /home/ike/soft/jdk1.8/jre/lib/charsets.jar
7faf3ce35000-7faf3ce3d000 rw-s 00000000 00:29 622216                     /tmp/hsperfdata_ike/6655
7faf3ce3d000-7faf3ce3e000 rw-p 00000000 00:00 0 
7faf3ce3e000-7faf3ce3f000 ---p 00000000 00:00 0 
7faf3ce3f000-7faf3ce41000 rw-p 00000000 00:00 0 
7faf3ce41000-7faf3ce42000 r--p 00025000 fd:00 2894298                    /usr/lib64/ld-2.24.so
7faf3ce42000-7faf3ce43000 rw-p 00026000 fd:00 2894298                    /usr/lib64/ld-2.24.so
7faf3ce43000-7faf3ce44000 rw-p 00000000 00:00 0 
7fffda7aa000-7fffda7ce000 rw-p 00000000 00:00 0                          [stack]
7fffda7f5000-7fffda7f7000 r--p 00000000 00:00 0                          [vvar]
7fffda7f7000-7fffda7f9000 r-xp 00000000 00:00 0                          [vdso]
ffffffffff600000-ffffffffff601000 r-xp 00000000 00:00 0                  [vsyscall]

VM Arguments:
jvm_args: -agentlib:jdwp=transport=dt_socket,address=127.0.0.1:39213,suspend=y,server=n -javaagent:/home/ike/soft/idea-IU-171.4424.56/plugins/Groovy/lib/agent/gragent.jar -Dfile.encoding=UTF-8 
java_command: com.bjike.goddess.voucher.Application
java_class_path (initial): /home/ike/soft/jdk1.8/jre/lib/charsets.jar:/home/ike/soft/jdk1.8/jre/lib/deploy.jar:/home/ike/soft/jdk1.8/jre/lib/ext/cldrdata.jar:/home/ike/soft/jdk1.8/jre/lib/ext/dnsns.jar:/home/ike/soft/jdk1.8/jre/lib/ext/jaccess.jar:/home/ike/soft/jdk1.8/jre/lib/ext/jfxrt.jar:/home/ike/soft/jdk1.8/jre/lib/ext/localedata.jar:/home/ike/soft/jdk1.8/jre/lib/ext/nashorn.jar:/home/ike/soft/jdk1.8/jre/lib/ext/sunec.jar:/home/ike/soft/jdk1.8/jre/lib/ext/sunjce_provider.jar:/home/ike/soft/jdk1.8/jre/lib/ext/sunpkcs11.jar:/home/ike/soft/jdk1.8/jre/lib/ext/zipfs.jar:/home/ike/soft/jdk1.8/jre/lib/javaws.jar:/home/ike/soft/jdk1.8/jre/lib/jce.jar:/home/ike/soft/jdk1.8/jre/lib/jfr.jar:/home/ike/soft/jdk1.8/jre/lib/jfxswt.jar:/home/ike/soft/jdk1.8/jre/lib/jsse.jar:/home/ike/soft/jdk1.8/jre/lib/management-agent.jar:/home/ike/soft/jdk1.8/jre/lib/plugin.jar:/home/ike/soft/jdk1.8/jre/lib/resources.jar:/home/ike/soft/jdk1.8/jre/lib/rt.jar:/home/ike/code/goddess-java/modules/voucher/voucher-provider/build/classes/main:/home/ike/code/goddess-java/modules/voucher/voucher-provider/build/resources/main:/home/ike/code/goddess-java/common/common-jpa/build/classes/main:/home/ike/code/goddess-java/common/common-provider/build/classes/main:/home/ike/code/goddess-java/common/common-provider/build/resources/main:/home/ike/code/goddess-java/modules/voucher/voucher-api/build/classes/main:/home/ike/code/goddess-java/common/common-utils/build/classes/main:/home/ike/code/goddess-java/common/common-api/build/classes/main:/home/ike/.m2/repository/org/hibernate/javax/persistence/hibernate-jpa-2.1-api/1.0.0.Final/hibernate-jpa-2.1-api-1.0.0.Final.jar:/home/ike/.gradle/caches/modules-2/files-2.1/org.apache.commons/commons-lang3/3.5/6c6c702c89bfff3cd9e80b04d668c5e190d588c6/commons-lang3-3.5.jar:/home/ike/.gradle/caches/modules-2/files-2.1/com.alibaba/druid/1.0.26/f4bc6159b34e4cda5abd6480203492b470aa1a36/druid-1.0.26.jar:/home/ike/.gradle/caches/modules-2/files-2.1/org.slf4j/slf4j-api/1.7.24/3
Launcher Type: SUN_STANDARD

Environment Variables:
JAVA_HOME=/home/ike/soft/jdk1.8
PATH=/home/ike/soft/gradle/bin:/home/ike/soft/maven3.3.9/bin:/home/ike/soft/jdk1.8/bin:/home/ike/soft/jdk1.8/bin:/home/ike/soft/gradle/bin:/home/ike/soft/maven3.3.9/bin:/usr/lib64/qt-3.3/bin:/usr/local/bin:/usr/local/sbin:/usr/bin:/usr/sbin:/home/ike/.local/bin:/home/ike/bin
USERNAME=ike
LD_LIBRARY_PATH=/home/ike/soft/idea-IU-171.4424.56/bin:
SHELL=/bin/bash
DISPLAY=:0

Signal Handlers:
SIGSEGV: [libjvm.so+0xac4790], sa_mask[0]=11111111011111111101111111111110, sa_flags=SA_RESTART|SA_SIGINFO
SIGBUS: [libjvm.so+0xac4790], sa_mask[0]=11111111011111111101111111111110, sa_flags=SA_RESTART|SA_SIGINFO
SIGFPE: [libjvm.so+0x91f140], sa_mask[0]=11111111011111111101111111111110, sa_flags=SA_RESTART|SA_SIGINFO
SIGPIPE: [libjvm.so+0x91f140], sa_mask[0]=11111111011111111101111111111110, sa_flags=SA_RESTART|SA_SIGINFO
SIGXFSZ: [libjvm.so+0x91f140], sa_mask[0]=11111111011111111101111111111110, sa_flags=SA_RESTART|SA_SIGINFO
SIGILL: [libjvm.so+0x91f140], sa_mask[0]=11111111011111111101111111111110, sa_flags=SA_RESTART|SA_SIGINFO
SIGUSR1: SIG_DFL, sa_mask[0]=00000000000000000000000000000000, sa_flags=none
SIGUSR2: [libjvm.so+0x920770], sa_mask[0]=00100000000000000000000000000000, sa_flags=SA_RESTART|SA_SIGINFO
SIGHUP: [libjvm.so+0x921b70], sa_mask[0]=11111111011111111101111111111110, sa_flags=SA_RESTART|SA_SIGINFO
SIGINT: [libjvm.so+0x921b70], sa_mask[0]=11111111011111111101111111111110, sa_flags=SA_RESTART|SA_SIGINFO
SIGTERM: [libjvm.so+0x921b70], sa_mask[0]=11111111011111111101111111111110, sa_flags=SA_RESTART|SA_SIGINFO
SIGQUIT: [libjvm.so+0x921b70], sa_mask[0]=11111111011111111101111111111110, sa_flags=SA_RESTART|SA_SIGINFO


---------------  S Y S T E M  ---------------

OS:Fedora release 25 (Twenty Five)

uname:Linux 4.8.6-300.fc25.x86_64 #1 SMP Tue Nov 1 12:36:38 UTC 2016 x86_64
libc:glibc 2.24 NPTL 2.24 
rlimit: STACK 8192k, CORE 0k, NPROC 31367, NOFILE 4096, AS infinity
load average:1.39 0.78 0.94

/proc/meminfo:
MemTotal:        8053800 kB
MemFree:          108432 kB
MemAvailable:      25516 kB
Buffers:            3444 kB
Cached:           234552 kB
SwapCached:         4688 kB
Active:          6575232 kB
Inactive:         933920 kB
Active(anon):    6558460 kB
Inactive(anon):   917848 kB
Active(file):      16772 kB
Inactive(file):    16072 kB
Unevictable:          72 kB
Mlocked:              72 kB
SwapTotal:       8187900 kB
SwapFree:              0 kB
Dirty:               692 kB
Writeback:             0 kB
AnonPages:       7269580 kB
Mapped:           121604 kB
Shmem:            205020 kB
Slab:             206172 kB
SReclaimable:      74060 kB
SUnreclaim:       132112 kB
KernelStack:       49664 kB
PageTables:       103224 kB
NFS_Unstable:          0 kB
Bounce:                0 kB
WritebackTmp:          0 kB
CommitLimit:    12214800 kB
Committed_AS:   27206592 kB
VmallocTotal:   34359738367 kB
VmallocUsed:           0 kB
VmallocChunk:          0 kB
HardwareCorrupted:     0 kB
AnonHugePages:         0 kB
ShmemHugePages:        0 kB
ShmemPmdMapped:        0 kB
CmaTotal:              0 kB
CmaFree:               0 kB
HugePages_Total:       0
HugePages_Free:        0
HugePages_Rsvd:        0
HugePages_Surp:        0
Hugepagesize:       2048 kB
DirectMap4k:      339108 kB
DirectMap2M:     7927808 kB
DirectMap1G:           0 kB


CPU:total 4 (4 cores per cpu, 1 threads per core) family 6 model 94 stepping 3, cmov, cx8, fxsr, mmx, sse, sse2, sse3, ssse3, sse4.1, sse4.2, popcnt, avx, avx2, aes, clmul, erms, rtm, 3dnowpref, lzcnt, tsc, tscinvbit, bmi1, bmi2, adx

/proc/cpuinfo:
processor	: 0
vendor_id	: GenuineIntel
cpu family	: 6
model		: 94
model name	: Intel(R) Core(TM) i5-6500 CPU @ 3.20GHz
stepping	: 3
microcode	: 0x9e
cpu MHz		: 2661.718
cache size	: 6144 KB
physical id	: 0
siblings	: 4
core id		: 0
cpu cores	: 4
apicid		: 0
initial apicid	: 0
fpu		: yes
fpu_exception	: yes
cpuid level	: 22
wp		: yes
flags		: fpu vme de pse tsc msr pae mce cx8 apic sep mtrr pge mca cmov pat pse36 clflush dts acpi mmx fxsr sse sse2 ss ht tm pbe syscall nx pdpe1gb rdtscp lm constant_tsc art arch_perfmon pebs bts rep_good nopl xtopology nonstop_tsc aperfmperf eagerfpu pni pclmulqdq dtes64 monitor ds_cpl vmx smx est tm2 ssse3 sdbg fma cx16 xtpr pdcm pcid sse4_1 sse4_2 x2apic movbe popcnt tsc_deadline_timer aes xsave avx f16c rdrand lahf_lm abm 3dnowprefetch intel_pt tpr_shadow vnmi flexpriority ept vpid fsgsbase tsc_adjust bmi1 hle avx2 smep bmi2 erms invpcid rtm mpx rdseed adx smap clflushopt xsaveopt xsavec xgetbv1 xsaves dtherm ida arat pln pts hwp hwp_notify hwp_act_window hwp_epp
bugs		:
bogomips	: 6384.00
clflush size	: 64
cache_alignment	: 64
address sizes	: 39 bits physical, 48 bits virtual
power management:

processor	: 1
vendor_id	: GenuineIntel
cpu family	: 6
model		: 94
model name	: Intel(R) Core(TM) i5-6500 CPU @ 3.20GHz
stepping	: 3
microcode	: 0x9e
cpu MHz		: 2652.929
cache size	: 6144 KB
physical id	: 0
siblings	: 4
core id		: 1
cpu cores	: 4
apicid		: 2
initial apicid	: 2
fpu		: yes
fpu_exception	: yes
cpuid level	: 22
wp		: yes
flags		: fpu vme de pse tsc msr pae mce cx8 apic sep mtrr pge mca cmov pat pse36 clflush dts acpi mmx fxsr sse sse2 ss ht tm pbe syscall nx pdpe1gb rdtscp lm constant_tsc art arch_perfmon pebs bts rep_good nopl xtopology nonstop_tsc aperfmperf eagerfpu pni pclmulqdq dtes64 monitor ds_cpl vmx smx est tm2 ssse3 sdbg fma cx16 xtpr pdcm pcid sse4_1 sse4_2 x2apic movbe popcnt tsc_deadline_timer aes xsave avx f16c rdrand lahf_lm abm 3dnowprefetch intel_pt tpr_shadow vnmi flexpriority ept vpid fsgsbase tsc_adjust bmi1 hle avx2 smep bmi2 erms invpcid rtm mpx rdseed adx smap clflushopt xsaveopt xsavec xgetbv1 xsaves dtherm ida arat pln pts hwp hwp_notify hwp_act_window hwp_epp
bugs		:
bogomips	: 6387.68
clflush size	: 64
cache_alignment	: 64
address sizes	: 39 bits physical, 48 bits virtual
power management:

processor	: 2
vendor_id	: GenuineIntel
cpu family	: 6
model		: 94
model name	: Intel(R) Core(TM) i5-6500 CPU @ 3.20GHz
stepping	: 3
microcode	: 0x9e
cpu MHz		: 2675.195
cache size	: 6144 KB
physical id	: 0
siblings	: 4
core id		: 2
cpu cores	: 4
apicid		: 4
initial apicid	: 4
fpu		: yes
fpu_exception	: yes
cpuid level	: 22
wp		: yes
flags		: fpu vme de pse tsc msr pae mce cx8 apic sep mtrr pge mca cmov pat pse36 clflush dts acpi mmx fxsr sse sse2 ss ht tm pbe syscall nx pdpe1gb rdtscp lm constant_tsc art arch_perfmon pebs bts rep_good nopl xtopology nonstop_tsc aperfmperf eagerfpu pni pclmulqdq dtes64 monitor ds_cpl vmx smx est tm2 ssse3 sdbg fma cx16 xtpr pdcm pcid sse4_1 sse4_2 x2apic movbe popcnt tsc_deadline_timer aes xsave avx f16c rdrand lahf_lm abm 3dnowprefetch intel_pt tpr_shadow vnmi flexpriority ept vpid fsgsbase tsc_adjust bmi1 hle avx2 smep bmi2 erms invpcid rtm mpx rdseed adx smap clflushopt xsaveopt xsavec xgetbv1 xsaves dtherm ida arat pln pts hwp hwp_notify hwp_act_window hwp_epp
bugs		:
bogomips	: 6387.77
clflush size	: 64
cache_alignment	: 64
address sizes	: 39 bits physical, 48 bits virtual
power management:

processor	: 3
vendor_id	: GenuineIntel
cpu family	: 6
model		: 94
model name	: Intel(R) Core(TM) i5-6500 CPU @ 3.20GHz
stepping	: 3
microcode	: 0x9e
cpu MHz		: 2670.898
cache size	: 6144 KB
physical id	: 0
siblings	: 4
core id		: 3
cpu cores	: 4
apicid		: 6
initial apicid	: 6
fpu		: yes
fpu_exception	: yes
cpuid level	: 22
wp		: yes
flags		: fpu vme de pse tsc msr pae mce cx8 apic sep mtrr pge mca cmov pat pse36 clflush dts acpi mmx fxsr sse sse2 ss ht tm pbe syscall nx pdpe1gb rdtscp lm constant_tsc art arch_perfmon pebs bts rep_good nopl xtopology nonstop_tsc aperfmperf eagerfpu pni pclmulqdq dtes64 monitor ds_cpl vmx smx est tm2 ssse3 sdbg fma cx16 xtpr pdcm pcid sse4_1 sse4_2 x2apic movbe popcnt tsc_deadline_timer aes xsave avx f16c rdrand lahf_lm abm 3dnowprefetch intel_pt tpr_shadow vnmi flexpriority ept vpid fsgsbase tsc_adjust bmi1 hle avx2 smep bmi2 erms invpcid rtm mpx rdseed adx smap clflushopt xsaveopt xsavec xgetbv1 xsaves dtherm ida arat pln pts hwp hwp_notify hwp_act_window hwp_epp
bugs		:
bogomips	: 6387.86
clflush size	: 64
cache_alignment	: 64
address sizes	: 39 bits physical, 48 bits virtual
power management:



Memory: 4k page, physical 8053800k(108604k free), swap 8187900k(0k free)

vm_info: Java HotSpot(TM) 64-Bit Server VM (25.101-b13) for linux-amd64 JRE (1.8.0_101-b13), built on Jun 22 2016 02:59:44 by "java_re" with gcc 4.3.0 20080428 (Red Hat 4.3.0-8)

time: Sat Jul 29 14:02:33 2017
elapsed time: 10 seconds (0d 0h 0m 10s)

