#
# There is insufficient memory for the Java Runtime Environment to continue.
# Native memory allocation (mmap) failed to map 85458944 bytes for committing reserved memory.
# Possible reasons:
#   The system is out of physical RAM or swap space
#   In 32 bit mode, the process size limit was hit
# Possible solutions:
#   Reduce memory load on the system
#   Increase physical memory or swap space
#   Check if swap backing store is full
#   Use 64 bit Java on a 64 bit OS
#   Decrease Java heap size (-Xmx/-Xms)
#   Decrease number of Java threads
#   Decrease Java thread stack sizes (-Xss)
#   Set larger code cache with -XX:ReservedCodeCacheSize=
# This output file may be truncated or incomplete.
#
#  Out of Memory Error (os_linux.cpp:2627), pid=7897, tid=0x00007f8022ff7700
#
# JRE version: Java(TM) SE Runtime Environment (8.0_101-b13) (build 1.8.0_101-b13)
# Java VM: Java HotSpot(TM) 64-Bit Server VM (25.101-b13 mixed mode linux-amd64 compressed oops)
# Failed to write core dump. Core dumps have been disabled. To enable core dumping, try "ulimit -c unlimited" before starting Java again
#

---------------  T H R E A D  ---------------

Current thread (0x00007f8050146000):  VMThread [stack: 0x00007f8022ef7000,0x00007f8022ff8000] [id=7908]

Stack: [0x00007f8022ef7000,0x00007f8022ff8000],  sp=0x00007f8022ff60a0,  free space=1020k
Native frames: (J=compiled Java code, j=interpreted, Vv=VM code, C=native code)
V  [libjvm.so+0xac3f0a]  VMError::report_and_die()+0x2ba
V  [libjvm.so+0x4fbf9b]  report_vm_out_of_memory(char const*, int, unsigned long, VMErrorType, char const*)+0x8b
V  [libjvm.so+0x9222d3]  os::Linux::commit_memory_impl(char*, unsigned long, bool)+0x103
V  [libjvm.so+0x922829]  os::pd_commit_memory(char*, unsigned long, unsigned long, bool)+0x29
V  [libjvm.so+0x91cb2a]  os::commit_memory(char*, unsigned long, unsigned long, bool)+0x2a
V  [libjvm.so+0x991053]  PSVirtualSpace::expand_by(unsigned long)+0x53
V  [libjvm.so+0x992458]  PSYoungGen::resize_generation(unsigned long, unsigned long)+0xf8
V  [libjvm.so+0x9915b2]  PSYoungGen::resize(unsigned long, unsigned long)+0x22
V  [libjvm.so+0x98e88b]  PSScavenge::invoke_no_policy()+0xf3b
V  [libjvm.so+0x98f011]  PSScavenge::invoke()+0x41
V  [libjvm.so+0x945fc0]  ParallelScavengeHeap::failed_mem_allocate(unsigned long)+0x70
V  [libjvm.so+0xac5927]  VM_ParallelGCFailedAllocation::doit()+0x97
V  [libjvm.so+0xacd405]  VM_Operation::evaluate()+0x55
V  [libjvm.so+0xacb7da]  VMThread::evaluate_operation(VM_Operation*)+0xba
V  [libjvm.so+0xacbb5e]  VMThread::loop()+0x1ce
V  [libjvm.so+0xacbfd0]  VMThread::run()+0x70
V  [libjvm.so+0x924698]  java_start(Thread*)+0x108

VM_Operation (0x00007f805655b750): ParallelGCFailedAllocation, mode: safepoint, requested by thread 0x00007f8050010000


---------------  P R O C E S S  ---------------

Java Threads: ( => current thread )
  0x00007f80505a5000 JavaThread "Service Thread" daemon [_thread_blocked, id=7928, stack(0x00007f8021f24000,0x00007f8022025000)]
  0x00007f80505a1800 JavaThread "C1 CompilerThread2" daemon [_thread_blocked, id=7927, stack(0x00007f8022025000,0x00007f8022126000)]
  0x00007f805059f000 JavaThread "C2 CompilerThread1" daemon [_thread_blocked, id=7926, stack(0x00007f8022126000,0x00007f8022227000)]
  0x00007f805059d000 JavaThread "C2 CompilerThread0" daemon [_thread_blocked, id=7925, stack(0x00007f8022227000,0x00007f8022328000)]
  0x00007f8010001000 JavaThread "JDWP Command Reader" daemon [_thread_in_native, id=7924, stack(0x00007f80226ed000,0x00007f80227ee000)]
  0x00007f8050196000 JavaThread "JDWP Event Helper Thread" daemon [_thread_blocked, id=7923, stack(0x00007f80227ee000,0x00007f80228ef000)]
  0x00007f8050192800 JavaThread "JDWP Transport Listener: dt_socket" daemon [_thread_blocked, id=7920, stack(0x00007f80228ef000,0x00007f80229f0000)]
  0x00007f8050184000 JavaThread "Signal Dispatcher" daemon [_thread_blocked, id=7915, stack(0x00007f8022bf4000,0x00007f8022cf5000)]
  0x00007f8050152000 JavaThread "Finalizer" daemon [_thread_blocked, id=7912, stack(0x00007f8022cf5000,0x00007f8022df6000)]
  0x00007f805014d800 JavaThread "Reference Handler" daemon [_thread_blocked, id=7911, stack(0x00007f8022df6000,0x00007f8022ef7000)]
  0x00007f8050010000 JavaThread "main" [_thread_blocked, id=7899, stack(0x00007f805645e000,0x00007f805655f000)]

Other Threads:
=>0x00007f8050146000 VMThread [stack: 0x00007f8022ef7000,0x00007f8022ff8000] [id=7908]
  0x00007f80505aa000 WatcherThread [stack: 0x00007f8021e23000,0x00007f8021f24000] [id=7929]

VM state:at safepoint (normal execution)

VM Mutex/Monitor currently owned by a thread:  ([mutex/lock_event])
[0x00007f805000e440] Threads_lock - owner thread: 0x00007f8050146000
[0x00007f805000e940] Heap_lock - owner thread: 0x00007f8050010000

Heap:
 PSYoungGen      total 133120K, used 8168K [0x00000000d7000000, 0x00000000dfa00000, 0x0000000100000000)
  eden space 124928K, 0% used [0x00000000d7000000,0x00000000d7000000,0x00000000dea00000)
  from space 8192K, 99% used [0x00000000dea00000,0x00000000df1fa0d0,0x00000000df200000)
  to   space 8192K, 0% used [0x00000000df200000,0x00000000df200000,0x00000000dfa00000)
 ParOldGen       total 84992K, used 10927K [0x0000000085000000, 0x000000008a300000, 0x00000000d7000000)
  object space 84992K, 12% used [0x0000000085000000,0x0000000085aabff8,0x000000008a300000)
 Metaspace       used 20624K, capacity 20894K, committed 21120K, reserved 1069056K
  class space    used 2328K, capacity 2403K, committed 2432K, reserved 1048576K

Card table byte_map: [0x00007f803925a000,0x00007f8039633000] byte_map_base: 0x00007f8038e32000

Marking Bits: (ParMarkBitMap*) 0x00007f8055929120
 Begin Bits: [0x00007f8028280000, 0x00007f802a140000)
 End Bits:   [0x00007f802a140000, 0x00007f802c000000)

Polling page: 0x00007f8056576000

CodeCache: size=245760Kb used=10745Kb max_used=10770Kb free=235014Kb
 bounds [0x00007f80399f3000, 0x00007f803a493000, 0x00007f80489f3000]
 total_blobs=2958 nmethods=2603 adapters=276
 compilation: enabled

Compilation events (10 events):
Event: 5.732 Thread 0x00007f80505a1800 nmethod 2654 0x00007f803a43ab10 code [0x00007f803a43ac60, 0x00007f803a43adb0]
Event: 5.785 Thread 0x00007f805059d000 nmethod 2652 0x00007f803a470dd0 code [0x00007f803a471160, 0x00007f803a474ce0]
Event: 5.785 Thread 0x00007f805059f000 nmethod 2651% 0x00007f803a477610 code [0x00007f803a477920, 0x00007f803a47aa80]
Event: 5.785 Thread 0x00007f805059f000 2653       4       java.util.LinkedHashMap::get (33 bytes)
Event: 5.802 Thread 0x00007f805059f000 nmethod 2653 0x00007f803a455450 code [0x00007f803a4555c0, 0x00007f803a455ad8]
Event: 5.813 Thread 0x00007f805059d000 2655       4       org.aspectj.apache.bcel.classfile.ClassParser::readMethods (65 bytes)
Event: 5.823 Thread 0x00007f805059f000 2656       4       org.aspectj.apache.bcel.classfile.Method::<init> (12 bytes)
Event: 5.877 Thread 0x00007f805059f000 nmethod 2656 0x00007f803a468f50 code [0x00007f803a469240, 0x00007f803a46b6a0]
Event: 5.888 Thread 0x00007f805059d000 nmethod 2655 0x00007f803a481e90 code [0x00007f803a482220, 0x00007f803a485aa0]
Event: 5.909 Thread 0x00007f805059f000 2657       4       org.aspectj.apache.bcel.classfile.JavaClass::getMethod (67 bytes)

GC Heap History (10 events):
Event: 2.800 GC heap after
Heap after GC invocations=4 (full 0):
 PSYoungGen      total 36864K, used 4155K [0x00000000d7000000, 0x00000000db800000, 0x0000000100000000)
  eden space 31744K, 0% used [0x00000000d7000000,0x00000000d7000000,0x00000000d8f00000)
  from space 5120K, 81% used [0x00000000d9400000,0x00000000d980ed98,0x00000000d9900000)
  to   space 5120K, 0% used [0x00000000d8f00000,0x00000000d8f00000,0x00000000d9400000)
 ParOldGen       total 84992K, used 96K [0x0000000085000000, 0x000000008a300000, 0x00000000d7000000)
  object space 84992K, 0% used [0x0000000085000000,0x0000000085018010,0x000000008a300000)
 Metaspace       used 12754K, capacity 12896K, committed 13056K, reserved 1060864K
  class space    used 1466K, capacity 1498K, committed 1536K, reserved 1048576K
}
Event: 3.136 GC heap before
{Heap before GC invocations=5 (full 0):
 PSYoungGen      total 36864K, used 35899K [0x00000000d7000000, 0x00000000db800000, 0x0000000100000000)
  eden space 31744K, 100% used [0x00000000d7000000,0x00000000d8f00000,0x00000000d8f00000)
  from space 5120K, 81% used [0x00000000d9400000,0x00000000d980ed98,0x00000000d9900000)
  to   space 5120K, 0% used [0x00000000d8f00000,0x00000000d8f00000,0x00000000d9400000)
 ParOldGen       total 84992K, used 96K [0x0000000085000000, 0x000000008a300000, 0x00000000d7000000)
  object space 84992K, 0% used [0x0000000085000000,0x0000000085018010,0x000000008a300000)
 Metaspace       used 13980K, capacity 14150K, committed 14208K, reserved 1062912K
  class space    used 1611K, capacity 1659K, committed 1664K, reserved 1048576K
Event: 3.146 GC heap after
Heap after GC invocations=5 (full 0):
 PSYoungGen      total 36864K, used 4227K [0x00000000d7000000, 0x00000000db800000, 0x0000000100000000)
  eden space 31744K, 0% used [0x00000000d7000000,0x00000000d7000000,0x00000000d8f00000)
  from space 5120K, 82% used [0x00000000d8f00000,0x00000000d9320c68,0x00000000d9400000)
  to   space 5120K, 0% used [0x00000000db300000,0x00000000db300000,0x00000000db800000)
 ParOldGen       total 84992K, used 104K [0x0000000085000000, 0x000000008a300000, 0x00000000d7000000)
  object space 84992K, 0% used [0x0000000085000000,0x000000008501a010,0x000000008a300000)
 Metaspace       used 13980K, capacity 14150K, committed 14208K, reserved 1062912K
  class space    used 1611K, capacity 1659K, committed 1664K, reserved 1048576K
}
Event: 3.598 GC heap before
{Heap before GC invocations=6 (full 0):
 PSYoungGen      total 36864K, used 35971K [0x00000000d7000000, 0x00000000db800000, 0x0000000100000000)
  eden space 31744K, 100% used [0x00000000d7000000,0x00000000d8f00000,0x00000000d8f00000)
  from space 5120K, 82% used [0x00000000d8f00000,0x00000000d9320c68,0x00000000d9400000)
  to   space 5120K, 0% used [0x00000000db300000,0x00000000db300000,0x00000000db800000)
 ParOldGen       total 84992K, used 104K [0x0000000085000000, 0x000000008a300000, 0x00000000d7000000)
  object space 84992K, 0% used [0x0000000085000000,0x000000008501a010,0x000000008a300000)
 Metaspace       used 16353K, capacity 16622K, committed 16896K, reserved 1064960K
  class space    used 1883K, capacity 1947K, committed 2048K, reserved 1048576K
Event: 3.608 GC heap after
Heap after GC invocations=6 (full 0):
 PSYoungGen      total 67584K, used 5092K [0x00000000d7000000, 0x00000000dba00000, 0x0000000100000000)
  eden space 62464K, 0% used [0x00000000d7000000,0x00000000d7000000,0x00000000dad00000)
  from space 5120K, 99% used [0x00000000db300000,0x00000000db7f9018,0x00000000db800000)
  to   space 6144K, 0% used [0x00000000dad00000,0x00000000dad00000,0x00000000db300000)
 ParOldGen       total 84992K, used 435K [0x0000000085000000, 0x000000008a300000, 0x00000000d7000000)
  object space 84992K, 0% used [0x0000000085000000,0x000000008506cf30,0x000000008a300000)
 Metaspace       used 16353K, capacity 16622K, committed 16896K, reserved 1064960K
  class space    used 1883K, capacity 1947K, committed 2048K, reserved 1048576K
}
Event: 4.671 GC heap before
{Heap before GC invocations=7 (full 0):
 PSYoungGen      total 67584K, used 67556K [0x00000000d7000000, 0x00000000dba00000, 0x0000000100000000)
  eden space 62464K, 100% used [0x00000000d7000000,0x00000000dad00000,0x00000000dad00000)
  from space 5120K, 99% used [0x00000000db300000,0x00000000db7f9018,0x00000000db800000)
  to   space 6144K, 0% used [0x00000000dad00000,0x00000000dad00000,0x00000000db300000)
 ParOldGen       total 84992K, used 435K [0x0000000085000000, 0x000000008a300000, 0x00000000d7000000)
  object space 84992K, 0% used [0x0000000085000000,0x000000008506cf30,0x000000008a300000)
 Metaspace       used 19276K, capacity 19514K, committed 19712K, reserved 1067008K
  class space    used 2208K, capacity 2269K, committed 2304K, reserved 1048576K
Event: 4.680 GC heap after
Heap after GC invocations=7 (full 0):
 PSYoungGen      total 68608K, used 6133K [0x00000000d7000000, 0x00000000dfa00000, 0x0000000100000000)
  eden space 62464K, 0% used [0x00000000d7000000,0x00000000d7000000,0x00000000dad00000)
  from space 6144K, 99% used [0x00000000dad00000,0x00000000db2fd610,0x00000000db300000)
  to   space 8192K, 0% used [0x00000000df200000,0x00000000df200000,0x00000000dfa00000)
 ParOldGen       total 84992K, used 3348K [0x0000000085000000, 0x000000008a300000, 0x00000000d7000000)
  object space 84992K, 3% used [0x0000000085000000,0x00000000853451e0,0x000000008a300000)
 Metaspace       used 19276K, capacity 19514K, committed 19712K, reserved 1067008K
  class space    used 2208K, capacity 2269K, committed 2304K, reserved 1048576K
}
Event: 5.049 GC heap before
{Heap before GC invocations=8 (full 0):
 PSYoungGen      total 68608K, used 68597K [0x00000000d7000000, 0x00000000dfa00000, 0x0000000100000000)
  eden space 62464K, 100% used [0x00000000d7000000,0x00000000dad00000,0x00000000dad00000)
  from space 6144K, 99% used [0x00000000dad00000,0x00000000db2fd610,0x00000000db300000)
  to   space 8192K, 0% used [0x00000000df200000,0x00000000df200000,0x00000000dfa00000)
 ParOldGen       total 84992K, used 3348K [0x0000000085000000, 0x000000008a300000, 0x00000000d7000000)
  object space 84992K, 3% used [0x0000000085000000,0x00000000853451e0,0x000000008a300000)
 Metaspace       used 19828K, capacity 20038K, committed 20352K, reserved 1067008K
  class space    used 2262K, capacity 2335K, committed 2432K, reserved 1048576K
Event: 5.055 GC heap after
Heap after GC invocations=8 (full 0):
 PSYoungGen      total 133120K, used 6035K [0x00000000d7000000, 0x00000000dfa00000, 0x0000000100000000)
  eden space 124928K, 0% used [0x00000000d7000000,0x00000000d7000000,0x00000000dea00000)
  from space 8192K, 73% used [0x00000000df200000,0x00000000df7e4fc8,0x00000000dfa00000)
  to   space 8192K, 0% used [0x00000000dea00000,0x00000000dea00000,0x00000000df200000)
 ParOldGen       total 84992K, used 4276K [0x0000000085000000, 0x000000008a300000, 0x00000000d7000000)
  object space 84992K, 5% used [0x0000000085000000,0x000000008542d200,0x000000008a300000)
 Metaspace       used 19828K, capacity 20038K, committed 20352K, reserved 1067008K
  class space    used 2262K, capacity 2335K, committed 2432K, reserved 1048576K
}
Event: 5.924 GC heap before
{Heap before GC invocations=9 (full 0):
 PSYoungGen      total 133120K, used 130963K [0x00000000d7000000, 0x00000000dfa00000, 0x0000000100000000)
  eden space 124928K, 100% used [0x00000000d7000000,0x00000000dea00000,0x00000000dea00000)
  from space 8192K, 73% used [0x00000000df200000,0x00000000df7e4fc8,0x00000000dfa00000)
  to   space 8192K, 0% used [0x00000000dea00000,0x00000000dea00000,0x00000000df200000)
 ParOldGen       total 84992K, used 4276K [0x0000000085000000, 0x000000008a300000, 0x00000000d7000000)
  object space 84992K, 5% used [0x0000000085000000,0x000000008542d200,0x000000008a300000)
 Metaspace       used 20624K, capacity 20894K, committed 21120K, reserved 1069056K
  class space    used 2328K, capacity 2403K, committed 2432K, reserved 1048576K

Deoptimization events (10 events):
Event: 4.915 Thread 0x00007f8050010000 Uncommon trap: reason=unstable_if action=reinterpret pc=0x00007f803a2a56b4 method=org.aspectj.apache.bcel.classfile.Attribute.readAttribute(Ljava/io/DataInputStream;Lorg/aspectj/apache/bcel/classfile/ConstantPool;)Lorg/aspectj/apache/bcel/classfile/Attrib
Event: 5.031 Thread 0x00007f8050010000 Uncommon trap: reason=bimorphic action=maybe_recompile pc=0x00007f8039cde534 method=java.util.HashMap.putVal(ILjava/lang/Object;Ljava/lang/Object;ZZ)Ljava/lang/Object; @ 203
Event: 5.252 Thread 0x00007f8050010000 Uncommon trap: reason=unstable_if action=reinterpret pc=0x00007f8039b0918c method=org.springframework.util.ReflectionUtils.getDeclaredMethods(Ljava/lang/Class;)[Ljava/lang/reflect/Method; @ 34
Event: 5.317 Thread 0x00007f8050010000 Uncommon trap: reason=unstable_if action=reinterpret pc=0x00007f803a0e6360 method=org.springframework.asm.ClassReader.readCode(Lorg/springframework/asm/MethodVisitor;Lorg/springframework/asm/Context;I)V @ 826
Event: 5.416 Thread 0x00007f8050010000 Uncommon trap: reason=unstable_if action=reinterpret pc=0x00007f803a356240 method=java.lang.reflect.Method.equals(Ljava/lang/Object;)Z @ 49
Event: 5.452 Thread 0x00007f8050010000 Uncommon trap: reason=bimorphic action=maybe_recompile pc=0x00007f803a3d1044 method=java.util.concurrent.ConcurrentHashMap.putVal(Ljava/lang/Object;Ljava/lang/Object;Z)Ljava/lang/Object; @ 192
Event: 5.453 Thread 0x00007f8050010000 Uncommon trap: reason=unstable_if action=reinterpret pc=0x00007f803a174d04 method=java.lang.Class.searchMethods([Ljava/lang/reflect/Method;Ljava/lang/String;[Ljava/lang/Class;)Ljava/lang/reflect/Method; @ 47
Event: 5.453 Thread 0x00007f8050010000 Uncommon trap: reason=bimorphic action=maybe_recompile pc=0x00007f803a3d1044 method=java.util.concurrent.ConcurrentHashMap.putVal(Ljava/lang/Object;Ljava/lang/Object;Z)Ljava/lang/Object; @ 192
Event: 5.453 Thread 0x00007f8050010000 Uncommon trap: reason=bimorphic action=maybe_recompile pc=0x00007f803a3d1044 method=java.util.concurrent.ConcurrentHashMap.putVal(Ljava/lang/Object;Ljava/lang/Object;Z)Ljava/lang/Object; @ 192
Event: 5.454 Thread 0x00007f8050010000 Uncommon trap: reason=bimorphic action=maybe_recompile pc=0x00007f803a3d1044 method=java.util.concurrent.ConcurrentHashMap.putVal(Ljava/lang/Object;Ljava/lang/Object;Z)Ljava/lang/Object; @ 192

Internal exceptions (10 events):
Event: 5.448 Thread 0x00007f8050010000 Exception <a 'java/lang/ClassNotFoundException': javax/naming/ReferenceableCustomizer> (0x00000000d83ff458) thrown at [/HUDSON3/workspace/8-2-build-linux-amd64/jdk8u101/7261/hotspot/src/share/vm/classfile/systemDictionary.cpp, line 210]
Event: 5.448 Thread 0x00007f8050010000 Exception <a 'java/lang/ClassNotFoundException': java/io/CloseableCustomizer> (0x00000000d8410850) thrown at [/HUDSON3/workspace/8-2-build-linux-amd64/jdk8u101/7261/hotspot/src/share/vm/classfile/systemDictionary.cpp, line 210]
Event: 5.448 Thread 0x00007f8050010000 Exception <a 'java/lang/ClassNotFoundException': java/lang/CloneableCustomizer> (0x00000000d8421758) thrown at [/HUDSON3/workspace/8-2-build-linux-amd64/jdk8u101/7261/hotspot/src/share/vm/classfile/systemDictionary.cpp, line 210]
Event: 5.448 Thread 0x00007f8050010000 Exception <a 'java/lang/ClassNotFoundException': javax/sql/ConnectionPoolDataSourceCustomizer> (0x00000000d8434a48) thrown at [/HUDSON3/workspace/8-2-build-linux-amd64/jdk8u101/7261/hotspot/src/share/vm/classfile/systemDictionary.cpp, line 210]
Event: 5.448 Thread 0x00007f8050010000 Exception <a 'java/lang/ClassNotFoundException': javax/management/MBeanRegistrationCustomizer> (0x00000000d8449a78) thrown at [/HUDSON3/workspace/8-2-build-linux-amd64/jdk8u101/7261/hotspot/src/share/vm/classfile/systemDictionary.cpp, line 210]
Event: 5.449 Thread 0x00007f8050010000 Exception <a 'java/lang/ClassNotFoundException': com/alibaba/druid/pool/DruidAbstractDataSourceMBeanCustomizer> (0x00000000d8477c58) thrown at [/HUDSON3/workspace/8-2-build-linux-amd64/jdk8u101/7261/hotspot/src/share/vm/classfile/systemDictionary.cpp, lin
Event: 5.450 Thread 0x00007f8050010000 Exception <a 'java/lang/ClassNotFoundException': javax/sql/DataSourceCustomizer> (0x00000000d84d6058) thrown at [/HUDSON3/workspace/8-2-build-linux-amd64/jdk8u101/7261/hotspot/src/share/vm/classfile/systemDictionary.cpp, line 210]
Event: 5.450 Thread 0x00007f8050010000 Exception <a 'java/lang/ClassNotFoundException': com/alibaba/druid/proxy/jdbc/DataSourceProxyCustomizer> (0x00000000d8500d48) thrown at [/HUDSON3/workspace/8-2-build-linux-amd64/jdk8u101/7261/hotspot/src/share/vm/classfile/systemDictionary.cpp, line 210]
Event: 5.451 Thread 0x00007f8050010000 Exception <a 'java/lang/ClassNotFoundException': java/io/SerializableCustomizer> (0x00000000d851be10) thrown at [/HUDSON3/workspace/8-2-build-linux-amd64/jdk8u101/7261/hotspot/src/share/vm/classfile/systemDictionary.cpp, line 210]
Event: 5.451 Thread 0x00007f8050010000 Exception <a 'java/lang/ClassNotFoundException': java/sql/WrapperCustomizer> (0x00000000d852b658) thrown at [/HUDSON3/workspace/8-2-build-linux-amd64/jdk8u101/7261/hotspot/src/share/vm/classfile/systemDictionary.cpp, line 210]

Events (10 events):
Event: 5.540 Thread 0x00007f8050010000 DEOPT UNPACKING pc=0x00007f8039a3a633 sp=0x00007f805655bf68 mode 0
Event: 5.551 Thread 0x00007f8050010000 DEOPT PACKING pc=0x00007f803a3e70a4 sp=0x00007f805655c180
Event: 5.551 Thread 0x00007f8050010000 DEOPT UNPACKING pc=0x00007f8039a3a633 sp=0x00007f805655bf18 mode 0
Event: 5.560 Thread 0x00007f8050010000 DEOPT PACKING pc=0x00007f803a3e70a4 sp=0x00007f805655c1d0
Event: 5.560 Thread 0x00007f8050010000 DEOPT UNPACKING pc=0x00007f8039a3a633 sp=0x00007f805655bf68 mode 0
Event: 5.570 Thread 0x00007f8050010000 DEOPT PACKING pc=0x00007f803a3e70a4 sp=0x00007f805655c180
Event: 5.570 Thread 0x00007f8050010000 DEOPT UNPACKING pc=0x00007f8039a3a633 sp=0x00007f805655bf18 mode 0
Event: 5.821 Thread 0x00007f8050010000 DEOPT PACKING pc=0x00007f803a1cc3a3 sp=0x00007f805655bb00
Event: 5.821 Thread 0x00007f8050010000 DEOPT UNPACKING pc=0x00007f8039a3a633 sp=0x00007f805655b8c8 mode 0
Event: 5.918 Executing VM operation: ParallelGCFailedAllocation


Dynamic libraries:
00400000-00401000 r-xp 00000000 fd:02 2100689                            /home/ike/soft/jdk1.8/bin/java
00600000-00601000 rw-p 00000000 fd:02 2100689                            /home/ike/soft/jdk1.8/bin/java
00f15000-00f36000 rw-p 00000000 00:00 0                                  [heap]
85000000-8a300000 rw-p 00000000 00:00 0 
8a300000-d7000000 ---p 00000000 00:00 0 
d7000000-dfa00000 rw-p 00000000 00:00 0 
e4b80000-100000000 ---p 00000000 00:00 0 
100000000-100260000 rw-p 00000000 00:00 0 
100260000-140000000 ---p 00000000 00:00 0 
7f7fec000000-7f7fec021000 rw-p 00000000 00:00 0 
7f7fec021000-7f7ff0000000 ---p 00000000 00:00 0 
7f7ff4000000-7f7ff4d69000 rw-p 00000000 00:00 0 
7f7ff4d69000-7f7ff8000000 ---p 00000000 00:00 0 
7f7ff8000000-7f7ff8021000 rw-p 00000000 00:00 0 
7f7ff8021000-7f7ffc000000 ---p 00000000 00:00 0 
7f7ffc000000-7f7ffd77a000 rw-p 00000000 00:00 0 
7f7ffd77a000-7f8000000000 ---p 00000000 00:00 0 
7f8000000000-7f8001259000 rw-p 00000000 00:00 0 
7f8001259000-7f8004000000 ---p 00000000 00:00 0 
7f8004000000-7f800403e000 rw-p 00000000 00:00 0 
7f800403e000-7f8008000000 ---p 00000000 00:00 0 
7f8008000000-7f8008021000 rw-p 00000000 00:00 0 
7f8008021000-7f800c000000 ---p 00000000 00:00 0 
7f800c000000-7f800c021000 rw-p 00000000 00:00 0 
7f800c021000-7f8010000000 ---p 00000000 00:00 0 
7f8010000000-7f8010021000 rw-p 00000000 00:00 0 
7f8010021000-7f8014000000 ---p 00000000 00:00 0 
7f8014000000-7f8014021000 rw-p 00000000 00:00 0 
7f8014021000-7f8018000000 ---p 00000000 00:00 0 
7f8018000000-7f8018021000 rw-p 00000000 00:00 0 
7f8018021000-7f801c000000 ---p 00000000 00:00 0 
7f801c000000-7f801c28f000 rw-p 00000000 00:00 0 
7f801c28f000-7f8020000000 ---p 00000000 00:00 0 
7f8021000000-7f8021040000 rw-p 00000000 00:00 0 
7f8021040000-7f8021200000 ---p 00000000 00:00 0 
7f8021200000-7f8021400000 rw-p 00000000 00:00 0 
7f8021561000-7f8021761000 rw-p 00000000 00:00 0 
7f8021761000-7f8021961000 rw-p 00000000 00:00 0 
7f8021a19000-7f8021c19000 rw-p 00000000 00:00 0 
7f8021c19000-7f8021e19000 rw-p 00000000 00:00 0 
7f8021e19000-7f8021e23000 r--s 00116000 fd:02 2100424                    /home/ike/soft/jdk1.8/jre/lib/ext/localedata.jar
7f8021e23000-7f8021e24000 ---p 00000000 00:00 0 
7f8021e24000-7f8021f24000 rw-p 00000000 00:00 0 
7f8021f24000-7f8021f27000 ---p 00000000 00:00 0 
7f8021f27000-7f8022025000 rw-p 00000000 00:00 0 
7f8022025000-7f8022028000 ---p 00000000 00:00 0 
7f8022028000-7f8022126000 rw-p 00000000 00:00 0 
7f8022126000-7f8022129000 ---p 00000000 00:00 0 
7f8022129000-7f8022227000 rw-p 00000000 00:00 0 
7f8022227000-7f802222a000 ---p 00000000 00:00 0 
7f802222a000-7f8022328000 rw-p 00000000 00:00 0 
7f8022328000-7f802232a000 r--s 0000a000 fd:02 2103023                    /home/ike/soft/idea-IU-171.4424.56/plugins/Groovy/lib/agent/gragent.jar
7f802232a000-7f802232c000 r--s 0001a000 fd:02 2102710                    /home/ike/soft/idea-IU-171.4424.56/lib/idea_rt.jar
7f802232c000-7f802232e000 r--s 0000c000 fd:02 3670899                    /home/ike/.m2/repository/org/ow2/asm/asm/5.0.4/asm-5.0.4.jar
7f802232e000-7f802232f000 r--s 00000000 fd:02 4459279                    /home/ike/.gradle/caches/modules-2/files-2.1/javax.inject/javax.inject/1/6975da39a7040257bd51d21a231b76c915872d38/javax.inject-1.jar
7f802232f000-7f8022330000 r--s 00001000 fd:02 4459277                    /home/ike/.gradle/caches/modules-2/files-2.1/javax.annotation/jsr250-api/1.0/5025422767732a1ab45d93abfea846513d742dcf/jsr250-api-1.0.jar
7f8022330000-7f8022331000 r--s 00001000 fd:02 4459275                    /home/ike/.gradle/caches/modules-2/files-2.1/org.jboss.spec.javax.interceptor/jboss-interceptors-api_1.1_spec/1.0.0.Beta1/8cb388fd3b4912373da7a18e199bb55aa52aa5c1/jboss-interceptors-api_1.1_spec-1.0.0.Beta1.jar
7f8022331000-7f8022333000 r--s 00007000 fd:02 4459273                    /home/ike/.gradle/caches/modules-2/files-2.1/javax.el/el-api/2.2/42971279cc8ba864462580c7fc2199fd5715ee7f/el-api-2.2.jar
7f8022333000-7f8022335000 r--s 00005000 fd:02 2234244                    /home/ike/.m2/repository/stax/stax-api/1.0.1/stax-api-1.0.1.jar
7f8022335000-7f8022337000 r--s 0000b000 fd:02 2624367                    /home/ike/.m2/repository/org/objenesis/objenesis/2.2/objenesis-2.2.jar
7f8022337000-7f8022338000 r--s 00001000 fd:02 3670910                    /home/ike/.m2/repository/com/esotericsoftware/minlog/1.3.0/minlog-1.3.0.jar
7f8022338000-7f802233a000 r--s 00004000 fd:02 3670897                    /home/ike/.m2/repository/com/esotericsoftware/reflectasm/1.11.3/reflectasm-1.11.3.jar
7f802233a000-7f802233e000 r--s 0000e000 fd:02 4459271                    /home/ike/.gradle/caches/modules-2/files-2.1/javax.enterprise/cdi-api/1.1/78b1feee99b05a78575fb2fd79fb77be5e74420d/cdi-api-1.1.jar
7f802233e000-7f8022341000 r--s 0002b000 fd:02 4459269                    /home/ike/.gradle/caches/modules-2/files-2.1/org.jboss/jandex/2.0.0.Final/3e899258936f94649c777193e1be846387ed54b3/jandex-2.0.0.Final.jar
7f8022341000-7f8022346000 r--s 00068000 fd:02 2103485                    /home/ike/.m2/repository/antlr/antlr/2.7.7/antlr-2.7.7.jar
7f8022346000-7f8022384000 r--s 0025d000 fd:02 2234241                    /home/ike/.m2/repository/org/apache/xmlbeans/xmlbeans/2.6.0/xmlbeans-2.6.0.jar
7f8022384000-7f802239c000 r--s 00110000 fd:02 3670926                    /home/ike/.m2/repository/io/netty/netty/3.7.0.Final/netty-3.7.0.Final.jar
7f802239c000-7f802239e000 r--s 00014000 fd:02 3539264                    /home/ike/.m2/repository/jline/jline/0.9.94/jline-0.9.94.jar
7f802239e000-7f802239f000 r--s 00002000 fd:02 3015918                    /home/ike/.m2/repository/org/slf4j/slf4j-log4j12/1.6.1/slf4j-log4j12-1.6.1.jar
7f802239f000-7f80223a7000 r--s 00048000 fd:02 3670895                    /home/ike/.m2/repository/com/esotericsoftware/kryo/4.0.0/kryo-4.0.0.jar
7f80223a7000-7f80223a8000 r--s 00003000 fd:02 3540889                    /home/ike/.m2/repository/org/apache/geronimo/specs/geronimo-jta_1.1_spec/1.1.1/geronimo-jta_1.1_spec-1.1.1.jar
7f80223a8000-7f80223b2000 r--s 000ae000 fd:02 3145958                    /home/ike/.m2/repository/org/javassist/javassist/3.20.0-GA/javassist-3.20.0-GA.jar
7f80223b2000-7f80223b5000 r--s 00010000 fd:02 4459261                    /home/ike/.gradle/caches/modules-2/files-2.1/org.hibernate.common/hibernate-commons-annotations/5.0.1.Final/71e1cff3fcb20d3b3af4f3363c3ddb24d33c6879/hibernate-commons-annotations-5.0.1.Final.jar
7f80223b5000-7f80223ba000 r--s 00048000 fd:02 3801997                    /home/ike/.m2/repository/dom4j/dom4j/1.6.1/dom4j-1.6.1.jar
7f80223ba000-7f8022432000 r--s 005a9000 fd:02 4459259                    /home/ike/.gradle/caches/modules-2/files-2.1/org.hibernate/hibernate-core/5.2.4.Final/52414fccd4429d8f723996e26c61330df094d06c/hibernate-core-5.2.4.Final.jar
7f8022432000-7f8022436000 r--s 0000c000 fd:02 3540885                    /home/ike/.m2/repository/javax/validation/validation-api/1.1.0.Final/validation-api-1.1.0.Final.jar
7f8022436000-7f802243e000 r--s 00048000 fd:02 3807593                    /home/ike/.gradle/caches/modules-2/files-2.1/org.apache.httpcomponents/httpcore/4.4.6/e3fd8ced1f52c7574af952e2e6da0df8df08eb82/httpcore-4.4.6.jar
7f802243e000-7f8022442000 r--s 00015000 fd:02 3542611                    /home/ike/.gradle/caches/modules-2/files-2.1/com.github.virtuald/curvesapi/1.04/3386abf821719bc89c7685f9eaafaf4a842f0199/curvesapi-1.04.jar
7f8022442000-7f80224fc000 r--s 004e0000 fd:02 7867893                    /home/ike/.gradle/caches/modules-2/files-2.1/org.apache.poi/poi-ooxml-schemas/3.16/9828a49307fc6bebfd42185b677d88b6e4994c63/poi-ooxml-schemas-3.16.jar
7f80224fc000-7f802250c000 r--s 000a8000 fd:02 3542609                    /home/ike/.gradle/caches/modules-2/files-2.1/org.apache.commons/commons-collections4/4.1/a4cf4688fe1c7e3a63aa636cc96d013af537768e/commons-collections4-4.1.jar
7f802250c000-7f8022513000 r--s 0003f000 fd:02 4196565                    /home/ike/.m2/repository/commons-codec/commons-codec/1.10/commons-codec-1.10.jar
7f8022513000-7f802251f000 r--s 000b9000 fd:02 4587592                    /home/ike/.gradle/caches/modules-2/files-2.1/org.apache.zookeeper/zookeeper/3.4.8/933ea2ed15e6a0e24b788973e3d128ff163c3136/zookeeper-3.4.8.jar
7f802251f000-7f8022528000 r--s 0006f000 fd:02 3670891                    /home/ike/.m2/repository/log4j/log4j/1.2.17/log4j-1.2.17.jar
7f8022528000-7f8022540000 r--s 001bf000 fd:02 3670928                    /home/ike/.m2/repository/org/aspectj/aspectjweaver/1.8.10/aspectjweaver-1.8.10.jar
7f8022540000-7f802254a000 r--s 00098000 fd:02 3671156                    /home/ike/.m2/repository/org/quartz-scheduler/quartz/2.2.3/quartz-2.2.3.jar
7f802254a000-7f802254f000 r--s 00029000 fd:02 3671151                    /home/ike/.m2/repository/org/springframework/spring-context-support/4.3.5.RELEASE/spring-context-support-4.3.5.RELEASE.jar
7f802254f000-7f8022552000 r--s 0000c000 fd:02 3671062                    /home/ike/.m2/repository/org/mengyun/tcc-transaction-core/1.1.5/tcc-transaction-core-1.1.5.jar
7f8022552000-7f8022562000 r--s 000b2000 fd:02 3147507                    /home/ike/.m2/repository/org/jboss/netty/netty/3.2.5.Final/netty-3.2.5.Final.jar
7f8022562000-7f8022564000 r--s 0000e000 fd:02 3146093                    /home/ike/.m2/repository/commons-logging/commons-logging/1.2/commons-logging-1.2.jar
7f8022564000-7f8022567000 r--s 00019000 fd:02 3808679                    /home/ike/.gradle/caches/modules-2/files-2.1/org.apache.commons/commons-pool2/2.4.2/e5f4f28f19d57716fbc3989d7a357ebf1e454fea/commons-pool2-2.4.2.jar
7f8022567000-7f802263e000 r--s 007a9000 fd:02 6293761                    /home/ike/.gradle/caches/modules-2/files-2.1/net.sf.ehcache/ehcache/2.10.3/cf74f9a4a049f181833b147a1d9aa62159c9d01d/ehcache-2.10.3.jar
7f802263e000-7f8022640000 r--s 0000f000 fd:02 3672160                    /home/ike/.m2/repository/org/jboss/logging/jboss-logging/3.3.0.Final/jboss-logging-3.3.0.Final.jar
7f8022640000-7f8022648000 r--s 0003a000 fd:02 3671152                    /home/ike/.m2/repository/org/springframework/spring-tx/4.3.5.RELEASE/spring-tx-4.3.5.RELEASE.jar
7f8022648000-7f802264c000 r--s 00019000 fd:02 4587747                    /home/ike/.gradle/caches/modules-2/files-2.1/org.aspectj/aspectjrt/1.8.9/87372d9e2323313bec24b09a325bfea8ae0eb867/aspectjrt-1.8.9.jar
7f802264c000-7f8022656000 r--s 00068000 fd:02 4587743                    /home/ike/.gradle/caches/modules-2/files-2.1/org.springframework/spring-orm/4.2.8.RELEASE/43b557f5025782616f791dbd720b4a606eeca1bf/spring-orm-4.2.8.RELEASE.jar
7f8022656000-7f802265b000 r--s 0003c000 fd:02 6554776                    /home/ike/.gradle/caches/modules-2/files-2.1/org.springframework/spring-expression/4.3.7.RELEASE/5257b6486e43d8c05674323fea5b415d4da72f38/spring-expression-4.3.7.RELEASE.jar
7f802265b000-7f8022672000 r--s 000fb000 fd:02 6424510                    /home/ike/.gradle/caches/modules-2/files-2.1/org.springframework/spring-core/4.3.7.RELEASE/54fa2db94cc7222edc90ec71354e47cd1dc07f7b/spring-core-4.3.7.RELEASE.jar
7f8022672000-7f8022680000 r--s 000ad000 fd:02 6424518                    /home/ike/.gradle/caches/modules-2/files-2.1/org.springframework/spring-beans/4.3.7.RELEASE/2de9f59f3202965438f3a02057d6ad8274636044/spring-beans-4.3.7.RELEASE.jar
7f8022680000-7f8022689000 r--s 00054000 fd:02 6554774                    /home/ike/.gradle/caches/modules-2/files-2.1/org.springframework/spring-aop/4.3.7.RELEASE/3f243d685e4a8a78a0c291445c6d85560ec4d339/spring-aop-4.3.7.RELEASE.jar
7f8022689000-7f802269b000 r--s 000a7000 fd:02 3670135                    /home/ike/.gradle/caches/modules-2/files-2.1/org.hibernate/hibernate-validator/5.4.0.Final/2076cbd5719e4182a75ab32e7186deb0ca5ac376/hibernate-validator-5.4.0.Final.jar
7f802269b000-7f80226a8000 r--s 000aa000 fd:02 3807591                    /home/ike/.gradle/caches/modules-2/files-2.1/org.apache.httpcomponents/httpclient/4.5.3/d1577ae15f01ef5438c5afc62162457c00a34713/httpclient-4.5.3.jar
7f80226a8000-7f80226bb000 r--s 0014c000 fd:02 7867891                    /home/ike/.gradle/caches/modules-2/files-2.1/org.apache.poi/poi-ooxml/3.16/76e20fe22404cc4da55ddfdaaaadee32bbfa3bdd/poi-ooxml-3.16.jar
7f80226bb000-7f80226e7000 r--s 00263000 fd:02 7867889                    /home/ike/.gradle/caches/modules-2/files-2.1/org.apache.poi/poi/3.16/ad21c123ee5d6b5b2a8f0d4ed23b3ffe6759a889/poi-3.16.jar
7f80226e7000-7f80226ea000 r--s 00015000 fd:02 3807983                    /home/ike/.m2/repository/javax/servlet/javax.servlet-api/3.1.0/javax.servlet-api-3.1.0.jar
7f80226ea000-7f80226ed000 r--s 00010000 fd:02 4587590                    /home/ike/.gradle/caches/modules-2/files-2.1/com.101tec/zkclient/0.10/c54d4b5a5e89af75a80b6d5857400165ce5188d0/zkclient-0.10.jar
7f80226ed000-7f80226f0000 ---p 00000000 00:00 0 
7f80226f0000-7f80227ee000 rw-p 00000000 00:00 0 
7f80227ee000-7f80227f1000 ---p 00000000 00:00 0 
7f80227f1000-7f80228ef000 rw-p 00000000 00:00 0 
7f80228ef000-7f80228f2000 ---p 00000000 00:00 0 
7f80228f2000-7f80229f0000 rw-p 00000000 00:00 0 
7f80229f0000-7f80229f4000 r-xp 00000000 fd:02 2100248                    /home/ike/soft/jdk1.8/jre/lib/amd64/libdt_socket.so
7f80229f4000-7f8022bf3000 ---p 00004000 fd:02 2100248                    /home/ike/soft/jdk1.8/jre/lib/amd64/libdt_socket.so
7f8022bf3000-7f8022bf4000 rw-p 00003000 fd:02 2100248                    /home/ike/soft/jdk1.8/jre/lib/amd64/libdt_socket.so
7f8022bf4000-7f8022bf7000 ---p 00000000 00:00 0 
7f8022bf7000-7f8022cf5000 rw-p 00000000 00:00 0 
7f8022cf5000-7f8022cf8000 ---p 00000000 00:00 0 
7f8022cf8000-7f8022df6000 rw-p 00000000 00:00 0 
7f8022df6000-7f8022df9000 ---p 00000000 00:00 0 
7f8022df9000-7f8022ef7000 rw-p 00000000 00:00 0 
7f8022ef7000-7f8022ef8000 ---p 00000000 00:00 0 
7f8022ef8000-7f8024000000 rw-p 00000000 00:00 0 
7f8024000000-7f8024021000 rw-p 00000000 00:00 0 
7f8024021000-7f8028000000 ---p 00000000 00:00 0 
7f8028000000-7f8028002000 r--s 00003000 fd:02 4588021                    /home/ike/.gradle/caches/modules-2/files-2.1/org.slf4j/jcl-over-slf4j/1.7.22/86ceac14535af5a42c8fb0d06d79b925dd3cb263/jcl-over-slf4j-1.7.22.jar
7f8028002000-7f8028020000 r--s 00143000 fd:02 3670645                    /home/ike/.m2/repository/com/alibaba/dubbo/2.5.4-SNAPSHOT/dubbo-2.5.4-SNAPSHOT.jar
7f8028020000-7f802802c000 r--s 0007c000 fd:02 4590155                    /home/ike/.gradle/caches/modules-2/files-2.1/redis.clients/jedis/2.9.0/292bc9cc26553acd3cccc26f2f95620bf88a04c2/jedis-2.9.0.jar
7f802802c000-7f802805b000 r--s 00239000 fd:02 5376285                    /home/ike/.gradle/caches/modules-2/files-2.1/com.google.guava/guava/21.0/3a3d111be1be1b745edfa7d91678a12d7ed38709/guava-21.0.jar
7f802805b000-7f8028060000 r--s 00061000 fd:02 3670330                    /home/ike/.gradle/caches/modules-2/files-2.1/com.alibaba/fastjson/1.2.23/be2508e9bac203c38f3f52fc8d33332c4e7ee6c5/fastjson-1.2.23.jar
7f8028060000-7f8028063000 r--s 0001a000 fd:02 7733451                    /home/ike/.gradle/caches/modules-2/files-2.1/org.glassfish.web/javax.el/2.2.6/232abfe1f919127e9cfcd6e4e2c6324bb394535/javax.el-2.2.6.jar
7f8028063000-7f8028074000 r--s 0009a000 fd:02 6424506                    /home/ike/.gradle/caches/modules-2/files-2.1/org.springframework.data/spring-data-commons/1.12.8.RELEASE/827a994d703ad9916b694d17401d8bf78bd773f9/spring-data-commons-1.12.8.RELEASE.jar
7f8028074000-7f802807e000 r--s 0005f000 fd:02 3671148                    /home/ike/.m2/repository/org/springframework/spring-jdbc/4.3.5.RELEASE/spring-jdbc-4.3.5.RELEASE.jar
7f802807e000-7f802c000000 rw-p 00000000 00:00 0 
7f802c000000-7f802c021000 rw-p 00000000 00:00 0 
7f802c021000-7f8030000000 ---p 00000000 00:00 0 
7f8030000000-7f8030021000 rw-p 00000000 00:00 0 
7f8030021000-7f8034000000 ---p 00000000 00:00 0 
7f8034000000-7f8034021000 rw-p 00000000 00:00 0 
7f8034021000-7f8038000000 ---p 00000000 00:00 0 
7f8038000000-7f8038002000 r--s 0000e000 fd:02 4459297                    /home/ike/.gradle/caches/modules-2/files-2.1/com.fasterxml/classmate/1.3.3/864c8e370a691e343210cc7c532fc198cee460d8/classmate-1.3.3.jar
7f8038002000-7f8038004000 r--s 00010000 fd:02 7733449                    /home/ike/.gradle/caches/modules-2/files-2.1/javax.el/javax.el-api/3.0.1-b04/8c0c970b8deae5054ff0bf4b17979c8181a506d3/javax.el-api-3.0.1-b04.jar
7f8038004000-7f8038007000 r--s 00020000 fd:02 6168744                    /home/ike/.gradle/caches/modules-2/files-2.1/org.hibernate/hibernate-ehcache/5.2.4.Final/f70147c655b970ca70e3913f91880da6d264fe68/hibernate-ehcache-5.2.4.Final.jar
7f8038007000-7f803800e000 r--s 0003e000 fd:02 4587735                    /home/ike/.gradle/caches/modules-2/files-2.1/org.springframework.data/spring-data-jpa/1.10.3.RELEASE/fc31fbdb8ff777d29077ac53a616f11c2c0df59/spring-data-jpa-1.10.3.RELEASE.jar
7f803800e000-7f8038028000 r--s 000fd000 fd:02 6424513                    /home/ike/.gradle/caches/modules-2/files-2.1/org.springframework/spring-context/4.3.7.RELEASE/34b66b0b7910122ef95ba4fff6da9238ef80a5de/spring-context-4.3.7.RELEASE.jar
7f8038028000-7f803803f000 r--s 001b7000 fd:02 4587733                    /home/ike/.gradle/caches/modules-2/files-2.1/mysql/mysql-connector-java/6.0.5/9d8df5a1f3273110f2a9ad304961bdd03d696d86/mysql-connector-java-6.0.5.jar
7f803803f000-7f8038043000 r--s 0002f000 fd:02 3670137                    /home/ike/.gradle/caches/modules-2/files-2.1/commons-io/commons-io/2.5/2852e6e05fbb95076fc091f6d1780f1f8fe35e0f/commons-io-2.5.jar
7f8038043000-7f8038045000 r--s 00009000 fd:02 4460443                    /home/ike/.gradle/caches/modules-2/files-2.1/org.slf4j/slf4j-api/1.7.24/3f6b4bd4f8dbe8d4bea06d107a3826469b85c3e9/slf4j-api-1.7.24.jar
7f8038045000-7f8038067000 r--s 001e6000 fd:02 4587737                    /home/ike/.gradle/caches/modules-2/files-2.1/com.alibaba/druid/1.0.26/f4bc6159b34e4cda5abd6480203492b470aa1a36/druid-1.0.26.jar
7f8038067000-7f803806f000 r--s 0006e000 fd:02 3670118                    /home/ike/.gradle/caches/modules-2/files-2.1/org.apache.commons/commons-lang3/3.5/6c6c702c89bfff3cd9e80b04d668c5e190d588c6/commons-lang3-3.5.jar
7f803806f000-7f8038074000 r--s 00017000 fd:02 3148263                    /home/ike/.m2/repository/org/hibernate/javax/persistence/hibernate-jpa-2.1-api/1.0.0.Final/hibernate-jpa-2.1-api-1.0.0.Final.jar
7f8038074000-7f8038087000 r--s 00345000 fd:02 2100473                    /home/ike/soft/jdk1.8/jre/lib/resources.jar
7f8038087000-7f803809a000 r--s 000d6000 fd:02 2100468                    /home/ike/soft/jdk1.8/jre/lib/plugin.jar
7f803809a000-7f803859f000 rw-p 00000000 00:00 0 
7f803859f000-7f8038778000 r--s 03d29000 fd:02 2100521                    /home/ike/soft/jdk1.8/jre/lib/rt.jar
7f8038778000-7f8038bc6000 rw-p 00000000 00:00 0 
7f8038bc6000-7f8038bc7000 ---p 00000000 00:00 0 
7f8038bc7000-7f8038cc7000 rw-p 00000000 00:00 0 
7f8038cc7000-7f8038cc8000 ---p 00000000 00:00 0 
7f8038cc8000-7f8038dc8000 rw-p 00000000 00:00 0 
7f8038dc8000-7f8038dc9000 ---p 00000000 00:00 0 
7f8038dc9000-7f8038ec9000 rw-p 00000000 00:00 0 
7f8038ec9000-7f8038eca000 ---p 00000000 00:00 0 
7f8038eca000-7f8038ff4000 rw-p 00000000 00:00 0 
7f8038ff4000-7f803925a000 ---p 00000000 00:00 0 
7f803925a000-7f8039284000 rw-p 00000000 00:00 0 
7f8039284000-7f80394ea000 ---p 00000000 00:00 0 
7f80394ea000-7f803952f000 rw-p 00000000 00:00 0 
7f803952f000-7f8039632000 ---p 00000000 00:00 0 
7f8039632000-7f803965e000 rw-p 00000000 00:00 0 
7f803965e000-7f80399f3000 ---p 00000000 00:00 0 
7f80399f3000-7f803a493000 rwxp 00000000 00:00 0 
7f803a493000-7f80489f3000 ---p 00000000 00:00 0 
7f80489f3000-7f8048a0d000 r-xp 00000000 fd:02 2100263                    /home/ike/soft/jdk1.8/jre/lib/amd64/libzip.so
7f8048a0d000-7f8048c0d000 ---p 0001a000 fd:02 2100263                    /home/ike/soft/jdk1.8/jre/lib/amd64/libzip.so
7f8048c0d000-7f8048c0e000 rw-p 0001a000 fd:02 2100263                    /home/ike/soft/jdk1.8/jre/lib/amd64/libzip.so
7f8048c0e000-7f8048c18000 r-xp 00000000 fd:00 2891856                    /usr/lib64/libnss_files-2.24.so
7f8048c18000-7f8048e18000 ---p 0000a000 fd:00 2891856                    /usr/lib64/libnss_files-2.24.so
7f8048e18000-7f8048e19000 r--p 0000a000 fd:00 2891856                    /usr/lib64/libnss_files-2.24.so
7f8048e19000-7f8048e1a000 rw-p 0000b000 fd:00 2891856                    /usr/lib64/libnss_files-2.24.so
7f8048e1a000-7f8048e20000 rw-p 00000000 00:00 0 
7f8048e20000-7f8048e2a000 r-xp 00000000 fd:02 2100232                    /home/ike/soft/jdk1.8/jre/lib/amd64/libinstrument.so
7f8048e2a000-7f8049029000 ---p 0000a000 fd:02 2100232                    /home/ike/soft/jdk1.8/jre/lib/amd64/libinstrument.so
7f8049029000-7f804902a000 rw-p 00009000 fd:02 2100232                    /home/ike/soft/jdk1.8/jre/lib/amd64/libinstrument.so
7f804902a000-7f804fbc3000 r--p 00000000 fd:00 2885042                    /usr/lib/locale/locale-archive
7f804fbc3000-7f804fbc5000 r-xp 00000000 fd:02 2100241                    /home/ike/soft/jdk1.8/jre/lib/amd64/libnpt.so
7f804fbc5000-7f804fdc5000 ---p 00002000 fd:02 2100241                    /home/ike/soft/jdk1.8/jre/lib/amd64/libnpt.so
7f804fdc5000-7f804fdc6000 rw-p 00002000 fd:02 2100241                    /home/ike/soft/jdk1.8/jre/lib/amd64/libnpt.so
7f804fdc6000-7f804fdff000 r-xp 00000000 fd:02 2100224                    /home/ike/soft/jdk1.8/jre/lib/amd64/libjdwp.so
7f804fdff000-7f804fffe000 ---p 00039000 fd:02 2100224                    /home/ike/soft/jdk1.8/jre/lib/amd64/libjdwp.so
7f804fffe000-7f8050000000 rw-p 00038000 fd:02 2100224                    /home/ike/soft/jdk1.8/jre/lib/amd64/libjdwp.so
7f8050000000-7f8050de0000 rw-p 00000000 00:00 0 
7f8050de0000-7f8054000000 ---p 00000000 00:00 0 
7f8054000000-7f8054001000 r--s 00001000 fd:02 3670688                    /home/ike/.m2/repository/org/mengyun/tcc-transaction-api/1.1.5/tcc-transaction-api-1.1.5.jar
7f8054001000-7f805401c000 r--s 00208000 fd:02 2100407                    /home/ike/soft/jdk1.8/jre/lib/deploy.jar
7f805401c000-7f8054046000 r-xp 00000000 fd:02 2100286                    /home/ike/soft/jdk1.8/jre/lib/amd64/libjava.so
7f8054046000-7f8054246000 ---p 0002a000 fd:02 2100286                    /home/ike/soft/jdk1.8/jre/lib/amd64/libjava.so
7f8054246000-7f8054248000 rw-p 0002a000 fd:02 2100286                    /home/ike/soft/jdk1.8/jre/lib/amd64/libjava.so
7f8054248000-7f8054255000 r-xp 00000000 fd:02 2100257                    /home/ike/soft/jdk1.8/jre/lib/amd64/libverify.so
7f8054255000-7f8054455000 ---p 0000d000 fd:02 2100257                    /home/ike/soft/jdk1.8/jre/lib/amd64/libverify.so
7f8054455000-7f8054457000 rw-p 0000d000 fd:02 2100257                    /home/ike/soft/jdk1.8/jre/lib/amd64/libverify.so
7f8054457000-7f805445e000 r-xp 00000000 fd:00 2891975                    /usr/lib64/librt-2.24.so
7f805445e000-7f805465d000 ---p 00007000 fd:00 2891975                    /usr/lib64/librt-2.24.so
7f805465d000-7f805465e000 r--p 00006000 fd:00 2891975                    /usr/lib64/librt-2.24.so
7f805465e000-7f805465f000 rw-p 00007000 fd:00 2891975                    /usr/lib64/librt-2.24.so
7f805465f000-7f8054767000 r-xp 00000000 fd:00 2891438                    /usr/lib64/libm-2.24.so
7f8054767000-7f8054966000 ---p 00108000 fd:00 2891438                    /usr/lib64/libm-2.24.so
7f8054966000-7f8054967000 r--p 00107000 fd:00 2891438                    /usr/lib64/libm-2.24.so
7f8054967000-7f8054968000 rw-p 00108000 fd:00 2891438                    /usr/lib64/libm-2.24.so
7f8054968000-7f8055633000 r-xp 00000000 fd:02 2100238                    /home/ike/soft/jdk1.8/jre/lib/amd64/server/libjvm.so
7f8055633000-7f8055832000 ---p 00ccb000 fd:02 2100238                    /home/ike/soft/jdk1.8/jre/lib/amd64/server/libjvm.so
7f8055832000-7f805590b000 rw-p 00cca000 fd:02 2100238                    /home/ike/soft/jdk1.8/jre/lib/amd64/server/libjvm.so
7f805590b000-7f8055956000 rw-p 00000000 00:00 0 
7f8055956000-7f8055b13000 r-xp 00000000 fd:00 2891285                    /usr/lib64/libc-2.24.so
7f8055b13000-7f8055d12000 ---p 001bd000 fd:00 2891285                    /usr/lib64/libc-2.24.so
7f8055d12000-7f8055d16000 r--p 001bc000 fd:00 2891285                    /usr/lib64/libc-2.24.so
7f8055d16000-7f8055d18000 rw-p 001c0000 fd:00 2891285                    /usr/lib64/libc-2.24.so
7f8055d18000-7f8055d1c000 rw-p 00000000 00:00 0 
7f8055d1c000-7f8055d1f000 r-xp 00000000 fd:00 2891382                    /usr/lib64/libdl-2.24.so
7f8055d1f000-7f8055f1e000 ---p 00003000 fd:00 2891382                    /usr/lib64/libdl-2.24.so
7f8055f1e000-7f8055f1f000 r--p 00002000 fd:00 2891382                    /usr/lib64/libdl-2.24.so
7f8055f1f000-7f8055f20000 rw-p 00003000 fd:00 2891382                    /usr/lib64/libdl-2.24.so
7f8055f20000-7f8055f35000 r-xp 00000000 fd:02 2098935                    /home/ike/soft/jdk1.8/lib/amd64/jli/libjli.so
7f8055f35000-7f8056135000 ---p 00015000 fd:02 2098935                    /home/ike/soft/jdk1.8/lib/amd64/jli/libjli.so
7f8056135000-7f8056136000 rw-p 00015000 fd:02 2098935                    /home/ike/soft/jdk1.8/lib/amd64/jli/libjli.so
7f8056136000-7f805614e000 r-xp 00000000 fd:00 2891857                    /usr/lib64/libpthread-2.24.so
7f805614e000-7f805634e000 ---p 00018000 fd:00 2891857                    /usr/lib64/libpthread-2.24.so
7f805634e000-7f805634f000 r--p 00018000 fd:00 2891857                    /usr/lib64/libpthread-2.24.so
7f805634f000-7f8056350000 rw-p 00019000 fd:00 2891857                    /usr/lib64/libpthread-2.24.so
7f8056350000-7f8056354000 rw-p 00000000 00:00 0 
7f8056354000-7f8056379000 r-xp 00000000 fd:00 2894298                    /usr/lib64/ld-2.24.so
7f8056379000-7f805637a000 r--s 00000000 fd:02 4459257                    /home/ike/.gradle/caches/modules-2/files-2.1/org.hibernate/hibernate-entitymanager/5.2.4.Final/b5f9506bbff26ce5c75f16e568fa43d148d0f1d1/hibernate-entitymanager-5.2.4.Final.jar
7f805637a000-7f805637e000 r--s 00097000 fd:02 2100406                    /home/ike/soft/jdk1.8/jre/lib/jsse.jar
7f805637e000-7f8056383000 r--s 00084000 fd:02 2100412                    /home/ike/soft/jdk1.8/jre/lib/jfr.jar
7f8056383000-7f805638d000 r--s 0006c000 fd:02 2100376                    /home/ike/soft/jdk1.8/jre/lib/javaws.jar
7f805638d000-7f805645e000 rw-p 00000000 00:00 0 
7f805645e000-7f8056461000 ---p 00000000 00:00 0 
7f8056461000-7f8056561000 rw-p 00000000 00:00 0 
7f8056561000-7f8056562000 r--s 00002000 fd:02 3671205                    /home/ike/.m2/repository/org/mengyun/tcc-transaction-spring/1.1.5/tcc-transaction-spring-1.1.5.jar
7f8056562000-7f8056563000 r--s 00000000 fd:02 2100401                    /home/ike/soft/jdk1.8/jre/lib/management-agent.jar
7f8056563000-7f8056565000 r--s 00007000 fd:02 2100375                    /home/ike/soft/jdk1.8/jre/lib/jfxswt.jar
7f8056565000-7f8056568000 r--s 0001a000 fd:02 2100204                    /home/ike/soft/jdk1.8/jre/lib/jce.jar
7f8056568000-7f805656d000 r--s 002f9000 fd:02 2100432                    /home/ike/soft/jdk1.8/jre/lib/charsets.jar
7f805656d000-7f8056575000 rw-s 00000000 00:29 650125                     /tmp/hsperfdata_ike/7897
7f8056575000-7f8056576000 rw-p 00000000 00:00 0 
7f8056576000-7f8056577000 ---p 00000000 00:00 0 
7f8056577000-7f8056579000 rw-p 00000000 00:00 0 
7f8056579000-7f805657a000 r--p 00025000 fd:00 2894298                    /usr/lib64/ld-2.24.so
7f805657a000-7f805657b000 rw-p 00026000 fd:00 2894298                    /usr/lib64/ld-2.24.so
7f805657b000-7f805657c000 rw-p 00000000 00:00 0 
7ffcbf35b000-7ffcbf37f000 rw-p 00000000 00:00 0                          [stack]
7ffcbf3c3000-7ffcbf3c5000 r--p 00000000 00:00 0                          [vvar]
7ffcbf3c5000-7ffcbf3c7000 r-xp 00000000 00:00 0                          [vdso]
ffffffffff600000-ffffffffff601000 r-xp 00000000 00:00 0                  [vsyscall]

VM Arguments:
jvm_args: -agentlib:jdwp=transport=dt_socket,address=127.0.0.1:40635,suspend=y,server=n -javaagent:/home/ike/soft/idea-IU-171.4424.56/plugins/Groovy/lib/agent/gragent.jar -Dfile.encoding=UTF-8 
java_command: com.bjike.goddess.voucher.Application
java_class_path (initial): /home/ike/soft/jdk1.8/jre/lib/charsets.jar:/home/ike/soft/jdk1.8/jre/lib/deploy.jar:/home/ike/soft/jdk1.8/jre/lib/ext/cldrdata.jar:/home/ike/soft/jdk1.8/jre/lib/ext/dnsns.jar:/home/ike/soft/jdk1.8/jre/lib/ext/jaccess.jar:/home/ike/soft/jdk1.8/jre/lib/ext/jfxrt.jar:/home/ike/soft/jdk1.8/jre/lib/ext/localedata.jar:/home/ike/soft/jdk1.8/jre/lib/ext/nashorn.jar:/home/ike/soft/jdk1.8/jre/lib/ext/sunec.jar:/home/ike/soft/jdk1.8/jre/lib/ext/sunjce_provider.jar:/home/ike/soft/jdk1.8/jre/lib/ext/sunpkcs11.jar:/home/ike/soft/jdk1.8/jre/lib/ext/zipfs.jar:/home/ike/soft/jdk1.8/jre/lib/javaws.jar:/home/ike/soft/jdk1.8/jre/lib/jce.jar:/home/ike/soft/jdk1.8/jre/lib/jfr.jar:/home/ike/soft/jdk1.8/jre/lib/jfxswt.jar:/home/ike/soft/jdk1.8/jre/lib/jsse.jar:/home/ike/soft/jdk1.8/jre/lib/management-agent.jar:/home/ike/soft/jdk1.8/jre/lib/plugin.jar:/home/ike/soft/jdk1.8/jre/lib/resources.jar:/home/ike/soft/jdk1.8/jre/lib/rt.jar:/home/ike/code/goddess-java/modules/voucher/voucher-provider/build/classes/main:/home/ike/code/goddess-java/modules/voucher/voucher-provider/build/resources/main:/home/ike/code/goddess-java/common/common-jpa/build/classes/main:/home/ike/code/goddess-java/common/common-provider/build/classes/main:/home/ike/code/goddess-java/common/common-provider/build/resources/main:/home/ike/code/goddess-java/modules/voucher/voucher-api/build/classes/main:/home/ike/code/goddess-java/common/common-utils/build/classes/main:/home/ike/code/goddess-java/common/common-api/build/classes/main:/home/ike/.m2/repository/org/hibernate/javax/persistence/hibernate-jpa-2.1-api/1.0.0.Final/hibernate-jpa-2.1-api-1.0.0.Final.jar:/home/ike/.gradle/caches/modules-2/files-2.1/org.apache.commons/commons-lang3/3.5/6c6c702c89bfff3cd9e80b04d668c5e190d588c6/commons-lang3-3.5.jar:/home/ike/.gradle/caches/modules-2/files-2.1/com.alibaba/druid/1.0.26/f4bc6159b34e4cda5abd6480203492b470aa1a36/druid-1.0.26.jar:/home/ike/.gradle/caches/modules-2/files-2.1/org.slf4j/slf4j-api/1.7.24/3
Launcher Type: SUN_STANDARD

Environment Variables:
JAVA_HOME=/home/ike/soft/jdk1.8
PATH=/home/ike/soft/gradle/bin:/home/ike/soft/maven3.3.9/bin:/home/ike/soft/jdk1.8/bin:/home/ike/soft/jdk1.8/bin:/home/ike/soft/gradle/bin:/home/ike/soft/maven3.3.9/bin:/usr/lib64/qt-3.3/bin:/usr/local/bin:/usr/local/sbin:/usr/bin:/usr/sbin:/home/ike/.local/bin:/home/ike/bin
USERNAME=ike
LD_LIBRARY_PATH=/home/ike/soft/idea-IU-171.4424.56/bin:
SHELL=/bin/bash
DISPLAY=:0

Signal Handlers:
SIGSEGV: [libjvm.so+0xac4790], sa_mask[0]=11111111011111111101111111111110, sa_flags=SA_RESTART|SA_SIGINFO
SIGBUS: [libjvm.so+0xac4790], sa_mask[0]=11111111011111111101111111111110, sa_flags=SA_RESTART|SA_SIGINFO
SIGFPE: [libjvm.so+0x91f140], sa_mask[0]=11111111011111111101111111111110, sa_flags=SA_RESTART|SA_SIGINFO
SIGPIPE: [libjvm.so+0x91f140], sa_mask[0]=11111111011111111101111111111110, sa_flags=SA_RESTART|SA_SIGINFO
SIGXFSZ: [libjvm.so+0x91f140], sa_mask[0]=11111111011111111101111111111110, sa_flags=SA_RESTART|SA_SIGINFO
SIGILL: [libjvm.so+0x91f140], sa_mask[0]=11111111011111111101111111111110, sa_flags=SA_RESTART|SA_SIGINFO
SIGUSR1: SIG_DFL, sa_mask[0]=00000000000000000000000000000000, sa_flags=none
SIGUSR2: [libjvm.so+0x920770], sa_mask[0]=00100000000000000000000000000000, sa_flags=SA_RESTART|SA_SIGINFO
SIGHUP: [libjvm.so+0x921b70], sa_mask[0]=11111111011111111101111111111110, sa_flags=SA_RESTART|SA_SIGINFO
SIGINT: [libjvm.so+0x921b70], sa_mask[0]=11111111011111111101111111111110, sa_flags=SA_RESTART|SA_SIGINFO
SIGTERM: [libjvm.so+0x921b70], sa_mask[0]=11111111011111111101111111111110, sa_flags=SA_RESTART|SA_SIGINFO
SIGQUIT: [libjvm.so+0x921b70], sa_mask[0]=11111111011111111101111111111110, sa_flags=SA_RESTART|SA_SIGINFO


---------------  S Y S T E M  ---------------

OS:Fedora release 25 (Twenty Five)

uname:Linux 4.8.6-300.fc25.x86_64 #1 SMP Tue Nov 1 12:36:38 UTC 2016 x86_64
libc:glibc 2.24 NPTL 2.24 
rlimit: STACK 8192k, CORE 0k, NPROC 31367, NOFILE 4096, AS infinity
load average:5.85 3.00 1.78

/proc/meminfo:
MemTotal:        8053800 kB
MemFree:          107528 kB
MemAvailable:      12884 kB
Buffers:             368 kB
Cached:           166664 kB
SwapCached:         1452 kB
Active:          6636344 kB
Inactive:         873740 kB
Active(anon):    6630912 kB
Inactive(anon):   867676 kB
Active(file):       5432 kB
Inactive(file):     6064 kB
Unevictable:          72 kB
Mlocked:              72 kB
SwapTotal:       8187900 kB
SwapFree:              0 kB
Dirty:                 0 kB
Writeback:             0 kB
AnonPages:       7343124 kB
Mapped:           102936 kB
Shmem:            155316 kB
Slab:             204300 kB
SReclaimable:      71956 kB
SUnreclaim:       132344 kB
KernelStack:       50736 kB
PageTables:       103528 kB
NFS_Unstable:          0 kB
Bounce:                0 kB
WritebackTmp:          0 kB
CommitLimit:    12214800 kB
Committed_AS:   27476980 kB
VmallocTotal:   34359738367 kB
VmallocUsed:           0 kB
VmallocChunk:          0 kB
HardwareCorrupted:     0 kB
AnonHugePages:         0 kB
ShmemHugePages:        0 kB
ShmemPmdMapped:        0 kB
CmaTotal:              0 kB
CmaFree:               0 kB
HugePages_Total:       0
HugePages_Free:        0
HugePages_Rsvd:        0
HugePages_Surp:        0
Hugepagesize:       2048 kB
DirectMap4k:      339108 kB
DirectMap2M:     7927808 kB
DirectMap1G:           0 kB


CPU:total 4 (4 cores per cpu, 1 threads per core) family 6 model 94 stepping 3, cmov, cx8, fxsr, mmx, sse, sse2, sse3, ssse3, sse4.1, sse4.2, popcnt, avx, avx2, aes, clmul, erms, rtm, 3dnowpref, lzcnt, tsc, tscinvbit, bmi1, bmi2, adx

/proc/cpuinfo:
processor	: 0
vendor_id	: GenuineIntel
cpu family	: 6
model		: 94
model name	: Intel(R) Core(TM) i5-6500 CPU @ 3.20GHz
stepping	: 3
microcode	: 0x9e
cpu MHz		: 3300.195
cache size	: 6144 KB
physical id	: 0
siblings	: 4
core id		: 0
cpu cores	: 4
apicid		: 0
initial apicid	: 0
fpu		: yes
fpu_exception	: yes
cpuid level	: 22
wp		: yes
flags		: fpu vme de pse tsc msr pae mce cx8 apic sep mtrr pge mca cmov pat pse36 clflush dts acpi mmx fxsr sse sse2 ss ht tm pbe syscall nx pdpe1gb rdtscp lm constant_tsc art arch_perfmon pebs bts rep_good nopl xtopology nonstop_tsc aperfmperf eagerfpu pni pclmulqdq dtes64 monitor ds_cpl vmx smx est tm2 ssse3 sdbg fma cx16 xtpr pdcm pcid sse4_1 sse4_2 x2apic movbe popcnt tsc_deadline_timer aes xsave avx f16c rdrand lahf_lm abm 3dnowprefetch intel_pt tpr_shadow vnmi flexpriority ept vpid fsgsbase tsc_adjust bmi1 hle avx2 smep bmi2 erms invpcid rtm mpx rdseed adx smap clflushopt xsaveopt xsavec xgetbv1 xsaves dtherm ida arat pln pts hwp hwp_notify hwp_act_window hwp_epp
bugs		:
bogomips	: 6384.00
clflush size	: 64
cache_alignment	: 64
address sizes	: 39 bits physical, 48 bits virtual
power management:

processor	: 1
vendor_id	: GenuineIntel
cpu family	: 6
model		: 94
model name	: Intel(R) Core(TM) i5-6500 CPU @ 3.20GHz
stepping	: 3
microcode	: 0x9e
cpu MHz		: 3243.359
cache size	: 6144 KB
physical id	: 0
siblings	: 4
core id		: 1
cpu cores	: 4
apicid		: 2
initial apicid	: 2
fpu		: yes
fpu_exception	: yes
cpuid level	: 22
wp		: yes
flags		: fpu vme de pse tsc msr pae mce cx8 apic sep mtrr pge mca cmov pat pse36 clflush dts acpi mmx fxsr sse sse2 ss ht tm pbe syscall nx pdpe1gb rdtscp lm constant_tsc art arch_perfmon pebs bts rep_good nopl xtopology nonstop_tsc aperfmperf eagerfpu pni pclmulqdq dtes64 monitor ds_cpl vmx smx est tm2 ssse3 sdbg fma cx16 xtpr pdcm pcid sse4_1 sse4_2 x2apic movbe popcnt tsc_deadline_timer aes xsave avx f16c rdrand lahf_lm abm 3dnowprefetch intel_pt tpr_shadow vnmi flexpriority ept vpid fsgsbase tsc_adjust bmi1 hle avx2 smep bmi2 erms invpcid rtm mpx rdseed adx smap clflushopt xsaveopt xsavec xgetbv1 xsaves dtherm ida arat pln pts hwp hwp_notify hwp_act_window hwp_epp
bugs		:
bogomips	: 6387.68
clflush size	: 64
cache_alignment	: 64
address sizes	: 39 bits physical, 48 bits virtual
power management:

processor	: 2
vendor_id	: GenuineIntel
cpu family	: 6
model		: 94
model name	: Intel(R) Core(TM) i5-6500 CPU @ 3.20GHz
stepping	: 3
microcode	: 0x9e
cpu MHz		: 3300.000
cache size	: 6144 KB
physical id	: 0
siblings	: 4
core id		: 2
cpu cores	: 4
apicid		: 4
initial apicid	: 4
fpu		: yes
fpu_exception	: yes
cpuid level	: 22
wp		: yes
flags		: fpu vme de pse tsc msr pae mce cx8 apic sep mtrr pge mca cmov pat pse36 clflush dts acpi mmx fxsr sse sse2 ss ht tm pbe syscall nx pdpe1gb rdtscp lm constant_tsc art arch_perfmon pebs bts rep_good nopl xtopology nonstop_tsc aperfmperf eagerfpu pni pclmulqdq dtes64 monitor ds_cpl vmx smx est tm2 ssse3 sdbg fma cx16 xtpr pdcm pcid sse4_1 sse4_2 x2apic movbe popcnt tsc_deadline_timer aes xsave avx f16c rdrand lahf_lm abm 3dnowprefetch intel_pt tpr_shadow vnmi flexpriority ept vpid fsgsbase tsc_adjust bmi1 hle avx2 smep bmi2 erms invpcid rtm mpx rdseed adx smap clflushopt xsaveopt xsavec xgetbv1 xsaves dtherm ida arat pln pts hwp hwp_notify hwp_act_window hwp_epp
bugs		:
bogomips	: 6387.77
clflush size	: 64
cache_alignment	: 64
address sizes	: 39 bits physical, 48 bits virtual
power management:

processor	: 3
vendor_id	: GenuineIntel
cpu family	: 6
model		: 94
model name	: Intel(R) Core(TM) i5-6500 CPU @ 3.20GHz
stepping	: 3
microcode	: 0x9e
cpu MHz		: 3209.765
cache size	: 6144 KB
physical id	: 0
siblings	: 4
core id		: 3
cpu cores	: 4
apicid		: 6
initial apicid	: 6
fpu		: yes
fpu_exception	: yes
cpuid level	: 22
wp		: yes
flags		: fpu vme de pse tsc msr pae mce cx8 apic sep mtrr pge mca cmov pat pse36 clflush dts acpi mmx fxsr sse sse2 ss ht tm pbe syscall nx pdpe1gb rdtscp lm constant_tsc art arch_perfmon pebs bts rep_good nopl xtopology nonstop_tsc aperfmperf eagerfpu pni pclmulqdq dtes64 monitor ds_cpl vmx smx est tm2 ssse3 sdbg fma cx16 xtpr pdcm pcid sse4_1 sse4_2 x2apic movbe popcnt tsc_deadline_timer aes xsave avx f16c rdrand lahf_lm abm 3dnowprefetch intel_pt tpr_shadow vnmi flexpriority ept vpid fsgsbase tsc_adjust bmi1 hle avx2 smep bmi2 erms invpcid rtm mpx rdseed adx smap clflushopt xsaveopt xsavec xgetbv1 xsaves dtherm ida arat pln pts hwp hwp_notify hwp_act_window hwp_epp
bugs		:
bogomips	: 6387.86
clflush size	: 64
cache_alignment	: 64
address sizes	: 39 bits physical, 48 bits virtual
power management:



Memory: 4k page, physical 8053800k(107884k free), swap 8187900k(0k free)

vm_info: Java HotSpot(TM) 64-Bit Server VM (25.101-b13) for linux-amd64 JRE (1.8.0_101-b13), built on Jun 22 2016 02:59:44 by "java_re" with gcc 4.3.0 20080428 (Red Hat 4.3.0-8)

time: Sat Jul 29 14:06:35 2017
elapsed time: 12 seconds (0d 0h 0m 12s)

