#
# There is insufficient memory for the Java Runtime Environment to continue.
# Native memory allocation (mmap) failed to map 139460608 bytes for committing reserved memory.
# Possible reasons:
#   The system is out of physical RAM or swap space
#   In 32 bit mode, the process size limit was hit
# Possible solutions:
#   Reduce memory load on the system
#   Increase physical memory or swap space
#   Check if swap backing store is full
#   Use 64 bit Java on a 64 bit OS
#   Decrease Java heap size (-Xmx/-Xms)
#   Decrease number of Java threads
#   Decrease Java thread stack sizes (-Xss)
#   Set larger code cache with -XX:ReservedCodeCacheSize=
# This output file may be truncated or incomplete.
#
#  Out of Memory Error (os_linux.cpp:2627), pid=31153, tid=0x00007fe9fa9f1700
#
# JRE version: Java(TM) SE Runtime Environment (8.0_101-b13) (build 1.8.0_101-b13)
# Java VM: Java HotSpot(TM) 64-Bit Server VM (25.101-b13 mixed mode linux-amd64 compressed oops)
# Failed to write core dump. Core dumps have been disabled. To enable core dumping, try "ulimit -c unlimited" before starting Java again
#

---------------  T H R E A D  ---------------

Current thread (0x00007fea20146000):  VMThread [stack: 0x00007fe9fa8f1000,0x00007fe9fa9f2000] [id=31161]

Stack: [0x00007fe9fa8f1000,0x00007fe9fa9f2000],  sp=0x00007fe9fa9f00a0,  free space=1020k
Native frames: (J=compiled Java code, j=interpreted, Vv=VM code, C=native code)
V  [libjvm.so+0xac3f0a]  VMError::report_and_die()+0x2ba
V  [libjvm.so+0x4fbf9b]  report_vm_out_of_memory(char const*, int, unsigned long, VMErrorType, char const*)+0x8b
V  [libjvm.so+0x9222d3]  os::Linux::commit_memory_impl(char*, unsigned long, bool)+0x103
V  [libjvm.so+0x922829]  os::pd_commit_memory(char*, unsigned long, unsigned long, bool)+0x29
V  [libjvm.so+0x91cb2a]  os::commit_memory(char*, unsigned long, unsigned long, bool)+0x2a
V  [libjvm.so+0x991053]  PSVirtualSpace::expand_by(unsigned long)+0x53
V  [libjvm.so+0x992458]  PSYoungGen::resize_generation(unsigned long, unsigned long)+0xf8
V  [libjvm.so+0x9915b2]  PSYoungGen::resize(unsigned long, unsigned long)+0x22
V  [libjvm.so+0x98e88b]  PSScavenge::invoke_no_policy()+0xf3b
V  [libjvm.so+0x98f011]  PSScavenge::invoke()+0x41
V  [libjvm.so+0x945fc0]  ParallelScavengeHeap::failed_mem_allocate(unsigned long)+0x70
V  [libjvm.so+0xac5927]  VM_ParallelGCFailedAllocation::doit()+0x97
V  [libjvm.so+0xacd405]  VM_Operation::evaluate()+0x55
V  [libjvm.so+0xacb7da]  VMThread::evaluate_operation(VM_Operation*)+0xba
V  [libjvm.so+0xacbb5e]  VMThread::loop()+0x1ce
V  [libjvm.so+0xacbfd0]  VMThread::run()+0x70
V  [libjvm.so+0x924698]  java_start(Thread*)+0x108

VM_Operation (0x00007fea25f74690): ParallelGCFailedAllocation, mode: safepoint, requested by thread 0x00007fea20010000


---------------  P R O C E S S  ---------------

Java Threads: ( => current thread )
  0x00007fea205cb800 JavaThread "Service Thread" daemon [_thread_blocked, id=31183, stack(0x00007fe9f9938000,0x00007fe9f9a39000)]
  0x00007fea205b6000 JavaThread "C1 CompilerThread2" daemon [_thread_blocked, id=31182, stack(0x00007fe9f9a39000,0x00007fe9f9b3a000)]
  0x00007fea205b2000 JavaThread "C2 CompilerThread1" daemon [_thread_in_native, id=31181, stack(0x00007fe9f9b3a000,0x00007fe9f9c3b000)]
  0x00007fea205b1000 JavaThread "C2 CompilerThread0" daemon [_thread_blocked, id=31180, stack(0x00007fe9f9c3b000,0x00007fe9f9d3c000)]
  0x00007fe9e0001000 JavaThread "JDWP Command Reader" daemon [_thread_in_native, id=31179, stack(0x00007fe9fa0e7000,0x00007fe9fa1e8000)]
  0x00007fea20196000 JavaThread "JDWP Event Helper Thread" daemon [_thread_blocked, id=31178, stack(0x00007fe9fa1e8000,0x00007fe9fa2e9000)]
  0x00007fea20192800 JavaThread "JDWP Transport Listener: dt_socket" daemon [_thread_blocked, id=31174, stack(0x00007fe9fa2e9000,0x00007fe9fa3ea000)]
  0x00007fea20184000 JavaThread "Signal Dispatcher" daemon [_thread_blocked, id=31172, stack(0x00007fe9fa5ee000,0x00007fe9fa6ef000)]
  0x00007fea20152000 JavaThread "Finalizer" daemon [_thread_blocked, id=31171, stack(0x00007fe9fa6ef000,0x00007fe9fa7f0000)]
  0x00007fea2014d800 JavaThread "Reference Handler" daemon [_thread_blocked, id=31170, stack(0x00007fe9fa7f0000,0x00007fe9fa8f1000)]
  0x00007fea20010000 JavaThread "main" [_thread_blocked, id=31156, stack(0x00007fea25e77000,0x00007fea25f78000)]

Other Threads:
=>0x00007fea20146000 VMThread [stack: 0x00007fe9fa8f1000,0x00007fe9fa9f2000] [id=31161]
  0x00007fea205d0800 WatcherThread [stack: 0x00007fe9f9837000,0x00007fe9f9938000] [id=31184]

VM state:at safepoint (normal execution)

VM Mutex/Monitor currently owned by a thread:  ([mutex/lock_event])
[0x00007fea2000e4a0] Threads_lock - owner thread: 0x00007fea20146000
[0x00007fea2000e9a0] Heap_lock - owner thread: 0x00007fea20010000

Heap:
 PSYoungGen      total 133632K, used 8175K [0x00000000d7000000, 0x00000000dfc00000, 0x0000000100000000)
  eden space 125440K, 0% used [0x00000000d7000000,0x00000000d7000000,0x00000000dea80000)
  from space 8192K, 99% used [0x00000000dea80000,0x00000000df27bff0,0x00000000df280000)
  to   space 6656K, 0% used [0x00000000df280000,0x00000000df280000,0x00000000df900000)
 ParOldGen       total 84992K, used 12211K [0x0000000085000000, 0x000000008a300000, 0x00000000d7000000)
  object space 84992K, 14% used [0x0000000085000000,0x0000000085beceb8,0x000000008a300000)
 Metaspace       used 18460K, capacity 18696K, committed 18944K, reserved 1067008K
  class space    used 2119K, capacity 2182K, committed 2304K, reserved 1048576K

Card table byte_map: [0x00007fea08c17000,0x00007fea08ff0000] byte_map_base: 0x00007fea087ef000

Marking Bits: (ParMarkBitMap*) 0x00007fea25342120
 Begin Bits: [0x00007fea00280000, 0x00007fea02140000)
 End Bits:   [0x00007fea02140000, 0x00007fea04000000)

Polling page: 0x00007fea25f8f000

CodeCache: size=245760Kb used=9665Kb max_used=9674Kb free=236094Kb
 bounds [0x00007fea093b0000, 0x00007fea09d30000, 0x00007fea183b0000]
 total_blobs=2716 nmethods=2385 adapters=252
 compilation: enabled

Compilation events (10 events):
Event: 7.598 Thread 0x00007fea205b6000 2390       3       org.aspectj.weaver.reflect.ReflectionBasedResolvedMemberImpl::hasAnnotation (10 bytes)
Event: 7.598 Thread 0x00007fea205b6000 nmethod 2390 0x00007fea09d17b10 code [0x00007fea09d17c80, 0x00007fea09d17e58]
Event: 7.602 Thread 0x00007fea205b6000 2393       3       org.aspectj.weaver.Iterators$4$1::hasNext (67 bytes)
Event: 7.602 Thread 0x00007fea205b6000 nmethod 2393 0x00007fea09d16dd0 code [0x00007fea09d16fc0, 0x00007fea09d17788]
Event: 7.611 Thread 0x00007fea205b1000 nmethod 2382 0x00007fea09d297d0 code [0x00007fea09d299c0, 0x00007fea09d2a448]
Event: 7.611 Thread 0x00007fea205b6000 2394       3       org.aspectj.apache.bcel.classfile.ClassParser::readFields (65 bytes)
Event: 7.612 Thread 0x00007fea205b6000 nmethod 2394 0x00007fea09d28790 code [0x00007fea09d28980, 0x00007fea09d29338]
Event: 7.612 Thread 0x00007fea205b1000 2395 %     4       org.aspectj.apache.bcel.classfile.ClassParser::readMethods @ 35 (65 bytes)
Event: 7.616 Thread 0x00007fea205b6000 2397       3       org.aspectj.weaver.UnresolvedType::isGenericType (16 bytes)
Event: 7.617 Thread 0x00007fea205b6000 nmethod 2397 0x00007fea09d283d0 code [0x00007fea09d28540, 0x00007fea09d286f0]

GC Heap History (10 events):
Event: 0.997 GC heap after
Heap after GC invocations=2 (full 0):
 PSYoungGen      total 36864K, used 3134K [0x00000000d7000000, 0x00000000d9900000, 0x0000000100000000)
  eden space 31744K, 0% used [0x00000000d7000000,0x00000000d7000000,0x00000000d8f00000)
  from space 5120K, 61% used [0x00000000d9400000,0x00000000d970f858,0x00000000d9900000)
  to   space 5120K, 0% used [0x00000000d8f00000,0x00000000d8f00000,0x00000000d9400000)
 ParOldGen       total 84992K, used 16K [0x0000000085000000, 0x000000008a300000, 0x00000000d7000000)
  object space 84992K, 0% used [0x0000000085000000,0x0000000085004000,0x000000008a300000)
 Metaspace       used 7589K, capacity 7694K, committed 7936K, reserved 1056768K
  class space    used 897K, capacity 918K, committed 1024K, reserved 1048576K
}
Event: 1.607 GC heap before
{Heap before GC invocations=3 (full 0):
 PSYoungGen      total 36864K, used 34878K [0x00000000d7000000, 0x00000000d9900000, 0x0000000100000000)
  eden space 31744K, 100% used [0x00000000d7000000,0x00000000d8f00000,0x00000000d8f00000)
  from space 5120K, 61% used [0x00000000d9400000,0x00000000d970f858,0x00000000d9900000)
  to   space 5120K, 0% used [0x00000000d8f00000,0x00000000d8f00000,0x00000000d9400000)
 ParOldGen       total 84992K, used 16K [0x0000000085000000, 0x000000008a300000, 0x00000000d7000000)
  object space 84992K, 0% used [0x0000000085000000,0x0000000085004000,0x000000008a300000)
 Metaspace       used 11216K, capacity 11374K, committed 11648K, reserved 1058816K
  class space    used 1285K, capacity 1334K, committed 1408K, reserved 1048576K
Event: 1.619 GC heap after
Heap after GC invocations=3 (full 0):
 PSYoungGen      total 36864K, used 4227K [0x00000000d7000000, 0x00000000db800000, 0x0000000100000000)
  eden space 31744K, 0% used [0x00000000d7000000,0x00000000d7000000,0x00000000d8f00000)
  from space 5120K, 82% used [0x00000000d8f00000,0x00000000d9320d58,0x00000000d9400000)
  to   space 5120K, 0% used [0x00000000db300000,0x00000000db300000,0x00000000db800000)
 ParOldGen       total 84992K, used 16K [0x0000000085000000, 0x000000008a300000, 0x00000000d7000000)
  object space 84992K, 0% used [0x0000000085000000,0x0000000085004000,0x000000008a300000)
 Metaspace       used 11216K, capacity 11374K, committed 11648K, reserved 1058816K
  class space    used 1285K, capacity 1334K, committed 1408K, reserved 1048576K
}
Event: 1.942 GC heap before
{Heap before GC invocations=4 (full 0):
 PSYoungGen      total 36864K, used 35971K [0x00000000d7000000, 0x00000000db800000, 0x0000000100000000)
  eden space 31744K, 100% used [0x00000000d7000000,0x00000000d8f00000,0x00000000d8f00000)
  from space 5120K, 82% used [0x00000000d8f00000,0x00000000d9320d58,0x00000000d9400000)
  to   space 5120K, 0% used [0x00000000db300000,0x00000000db300000,0x00000000db800000)
 ParOldGen       total 84992K, used 16K [0x0000000085000000, 0x000000008a300000, 0x00000000d7000000)
  object space 84992K, 0% used [0x0000000085000000,0x0000000085004000,0x000000008a300000)
 Metaspace       used 12075K, capacity 12250K, committed 12544K, reserved 1060864K
  class space    used 1369K, capacity 1433K, committed 1536K, reserved 1048576K
Event: 1.956 GC heap after
Heap after GC invocations=4 (full 0):
 PSYoungGen      total 68608K, used 4063K [0x00000000d7000000, 0x00000000db800000, 0x0000000100000000)
  eden space 63488K, 0% used [0x00000000d7000000,0x00000000d7000000,0x00000000dae00000)
  from space 5120K, 79% used [0x00000000db300000,0x00000000db6f7eb8,0x00000000db800000)
  to   space 5120K, 0% used [0x00000000dae00000,0x00000000dae00000,0x00000000db300000)
 ParOldGen       total 84992K, used 88K [0x0000000085000000, 0x000000008a300000, 0x00000000d7000000)
  object space 84992K, 0% used [0x0000000085000000,0x0000000085016010,0x000000008a300000)
 Metaspace       used 12075K, capacity 12250K, committed 12544K, reserved 1060864K
  class space    used 1369K, capacity 1433K, committed 1536K, reserved 1048576K
}
Event: 4.845 GC heap before
{Heap before GC invocations=5 (full 0):
 PSYoungGen      total 68608K, used 67551K [0x00000000d7000000, 0x00000000db800000, 0x0000000100000000)
  eden space 63488K, 100% used [0x00000000d7000000,0x00000000dae00000,0x00000000dae00000)
  from space 5120K, 79% used [0x00000000db300000,0x00000000db6f7eb8,0x00000000db800000)
  to   space 5120K, 0% used [0x00000000dae00000,0x00000000dae00000,0x00000000db300000)
 ParOldGen       total 84992K, used 88K [0x0000000085000000, 0x000000008a300000, 0x00000000d7000000)
  object space 84992K, 0% used [0x0000000085000000,0x0000000085016010,0x000000008a300000)
 Metaspace       used 15448K, capacity 15646K, committed 16000K, reserved 1062912K
  class space    used 1813K, capacity 1855K, committed 1920K, reserved 1048576K
Event: 4.863 GC heap after
Heap after GC invocations=5 (full 0):
 PSYoungGen      total 68608K, used 5117K [0x00000000d7000000, 0x00000000df900000, 0x0000000100000000)
  eden space 63488K, 0% used [0x00000000d7000000,0x00000000d7000000,0x00000000dae00000)
  from space 5120K, 99% used [0x00000000dae00000,0x00000000db2ff720,0x00000000db300000)
  to   space 6656K, 0% used [0x00000000df280000,0x00000000df280000,0x00000000df900000)
 ParOldGen       total 84992K, used 1190K [0x0000000085000000, 0x000000008a300000, 0x00000000d7000000)
  object space 84992K, 1% used [0x0000000085000000,0x0000000085129938,0x000000008a300000)
 Metaspace       used 15448K, capacity 15646K, committed 16000K, reserved 1062912K
  class space    used 1813K, capacity 1855K, committed 1920K, reserved 1048576K
}
Event: 6.136 GC heap before
{Heap before GC invocations=6 (full 0):
 PSYoungGen      total 68608K, used 68605K [0x00000000d7000000, 0x00000000df900000, 0x0000000100000000)
  eden space 63488K, 100% used [0x00000000d7000000,0x00000000dae00000,0x00000000dae00000)
  from space 5120K, 99% used [0x00000000dae00000,0x00000000db2ff720,0x00000000db300000)
  to   space 6656K, 0% used [0x00000000df280000,0x00000000df280000,0x00000000df900000)
 ParOldGen       total 84992K, used 1190K [0x0000000085000000, 0x000000008a300000, 0x00000000d7000000)
  object space 84992K, 1% used [0x0000000085000000,0x0000000085129938,0x000000008a300000)
 Metaspace       used 18300K, capacity 18504K, committed 18944K, reserved 1067008K
  class space    used 2118K, capacity 2182K, committed 2304K, reserved 1048576K
Event: 6.146 GC heap after
Heap after GC invocations=6 (full 0):
 PSYoungGen      total 132096K, used 6646K [0x00000000d7000000, 0x00000000dfc00000, 0x0000000100000000)
  eden space 125440K, 0% used [0x00000000d7000000,0x00000000d7000000,0x00000000dea80000)
  from space 6656K, 99% used [0x00000000df280000,0x00000000df8fdae0,0x00000000df900000)
  to   space 8192K, 0% used [0x00000000dea80000,0x00000000dea80000,0x00000000df280000)
 ParOldGen       total 84992K, used 2158K [0x0000000085000000, 0x000000008a300000, 0x00000000d7000000)
  object space 84992K, 2% used [0x0000000085000000,0x000000008521ba20,0x000000008a300000)
 Metaspace       used 18300K, capacity 18504K, committed 18944K, reserved 1067008K
  class space    used 2118K, capacity 2182K, committed 2304K, reserved 1048576K
}
Event: 7.622 GC heap before
{Heap before GC invocations=7 (full 0):
 PSYoungGen      total 132096K, used 132086K [0x00000000d7000000, 0x00000000dfc00000, 0x0000000100000000)
  eden space 125440K, 100% used [0x00000000d7000000,0x00000000dea80000,0x00000000dea80000)
  from space 6656K, 99% used [0x00000000df280000,0x00000000df8fdae0,0x00000000df900000)
  to   space 8192K, 0% used [0x00000000dea80000,0x00000000dea80000,0x00000000df280000)
 ParOldGen       total 84992K, used 2158K [0x0000000085000000, 0x000000008a300000, 0x00000000d7000000)
  object space 84992K, 2% used [0x0000000085000000,0x000000008521ba20,0x000000008a300000)
 Metaspace       used 18460K, capacity 18696K, committed 18944K, reserved 1067008K
  class space    used 2119K, capacity 2182K, committed 2304K, reserved 1048576K

Deoptimization events (10 events):
Event: 5.417 Thread 0x00007fea20010000 Uncommon trap: reason=class_check action=maybe_recompile pc=0x00007fea09a195f8 method=java.util.concurrent.ConcurrentHashMap.putVal(Ljava/lang/Object;Ljava/lang/Object;Z)Ljava/lang/Object; @ 192
Event: 5.418 Thread 0x00007fea20010000 Uncommon trap: reason=class_check action=maybe_recompile pc=0x00007fea09a195f8 method=java.util.concurrent.ConcurrentHashMap.putVal(Ljava/lang/Object;Ljava/lang/Object;Z)Ljava/lang/Object; @ 192
Event: 5.450 Thread 0x00007fea20010000 Uncommon trap: reason=class_check action=maybe_recompile pc=0x00007fea09a195f8 method=java.util.concurrent.ConcurrentHashMap.putVal(Ljava/lang/Object;Ljava/lang/Object;Z)Ljava/lang/Object; @ 192
Event: 5.451 Thread 0x00007fea20010000 Uncommon trap: reason=class_check action=maybe_recompile pc=0x00007fea09a195f8 method=java.util.concurrent.ConcurrentHashMap.putVal(Ljava/lang/Object;Ljava/lang/Object;Z)Ljava/lang/Object; @ 192
Event: 5.579 Thread 0x00007fea20010000 Uncommon trap: reason=bimorphic action=maybe_recompile pc=0x00007fea096bc71c method=java.util.HashMap.putVal(ILjava/lang/Object;Ljava/lang/Object;ZZ)Ljava/lang/Object; @ 203
Event: 5.699 Thread 0x00007fea20010000 Uncommon trap: reason=unloaded action=reinterpret pc=0x00007fea09b5b634 method=org.aspectj.apache.bcel.classfile.Constant.readConstant(Ljava/io/DataInputStream;)Lorg/aspectj/apache/bcel/classfile/Constant; @ 173
Event: 6.112 Thread 0x00007fea20010000 Uncommon trap: reason=unstable_if action=reinterpret pc=0x00007fea09a89d98 method=java.lang.reflect.Method.equals(Ljava/lang/Object;)Z @ 49
Event: 6.149 Thread 0x00007fea20010000 Uncommon trap: reason=unstable_if action=reinterpret pc=0x00007fea09ad6ef0 method=java.lang.Class.searchMethods([Ljava/lang/reflect/Method;Ljava/lang/String;[Ljava/lang/Class;)Ljava/lang/reflect/Method; @ 47
Event: 6.153 Thread 0x00007fea20010000 Uncommon trap: reason=unstable_if action=reinterpret pc=0x00007fea09abd668 method=java.lang.Class.searchMethods([Ljava/lang/reflect/Method;Ljava/lang/String;[Ljava/lang/Class;)Ljava/lang/reflect/Method; @ 47
Event: 6.170 Thread 0x00007fea20010000 Uncommon trap: reason=unloaded action=reinterpret pc=0x00007fea09c1df0c method=org.aspectj.apache.bcel.classfile.Attribute.readAttribute(Ljava/io/DataInputStream;Lorg/aspectj/apache/bcel/classfile/ConstantPool;)Lorg/aspectj/apache/bcel/classfile/Attribute

Internal exceptions (10 events):
Event: 6.132 Thread 0x00007fea20010000 Exception <a 'java/lang/ClassNotFoundException': javax/naming/ReferenceableCustomizer> (0x00000000dad11888) thrown at [/HUDSON3/workspace/8-2-build-linux-amd64/jdk8u101/7261/hotspot/src/share/vm/classfile/systemDictionary.cpp, line 210]
Event: 6.132 Thread 0x00007fea20010000 Exception <a 'java/lang/ClassNotFoundException': java/io/CloseableCustomizer> (0x00000000dad20a30) thrown at [/HUDSON3/workspace/8-2-build-linux-amd64/jdk8u101/7261/hotspot/src/share/vm/classfile/systemDictionary.cpp, line 210]
Event: 6.133 Thread 0x00007fea20010000 Exception <a 'java/lang/ClassNotFoundException': java/lang/CloneableCustomizer> (0x00000000dad2f6d8) thrown at [/HUDSON3/workspace/8-2-build-linux-amd64/jdk8u101/7261/hotspot/src/share/vm/classfile/systemDictionary.cpp, line 210]
Event: 6.133 Thread 0x00007fea20010000 Exception <a 'java/lang/ClassNotFoundException': javax/sql/ConnectionPoolDataSourceCustomizer> (0x00000000dad404d8) thrown at [/HUDSON3/workspace/8-2-build-linux-amd64/jdk8u101/7261/hotspot/src/share/vm/classfile/systemDictionary.cpp, line 210]
Event: 6.133 Thread 0x00007fea20010000 Exception <a 'java/lang/ClassNotFoundException': javax/management/MBeanRegistrationCustomizer> (0x00000000dad53030) thrown at [/HUDSON3/workspace/8-2-build-linux-amd64/jdk8u101/7261/hotspot/src/share/vm/classfile/systemDictionary.cpp, line 210]
Event: 6.134 Thread 0x00007fea20010000 Exception <a 'java/lang/ClassNotFoundException': com/alibaba/druid/pool/DruidAbstractDataSourceMBeanCustomizer> (0x00000000dad7bfa0) thrown at [/HUDSON3/workspace/8-2-build-linux-amd64/jdk8u101/7261/hotspot/src/share/vm/classfile/systemDictionary.cpp, lin
Event: 6.135 Thread 0x00007fea20010000 Exception <a 'java/lang/ClassNotFoundException': javax/sql/DataSourceCustomizer> (0x00000000dadd80e8) thrown at [/HUDSON3/workspace/8-2-build-linux-amd64/jdk8u101/7261/hotspot/src/share/vm/classfile/systemDictionary.cpp, line 210]
Event: 6.135 Thread 0x00007fea20010000 Exception <a 'java/lang/ClassNotFoundException': com/alibaba/druid/proxy/jdbc/DataSourceProxyCustomizer> (0x00000000dadfe178) thrown at [/HUDSON3/workspace/8-2-build-linux-amd64/jdk8u101/7261/hotspot/src/share/vm/classfile/systemDictionary.cpp, line 210]
Event: 6.147 Thread 0x00007fea20010000 Exception <a 'java/lang/ClassNotFoundException': java/io/SerializableCustomizer> (0x00000000d7016ff0) thrown at [/HUDSON3/workspace/8-2-build-linux-amd64/jdk8u101/7261/hotspot/src/share/vm/classfile/systemDictionary.cpp, line 210]
Event: 6.147 Thread 0x00007fea20010000 Exception <a 'java/lang/ClassNotFoundException': java/sql/WrapperCustomizer> (0x00000000d7024650) thrown at [/HUDSON3/workspace/8-2-build-linux-amd64/jdk8u101/7261/hotspot/src/share/vm/classfile/systemDictionary.cpp, line 210]

Events (10 events):
Event: 7.307 Thread 0x00007fea20010000 DEOPT UNPACKING pc=0x00007fea093f7633 sp=0x00007fea25f74ec8 mode 0
Event: 7.321 Thread 0x00007fea20010000 DEOPT PACKING pc=0x00007fea09a5fb24 sp=0x00007fea25f750e0
Event: 7.321 Thread 0x00007fea20010000 DEOPT UNPACKING pc=0x00007fea093f7633 sp=0x00007fea25f74e78 mode 0
Event: 7.346 Thread 0x00007fea20010000 DEOPT PACKING pc=0x00007fea09a5fb24 sp=0x00007fea25f75130
Event: 7.346 Thread 0x00007fea20010000 DEOPT UNPACKING pc=0x00007fea093f7633 sp=0x00007fea25f74ec8 mode 0
Event: 7.512 Thread 0x00007fea20010000 DEOPT PACKING pc=0x00007fea09c88bd5 sp=0x00007fea25f749a0
Event: 7.512 Thread 0x00007fea20010000 DEOPT UNPACKING pc=0x00007fea093f7633 sp=0x00007fea25f74710 mode 0
Event: 7.611 Thread 0x00007fea20010000 DEOPT PACKING pc=0x00007fea09c8d192 sp=0x00007fea25f748a0
Event: 7.611 Thread 0x00007fea20010000 DEOPT UNPACKING pc=0x00007fea093f7633 sp=0x00007fea25f74668 mode 0
Event: 7.621 Executing VM operation: ParallelGCFailedAllocation


Dynamic libraries:
00400000-00401000 r-xp 00000000 fd:02 2100689                            /home/ike/soft/jdk1.8/bin/java
00600000-00601000 rw-p 00000000 fd:02 2100689                            /home/ike/soft/jdk1.8/bin/java
00ac8000-00ae9000 rw-p 00000000 00:00 0                                  [heap]
85000000-8a300000 rw-p 00000000 00:00 0 
8a300000-d7000000 ---p 00000000 00:00 0 
d7000000-dfc00000 rw-p 00000000 00:00 0 
e8100000-100000000 ---p 00000000 00:00 0 
100000000-100240000 rw-p 00000000 00:00 0 
100240000-140000000 ---p 00000000 00:00 0 
7fe9bc000000-7fe9bc021000 rw-p 00000000 00:00 0 
7fe9bc021000-7fe9c0000000 ---p 00000000 00:00 0 
7fe9c4000000-7fe9c4e2c000 rw-p 00000000 00:00 0 
7fe9c4e2c000-7fe9c8000000 ---p 00000000 00:00 0 
7fe9c8000000-7fe9c8021000 rw-p 00000000 00:00 0 
7fe9c8021000-7fe9cc000000 ---p 00000000 00:00 0 
7fe9cc000000-7fe9cddc1000 rw-p 00000000 00:00 0 
7fe9cddc1000-7fe9d0000000 ---p 00000000 00:00 0 
7fe9d0000000-7fe9d1ba5000 rw-p 00000000 00:00 0 
7fe9d1ba5000-7fe9d4000000 ---p 00000000 00:00 0 
7fe9d4000000-7fe9d4037000 rw-p 00000000 00:00 0 
7fe9d4037000-7fe9d8000000 ---p 00000000 00:00 0 
7fe9d8000000-7fe9d8021000 rw-p 00000000 00:00 0 
7fe9d8021000-7fe9dc000000 ---p 00000000 00:00 0 
7fe9dc000000-7fe9dc021000 rw-p 00000000 00:00 0 
7fe9dc021000-7fe9e0000000 ---p 00000000 00:00 0 
7fe9e0000000-7fe9e0021000 rw-p 00000000 00:00 0 
7fe9e0021000-7fe9e4000000 ---p 00000000 00:00 0 
7fe9e4000000-7fe9e4021000 rw-p 00000000 00:00 0 
7fe9e4021000-7fe9e8000000 ---p 00000000 00:00 0 
7fe9e8000000-7fe9e8021000 rw-p 00000000 00:00 0 
7fe9e8021000-7fe9ec000000 ---p 00000000 00:00 0 
7fe9ec000000-7fe9ec021000 rw-p 00000000 00:00 0 
7fe9ec021000-7fe9f0000000 ---p 00000000 00:00 0 
7fe9f0000000-7fe9f028f000 rw-p 00000000 00:00 0 
7fe9f028f000-7fe9f4000000 ---p 00000000 00:00 0 
7fe9f4000000-7fe9f4021000 rw-p 00000000 00:00 0 
7fe9f4021000-7fe9f8000000 ---p 00000000 00:00 0 
7fe9f8d45000-7fe9f8d85000 rw-p 00000000 00:00 0 
7fe9f8d85000-7fe9f8f45000 ---p 00000000 00:00 0 
7fe9f8f45000-7fe9f9145000 rw-p 00000000 00:00 0 
7fe9f9145000-7fe9f9345000 rw-p 00000000 00:00 0 
7fe9f942d000-7fe9f962d000 rw-p 00000000 00:00 0 
7fe9f962d000-7fe9f982d000 rw-p 00000000 00:00 0 
7fe9f982d000-7fe9f9837000 r--s 00116000 fd:02 2100424                    /home/ike/soft/jdk1.8/jre/lib/ext/localedata.jar
7fe9f9837000-7fe9f9838000 ---p 00000000 00:00 0 
7fe9f9838000-7fe9f9938000 rw-p 00000000 00:00 0 
7fe9f9938000-7fe9f993b000 ---p 00000000 00:00 0 
7fe9f993b000-7fe9f9a39000 rw-p 00000000 00:00 0 
7fe9f9a39000-7fe9f9a3c000 ---p 00000000 00:00 0 
7fe9f9a3c000-7fe9f9b3a000 rw-p 00000000 00:00 0 
7fe9f9b3a000-7fe9f9b3d000 ---p 00000000 00:00 0 
7fe9f9b3d000-7fe9f9c3b000 rw-p 00000000 00:00 0 
7fe9f9c3b000-7fe9f9c3e000 ---p 00000000 00:00 0 
7fe9f9c3e000-7fe9f9d3c000 rw-p 00000000 00:00 0 
7fe9f9d3c000-7fe9f9d3e000 r--s 0000a000 fd:02 2103023                    /home/ike/soft/idea-IU-171.4424.56/plugins/Groovy/lib/agent/gragent.jar
7fe9f9d3e000-7fe9f9d40000 r--s 0001a000 fd:02 2102710                    /home/ike/soft/idea-IU-171.4424.56/lib/idea_rt.jar
7fe9f9d40000-7fe9f9d42000 r--s 0000c000 fd:02 3670899                    /home/ike/.m2/repository/org/ow2/asm/asm/5.0.4/asm-5.0.4.jar
7fe9f9d42000-7fe9f9d43000 r--s 00000000 fd:02 4459279                    /home/ike/.gradle/caches/modules-2/files-2.1/javax.inject/javax.inject/1/6975da39a7040257bd51d21a231b76c915872d38/javax.inject-1.jar
7fe9f9d43000-7fe9f9d44000 r--s 00001000 fd:02 4459277                    /home/ike/.gradle/caches/modules-2/files-2.1/javax.annotation/jsr250-api/1.0/5025422767732a1ab45d93abfea846513d742dcf/jsr250-api-1.0.jar
7fe9f9d44000-7fe9f9d45000 r--s 00001000 fd:02 4459275                    /home/ike/.gradle/caches/modules-2/files-2.1/org.jboss.spec.javax.interceptor/jboss-interceptors-api_1.1_spec/1.0.0.Beta1/8cb388fd3b4912373da7a18e199bb55aa52aa5c1/jboss-interceptors-api_1.1_spec-1.0.0.Beta1.jar
7fe9f9d45000-7fe9f9d47000 r--s 00007000 fd:02 4459273                    /home/ike/.gradle/caches/modules-2/files-2.1/javax.el/el-api/2.2/42971279cc8ba864462580c7fc2199fd5715ee7f/el-api-2.2.jar
7fe9f9d47000-7fe9f9d49000 r--s 00005000 fd:02 2234244                    /home/ike/.m2/repository/stax/stax-api/1.0.1/stax-api-1.0.1.jar
7fe9f9d49000-7fe9f9d4b000 r--s 0000b000 fd:02 2624367                    /home/ike/.m2/repository/org/objenesis/objenesis/2.2/objenesis-2.2.jar
7fe9f9d4b000-7fe9f9d4c000 r--s 00001000 fd:02 3670910                    /home/ike/.m2/repository/com/esotericsoftware/minlog/1.3.0/minlog-1.3.0.jar
7fe9f9d4c000-7fe9f9d4e000 r--s 00004000 fd:02 3670897                    /home/ike/.m2/repository/com/esotericsoftware/reflectasm/1.11.3/reflectasm-1.11.3.jar
7fe9f9d4e000-7fe9f9d52000 r--s 0000e000 fd:02 4459271                    /home/ike/.gradle/caches/modules-2/files-2.1/javax.enterprise/cdi-api/1.1/78b1feee99b05a78575fb2fd79fb77be5e74420d/cdi-api-1.1.jar
7fe9f9d52000-7fe9f9d55000 r--s 0002b000 fd:02 4459269                    /home/ike/.gradle/caches/modules-2/files-2.1/org.jboss/jandex/2.0.0.Final/3e899258936f94649c777193e1be846387ed54b3/jandex-2.0.0.Final.jar
7fe9f9d55000-7fe9f9d5a000 r--s 00068000 fd:02 2103485                    /home/ike/.m2/repository/antlr/antlr/2.7.7/antlr-2.7.7.jar
7fe9f9d5a000-7fe9f9d98000 r--s 0025d000 fd:02 2234241                    /home/ike/.m2/repository/org/apache/xmlbeans/xmlbeans/2.6.0/xmlbeans-2.6.0.jar
7fe9f9d98000-7fe9f9db0000 r--s 00110000 fd:02 3670926                    /home/ike/.m2/repository/io/netty/netty/3.7.0.Final/netty-3.7.0.Final.jar
7fe9f9db0000-7fe9f9db2000 r--s 00014000 fd:02 3539264                    /home/ike/.m2/repository/jline/jline/0.9.94/jline-0.9.94.jar
7fe9f9db2000-7fe9f9db3000 r--s 00002000 fd:02 3015918                    /home/ike/.m2/repository/org/slf4j/slf4j-log4j12/1.6.1/slf4j-log4j12-1.6.1.jar
7fe9f9db3000-7fe9f9dbb000 r--s 00048000 fd:02 3670895                    /home/ike/.m2/repository/com/esotericsoftware/kryo/4.0.0/kryo-4.0.0.jar
7fe9f9dbb000-7fe9f9dbc000 r--s 00003000 fd:02 3540889                    /home/ike/.m2/repository/org/apache/geronimo/specs/geronimo-jta_1.1_spec/1.1.1/geronimo-jta_1.1_spec-1.1.1.jar
7fe9f9dbc000-7fe9f9dc6000 r--s 000ae000 fd:02 3145958                    /home/ike/.m2/repository/org/javassist/javassist/3.20.0-GA/javassist-3.20.0-GA.jar
7fe9f9dc6000-7fe9f9dcb000 r--s 00048000 fd:02 3801997                    /home/ike/.m2/repository/dom4j/dom4j/1.6.1/dom4j-1.6.1.jar
7fe9f9dcb000-7fe9f9dcf000 r--s 0000c000 fd:02 3540885                    /home/ike/.m2/repository/javax/validation/validation-api/1.1.0.Final/validation-api-1.1.0.Final.jar
7fe9f9dcf000-7fe9f9dd7000 r--s 00048000 fd:02 3807593                    /home/ike/.gradle/caches/modules-2/files-2.1/org.apache.httpcomponents/httpcore/4.4.6/e3fd8ced1f52c7574af952e2e6da0df8df08eb82/httpcore-4.4.6.jar
7fe9f9dd7000-7fe9f9ddb000 r--s 00015000 fd:02 3542611                    /home/ike/.gradle/caches/modules-2/files-2.1/com.github.virtuald/curvesapi/1.04/3386abf821719bc89c7685f9eaafaf4a842f0199/curvesapi-1.04.jar
7fe9f9ddb000-7fe9f9e95000 r--s 004e0000 fd:02 7867893                    /home/ike/.gradle/caches/modules-2/files-2.1/org.apache.poi/poi-ooxml-schemas/3.16/9828a49307fc6bebfd42185b677d88b6e4994c63/poi-ooxml-schemas-3.16.jar
7fe9f9e95000-7fe9f9ea5000 r--s 000a8000 fd:02 3542609                    /home/ike/.gradle/caches/modules-2/files-2.1/org.apache.commons/commons-collections4/4.1/a4cf4688fe1c7e3a63aa636cc96d013af537768e/commons-collections4-4.1.jar
7fe9f9ea5000-7fe9f9eb1000 r--s 000b9000 fd:02 4587592                    /home/ike/.gradle/caches/modules-2/files-2.1/org.apache.zookeeper/zookeeper/3.4.8/933ea2ed15e6a0e24b788973e3d128ff163c3136/zookeeper-3.4.8.jar
7fe9f9eb1000-7fe9f9eba000 r--s 0006f000 fd:02 3670891                    /home/ike/.m2/repository/log4j/log4j/1.2.17/log4j-1.2.17.jar
7fe9f9eba000-7fe9f9ed2000 r--s 001bf000 fd:02 3670928                    /home/ike/.m2/repository/org/aspectj/aspectjweaver/1.8.10/aspectjweaver-1.8.10.jar
7fe9f9ed2000-7fe9f9edc000 r--s 00098000 fd:02 3671156                    /home/ike/.m2/repository/org/quartz-scheduler/quartz/2.2.3/quartz-2.2.3.jar
7fe9f9edc000-7fe9f9ee1000 r--s 00029000 fd:02 3671151                    /home/ike/.m2/repository/org/springframework/spring-context-support/4.3.5.RELEASE/spring-context-support-4.3.5.RELEASE.jar
7fe9f9ee1000-7fe9f9ef1000 r--s 000b2000 fd:02 3147507                    /home/ike/.m2/repository/org/jboss/netty/netty/3.2.5.Final/netty-3.2.5.Final.jar
7fe9f9ef1000-7fe9f9ef3000 r--s 0000e000 fd:02 3146093                    /home/ike/.m2/repository/commons-logging/commons-logging/1.2/commons-logging-1.2.jar
7fe9f9ef3000-7fe9f9ef6000 r--s 00019000 fd:02 3808679                    /home/ike/.gradle/caches/modules-2/files-2.1/org.apache.commons/commons-pool2/2.4.2/e5f4f28f19d57716fbc3989d7a357ebf1e454fea/commons-pool2-2.4.2.jar
7fe9f9ef6000-7fe9f9fcd000 r--s 007a9000 fd:02 6293761                    /home/ike/.gradle/caches/modules-2/files-2.1/net.sf.ehcache/ehcache/2.10.3/cf74f9a4a049f181833b147a1d9aa62159c9d01d/ehcache-2.10.3.jar
7fe9f9fcd000-7fe9f9fcf000 r--s 0000f000 fd:02 3672160                    /home/ike/.m2/repository/org/jboss/logging/jboss-logging/3.3.0.Final/jboss-logging-3.3.0.Final.jar
7fe9f9fcf000-7fe9f9fd2000 r--s 00010000 fd:02 4459261                    /home/ike/.gradle/caches/modules-2/files-2.1/org.hibernate.common/hibernate-commons-annotations/5.0.1.Final/71e1cff3fcb20d3b3af4f3363c3ddb24d33c6879/hibernate-commons-annotations-5.0.1.Final.jar
7fe9f9fd2000-7fe9f9fd4000 r--s 00003000 fd:02 4588021                    /home/ike/.gradle/caches/modules-2/files-2.1/org.slf4j/jcl-over-slf4j/1.7.22/86ceac14535af5a42c8fb0d06d79b925dd3cb263/jcl-over-slf4j-1.7.22.jar
7fe9f9fd4000-7fe9f9fdc000 r--s 0003a000 fd:02 3671152                    /home/ike/.m2/repository/org/springframework/spring-tx/4.3.5.RELEASE/spring-tx-4.3.5.RELEASE.jar
7fe9f9fdc000-7fe9f9fe0000 r--s 00019000 fd:02 4587747                    /home/ike/.gradle/caches/modules-2/files-2.1/org.aspectj/aspectjrt/1.8.9/87372d9e2323313bec24b09a325bfea8ae0eb867/aspectjrt-1.8.9.jar
7fe9f9fe0000-7fe9f9fea000 r--s 00068000 fd:02 4587743                    /home/ike/.gradle/caches/modules-2/files-2.1/org.springframework/spring-orm/4.2.8.RELEASE/43b557f5025782616f791dbd720b4a606eeca1bf/spring-orm-4.2.8.RELEASE.jar
7fe9f9fea000-7fe9fa001000 r--s 000fb000 fd:02 6424510                    /home/ike/.gradle/caches/modules-2/files-2.1/org.springframework/spring-core/4.3.7.RELEASE/54fa2db94cc7222edc90ec71354e47cd1dc07f7b/spring-core-4.3.7.RELEASE.jar
7fe9fa001000-7fe9fa006000 r--s 0003c000 fd:02 6554776                    /home/ike/.gradle/caches/modules-2/files-2.1/org.springframework/spring-expression/4.3.7.RELEASE/5257b6486e43d8c05674323fea5b415d4da72f38/spring-expression-4.3.7.RELEASE.jar
7fe9fa006000-7fe9fa014000 r--s 000ad000 fd:02 6424518                    /home/ike/.gradle/caches/modules-2/files-2.1/org.springframework/spring-beans/4.3.7.RELEASE/2de9f59f3202965438f3a02057d6ad8274636044/spring-beans-4.3.7.RELEASE.jar
7fe9fa014000-7fe9fa01d000 r--s 00054000 fd:02 6554774                    /home/ike/.gradle/caches/modules-2/files-2.1/org.springframework/spring-aop/4.3.7.RELEASE/3f243d685e4a8a78a0c291445c6d85560ec4d339/spring-aop-4.3.7.RELEASE.jar
7fe9fa01d000-7fe9fa01e000 r--s 00001000 fd:02 3670688                    /home/ike/.m2/repository/org/mengyun/tcc-transaction-api/1.1.5/tcc-transaction-api-1.1.5.jar
7fe9fa01e000-7fe9fa021000 r--s 0000c000 fd:02 3671062                    /home/ike/.m2/repository/org/mengyun/tcc-transaction-core/1.1.5/tcc-transaction-core-1.1.5.jar
7fe9fa021000-7fe9fa024000 r--s 00015000 fd:02 3807983                    /home/ike/.m2/repository/javax/servlet/javax.servlet-api/3.1.0/javax.servlet-api-3.1.0.jar
7fe9fa024000-7fe9fa027000 r--s 00010000 fd:02 4587590                    /home/ike/.gradle/caches/modules-2/files-2.1/com.101tec/zkclient/0.10/c54d4b5a5e89af75a80b6d5857400165ce5188d0/zkclient-0.10.jar
7fe9fa027000-7fe9fa045000 r--s 00143000 fd:02 3670645                    /home/ike/.m2/repository/com/alibaba/dubbo/2.5.4-SNAPSHOT/dubbo-2.5.4-SNAPSHOT.jar
7fe9fa045000-7fe9fa047000 r--s 0000e000 fd:02 4459297                    /home/ike/.gradle/caches/modules-2/files-2.1/com.fasterxml/classmate/1.3.3/864c8e370a691e343210cc7c532fc198cee460d8/classmate-1.3.3.jar
7fe9fa047000-7fe9fa059000 r--s 000a7000 fd:02 3670135                    /home/ike/.gradle/caches/modules-2/files-2.1/org.hibernate/hibernate-validator/5.4.0.Final/2076cbd5719e4182a75ab32e7186deb0ca5ac376/hibernate-validator-5.4.0.Final.jar
7fe9fa059000-7fe9fa05e000 r--s 00061000 fd:02 3670330                    /home/ike/.gradle/caches/modules-2/files-2.1/com.alibaba/fastjson/1.2.23/be2508e9bac203c38f3f52fc8d33332c4e7ee6c5/fastjson-1.2.23.jar
7fe9fa05e000-7fe9fa060000 r--s 00010000 fd:02 7733449                    /home/ike/.gradle/caches/modules-2/files-2.1/javax.el/javax.el-api/3.0.1-b04/8c0c970b8deae5054ff0bf4b17979c8181a506d3/javax.el-api-3.0.1-b04.jar
7fe9fa060000-7fe9fa063000 r--s 0001a000 fd:02 7733451                    /home/ike/.gradle/caches/modules-2/files-2.1/org.glassfish.web/javax.el/2.2.6/232abfe1f919127e9cfcd6e4e2c6324bb394535/javax.el-2.2.6.jar
7fe9fa063000-7fe9fa06f000 r--s 0007c000 fd:02 4590155                    /home/ike/.gradle/caches/modules-2/files-2.1/redis.clients/jedis/2.9.0/292bc9cc26553acd3cccc26f2f95620bf88a04c2/jedis-2.9.0.jar
7fe9fa06f000-7fe9fa072000 r--s 00020000 fd:02 6168744                    /home/ike/.gradle/caches/modules-2/files-2.1/org.hibernate/hibernate-ehcache/5.2.4.Final/f70147c655b970ca70e3913f91880da6d264fe68/hibernate-ehcache-5.2.4.Final.jar
7fe9fa072000-7fe9fa083000 r--s 0009a000 fd:02 6424506                    /home/ike/.gradle/caches/modules-2/files-2.1/org.springframework.data/spring-data-commons/1.12.8.RELEASE/827a994d703ad9916b694d17401d8bf78bd773f9/spring-data-commons-1.12.8.RELEASE.jar
7fe9fa083000-7fe9fa08d000 r--s 0005f000 fd:02 3671148                    /home/ike/.m2/repository/org/springframework/spring-jdbc/4.3.5.RELEASE/spring-jdbc-4.3.5.RELEASE.jar
7fe9fa08d000-7fe9fa094000 r--s 0003e000 fd:02 4587735                    /home/ike/.gradle/caches/modules-2/files-2.1/org.springframework.data/spring-data-jpa/1.10.3.RELEASE/fc31fbdb8ff777d29077ac53a616f11c2c0df59/spring-data-jpa-1.10.3.RELEASE.jar
7fe9fa094000-7fe9fa0ae000 r--s 000fd000 fd:02 6424513                    /home/ike/.gradle/caches/modules-2/files-2.1/org.springframework/spring-context/4.3.7.RELEASE/34b66b0b7910122ef95ba4fff6da9238ef80a5de/spring-context-4.3.7.RELEASE.jar
7fe9fa0ae000-7fe9fa0c5000 r--s 001b7000 fd:02 4587733                    /home/ike/.gradle/caches/modules-2/files-2.1/mysql/mysql-connector-java/6.0.5/9d8df5a1f3273110f2a9ad304961bdd03d696d86/mysql-connector-java-6.0.5.jar
7fe9fa0c5000-7fe9fa0e7000 r--s 001e6000 fd:02 4587737                    /home/ike/.gradle/caches/modules-2/files-2.1/com.alibaba/druid/1.0.26/f4bc6159b34e4cda5abd6480203492b470aa1a36/druid-1.0.26.jar
7fe9fa0e7000-7fe9fa0ea000 ---p 00000000 00:00 0 
7fe9fa0ea000-7fe9fa1e8000 rw-p 00000000 00:00 0 
7fe9fa1e8000-7fe9fa1eb000 ---p 00000000 00:00 0 
7fe9fa1eb000-7fe9fa2e9000 rw-p 00000000 00:00 0 
7fe9fa2e9000-7fe9fa2ec000 ---p 00000000 00:00 0 
7fe9fa2ec000-7fe9fa3ea000 rw-p 00000000 00:00 0 
7fe9fa3ea000-7fe9fa3ee000 r-xp 00000000 fd:02 2100248                    /home/ike/soft/jdk1.8/jre/lib/amd64/libdt_socket.so
7fe9fa3ee000-7fe9fa5ed000 ---p 00004000 fd:02 2100248                    /home/ike/soft/jdk1.8/jre/lib/amd64/libdt_socket.so
7fe9fa5ed000-7fe9fa5ee000 rw-p 00003000 fd:02 2100248                    /home/ike/soft/jdk1.8/jre/lib/amd64/libdt_socket.so
7fe9fa5ee000-7fe9fa5f1000 ---p 00000000 00:00 0 
7fe9fa5f1000-7fe9fa6ef000 rw-p 00000000 00:00 0 
7fe9fa6ef000-7fe9fa6f2000 ---p 00000000 00:00 0 
7fe9fa6f2000-7fe9fa7f0000 rw-p 00000000 00:00 0 
7fe9fa7f0000-7fe9fa7f3000 ---p 00000000 00:00 0 
7fe9fa7f3000-7fe9fa8f1000 rw-p 00000000 00:00 0 
7fe9fa8f1000-7fe9fa8f2000 ---p 00000000 00:00 0 
7fe9fa8f2000-7fe9fc000000 rw-p 00000000 00:00 0 
7fe9fc000000-7fe9fc021000 rw-p 00000000 00:00 0 
7fe9fc021000-7fea00000000 ---p 00000000 00:00 0 
7fea00000000-7fea00078000 r--s 005a9000 fd:02 4459259                    /home/ike/.gradle/caches/modules-2/files-2.1/org.hibernate/hibernate-core/5.2.4.Final/52414fccd4429d8f723996e26c61330df094d06c/hibernate-core-5.2.4.Final.jar
7fea00078000-7fea000a7000 r--s 00239000 fd:02 5376285                    /home/ike/.gradle/caches/modules-2/files-2.1/com.google.guava/guava/21.0/3a3d111be1be1b745edfa7d91678a12d7ed38709/guava-21.0.jar
7fea000a7000-7fea00280000 r--s 03d29000 fd:02 2100521                    /home/ike/soft/jdk1.8/jre/lib/rt.jar
7fea00280000-7fea04000000 rw-p 00000000 00:00 0 
7fea04000000-7fea04021000 rw-p 00000000 00:00 0 
7fea04021000-7fea08000000 ---p 00000000 00:00 0 
7fea08000000-7fea08004000 r--s 0002f000 fd:02 3670137                    /home/ike/.gradle/caches/modules-2/files-2.1/commons-io/commons-io/2.5/2852e6e05fbb95076fc091f6d1780f1f8fe35e0f/commons-io-2.5.jar
7fea08004000-7fea08006000 r--s 00009000 fd:02 4460443                    /home/ike/.gradle/caches/modules-2/files-2.1/org.slf4j/slf4j-api/1.7.24/3f6b4bd4f8dbe8d4bea06d107a3826469b85c3e9/slf4j-api-1.7.24.jar
7fea08006000-7fea0800e000 r--s 0006e000 fd:02 3670118                    /home/ike/.gradle/caches/modules-2/files-2.1/org.apache.commons/commons-lang3/3.5/6c6c702c89bfff3cd9e80b04d668c5e190d588c6/commons-lang3-3.5.jar
7fea0800e000-7fea08013000 r--s 00017000 fd:02 3148263                    /home/ike/.m2/repository/org/hibernate/javax/persistence/hibernate-jpa-2.1-api/1.0.0.Final/hibernate-jpa-2.1-api-1.0.0.Final.jar
7fea08013000-7fea08016000 r--s 00013000 fd:02 4067622                    /home/ike/.gradle/caches/modules-2/files-2.1/com.aliyun/aliyun-java-sdk-core/3.2.6/c5612a1795250979bb691c3ae98a7e916532b8db/aliyun-java-sdk-core-3.2.6.jar
7fea08016000-7fea0801d000 r--s 0003f000 fd:02 4196565                    /home/ike/.m2/repository/commons-codec/commons-codec/1.10/commons-codec-1.10.jar
7fea0801d000-7fea0802a000 r--s 000aa000 fd:02 3807591                    /home/ike/.gradle/caches/modules-2/files-2.1/org.apache.httpcomponents/httpclient/4.5.3/d1577ae15f01ef5438c5afc62162457c00a34713/httpclient-4.5.3.jar
7fea0802a000-7fea08056000 r--s 00263000 fd:02 7867889                    /home/ike/.gradle/caches/modules-2/files-2.1/org.apache.poi/poi/3.16/ad21c123ee5d6b5b2a8f0d4ed23b3ffe6759a889/poi-3.16.jar
7fea08056000-7fea08069000 r--s 0014c000 fd:02 7867891                    /home/ike/.gradle/caches/modules-2/files-2.1/org.apache.poi/poi-ooxml/3.16/76e20fe22404cc4da55ddfdaaaadee32bbfa3bdd/poi-ooxml-3.16.jar
7fea08069000-7fea0807c000 r--s 00345000 fd:02 2100473                    /home/ike/soft/jdk1.8/jre/lib/resources.jar
7fea0807c000-7fea0808f000 r--s 000d6000 fd:02 2100468                    /home/ike/soft/jdk1.8/jre/lib/plugin.jar
7fea0808f000-7fea080aa000 r--s 00208000 fd:02 2100407                    /home/ike/soft/jdk1.8/jre/lib/deploy.jar
7fea080aa000-7fea08583000 rw-p 00000000 00:00 0 
7fea08583000-7fea08584000 ---p 00000000 00:00 0 
7fea08584000-7fea08684000 rw-p 00000000 00:00 0 
7fea08684000-7fea08685000 ---p 00000000 00:00 0 
7fea08685000-7fea08785000 rw-p 00000000 00:00 0 
7fea08785000-7fea08786000 ---p 00000000 00:00 0 
7fea08786000-7fea08886000 rw-p 00000000 00:00 0 
7fea08886000-7fea08887000 ---p 00000000 00:00 0 
7fea08887000-7fea089b1000 rw-p 00000000 00:00 0 
7fea089b1000-7fea08c17000 ---p 00000000 00:00 0 
7fea08c17000-7fea08c41000 rw-p 00000000 00:00 0 
7fea08c41000-7fea08ea7000 ---p 00000000 00:00 0 
7fea08ea7000-7fea08eed000 rw-p 00000000 00:00 0 
7fea08eed000-7fea08fef000 ---p 00000000 00:00 0 
7fea08fef000-7fea09016000 rw-p 00000000 00:00 0 
7fea09016000-7fea093b0000 ---p 00000000 00:00 0 
7fea093b0000-7fea09d30000 rwxp 00000000 00:00 0 
7fea09d30000-7fea183b0000 ---p 00000000 00:00 0 
7fea183b0000-7fea183ca000 r-xp 00000000 fd:02 2100263                    /home/ike/soft/jdk1.8/jre/lib/amd64/libzip.so
7fea183ca000-7fea185ca000 ---p 0001a000 fd:02 2100263                    /home/ike/soft/jdk1.8/jre/lib/amd64/libzip.so
7fea185ca000-7fea185cb000 rw-p 0001a000 fd:02 2100263                    /home/ike/soft/jdk1.8/jre/lib/amd64/libzip.so
7fea185cb000-7fea185d5000 r-xp 00000000 fd:00 2891856                    /usr/lib64/libnss_files-2.24.so
7fea185d5000-7fea187d5000 ---p 0000a000 fd:00 2891856                    /usr/lib64/libnss_files-2.24.so
7fea187d5000-7fea187d6000 r--p 0000a000 fd:00 2891856                    /usr/lib64/libnss_files-2.24.so
7fea187d6000-7fea187d7000 rw-p 0000b000 fd:00 2891856                    /usr/lib64/libnss_files-2.24.so
7fea187d7000-7fea187dd000 rw-p 00000000 00:00 0 
7fea187dd000-7fea187e7000 r-xp 00000000 fd:02 2100232                    /home/ike/soft/jdk1.8/jre/lib/amd64/libinstrument.so
7fea187e7000-7fea189e6000 ---p 0000a000 fd:02 2100232                    /home/ike/soft/jdk1.8/jre/lib/amd64/libinstrument.so
7fea189e6000-7fea189e7000 rw-p 00009000 fd:02 2100232                    /home/ike/soft/jdk1.8/jre/lib/amd64/libinstrument.so
7fea189e7000-7fea1f580000 r--p 00000000 fd:00 2885042                    /usr/lib/locale/locale-archive
7fea1f580000-7fea1f582000 r-xp 00000000 fd:02 2100241                    /home/ike/soft/jdk1.8/jre/lib/amd64/libnpt.so
7fea1f582000-7fea1f782000 ---p 00002000 fd:02 2100241                    /home/ike/soft/jdk1.8/jre/lib/amd64/libnpt.so
7fea1f782000-7fea1f783000 rw-p 00002000 fd:02 2100241                    /home/ike/soft/jdk1.8/jre/lib/amd64/libnpt.so
7fea1f783000-7fea1f7bc000 r-xp 00000000 fd:02 2100224                    /home/ike/soft/jdk1.8/jre/lib/amd64/libjdwp.so
7fea1f7bc000-7fea1f9bb000 ---p 00039000 fd:02 2100224                    /home/ike/soft/jdk1.8/jre/lib/amd64/libjdwp.so
7fea1f9bb000-7fea1f9bd000 rw-p 00038000 fd:02 2100224                    /home/ike/soft/jdk1.8/jre/lib/amd64/libjdwp.so
7fea1f9bd000-7fea1f9e7000 r-xp 00000000 fd:02 2100286                    /home/ike/soft/jdk1.8/jre/lib/amd64/libjava.so
7fea1f9e7000-7fea1fbe7000 ---p 0002a000 fd:02 2100286                    /home/ike/soft/jdk1.8/jre/lib/amd64/libjava.so
7fea1fbe7000-7fea1fbe9000 rw-p 0002a000 fd:02 2100286                    /home/ike/soft/jdk1.8/jre/lib/amd64/libjava.so
7fea1fbe9000-7fea1fbf6000 r-xp 00000000 fd:02 2100257                    /home/ike/soft/jdk1.8/jre/lib/amd64/libverify.so
7fea1fbf6000-7fea1fdf6000 ---p 0000d000 fd:02 2100257                    /home/ike/soft/jdk1.8/jre/lib/amd64/libverify.so
7fea1fdf6000-7fea1fdf8000 rw-p 0000d000 fd:02 2100257                    /home/ike/soft/jdk1.8/jre/lib/amd64/libverify.so
7fea1fdf8000-7fea1fdff000 r-xp 00000000 fd:00 2891975                    /usr/lib64/librt-2.24.so
7fea1fdff000-7fea1fffe000 ---p 00007000 fd:00 2891975                    /usr/lib64/librt-2.24.so
7fea1fffe000-7fea1ffff000 r--p 00006000 fd:00 2891975                    /usr/lib64/librt-2.24.so
7fea1ffff000-7fea20000000 rw-p 00007000 fd:00 2891975                    /usr/lib64/librt-2.24.so
7fea20000000-7fea20cc6000 rw-p 00000000 00:00 0 
7fea20cc6000-7fea24000000 ---p 00000000 00:00 0 
7fea24000000-7fea24002000 r--s 00003000 fd:02 6424607                    /home/ike/code/goddess-java/modules/user/user-provider/lib/aliyun-java-sdk-dysmsapi-1.0.0.jar
7fea24002000-7fea24078000 rw-p 00000000 00:00 0 
7fea24078000-7fea24180000 r-xp 00000000 fd:00 2891438                    /usr/lib64/libm-2.24.so
7fea24180000-7fea2437f000 ---p 00108000 fd:00 2891438                    /usr/lib64/libm-2.24.so
7fea2437f000-7fea24380000 r--p 00107000 fd:00 2891438                    /usr/lib64/libm-2.24.so
7fea24380000-7fea24381000 rw-p 00108000 fd:00 2891438                    /usr/lib64/libm-2.24.so
7fea24381000-7fea2504c000 r-xp 00000000 fd:02 2100238                    /home/ike/soft/jdk1.8/jre/lib/amd64/server/libjvm.so
7fea2504c000-7fea2524b000 ---p 00ccb000 fd:02 2100238                    /home/ike/soft/jdk1.8/jre/lib/amd64/server/libjvm.so
7fea2524b000-7fea25324000 rw-p 00cca000 fd:02 2100238                    /home/ike/soft/jdk1.8/jre/lib/amd64/server/libjvm.so
7fea25324000-7fea2536f000 rw-p 00000000 00:00 0 
7fea2536f000-7fea2552c000 r-xp 00000000 fd:00 2891285                    /usr/lib64/libc-2.24.so
7fea2552c000-7fea2572b000 ---p 001bd000 fd:00 2891285                    /usr/lib64/libc-2.24.so
7fea2572b000-7fea2572f000 r--p 001bc000 fd:00 2891285                    /usr/lib64/libc-2.24.so
7fea2572f000-7fea25731000 rw-p 001c0000 fd:00 2891285                    /usr/lib64/libc-2.24.so
7fea25731000-7fea25735000 rw-p 00000000 00:00 0 
7fea25735000-7fea25738000 r-xp 00000000 fd:00 2891382                    /usr/lib64/libdl-2.24.so
7fea25738000-7fea25937000 ---p 00003000 fd:00 2891382                    /usr/lib64/libdl-2.24.so
7fea25937000-7fea25938000 r--p 00002000 fd:00 2891382                    /usr/lib64/libdl-2.24.so
7fea25938000-7fea25939000 rw-p 00003000 fd:00 2891382                    /usr/lib64/libdl-2.24.so
7fea25939000-7fea2594e000 r-xp 00000000 fd:02 2098935                    /home/ike/soft/jdk1.8/lib/amd64/jli/libjli.so
7fea2594e000-7fea25b4e000 ---p 00015000 fd:02 2098935                    /home/ike/soft/jdk1.8/lib/amd64/jli/libjli.so
7fea25b4e000-7fea25b4f000 rw-p 00015000 fd:02 2098935                    /home/ike/soft/jdk1.8/lib/amd64/jli/libjli.so
7fea25b4f000-7fea25b67000 r-xp 00000000 fd:00 2891857                    /usr/lib64/libpthread-2.24.so
7fea25b67000-7fea25d67000 ---p 00018000 fd:00 2891857                    /usr/lib64/libpthread-2.24.so
7fea25d67000-7fea25d68000 r--p 00018000 fd:00 2891857                    /usr/lib64/libpthread-2.24.so
7fea25d68000-7fea25d69000 rw-p 00019000 fd:00 2891857                    /usr/lib64/libpthread-2.24.so
7fea25d69000-7fea25d6d000 rw-p 00000000 00:00 0 
7fea25d6d000-7fea25d92000 r-xp 00000000 fd:00 2894298                    /usr/lib64/ld-2.24.so
7fea25d92000-7fea25d93000 r--s 00002000 fd:02 3671205                    /home/ike/.m2/repository/org/mengyun/tcc-transaction-spring/1.1.5/tcc-transaction-spring-1.1.5.jar
7fea25d93000-7fea25d97000 r--s 00097000 fd:02 2100406                    /home/ike/soft/jdk1.8/jre/lib/jsse.jar
7fea25d97000-7fea25d9c000 r--s 00084000 fd:02 2100412                    /home/ike/soft/jdk1.8/jre/lib/jfr.jar
7fea25d9c000-7fea25da6000 r--s 0006c000 fd:02 2100376                    /home/ike/soft/jdk1.8/jre/lib/javaws.jar
7fea25da6000-7fea25e77000 rw-p 00000000 00:00 0 
7fea25e77000-7fea25e7a000 ---p 00000000 00:00 0 
7fea25e7a000-7fea25f7a000 rw-p 00000000 00:00 0 
7fea25f7a000-7fea25f7b000 r--s 00000000 fd:02 4459257                    /home/ike/.gradle/caches/modules-2/files-2.1/org.hibernate/hibernate-entitymanager/5.2.4.Final/b5f9506bbff26ce5c75f16e568fa43d148d0f1d1/hibernate-entitymanager-5.2.4.Final.jar
7fea25f7b000-7fea25f7c000 r--s 00000000 fd:02 2100401                    /home/ike/soft/jdk1.8/jre/lib/management-agent.jar
7fea25f7c000-7fea25f7e000 r--s 00007000 fd:02 2100375                    /home/ike/soft/jdk1.8/jre/lib/jfxswt.jar
7fea25f7e000-7fea25f81000 r--s 0001a000 fd:02 2100204                    /home/ike/soft/jdk1.8/jre/lib/jce.jar
7fea25f81000-7fea25f86000 r--s 002f9000 fd:02 2100432                    /home/ike/soft/jdk1.8/jre/lib/charsets.jar
7fea25f86000-7fea25f8e000 rw-s 00000000 00:29 1050073                    /tmp/hsperfdata_ike/31153
7fea25f8e000-7fea25f8f000 rw-p 00000000 00:00 0 
7fea25f8f000-7fea25f90000 ---p 00000000 00:00 0 
7fea25f90000-7fea25f92000 rw-p 00000000 00:00 0 
7fea25f92000-7fea25f93000 r--p 00025000 fd:00 2894298                    /usr/lib64/ld-2.24.so
7fea25f93000-7fea25f94000 rw-p 00026000 fd:00 2894298                    /usr/lib64/ld-2.24.so
7fea25f94000-7fea25f95000 rw-p 00000000 00:00 0 
7fffa1eb4000-7fffa1ed8000 rw-p 00000000 00:00 0                          [stack]
7fffa1fcb000-7fffa1fcd000 r--p 00000000 00:00 0                          [vvar]
7fffa1fcd000-7fffa1fcf000 r-xp 00000000 00:00 0                          [vdso]
ffffffffff600000-ffffffffff601000 r-xp 00000000 00:00 0                  [vsyscall]

VM Arguments:
jvm_args: -agentlib:jdwp=transport=dt_socket,address=127.0.0.1:46597,suspend=y,server=n -javaagent:/home/ike/soft/idea-IU-171.4424.56/plugins/Groovy/lib/agent/gragent.jar -Dfile.encoding=UTF-8 
java_command: com.bjike.goddess.user.Application
java_class_path (initial): /home/ike/soft/jdk1.8/jre/lib/charsets.jar:/home/ike/soft/jdk1.8/jre/lib/deploy.jar:/home/ike/soft/jdk1.8/jre/lib/ext/cldrdata.jar:/home/ike/soft/jdk1.8/jre/lib/ext/dnsns.jar:/home/ike/soft/jdk1.8/jre/lib/ext/jaccess.jar:/home/ike/soft/jdk1.8/jre/lib/ext/jfxrt.jar:/home/ike/soft/jdk1.8/jre/lib/ext/localedata.jar:/home/ike/soft/jdk1.8/jre/lib/ext/nashorn.jar:/home/ike/soft/jdk1.8/jre/lib/ext/sunec.jar:/home/ike/soft/jdk1.8/jre/lib/ext/sunjce_provider.jar:/home/ike/soft/jdk1.8/jre/lib/ext/sunpkcs11.jar:/home/ike/soft/jdk1.8/jre/lib/ext/zipfs.jar:/home/ike/soft/jdk1.8/jre/lib/javaws.jar:/home/ike/soft/jdk1.8/jre/lib/jce.jar:/home/ike/soft/jdk1.8/jre/lib/jfr.jar:/home/ike/soft/jdk1.8/jre/lib/jfxswt.jar:/home/ike/soft/jdk1.8/jre/lib/jsse.jar:/home/ike/soft/jdk1.8/jre/lib/management-agent.jar:/home/ike/soft/jdk1.8/jre/lib/plugin.jar:/home/ike/soft/jdk1.8/jre/lib/resources.jar:/home/ike/soft/jdk1.8/jre/lib/rt.jar:/home/ike/code/goddess-java/modules/user/user-provider/build/classes/java/main:/home/ike/code/goddess-java/modules/user/user-provider/build/resources/main:/home/ike/code/goddess-java/modules/user/user-provider/lib/aliyun-java-sdk-dysmsapi-1.0.0.jar:/home/ike/code/goddess-java/common/common-jpa/build/classes/java/main:/home/ike/code/goddess-java/common/common-provider/build/classes/java/main:/home/ike/code/goddess-java/common/common-provider/build/resources/main:/home/ike/code/goddess-java/modules/user/user-api/build/classes/java/main:/home/ike/code/goddess-java/common/common-utils/build/classes/java/main:/home/ike/code/goddess-java/common/common-redis/build/classes/java/main:/home/ike/.gradle/caches/modules-2/files-2.1/org.apache.poi/poi-ooxml/3.16/76e20fe22404cc4da55ddfdaaaadee32bbfa3bdd/poi-ooxml-3.16.jar:/home/ike/.gradle/caches/modules-2/files-2.1/org.apache.poi/poi/3.16/ad21c123ee5d6b5b2a8f0d4ed23b3ffe6759a889/poi-3.16.jar:/home/ike/.gradle/caches/modules-2/files-2.1/org.apache.httpcomponents/httpclient/4.5.3/d1577ae15f01ef5438c5a
Launcher Type: SUN_STANDARD

Environment Variables:
JAVA_HOME=/home/ike/soft/jdk1.8
PATH=/home/ike/soft/gradle/bin:/home/ike/soft/maven3.3.9/bin:/home/ike/soft/jdk1.8/bin:/home/ike/soft/jdk1.8/bin:/home/ike/soft/gradle-4.1/bin:/home/ike/soft/maven3.3.9/bin:/usr/lib64/qt-3.3/bin:/usr/local/bin:/usr/local/sbin:/usr/bin:/usr/sbin:/home/ike/.local/bin:/home/ike/bin
USERNAME=ike
LD_LIBRARY_PATH=/home/ike/soft/idea-IU-171.4424.56/bin:
SHELL=/bin/bash
DISPLAY=:0

Signal Handlers:
SIGSEGV: [libjvm.so+0xac4790], sa_mask[0]=11111111011111111101111111111110, sa_flags=SA_RESTART|SA_SIGINFO
SIGBUS: [libjvm.so+0xac4790], sa_mask[0]=11111111011111111101111111111110, sa_flags=SA_RESTART|SA_SIGINFO
SIGFPE: [libjvm.so+0x91f140], sa_mask[0]=11111111011111111101111111111110, sa_flags=SA_RESTART|SA_SIGINFO
SIGPIPE: [libjvm.so+0x91f140], sa_mask[0]=11111111011111111101111111111110, sa_flags=SA_RESTART|SA_SIGINFO
SIGXFSZ: [libjvm.so+0x91f140], sa_mask[0]=11111111011111111101111111111110, sa_flags=SA_RESTART|SA_SIGINFO
SIGILL: [libjvm.so+0x91f140], sa_mask[0]=11111111011111111101111111111110, sa_flags=SA_RESTART|SA_SIGINFO
SIGUSR1: SIG_DFL, sa_mask[0]=00000000000000000000000000000000, sa_flags=none
SIGUSR2: [libjvm.so+0x920770], sa_mask[0]=00100000000000000000000000000000, sa_flags=SA_RESTART|SA_SIGINFO
SIGHUP: [libjvm.so+0x921b70], sa_mask[0]=11111111011111111101111111111110, sa_flags=SA_RESTART|SA_SIGINFO
SIGINT: [libjvm.so+0x921b70], sa_mask[0]=11111111011111111101111111111110, sa_flags=SA_RESTART|SA_SIGINFO
SIGTERM: [libjvm.so+0x921b70], sa_mask[0]=11111111011111111101111111111110, sa_flags=SA_RESTART|SA_SIGINFO
SIGQUIT: [libjvm.so+0x921b70], sa_mask[0]=11111111011111111101111111111110, sa_flags=SA_RESTART|SA_SIGINFO


---------------  S Y S T E M  ---------------

OS:Fedora release 25 (Twenty Five)

uname:Linux 4.8.6-300.fc25.x86_64 #1 SMP Tue Nov 1 12:36:38 UTC 2016 x86_64
libc:glibc 2.24 NPTL 2.24 
rlimit: STACK 8192k, CORE 0k, NPROC 31367, NOFILE 4096, AS infinity
load average:7.38 3.29 4.60

/proc/meminfo:
MemTotal:        8053800 kB
MemFree:          103792 kB
MemAvailable:      19980 kB
Buffers:            8928 kB
Cached:           216640 kB
SwapCached:         2012 kB
Active:          6649640 kB
Inactive:         881316 kB
Active(anon):    6626720 kB
Inactive(anon):   858952 kB
Active(file):      22920 kB
Inactive(file):    22364 kB
Unevictable:          80 kB
Mlocked:              80 kB
SwapTotal:       8187900 kB
SwapFree:            132 kB
Dirty:                64 kB
Writeback:            72 kB
AnonPages:       7304980 kB
Mapped:            40524 kB
Shmem:            180052 kB
Slab:             194060 kB
SReclaimable:      59832 kB
SUnreclaim:       134228 kB
KernelStack:       44432 kB
PageTables:       101848 kB
NFS_Unstable:          0 kB
Bounce:                0 kB
WritebackTmp:          0 kB
CommitLimit:    12214800 kB
Committed_AS:   24744444 kB
VmallocTotal:   34359738367 kB
VmallocUsed:           0 kB
VmallocChunk:          0 kB
HardwareCorrupted:     0 kB
AnonHugePages:         0 kB
ShmemHugePages:        0 kB
ShmemPmdMapped:        0 kB
CmaTotal:              0 kB
CmaFree:               0 kB
HugePages_Total:       0
HugePages_Free:        0
HugePages_Rsvd:        0
HugePages_Surp:        0
Hugepagesize:       2048 kB
DirectMap4k:      316580 kB
DirectMap2M:     7950336 kB
DirectMap1G:           0 kB


CPU:total 4 (4 cores per cpu, 1 threads per core) family 6 model 94 stepping 3, cmov, cx8, fxsr, mmx, sse, sse2, sse3, ssse3, sse4.1, sse4.2, popcnt, avx, avx2, aes, clmul, erms, rtm, 3dnowpref, lzcnt, tsc, tscinvbit, bmi1, bmi2, adx

/proc/cpuinfo:
processor	: 0
vendor_id	: GenuineIntel
cpu family	: 6
model		: 94
model name	: Intel(R) Core(TM) i5-6500 CPU @ 3.20GHz
stepping	: 3
microcode	: 0x9e
cpu MHz		: 2700.000
cache size	: 6144 KB
physical id	: 0
siblings	: 4
core id		: 0
cpu cores	: 4
apicid		: 0
initial apicid	: 0
fpu		: yes
fpu_exception	: yes
cpuid level	: 22
wp		: yes
flags		: fpu vme de pse tsc msr pae mce cx8 apic sep mtrr pge mca cmov pat pse36 clflush dts acpi mmx fxsr sse sse2 ss ht tm pbe syscall nx pdpe1gb rdtscp lm constant_tsc art arch_perfmon pebs bts rep_good nopl xtopology nonstop_tsc aperfmperf eagerfpu pni pclmulqdq dtes64 monitor ds_cpl vmx smx est tm2 ssse3 sdbg fma cx16 xtpr pdcm pcid sse4_1 sse4_2 x2apic movbe popcnt tsc_deadline_timer aes xsave avx f16c rdrand lahf_lm abm 3dnowprefetch intel_pt tpr_shadow vnmi flexpriority ept vpid fsgsbase tsc_adjust bmi1 hle avx2 smep bmi2 erms invpcid rtm mpx rdseed adx smap clflushopt xsaveopt xsavec xgetbv1 xsaves dtherm ida arat pln pts hwp hwp_notify hwp_act_window hwp_epp
bugs		:
bogomips	: 6384.00
clflush size	: 64
cache_alignment	: 64
address sizes	: 39 bits physical, 48 bits virtual
power management:

processor	: 1
vendor_id	: GenuineIntel
cpu family	: 6
model		: 94
model name	: Intel(R) Core(TM) i5-6500 CPU @ 3.20GHz
stepping	: 3
microcode	: 0x9e
cpu MHz		: 2699.804
cache size	: 6144 KB
physical id	: 0
siblings	: 4
core id		: 1
cpu cores	: 4
apicid		: 2
initial apicid	: 2
fpu		: yes
fpu_exception	: yes
cpuid level	: 22
wp		: yes
flags		: fpu vme de pse tsc msr pae mce cx8 apic sep mtrr pge mca cmov pat pse36 clflush dts acpi mmx fxsr sse sse2 ss ht tm pbe syscall nx pdpe1gb rdtscp lm constant_tsc art arch_perfmon pebs bts rep_good nopl xtopology nonstop_tsc aperfmperf eagerfpu pni pclmulqdq dtes64 monitor ds_cpl vmx smx est tm2 ssse3 sdbg fma cx16 xtpr pdcm pcid sse4_1 sse4_2 x2apic movbe popcnt tsc_deadline_timer aes xsave avx f16c rdrand lahf_lm abm 3dnowprefetch intel_pt tpr_shadow vnmi flexpriority ept vpid fsgsbase tsc_adjust bmi1 hle avx2 smep bmi2 erms invpcid rtm mpx rdseed adx smap clflushopt xsaveopt xsavec xgetbv1 xsaves dtherm ida arat pln pts hwp hwp_notify hwp_act_window hwp_epp
bugs		:
bogomips	: 6387.60
clflush size	: 64
cache_alignment	: 64
address sizes	: 39 bits physical, 48 bits virtual
power management:

processor	: 2
vendor_id	: GenuineIntel
cpu family	: 6
model		: 94
model name	: Intel(R) Core(TM) i5-6500 CPU @ 3.20GHz
stepping	: 3
microcode	: 0x9e
cpu MHz		: 2699.804
cache size	: 6144 KB
physical id	: 0
siblings	: 4
core id		: 2
cpu cores	: 4
apicid		: 4
initial apicid	: 4
fpu		: yes
fpu_exception	: yes
cpuid level	: 22
wp		: yes
flags		: fpu vme de pse tsc msr pae mce cx8 apic sep mtrr pge mca cmov pat pse36 clflush dts acpi mmx fxsr sse sse2 ss ht tm pbe syscall nx pdpe1gb rdtscp lm constant_tsc art arch_perfmon pebs bts rep_good nopl xtopology nonstop_tsc aperfmperf eagerfpu pni pclmulqdq dtes64 monitor ds_cpl vmx smx est tm2 ssse3 sdbg fma cx16 xtpr pdcm pcid sse4_1 sse4_2 x2apic movbe popcnt tsc_deadline_timer aes xsave avx f16c rdrand lahf_lm abm 3dnowprefetch intel_pt tpr_shadow vnmi flexpriority ept vpid fsgsbase tsc_adjust bmi1 hle avx2 smep bmi2 erms invpcid rtm mpx rdseed adx smap clflushopt xsaveopt xsavec xgetbv1 xsaves dtherm ida arat pln pts hwp hwp_notify hwp_act_window hwp_epp
bugs		:
bogomips	: 6387.70
clflush size	: 64
cache_alignment	: 64
address sizes	: 39 bits physical, 48 bits virtual
power management:

processor	: 3
vendor_id	: GenuineIntel
cpu family	: 6
model		: 94
model name	: Intel(R) Core(TM) i5-6500 CPU @ 3.20GHz
stepping	: 3
microcode	: 0x9e
cpu MHz		: 2699.804
cache size	: 6144 KB
physical id	: 0
siblings	: 4
core id		: 3
cpu cores	: 4
apicid		: 6
initial apicid	: 6
fpu		: yes
fpu_exception	: yes
cpuid level	: 22
wp		: yes
flags		: fpu vme de pse tsc msr pae mce cx8 apic sep mtrr pge mca cmov pat pse36 clflush dts acpi mmx fxsr sse sse2 ss ht tm pbe syscall nx pdpe1gb rdtscp lm constant_tsc art arch_perfmon pebs bts rep_good nopl xtopology nonstop_tsc aperfmperf eagerfpu pni pclmulqdq dtes64 monitor ds_cpl vmx smx est tm2 ssse3 sdbg fma cx16 xtpr pdcm pcid sse4_1 sse4_2 x2apic movbe popcnt tsc_deadline_timer aes xsave avx f16c rdrand lahf_lm abm 3dnowprefetch intel_pt tpr_shadow vnmi flexpriority ept vpid fsgsbase tsc_adjust bmi1 hle avx2 smep bmi2 erms invpcid rtm mpx rdseed adx smap clflushopt xsaveopt xsavec xgetbv1 xsaves dtherm ida arat pln pts hwp hwp_notify hwp_act_window hwp_epp
bugs		:
bogomips	: 6387.61
clflush size	: 64
cache_alignment	: 64
address sizes	: 39 bits physical, 48 bits virtual
power management:



Memory: 4k page, physical 8053800k(103668k free), swap 8187900k(132k free)

vm_info: Java HotSpot(TM) 64-Bit Server VM (25.101-b13) for linux-amd64 JRE (1.8.0_101-b13), built on Jun 22 2016 02:59:44 by "java_re" with gcc 4.3.0 20080428 (Red Hat 4.3.0-8)

time: Mon Oct  9 13:51:41 2017
elapsed time: 7 seconds (0d 0h 0m 7s)

