#
# There is insufficient memory for the Java Runtime Environment to continue.
# Native memory allocation (mmap) failed to map 135266304 bytes for committing reserved memory.
# Possible reasons:
#   The system is out of physical RAM or swap space
#   In 32 bit mode, the process size limit was hit
# Possible solutions:
#   Reduce memory load on the system
#   Increase physical memory or swap space
#   Check if swap backing store is full
#   Use 64 bit Java on a 64 bit OS
#   Decrease Java heap size (-Xmx/-Xms)
#   Decrease number of Java threads
#   Decrease Java thread stack sizes (-Xss)
#   Set larger code cache with -XX:ReservedCodeCacheSize=
# This output file may be truncated or incomplete.
#
#  Out of Memory Error (os_linux.cpp:2627), pid=3286, tid=0x00007f87f032c700
#
# JRE version: Java(TM) SE Runtime Environment (8.0_101-b13) (build 1.8.0_101-b13)
# Java VM: Java HotSpot(TM) 64-Bit Server VM (25.101-b13 mixed mode linux-amd64 compressed oops)
# Failed to write core dump. Core dumps have been disabled. To enable core dumping, try "ulimit -c unlimited" before starting Java again
#

---------------  T H R E A D  ---------------

Current thread (0x00007f8808146000):  VMThread [stack: 0x00007f87f022c000,0x00007f87f032d000] [id=3315]

Stack: [0x00007f87f022c000,0x00007f87f032d000],  sp=0x00007f87f032b220,  free space=1020k
Native frames: (J=compiled Java code, j=interpreted, Vv=VM code, C=native code)
V  [libjvm.so+0xac3f0a]  VMError::report_and_die()+0x2ba
V  [libjvm.so+0x4fbf9b]  report_vm_out_of_memory(char const*, int, unsigned long, VMErrorType, char const*)+0x8b
V  [libjvm.so+0x9222d3]  os::Linux::commit_memory_impl(char*, unsigned long, bool)+0x103
V  [libjvm.so+0x922829]  os::pd_commit_memory(char*, unsigned long, unsigned long, bool)+0x29
V  [libjvm.so+0x91cb2a]  os::commit_memory(char*, unsigned long, unsigned long, bool)+0x2a
V  [libjvm.so+0x991053]  PSVirtualSpace::expand_by(unsigned long)+0x53
V  [libjvm.so+0x992458]  PSYoungGen::resize_generation(unsigned long, unsigned long)+0xf8
V  [libjvm.so+0x9915b2]  PSYoungGen::resize(unsigned long, unsigned long)+0x22
V  [libjvm.so+0x98e88b]  PSScavenge::invoke_no_policy()+0xf3b
V  [libjvm.so+0x98f011]  PSScavenge::invoke()+0x41
V  [libjvm.so+0x945fc0]  ParallelScavengeHeap::failed_mem_allocate(unsigned long)+0x70
V  [libjvm.so+0xac5927]  VM_ParallelGCFailedAllocation::doit()+0x97
V  [libjvm.so+0xacd405]  VM_Operation::evaluate()+0x55
V  [libjvm.so+0xacb7da]  VMThread::evaluate_operation(VM_Operation*)+0xba
V  [libjvm.so+0xacbb5e]  VMThread::loop()+0x1ce
V  [libjvm.so+0xacbfd0]  VMThread::run()+0x70
V  [libjvm.so+0x924698]  java_start(Thread*)+0x108

VM_Operation (0x00007f880f9e26b0): ParallelGCFailedAllocation, mode: safepoint, requested by thread 0x00007f8808010000


---------------  P R O C E S S  ---------------

Java Threads: ( => current thread )
  0x00007f88085ad800 JavaThread "Service Thread" daemon [_thread_blocked, id=3350, stack(0x00007f87cb3ab000,0x00007f87cb4ac000)]
  0x00007f88085a1800 JavaThread "C1 CompilerThread2" daemon [_thread_blocked, id=3349, stack(0x00007f87cb4ac000,0x00007f87cb5ad000)]
  0x00007f880859e800 JavaThread "C2 CompilerThread1" daemon [_thread_blocked, id=3348, stack(0x00007f87cb5ad000,0x00007f87cb6ae000)]
  0x00007f880859d000 JavaThread "C2 CompilerThread0" daemon [_thread_blocked, id=3347, stack(0x00007f87cb6ae000,0x00007f87cb7af000)]
  0x00007f87c4001000 JavaThread "JDWP Command Reader" daemon [_thread_in_native, id=3345, stack(0x00007f87cbbfa000,0x00007f87cbcfb000)]
  0x00007f8808196000 JavaThread "JDWP Event Helper Thread" daemon [_thread_blocked, id=3343, stack(0x00007f87cbcfb000,0x00007f87cbdfc000)]
  0x00007f8808192800 JavaThread "JDWP Transport Listener: dt_socket" daemon [_thread_blocked, id=3337, stack(0x00007f87e007e000,0x00007f87e017f000)]
  0x00007f8808184000 JavaThread "Signal Dispatcher" daemon [_thread_blocked, id=3336, stack(0x00007f87e017f000,0x00007f87e0280000)]
  0x00007f8808152000 JavaThread "Finalizer" daemon [_thread_blocked, id=3321, stack(0x00007f87f002a000,0x00007f87f012b000)]
  0x00007f880814d800 JavaThread "Reference Handler" daemon [_thread_blocked, id=3318, stack(0x00007f87f012b000,0x00007f87f022c000)]
  0x00007f8808010000 JavaThread "main" [_thread_blocked, id=3287, stack(0x00007f880f8e5000,0x00007f880f9e6000)]

Other Threads:
=>0x00007f8808146000 VMThread [stack: 0x00007f87f022c000,0x00007f87f032d000] [id=3315]
  0x00007f88085b2000 WatcherThread [stack: 0x00007f87cb2aa000,0x00007f87cb3ab000] [id=3351]

VM state:at safepoint (normal execution)

VM Mutex/Monitor currently owned by a thread:  ([mutex/lock_event])
[0x00007f880800e450] Threads_lock - owner thread: 0x00007f8808146000
[0x00007f880800e950] Heap_lock - owner thread: 0x00007f8808010000

Heap:
 PSYoungGen      total 133632K, used 8684K [0x00000000d7000000, 0x00000000dfd00000, 0x0000000100000000)
  eden space 124928K, 0% used [0x00000000d7000000,0x00000000d7000000,0x00000000dea00000)
  from space 8704K, 99% used [0x00000000dea00000,0x00000000df27b1c8,0x00000000df280000)
  to   space 6656K, 0% used [0x00000000df280000,0x00000000df280000,0x00000000df900000)
 ParOldGen       total 84992K, used 9291K [0x0000000085000000, 0x000000008a300000, 0x00000000d7000000)
  object space 84992K, 10% used [0x0000000085000000,0x0000000085912df0,0x000000008a300000)
 Metaspace       used 20606K, capacity 20894K, committed 21120K, reserved 1069056K
  class space    used 2331K, capacity 2403K, committed 2432K, reserved 1048576K

Card table byte_map: [0x00007f880c296000,0x00007f880c66f000] byte_map_base: 0x00007f880be6e000

Marking Bits: (ParMarkBitMap*) 0x00007f880edb0120
 Begin Bits: [0x00007f87e0280000, 0x00007f87e2140000)
 End Bits:   [0x00007f87e2140000, 0x00007f87e4000000)

Polling page: 0x00007f880f9fd000

CodeCache: size=245760Kb used=10553Kb max_used=10581Kb free=235206Kb
 bounds [0x00007f87f2467000, 0x00007f87f2ec7000, 0x00007f8801467000]
 total_blobs=3036 nmethods=2681 adapters=276
 compilation: enabled

Compilation events (10 events):
Event: 4.278 Thread 0x00007f88085a1800 2695       3       org.aspectj.apache.bcel.util.NonCachingClassLoaderRepository$SoftHashMap::clear (52 bytes)
Event: 4.279 Thread 0x00007f88085a1800 nmethod 2695 0x00007f87f2eb0110 code [0x00007f87f2eb0340, 0x00007f87f2eb0f48]
Event: 4.279 Thread 0x00007f88085a1800 2692       3       org.aspectj.apache.bcel.classfile.SourceFile::getSourceFileName (21 bytes)
Event: 4.279 Thread 0x00007f88085a1800 nmethod 2692 0x00007f87f2ea0210 code [0x00007f87f2ea0380, 0x00007f87f2ea06a8]
Event: 4.279 Thread 0x00007f88085a1800 2693       3       org.aspectj.apache.bcel.util.NonCachingClassLoaderRepository$SoftHashMap::put (25 bytes)
Event: 4.280 Thread 0x00007f88085a1800 nmethod 2693 0x00007f87f2eb14d0 code [0x00007f87f2eb16e0, 0x00007f87f2eb2268]
Event: 4.280 Thread 0x00007f88085a1800 2694       3       org.aspectj.apache.bcel.util.NonCachingClassLoaderRepository$SoftHashMap$SpecialValue::<init> (20 bytes)
Event: 4.280 Thread 0x00007f88085a1800 nmethod 2694 0x00007f87f2e9fad0 code [0x00007f87f2e9fc60, 0x00007f87f2e9ffd0]
Event: 4.285 Thread 0x00007f880859e800 nmethod 2655 0x00007f87f2eb81d0 code [0x00007f87f2eb8700, 0x00007f87f2ebc758]
Event: 4.285 Thread 0x00007f880859e800 2688 %     4       java.lang.Class::searchMethods @ 11 (90 bytes)

GC Heap History (10 events):
Event: 1.181 GC heap after
Heap after GC invocations=2 (full 0):
 PSYoungGen      total 36864K, used 3153K [0x00000000d7000000, 0x00000000d9900000, 0x0000000100000000)
  eden space 31744K, 0% used [0x00000000d7000000,0x00000000d7000000,0x00000000d8f00000)
  from space 5120K, 61% used [0x00000000d9400000,0x00000000d97145d0,0x00000000d9900000)
  to   space 5120K, 0% used [0x00000000d8f00000,0x00000000d8f00000,0x00000000d9400000)
 ParOldGen       total 84992K, used 16K [0x0000000085000000, 0x000000008a300000, 0x00000000d7000000)
  object space 84992K, 0% used [0x0000000085000000,0x0000000085004000,0x000000008a300000)
 Metaspace       used 7647K, capacity 7790K, committed 7936K, reserved 1056768K
  class space    used 907K, capacity 950K, committed 1024K, reserved 1048576K
}
Event: 1.796 GC heap before
{Heap before GC invocations=3 (full 0):
 PSYoungGen      total 36864K, used 34897K [0x00000000d7000000, 0x00000000d9900000, 0x0000000100000000)
  eden space 31744K, 100% used [0x00000000d7000000,0x00000000d8f00000,0x00000000d8f00000)
  from space 5120K, 61% used [0x00000000d9400000,0x00000000d97145d0,0x00000000d9900000)
  to   space 5120K, 0% used [0x00000000d8f00000,0x00000000d8f00000,0x00000000d9400000)
 ParOldGen       total 84992K, used 16K [0x0000000085000000, 0x000000008a300000, 0x00000000d7000000)
  object space 84992K, 0% used [0x0000000085000000,0x0000000085004000,0x000000008a300000)
 Metaspace       used 11685K, capacity 11854K, committed 11904K, reserved 1060864K
  class space    used 1327K, capacity 1366K, committed 1408K, reserved 1048576K
Event: 1.813 GC heap after
Heap after GC invocations=3 (full 0):
 PSYoungGen      total 36864K, used 4041K [0x00000000d7000000, 0x00000000db800000, 0x0000000100000000)
  eden space 31744K, 0% used [0x00000000d7000000,0x00000000d7000000,0x00000000d8f00000)
  from space 5120K, 78% used [0x00000000d8f00000,0x00000000d92f2650,0x00000000d9400000)
  to   space 5120K, 0% used [0x00000000db300000,0x00000000db300000,0x00000000db800000)
 ParOldGen       total 84992K, used 16K [0x0000000085000000, 0x000000008a300000, 0x00000000d7000000)
  object space 84992K, 0% used [0x0000000085000000,0x0000000085004000,0x000000008a300000)
 Metaspace       used 11685K, capacity 11854K, committed 11904K, reserved 1060864K
  class space    used 1327K, capacity 1366K, committed 1408K, reserved 1048576K
}
Event: 2.170 GC heap before
{Heap before GC invocations=4 (full 0):
 PSYoungGen      total 36864K, used 35785K [0x00000000d7000000, 0x00000000db800000, 0x0000000100000000)
  eden space 31744K, 100% used [0x00000000d7000000,0x00000000d8f00000,0x00000000d8f00000)
  from space 5120K, 78% used [0x00000000d8f00000,0x00000000d92f2650,0x00000000d9400000)
  to   space 5120K, 0% used [0x00000000db300000,0x00000000db300000,0x00000000db800000)
 ParOldGen       total 84992K, used 16K [0x0000000085000000, 0x000000008a300000, 0x00000000d7000000)
  object space 84992K, 0% used [0x0000000085000000,0x0000000085004000,0x000000008a300000)
 Metaspace       used 12680K, capacity 12832K, committed 13056K, reserved 1060864K
  class space    used 1452K, capacity 1498K, committed 1536K, reserved 1048576K
Event: 2.180 GC heap after
Heap after GC invocations=4 (full 0):
 PSYoungGen      total 68608K, used 4088K [0x00000000d7000000, 0x00000000db800000, 0x0000000100000000)
  eden space 63488K, 0% used [0x00000000d7000000,0x00000000d7000000,0x00000000dae00000)
  from space 5120K, 79% used [0x00000000db300000,0x00000000db6fe080,0x00000000db800000)
  to   space 5120K, 0% used [0x00000000dae00000,0x00000000dae00000,0x00000000db300000)
 ParOldGen       total 84992K, used 88K [0x0000000085000000, 0x000000008a300000, 0x00000000d7000000)
  object space 84992K, 0% used [0x0000000085000000,0x0000000085016010,0x000000008a300000)
 Metaspace       used 12680K, capacity 12832K, committed 13056K, reserved 1060864K
  class space    used 1452K, capacity 1498K, committed 1536K, reserved 1048576K
}
Event: 3.042 GC heap before
{Heap before GC invocations=5 (full 0):
 PSYoungGen      total 68608K, used 67576K [0x00000000d7000000, 0x00000000db800000, 0x0000000100000000)
  eden space 63488K, 100% used [0x00000000d7000000,0x00000000dae00000,0x00000000dae00000)
  from space 5120K, 79% used [0x00000000db300000,0x00000000db6fe080,0x00000000db800000)
  to   space 5120K, 0% used [0x00000000dae00000,0x00000000dae00000,0x00000000db300000)
 ParOldGen       total 84992K, used 88K [0x0000000085000000, 0x000000008a300000, 0x00000000d7000000)
  object space 84992K, 0% used [0x0000000085000000,0x0000000085016010,0x000000008a300000)
 Metaspace       used 16357K, capacity 16558K, committed 16896K, reserved 1064960K
  class space    used 1881K, capacity 1947K, committed 2048K, reserved 1048576K
Event: 3.058 GC heap after
Heap after GC invocations=5 (full 0):
 PSYoungGen      total 68608K, used 5098K [0x00000000d7000000, 0x00000000df900000, 0x0000000100000000)
  eden space 63488K, 0% used [0x00000000d7000000,0x00000000d7000000,0x00000000dae00000)
  from space 5120K, 99% used [0x00000000dae00000,0x00000000db2fa8c0,0x00000000db300000)
  to   space 6656K, 0% used [0x00000000df280000,0x00000000df280000,0x00000000df900000)
 ParOldGen       total 84992K, used 1237K [0x0000000085000000, 0x000000008a300000, 0x00000000d7000000)
  object space 84992K, 1% used [0x0000000085000000,0x00000000851356b8,0x000000008a300000)
 Metaspace       used 16357K, capacity 16558K, committed 16896K, reserved 1064960K
  class space    used 1881K, capacity 1947K, committed 2048K, reserved 1048576K
}
Event: 3.608 GC heap before
{Heap before GC invocations=6 (full 0):
 PSYoungGen      total 68608K, used 68586K [0x00000000d7000000, 0x00000000df900000, 0x0000000100000000)
  eden space 63488K, 100% used [0x00000000d7000000,0x00000000dae00000,0x00000000dae00000)
  from space 5120K, 99% used [0x00000000dae00000,0x00000000db2fa8c0,0x00000000db300000)
  to   space 6656K, 0% used [0x00000000df280000,0x00000000df280000,0x00000000df900000)
 ParOldGen       total 84992K, used 1237K [0x0000000085000000, 0x000000008a300000, 0x00000000d7000000)
  object space 84992K, 1% used [0x0000000085000000,0x00000000851356b8,0x000000008a300000)
 Metaspace       used 19330K, capacity 19514K, committed 19712K, reserved 1067008K
  class space    used 2211K, capacity 2269K, committed 2304K, reserved 1048576K
Event: 3.618 GC heap after
Heap after GC invocations=6 (full 0):
 PSYoungGen      total 131584K, used 6632K [0x00000000d7000000, 0x00000000dfd00000, 0x0000000100000000)
  eden space 124928K, 0% used [0x00000000d7000000,0x00000000d7000000,0x00000000dea00000)
  from space 6656K, 99% used [0x00000000df280000,0x00000000df8fa290,0x00000000df900000)
  to   space 8704K, 0% used [0x00000000dea00000,0x00000000dea00000,0x00000000df280000)
 ParOldGen       total 84992K, used 3642K [0x0000000085000000, 0x000000008a300000, 0x00000000d7000000)
  object space 84992K, 4% used [0x0000000085000000,0x000000008538eaf8,0x000000008a300000)
 Metaspace       used 19330K, capacity 19514K, committed 19712K, reserved 1067008K
  class space    used 2211K, capacity 2269K, committed 2304K, reserved 1048576K
}
Event: 4.296 GC heap before
{Heap before GC invocations=7 (full 0):
 PSYoungGen      total 131584K, used 131560K [0x00000000d7000000, 0x00000000dfd00000, 0x0000000100000000)
  eden space 124928K, 100% used [0x00000000d7000000,0x00000000dea00000,0x00000000dea00000)
  from space 6656K, 99% used [0x00000000df280000,0x00000000df8fa290,0x00000000df900000)
  to   space 8704K, 0% used [0x00000000dea00000,0x00000000dea00000,0x00000000df280000)
 ParOldGen       total 84992K, used 3642K [0x0000000085000000, 0x000000008a300000, 0x00000000d7000000)
  object space 84992K, 4% used [0x0000000085000000,0x000000008538eaf8,0x000000008a300000)
 Metaspace       used 20606K, capacity 20894K, committed 21120K, reserved 1069056K
  class space    used 2331K, capacity 2403K, committed 2432K, reserved 1048576K

Deoptimization events (10 events):
Event: 3.852 Thread 0x00007f8808010000 Uncommon trap: reason=unstable_if action=reinterpret pc=0x00007f87f2daa90c method=org.springframework.util.ReflectionUtils.findMethod(Ljava/lang/Class;Ljava/lang/String;[Ljava/lang/Class;)Ljava/lang/reflect/Method; @ 22
Event: 3.972 Thread 0x00007f8808010000 Uncommon trap: reason=bimorphic action=maybe_recompile pc=0x00007f87f276a500 method=java.util.HashMap.putVal(ILjava/lang/Object;Ljava/lang/Object;ZZ)Ljava/lang/Object; @ 203
Event: 3.995 Thread 0x00007f8808010000 Uncommon trap: reason=bimorphic action=maybe_recompile pc=0x00007f87f2cdb6d4 method=java.util.concurrent.ConcurrentHashMap.putVal(Ljava/lang/Object;Ljava/lang/Object;Z)Ljava/lang/Object; @ 192
Event: 3.995 Thread 0x00007f8808010000 Uncommon trap: reason=bimorphic action=maybe_recompile pc=0x00007f87f2cdb6d4 method=java.util.concurrent.ConcurrentHashMap.putVal(Ljava/lang/Object;Ljava/lang/Object;Z)Ljava/lang/Object; @ 192
Event: 4.033 Thread 0x00007f8808010000 Uncommon trap: reason=bimorphic action=maybe_recompile pc=0x00007f87f2cdb6d4 method=java.util.concurrent.ConcurrentHashMap.putVal(Ljava/lang/Object;Ljava/lang/Object;Z)Ljava/lang/Object; @ 192
Event: 4.033 Thread 0x00007f8808010000 Uncommon trap: reason=bimorphic action=maybe_recompile pc=0x00007f87f2cdb6d4 method=java.util.concurrent.ConcurrentHashMap.putVal(Ljava/lang/Object;Ljava/lang/Object;Z)Ljava/lang/Object; @ 192
Event: 4.097 Thread 0x00007f8808010000 Uncommon trap: reason=unstable_if action=reinterpret pc=0x00007f87f2de6580 method=java.lang.reflect.Method.equals(Ljava/lang/Object;)Z @ 49
Event: 4.099 Thread 0x00007f8808010000 Uncommon trap: reason=unstable_if action=reinterpret pc=0x00007f87f2ad7fc0 method=java.lang.reflect.Method.equals(Ljava/lang/Object;)Z @ 49
Event: 4.121 Thread 0x00007f8808010000 Uncommon trap: reason=unstable_if action=reinterpret pc=0x00007f87f2b506f4 method=java.lang.Class.searchMethods([Ljava/lang/reflect/Method;Ljava/lang/String;[Ljava/lang/Class;)Ljava/lang/reflect/Method; @ 47
Event: 4.133 Thread 0x00007f8808010000 Uncommon trap: reason=unstable_if action=reinterpret pc=0x00007f87f2b64628 method=java.lang.Class.searchMethods([Ljava/lang/reflect/Method;Ljava/lang/String;[Ljava/lang/Class;)Ljava/lang/reflect/Method; @ 47

Internal exceptions (10 events):
Event: 4.115 Thread 0x00007f8808010000 Exception <a 'java/lang/ClassNotFoundException': javax/naming/ReferenceableCustomizer> (0x00000000dc020ee8) thrown at [/HUDSON3/workspace/8-2-build-linux-amd64/jdk8u101/7261/hotspot/src/share/vm/classfile/systemDictionary.cpp, line 210]
Event: 4.116 Thread 0x00007f8808010000 Exception <a 'java/lang/ClassNotFoundException': java/io/CloseableCustomizer> (0x00000000dc031930) thrown at [/HUDSON3/workspace/8-2-build-linux-amd64/jdk8u101/7261/hotspot/src/share/vm/classfile/systemDictionary.cpp, line 210]
Event: 4.116 Thread 0x00007f8808010000 Exception <a 'java/lang/ClassNotFoundException': java/lang/CloneableCustomizer> (0x00000000dc041e80) thrown at [/HUDSON3/workspace/8-2-build-linux-amd64/jdk8u101/7261/hotspot/src/share/vm/classfile/systemDictionary.cpp, line 210]
Event: 4.116 Thread 0x00007f8808010000 Exception <a 'java/lang/ClassNotFoundException': javax/sql/ConnectionPoolDataSourceCustomizer> (0x00000000dc0546b0) thrown at [/HUDSON3/workspace/8-2-build-linux-amd64/jdk8u101/7261/hotspot/src/share/vm/classfile/systemDictionary.cpp, line 210]
Event: 4.117 Thread 0x00007f8808010000 Exception <a 'java/lang/ClassNotFoundException': javax/management/MBeanRegistrationCustomizer> (0x00000000dc068c28) thrown at [/HUDSON3/workspace/8-2-build-linux-amd64/jdk8u101/7261/hotspot/src/share/vm/classfile/systemDictionary.cpp, line 210]
Event: 4.117 Thread 0x00007f8808010000 Exception <a 'java/lang/ClassNotFoundException': com/alibaba/druid/pool/DruidAbstractDataSourceMBeanCustomizer> (0x00000000dc095658) thrown at [/HUDSON3/workspace/8-2-build-linux-amd64/jdk8u101/7261/hotspot/src/share/vm/classfile/systemDictionary.cpp, lin
Event: 4.118 Thread 0x00007f8808010000 Exception <a 'java/lang/ClassNotFoundException': javax/sql/DataSourceCustomizer> (0x00000000dc0f30a0) thrown at [/HUDSON3/workspace/8-2-build-linux-amd64/jdk8u101/7261/hotspot/src/share/vm/classfile/systemDictionary.cpp, line 210]
Event: 4.119 Thread 0x00007f8808010000 Exception <a 'java/lang/ClassNotFoundException': com/alibaba/druid/proxy/jdbc/DataSourceProxyCustomizer> (0x00000000dc11c710) thrown at [/HUDSON3/workspace/8-2-build-linux-amd64/jdk8u101/7261/hotspot/src/share/vm/classfile/systemDictionary.cpp, line 210]
Event: 4.119 Thread 0x00007f8808010000 Exception <a 'java/lang/ClassNotFoundException': java/io/SerializableCustomizer> (0x00000000dc136e20) thrown at [/HUDSON3/workspace/8-2-build-linux-amd64/jdk8u101/7261/hotspot/src/share/vm/classfile/systemDictionary.cpp, line 210]
Event: 4.120 Thread 0x00007f8808010000 Exception <a 'java/lang/ClassNotFoundException': java/sql/WrapperCustomizer> (0x00000000dc145cf0) thrown at [/HUDSON3/workspace/8-2-build-linux-amd64/jdk8u101/7261/hotspot/src/share/vm/classfile/systemDictionary.cpp, line 210]

Events (10 events):
Event: 4.120 Thread 0x00007f8808010000 DEOPT UNPACKING pc=0x00007f87f24ae633 sp=0x00007f880f9e3098 mode 1
Event: 4.121 Thread 0x00007f8808010000 Uncommon trap: trap_request=0xffffff65 fr.pc=0x00007f87f2b506f4
Event: 4.121 Thread 0x00007f8808010000 DEOPT PACKING pc=0x00007f87f2b506f4 sp=0x00007f880f9e3140
Event: 4.121 Thread 0x00007f8808010000 DEOPT UNPACKING pc=0x00007f87f246c229 sp=0x00007f880f9e3108 mode 2
Event: 4.133 Thread 0x00007f8808010000 Uncommon trap: trap_request=0xffffff65 fr.pc=0x00007f87f2b64628
Event: 4.133 Thread 0x00007f8808010000 DEOPT PACKING pc=0x00007f87f2b64628 sp=0x00007f880f9e3140
Event: 4.133 Thread 0x00007f8808010000 DEOPT UNPACKING pc=0x00007f87f246c229 sp=0x00007f880f9e3118 mode 2
Event: 4.241 Executing VM operation: EnableBiasedLocking
Event: 4.244 Executing VM operation: EnableBiasedLocking done
Event: 4.292 Executing VM operation: ParallelGCFailedAllocation


Dynamic libraries:
00400000-00401000 r-xp 00000000 fd:02 2100689                            /home/ike/soft/jdk1.8/bin/java
00600000-00601000 rw-p 00000000 fd:02 2100689                            /home/ike/soft/jdk1.8/bin/java
0172e000-0174f000 rw-p 00000000 00:00 0                                  [heap]
85000000-8a300000 rw-p 00000000 00:00 0 
8a300000-d7000000 ---p 00000000 00:00 0 
d7000000-dfd00000 rw-p 00000000 00:00 0 
e7e00000-100000000 ---p 00000000 00:00 0 
100000000-100260000 rw-p 00000000 00:00 0 
100260000-140000000 ---p 00000000 00:00 0 
7f87a4000000-7f87a4021000 rw-p 00000000 00:00 0 
7f87a4021000-7f87a8000000 ---p 00000000 00:00 0 
7f87ac000000-7f87acd95000 rw-p 00000000 00:00 0 
7f87acd95000-7f87b0000000 ---p 00000000 00:00 0 
7f87b0000000-7f87b0021000 rw-p 00000000 00:00 0 
7f87b0021000-7f87b4000000 ---p 00000000 00:00 0 
7f87b4000000-7f87b5166000 rw-p 00000000 00:00 0 
7f87b5166000-7f87b8000000 ---p 00000000 00:00 0 
7f87b8000000-7f87b8e75000 rw-p 00000000 00:00 0 
7f87b8e75000-7f87bc000000 ---p 00000000 00:00 0 
7f87bc000000-7f87bc03d000 rw-p 00000000 00:00 0 
7f87bc03d000-7f87c0000000 ---p 00000000 00:00 0 
7f87c0000000-7f87c0021000 rw-p 00000000 00:00 0 
7f87c0021000-7f87c4000000 ---p 00000000 00:00 0 
7f87c4000000-7f87c4021000 rw-p 00000000 00:00 0 
7f87c4021000-7f87c8000000 ---p 00000000 00:00 0 
7f87ca61c000-7f87ca65c000 rw-p 00000000 00:00 0 
7f87ca65c000-7f87ca81c000 ---p 00000000 00:00 0 
7f87ca81c000-7f87caa1c000 rw-p 00000000 00:00 0 
7f87caa1c000-7f87cac1c000 rw-p 00000000 00:00 0 
7f87cac1c000-7f87cae1c000 rw-p 00000000 00:00 0 
7f87caea0000-7f87cb0a0000 rw-p 00000000 00:00 0 
7f87cb0a0000-7f87cb2a0000 rw-p 00000000 00:00 0 
7f87cb2a0000-7f87cb2aa000 r--s 00116000 fd:02 2100424                    /home/ike/soft/jdk1.8/jre/lib/ext/localedata.jar
7f87cb2aa000-7f87cb2ab000 ---p 00000000 00:00 0 
7f87cb2ab000-7f87cb3ab000 rw-p 00000000 00:00 0 
7f87cb3ab000-7f87cb3ae000 ---p 00000000 00:00 0 
7f87cb3ae000-7f87cb4ac000 rw-p 00000000 00:00 0 
7f87cb4ac000-7f87cb4af000 ---p 00000000 00:00 0 
7f87cb4af000-7f87cb5ad000 rw-p 00000000 00:00 0 
7f87cb5ad000-7f87cb5b0000 ---p 00000000 00:00 0 
7f87cb5b0000-7f87cb6ae000 rw-p 00000000 00:00 0 
7f87cb6ae000-7f87cb6b1000 ---p 00000000 00:00 0 
7f87cb6b1000-7f87cb7af000 rw-p 00000000 00:00 0 
7f87cb7af000-7f87cb7b1000 r--s 0000a000 fd:02 2103023                    /home/ike/soft/idea-IU-171.4424.56/plugins/Groovy/lib/agent/gragent.jar
7f87cb7b1000-7f87cb7b3000 r--s 0001a000 fd:02 2102710                    /home/ike/soft/idea-IU-171.4424.56/lib/idea_rt.jar
7f87cb7b3000-7f87cb7b5000 r--s 0000c000 fd:02 3670899                    /home/ike/.m2/repository/org/ow2/asm/asm/5.0.4/asm-5.0.4.jar
7f87cb7b5000-7f87cb7b6000 r--s 00000000 fd:02 4459279                    /home/ike/.gradle/caches/modules-2/files-2.1/javax.inject/javax.inject/1/6975da39a7040257bd51d21a231b76c915872d38/javax.inject-1.jar
7f87cb7b6000-7f87cb7b7000 r--s 00001000 fd:02 4459277                    /home/ike/.gradle/caches/modules-2/files-2.1/javax.annotation/jsr250-api/1.0/5025422767732a1ab45d93abfea846513d742dcf/jsr250-api-1.0.jar
7f87cb7b7000-7f87cb7b8000 r--s 00001000 fd:02 4459275                    /home/ike/.gradle/caches/modules-2/files-2.1/org.jboss.spec.javax.interceptor/jboss-interceptors-api_1.1_spec/1.0.0.Beta1/8cb388fd3b4912373da7a18e199bb55aa52aa5c1/jboss-interceptors-api_1.1_spec-1.0.0.Beta1.jar
7f87cb7b8000-7f87cb7ba000 r--s 00007000 fd:02 4459273                    /home/ike/.gradle/caches/modules-2/files-2.1/javax.el/el-api/2.2/42971279cc8ba864462580c7fc2199fd5715ee7f/el-api-2.2.jar
7f87cb7ba000-7f87cb7bc000 r--s 00005000 fd:02 2234244                    /home/ike/.m2/repository/stax/stax-api/1.0.1/stax-api-1.0.1.jar
7f87cb7bc000-7f87cb7be000 r--s 0000b000 fd:02 2624367                    /home/ike/.m2/repository/org/objenesis/objenesis/2.2/objenesis-2.2.jar
7f87cb7be000-7f87cb7bf000 r--s 00001000 fd:02 3670910                    /home/ike/.m2/repository/com/esotericsoftware/minlog/1.3.0/minlog-1.3.0.jar
7f87cb7bf000-7f87cb7c1000 r--s 00004000 fd:02 3670897                    /home/ike/.m2/repository/com/esotericsoftware/reflectasm/1.11.3/reflectasm-1.11.3.jar
7f87cb7c1000-7f87cb7c5000 r--s 0000e000 fd:02 4459271                    /home/ike/.gradle/caches/modules-2/files-2.1/javax.enterprise/cdi-api/1.1/78b1feee99b05a78575fb2fd79fb77be5e74420d/cdi-api-1.1.jar
7f87cb7c5000-7f87cb7c8000 r--s 0002b000 fd:02 4459269                    /home/ike/.gradle/caches/modules-2/files-2.1/org.jboss/jandex/2.0.0.Final/3e899258936f94649c777193e1be846387ed54b3/jandex-2.0.0.Final.jar
7f87cb7c8000-7f87cb7cd000 r--s 00068000 fd:02 2103485                    /home/ike/.m2/repository/antlr/antlr/2.7.7/antlr-2.7.7.jar
7f87cb7cd000-7f87cb80b000 r--s 0025d000 fd:02 2234241                    /home/ike/.m2/repository/org/apache/xmlbeans/xmlbeans/2.6.0/xmlbeans-2.6.0.jar
7f87cb80b000-7f87cb823000 r--s 00110000 fd:02 3670926                    /home/ike/.m2/repository/io/netty/netty/3.7.0.Final/netty-3.7.0.Final.jar
7f87cb823000-7f87cb825000 r--s 00014000 fd:02 3539264                    /home/ike/.m2/repository/jline/jline/0.9.94/jline-0.9.94.jar
7f87cb825000-7f87cb826000 r--s 00002000 fd:02 3015918                    /home/ike/.m2/repository/org/slf4j/slf4j-log4j12/1.6.1/slf4j-log4j12-1.6.1.jar
7f87cb826000-7f87cb82e000 r--s 00048000 fd:02 3670895                    /home/ike/.m2/repository/com/esotericsoftware/kryo/4.0.0/kryo-4.0.0.jar
7f87cb82e000-7f87cb838000 r--s 000ae000 fd:02 3145958                    /home/ike/.m2/repository/org/javassist/javassist/3.20.0-GA/javassist-3.20.0-GA.jar
7f87cb838000-7f87cb83b000 r--s 00010000 fd:02 4459261                    /home/ike/.gradle/caches/modules-2/files-2.1/org.hibernate.common/hibernate-commons-annotations/5.0.1.Final/71e1cff3fcb20d3b3af4f3363c3ddb24d33c6879/hibernate-commons-annotations-5.0.1.Final.jar
7f87cb83b000-7f87cb840000 r--s 00048000 fd:02 3801997                    /home/ike/.m2/repository/dom4j/dom4j/1.6.1/dom4j-1.6.1.jar
7f87cb840000-7f87cb8b8000 r--s 005a9000 fd:02 4459259                    /home/ike/.gradle/caches/modules-2/files-2.1/org.hibernate/hibernate-core/5.2.4.Final/52414fccd4429d8f723996e26c61330df094d06c/hibernate-core-5.2.4.Final.jar
7f87cb8b8000-7f87cb8bc000 r--s 0000c000 fd:02 3540885                    /home/ike/.m2/repository/javax/validation/validation-api/1.1.0.Final/validation-api-1.1.0.Final.jar
7f87cb8bc000-7f87cb8c4000 r--s 00048000 fd:02 3807593                    /home/ike/.gradle/caches/modules-2/files-2.1/org.apache.httpcomponents/httpcore/4.4.6/e3fd8ced1f52c7574af952e2e6da0df8df08eb82/httpcore-4.4.6.jar
7f87cb8c4000-7f87cb8c8000 r--s 00015000 fd:02 3542611                    /home/ike/.gradle/caches/modules-2/files-2.1/com.github.virtuald/curvesapi/1.04/3386abf821719bc89c7685f9eaafaf4a842f0199/curvesapi-1.04.jar
7f87cb8c8000-7f87cb982000 r--s 004e0000 fd:02 7867893                    /home/ike/.gradle/caches/modules-2/files-2.1/org.apache.poi/poi-ooxml-schemas/3.16/9828a49307fc6bebfd42185b677d88b6e4994c63/poi-ooxml-schemas-3.16.jar
7f87cb982000-7f87cb992000 r--s 000a8000 fd:02 3542609                    /home/ike/.gradle/caches/modules-2/files-2.1/org.apache.commons/commons-collections4/4.1/a4cf4688fe1c7e3a63aa636cc96d013af537768e/commons-collections4-4.1.jar
7f87cb992000-7f87cb999000 r--s 0003f000 fd:02 4196565                    /home/ike/.m2/repository/commons-codec/commons-codec/1.10/commons-codec-1.10.jar
7f87cb999000-7f87cb9a5000 r--s 000b9000 fd:02 4587592                    /home/ike/.gradle/caches/modules-2/files-2.1/org.apache.zookeeper/zookeeper/3.4.8/933ea2ed15e6a0e24b788973e3d128ff163c3136/zookeeper-3.4.8.jar
7f87cb9a5000-7f87cb9ae000 r--s 0006f000 fd:02 3670891                    /home/ike/.m2/repository/log4j/log4j/1.2.17/log4j-1.2.17.jar
7f87cb9ae000-7f87cb9c6000 r--s 001bf000 fd:02 3670928                    /home/ike/.m2/repository/org/aspectj/aspectjweaver/1.8.10/aspectjweaver-1.8.10.jar
7f87cb9c6000-7f87cb9d0000 r--s 00098000 fd:02 3671156                    /home/ike/.m2/repository/org/quartz-scheduler/quartz/2.2.3/quartz-2.2.3.jar
7f87cb9d0000-7f87cb9d5000 r--s 00029000 fd:02 3671151                    /home/ike/.m2/repository/org/springframework/spring-context-support/4.3.5.RELEASE/spring-context-support-4.3.5.RELEASE.jar
7f87cb9d5000-7f87cb9d8000 r--s 0000c000 fd:02 3671062                    /home/ike/.m2/repository/org/mengyun/tcc-transaction-core/1.1.5/tcc-transaction-core-1.1.5.jar
7f87cb9d8000-7f87cb9e8000 r--s 000b2000 fd:02 3147507                    /home/ike/.m2/repository/org/jboss/netty/netty/3.2.5.Final/netty-3.2.5.Final.jar
7f87cb9e8000-7f87cb9ea000 r--s 0000e000 fd:02 3146093                    /home/ike/.m2/repository/commons-logging/commons-logging/1.2/commons-logging-1.2.jar
7f87cb9ea000-7f87cb9ed000 r--s 00019000 fd:02 3808679                    /home/ike/.gradle/caches/modules-2/files-2.1/org.apache.commons/commons-pool2/2.4.2/e5f4f28f19d57716fbc3989d7a357ebf1e454fea/commons-pool2-2.4.2.jar
7f87cb9ed000-7f87cbac4000 r--s 007a9000 fd:02 6293761                    /home/ike/.gradle/caches/modules-2/files-2.1/net.sf.ehcache/ehcache/2.10.3/cf74f9a4a049f181833b147a1d9aa62159c9d01d/ehcache-2.10.3.jar
7f87cbac4000-7f87cbac6000 r--s 0000f000 fd:02 3672160                    /home/ike/.m2/repository/org/jboss/logging/jboss-logging/3.3.0.Final/jboss-logging-3.3.0.Final.jar
7f87cbac6000-7f87cbac8000 r--s 00003000 fd:02 4588021                    /home/ike/.gradle/caches/modules-2/files-2.1/org.slf4j/jcl-over-slf4j/1.7.22/86ceac14535af5a42c8fb0d06d79b925dd3cb263/jcl-over-slf4j-1.7.22.jar
7f87cbac8000-7f87cbad0000 r--s 0003a000 fd:02 3671152                    /home/ike/.m2/repository/org/springframework/spring-tx/4.3.5.RELEASE/spring-tx-4.3.5.RELEASE.jar
7f87cbad0000-7f87cbad4000 r--s 00019000 fd:02 4587747                    /home/ike/.gradle/caches/modules-2/files-2.1/org.aspectj/aspectjrt/1.8.9/87372d9e2323313bec24b09a325bfea8ae0eb867/aspectjrt-1.8.9.jar
7f87cbad4000-7f87cbade000 r--s 00068000 fd:02 4587743                    /home/ike/.gradle/caches/modules-2/files-2.1/org.springframework/spring-orm/4.2.8.RELEASE/43b557f5025782616f791dbd720b4a606eeca1bf/spring-orm-4.2.8.RELEASE.jar
7f87cbade000-7f87cbae3000 r--s 0003c000 fd:02 6554776                    /home/ike/.gradle/caches/modules-2/files-2.1/org.springframework/spring-expression/4.3.7.RELEASE/5257b6486e43d8c05674323fea5b415d4da72f38/spring-expression-4.3.7.RELEASE.jar
7f87cbae3000-7f87cbafa000 r--s 000fb000 fd:02 6424510                    /home/ike/.gradle/caches/modules-2/files-2.1/org.springframework/spring-core/4.3.7.RELEASE/54fa2db94cc7222edc90ec71354e47cd1dc07f7b/spring-core-4.3.7.RELEASE.jar
7f87cbafa000-7f87cbb08000 r--s 000ad000 fd:02 6424518                    /home/ike/.gradle/caches/modules-2/files-2.1/org.springframework/spring-beans/4.3.7.RELEASE/2de9f59f3202965438f3a02057d6ad8274636044/spring-beans-4.3.7.RELEASE.jar
7f87cbb08000-7f87cbb11000 r--s 00054000 fd:02 6554774                    /home/ike/.gradle/caches/modules-2/files-2.1/org.springframework/spring-aop/4.3.7.RELEASE/3f243d685e4a8a78a0c291445c6d85560ec4d339/spring-aop-4.3.7.RELEASE.jar
7f87cbb11000-7f87cbb23000 r--s 000a7000 fd:02 3670135                    /home/ike/.gradle/caches/modules-2/files-2.1/org.hibernate/hibernate-validator/5.4.0.Final/2076cbd5719e4182a75ab32e7186deb0ca5ac376/hibernate-validator-5.4.0.Final.jar
7f87cbb23000-7f87cbb30000 r--s 000aa000 fd:02 3807591                    /home/ike/.gradle/caches/modules-2/files-2.1/org.apache.httpcomponents/httpclient/4.5.3/d1577ae15f01ef5438c5afc62162457c00a34713/httpclient-4.5.3.jar
7f87cbb30000-7f87cbb43000 r--s 0014c000 fd:02 7867891                    /home/ike/.gradle/caches/modules-2/files-2.1/org.apache.poi/poi-ooxml/3.16/76e20fe22404cc4da55ddfdaaaadee32bbfa3bdd/poi-ooxml-3.16.jar
7f87cbb43000-7f87cbb6f000 r--s 00263000 fd:02 7867889                    /home/ike/.gradle/caches/modules-2/files-2.1/org.apache.poi/poi/3.16/ad21c123ee5d6b5b2a8f0d4ed23b3ffe6759a889/poi-3.16.jar
7f87cbb6f000-7f87cbb72000 r--s 00015000 fd:02 3807983                    /home/ike/.m2/repository/javax/servlet/javax.servlet-api/3.1.0/javax.servlet-api-3.1.0.jar
7f87cbb72000-7f87cbb75000 r--s 00010000 fd:02 4587590                    /home/ike/.gradle/caches/modules-2/files-2.1/com.101tec/zkclient/0.10/c54d4b5a5e89af75a80b6d5857400165ce5188d0/zkclient-0.10.jar
7f87cbb75000-7f87cbb93000 r--s 00143000 fd:02 3670645                    /home/ike/.m2/repository/com/alibaba/dubbo/2.5.4-SNAPSHOT/dubbo-2.5.4-SNAPSHOT.jar
7f87cbb93000-7f87cbb95000 r--s 0000e000 fd:02 4459297                    /home/ike/.gradle/caches/modules-2/files-2.1/com.fasterxml/classmate/1.3.3/864c8e370a691e343210cc7c532fc198cee460d8/classmate-1.3.3.jar
7f87cbb95000-7f87cbba1000 r--s 0007c000 fd:02 4590155                    /home/ike/.gradle/caches/modules-2/files-2.1/redis.clients/jedis/2.9.0/292bc9cc26553acd3cccc26f2f95620bf88a04c2/jedis-2.9.0.jar
7f87cbba1000-7f87cbbd0000 r--s 00239000 fd:02 5376285                    /home/ike/.gradle/caches/modules-2/files-2.1/com.google.guava/guava/21.0/3a3d111be1be1b745edfa7d91678a12d7ed38709/guava-21.0.jar
7f87cbbd0000-7f87cbbd5000 r--s 00061000 fd:02 3670330                    /home/ike/.gradle/caches/modules-2/files-2.1/com.alibaba/fastjson/1.2.23/be2508e9bac203c38f3f52fc8d33332c4e7ee6c5/fastjson-1.2.23.jar
7f87cbbd5000-7f87cbbd8000 r--s 0001a000 fd:02 7733451                    /home/ike/.gradle/caches/modules-2/files-2.1/org.glassfish.web/javax.el/2.2.6/232abfe1f919127e9cfcd6e4e2c6324bb394535/javax.el-2.2.6.jar
7f87cbbd8000-7f87cbbe9000 r--s 0009a000 fd:02 6424506                    /home/ike/.gradle/caches/modules-2/files-2.1/org.springframework.data/spring-data-commons/1.12.8.RELEASE/827a994d703ad9916b694d17401d8bf78bd773f9/spring-data-commons-1.12.8.RELEASE.jar
7f87cbbe9000-7f87cbbf3000 r--s 0005f000 fd:02 3671148                    /home/ike/.m2/repository/org/springframework/spring-jdbc/4.3.5.RELEASE/spring-jdbc-4.3.5.RELEASE.jar
7f87cbbf3000-7f87cbbfa000 r--s 0003e000 fd:02 4587735                    /home/ike/.gradle/caches/modules-2/files-2.1/org.springframework.data/spring-data-jpa/1.10.3.RELEASE/fc31fbdb8ff777d29077ac53a616f11c2c0df59/spring-data-jpa-1.10.3.RELEASE.jar
7f87cbbfa000-7f87cbbfd000 ---p 00000000 00:00 0 
7f87cbbfd000-7f87cbcfb000 rw-p 00000000 00:00 0 
7f87cbcfb000-7f87cbcfe000 ---p 00000000 00:00 0 
7f87cbcfe000-7f87cbdfc000 rw-p 00000000 00:00 0 
7f87cbdfc000-7f87cbe00000 r-xp 00000000 fd:02 2100248                    /home/ike/soft/jdk1.8/jre/lib/amd64/libdt_socket.so
7f87cbe00000-7f87cbfff000 ---p 00004000 fd:02 2100248                    /home/ike/soft/jdk1.8/jre/lib/amd64/libdt_socket.so
7f87cbfff000-7f87cc000000 rw-p 00003000 fd:02 2100248                    /home/ike/soft/jdk1.8/jre/lib/amd64/libdt_socket.so
7f87cc000000-7f87cc021000 rw-p 00000000 00:00 0 
7f87cc021000-7f87d0000000 ---p 00000000 00:00 0 
7f87d0000000-7f87d0021000 rw-p 00000000 00:00 0 
7f87d0021000-7f87d4000000 ---p 00000000 00:00 0 
7f87d4000000-7f87d428f000 rw-p 00000000 00:00 0 
7f87d428f000-7f87d8000000 ---p 00000000 00:00 0 
7f87d8000000-7f87d8021000 rw-p 00000000 00:00 0 
7f87d8021000-7f87dc000000 ---p 00000000 00:00 0 
7f87dc000000-7f87dc021000 rw-p 00000000 00:00 0 
7f87dc021000-7f87e0000000 ---p 00000000 00:00 0 
7f87e0000000-7f87e0002000 r--s 00010000 fd:02 7733449                    /home/ike/.gradle/caches/modules-2/files-2.1/javax.el/javax.el-api/3.0.1-b04/8c0c970b8deae5054ff0bf4b17979c8181a506d3/javax.el-api-3.0.1-b04.jar
7f87e0002000-7f87e0005000 r--s 00020000 fd:02 6168744                    /home/ike/.gradle/caches/modules-2/files-2.1/org.hibernate/hibernate-ehcache/5.2.4.Final/f70147c655b970ca70e3913f91880da6d264fe68/hibernate-ehcache-5.2.4.Final.jar
7f87e0005000-7f87e001f000 r--s 000fd000 fd:02 6424513                    /home/ike/.gradle/caches/modules-2/files-2.1/org.springframework/spring-context/4.3.7.RELEASE/34b66b0b7910122ef95ba4fff6da9238ef80a5de/spring-context-4.3.7.RELEASE.jar
7f87e001f000-7f87e0036000 r--s 001b7000 fd:02 4587733                    /home/ike/.gradle/caches/modules-2/files-2.1/mysql/mysql-connector-java/6.0.5/9d8df5a1f3273110f2a9ad304961bdd03d696d86/mysql-connector-java-6.0.5.jar
7f87e0036000-7f87e0058000 r--s 001e6000 fd:02 4587737                    /home/ike/.gradle/caches/modules-2/files-2.1/com.alibaba/druid/1.0.26/f4bc6159b34e4cda5abd6480203492b470aa1a36/druid-1.0.26.jar
7f87e0058000-7f87e006b000 r--s 00345000 fd:02 2100473                    /home/ike/soft/jdk1.8/jre/lib/resources.jar
7f87e006b000-7f87e007e000 r--s 000d6000 fd:02 2100468                    /home/ike/soft/jdk1.8/jre/lib/plugin.jar
7f87e007e000-7f87e0081000 ---p 00000000 00:00 0 
7f87e0081000-7f87e017f000 rw-p 00000000 00:00 0 
7f87e017f000-7f87e0182000 ---p 00000000 00:00 0 
7f87e0182000-7f87e4000000 rw-p 00000000 00:00 0 
7f87e4000000-7f87e4021000 rw-p 00000000 00:00 0 
7f87e4021000-7f87e8000000 ---p 00000000 00:00 0 
7f87e8000000-7f87e8021000 rw-p 00000000 00:00 0 
7f87e8021000-7f87ec000000 ---p 00000000 00:00 0 
7f87ec000000-7f87ec021000 rw-p 00000000 00:00 0 
7f87ec021000-7f87f0000000 ---p 00000000 00:00 0 
7f87f0000000-7f87f0001000 r--s 00003000 fd:02 3540889                    /home/ike/.m2/repository/org/apache/geronimo/specs/geronimo-jta_1.1_spec/1.1.1/geronimo-jta_1.1_spec-1.1.1.jar
7f87f0001000-7f87f0005000 r--s 0002f000 fd:02 3670137                    /home/ike/.gradle/caches/modules-2/files-2.1/commons-io/commons-io/2.5/2852e6e05fbb95076fc091f6d1780f1f8fe35e0f/commons-io-2.5.jar
7f87f0005000-7f87f0007000 r--s 00009000 fd:02 4460443                    /home/ike/.gradle/caches/modules-2/files-2.1/org.slf4j/slf4j-api/1.7.24/3f6b4bd4f8dbe8d4bea06d107a3826469b85c3e9/slf4j-api-1.7.24.jar
7f87f0007000-7f87f000f000 r--s 0006e000 fd:02 3670118                    /home/ike/.gradle/caches/modules-2/files-2.1/org.apache.commons/commons-lang3/3.5/6c6c702c89bfff3cd9e80b04d668c5e190d588c6/commons-lang3-3.5.jar
7f87f000f000-7f87f002a000 r--s 00208000 fd:02 2100407                    /home/ike/soft/jdk1.8/jre/lib/deploy.jar
7f87f002a000-7f87f002d000 ---p 00000000 00:00 0 
7f87f002d000-7f87f012b000 rw-p 00000000 00:00 0 
7f87f012b000-7f87f012e000 ---p 00000000 00:00 0 
7f87f012e000-7f87f022c000 rw-p 00000000 00:00 0 
7f87f022c000-7f87f022d000 ---p 00000000 00:00 0 
7f87f022d000-7f87f123c000 rw-p 00000000 00:00 0 
7f87f123c000-7f87f1415000 r--s 03d29000 fd:02 2100521                    /home/ike/soft/jdk1.8/jre/lib/rt.jar
7f87f1415000-7f87f2063000 rw-p 00000000 00:00 0 
7f87f2063000-7f87f2064000 ---p 00000000 00:00 0 
7f87f2064000-7f87f2164000 rw-p 00000000 00:00 0 
7f87f2164000-7f87f2165000 ---p 00000000 00:00 0 
7f87f2165000-7f87f2265000 rw-p 00000000 00:00 0 
7f87f2265000-7f87f2266000 ---p 00000000 00:00 0 
7f87f2266000-7f87f2366000 rw-p 00000000 00:00 0 
7f87f2366000-7f87f2367000 ---p 00000000 00:00 0 
7f87f2367000-7f87f2467000 rw-p 00000000 00:00 0 
7f87f2467000-7f87f2ec7000 rwxp 00000000 00:00 0 
7f87f2ec7000-7f8801467000 ---p 00000000 00:00 0 
7f8801467000-7f8808000000 r--p 00000000 fd:00 2885042                    /usr/lib/locale/locale-archive
7f8808000000-7f8808dd6000 rw-p 00000000 00:00 0 
7f8808dd6000-7f880c000000 ---p 00000000 00:00 0 
7f880c000000-7f880c001000 r--s 00001000 fd:02 3670688                    /home/ike/.m2/repository/org/mengyun/tcc-transaction-api/1.1.5/tcc-transaction-api-1.1.5.jar
7f880c001000-7f880c006000 r--s 00017000 fd:02 3148263                    /home/ike/.m2/repository/org/hibernate/javax/persistence/hibernate-jpa-2.1-api/1.0.0.Final/hibernate-jpa-2.1-api-1.0.0.Final.jar
7f880c006000-7f880c030000 rw-p 00000000 00:00 0 
7f880c030000-7f880c296000 ---p 00000000 00:00 0 
7f880c296000-7f880c2c0000 rw-p 00000000 00:00 0 
7f880c2c0000-7f880c526000 ---p 00000000 00:00 0 
7f880c526000-7f880c56d000 rw-p 00000000 00:00 0 
7f880c56d000-7f880c66e000 ---p 00000000 00:00 0 
7f880c66e000-7f880c699000 rw-p 00000000 00:00 0 
7f880c699000-7f880ca2f000 ---p 00000000 00:00 0 
7f880ca2f000-7f880ca49000 r-xp 00000000 fd:02 2100263                    /home/ike/soft/jdk1.8/jre/lib/amd64/libzip.so
7f880ca49000-7f880cc49000 ---p 0001a000 fd:02 2100263                    /home/ike/soft/jdk1.8/jre/lib/amd64/libzip.so
7f880cc49000-7f880cc4a000 rw-p 0001a000 fd:02 2100263                    /home/ike/soft/jdk1.8/jre/lib/amd64/libzip.so
7f880cc4a000-7f880cc54000 r-xp 00000000 fd:00 2891856                    /usr/lib64/libnss_files-2.24.so
7f880cc54000-7f880ce54000 ---p 0000a000 fd:00 2891856                    /usr/lib64/libnss_files-2.24.so
7f880ce54000-7f880ce55000 r--p 0000a000 fd:00 2891856                    /usr/lib64/libnss_files-2.24.so
7f880ce55000-7f880ce56000 rw-p 0000b000 fd:00 2891856                    /usr/lib64/libnss_files-2.24.so
7f880ce56000-7f880ce5c000 rw-p 00000000 00:00 0 
7f880ce5c000-7f880ce66000 r-xp 00000000 fd:02 2100232                    /home/ike/soft/jdk1.8/jre/lib/amd64/libinstrument.so
7f880ce66000-7f880d065000 ---p 0000a000 fd:02 2100232                    /home/ike/soft/jdk1.8/jre/lib/amd64/libinstrument.so
7f880d065000-7f880d066000 rw-p 00009000 fd:02 2100232                    /home/ike/soft/jdk1.8/jre/lib/amd64/libinstrument.so
7f880d066000-7f880d068000 r-xp 00000000 fd:02 2100241                    /home/ike/soft/jdk1.8/jre/lib/amd64/libnpt.so
7f880d068000-7f880d268000 ---p 00002000 fd:02 2100241                    /home/ike/soft/jdk1.8/jre/lib/amd64/libnpt.so
7f880d268000-7f880d269000 rw-p 00002000 fd:02 2100241                    /home/ike/soft/jdk1.8/jre/lib/amd64/libnpt.so
7f880d269000-7f880d2a2000 r-xp 00000000 fd:02 2100224                    /home/ike/soft/jdk1.8/jre/lib/amd64/libjdwp.so
7f880d2a2000-7f880d4a1000 ---p 00039000 fd:02 2100224                    /home/ike/soft/jdk1.8/jre/lib/amd64/libjdwp.so
7f880d4a1000-7f880d4a3000 rw-p 00038000 fd:02 2100224                    /home/ike/soft/jdk1.8/jre/lib/amd64/libjdwp.so
7f880d4a3000-7f880d4cd000 r-xp 00000000 fd:02 2100286                    /home/ike/soft/jdk1.8/jre/lib/amd64/libjava.so
7f880d4cd000-7f880d6cd000 ---p 0002a000 fd:02 2100286                    /home/ike/soft/jdk1.8/jre/lib/amd64/libjava.so
7f880d6cd000-7f880d6cf000 rw-p 0002a000 fd:02 2100286                    /home/ike/soft/jdk1.8/jre/lib/amd64/libjava.so
7f880d6cf000-7f880d6dc000 r-xp 00000000 fd:02 2100257                    /home/ike/soft/jdk1.8/jre/lib/amd64/libverify.so
7f880d6dc000-7f880d8dc000 ---p 0000d000 fd:02 2100257                    /home/ike/soft/jdk1.8/jre/lib/amd64/libverify.so
7f880d8dc000-7f880d8de000 rw-p 0000d000 fd:02 2100257                    /home/ike/soft/jdk1.8/jre/lib/amd64/libverify.so
7f880d8de000-7f880d8e5000 r-xp 00000000 fd:00 2891975                    /usr/lib64/librt-2.24.so
7f880d8e5000-7f880dae4000 ---p 00007000 fd:00 2891975                    /usr/lib64/librt-2.24.so
7f880dae4000-7f880dae5000 r--p 00006000 fd:00 2891975                    /usr/lib64/librt-2.24.so
7f880dae5000-7f880dae6000 rw-p 00007000 fd:00 2891975                    /usr/lib64/librt-2.24.so
7f880dae6000-7f880dbee000 r-xp 00000000 fd:00 2891438                    /usr/lib64/libm-2.24.so
7f880dbee000-7f880dded000 ---p 00108000 fd:00 2891438                    /usr/lib64/libm-2.24.so
7f880dded000-7f880ddee000 r--p 00107000 fd:00 2891438                    /usr/lib64/libm-2.24.so
7f880ddee000-7f880ddef000 rw-p 00108000 fd:00 2891438                    /usr/lib64/libm-2.24.so
7f880ddef000-7f880eaba000 r-xp 00000000 fd:02 2100238                    /home/ike/soft/jdk1.8/jre/lib/amd64/server/libjvm.so
7f880eaba000-7f880ecb9000 ---p 00ccb000 fd:02 2100238                    /home/ike/soft/jdk1.8/jre/lib/amd64/server/libjvm.so
7f880ecb9000-7f880ed92000 rw-p 00cca000 fd:02 2100238                    /home/ike/soft/jdk1.8/jre/lib/amd64/server/libjvm.so
7f880ed92000-7f880eddd000 rw-p 00000000 00:00 0 
7f880eddd000-7f880ef9a000 r-xp 00000000 fd:00 2891285                    /usr/lib64/libc-2.24.so
7f880ef9a000-7f880f199000 ---p 001bd000 fd:00 2891285                    /usr/lib64/libc-2.24.so
7f880f199000-7f880f19d000 r--p 001bc000 fd:00 2891285                    /usr/lib64/libc-2.24.so
7f880f19d000-7f880f19f000 rw-p 001c0000 fd:00 2891285                    /usr/lib64/libc-2.24.so
7f880f19f000-7f880f1a3000 rw-p 00000000 00:00 0 
7f880f1a3000-7f880f1a6000 r-xp 00000000 fd:00 2891382                    /usr/lib64/libdl-2.24.so
7f880f1a6000-7f880f3a5000 ---p 00003000 fd:00 2891382                    /usr/lib64/libdl-2.24.so
7f880f3a5000-7f880f3a6000 r--p 00002000 fd:00 2891382                    /usr/lib64/libdl-2.24.so
7f880f3a6000-7f880f3a7000 rw-p 00003000 fd:00 2891382                    /usr/lib64/libdl-2.24.so
7f880f3a7000-7f880f3bc000 r-xp 00000000 fd:02 2098935                    /home/ike/soft/jdk1.8/lib/amd64/jli/libjli.so
7f880f3bc000-7f880f5bc000 ---p 00015000 fd:02 2098935                    /home/ike/soft/jdk1.8/lib/amd64/jli/libjli.so
7f880f5bc000-7f880f5bd000 rw-p 00015000 fd:02 2098935                    /home/ike/soft/jdk1.8/lib/amd64/jli/libjli.so
7f880f5bd000-7f880f5d5000 r-xp 00000000 fd:00 2891857                    /usr/lib64/libpthread-2.24.so
7f880f5d5000-7f880f7d5000 ---p 00018000 fd:00 2891857                    /usr/lib64/libpthread-2.24.so
7f880f7d5000-7f880f7d6000 r--p 00018000 fd:00 2891857                    /usr/lib64/libpthread-2.24.so
7f880f7d6000-7f880f7d7000 rw-p 00019000 fd:00 2891857                    /usr/lib64/libpthread-2.24.so
7f880f7d7000-7f880f7db000 rw-p 00000000 00:00 0 
7f880f7db000-7f880f800000 r-xp 00000000 fd:00 2894298                    /usr/lib64/ld-2.24.so
7f880f800000-7f880f801000 r--s 00000000 fd:02 4459257                    /home/ike/.gradle/caches/modules-2/files-2.1/org.hibernate/hibernate-entitymanager/5.2.4.Final/b5f9506bbff26ce5c75f16e568fa43d148d0f1d1/hibernate-entitymanager-5.2.4.Final.jar
7f880f801000-7f880f805000 r--s 00097000 fd:02 2100406                    /home/ike/soft/jdk1.8/jre/lib/jsse.jar
7f880f805000-7f880f80a000 r--s 00084000 fd:02 2100412                    /home/ike/soft/jdk1.8/jre/lib/jfr.jar
7f880f80a000-7f880f814000 r--s 0006c000 fd:02 2100376                    /home/ike/soft/jdk1.8/jre/lib/javaws.jar
7f880f814000-7f880f8e5000 rw-p 00000000 00:00 0 
7f880f8e5000-7f880f8e8000 ---p 00000000 00:00 0 
7f880f8e8000-7f880f9e8000 rw-p 00000000 00:00 0 
7f880f9e8000-7f880f9e9000 r--s 00002000 fd:02 3671205                    /home/ike/.m2/repository/org/mengyun/tcc-transaction-spring/1.1.5/tcc-transaction-spring-1.1.5.jar
7f880f9e9000-7f880f9ea000 r--s 00000000 fd:02 2100401                    /home/ike/soft/jdk1.8/jre/lib/management-agent.jar
7f880f9ea000-7f880f9ec000 r--s 00007000 fd:02 2100375                    /home/ike/soft/jdk1.8/jre/lib/jfxswt.jar
7f880f9ec000-7f880f9ef000 r--s 0001a000 fd:02 2100204                    /home/ike/soft/jdk1.8/jre/lib/jce.jar
7f880f9ef000-7f880f9f4000 r--s 002f9000 fd:02 2100432                    /home/ike/soft/jdk1.8/jre/lib/charsets.jar
7f880f9f4000-7f880f9fc000 rw-s 00000000 00:29 871995                     /tmp/hsperfdata_ike/3286
7f880f9fc000-7f880f9fd000 rw-p 00000000 00:00 0 
7f880f9fd000-7f880f9fe000 ---p 00000000 00:00 0 
7f880f9fe000-7f880fa00000 rw-p 00000000 00:00 0 
7f880fa00000-7f880fa01000 r--p 00025000 fd:00 2894298                    /usr/lib64/ld-2.24.so
7f880fa01000-7f880fa02000 rw-p 00026000 fd:00 2894298                    /usr/lib64/ld-2.24.so
7f880fa02000-7f880fa03000 rw-p 00000000 00:00 0 
7ffc499c5000-7ffc499e9000 rw-p 00000000 00:00 0                          [stack]
7ffc499ee000-7ffc499f0000 r--p 00000000 00:00 0                          [vvar]
7ffc499f0000-7ffc499f2000 r-xp 00000000 00:00 0                          [vdso]
ffffffffff600000-ffffffffff601000 r-xp 00000000 00:00 0                  [vsyscall]

VM Arguments:
jvm_args: -agentlib:jdwp=transport=dt_socket,address=127.0.0.1:34433,suspend=y,server=n -javaagent:/home/ike/soft/idea-IU-171.4424.56/plugins/Groovy/lib/agent/gragent.jar -Dfile.encoding=UTF-8 
java_command: com.bjike.goddess.accommodation.Application
java_class_path (initial): /home/ike/soft/jdk1.8/jre/lib/charsets.jar:/home/ike/soft/jdk1.8/jre/lib/deploy.jar:/home/ike/soft/jdk1.8/jre/lib/ext/cldrdata.jar:/home/ike/soft/jdk1.8/jre/lib/ext/dnsns.jar:/home/ike/soft/jdk1.8/jre/lib/ext/jaccess.jar:/home/ike/soft/jdk1.8/jre/lib/ext/jfxrt.jar:/home/ike/soft/jdk1.8/jre/lib/ext/localedata.jar:/home/ike/soft/jdk1.8/jre/lib/ext/nashorn.jar:/home/ike/soft/jdk1.8/jre/lib/ext/sunec.jar:/home/ike/soft/jdk1.8/jre/lib/ext/sunjce_provider.jar:/home/ike/soft/jdk1.8/jre/lib/ext/sunpkcs11.jar:/home/ike/soft/jdk1.8/jre/lib/ext/zipfs.jar:/home/ike/soft/jdk1.8/jre/lib/javaws.jar:/home/ike/soft/jdk1.8/jre/lib/jce.jar:/home/ike/soft/jdk1.8/jre/lib/jfr.jar:/home/ike/soft/jdk1.8/jre/lib/jfxswt.jar:/home/ike/soft/jdk1.8/jre/lib/jsse.jar:/home/ike/soft/jdk1.8/jre/lib/management-agent.jar:/home/ike/soft/jdk1.8/jre/lib/plugin.jar:/home/ike/soft/jdk1.8/jre/lib/resources.jar:/home/ike/soft/jdk1.8/jre/lib/rt.jar:/home/ike/code/goddess-java/modules/accommodation/accommodation-provider/build/classes/main:/home/ike/code/goddess-java/modules/accommodation/accommodation-provider/build/resources/main:/home/ike/code/goddess-java/common/common-jpa/build/classes/main:/home/ike/code/goddess-java/common/common-provider/build/classes/main:/home/ike/code/goddess-java/common/common-provider/build/resources/main:/home/ike/code/goddess-java/common/common-utils/build/classes/main:/home/ike/code/goddess-java/modules/accommodation/accommodation-api/build/classes/main:/home/ike/code/goddess-java/common/common-api/build/classes/main:/home/ike/.m2/repository/org/hibernate/javax/persistence/hibernate-jpa-2.1-api/1.0.0.Final/hibernate-jpa-2.1-api-1.0.0.Final.jar:/home/ike/.gradle/caches/modules-2/files-2.1/org.apache.commons/commons-lang3/3.5/6c6c702c89bfff3cd9e80b04d668c5e190d588c6/commons-lang3-3.5.jar:/home/ike/.gradle/caches/modules-2/files-2.1/com.alibaba/druid/1.0.26/f4bc6159b34e4cda5abd6480203492b470aa1a36/druid-1.0.26.jar:/home/ike/.gradle/caches/modules-2/fi
Launcher Type: SUN_STANDARD

Environment Variables:
JAVA_HOME=/home/ike/soft/jdk1.8
PATH=/home/ike/soft/gradle/bin:/home/ike/soft/maven3.3.9/bin:/home/ike/soft/jdk1.8/bin:/home/ike/soft/jdk1.8/bin:/home/ike/soft/gradle/bin:/home/ike/soft/maven3.3.9/bin:/usr/lib64/qt-3.3/bin:/usr/local/bin:/usr/local/sbin:/usr/bin:/usr/sbin:/home/ike/.local/bin:/home/ike/bin
USERNAME=ike
LD_LIBRARY_PATH=/home/ike/soft/idea-IU-171.4424.56/bin:
SHELL=/bin/bash
DISPLAY=:0

Signal Handlers:
SIGSEGV: [libjvm.so+0xac4790], sa_mask[0]=11111111011111111101111111111110, sa_flags=SA_RESTART|SA_SIGINFO
SIGBUS: [libjvm.so+0xac4790], sa_mask[0]=11111111011111111101111111111110, sa_flags=SA_RESTART|SA_SIGINFO
SIGFPE: [libjvm.so+0x91f140], sa_mask[0]=11111111011111111101111111111110, sa_flags=SA_RESTART|SA_SIGINFO
SIGPIPE: [libjvm.so+0x91f140], sa_mask[0]=11111111011111111101111111111110, sa_flags=SA_RESTART|SA_SIGINFO
SIGXFSZ: [libjvm.so+0x91f140], sa_mask[0]=11111111011111111101111111111110, sa_flags=SA_RESTART|SA_SIGINFO
SIGILL: [libjvm.so+0x91f140], sa_mask[0]=11111111011111111101111111111110, sa_flags=SA_RESTART|SA_SIGINFO
SIGUSR1: SIG_DFL, sa_mask[0]=00000000000000000000000000000000, sa_flags=none
SIGUSR2: [libjvm.so+0x920770], sa_mask[0]=00100000000000000000000000000000, sa_flags=SA_RESTART|SA_SIGINFO
SIGHUP: [libjvm.so+0x921b70], sa_mask[0]=11111111011111111101111111111110, sa_flags=SA_RESTART|SA_SIGINFO
SIGINT: [libjvm.so+0x921b70], sa_mask[0]=11111111011111111101111111111110, sa_flags=SA_RESTART|SA_SIGINFO
SIGTERM: [libjvm.so+0x921b70], sa_mask[0]=11111111011111111101111111111110, sa_flags=SA_RESTART|SA_SIGINFO
SIGQUIT: [libjvm.so+0x921b70], sa_mask[0]=11111111011111111101111111111110, sa_flags=SA_RESTART|SA_SIGINFO


---------------  S Y S T E M  ---------------

OS:Fedora release 25 (Twenty Five)

uname:Linux 4.8.6-300.fc25.x86_64 #1 SMP Tue Nov 1 12:36:38 UTC 2016 x86_64
libc:glibc 2.24 NPTL 2.24 
rlimit: STACK 8192k, CORE 0k, NPROC 31367, NOFILE 4096, AS infinity
load average:7.02 2.82 1.38

/proc/meminfo:
MemTotal:        8053804 kB
MemFree:          103352 kB
MemAvailable:       6100 kB
Buffers:             544 kB
Cached:           160024 kB
SwapCached:         3584 kB
Active:          6583120 kB
Inactive:         960620 kB
Active(anon):    6576504 kB
Inactive(anon):   944836 kB
Active(file):       6616 kB
Inactive(file):    15784 kB
Unevictable:          72 kB
Mlocked:              72 kB
SwapTotal:       8187900 kB
SwapFree:             16 kB
Dirty:                 0 kB
Writeback:             0 kB
AnonPages:       7382064 kB
Mapped:            95708 kB
Shmem:            137816 kB
Slab:             183136 kB
SReclaimable:      55716 kB
SUnreclaim:       127420 kB
KernelStack:       43792 kB
PageTables:       104136 kB
NFS_Unstable:          0 kB
Bounce:                0 kB
WritebackTmp:          0 kB
CommitLimit:    12214800 kB
Committed_AS:   26668296 kB
VmallocTotal:   34359738367 kB
VmallocUsed:           0 kB
VmallocChunk:          0 kB
HardwareCorrupted:     0 kB
AnonHugePages:         0 kB
ShmemHugePages:        0 kB
ShmemPmdMapped:        0 kB
CmaTotal:              0 kB
CmaFree:               0 kB
HugePages_Total:       0
HugePages_Free:        0
HugePages_Rsvd:        0
HugePages_Surp:        0
Hugepagesize:       2048 kB
DirectMap4k:      261284 kB
DirectMap2M:     6957056 kB
DirectMap1G:     1048576 kB


CPU:total 4 (4 cores per cpu, 1 threads per core) family 6 model 94 stepping 3, cmov, cx8, fxsr, mmx, sse, sse2, sse3, ssse3, sse4.1, sse4.2, popcnt, avx, avx2, aes, clmul, erms, rtm, 3dnowpref, lzcnt, tsc, tscinvbit, bmi1, bmi2, adx

/proc/cpuinfo:
processor	: 0
vendor_id	: GenuineIntel
cpu family	: 6
model		: 94
model name	: Intel(R) Core(TM) i5-6500 CPU @ 3.20GHz
stepping	: 3
microcode	: 0x9e
cpu MHz		: 3283.789
cache size	: 6144 KB
physical id	: 0
siblings	: 4
core id		: 0
cpu cores	: 4
apicid		: 0
initial apicid	: 0
fpu		: yes
fpu_exception	: yes
cpuid level	: 22
wp		: yes
flags		: fpu vme de pse tsc msr pae mce cx8 apic sep mtrr pge mca cmov pat pse36 clflush dts acpi mmx fxsr sse sse2 ss ht tm pbe syscall nx pdpe1gb rdtscp lm constant_tsc art arch_perfmon pebs bts rep_good nopl xtopology nonstop_tsc aperfmperf eagerfpu pni pclmulqdq dtes64 monitor ds_cpl vmx smx est tm2 ssse3 sdbg fma cx16 xtpr pdcm pcid sse4_1 sse4_2 x2apic movbe popcnt tsc_deadline_timer aes xsave avx f16c rdrand lahf_lm abm 3dnowprefetch intel_pt tpr_shadow vnmi flexpriority ept vpid fsgsbase tsc_adjust bmi1 hle avx2 smep bmi2 erms invpcid rtm mpx rdseed adx smap clflushopt xsaveopt xsavec xgetbv1 xsaves dtherm ida arat pln pts hwp hwp_notify hwp_act_window hwp_epp
bugs		:
bogomips	: 6384.00
clflush size	: 64
cache_alignment	: 64
address sizes	: 39 bits physical, 48 bits virtual
power management:

processor	: 1
vendor_id	: GenuineIntel
cpu family	: 6
model		: 94
model name	: Intel(R) Core(TM) i5-6500 CPU @ 3.20GHz
stepping	: 3
microcode	: 0x9e
cpu MHz		: 2949.804
cache size	: 6144 KB
physical id	: 0
siblings	: 4
core id		: 1
cpu cores	: 4
apicid		: 2
initial apicid	: 2
fpu		: yes
fpu_exception	: yes
cpuid level	: 22
wp		: yes
flags		: fpu vme de pse tsc msr pae mce cx8 apic sep mtrr pge mca cmov pat pse36 clflush dts acpi mmx fxsr sse sse2 ss ht tm pbe syscall nx pdpe1gb rdtscp lm constant_tsc art arch_perfmon pebs bts rep_good nopl xtopology nonstop_tsc aperfmperf eagerfpu pni pclmulqdq dtes64 monitor ds_cpl vmx smx est tm2 ssse3 sdbg fma cx16 xtpr pdcm pcid sse4_1 sse4_2 x2apic movbe popcnt tsc_deadline_timer aes xsave avx f16c rdrand lahf_lm abm 3dnowprefetch intel_pt tpr_shadow vnmi flexpriority ept vpid fsgsbase tsc_adjust bmi1 hle avx2 smep bmi2 erms invpcid rtm mpx rdseed adx smap clflushopt xsaveopt xsavec xgetbv1 xsaves dtherm ida arat pln pts hwp hwp_notify hwp_act_window hwp_epp
bugs		:
bogomips	: 6387.72
clflush size	: 64
cache_alignment	: 64
address sizes	: 39 bits physical, 48 bits virtual
power management:

processor	: 2
vendor_id	: GenuineIntel
cpu family	: 6
model		: 94
model name	: Intel(R) Core(TM) i5-6500 CPU @ 3.20GHz
stepping	: 3
microcode	: 0x9e
cpu MHz		: 3001.953
cache size	: 6144 KB
physical id	: 0
siblings	: 4
core id		: 2
cpu cores	: 4
apicid		: 4
initial apicid	: 4
fpu		: yes
fpu_exception	: yes
cpuid level	: 22
wp		: yes
flags		: fpu vme de pse tsc msr pae mce cx8 apic sep mtrr pge mca cmov pat pse36 clflush dts acpi mmx fxsr sse sse2 ss ht tm pbe syscall nx pdpe1gb rdtscp lm constant_tsc art arch_perfmon pebs bts rep_good nopl xtopology nonstop_tsc aperfmperf eagerfpu pni pclmulqdq dtes64 monitor ds_cpl vmx smx est tm2 ssse3 sdbg fma cx16 xtpr pdcm pcid sse4_1 sse4_2 x2apic movbe popcnt tsc_deadline_timer aes xsave avx f16c rdrand lahf_lm abm 3dnowprefetch intel_pt tpr_shadow vnmi flexpriority ept vpid fsgsbase tsc_adjust bmi1 hle avx2 smep bmi2 erms invpcid rtm mpx rdseed adx smap clflushopt xsaveopt xsavec xgetbv1 xsaves dtherm ida arat pln pts hwp hwp_notify hwp_act_window hwp_epp
bugs		:
bogomips	: 6387.73
clflush size	: 64
cache_alignment	: 64
address sizes	: 39 bits physical, 48 bits virtual
power management:

processor	: 3
vendor_id	: GenuineIntel
cpu family	: 6
model		: 94
model name	: Intel(R) Core(TM) i5-6500 CPU @ 3.20GHz
stepping	: 3
microcode	: 0x9e
cpu MHz		: 3033.789
cache size	: 6144 KB
physical id	: 0
siblings	: 4
core id		: 3
cpu cores	: 4
apicid		: 6
initial apicid	: 6
fpu		: yes
fpu_exception	: yes
cpuid level	: 22
wp		: yes
flags		: fpu vme de pse tsc msr pae mce cx8 apic sep mtrr pge mca cmov pat pse36 clflush dts acpi mmx fxsr sse sse2 ss ht tm pbe syscall nx pdpe1gb rdtscp lm constant_tsc art arch_perfmon pebs bts rep_good nopl xtopology nonstop_tsc aperfmperf eagerfpu pni pclmulqdq dtes64 monitor ds_cpl vmx smx est tm2 ssse3 sdbg fma cx16 xtpr pdcm pcid sse4_1 sse4_2 x2apic movbe popcnt tsc_deadline_timer aes xsave avx f16c rdrand lahf_lm abm 3dnowprefetch intel_pt tpr_shadow vnmi flexpriority ept vpid fsgsbase tsc_adjust bmi1 hle avx2 smep bmi2 erms invpcid rtm mpx rdseed adx smap clflushopt xsaveopt xsavec xgetbv1 xsaves dtherm ida arat pln pts hwp hwp_notify hwp_act_window hwp_epp
bugs		:
bogomips	: 6387.75
clflush size	: 64
cache_alignment	: 64
address sizes	: 39 bits physical, 48 bits virtual
power management:



Memory: 4k page, physical 8053804k(104364k free), swap 8187900k(0k free)

vm_info: Java HotSpot(TM) 64-Bit Server VM (25.101-b13) for linux-amd64 JRE (1.8.0_101-b13), built on Jun 22 2016 02:59:44 by "java_re" with gcc 4.3.0 20080428 (Red Hat 4.3.0-8)

time: Sat Jul 29 08:51:58 2017
elapsed time: 9 seconds (0d 0h 0m 9s)

