#
# There is insufficient memory for the Java Runtime Environment to continue.
# Native memory allocation (mmap) failed to map 123207680 bytes for committing reserved memory.
# Possible reasons:
#   The system is out of physical RAM or swap space
#   In 32 bit mode, the process size limit was hit
# Possible solutions:
#   Reduce memory load on the system
#   Increase physical memory or swap space
#   Check if swap backing store is full
#   Use 64 bit Java on a 64 bit OS
#   Decrease Java heap size (-Xmx/-Xms)
#   Decrease number of Java threads
#   Decrease Java thread stack sizes (-Xss)
#   Set larger code cache with -XX:ReservedCodeCacheSize=
# This output file may be truncated or incomplete.
#
#  Out of Memory Error (os_linux.cpp:2627), pid=13218, tid=0x00007f8b902e1700
#
# JRE version: Java(TM) SE Runtime Environment (8.0_101-b13) (build 1.8.0_101-b13)
# Java VM: Java HotSpot(TM) 64-Bit Server VM (25.101-b13 mixed mode linux-amd64 compressed oops)
# Core dump written. Default location: /home/ike/github/goddess-java/core or core.13218
#

---------------  T H R E A D  ---------------

Current thread (0x00007f8b8c146800):  VMThread [stack: 0x00007f8b901e1000,0x00007f8b902e2000] [id=13230]

Stack: [0x00007f8b901e1000,0x00007f8b902e2000],  sp=0x00007f8b902e0020,  free space=1020k
Native frames: (J=compiled Java code, j=interpreted, Vv=VM code, C=native code)
V  [libjvm.so+0xac3f0a]  VMError::report_and_die()+0x2ba
V  [libjvm.so+0x4fbf9b]  report_vm_out_of_memory(char const*, int, unsigned long, VMErrorType, char const*)+0x8b
V  [libjvm.so+0x9222d3]  os::Linux::commit_memory_impl(char*, unsigned long, bool)+0x103
V  [libjvm.so+0x922829]  os::pd_commit_memory(char*, unsigned long, unsigned long, bool)+0x29
V  [libjvm.so+0x91cb2a]  os::commit_memory(char*, unsigned long, unsigned long, bool)+0x2a
V  [libjvm.so+0x991053]  PSVirtualSpace::expand_by(unsigned long)+0x53
V  [libjvm.so+0x992458]  PSYoungGen::resize_generation(unsigned long, unsigned long)+0xf8
V  [libjvm.so+0x9915b2]  PSYoungGen::resize(unsigned long, unsigned long)+0x22
V  [libjvm.so+0x98e88b]  PSScavenge::invoke_no_policy()+0xf3b
V  [libjvm.so+0x98f011]  PSScavenge::invoke()+0x41
V  [libjvm.so+0x945fc0]  ParallelScavengeHeap::failed_mem_allocate(unsigned long)+0x70
V  [libjvm.so+0xac5927]  VM_ParallelGCFailedAllocation::doit()+0x97
V  [libjvm.so+0xacd405]  VM_Operation::evaluate()+0x55
V  [libjvm.so+0xacb7da]  VMThread::evaluate_operation(VM_Operation*)+0xba
V  [libjvm.so+0xacbb5e]  VMThread::loop()+0x1ce
V  [libjvm.so+0xacbfd0]  VMThread::run()+0x70
V  [libjvm.so+0x924698]  java_start(Thread*)+0x108

VM_Operation (0x00007f8b2e294210): ParallelGCFailedAllocation, mode: safepoint, requested by thread 0x00007f8b8d864800


---------------  P R O C E S S  ---------------

Java Threads: ( => current thread )
  0x00007f8b54012800 JavaThread "New I/O server worker #1-1" daemon [_thread_blocked, id=13311, stack(0x00007f8aefdfe000,0x00007f8aefeff000)]
  0x00007f8b54002800 JavaThread "DubboServerHandler-172.17.0.1:51603-thread-1" daemon [_thread_blocked, id=13310, stack(0x00007f8aefeff000,0x00007f8af0000000)]
  0x00007f8b8e0bf000 JavaThread "dubbo-remoting-server-heartbeat-thread-1" daemon [_thread_blocked, id=13308, stack(0x00007f8b2c078000,0x00007f8b2c179000)]
  0x00007f8b8e0bd800 JavaThread "New I/O server boss #1 ([id: 0x10ffe32f, /0:0:0:0:0:0:0:0:51603])" daemon [_thread_blocked, id=13307, stack(0x00007f8b2c179000,0x00007f8b2c27a000)]
  0x00007f8b8da61000 JavaThread "recoverScheduler_QuartzSchedulerThread" [_thread_blocked, id=13306, stack(0x00007f8b2c27a000,0x00007f8b2c37b000)]
  0x00007f8b8da4e800 JavaThread "recoverScheduler_Worker-10" [_thread_blocked, id=13305, stack(0x00007f8b2c37b000,0x00007f8b2c47c000)]
  0x00007f8b8da4c800 JavaThread "recoverScheduler_Worker-9" [_thread_blocked, id=13304, stack(0x00007f8b2c47c000,0x00007f8b2c57d000)]
  0x00007f8b8da4a800 JavaThread "recoverScheduler_Worker-8" [_thread_blocked, id=13303, stack(0x00007f8b2c57d000,0x00007f8b2c67e000)]
  0x00007f8b8da48800 JavaThread "recoverScheduler_Worker-7" [_thread_blocked, id=13302, stack(0x00007f8b2c67e000,0x00007f8b2c77f000)]
  0x00007f8b8da46800 JavaThread "recoverScheduler_Worker-6" [_thread_blocked, id=13301, stack(0x00007f8b2c77f000,0x00007f8b2c880000)]
  0x00007f8b8da44800 JavaThread "recoverScheduler_Worker-5" [_thread_blocked, id=13300, stack(0x00007f8b2c880000,0x00007f8b2c981000)]
  0x00007f8b8da01800 JavaThread "recoverScheduler_Worker-4" [_thread_blocked, id=13299, stack(0x00007f8b2c981000,0x00007f8b2ca82000)]
  0x00007f8b8d9ff800 JavaThread "recoverScheduler_Worker-3" [_thread_blocked, id=13298, stack(0x00007f8b2ca82000,0x00007f8b2cb83000)]
  0x00007f8b8d9fb800 JavaThread "recoverScheduler_Worker-2" [_thread_blocked, id=13297, stack(0x00007f8b2cb83000,0x00007f8b2cc84000)]
  0x00007f8b8d9f1800 JavaThread "recoverScheduler_Worker-1" [_thread_blocked, id=13296, stack(0x00007f8b2cc84000,0x00007f8b2cd85000)]
  0x00007f8b1c002000 JavaThread "DubboClientHandler-172.17.0.1:51007-thread-1" daemon [_thread_blocked, id=13295, stack(0x00007f8b2cd85000,0x00007f8b2ce86000)]
  0x00007f8b0404b800 JavaThread "New I/O client worker #1-5" daemon [_thread_blocked, id=13293, stack(0x00007f8b2ce86000,0x00007f8b2cf87000)]
  0x00007f8b1400a000 JavaThread "DubboClientHandler-172.17.0.1:51709-thread-1" daemon [_thread_blocked, id=13290, stack(0x00007f8b2cf87000,0x00007f8b2d088000)]
  0x00007f8b04008800 JavaThread "New I/O client worker #1-4" daemon [_thread_blocked, id=13289, stack(0x00007f8b2d088000,0x00007f8b2d189000)]
  0x00007f8b0c001800 JavaThread "DubboClientHandler-172.17.0.1:51201-thread-1" daemon [_thread_blocked, id=13288, stack(0x00007f8b2d189000,0x00007f8b2d28a000)]
  0x00007f8b04007000 JavaThread "New I/O client worker #1-3" daemon [_thread_blocked, id=13286, stack(0x00007f8b2d28a000,0x00007f8b2d38b000)]
  0x00007f8b8d960800 JavaThread "dubbo-remoting-client-heartbeat-thread-2" daemon [_thread_blocked, id=13285, stack(0x00007f8b2d58b000,0x00007f8b2d68c000)]
  0x00007f8af8006800 JavaThread "DubboClientHandler-172.17.0.1:51301-thread-1" daemon [_thread_blocked, id=13284, stack(0x00007f8b2d68c000,0x00007f8b2d78d000)]
  0x00007f8b04005000 JavaThread "New I/O client worker #1-2" daemon [_thread_blocked, id=13283, stack(0x00007f8b2d78d000,0x00007f8b2d88e000)]
  0x00007f8b8d960000 JavaThread "DubboClientReconnectTimer-thread-2" daemon [_thread_blocked, id=13282, stack(0x00007f8b2d98f000,0x00007f8b2da90000)]
  0x00007f8b8d939000 JavaThread "commons-pool-EvictionTimer" daemon [_thread_blocked, id=13281, stack(0x00007f8b2d88e000,0x00007f8b2d98f000)]
  0x00007f8b8d8fa800 JavaThread "dubbo-remoting-client-heartbeat-thread-1" daemon [_thread_blocked, id=13279, stack(0x00007f8b2da90000,0x00007f8b2db91000)]
  0x00007f8af8004000 JavaThread "DubboClientHandler-172.17.0.1:51701-thread-1" daemon [_thread_blocked, id=13278, stack(0x00007f8b2db91000,0x00007f8b2dc92000)]
  0x00007f8b04004000 JavaThread "New I/O client worker #1-1" daemon [_thread_blocked, id=13277, stack(0x00007f8b2dc92000,0x00007f8b2dd93000)]
  0x00007f8b8d8ec000 JavaThread "NettyClientBoss-thread-1" daemon [_thread_blocked, id=13276, stack(0x00007f8b2dd93000,0x00007f8b2de94000)]
  0x00007f8b8d88a800 JavaThread "DubboClientReconnectTimer-thread-1" daemon [_thread_blocked, id=13275, stack(0x00007f8b2e094000,0x00007f8b2e195000)]
  0x00007f8b8d864800 JavaThread "DubboSaveRegistryCache-thread-1" daemon [_thread_blocked, id=13274, stack(0x00007f8b2e195000,0x00007f8b2e296000)]
  0x00007f8b8d838000 JavaThread "main-EventThread" daemon [_thread_blocked, id=13273, stack(0x00007f8b2e296000,0x00007f8b2e397000)]
  0x00007f8b8d842800 JavaThread "main-SendThread(localhost:2181)" daemon [_thread_blocked, id=13272, stack(0x00007f8b2e397000,0x00007f8b2e498000)]
  0x00007f8b8d810000 JavaThread "ZkClient-EventThread-20-localhost:2181" daemon [_thread_blocked, id=13271, stack(0x00007f8b2ed1f000,0x00007f8b2ee20000)]
  0x00007f8b8d82b800 JavaThread "DubboRegistryFailedRetryTimer-thread-1" daemon [_thread_blocked, id=13270, stack(0x00007f8b2ee20000,0x00007f8b2ef21000)]
  0x00007f8b8d163800 JavaThread "__DEFAULT__" daemon [_thread_blocked, id=13267, stack(0x00007f8b2f5fc000,0x00007f8b2f6fd000)]
  0x00007f8b8cfcd000 JavaThread "Druid-ConnectionPool-Destroy-449105069" daemon [_thread_blocked, id=13265, stack(0x00007f8b2fafd000,0x00007f8b2fbfe000)]
  0x00007f8b8cfcc000 JavaThread "Druid-ConnectionPool-Create-449105069" daemon [_thread_blocked, id=13264, stack(0x00007f8b2fbfe000,0x00007f8b2fcff000)]
  0x00007f8b8cf80800 JavaThread "Abandoned connection cleanup thread" daemon [_thread_blocked, id=13263, stack(0x00007f8b2feff000,0x00007f8b30000000)]
  0x00007f8b8c649800 JavaThread "Service Thread" daemon [_thread_blocked, id=13250, stack(0x00007f8b75666000,0x00007f8b75767000)]
  0x00007f8b8c633800 JavaThread "C1 CompilerThread2" daemon [_thread_blocked, id=13249, stack(0x00007f8b75767000,0x00007f8b75868000)]
  0x00007f8b8c631000 JavaThread "C2 CompilerThread1" daemon [_thread_blocked, id=13248, stack(0x00007f8b75868000,0x00007f8b75969000)]
  0x00007f8b8c62f800 JavaThread "C2 CompilerThread0" daemon [_thread_blocked, id=13247, stack(0x00007f8b75969000,0x00007f8b75a6a000)]
  0x00007f8b48001000 JavaThread "JDWP Command Reader" daemon [_thread_in_native, id=13246, stack(0x00007f8b75f85000,0x00007f8b76086000)]
  0x00007f8b8c197800 JavaThread "JDWP Event Helper Thread" daemon [_thread_blocked, id=13245, stack(0x00007f8b76086000,0x00007f8b76187000)]
  0x00007f8b8c194000 JavaThread "JDWP Transport Listener: dt_socket" daemon [_thread_blocked, id=13242, stack(0x00007f8b76187000,0x00007f8b76288000)]
  0x00007f8b8c185000 JavaThread "Signal Dispatcher" daemon [_thread_blocked, id=13239, stack(0x00007f8b7648c000,0x00007f8b7658d000)]
  0x00007f8b8c153000 JavaThread "Finalizer" daemon [_thread_blocked, id=13234, stack(0x00007f8b7658d000,0x00007f8b7668e000)]
  0x00007f8b8c14e800 JavaThread "Reference Handler" daemon [_thread_blocked, id=13231, stack(0x00007f8b900e0000,0x00007f8b901e1000)]
  0x00007f8b8c011000 JavaThread "main" [_thread_blocked, id=13220, stack(0x00007f8b95cf0000,0x00007f8b95df1000)]

Other Threads:
=>0x00007f8b8c146800 VMThread [stack: 0x00007f8b901e1000,0x00007f8b902e2000] [id=13230]
  0x00007f8b8c657000 WatcherThread [stack: 0x00007f8b75565000,0x00007f8b75666000] [id=13251]

VM state:at safepoint (normal execution)

VM Mutex/Monitor currently owned by a thread:  ([mutex/lock_event])
[0x00007f8b8c008ca0] Threads_lock - owner thread: 0x00007f8b8c146800
[0x00007f8b8c00f7a0] Heap_lock - owner thread: 0x00007f8b8d864800

Heap:
 PSYoungGen      total 517120K, used 14362K [0x00000000d7000000, 0x00000000f8a80000, 0x0000000100000000)
  eden space 494592K, 0% used [0x00000000d7000000,0x00000000d7000000,0x00000000f5300000)
  from space 22528K, 63% used [0x00000000f5300000,0x00000000f6106a10,0x00000000f6900000)
  to   space 22528K, 0% used [0x00000000f6900000,0x00000000f6900000,0x00000000f7f00000)
 ParOldGen       total 74752K, used 34916K [0x0000000085000000, 0x0000000089900000, 0x00000000d7000000)
  object space 74752K, 46% used [0x0000000085000000,0x0000000087219148,0x0000000089900000)
 Metaspace       used 49940K, capacity 50790K, committed 51072K, reserved 1093632K
  class space    used 6064K, capacity 6223K, committed 6272K, reserved 1048576K

Card table byte_map: [0x00007f8b926ac000,0x00007f8b92a85000] byte_map_base: 0x00007f8b92284000

Marking Bits: (ParMarkBitMap*) 0x00007f8b951c6120
 Begin Bits: [0x00007f8b6c280000, 0x00007f8b6e140000)
 End Bits:   [0x00007f8b6e140000, 0x00007f8b70000000)

Polling page: 0x00007f8b95e0c000

CodeCache: size=245760Kb used=19725Kb max_used=19759Kb free=226034Kb
 bounds [0x00007f8b7668e000, 0x00007f8b77a0e000, 0x00007f8b8568e000]
 total_blobs=5726 nmethods=5178 adapters=468
 compilation: enabled

Compilation events (10 events):
Event: 15.411 Thread 0x00007f8b8c633800 nmethod 6186 0x00007f8b779c3e90 code [0x00007f8b779c4020, 0x00007f8b779c4468]
Event: 15.411 Thread 0x00007f8b8c633800 6188   !   3       java.io.PrintWriter::newLine (66 bytes)
Event: 15.412 Thread 0x00007f8b8c633800 nmethod 6188 0x00007f8b76dadc10 code [0x00007f8b76dadde0, 0x00007f8b76dae578]
Event: 15.412 Thread 0x00007f8b8c633800 6187       3       java.lang.Throwable$WrappedPrintWriter::println (9 bytes)
Event: 15.412 Thread 0x00007f8b8c633800 nmethod 6187 0x00007f8b772545d0 code [0x00007f8b772547a0, 0x00007f8b77254fe8]
Event: 15.415 Thread 0x00007f8b8c631000 6189       4       java.io.FileInputStream::read (9 bytes)
Event: 15.415 Thread 0x00007f8b8c631000 nmethod 6189 0x00007f8b7695c650 code [0x00007f8b7695c7a0, 0x00007f8b7695c868]
Event: 15.416 Thread 0x00007f8b8c633800 6190   !   3       java.io.PrintWriter::write (58 bytes)
Event: 15.416 Thread 0x00007f8b8c633800 nmethod 6190 0x00007f8b76a24950 code [0x00007f8b76a24b20, 0x00007f8b76a251e8]
Event: 15.510 Thread 0x00007f8b8c631000 6191       4       java.util.Properties::getProperty (46 bytes)

GC Heap History (10 events):
Event: 5.167 GC heap after
Heap after GC invocations=10 (full 1):
 PSYoungGen      total 262144K, used 0K [0x00000000d7000000, 0x00000000f1300000, 0x0000000100000000)
  eden space 246784K, 0% used [0x00000000d7000000,0x00000000d7000000,0x00000000e6100000)
  from space 15360K, 0% used [0x00000000e6100000,0x00000000e6100000,0x00000000e7000000)
  to   space 16896K, 0% used [0x00000000f0280000,0x00000000f0280000,0x00000000f1300000)
 ParOldGen       total 57856K, used 16778K [0x0000000085000000, 0x0000000088880000, 0x00000000d7000000)
  object space 57856K, 29% used [0x0000000085000000,0x0000000086062bc0,0x0000000088880000)
 Metaspace       used 20927K, capacity 21156K, committed 21296K, reserved 1069056K
  class space    used 2356K, capacity 2404K, committed 2432K, reserved 1048576K
}
Event: 7.238 GC heap before
{Heap before GC invocations=11 (full 1):
 PSYoungGen      total 262144K, used 189741K [0x00000000d7000000, 0x00000000f1300000, 0x0000000100000000)
  eden space 246784K, 76% used [0x00000000d7000000,0x00000000e294b4c8,0x00000000e6100000)
  from space 15360K, 0% used [0x00000000e6100000,0x00000000e6100000,0x00000000e7000000)
  to   space 16896K, 0% used [0x00000000f0280000,0x00000000f0280000,0x00000000f1300000)
 ParOldGen       total 57856K, used 16778K [0x0000000085000000, 0x0000000088880000, 0x00000000d7000000)
  object space 57856K, 29% used [0x0000000085000000,0x0000000086062bc0,0x0000000088880000)
 Metaspace       used 34819K, capacity 35120K, committed 35496K, reserved 1081344K
  class space    used 4146K, capacity 4260K, committed 4352K, reserved 1048576K
Event: 7.270 GC heap after
Heap after GC invocations=11 (full 1):
 PSYoungGen      total 386560K, used 12852K [0x00000000d7000000, 0x00000000f0f80000, 0x0000000100000000)
  eden space 373248K, 0% used [0x00000000d7000000,0x00000000d7000000,0x00000000edc80000)
  from space 13312K, 96% used [0x00000000f0280000,0x00000000f0f0d3f8,0x00000000f0f80000)
  to   space 17920K, 0% used [0x00000000eec80000,0x00000000eec80000,0x00000000efe00000)
 ParOldGen       total 57856K, used 16786K [0x0000000085000000, 0x0000000088880000, 0x00000000d7000000)
  object space 57856K, 29% used [0x0000000085000000,0x0000000086064bc0,0x0000000088880000)
 Metaspace       used 34819K, capacity 35120K, committed 35496K, reserved 1081344K
  class space    used 4146K, capacity 4260K, committed 4352K, reserved 1048576K
}
Event: 7.270 GC heap before
{Heap before GC invocations=12 (full 2):
 PSYoungGen      total 386560K, used 12852K [0x00000000d7000000, 0x00000000f0f80000, 0x0000000100000000)
  eden space 373248K, 0% used [0x00000000d7000000,0x00000000d7000000,0x00000000edc80000)
  from space 13312K, 96% used [0x00000000f0280000,0x00000000f0f0d3f8,0x00000000f0f80000)
  to   space 17920K, 0% used [0x00000000eec80000,0x00000000eec80000,0x00000000efe00000)
 ParOldGen       total 57856K, used 16786K [0x0000000085000000, 0x0000000088880000, 0x00000000d7000000)
  object space 57856K, 29% used [0x0000000085000000,0x0000000086064bc0,0x0000000088880000)
 Metaspace       used 34819K, capacity 35120K, committed 35496K, reserved 1081344K
  class space    used 4146K, capacity 4260K, committed 4352K, reserved 1048576K
Event: 7.343 GC heap after
Heap after GC invocations=12 (full 2):
 PSYoungGen      total 386560K, used 0K [0x00000000d7000000, 0x00000000f0f80000, 0x0000000100000000)
  eden space 373248K, 0% used [0x00000000d7000000,0x00000000d7000000,0x00000000edc80000)
  from space 13312K, 0% used [0x00000000f0280000,0x00000000f0280000,0x00000000f0f80000)
  to   space 17920K, 0% used [0x00000000eec80000,0x00000000eec80000,0x00000000efe00000)
 ParOldGen       total 74752K, used 18672K [0x0000000085000000, 0x0000000089900000, 0x00000000d7000000)
  object space 74752K, 24% used [0x0000000085000000,0x000000008623c3f8,0x0000000089900000)
 Metaspace       used 34819K, capacity 35120K, committed 35496K, reserved 1081344K
  class space    used 4146K, capacity 4260K, committed 4352K, reserved 1048576K
}
Event: 10.264 GC heap before
{Heap before GC invocations=13 (full 2):
 PSYoungGen      total 386560K, used 373248K [0x00000000d7000000, 0x00000000f0f80000, 0x0000000100000000)
  eden space 373248K, 100% used [0x00000000d7000000,0x00000000edc80000,0x00000000edc80000)
  from space 13312K, 0% used [0x00000000f0280000,0x00000000f0280000,0x00000000f0f80000)
  to   space 17920K, 0% used [0x00000000eec80000,0x00000000eec80000,0x00000000efe00000)
 ParOldGen       total 74752K, used 18672K [0x0000000085000000, 0x0000000089900000, 0x00000000d7000000)
  object space 74752K, 24% used [0x0000000085000000,0x000000008623c3f8,0x0000000089900000)
 Metaspace       used 43353K, capacity 43708K, committed 44160K, reserved 1087488K
  class space    used 5285K, capacity 5404K, committed 5504K, reserved 1048576K
Event: 10.278 GC heap after
Heap after GC invocations=13 (full 2):
 PSYoungGen      total 407552K, used 17909K [0x00000000d7000000, 0x00000000f7f00000, 0x0000000100000000)
  eden space 389632K, 0% used [0x00000000d7000000,0x00000000d7000000,0x00000000eec80000)
  from space 17920K, 99% used [0x00000000eec80000,0x00000000efdfd568,0x00000000efe00000)
  to   space 22528K, 0% used [0x00000000f6900000,0x00000000f6900000,0x00000000f7f00000)
 ParOldGen       total 74752K, used 23775K [0x0000000085000000, 0x0000000089900000, 0x00000000d7000000)
  object space 74752K, 31% used [0x0000000085000000,0x0000000086737fe8,0x0000000089900000)
 Metaspace       used 43353K, capacity 43708K, committed 44160K, reserved 1087488K
  class space    used 5285K, capacity 5404K, committed 5504K, reserved 1048576K
}
Event: 13.423 GC heap before
{Heap before GC invocations=14 (full 2):
 PSYoungGen      total 407552K, used 407541K [0x00000000d7000000, 0x00000000f7f00000, 0x0000000100000000)
  eden space 389632K, 100% used [0x00000000d7000000,0x00000000eec80000,0x00000000eec80000)
  from space 17920K, 99% used [0x00000000eec80000,0x00000000efdfd568,0x00000000efe00000)
  to   space 22528K, 0% used [0x00000000f6900000,0x00000000f6900000,0x00000000f7f00000)
 ParOldGen       total 74752K, used 23775K [0x0000000085000000, 0x0000000089900000, 0x00000000d7000000)
  object space 74752K, 31% used [0x0000000085000000,0x0000000086737fe8,0x0000000089900000)
 Metaspace       used 48359K, capacity 49076K, committed 49408K, reserved 1093632K
  class space    used 5906K, capacity 6076K, committed 6144K, reserved 1048576K
Event: 13.452 GC heap after
Heap after GC invocations=14 (full 2):
 PSYoungGen      total 517120K, used 13074K [0x00000000d7000000, 0x00000000f8a80000, 0x0000000100000000)
  eden space 494592K, 0% used [0x00000000d7000000,0x00000000d7000000,0x00000000f5300000)
  from space 22528K, 58% used [0x00000000f6900000,0x00000000f75c4878,0x00000000f7f00000)
  to   space 22528K, 0% used [0x00000000f5300000,0x00000000f5300000,0x00000000f6900000)
 ParOldGen       total 74752K, used 27757K [0x0000000085000000, 0x0000000089900000, 0x00000000d7000000)
  object space 74752K, 37% used [0x0000000085000000,0x0000000086b1b430,0x0000000089900000)
 Metaspace       used 48359K, capacity 49076K, committed 49408K, reserved 1093632K
  class space    used 5906K, capacity 6076K, committed 6144K, reserved 1048576K
}
Event: 15.616 GC heap before
{Heap before GC invocations=15 (full 2):
 PSYoungGen      total 517120K, used 507666K [0x00000000d7000000, 0x00000000f8a80000, 0x0000000100000000)
  eden space 494592K, 100% used [0x00000000d7000000,0x00000000f5300000,0x00000000f5300000)
  from space 22528K, 58% used [0x00000000f6900000,0x00000000f75c4878,0x00000000f7f00000)
  to   space 22528K, 0% used [0x00000000f5300000,0x00000000f5300000,0x00000000f6900000)
 ParOldGen       total 74752K, used 27757K [0x0000000085000000, 0x0000000089900000, 0x00000000d7000000)
  object space 74752K, 37% used [0x0000000085000000,0x0000000086b1b430,0x0000000089900000)
 Metaspace       used 49940K, capacity 50790K, committed 51072K, reserved 1093632K
  class space    used 6064K, capacity 6223K, committed 6272K, reserved 1048576K

Deoptimization events (10 events):
Event: 13.089 Thread 0x00007f8b8d842800 Uncommon trap: reason=bimorphic action=maybe_recompile pc=0x00007f8b770ccdb4 method=java.io.DataInputStream.readFully([BII)V @ 34
Event: 13.091 Thread 0x00007f8b8d842800 Uncommon trap: reason=bimorphic action=maybe_recompile pc=0x00007f8b770ccdb4 method=java.io.DataInputStream.readFully([BII)V @ 34
Event: 13.094 Thread 0x00007f8b8d842800 Uncommon trap: reason=bimorphic action=maybe_recompile pc=0x00007f8b770ccdb4 method=java.io.DataInputStream.readFully([BII)V @ 34
Event: 13.096 Thread 0x00007f8b8d842800 Uncommon trap: reason=bimorphic action=maybe_recompile pc=0x00007f8b770ccdb4 method=java.io.DataInputStream.readFully([BII)V @ 34
Event: 13.189 Thread 0x00007f8b8c011000 Uncommon trap: reason=unstable_if action=reinterpret pc=0x00007f8b76ff4160 method=org.springframework.beans.factory.support.DefaultSingletonBeanRegistry.getSingleton(Ljava/lang/String;Z)Ljava/lang/Object; @ 47
Event: 13.195 Thread 0x00007f8b8c011000 Uncommon trap: reason=unloaded action=reinterpret pc=0x00007f8b774f4000 method=org.aspectj.apache.bcel.classfile.Constant.readConstant(Ljava/io/DataInputStream;)Lorg/aspectj/apache/bcel/classfile/Constant; @ 182
Event: 13.195 Thread 0x00007f8b8c011000 Uncommon trap: reason=unstable_if action=reinterpret pc=0x00007f8b76f22ef8 method=org.aspectj.apache.bcel.classfile.ConstantPool.<init>(Ljava/io/DataInputStream;)V @ 84
Event: 13.196 Thread 0x00007f8b8c011000 Uncommon trap: reason=unstable_if action=reinterpret pc=0x00007f8b76f16590 method=org.aspectj.apache.bcel.classfile.ConstantPool.<init>(Ljava/io/DataInputStream;)V @ 84
Event: 13.350 Thread 0x00007f8b8c011000 Uncommon trap: reason=unstable_if action=reinterpret pc=0x00007f8b777026a8 method=javassist.bytecode.AttributeInfo.read(Ljavassist/bytecode/ConstPool;Ljava/io/DataInputStream;)Ljavassist/bytecode/AttributeInfo; @ 285
Event: 14.685 Thread 0x00007f8b8c011000 Uncommon trap: reason=unstable_if action=reinterpret pc=0x00007f8b773281bc method=org.springframework.core.ResolvableType.resolve(Ljava/lang/Class;)Ljava/lang/Class; @ 4

Internal exceptions (10 events):
Event: 14.684 Thread 0x00007f8b8c011000 Exception <a 'java/lang/ClassNotFoundException': java/io/SerializableCustomizer> (0x00000000e449a388) thrown at [/HUDSON3/workspace/8-2-build-linux-amd64/jdk8u101/7261/hotspot/src/share/vm/classfile/systemDictionary.cpp, line 210]
Event: 14.728 Thread 0x00007f8b8c011000 Exception <a 'java/lang/AbstractMethodError'> (0x00000000e55af9a0) thrown at [/HUDSON3/workspace/8-2-build-linux-amd64/jdk8u101/7261/hotspot/src/share/vm/interpreter/interpreterRuntime.cpp, line 529]
Event: 14.732 Thread 0x00007f8b8c011000 Exception <a 'java/lang/AbstractMethodError'> (0x00000000e561fef0) thrown at [/HUDSON3/workspace/8-2-build-linux-amd64/jdk8u101/7261/hotspot/src/share/vm/interpreter/interpreterRuntime.cpp, line 529]
Event: 14.734 Thread 0x00007f8b8c011000 Exception <a 'java/lang/AbstractMethodError'> (0x00000000e568d4c8) thrown at [/HUDSON3/workspace/8-2-build-linux-amd64/jdk8u101/7261/hotspot/src/share/vm/interpreter/interpreterRuntime.cpp, line 529]
Event: 14.738 Thread 0x00007f8b8c011000 Exception <a 'java/lang/AbstractMethodError'> (0x00000000e56fa770) thrown at [/HUDSON3/workspace/8-2-build-linux-amd64/jdk8u101/7261/hotspot/src/share/vm/interpreter/interpreterRuntime.cpp, line 529]
Event: 14.742 Thread 0x00007f8b8c011000 Exception <a 'java/lang/ClassNotFoundException': org/springframework/data/jpa/repository/support/DefaultJpaContextBeanInfo> (0x00000000e5762550) thrown at [/HUDSON3/workspace/8-2-build-linux-amd64/jdk8u101/7261/hotspot/src/share/vm/classfile/systemDiction
Event: 14.742 Thread 0x00007f8b8c011000 Exception <a 'java/lang/ClassNotFoundException': org/springframework/data/jpa/repository/support/DefaultJpaContextCustomizer> (0x00000000e579bb18) thrown at [/HUDSON3/workspace/8-2-build-linux-amd64/jdk8u101/7261/hotspot/src/share/vm/classfile/systemDicti
Event: 14.743 Thread 0x00007f8b8c011000 Exception <a 'java/lang/ClassNotFoundException': org/springframework/data/jpa/repository/JpaContextCustomizer> (0x00000000e57d1cb0) thrown at [/HUDSON3/workspace/8-2-build-linux-amd64/jdk8u101/7261/hotspot/src/share/vm/classfile/systemDictionary.cpp, line
Event: 14.744 Thread 0x00007f8b8c011000 Exception <a 'java/lang/AbstractMethodError'> (0x00000000e5812d98) thrown at [/HUDSON3/workspace/8-2-build-linux-amd64/jdk8u101/7261/hotspot/src/share/vm/interpreter/interpreterRuntime.cpp, line 529]
Event: 14.744 Thread 0x00007f8b8c011000 Exception <a 'java/lang/AbstractMethodError'> (0x00000000e5813040) thrown at [/HUDSON3/workspace/8-2-build-linux-amd64/jdk8u101/7261/hotspot/src/share/vm/interpreter/interpreterRuntime.cpp, line 529]

Events (10 events):
Event: 15.534 Thread 0x00007f8b8d864800 DEOPT UNPACKING pc=0x00007f8b766d5633 sp=0x00007f8b2e2943f0 mode 1
Event: 15.535 Thread 0x00007f8b8d864800 DEOPT PACKING pc=0x00007f8b7746271c sp=0x00007f8b2e294460
Event: 15.535 Thread 0x00007f8b8d864800 DEOPT UNPACKING pc=0x00007f8b766d5633 sp=0x00007f8b2e2943f0 mode 1
Event: 15.535 Thread 0x00007f8b8d864800 DEOPT PACKING pc=0x00007f8b7746271c sp=0x00007f8b2e294460
Event: 15.535 Thread 0x00007f8b8d864800 DEOPT UNPACKING pc=0x00007f8b766d5633 sp=0x00007f8b2e2943f0 mode 1
Event: 15.536 Thread 0x00007f8b8d864800 DEOPT PACKING pc=0x00007f8b7746271c sp=0x00007f8b2e294460
Event: 15.536 Thread 0x00007f8b8d864800 DEOPT UNPACKING pc=0x00007f8b766d5633 sp=0x00007f8b2e2943f0 mode 1
Event: 15.537 Thread 0x00007f8b8d864800 DEOPT PACKING pc=0x00007f8b7746271c sp=0x00007f8b2e294460
Event: 15.537 Thread 0x00007f8b8d864800 DEOPT UNPACKING pc=0x00007f8b766d5633 sp=0x00007f8b2e2943f0 mode 1
Event: 15.599 Executing VM operation: ParallelGCFailedAllocation


Dynamic libraries:
00400000-00401000 r-xp 00000000 fd:02 1842668                            /home/ike/soft/jdk1.8.0_101/bin/java
00600000-00601000 rw-p 00000000 fd:02 1842668                            /home/ike/soft/jdk1.8.0_101/bin/java
021dd000-021fe000 rw-p 00000000 00:00 0                                  [heap]
85000000-89900000 rw-p 00000000 00:00 0 
89900000-d7000000 ---p 00000000 00:00 0 
d7000000-f8a80000 rw-p 00000000 00:00 0 
100000000-100620000 rw-p 00000000 00:00 0 
100620000-140000000 ---p 00000000 00:00 0 
7f8aefdfe000-7f8aefe01000 ---p 00000000 00:00 0 
7f8aefe01000-7f8aefeff000 rw-p 00000000 00:00 0 
7f8aefeff000-7f8aeff02000 ---p 00000000 00:00 0 
7f8aeff02000-7f8af0000000 rw-p 00000000 00:00 0 
7f8af0000000-7f8af0021000 rw-p 00000000 00:00 0 
7f8af0021000-7f8af4000000 ---p 00000000 00:00 0 
7f8af4000000-7f8af4b1c000 rw-p 00000000 00:00 0 
7f8af4b1c000-7f8af8000000 ---p 00000000 00:00 0 
7f8af8000000-7f8af8021000 rw-p 00000000 00:00 0 
7f8af8021000-7f8afc000000 ---p 00000000 00:00 0 
7f8afc000000-7f8afc021000 rw-p 00000000 00:00 0 
7f8afc021000-7f8b00000000 ---p 00000000 00:00 0 
7f8b00000000-7f8b00021000 rw-p 00000000 00:00 0 
7f8b00021000-7f8b04000000 ---p 00000000 00:00 0 
7f8b04000000-7f8b0404d000 rw-p 00000000 00:00 0 
7f8b0404d000-7f8b08000000 ---p 00000000 00:00 0 
7f8b08000000-7f8b0803f000 rw-p 00000000 00:00 0 
7f8b0803f000-7f8b0c000000 ---p 00000000 00:00 0 
7f8b0c000000-7f8b0c059000 rw-p 00000000 00:00 0 
7f8b0c059000-7f8b10000000 ---p 00000000 00:00 0 
7f8b10000000-7f8b10021000 rw-p 00000000 00:00 0 
7f8b10021000-7f8b14000000 ---p 00000000 00:00 0 
7f8b14000000-7f8b14027000 rw-p 00000000 00:00 0 
7f8b14027000-7f8b18000000 ---p 00000000 00:00 0 
7f8b18000000-7f8b18021000 rw-p 00000000 00:00 0 
7f8b18021000-7f8b1c000000 ---p 00000000 00:00 0 
7f8b1c000000-7f8b1c021000 rw-p 00000000 00:00 0 
7f8b1c021000-7f8b20000000 ---p 00000000 00:00 0 
7f8b20000000-7f8b205d9000 rw-p 00000000 00:00 0 
7f8b205d9000-7f8b24000000 ---p 00000000 00:00 0 
7f8b24000000-7f8b24021000 rw-p 00000000 00:00 0 
7f8b24021000-7f8b28000000 ---p 00000000 00:00 0 
7f8b28000000-7f8b28021000 rw-p 00000000 00:00 0 
7f8b28021000-7f8b2c000000 ---p 00000000 00:00 0 
7f8b2c078000-7f8b2c07b000 ---p 00000000 00:00 0 
7f8b2c07b000-7f8b2c179000 rw-p 00000000 00:00 0 
7f8b2c179000-7f8b2c17c000 ---p 00000000 00:00 0 
7f8b2c17c000-7f8b2c27a000 rw-p 00000000 00:00 0 
7f8b2c27a000-7f8b2c27d000 ---p 00000000 00:00 0 
7f8b2c27d000-7f8b2c37b000 rw-p 00000000 00:00 0 
7f8b2c37b000-7f8b2c37e000 ---p 00000000 00:00 0 
7f8b2c37e000-7f8b2c47c000 rw-p 00000000 00:00 0 
7f8b2c47c000-7f8b2c47f000 ---p 00000000 00:00 0 
7f8b2c47f000-7f8b2c57d000 rw-p 00000000 00:00 0 
7f8b2c57d000-7f8b2c580000 ---p 00000000 00:00 0 
7f8b2c580000-7f8b2c67e000 rw-p 00000000 00:00 0 
7f8b2c67e000-7f8b2c681000 ---p 00000000 00:00 0 
7f8b2c681000-7f8b2c77f000 rw-p 00000000 00:00 0 
7f8b2c77f000-7f8b2c782000 ---p 00000000 00:00 0 
7f8b2c782000-7f8b2c880000 rw-p 00000000 00:00 0 
7f8b2c880000-7f8b2c883000 ---p 00000000 00:00 0 
7f8b2c883000-7f8b2c981000 rw-p 00000000 00:00 0 
7f8b2c981000-7f8b2c984000 ---p 00000000 00:00 0 
7f8b2c984000-7f8b2ca82000 rw-p 00000000 00:00 0 
7f8b2ca82000-7f8b2ca85000 ---p 00000000 00:00 0 
7f8b2ca85000-7f8b2cb83000 rw-p 00000000 00:00 0 
7f8b2cb83000-7f8b2cb86000 ---p 00000000 00:00 0 
7f8b2cb86000-7f8b2cc84000 rw-p 00000000 00:00 0 
7f8b2cc84000-7f8b2cc87000 ---p 00000000 00:00 0 
7f8b2cc87000-7f8b2cd85000 rw-p 00000000 00:00 0 
7f8b2cd85000-7f8b2cd88000 ---p 00000000 00:00 0 
7f8b2cd88000-7f8b2ce86000 rw-p 00000000 00:00 0 
7f8b2ce86000-7f8b2ce89000 ---p 00000000 00:00 0 
7f8b2ce89000-7f8b2cf87000 rw-p 00000000 00:00 0 
7f8b2cf87000-7f8b2cf8a000 ---p 00000000 00:00 0 
7f8b2cf8a000-7f8b2d088000 rw-p 00000000 00:00 0 
7f8b2d088000-7f8b2d08b000 ---p 00000000 00:00 0 
7f8b2d08b000-7f8b2d189000 rw-p 00000000 00:00 0 
7f8b2d189000-7f8b2d18c000 ---p 00000000 00:00 0 
7f8b2d18c000-7f8b2d28a000 rw-p 00000000 00:00 0 
7f8b2d28a000-7f8b2d28d000 ---p 00000000 00:00 0 
7f8b2d28d000-7f8b2d54b000 rw-p 00000000 00:00 0 
7f8b2d54b000-7f8b2d58b000 ---p 00000000 00:00 0 
7f8b2d58b000-7f8b2d58e000 ---p 00000000 00:00 0 
7f8b2d58e000-7f8b2d68c000 rw-p 00000000 00:00 0 
7f8b2d68c000-7f8b2d68f000 ---p 00000000 00:00 0 
7f8b2d68f000-7f8b2d78d000 rw-p 00000000 00:00 0 
7f8b2d78d000-7f8b2d790000 ---p 00000000 00:00 0 
7f8b2d790000-7f8b2d88e000 rw-p 00000000 00:00 0 
7f8b2d88e000-7f8b2d891000 ---p 00000000 00:00 0 
7f8b2d891000-7f8b2d98f000 rw-p 00000000 00:00 0 
7f8b2d98f000-7f8b2d992000 ---p 00000000 00:00 0 
7f8b2d992000-7f8b2da90000 rw-p 00000000 00:00 0 
7f8b2da90000-7f8b2da93000 ---p 00000000 00:00 0 
7f8b2da93000-7f8b2db91000 rw-p 00000000 00:00 0 
7f8b2db91000-7f8b2db94000 ---p 00000000 00:00 0 
7f8b2db94000-7f8b2dc92000 rw-p 00000000 00:00 0 
7f8b2dc92000-7f8b2dc95000 ---p 00000000 00:00 0 
7f8b2dc95000-7f8b2dd93000 rw-p 00000000 00:00 0 
7f8b2dd93000-7f8b2dd96000 ---p 00000000 00:00 0 
7f8b2dd96000-7f8b2e094000 rw-p 00000000 00:00 0 
7f8b2e094000-7f8b2e097000 ---p 00000000 00:00 0 
7f8b2e097000-7f8b2e195000 rw-p 00000000 00:00 0 
7f8b2e195000-7f8b2e198000 ---p 00000000 00:00 0 
7f8b2e198000-7f8b2e296000 rw-p 00000000 00:00 0 
7f8b2e296000-7f8b2e299000 ---p 00000000 00:00 0 
7f8b2e299000-7f8b2e397000 rw-p 00000000 00:00 0 
7f8b2e397000-7f8b2e39a000 ---p 00000000 00:00 0 
7f8b2e39a000-7f8b2e698000 rw-p 00000000 00:00 0 
7f8b2e698000-7f8b2e898000 rw-p 00000000 00:00 0 
7f8b2e898000-7f8b2ea98000 rw-p 00000000 00:00 0 
7f8b2ea98000-7f8b2ec98000 rw-p 00000000 00:00 0 
7f8b2ed1f000-7f8b2ed22000 ---p 00000000 00:00 0 
7f8b2ed22000-7f8b2ee20000 rw-p 00000000 00:00 0 
7f8b2ee20000-7f8b2ee23000 ---p 00000000 00:00 0 
7f8b2ee23000-7f8b2f121000 rw-p 00000000 00:00 0 
7f8b2f121000-7f8b2f137000 r-xp 00000000 fd:00 664597                     /usr/lib64/libgcc_s-6.1.1-20160510.so.1
7f8b2f137000-7f8b2f336000 ---p 00016000 fd:00 664597                     /usr/lib64/libgcc_s-6.1.1-20160510.so.1
7f8b2f336000-7f8b2f337000 r--p 00015000 fd:00 664597                     /usr/lib64/libgcc_s-6.1.1-20160510.so.1
7f8b2f337000-7f8b2f338000 rw-p 00016000 fd:00 664597                     /usr/lib64/libgcc_s-6.1.1-20160510.so.1
7f8b2f338000-7f8b2f36a000 r-xp 00000000 fd:02 1842760                    /home/ike/soft/jdk1.8.0_101/jre/lib/amd64/libsunec.so
7f8b2f36a000-7f8b2f569000 ---p 00032000 fd:02 1842760                    /home/ike/soft/jdk1.8.0_101/jre/lib/amd64/libsunec.so
7f8b2f569000-7f8b2f56f000 rw-p 00031000 fd:02 1842760                    /home/ike/soft/jdk1.8.0_101/jre/lib/amd64/libsunec.so
7f8b2f56f000-7f8b2f57f000 rw-p 00000000 00:00 0 
7f8b2f5fc000-7f8b2f5ff000 ---p 00000000 00:00 0 
7f8b2f5ff000-7f8b2f8fd000 rw-p 00000000 00:00 0 
7f8b2f8fd000-7f8b2fafd000 rw-p 00000000 00:00 0 
7f8b2fafd000-7f8b2fb00000 ---p 00000000 00:00 0 
7f8b2fb00000-7f8b2fbfe000 rw-p 00000000 00:00 0 
7f8b2fbfe000-7f8b2fc01000 ---p 00000000 00:00 0 
7f8b2fc01000-7f8b2feff000 rw-p 00000000 00:00 0 
7f8b2feff000-7f8b2ff02000 ---p 00000000 00:00 0 
7f8b2ff02000-7f8b30000000 rw-p 00000000 00:00 0 
7f8b30000000-7f8b30021000 rw-p 00000000 00:00 0 
7f8b30021000-7f8b34000000 ---p 00000000 00:00 0 
7f8b34000000-7f8b34021000 rw-p 00000000 00:00 0 
7f8b34021000-7f8b38000000 ---p 00000000 00:00 0 
7f8b38000000-7f8b3b4d4000 rw-p 00000000 00:00 0 
7f8b3b4d4000-7f8b3c000000 ---p 00000000 00:00 0 
7f8b3c000000-7f8b3d2ce000 rw-p 00000000 00:00 0 
7f8b3d2ce000-7f8b40000000 ---p 00000000 00:00 0 
7f8b40000000-7f8b40021000 rw-p 00000000 00:00 0 
7f8b40021000-7f8b44000000 ---p 00000000 00:00 0 
7f8b44000000-7f8b47ffb000 rw-p 00000000 00:00 0 
7f8b47ffb000-7f8b48000000 ---p 00000000 00:00 0 
7f8b48000000-7f8b48021000 rw-p 00000000 00:00 0 
7f8b48021000-7f8b4c000000 ---p 00000000 00:00 0 
7f8b4c000000-7f8b4c0a5000 rw-p 00000000 00:00 0 
7f8b4c0a5000-7f8b50000000 ---p 00000000 00:00 0 
7f8b50000000-7f8b50021000 rw-p 00000000 00:00 0 
7f8b50021000-7f8b54000000 ---p 00000000 00:00 0 
7f8b54000000-7f8b54021000 rw-p 00000000 00:00 0 
7f8b54021000-7f8b58000000 ---p 00000000 00:00 0 
7f8b58000000-7f8b58290000 rw-p 00000000 00:00 0 
7f8b58290000-7f8b5c000000 ---p 00000000 00:00 0 
7f8b5c000000-7f8b5c021000 rw-p 00000000 00:00 0 
7f8b5c021000-7f8b60000000 ---p 00000000 00:00 0 
7f8b60000000-7f8b60021000 rw-p 00000000 00:00 0 
7f8b60021000-7f8b64000000 ---p 00000000 00:00 0 
7f8b64000000-7f8b6402c000 rw-p 00000000 00:00 0 
7f8b6402c000-7f8b68000000 ---p 00000000 00:00 0 
7f8b68000000-7f8b68021000 rw-p 00000000 00:00 0 
7f8b68021000-7f8b6c000000 ---p 00000000 00:00 0 
7f8b6c06f000-7f8b6c080000 r-xp 00000000 fd:02 1842775                    /home/ike/soft/jdk1.8.0_101/jre/lib/amd64/libnio.so
7f8b6c080000-7f8b6c27f000 ---p 00011000 fd:02 1842775                    /home/ike/soft/jdk1.8.0_101/jre/lib/amd64/libnio.so
7f8b6c27f000-7f8b6c280000 rw-p 00010000 fd:02 1842775                    /home/ike/soft/jdk1.8.0_101/jre/lib/amd64/libnio.so
7f8b6c280000-7f8b70000000 rw-p 00000000 00:00 0 
7f8b70000000-7f8b70021000 rw-p 00000000 00:00 0 
7f8b70021000-7f8b74000000 ---p 00000000 00:00 0 
7f8b74002000-7f8b74098000 r--s 01102000 fd:02 1842825                    /home/ike/soft/jdk1.8.0_101/jre/lib/ext/jfxrt.jar
7f8b74098000-7f8b740ae000 r-xp 00000000 fd:02 1842752                    /home/ike/soft/jdk1.8.0_101/jre/lib/amd64/libnet.so
7f8b740ae000-7f8b742ae000 ---p 00016000 fd:02 1842752                    /home/ike/soft/jdk1.8.0_101/jre/lib/amd64/libnet.so
7f8b742ae000-7f8b742af000 rw-p 00016000 fd:02 1842752                    /home/ike/soft/jdk1.8.0_101/jre/lib/amd64/libnet.so
7f8b742af000-7f8b742b8000 r-xp 00000000 fd:02 1842786                    /home/ike/soft/jdk1.8.0_101/jre/lib/amd64/libmanagement.so
7f8b742b8000-7f8b744b7000 ---p 00009000 fd:02 1842786                    /home/ike/soft/jdk1.8.0_101/jre/lib/amd64/libmanagement.so
7f8b744b7000-7f8b744b8000 rw-p 00008000 fd:02 1842786                    /home/ike/soft/jdk1.8.0_101/jre/lib/amd64/libmanagement.so
7f8b744b8000-7f8b746b8000 rw-p 00000000 00:00 0 
7f8b746b8000-7f8b748b8000 rw-p 00000000 00:00 0 
7f8b748b8000-7f8b74ab8000 rw-p 00000000 00:00 0 
7f8b74ab8000-7f8b74cb8000 rw-p 00000000 00:00 0 
7f8b74cb8000-7f8b74eb8000 rw-p 00000000 00:00 0 
7f8b74f2c000-7f8b74f32000 r--s 0003f000 fd:02 1842827                    /home/ike/soft/jdk1.8.0_101/jre/lib/ext/sunjce_provider.jar
7f8b74f32000-7f8b74f33000 r--s 00009000 fd:02 1842826                    /home/ike/soft/jdk1.8.0_101/jre/lib/ext/sunec.jar
7f8b74f33000-7f8b74f37000 r--s 00097000 fd:02 1842696                    /home/ike/soft/jdk1.8.0_101/jre/lib/jsse.jar
7f8b74f37000-7f8b74f3c000 r--s 002f9000 fd:02 1842697                    /home/ike/soft/jdk1.8.0_101/jre/lib/charsets.jar
7f8b74f3c000-7f8b74f3f000 r--s 0001a000 fd:02 1843003                    /home/ike/soft/jdk1.8.0_101/jre/lib/jce.jar
7f8b74f3f000-7f8b7513f000 rw-p 00000000 00:00 0 
7f8b7513f000-7f8b7533f000 rw-p 00000000 00:00 0 
7f8b7533f000-7f8b7553f000 rw-p 00000000 00:00 0 
7f8b7553f000-7f8b75549000 r--s 00116000 fd:02 1842829                    /home/ike/soft/jdk1.8.0_101/jre/lib/ext/localedata.jar
7f8b75549000-7f8b75565000 r--s 00393000 fd:02 1842832                    /home/ike/soft/jdk1.8.0_101/jre/lib/ext/cldrdata.jar
7f8b75565000-7f8b75566000 ---p 00000000 00:00 0 
7f8b75566000-7f8b75666000 rw-p 00000000 00:00 0 
7f8b75666000-7f8b75669000 ---p 00000000 00:00 0 
7f8b75669000-7f8b75767000 rw-p 00000000 00:00 0 
7f8b75767000-7f8b7576a000 ---p 00000000 00:00 0 
7f8b7576a000-7f8b75868000 rw-p 00000000 00:00 0 
7f8b75868000-7f8b7586b000 ---p 00000000 00:00 0 
7f8b7586b000-7f8b75969000 rw-p 00000000 00:00 0 
7f8b75969000-7f8b7596c000 ---p 00000000 00:00 0 
7f8b7596c000-7f8b75a6a000 rw-p 00000000 00:00 0 
7f8b75a6a000-7f8b75a6c000 r--s 0000a000 fd:02 1967374                    /home/ike/soft/idea-IU-163.10154.41/plugins/Groovy/lib/agent/gragent.jar
7f8b75a6c000-7f8b75a6e000 r--s 00019000 fd:02 1967154                    /home/ike/soft/idea-IU-163.10154.41/lib/idea_rt.jar
7f8b75a6e000-7f8b75a87000 r--s 0012c000 fd:02 5375625                    /home/ike/.gradle/caches/modules-2/files-2.1/io.netty/netty/3.10.5.Final/9ca7d55d246092bddd29b867706e2f6c7db701a0/netty-3.10.5.Final.jar
7f8b75a87000-7f8b75a94000 r--s 000b9000 fd:02 5375621                    /home/ike/.gradle/caches/modules-2/files-2.1/org.apache.zookeeper/zookeeper/3.4.9/cbd9135689d6622a411e1e9b0ce880b502be5277/zookeeper-3.4.9.jar
7f8b75a94000-7f8b75a96000 r--s 0000c000 fd:02 3673183                    /home/ike/.m2/repository/org/ow2/asm/asm/5.0.4/asm-5.0.4.jar
7f8b75a96000-7f8b75a97000 r--s 00000000 fd:02 5375434                    /home/ike/.gradle/caches/modules-2/files-2.1/javax.inject/javax.inject/1/6975da39a7040257bd51d21a231b76c915872d38/javax.inject-1.jar
7f8b75a97000-7f8b75a98000 r--s 00001000 fd:02 5375432                    /home/ike/.gradle/caches/modules-2/files-2.1/javax.annotation/jsr250-api/1.0/5025422767732a1ab45d93abfea846513d742dcf/jsr250-api-1.0.jar
7f8b75a98000-7f8b75a99000 r--s 00001000 fd:02 5375430                    /home/ike/.gradle/caches/modules-2/files-2.1/org.jboss.spec.javax.interceptor/jboss-interceptors-api_1.1_spec/1.0.0.Beta1/8cb388fd3b4912373da7a18e199bb55aa52aa5c1/jboss-interceptors-api_1.1_spec-1.0.0.Beta1.jar
7f8b75a99000-7f8b75a9b000 r--s 00007000 fd:02 5375428                    /home/ike/.gradle/caches/modules-2/files-2.1/javax.el/el-api/2.2/42971279cc8ba864462580c7fc2199fd5715ee7f/el-api-2.2.jar
7f8b75a9b000-7f8b75a9d000 r--s 00005000 fd:02 2361155                    /home/ike/.m2/repository/stax/stax-api/1.0.1/stax-api-1.0.1.jar
7f8b75a9d000-7f8b75a9f000 r--s 00100000 fd:02 4457535                    /home/ike/.gradle/caches/modules-2/files-2.1/org.xerial.snappy/snappy-java/1.1.2.6/48d92871ca286a47f230feb375f0bbffa83b85f6/snappy-java-1.1.2.6.jar
7f8b75a9f000-7f8b75aa1000 r--s 00038000 fd:02 4457533                    /home/ike/.gradle/caches/modules-2/files-2.1/net.jpountz.lz4/lz4/1.3.0/c708bb2590c0652a642236ef45d9f99ff842a2ce/lz4-1.3.0.jar
7f8b75aa1000-7f8b75aa3000 r--s 0000b000 fd:02 3803685                    /home/ike/.m2/repository/org/objenesis/objenesis/2.2/objenesis-2.2.jar
7f8b75aa3000-7f8b75aa4000 r--s 00001000 fd:02 3803683                    /home/ike/.m2/repository/com/esotericsoftware/minlog/1.3.0/minlog-1.3.0.jar
7f8b75aa4000-7f8b75aa6000 r--s 00004000 fd:02 3547323                    /home/ike/.m2/repository/com/esotericsoftware/reflectasm/1.11.3/reflectasm-1.11.3.jar
7f8b75aa6000-7f8b75aaa000 r--s 0000e000 fd:02 5375426                    /home/ike/.gradle/caches/modules-2/files-2.1/javax.enterprise/cdi-api/1.1/78b1feee99b05a78575fb2fd79fb77be5e74420d/cdi-api-1.1.jar
7f8b75aaa000-7f8b75aad000 r--s 0002b000 fd:02 5375424                    /home/ike/.gradle/caches/modules-2/files-2.1/org.jboss/jandex/2.0.0.Final/3e899258936f94649c777193e1be846387ed54b3/jandex-2.0.0.Final.jar
7f8b75aad000-7f8b75ab2000 r--s 00068000 fd:02 2361099                    /home/ike/.m2/repository/antlr/antlr/2.7.7/antlr-2.7.7.jar
7f8b75ab2000-7f8b75af0000 r--s 0025d000 fd:02 2361153                    /home/ike/.m2/repository/org/apache/xmlbeans/xmlbeans/2.6.0/xmlbeans-2.6.0.jar
7f8b75af0000-7f8b75af2000 r--s 0000f000 fd:02 2361235                    /home/ike/.m2/repository/javax/activation/activation/1.1.1/activation-1.1.1.jar
7f8b75af2000-7f8b75afa000 r--s 00084000 fd:02 2361233                    /home/ike/.m2/repository/com/sun/mail/javax.mail/1.5.2/javax.mail-1.5.2.jar
7f8b75afa000-7f8b75b6d000 r--s 0065b000 fd:02 4457531                    /home/ike/.gradle/caches/modules-2/files-2.1/org.scala-lang/scala-library/2.10.6/421989aa8f95a05a4f894630aad96b8c7b828732/scala-library-2.10.6.jar
7f8b75b6d000-7f8b75b70000 r--s 00012000 fd:02 4457529                    /home/ike/.gradle/caches/modules-2/files-2.1/com.yammer.metrics/metrics-core/2.2.0/f82c035cfa786d3cbec362c38c22a5f5b1bc8724/metrics-core-2.2.0.jar
7f8b75b70000-7f8b75b73000 r--s 00011000 fd:02 4457527                    /home/ike/.gradle/caches/modules-2/files-2.1/net.sf.jopt-simple/jopt-simple/5.0.3/cdd846cfc4e0f7eefafc02c0f5dce32b9303aa2a/jopt-simple-5.0.3.jar
7f8b75b73000-7f8b75b85000 r--s 000d6000 fd:02 4457525                    /home/ike/.gradle/caches/modules-2/files-2.1/org.apache.kafka/kafka-clients/0.10.2.0/c20571ff756fcf8f4a7f76fc7b23707a4c14a67d/kafka-clients-0.10.2.0.jar
7f8b75b85000-7f8b75b87000 r--s 00014000 fd:02 2232683                    /home/ike/.m2/repository/jline/jline/0.9.94/jline-0.9.94.jar
7f8b75b87000-7f8b75b88000 r--s 00002000 fd:02 3935893                    /home/ike/.m2/repository/org/slf4j/slf4j-log4j12/1.6.1/slf4j-log4j12-1.6.1.jar
7f8b75b88000-7f8b75b90000 r--s 00048000 fd:02 3020256                    /home/ike/.m2/repository/com/esotericsoftware/kryo/4.0.0/kryo-4.0.0.jar
7f8b75b90000-7f8b75b91000 r--s 00003000 fd:02 2361109                    /home/ike/.m2/repository/org/apache/geronimo/specs/geronimo-jta_1.1_spec/1.1.1/geronimo-jta_1.1_spec-1.1.1.jar
7f8b75b91000-7f8b75b9b000 r--s 000ae000 fd:02 2890754                    /home/ike/.m2/repository/org/javassist/javassist/3.20.0-GA/javassist-3.20.0-GA.jar
7f8b75b9b000-7f8b75b9e000 r--s 00010000 fd:02 5375422                    /home/ike/.gradle/caches/modules-2/files-2.1/org.hibernate.common/hibernate-commons-annotations/5.0.1.Final/71e1cff3fcb20d3b3af4f3363c3ddb24d33c6879/hibernate-commons-annotations-5.0.1.Final.jar
7f8b75b9e000-7f8b75ba3000 r--s 00048000 fd:02 2361103                    /home/ike/.m2/repository/dom4j/dom4j/1.6.1/dom4j-1.6.1.jar
7f8b75ba3000-7f8b75c1b000 r--s 005a9000 fd:02 6293168                    /home/ike/.gradle/caches/modules-2/files-2.1/org.hibernate/hibernate-core/5.2.4.Final/52414fccd4429d8f723996e26c61330df094d06c/hibernate-core-5.2.4.Final.jar
7f8b75c1b000-7f8b75c1f000 r--s 0000c000 fd:02 2361123                    /home/ike/.m2/repository/javax/validation/validation-api/1.1.0.Final/validation-api-1.1.0.Final.jar
7f8b75c1f000-7f8b75c27000 r--s 00048000 fd:02 5769355                    /home/ike/.gradle/caches/modules-2/files-2.1/org.apache.httpcomponents/httpcore/4.4.6/e3fd8ced1f52c7574af952e2e6da0df8df08eb82/httpcore-4.4.6.jar
7f8b75c27000-7f8b75c2b000 r--s 00015000 fd:02 4198063                    /home/ike/.gradle/caches/modules-2/files-2.1/com.github.virtuald/curvesapi/1.04/3386abf821719bc89c7685f9eaafaf4a842f0199/curvesapi-1.04.jar
7f8b75c2b000-7f8b75ce5000 r--s 004e0000 fd:02 4330750                    /home/ike/.gradle/caches/modules-2/files-2.1/org.apache.poi/poi-ooxml-schemas/3.16/9828a49307fc6bebfd42185b677d88b6e4994c63/poi-ooxml-schemas-3.16.jar
7f8b75ce5000-7f8b75cf5000 r--s 000a8000 fd:02 6820877                    /home/ike/.gradle/caches/modules-2/files-2.1/org.apache.commons/commons-collections4/4.1/a4cf4688fe1c7e3a63aa636cc96d013af537768e/commons-collections4-4.1.jar
7f8b75cf5000-7f8b75cfc000 r--s 0003f000 fd:02 2361720                    /home/ike/.m2/repository/commons-codec/commons-codec/1.10/commons-codec-1.10.jar
7f8b75cfc000-7f8b75cfe000 r--s 0000b000 fd:02 2361231                    /home/ike/.m2/repository/org/apache/commons/commons-email/1.4/commons-email-1.4.jar
7f8b75cfe000-7f8b75d61000 r--s 004f1000 fd:02 4457523                    /home/ike/.gradle/caches/modules-2/files-2.1/org.apache.kafka/kafka_2.10/0.10.2.0/eca9a789b4df7441796636bfb7e0f9210cae8b1e/kafka_2.10-0.10.2.0.jar
7f8b75d61000-7f8b75d6a000 r--s 0006f000 fd:02 2362197                    /home/ike/.m2/repository/log4j/log4j/1.2.17/log4j-1.2.17.jar
7f8b75d6a000-7f8b75d82000 r--s 001bf000 fd:02 3803629                    /home/ike/.m2/repository/org/aspectj/aspectjweaver/1.8.10/aspectjweaver-1.8.10.jar
7f8b75d82000-7f8b75d8c000 r--s 00098000 fd:02 4066903                    /home/ike/.m2/repository/org/quartz-scheduler/quartz/2.2.3/quartz-2.2.3.jar
7f8b75d8c000-7f8b75d91000 r--s 00029000 fd:02 4196119                    /home/ike/.m2/repository/org/springframework/spring-context-support/4.3.5.RELEASE/spring-context-support-4.3.5.RELEASE.jar
7f8b75d91000-7f8b75d94000 r--s 0000c000 fd:02 4066890                    /home/ike/.m2/repository/org/mengyun/tcc-transaction-core/1.1.5/tcc-transaction-core-1.1.5.jar
7f8b75d94000-7f8b75da4000 r--s 000b2000 fd:02 2754605                    /home/ike/.m2/repository/org/jboss/netty/netty/3.2.5.Final/netty-3.2.5.Final.jar
7f8b75da4000-7f8b75da6000 r--s 0000e000 fd:02 2231993                    /home/ike/.m2/repository/commons-logging/commons-logging/1.2/commons-logging-1.2.jar
7f8b75da6000-7f8b75da9000 r--s 00019000 fd:02 5771001                    /home/ike/.gradle/caches/modules-2/files-2.1/org.apache.commons/commons-pool2/2.4.2/e5f4f28f19d57716fbc3989d7a357ebf1e454fea/commons-pool2-2.4.2.jar
7f8b75da9000-7f8b75e80000 r--s 007a9000 fd:02 5115189                    /home/ike/.gradle/caches/modules-2/files-2.1/net.sf.ehcache/ehcache/2.10.3/cf74f9a4a049f181833b147a1d9aa62159c9d01d/ehcache-2.10.3.jar
7f8b75e80000-7f8b75e82000 r--s 0000f000 fd:02 2361095                    /home/ike/.m2/repository/org/jboss/logging/jboss-logging/3.3.0.Final/jboss-logging-3.3.0.Final.jar
7f8b75e82000-7f8b75e84000 r--s 00003000 fd:02 6292679                    /home/ike/.gradle/caches/modules-2/files-2.1/org.slf4j/jcl-over-slf4j/1.7.22/86ceac14535af5a42c8fb0d06d79b925dd3cb263/jcl-over-slf4j-1.7.22.jar
7f8b75e84000-7f8b75e8c000 r--s 0003a000 fd:02 4196123                    /home/ike/.m2/repository/org/springframework/spring-tx/4.3.5.RELEASE/spring-tx-4.3.5.RELEASE.jar
7f8b75e8c000-7f8b75e90000 r--s 00019000 fd:02 5375410                    /home/ike/.gradle/caches/modules-2/files-2.1/org.aspectj/aspectjrt/1.8.9/87372d9e2323313bec24b09a325bfea8ae0eb867/aspectjrt-1.8.9.jar
7f8b75e90000-7f8b75e9a000 r--s 00068000 fd:02 5375408                    /home/ike/.gradle/caches/modules-2/files-2.1/org.springframework/spring-orm/4.2.8.RELEASE/43b557f5025782616f791dbd720b4a606eeca1bf/spring-orm-4.2.8.RELEASE.jar
7f8b75e9a000-7f8b75e9f000 r--s 0003c000 fd:02 6948946                    /home/ike/.gradle/caches/modules-2/files-2.1/org.springframework/spring-expression/4.3.7.RELEASE/5257b6486e43d8c05674323fea5b415d4da72f38/spring-expression-4.3.7.RELEASE.jar
7f8b75e9f000-7f8b75eb6000 r--s 000fb000 fd:02 6948934                    /home/ike/.gradle/caches/modules-2/files-2.1/org.springframework/spring-core/4.3.7.RELEASE/54fa2db94cc7222edc90ec71354e47cd1dc07f7b/spring-core-4.3.7.RELEASE.jar
7f8b75eb6000-7f8b75ec4000 r--s 000ad000 fd:02 6948940                    /home/ike/.gradle/caches/modules-2/files-2.1/org.springframework/spring-beans/4.3.7.RELEASE/2de9f59f3202965438f3a02057d6ad8274636044/spring-beans-4.3.7.RELEASE.jar
7f8b75ec4000-7f8b75ecd000 r--s 00054000 fd:02 6948944                    /home/ike/.gradle/caches/modules-2/files-2.1/org.springframework/spring-aop/4.3.7.RELEASE/3f243d685e4a8a78a0c291445c6d85560ec4d339/spring-aop-4.3.7.RELEASE.jar
7f8b75ecd000-7f8b75ece000 r--s 00001000 fd:02 3547313                    /home/ike/.m2/repository/org/mengyun/tcc-transaction-api/1.1.5/tcc-transaction-api-1.1.5.jar
7f8b75ece000-7f8b75ee0000 r--s 000a7000 fd:02 5768221                    /home/ike/.gradle/caches/modules-2/files-2.1/org.hibernate/hibernate-validator/5.4.0.Final/2076cbd5719e4182a75ab32e7186deb0ca5ac376/hibernate-validator-5.4.0.Final.jar
7f8b75ee0000-7f8b75eed000 r--s 000aa000 fd:02 5769353                    /home/ike/.gradle/caches/modules-2/files-2.1/org.apache.httpcomponents/httpclient/4.5.3/d1577ae15f01ef5438c5afc62162457c00a34713/httpclient-4.5.3.jar
7f8b75eed000-7f8b75f00000 r--s 0014c000 fd:02 4198061                    /home/ike/.gradle/caches/modules-2/files-2.1/org.apache.poi/poi-ooxml/3.16/76e20fe22404cc4da55ddfdaaaadee32bbfa3bdd/poi-ooxml-3.16.jar
7f8b75f00000-7f8b75f2c000 r--s 00263000 fd:02 4330748                    /home/ike/.gradle/caches/modules-2/files-2.1/org.apache.poi/poi/3.16/ad21c123ee5d6b5b2a8f0d4ed23b3ffe6759a889/poi-3.16.jar
7f8b75f2c000-7f8b75f4a000 r--s 00143000 fd:02 4718692                    /home/ike/.m2/repository/com/alibaba/dubbo/2.5.4-SNAPSHOT/dubbo-2.5.4-SNAPSHOT.jar
7f8b75f4a000-7f8b75f56000 r--s 0007c000 fd:02 4196358                    /home/ike/.gradle/caches/modules-2/files-2.1/redis.clients/jedis/2.9.0/292bc9cc26553acd3cccc26f2f95620bf88a04c2/jedis-2.9.0.jar
7f8b75f56000-7f8b75f85000 r--s 00239000 fd:02 7868348                    /home/ike/.gradle/caches/modules-2/files-2.1/com.google.guava/guava/21.0/3a3d111be1be1b745edfa7d91678a12d7ed38709/guava-21.0.jar
7f8b75f85000-7f8b75f88000 ---p 00000000 00:00 0 
7f8b75f88000-7f8b76086000 rw-p 00000000 00:00 0 
7f8b76086000-7f8b76089000 ---p 00000000 00:00 0 
7f8b76089000-7f8b76187000 rw-p 00000000 00:00 0 
7f8b76187000-7f8b7618a000 ---p 00000000 00:00 0 
7f8b7618a000-7f8b76288000 rw-p 00000000 00:00 0 
7f8b76288000-7f8b7628c000 r-xp 00000000 fd:02 1842791                    /home/ike/soft/jdk1.8.0_101/jre/lib/amd64/libdt_socket.so
7f8b7628c000-7f8b7648b000 ---p 00004000 fd:02 1842791                    /home/ike/soft/jdk1.8.0_101/jre/lib/amd64/libdt_socket.so
7f8b7648b000-7f8b7648c000 rw-p 00003000 fd:02 1842791                    /home/ike/soft/jdk1.8.0_101/jre/lib/amd64/libdt_socket.so
7f8b7648c000-7f8b7648f000 ---p 00000000 00:00 0 
7f8b7648f000-7f8b7658d000 rw-p 00000000 00:00 0 
7f8b7658d000-7f8b76590000 ---p 00000000 00:00 0 
7f8b76590000-7f8b7668e000 rw-p 00000000 00:00 0 
7f8b7668e000-7f8b77a0e000 rwxp 00000000 00:00 0 
7f8b77a0e000-7f8b8568e000 ---p 00000000 00:00 0 
7f8b8568e000-7f8b8c000000 r--p 00000000 fd:00 666413                     /usr/lib/locale/locale-archive
7f8b8c000000-7f8b8e12b000 rw-p 00000000 00:00 0 
7f8b8e12b000-7f8b90000000 ---p 00000000 00:00 0 
7f8b90000000-7f8b90001000 r--s 00000000 fd:02 6293166                    /home/ike/.gradle/caches/modules-2/files-2.1/org.hibernate/hibernate-entitymanager/5.2.4.Final/b5f9506bbff26ce5c75f16e568fa43d148d0f1d1/hibernate-entitymanager-5.2.4.Final.jar
7f8b90001000-7f8b90004000 r--s 00015000 fd:02 2361165                    /home/ike/.m2/repository/javax/servlet/javax.servlet-api/3.1.0/javax.servlet-api-3.1.0.jar
7f8b90004000-7f8b90007000 r--s 00010000 fd:02 5375623                    /home/ike/.gradle/caches/modules-2/files-2.1/com.101tec/zkclient/0.10/c54d4b5a5e89af75a80b6d5857400165ce5188d0/zkclient-0.10.jar
7f8b90007000-7f8b90008000 r--s 00002000 fd:02 4196775                    /home/ike/.m2/repository/org/mengyun/tcc-transaction-spring/1.1.5/tcc-transaction-spring-1.1.5.jar
7f8b90008000-7f8b9000a000 r--s 0000e000 fd:02 6292671                    /home/ike/.gradle/caches/modules-2/files-2.1/com.fasterxml/classmate/1.3.3/864c8e370a691e343210cc7c532fc198cee460d8/classmate-1.3.3.jar
7f8b9000a000-7f8b9000f000 r--s 00061000 fd:02 6161553                    /home/ike/.gradle/caches/modules-2/files-2.1/com.alibaba/fastjson/1.2.23/be2508e9bac203c38f3f52fc8d33332c4e7ee6c5/fastjson-1.2.23.jar
7f8b9000f000-7f8b90012000 r--s 0001a000 fd:02 5903666                    /home/ike/.gradle/caches/modules-2/files-2.1/org.glassfish.web/javax.el/2.2.6/232abfe1f919127e9cfcd6e4e2c6324bb394535/javax.el-2.2.6.jar
7f8b90012000-7f8b90014000 r--s 00010000 fd:02 5903662                    /home/ike/.gradle/caches/modules-2/files-2.1/javax.el/javax.el-api/3.0.1-b04/8c0c970b8deae5054ff0bf4b17979c8181a506d3/javax.el-api-3.0.1-b04.jar
7f8b90014000-7f8b90017000 r--s 00020000 fd:02 5115187                    /home/ike/.gradle/caches/modules-2/files-2.1/org.hibernate/hibernate-ehcache/5.2.4.Final/f70147c655b970ca70e3913f91880da6d264fe68/hibernate-ehcache-5.2.4.Final.jar
7f8b90017000-7f8b90028000 r--s 0009a000 fd:02 6948930                    /home/ike/.gradle/caches/modules-2/files-2.1/org.springframework.data/spring-data-commons/1.12.8.RELEASE/827a994d703ad9916b694d17401d8bf78bd773f9/spring-data-commons-1.12.8.RELEASE.jar
7f8b90028000-7f8b90032000 r--s 0005f000 fd:02 4196125                    /home/ike/.m2/repository/org/springframework/spring-jdbc/4.3.5.RELEASE/spring-jdbc-4.3.5.RELEASE.jar
7f8b90032000-7f8b90039000 r--s 0003e000 fd:02 5113951                    /home/ike/.gradle/caches/modules-2/files-2.1/org.springframework.data/spring-data-jpa/1.10.3.RELEASE/fc31fbdb8ff777d29077ac53a616f11c2c0df59/spring-data-jpa-1.10.3.RELEASE.jar
7f8b90039000-7f8b90053000 r--s 000fd000 fd:02 6948936                    /home/ike/.gradle/caches/modules-2/files-2.1/org.springframework/spring-context/4.3.7.RELEASE/34b66b0b7910122ef95ba4fff6da9238ef80a5de/spring-context-4.3.7.RELEASE.jar
7f8b90053000-7f8b9006a000 r--s 001b7000 fd:02 6293164                    /home/ike/.gradle/caches/modules-2/files-2.1/mysql/mysql-connector-java/6.0.5/9d8df5a1f3273110f2a9ad304961bdd03d696d86/mysql-connector-java-6.0.5.jar
7f8b9006a000-7f8b9006e000 r--s 0002f000 fd:02 4850916                    /home/ike/.gradle/caches/modules-2/files-2.1/commons-io/commons-io/2.5/2852e6e05fbb95076fc091f6d1780f1f8fe35e0f/commons-io-2.5.jar
7f8b9006e000-7f8b90070000 r--s 00009000 fd:02 6948942                    /home/ike/.gradle/caches/modules-2/files-2.1/org.slf4j/slf4j-api/1.7.24/3f6b4bd4f8dbe8d4bea06d107a3826469b85c3e9/slf4j-api-1.7.24.jar
7f8b90070000-7f8b90092000 r--s 001e6000 fd:02 5375396                    /home/ike/.gradle/caches/modules-2/files-2.1/com.alibaba/druid/1.0.26/f4bc6159b34e4cda5abd6480203492b470aa1a36/druid-1.0.26.jar
7f8b90092000-7f8b9009a000 r--s 0006e000 fd:02 6161536                    /home/ike/.gradle/caches/modules-2/files-2.1/org.apache.commons/commons-lang3/3.5/6c6c702c89bfff3cd9e80b04d668c5e190d588c6/commons-lang3-3.5.jar
7f8b9009a000-7f8b9009f000 r--s 00017000 fd:02 2361107                    /home/ike/.m2/repository/org/hibernate/javax/persistence/hibernate-jpa-2.1-api/1.0.0.Final/hibernate-jpa-2.1-api-1.0.0.Final.jar
7f8b9009f000-7f8b900b2000 r--s 00345000 fd:02 1842973                    /home/ike/soft/jdk1.8.0_101/jre/lib/resources.jar
7f8b900b2000-7f8b900c5000 r--s 000d6000 fd:02 1842972                    /home/ike/soft/jdk1.8.0_101/jre/lib/plugin.jar
7f8b900c5000-7f8b900e0000 r--s 00208000 fd:02 1842857                    /home/ike/soft/jdk1.8.0_101/jre/lib/deploy.jar
7f8b900e0000-7f8b900e3000 ---p 00000000 00:00 0 
7f8b900e3000-7f8b901e1000 rw-p 00000000 00:00 0 
7f8b901e1000-7f8b901e2000 ---p 00000000 00:00 0 
7f8b901e2000-7f8b911f1000 rw-p 00000000 00:00 0 
7f8b911f1000-7f8b913ca000 r--s 03d29000 fd:02 1842744                    /home/ike/soft/jdk1.8.0_101/jre/lib/rt.jar
7f8b913ca000-7f8b92018000 rw-p 00000000 00:00 0 
7f8b92018000-7f8b92019000 ---p 00000000 00:00 0 
7f8b92019000-7f8b92119000 rw-p 00000000 00:00 0 
7f8b92119000-7f8b9211a000 ---p 00000000 00:00 0 
7f8b9211a000-7f8b9221a000 rw-p 00000000 00:00 0 
7f8b9221a000-7f8b9221b000 ---p 00000000 00:00 0 
7f8b9221b000-7f8b9231b000 rw-p 00000000 00:00 0 
7f8b9231b000-7f8b9231c000 ---p 00000000 00:00 0 
7f8b9231c000-7f8b92441000 rw-p 00000000 00:00 0 
7f8b92441000-7f8b926ac000 ---p 00000000 00:00 0 
7f8b926ac000-7f8b926d1000 rw-p 00000000 00:00 0 
7f8b926d1000-7f8b9293c000 ---p 00000000 00:00 0 
7f8b9293c000-7f8b92a4a000 rw-p 00000000 00:00 0 
7f8b92a4a000-7f8b92a84000 ---p 00000000 00:00 0 
7f8b92a84000-7f8b92ad3000 rw-p 00000000 00:00 0 
7f8b92ad3000-7f8b92e45000 ---p 00000000 00:00 0 
7f8b92e45000-7f8b92e5f000 r-xp 00000000 fd:02 1842773                    /home/ike/soft/jdk1.8.0_101/jre/lib/amd64/libzip.so
7f8b92e5f000-7f8b9305f000 ---p 0001a000 fd:02 1842773                    /home/ike/soft/jdk1.8.0_101/jre/lib/amd64/libzip.so
7f8b9305f000-7f8b93060000 rw-p 0001a000 fd:02 1842773                    /home/ike/soft/jdk1.8.0_101/jre/lib/amd64/libzip.so
7f8b93060000-7f8b9306b000 r-xp 00000000 fd:00 663666                     /usr/lib64/libnss_files-2.23.so
7f8b9306b000-7f8b9326a000 ---p 0000b000 fd:00 663666                     /usr/lib64/libnss_files-2.23.so
7f8b9326a000-7f8b9326b000 r--p 0000a000 fd:00 663666                     /usr/lib64/libnss_files-2.23.so
7f8b9326b000-7f8b9326c000 rw-p 0000b000 fd:00 663666                     /usr/lib64/libnss_files-2.23.so
7f8b9326c000-7f8b93272000 rw-p 00000000 00:00 0 
7f8b93272000-7f8b9327c000 r-xp 00000000 fd:02 1842810                    /home/ike/soft/jdk1.8.0_101/jre/lib/amd64/libinstrument.so
7f8b9327c000-7f8b9347b000 ---p 0000a000 fd:02 1842810                    /home/ike/soft/jdk1.8.0_101/jre/lib/amd64/libinstrument.so
7f8b9347b000-7f8b9347c000 rw-p 00009000 fd:02 1842810                    /home/ike/soft/jdk1.8.0_101/jre/lib/amd64/libinstrument.so
7f8b9347c000-7f8b9347e000 r-xp 00000000 fd:02 1842781                    /home/ike/soft/jdk1.8.0_101/jre/lib/amd64/libnpt.so
7f8b9347e000-7f8b9367e000 ---p 00002000 fd:02 1842781                    /home/ike/soft/jdk1.8.0_101/jre/lib/amd64/libnpt.so
7f8b9367e000-7f8b9367f000 rw-p 00002000 fd:02 1842781                    /home/ike/soft/jdk1.8.0_101/jre/lib/amd64/libnpt.so
7f8b9367f000-7f8b936b8000 r-xp 00000000 fd:02 1842749                    /home/ike/soft/jdk1.8.0_101/jre/lib/amd64/libjdwp.so
7f8b936b8000-7f8b938b7000 ---p 00039000 fd:02 1842749                    /home/ike/soft/jdk1.8.0_101/jre/lib/amd64/libjdwp.so
7f8b938b7000-7f8b938b9000 rw-p 00038000 fd:02 1842749                    /home/ike/soft/jdk1.8.0_101/jre/lib/amd64/libjdwp.so
7f8b938b9000-7f8b938e3000 r-xp 00000000 fd:02 1842799                    /home/ike/soft/jdk1.8.0_101/jre/lib/amd64/libjava.so
7f8b938e3000-7f8b93ae3000 ---p 0002a000 fd:02 1842799                    /home/ike/soft/jdk1.8.0_101/jre/lib/amd64/libjava.so
7f8b93ae3000-7f8b93ae5000 rw-p 0002a000 fd:02 1842799                    /home/ike/soft/jdk1.8.0_101/jre/lib/amd64/libjava.so
7f8b93ae5000-7f8b93af2000 r-xp 00000000 fd:02 1842753                    /home/ike/soft/jdk1.8.0_101/jre/lib/amd64/libverify.so
7f8b93af2000-7f8b93cf2000 ---p 0000d000 fd:02 1842753                    /home/ike/soft/jdk1.8.0_101/jre/lib/amd64/libverify.so
7f8b93cf2000-7f8b93cf4000 rw-p 0000d000 fd:02 1842753                    /home/ike/soft/jdk1.8.0_101/jre/lib/amd64/libverify.so
7f8b93cf4000-7f8b93cfb000 r-xp 00000000 fd:00 663774                     /usr/lib64/librt-2.23.so
7f8b93cfb000-7f8b93efa000 ---p 00007000 fd:00 663774                     /usr/lib64/librt-2.23.so
7f8b93efa000-7f8b93efb000 r--p 00006000 fd:00 663774                     /usr/lib64/librt-2.23.so
7f8b93efb000-7f8b93efc000 rw-p 00007000 fd:00 663774                     /usr/lib64/librt-2.23.so
7f8b93efc000-7f8b94004000 r-xp 00000000 fd:00 663268                     /usr/lib64/libm-2.23.so
7f8b94004000-7f8b94203000 ---p 00108000 fd:00 663268                     /usr/lib64/libm-2.23.so
7f8b94203000-7f8b94204000 r--p 00107000 fd:00 663268                     /usr/lib64/libm-2.23.so
7f8b94204000-7f8b94205000 rw-p 00108000 fd:00 663268                     /usr/lib64/libm-2.23.so
7f8b94205000-7f8b94ed0000 r-xp 00000000 fd:02 1842803                    /home/ike/soft/jdk1.8.0_101/jre/lib/amd64/server/libjvm.so
7f8b94ed0000-7f8b950cf000 ---p 00ccb000 fd:02 1842803                    /home/ike/soft/jdk1.8.0_101/jre/lib/amd64/server/libjvm.so
7f8b950cf000-7f8b951a8000 rw-p 00cca000 fd:02 1842803                    /home/ike/soft/jdk1.8.0_101/jre/lib/amd64/server/libjvm.so
7f8b951a8000-7f8b951f3000 rw-p 00000000 00:00 0 
7f8b951f3000-7f8b953ac000 r-xp 00000000 fd:00 663117                     /usr/lib64/libc-2.23.so
7f8b953ac000-7f8b955ab000 ---p 001b9000 fd:00 663117                     /usr/lib64/libc-2.23.so
7f8b955ab000-7f8b955af000 r--p 001b8000 fd:00 663117                     /usr/lib64/libc-2.23.so
7f8b955af000-7f8b955b1000 rw-p 001bc000 fd:00 663117                     /usr/lib64/libc-2.23.so
7f8b955b1000-7f8b955b5000 rw-p 00000000 00:00 0 
7f8b955b5000-7f8b955b8000 r-xp 00000000 fd:00 663244                     /usr/lib64/libdl-2.23.so
7f8b955b8000-7f8b957b7000 ---p 00003000 fd:00 663244                     /usr/lib64/libdl-2.23.so
7f8b957b7000-7f8b957b8000 r--p 00002000 fd:00 663244                     /usr/lib64/libdl-2.23.so
7f8b957b8000-7f8b957b9000 rw-p 00003000 fd:00 663244                     /usr/lib64/libdl-2.23.so
7f8b957b9000-7f8b957ce000 r-xp 00000000 fd:02 1841887                    /home/ike/soft/jdk1.8.0_101/lib/amd64/jli/libjli.so
7f8b957ce000-7f8b959ce000 ---p 00015000 fd:02 1841887                    /home/ike/soft/jdk1.8.0_101/lib/amd64/jli/libjli.so
7f8b959ce000-7f8b959cf000 rw-p 00015000 fd:02 1841887                    /home/ike/soft/jdk1.8.0_101/lib/amd64/jli/libjli.so
7f8b959cf000-7f8b959e6000 r-xp 00000000 fd:00 663674                     /usr/lib64/libpthread-2.23.so
7f8b959e6000-7f8b95be5000 ---p 00017000 fd:00 663674                     /usr/lib64/libpthread-2.23.so
7f8b95be5000-7f8b95be6000 r--p 00016000 fd:00 663674                     /usr/lib64/libpthread-2.23.so
7f8b95be6000-7f8b95be7000 rw-p 00017000 fd:00 663674                     /usr/lib64/libpthread-2.23.so
7f8b95be7000-7f8b95beb000 rw-p 00000000 00:00 0 
7f8b95beb000-7f8b95c0f000 r-xp 00000000 fd:00 666350                     /usr/lib64/ld-2.23.so
7f8b95c0f000-7f8b95c13000 r--s 00097000 fd:02 1842696                    /home/ike/soft/jdk1.8.0_101/jre/lib/jsse.jar
7f8b95c13000-7f8b95c15000 r--s 00007000 fd:02 1842814                    /home/ike/soft/jdk1.8.0_101/jre/lib/jfxswt.jar
7f8b95c15000-7f8b95c1f000 r--s 0006c000 fd:02 1842856                    /home/ike/soft/jdk1.8.0_101/jre/lib/javaws.jar
7f8b95c1f000-7f8b95cf0000 rw-p 00000000 00:00 0 
7f8b95cf0000-7f8b95cf3000 ---p 00000000 00:00 0 
7f8b95cf3000-7f8b95df5000 rw-p 00000000 00:00 0 
7f8b95df5000-7f8b95df6000 r--s 00000000 fd:02 1842820                    /home/ike/soft/jdk1.8.0_101/jre/lib/management-agent.jar
7f8b95df6000-7f8b95dfb000 r--s 00084000 fd:02 1842848                    /home/ike/soft/jdk1.8.0_101/jre/lib/jfr.jar
7f8b95dfb000-7f8b95dfe000 r--s 0001a000 fd:02 1843003                    /home/ike/soft/jdk1.8.0_101/jre/lib/jce.jar
7f8b95dfe000-7f8b95e03000 r--s 002f9000 fd:02 1842697                    /home/ike/soft/jdk1.8.0_101/jre/lib/charsets.jar
7f8b95e03000-7f8b95e0b000 rw-s 00000000 00:27 12170699                   /tmp/hsperfdata_ike/13218
7f8b95e0b000-7f8b95e0c000 rw-p 00000000 00:00 0 
7f8b95e0c000-7f8b95e0d000 ---p 00000000 00:00 0 
7f8b95e0d000-7f8b95e0e000 rw-p 00000000 00:00 0 
7f8b95e0e000-7f8b95e0f000 r--p 00023000 fd:00 666350                     /usr/lib64/ld-2.23.so
7f8b95e0f000-7f8b95e10000 rw-p 00024000 fd:00 666350                     /usr/lib64/ld-2.23.so
7f8b95e10000-7f8b95e11000 rw-p 00000000 00:00 0 
7ffe0afe4000-7ffe0b008000 rw-p 00000000 00:00 0                          [stack]
7ffe0b052000-7ffe0b055000 r--p 00000000 00:00 0                          [vvar]
7ffe0b055000-7ffe0b057000 r-xp 00000000 00:00 0                          [vdso]
ffffffffff600000-ffffffffff601000 r-xp 00000000 00:00 0                  [vsyscall]

VM Arguments:
jvm_args: -agentlib:jdwp=transport=dt_socket,address=127.0.0.1:45981,suspend=y,server=n -javaagent:/home/ike/soft/idea-IU-163.10154.41/plugins/Groovy/lib/agent/gragent.jar -Dfile.encoding=UTF-8 
java_command: com.bjike.goddess.market.Application
java_class_path (initial): /home/ike/soft/jdk1.8.0_101/jre/lib/charsets.jar:/home/ike/soft/jdk1.8.0_101/jre/lib/deploy.jar:/home/ike/soft/jdk1.8.0_101/jre/lib/ext/cldrdata.jar:/home/ike/soft/jdk1.8.0_101/jre/lib/ext/dnsns.jar:/home/ike/soft/jdk1.8.0_101/jre/lib/ext/jaccess.jar:/home/ike/soft/jdk1.8.0_101/jre/lib/ext/jfxrt.jar:/home/ike/soft/jdk1.8.0_101/jre/lib/ext/localedata.jar:/home/ike/soft/jdk1.8.0_101/jre/lib/ext/nashorn.jar:/home/ike/soft/jdk1.8.0_101/jre/lib/ext/sunec.jar:/home/ike/soft/jdk1.8.0_101/jre/lib/ext/sunjce_provider.jar:/home/ike/soft/jdk1.8.0_101/jre/lib/ext/sunpkcs11.jar:/home/ike/soft/jdk1.8.0_101/jre/lib/ext/zipfs.jar:/home/ike/soft/jdk1.8.0_101/jre/lib/javaws.jar:/home/ike/soft/jdk1.8.0_101/jre/lib/jce.jar:/home/ike/soft/jdk1.8.0_101/jre/lib/jfr.jar:/home/ike/soft/jdk1.8.0_101/jre/lib/jfxswt.jar:/home/ike/soft/jdk1.8.0_101/jre/lib/jsse.jar:/home/ike/soft/jdk1.8.0_101/jre/lib/management-agent.jar:/home/ike/soft/jdk1.8.0_101/jre/lib/plugin.jar:/home/ike/soft/jdk1.8.0_101/jre/lib/resources.jar:/home/ike/soft/jdk1.8.0_101/jre/lib/rt.jar:/home/ike/github/goddess-java/modules/market/market-provider/build/classes/main:/home/ike/github/goddess-java/modules/market/market-provider/build/resources/main:/home/ike/github/goddess-java/common/common-jpa/build/classes/main:/home/ike/github/goddess-java/common/common-provider/build/classes/main:/home/ike/github/goddess-java/common/common-provider/build/resources/main:/home/ike/github/goddess-java/modules/market/market-api/build/classes/main:/home/ike/github/goddess-java/common/common-utils/build/classes/main:/home/ike/github/goddess-java/modules/customer/customer-api/build/classes/main:/home/ike/github/goddess-java/modules/assemble/assemble-api/build/classes/main:/home/ike/github/goddess-java/modules/competitormanage/competitormanage-api/build/classes/main:/home/ike/github/goddess-java/common/common-api/build/classes/main:/home/ike/.m2/repository/org/hibernate/javax/persistence/hibernate-jpa-2.1-api/1.0.0.F
Launcher Type: SUN_STANDARD

Environment Variables:
JAVA_HOME=/home/ike/soft/jdk1.8.0_101
PATH=/home/ike/soft:/home/ike/soft/gradle-3.2.1/bin:/home/ike/soft/apache-maven-3.3.9/bin:/home/ike/soft/jdk1.8.0_101/bin:/usr/lib64/qt-3.3/bin:/usr/local/bin:/usr/local/sbin:/usr/bin:/usr/sbin:/home/ike/bin
USERNAME=ike
LD_LIBRARY_PATH=/home/ike/soft/idea-IU-163.10154.41/bin:
SHELL=/bin/zsh
DISPLAY=:0

Signal Handlers:
SIGSEGV: [libjvm.so+0xac4790], sa_mask[0]=11111111011111111101111111111110, sa_flags=SA_RESTART|SA_SIGINFO
SIGBUS: [libjvm.so+0xac4790], sa_mask[0]=11111111011111111101111111111110, sa_flags=SA_RESTART|SA_SIGINFO
SIGFPE: [libjvm.so+0x91f140], sa_mask[0]=11111111011111111101111111111110, sa_flags=SA_RESTART|SA_SIGINFO
SIGPIPE: [libjvm.so+0x91f140], sa_mask[0]=11111111011111111101111111111110, sa_flags=SA_RESTART|SA_SIGINFO
SIGXFSZ: [libjvm.so+0x91f140], sa_mask[0]=11111111011111111101111111111110, sa_flags=SA_RESTART|SA_SIGINFO
SIGILL: [libjvm.so+0x91f140], sa_mask[0]=11111111011111111101111111111110, sa_flags=SA_RESTART|SA_SIGINFO
SIGUSR1: SIG_DFL, sa_mask[0]=00000000000000000000000000000000, sa_flags=none
SIGUSR2: [libjvm.so+0x920770], sa_mask[0]=00100000000000000000000000000000, sa_flags=SA_RESTART|SA_SIGINFO
SIGHUP: [libjvm.so+0x921b70], sa_mask[0]=11111111011111111101111111111110, sa_flags=SA_RESTART|SA_SIGINFO
SIGINT: [libjvm.so+0x921b70], sa_mask[0]=11111111011111111101111111111110, sa_flags=SA_RESTART|SA_SIGINFO
SIGTERM: [libjvm.so+0x921b70], sa_mask[0]=11111111011111111101111111111110, sa_flags=SA_RESTART|SA_SIGINFO
SIGQUIT: [libjvm.so+0x921b70], sa_mask[0]=11111111011111111101111111111110, sa_flags=SA_RESTART|SA_SIGINFO


---------------  S Y S T E M  ---------------

OS:Fedora release 24 (Twenty Four)

uname:Linux 4.5.5-300.fc24.x86_64 #1 SMP Thu May 19 13:05:32 UTC 2016 x86_64
libc:glibc 2.23 NPTL 2.23 
rlimit: STACK 8192k, CORE infinity, NPROC 30911, NOFILE 4096, AS infinity
load average:4.79 1.77 1.12

/proc/meminfo:
MemTotal:        8053808 kB
MemFree:          104200 kB
MemAvailable:       8876 kB
Buffers:             340 kB
Cached:           231304 kB
SwapCached:         5592 kB
Active:          6281448 kB
Inactive:        1299600 kB
Active(anon):    6274304 kB
Inactive(anon):  1289424 kB
Active(file):       7144 kB
Inactive(file):    10176 kB
Unevictable:          88 kB
Mlocked:              88 kB
SwapTotal:       8126460 kB
SwapFree:             12 kB
Dirty:                 8 kB
Writeback:            44 kB
AnonPages:       7346860 kB
Mapped:            60716 kB
Shmem:            213076 kB
Slab:             145328 kB
SReclaimable:      64800 kB
SUnreclaim:        80528 kB
KernelStack:       42080 kB
PageTables:        95416 kB
NFS_Unstable:          0 kB
Bounce:                0 kB
WritebackTmp:          0 kB
CommitLimit:    12153364 kB
Committed_AS:   23796352 kB
VmallocTotal:   34359738367 kB
VmallocUsed:           0 kB
VmallocChunk:          0 kB
HardwareCorrupted:     0 kB
AnonHugePages:         0 kB
CmaTotal:              0 kB
CmaFree:               0 kB
HugePages_Total:       0
HugePages_Free:        0
HugePages_Rsvd:        0
HugePages_Surp:        0
Hugepagesize:       2048 kB
DirectMap4k:      343204 kB
DirectMap2M:     7923712 kB
DirectMap1G:           0 kB


CPU:total 4 (4 cores per cpu, 1 threads per core) family 6 model 94 stepping 3, cmov, cx8, fxsr, mmx, sse, sse2, sse3, ssse3, sse4.1, sse4.2, popcnt, avx, avx2, aes, clmul, erms, rtm, 3dnowpref, lzcnt, tsc, tscinvbit, bmi1, bmi2, adx

/proc/cpuinfo:
processor	: 0
vendor_id	: GenuineIntel
cpu family	: 6
model		: 94
model name	: Intel(R) Core(TM) i5-6500 CPU @ 3.20GHz
stepping	: 3
microcode	: 0x84
cpu MHz		: 3300.000
cache size	: 6144 KB
physical id	: 0
siblings	: 4
core id		: 0
cpu cores	: 4
apicid		: 0
initial apicid	: 0
fpu		: yes
fpu_exception	: yes
cpuid level	: 22
wp		: yes
flags		: fpu vme de pse tsc msr pae mce cx8 apic sep mtrr pge mca cmov pat pse36 clflush dts acpi mmx fxsr sse sse2 ss ht tm pbe syscall nx pdpe1gb rdtscp lm constant_tsc arch_perfmon pebs bts rep_good nopl xtopology nonstop_tsc aperfmperf eagerfpu pni pclmulqdq dtes64 monitor ds_cpl vmx smx est tm2 ssse3 sdbg fma cx16 xtpr pdcm pcid sse4_1 sse4_2 x2apic movbe popcnt tsc_deadline_timer aes xsave avx f16c rdrand lahf_lm abm 3dnowprefetch intel_pt tpr_shadow vnmi flexpriority ept vpid fsgsbase tsc_adjust bmi1 hle avx2 smep bmi2 erms invpcid rtm mpx rdseed adx smap clflushopt xsaveopt xsavec xgetbv1 dtherm ida arat pln pts hwp hwp_notify hwp_act_window hwp_epp
bugs		:
bogomips	: 6383.92
clflush size	: 64
cache_alignment	: 64
address sizes	: 39 bits physical, 48 bits virtual
power management:

processor	: 1
vendor_id	: GenuineIntel
cpu family	: 6
model		: 94
model name	: Intel(R) Core(TM) i5-6500 CPU @ 3.20GHz
stepping	: 3
microcode	: 0x84
cpu MHz		: 3300.000
cache size	: 6144 KB
physical id	: 0
siblings	: 4
core id		: 1
cpu cores	: 4
apicid		: 2
initial apicid	: 2
fpu		: yes
fpu_exception	: yes
cpuid level	: 22
wp		: yes
flags		: fpu vme de pse tsc msr pae mce cx8 apic sep mtrr pge mca cmov pat pse36 clflush dts acpi mmx fxsr sse sse2 ss ht tm pbe syscall nx pdpe1gb rdtscp lm constant_tsc arch_perfmon pebs bts rep_good nopl xtopology nonstop_tsc aperfmperf eagerfpu pni pclmulqdq dtes64 monitor ds_cpl vmx smx est tm2 ssse3 sdbg fma cx16 xtpr pdcm pcid sse4_1 sse4_2 x2apic movbe popcnt tsc_deadline_timer aes xsave avx f16c rdrand lahf_lm abm 3dnowprefetch intel_pt tpr_shadow vnmi flexpriority ept vpid fsgsbase tsc_adjust bmi1 hle avx2 smep bmi2 erms invpcid rtm mpx rdseed adx smap clflushopt xsaveopt xsavec xgetbv1 dtherm ida arat pln pts hwp hwp_notify hwp_act_window hwp_epp
bugs		:
bogomips	: 6383.92
clflush size	: 64
cache_alignment	: 64
address sizes	: 39 bits physical, 48 bits virtual
power management:

processor	: 2
vendor_id	: GenuineIntel
cpu family	: 6
model		: 94
model name	: Intel(R) Core(TM) i5-6500 CPU @ 3.20GHz
stepping	: 3
microcode	: 0x84
cpu MHz		: 3300.000
cache size	: 6144 KB
physical id	: 0
siblings	: 4
core id		: 2
cpu cores	: 4
apicid		: 4
initial apicid	: 4
fpu		: yes
fpu_exception	: yes
cpuid level	: 22
wp		: yes
flags		: fpu vme de pse tsc msr pae mce cx8 apic sep mtrr pge mca cmov pat pse36 clflush dts acpi mmx fxsr sse sse2 ss ht tm pbe syscall nx pdpe1gb rdtscp lm constant_tsc arch_perfmon pebs bts rep_good nopl xtopology nonstop_tsc aperfmperf eagerfpu pni pclmulqdq dtes64 monitor ds_cpl vmx smx est tm2 ssse3 sdbg fma cx16 xtpr pdcm pcid sse4_1 sse4_2 x2apic movbe popcnt tsc_deadline_timer aes xsave avx f16c rdrand lahf_lm abm 3dnowprefetch intel_pt tpr_shadow vnmi flexpriority ept vpid fsgsbase tsc_adjust bmi1 hle avx2 smep bmi2 erms invpcid rtm mpx rdseed adx smap clflushopt xsaveopt xsavec xgetbv1 dtherm ida arat pln pts hwp hwp_notify hwp_act_window hwp_epp
bugs		:
bogomips	: 6383.92
clflush size	: 64
cache_alignment	: 64
address sizes	: 39 bits physical, 48 bits virtual
power management:

processor	: 3
vendor_id	: GenuineIntel
cpu family	: 6
model		: 94
model name	: Intel(R) Core(TM) i5-6500 CPU @ 3.20GHz
stepping	: 3
microcode	: 0x84
cpu MHz		: 3300.000
cache size	: 6144 KB
physical id	: 0
siblings	: 4
core id		: 3
cpu cores	: 4
apicid		: 6
initial apicid	: 6
fpu		: yes
fpu_exception	: yes
cpuid level	: 22
wp		: yes
flags		: fpu vme de pse tsc msr pae mce cx8 apic sep mtrr pge mca cmov pat pse36 clflush dts acpi mmx fxsr sse sse2 ss ht tm pbe syscall nx pdpe1gb rdtscp lm constant_tsc arch_perfmon pebs bts rep_good nopl xtopology nonstop_tsc aperfmperf eagerfpu pni pclmulqdq dtes64 monitor ds_cpl vmx smx est tm2 ssse3 sdbg fma cx16 xtpr pdcm pcid sse4_1 sse4_2 x2apic movbe popcnt tsc_deadline_timer aes xsave avx f16c rdrand lahf_lm abm 3dnowprefetch intel_pt tpr_shadow vnmi flexpriority ept vpid fsgsbase tsc_adjust bmi1 hle avx2 smep bmi2 erms invpcid rtm mpx rdseed adx smap clflushopt xsaveopt xsavec xgetbv1 dtherm ida arat pln pts hwp hwp_notify hwp_act_window hwp_epp
bugs		:
bogomips	: 6383.92
clflush size	: 64
cache_alignment	: 64
address sizes	: 39 bits physical, 48 bits virtual
power management:



Memory: 4k page, physical 8053808k(103952k free), swap 8126460k(16k free)

vm_info: Java HotSpot(TM) 64-Bit Server VM (25.101-b13) for linux-amd64 JRE (1.8.0_101-b13), built on Jun 22 2016 02:59:44 by "java_re" with gcc 4.3.0 20080428 (Red Hat 4.3.0-8)

time: Mon Aug 14 11:59:34 2017
elapsed time: 16 seconds (0d 0h 0m 16s)

