#
# There is insufficient memory for the Java Runtime Environment to continue.
# Native memory allocation (mmap) failed to map 109576192 bytes for committing reserved memory.
# Possible reasons:
#   The system is out of physical RAM or swap space
#   In 32 bit mode, the process size limit was hit
# Possible solutions:
#   Reduce memory load on the system
#   Increase physical memory or swap space
#   Check if swap backing store is full
#   Use 64 bit Java on a 64 bit OS
#   Decrease Java heap size (-Xmx/-Xms)
#   Decrease number of Java threads
#   Decrease Java thread stack sizes (-Xss)
#   Set larger code cache with -XX:ReservedCodeCacheSize=
# This output file may be truncated or incomplete.
#
#  Out of Memory Error (os_linux.cpp:2627), pid=11682, tid=0x00007f73b817e700
#
# JRE version: Java(TM) SE Runtime Environment (8.0_101-b13) (build 1.8.0_101-b13)
# Java VM: Java HotSpot(TM) 64-Bit Server VM (25.101-b13 mixed mode linux-amd64 compressed oops)
# Core dump written. Default location: /home/ike/github/goddess-java/core or core.11682
#

---------------  T H R E A D  ---------------

Current thread (0x00007f73d8146800):  VMThread [stack: 0x00007f73b807e000,0x00007f73b817f000] [id=11694]

Stack: [0x00007f73b807e000,0x00007f73b817f000],  sp=0x00007f73b817d020,  free space=1020k
Native frames: (J=compiled Java code, j=interpreted, Vv=VM code, C=native code)
V  [libjvm.so+0xac3f0a]  VMError::report_and_die()+0x2ba
V  [libjvm.so+0x4fbf9b]  report_vm_out_of_memory(char const*, int, unsigned long, VMErrorType, char const*)+0x8b
V  [libjvm.so+0x9222d3]  os::Linux::commit_memory_impl(char*, unsigned long, bool)+0x103
V  [libjvm.so+0x922829]  os::pd_commit_memory(char*, unsigned long, unsigned long, bool)+0x29
V  [libjvm.so+0x91cb2a]  os::commit_memory(char*, unsigned long, unsigned long, bool)+0x2a
V  [libjvm.so+0x991053]  PSVirtualSpace::expand_by(unsigned long)+0x53
V  [libjvm.so+0x992458]  PSYoungGen::resize_generation(unsigned long, unsigned long)+0xf8
V  [libjvm.so+0x9915b2]  PSYoungGen::resize(unsigned long, unsigned long)+0x22
V  [libjvm.so+0x98e88b]  PSScavenge::invoke_no_policy()+0xf3b
V  [libjvm.so+0x98f011]  PSScavenge::invoke()+0x41
V  [libjvm.so+0x945fc0]  ParallelScavengeHeap::failed_mem_allocate(unsigned long)+0x70
V  [libjvm.so+0xac5927]  VM_ParallelGCFailedAllocation::doit()+0x97
V  [libjvm.so+0xacd405]  VM_Operation::evaluate()+0x55
V  [libjvm.so+0xacb7da]  VMThread::evaluate_operation(VM_Operation*)+0xba
V  [libjvm.so+0xacbb5e]  VMThread::loop()+0x1ce
V  [libjvm.so+0xacbfd0]  VMThread::run()+0x70
V  [libjvm.so+0x924698]  java_start(Thread*)+0x108

VM_Operation (0x00007f73679fbb70): ParallelGCFailedAllocation, mode: safepoint, requested by thread 0x00007f73d9162800


---------------  P R O C E S S  ---------------

Java Threads: ( => current thread )
  0x00007f7348066800 JavaThread "DubboClientHandler-172.17.0.1:51701-thread-1" daemon [_thread_blocked, id=12695, stack(0x00007f7365205000,0x00007f7365306000)]
  0x00007f7348066000 JavaThread "DubboClientHandler-172.17.0.1:51301-thread-1" daemon [_thread_blocked, id=12658, stack(0x00007f7365306000,0x00007f7365407000)]
  0x00007f735c005000 JavaThread "New I/O client boss #1" daemon [_thread_blocked, id=12657, stack(0x00007f73679fe000,0x00007f7367aff000)]
  0x00007f735c004000 JavaThread "DubboSharedHandler-thread-1" daemon [_thread_blocked, id=12654, stack(0x00007f7367aff000,0x00007f7367c00000)]
  0x00007f7358023000 JavaThread "main-EventThread" daemon [_thread_blocked, id=12642, stack(0x00007f7365407000,0x00007f7365508000)]
  0x00007f7358021800 JavaThread "main-SendThread(localhost:2181)" daemon [_thread_blocked, id=12641, stack(0x00007f7365508000,0x00007f7365609000)]
  0x00007f739800f000 JavaThread "DubboServerHandler-172.17.0.1:51103-thread-4" daemon [_thread_blocked, id=12501, stack(0x00007f7366cf3000,0x00007f7366df4000)]
  0x00007f73847d0800 JavaThread "New I/O server worker #1-2" daemon [_thread_blocked, id=12479, stack(0x00007f73674fb000,0x00007f73675fc000)]
  0x00007f738428f800 JavaThread "DubboServerHandler-172.17.0.1:51103-thread-3" daemon [_thread_blocked, id=12478, stack(0x00007f7365be6000,0x00007f7365ce7000)]
  0x00007f73400f3800 JavaThread "DubboResponseTimeoutScanTimer" daemon [_thread_blocked, id=11874, stack(0x00007f73672f9000,0x00007f73673fa000)]
  0x00007f7388004000 JavaThread "DubboServerHandler-172.17.0.1:51103-thread-2" daemon [_thread_blocked, id=11862, stack(0x00007f7365ae5000,0x00007f7365be6000)]
  0x00007f73842ba000 JavaThread "DubboServerHandler-172.17.0.1:51103-thread-1" daemon [_thread_blocked, id=11847, stack(0x00007f7365ce7000,0x00007f7365de8000)]
  0x00007f73d9aeb800 JavaThread "dubbo-remoting-server-heartbeat-thread-1" daemon [_thread_blocked, id=11768, stack(0x00007f7365809000,0x00007f736590a000)]
  0x00007f73d9ae8800 JavaThread "New I/O server boss #1 ([id: 0x4197e859, /0:0:0:0:0:0:0:0:51103])" daemon [_thread_blocked, id=11767, stack(0x00007f736590a000,0x00007f7365a0b000)]
  0x00007f73d9955800 JavaThread "recoverScheduler_QuartzSchedulerThread" [_thread_blocked, id=11766, stack(0x00007f7365fe8000,0x00007f73660e9000)]
  0x00007f73d98a4800 JavaThread "recoverScheduler_Worker-10" [_thread_blocked, id=11765, stack(0x00007f73660e9000,0x00007f73661ea000)]
  0x00007f73d98a3000 JavaThread "recoverScheduler_Worker-9" [_thread_blocked, id=11764, stack(0x00007f73661ea000,0x00007f73662eb000)]
  0x00007f73d98a1000 JavaThread "recoverScheduler_Worker-8" [_thread_blocked, id=11763, stack(0x00007f73662eb000,0x00007f73663ec000)]
  0x00007f73d989f000 JavaThread "recoverScheduler_Worker-7" [_thread_blocked, id=11762, stack(0x00007f73663ec000,0x00007f73664ed000)]
  0x00007f73d989d000 JavaThread "recoverScheduler_Worker-6" [_thread_blocked, id=11761, stack(0x00007f73664ed000,0x00007f73665ee000)]
  0x00007f73d989b000 JavaThread "recoverScheduler_Worker-5" [_thread_blocked, id=11760, stack(0x00007f73665ee000,0x00007f73666ef000)]
  0x00007f73d9899000 JavaThread "recoverScheduler_Worker-4" [_thread_blocked, id=11759, stack(0x00007f73666ef000,0x00007f73667f0000)]
  0x00007f73d9813800 JavaThread "recoverScheduler_Worker-3" [_thread_blocked, id=11758, stack(0x00007f73667f0000,0x00007f73668f1000)]
  0x00007f73d9811800 JavaThread "recoverScheduler_Worker-2" [_thread_blocked, id=11757, stack(0x00007f73668f1000,0x00007f73669f2000)]
  0x00007f73d9821000 JavaThread "recoverScheduler_Worker-1" [_thread_blocked, id=11756, stack(0x00007f73669f2000,0x00007f7366af3000)]
  0x00007f73d96f0800 JavaThread "dubbo-remoting-client-heartbeat-thread-2" daemon [_thread_blocked, id=11752, stack(0x00007f7366df4000,0x00007f7366ef5000)]
  0x00007f7344005000 JavaThread "New I/O client worker #1-3" daemon [_thread_blocked, id=11751, stack(0x00007f7366ef5000,0x00007f7366ff6000)]
  0x00007f73d96e9800 JavaThread "DubboClientReconnectTimer-thread-2" daemon [_thread_blocked, id=11750, stack(0x00007f73670f7000,0x00007f73671f8000)]
  0x00007f73d96d1000 JavaThread "commons-pool-EvictionTimer" daemon [_thread_blocked, id=11749, stack(0x00007f7366ff6000,0x00007f73670f7000)]
  0x00007f73d967d000 JavaThread "dubbo-remoting-client-heartbeat-thread-1" daemon [_thread_blocked, id=11747, stack(0x00007f73671f8000,0x00007f73672f9000)]
  0x00007f7344004000 JavaThread "New I/O client worker #1-4" daemon [_thread_blocked, id=11745, stack(0x00007f73673fa000,0x00007f73674fb000)]
  0x00007f73d908b000 JavaThread "DubboClientReconnectTimer-thread-1" daemon [_thread_blocked, id=11743, stack(0x00007f73675fc000,0x00007f73676fd000)]
  0x00007f73d9162800 JavaThread "DubboSaveRegistryCache-thread-1" daemon [_thread_blocked, id=11742, stack(0x00007f73678fd000,0x00007f73679fe000)]
  0x00007f73d9129000 JavaThread "ZkClient-EventThread-20-localhost:2181" daemon [_thread_blocked, id=11731, stack(0x00007f73a8062000,0x00007f73a8163000)]
  0x00007f73d9079800 JavaThread "DubboRegistryFailedRetryTimer-thread-1" daemon [_thread_blocked, id=11730, stack(0x00007f73a8363000,0x00007f73a8464000)]
  0x00007f73d937d000 JavaThread "__DEFAULT__" daemon [_thread_blocked, id=11728, stack(0x00007f73a8464000,0x00007f73a8565000)]
  0x00007f73d901c000 JavaThread "Druid-ConnectionPool-Destroy-1778994610" daemon [_thread_blocked, id=11727, stack(0x00007f73a91c3000,0x00007f73a92c4000)]
  0x00007f73d8fe6800 JavaThread "Druid-ConnectionPool-Create-1778994610" daemon [_thread_blocked, id=11726, stack(0x00007f73a92c4000,0x00007f73a93c5000)]
  0x00007f73d8fcf000 JavaThread "Abandoned connection cleanup thread" daemon [_thread_blocked, id=11725, stack(0x00007f73aad1a000,0x00007f73aae1b000)]
  0x00007f73d8637000 JavaThread "Service Thread" daemon [_thread_blocked, id=11715, stack(0x00007f73aaf42000,0x00007f73ab043000)]
  0x00007f73d8633800 JavaThread "C1 CompilerThread2" daemon [_thread_blocked, id=11714, stack(0x00007f73ab043000,0x00007f73ab144000)]
  0x00007f73d862f800 JavaThread "C2 CompilerThread1" daemon [_thread_blocked, id=11713, stack(0x00007f73ab144000,0x00007f73ab245000)]
  0x00007f73d862e800 JavaThread "C2 CompilerThread0" daemon [_thread_blocked, id=11712, stack(0x00007f73ab245000,0x00007f73ab346000)]
  0x00007f7390001000 JavaThread "JDWP Command Reader" daemon [_thread_in_native, id=11709, stack(0x00007f73ab7f6000,0x00007f73ab8f7000)]
  0x00007f73d8197800 JavaThread "JDWP Event Helper Thread" daemon [_thread_blocked, id=11708, stack(0x00007f73ab8f7000,0x00007f73ab9f8000)]
  0x00007f73d8194000 JavaThread "JDWP Transport Listener: dt_socket" daemon [_thread_blocked, id=11705, stack(0x00007f73ab9f8000,0x00007f73abaf9000)]
  0x00007f73d8184800 JavaThread "Signal Dispatcher" daemon [_thread_blocked, id=11704, stack(0x00007f73abcfd000,0x00007f73abdfe000)]
  0x00007f73d8153000 JavaThread "Finalizer" daemon [_thread_blocked, id=11698, stack(0x00007f73abdfe000,0x00007f73abeff000)]
  0x00007f73d814e800 JavaThread "Reference Handler" daemon [_thread_blocked, id=11695, stack(0x00007f73abeff000,0x00007f73ac000000)]
  0x00007f73d8011000 JavaThread "main" [_thread_in_native, id=11683, stack(0x00007f73df34c000,0x00007f73df44d000)]

Other Threads:
=>0x00007f73d8146800 VMThread [stack: 0x00007f73b807e000,0x00007f73b817f000] [id=11694]
  0x00007f73d863c800 WatcherThread [stack: 0x00007f73aae41000,0x00007f73aaf42000] [id=11716]

VM state:at safepoint (normal execution)

VM Mutex/Monitor currently owned by a thread:  ([mutex/lock_event])
[0x00007f73d8008bf0] Threads_lock - owner thread: 0x00007f73d8146800
[0x00007f73d800f640] Heap_lock - owner thread: 0x00007f73d9162800

Heap:
 PSYoungGen      total 517120K, used 18306K [0x00000000d7000000, 0x00000000f9780000, 0x0000000100000000)
  eden space 494592K, 0% used [0x00000000d7000000,0x00000000d7000000,0x00000000f5300000)
  from space 22528K, 81% used [0x00000000f5300000,0x00000000f64e0918,0x00000000f6900000)
  to   space 22528K, 0% used [0x00000000f6900000,0x00000000f6900000,0x00000000f7f00000)
 ParOldGen       total 75264K, used 35839K [0x0000000085000000, 0x0000000089980000, 0x00000000d7000000)
  object space 75264K, 47% used [0x0000000085000000,0x00000000872ffc80,0x0000000089980000)
 Metaspace       used 53782K, capacity 54654K, committed 54784K, reserved 1097728K
  class space    used 6477K, capacity 6653K, committed 6656K, reserved 1048576K

Card table byte_map: [0x00007f73c22b5000,0x00007f73c268e000] byte_map_base: 0x00007f73c1e8d000

Marking Bits: (ParMarkBitMap*) 0x00007f73de822120
 Begin Bits: [0x00007f73b8280000, 0x00007f73ba140000)
 End Bits:   [0x00007f73ba140000, 0x00007f73bc000000)

Polling page: 0x00007f73df468000

CodeCache: size=245760Kb used=20236Kb max_used=20236Kb free=225523Kb
 bounds [0x00007f73c268e000, 0x00007f73c3a7e000, 0x00007f73d168e000]
 total_blobs=5981 nmethods=5387 adapters=514
 compilation: enabled

Compilation events (10 events):
Event: 698.566 Thread 0x00007f73d8633800 6595       3       com.alibaba.dubbo.registry.integration.RegistryDirectory$InvokerComparator::getComparator (4 bytes)
Event: 698.566 Thread 0x00007f73d8633800 nmethod 6595 0x00007f73c2f73590 code [0x00007f73c2f736e0, 0x00007f73c2f73810]
Event: 698.566 Thread 0x00007f73d8633800 6597   !   3       org.apache.zookeeper.ClientCnxn::queuePacket (132 bytes)
Event: 698.567 Thread 0x00007f73d8633800 nmethod 6597 0x00007f73c362fad0 code [0x00007f73c362fcc0, 0x00007f73c36306f8]
Event: 698.567 Thread 0x00007f73d8633800 6599       3       com.alibaba.dubbo.rpc.RpcInvocation::<init> (69 bytes)
Event: 698.568 Thread 0x00007f73d8633800 nmethod 6599 0x00007f73c362f110 code [0x00007f73c362f2a0, 0x00007f73c362f870]
Event: 698.568 Thread 0x00007f73d8633800 6598  s    3       org.apache.zookeeper.ClientCnxnSocketNIO::wakeupCnxn (9 bytes)
Event: 698.568 Thread 0x00007f73d8633800 nmethod 6598 0x00007f73c362eb10 code [0x00007f73c362ec80, 0x00007f73c362f008]
Event: 698.568 Thread 0x00007f73d8633800 6596       3       java.net.Inet4Address::getHostAddress (8 bytes)
Event: 698.570 Thread 0x00007f73d8633800 nmethod 6596 0x00007f73c362e6d0 code [0x00007f73c362e840, 0x00007f73c362ea78]

GC Heap History (10 events):
Event: 5.432 GC heap after
Heap after GC invocations=10 (full 1):
 PSYoungGen      total 262144K, used 0K [0x00000000d7000000, 0x00000000f1080000, 0x0000000100000000)
  eden space 245248K, 0% used [0x00000000d7000000,0x00000000d7000000,0x00000000e5f80000)
  from space 16896K, 0% used [0x00000000e5f80000,0x00000000e5f80000,0x00000000e7000000)
  to   space 16896K, 0% used [0x00000000f0000000,0x00000000f0000000,0x00000000f1080000)
 ParOldGen       total 57344K, used 13806K [0x0000000085000000, 0x0000000088800000, 0x00000000d7000000)
  object space 57344K, 24% used [0x0000000085000000,0x0000000085d7b9d8,0x0000000088800000)
 Metaspace       used 20913K, capacity 21150K, committed 21296K, reserved 1069056K
  class space    used 2354K, capacity 2403K, committed 2432K, reserved 1048576K
}
Event: 7.420 GC heap before
{Heap before GC invocations=11 (full 1):
 PSYoungGen      total 262144K, used 176130K [0x00000000d7000000, 0x00000000f1080000, 0x0000000100000000)
  eden space 245248K, 71% used [0x00000000d7000000,0x00000000e1c00808,0x00000000e5f80000)
  from space 16896K, 0% used [0x00000000e5f80000,0x00000000e5f80000,0x00000000e7000000)
  to   space 16896K, 0% used [0x00000000f0000000,0x00000000f0000000,0x00000000f1080000)
 ParOldGen       total 57344K, used 13806K [0x0000000085000000, 0x0000000088800000, 0x00000000d7000000)
  object space 57344K, 24% used [0x0000000085000000,0x0000000085d7b9d8,0x0000000088800000)
 Metaspace       used 34729K, capacity 35018K, committed 35496K, reserved 1081344K
  class space    used 4135K, capacity 4227K, committed 4352K, reserved 1048576K
Event: 7.432 GC heap after
Heap after GC invocations=11 (full 1):
 PSYoungGen      total 374272K, used 12787K [0x00000000d7000000, 0x00000000f0c80000, 0x0000000100000000)
  eden space 361472K, 0% used [0x00000000d7000000,0x00000000d7000000,0x00000000ed100000)
  from space 12800K, 99% used [0x00000000f0000000,0x00000000f0c7ccc0,0x00000000f0c80000)
  to   space 17920K, 0% used [0x00000000ee980000,0x00000000ee980000,0x00000000efb00000)
 ParOldGen       total 57344K, used 13814K [0x0000000085000000, 0x0000000088800000, 0x00000000d7000000)
  object space 57344K, 24% used [0x0000000085000000,0x0000000085d7d9d8,0x0000000088800000)
 Metaspace       used 34729K, capacity 35018K, committed 35496K, reserved 1081344K
  class space    used 4135K, capacity 4227K, committed 4352K, reserved 1048576K
}
Event: 7.432 GC heap before
{Heap before GC invocations=12 (full 2):
 PSYoungGen      total 374272K, used 12787K [0x00000000d7000000, 0x00000000f0c80000, 0x0000000100000000)
  eden space 361472K, 0% used [0x00000000d7000000,0x00000000d7000000,0x00000000ed100000)
  from space 12800K, 99% used [0x00000000f0000000,0x00000000f0c7ccc0,0x00000000f0c80000)
  to   space 17920K, 0% used [0x00000000ee980000,0x00000000ee980000,0x00000000efb00000)
 ParOldGen       total 57344K, used 13814K [0x0000000085000000, 0x0000000088800000, 0x00000000d7000000)
  object space 57344K, 24% used [0x0000000085000000,0x0000000085d7d9d8,0x0000000088800000)
 Metaspace       used 34729K, capacity 35018K, committed 35496K, reserved 1081344K
  class space    used 4135K, capacity 4227K, committed 4352K, reserved 1048576K
Event: 7.466 GC heap after
Heap after GC invocations=12 (full 2):
 PSYoungGen      total 374272K, used 0K [0x00000000d7000000, 0x00000000f0c80000, 0x0000000100000000)
  eden space 361472K, 0% used [0x00000000d7000000,0x00000000d7000000,0x00000000ed100000)
  from space 12800K, 0% used [0x00000000f0000000,0x00000000f0000000,0x00000000f0c80000)
  to   space 17920K, 0% used [0x00000000ee980000,0x00000000ee980000,0x00000000efb00000)
 ParOldGen       total 75264K, used 18651K [0x0000000085000000, 0x0000000089980000, 0x00000000d7000000)
  object space 75264K, 24% used [0x0000000085000000,0x0000000086236ca8,0x0000000089980000)
 Metaspace       used 34729K, capacity 35018K, committed 35496K, reserved 1081344K
  class space    used 4135K, capacity 4227K, committed 4352K, reserved 1048576K
}
Event: 10.107 GC heap before
{Heap before GC invocations=13 (full 2):
 PSYoungGen      total 374272K, used 361472K [0x00000000d7000000, 0x00000000f0c80000, 0x0000000100000000)
  eden space 361472K, 100% used [0x00000000d7000000,0x00000000ed100000,0x00000000ed100000)
  from space 12800K, 0% used [0x00000000f0000000,0x00000000f0000000,0x00000000f0c80000)
  to   space 17920K, 0% used [0x00000000ee980000,0x00000000ee980000,0x00000000efb00000)
 ParOldGen       total 75264K, used 18651K [0x0000000085000000, 0x0000000089980000, 0x00000000d7000000)
  object space 75264K, 24% used [0x0000000085000000,0x0000000086236ca8,0x0000000089980000)
 Metaspace       used 43193K, capacity 43510K, committed 44032K, reserved 1087488K
  class space    used 5233K, capacity 5339K, committed 5376K, reserved 1048576K
Event: 10.126 GC heap after
Heap after GC invocations=13 (full 2):
 PSYoungGen      total 404480K, used 17914K [0x00000000d7000000, 0x00000000f7f00000, 0x0000000100000000)
  eden space 386560K, 0% used [0x00000000d7000000,0x00000000d7000000,0x00000000ee980000)
  from space 17920K, 99% used [0x00000000ee980000,0x00000000efafea68,0x00000000efb00000)
  to   space 22528K, 0% used [0x00000000f6900000,0x00000000f6900000,0x00000000f7f00000)
 ParOldGen       total 75264K, used 24270K [0x0000000085000000, 0x0000000089980000, 0x00000000d7000000)
  object space 75264K, 32% used [0x0000000085000000,0x00000000867b3bc8,0x0000000089980000)
 Metaspace       used 43193K, capacity 43510K, committed 44032K, reserved 1087488K
  class space    used 5233K, capacity 5339K, committed 5376K, reserved 1048576K
}
Event: 12.808 GC heap before
{Heap before GC invocations=14 (full 2):
 PSYoungGen      total 404480K, used 404474K [0x00000000d7000000, 0x00000000f7f00000, 0x0000000100000000)
  eden space 386560K, 100% used [0x00000000d7000000,0x00000000ee980000,0x00000000ee980000)
  from space 17920K, 99% used [0x00000000ee980000,0x00000000efafea68,0x00000000efb00000)
  to   space 22528K, 0% used [0x00000000f6900000,0x00000000f6900000,0x00000000f7f00000)
 ParOldGen       total 75264K, used 24270K [0x0000000085000000, 0x0000000089980000, 0x00000000d7000000)
  object space 75264K, 32% used [0x0000000085000000,0x00000000867b3bc8,0x0000000089980000)
 Metaspace       used 48445K, capacity 49112K, committed 49664K, reserved 1093632K
  class space    used 5895K, capacity 6050K, committed 6144K, reserved 1048576K
Event: 12.828 GC heap after
Heap after GC invocations=14 (full 2):
 PSYoungGen      total 517120K, used 12831K [0x00000000d7000000, 0x00000000f9780000, 0x0000000100000000)
  eden space 494592K, 0% used [0x00000000d7000000,0x00000000d7000000,0x00000000f5300000)
  from space 22528K, 56% used [0x00000000f6900000,0x00000000f7587dd8,0x00000000f7f00000)
  to   space 22528K, 0% used [0x00000000f5300000,0x00000000f5300000,0x00000000f6900000)
 ParOldGen       total 75264K, used 28679K [0x0000000085000000, 0x0000000089980000, 0x00000000d7000000)
  object space 75264K, 38% used [0x0000000085000000,0x0000000086c01f60,0x0000000089980000)
 Metaspace       used 48445K, capacity 49112K, committed 49664K, reserved 1093632K
  class space    used 5895K, capacity 6050K, committed 6144K, reserved 1048576K
}
Event: 698.578 GC heap before
{Heap before GC invocations=15 (full 2):
 PSYoungGen      total 517120K, used 507423K [0x00000000d7000000, 0x00000000f9780000, 0x0000000100000000)
  eden space 494592K, 100% used [0x00000000d7000000,0x00000000f5300000,0x00000000f5300000)
  from space 22528K, 56% used [0x00000000f6900000,0x00000000f7587dd8,0x00000000f7f00000)
  to   space 22528K, 0% used [0x00000000f5300000,0x00000000f5300000,0x00000000f6900000)
 ParOldGen       total 75264K, used 28679K [0x0000000085000000, 0x0000000089980000, 0x00000000d7000000)
  object space 75264K, 38% used [0x0000000085000000,0x0000000086c01f60,0x0000000089980000)
 Metaspace       used 53782K, capacity 54654K, committed 54784K, reserved 1097728K
  class space    used 6477K, capacity 6653K, committed 6656K, reserved 1048576K

Deoptimization events (10 events):
Event: 563.334 Thread 0x00007f739800f000 Uncommon trap: reason=class_check action=maybe_recompile pc=0x00007f73c35b7d10 method=java.io.DataInputStream.readByte()B @ 4
Event: 563.337 Thread 0x00007f739800f000 Uncommon trap: reason=unstable_if action=reinterpret pc=0x00007f73c2da641c method=sun.nio.cs.UTF_8$Decoder.decode([BII[C)I @ 30
Event: 563.337 Thread 0x00007f739800f000 Uncommon trap: reason=unstable_if action=reinterpret pc=0x00007f73c3378574 method=java.lang.StringCoding.safeTrim([CILjava/nio/charset/Charset;Z)[C @ 3
Event: 563.338 Thread 0x00007f739800f000 Uncommon trap: reason=class_check action=maybe_recompile pc=0x00007f73c34c4d90 method=com.mysql.cj.jdbc.result.ResultSetImpl.getNonStringValueFromRow(ILcom/mysql/cj/api/io/ValueFactory;)Ljava/lang/Object; @ 70
Event: 563.342 Thread 0x00007f739800f000 Uncommon trap: reason=unstable_if action=reinterpret pc=0x00007f73c337100c method=java.lang.StringCoding.safeTrim([CILjava/nio/charset/Charset;Z)[C @ 3
Event: 563.342 Thread 0x00007f739800f000 Uncommon trap: reason=class_check action=maybe_recompile pc=0x00007f73c34c4d90 method=com.mysql.cj.jdbc.result.ResultSetImpl.getNonStringValueFromRow(ILcom/mysql/cj/api/io/ValueFactory;)Ljava/lang/Object; @ 70
Event: 563.346 Thread 0x00007f739800f000 Uncommon trap: reason=unstable_if action=reinterpret pc=0x00007f73c33577e4 method=java.lang.StringCoding.safeTrim([CILjava/nio/charset/Charset;Z)[C @ 3
Event: 563.347 Thread 0x00007f739800f000 Uncommon trap: reason=class_check action=maybe_recompile pc=0x00007f73c34c4d90 method=com.mysql.cj.jdbc.result.ResultSetImpl.getNonStringValueFromRow(ILcom/mysql/cj/api/io/ValueFactory;)Ljava/lang/Object; @ 70
Event: 563.426 Thread 0x00007f739800f000 Uncommon trap: reason=class_check action=maybe_recompile pc=0x00007f73c34c4d90 method=com.mysql.cj.jdbc.result.ResultSetImpl.getNonStringValueFromRow(ILcom/mysql/cj/api/io/ValueFactory;)Ljava/lang/Object; @ 70
Event: 563.443 Thread 0x00007f739800f000 Uncommon trap: reason=unstable_if action=reinterpret pc=0x00007f73c297ebc4 method=java.lang.String.indexOf([CII[CIII)I @ 27

Internal exceptions (10 events):
Event: 403.663 Thread 0x00007f7344005000 Exception <a 'java/lang/NullPointerException'> (0x00000000db045188) thrown at [/HUDSON3/workspace/8-2-build-linux-amd64/jdk8u101/7261/hotspot/src/share/vm/interpreter/linkResolver.cpp, line 1178]
Event: 460.118 Thread 0x00007f7344004000 Exception <a 'java/lang/NullPointerException'> (0x00000000db23ffb8) thrown at [/HUDSON3/workspace/8-2-build-linux-amd64/jdk8u101/7261/hotspot/src/share/vm/interpreter/linkResolver.cpp, line 1178]
Event: 491.638 Thread 0x00007f7344005000 Exception <a 'java/lang/NullPointerException'> (0x00000000db0495a0) thrown at [/HUDSON3/workspace/8-2-build-linux-amd64/jdk8u101/7261/hotspot/src/share/vm/interpreter/linkResolver.cpp, line 1178]
Event: 520.127 Thread 0x00007f7344004000 Exception <a 'java/lang/NullPointerException'> (0x00000000db243a10) thrown at [/HUDSON3/workspace/8-2-build-linux-amd64/jdk8u101/7261/hotspot/src/share/vm/interpreter/linkResolver.cpp, line 1178]
Event: 563.415 Thread 0x00007f739800f000 Exception <a 'java/lang/ClassNotFoundException': java/io/SerializableCustomizer> (0x00000000f19f2810) thrown at [/HUDSON3/workspace/8-2-build-linux-amd64/jdk8u101/7261/hotspot/src/share/vm/classfile/systemDictionary.cpp, line 210]
Event: 642.496 Thread 0x00007f73d96d1000 Exception <a 'java/net/SocketTimeoutException': Read timed out> (0x00000000eb006570) thrown at [/HUDSON3/workspace/8-2-build-linux-amd64/jdk8u101/7261/hotspot/src/share/vm/prims/jni.cpp, line 735]
Event: 674.495 Thread 0x00007f73847d0800 Exception <a 'java/lang/NullPointerException'> (0x00000000eec1f750) thrown at [/HUDSON3/workspace/8-2-build-linux-amd64/jdk8u101/7261/hotspot/src/share/vm/interpreter/linkResolver.cpp, line 1178]
Event: 685.784 Thread 0x00007f73d9811800 Exception <a 'java/net/SocketTimeoutException': Read timed out> (0x00000000ed093828) thrown at [/HUDSON3/workspace/8-2-build-linux-amd64/jdk8u101/7261/hotspot/src/share/vm/prims/jni.cpp, line 735]
Event: 686.894 Thread 0x00007f73d9811800 Exception <a 'java/net/SocketTimeoutException': Read timed out> (0x00000000ed093e70) thrown at [/HUDSON3/workspace/8-2-build-linux-amd64/jdk8u101/7261/hotspot/src/share/vm/prims/jni.cpp, line 735]
Event: 688.227 Thread 0x00007f73d9811800 Exception <a 'java/lang/reflect/InvocationTargetException'> (0x00000000ed094b88) thrown at [/HUDSON3/workspace/8-2-build-linux-amd64/jdk8u101/7261/hotspot/src/share/vm/runtime/reflection.cpp, line 1092]

Events (10 events):
Event: 698.460 Thread 0x00007f73d9079800 DEOPT UNPACKING pc=0x00007f73c26d5633 sp=0x00007f73a8461d18 mode 1
Event: 698.525 Executing VM operation: RevokeBias
Event: 698.528 Executing VM operation: RevokeBias done
Event: 698.533 Executing VM operation: RevokeBias
Event: 698.565 Executing VM operation: RevokeBias done
Event: 698.565 Thread 0x00007f73d9129000 DEOPT PACKING pc=0x00007f73c3175975 sp=0x00007f73a81612b0
Event: 698.565 Thread 0x00007f73d9129000 DEOPT UNPACKING pc=0x00007f73c26d5633 sp=0x00007f73a8160fa8 mode 0
Event: 698.571 Executing VM operation: BulkRevokeBias
Event: 698.573 Executing VM operation: BulkRevokeBias done
Event: 698.578 Executing VM operation: ParallelGCFailedAllocation


Dynamic libraries:
00400000-00401000 r-xp 00000000 fd:02 1842668                            /home/ike/soft/jdk1.8.0_101/bin/java
00600000-00601000 rw-p 00000000 fd:02 1842668                            /home/ike/soft/jdk1.8.0_101/bin/java
00a76000-00f96000 rw-p 00000000 00:00 0                                  [heap]
85000000-89980000 rw-p 00000000 00:00 0 
89980000-d7000000 ---p 00000000 00:00 0 
d7000000-f9780000 rw-p 00000000 00:00 0 
100000000-100680000 rw-p 00000000 00:00 0 
100680000-140000000 ---p 00000000 00:00 0 
7f733c000000-7f733c021000 rw-p 00000000 00:00 0 
7f733c021000-7f7340000000 ---p 00000000 00:00 0 
7f7340000000-7f7340175000 rw-p 00000000 00:00 0 
7f7340175000-7f7344000000 ---p 00000000 00:00 0 
7f7344000000-7f7344024000 rw-p 00000000 00:00 0 
7f7344024000-7f7348000000 ---p 00000000 00:00 0 
7f7348000000-7f734807e000 rw-p 00000000 00:00 0 
7f734807e000-7f734c000000 ---p 00000000 00:00 0 
7f734c000000-7f734c043000 rw-p 00000000 00:00 0 
7f734c043000-7f7350000000 ---p 00000000 00:00 0 
7f7350000000-7f7350021000 rw-p 00000000 00:00 0 
7f7350021000-7f7354000000 ---p 00000000 00:00 0 
7f7354000000-7f7354025000 rw-p 00000000 00:00 0 
7f7354025000-7f7358000000 ---p 00000000 00:00 0 
7f7358000000-7f7358025000 rw-p 00000000 00:00 0 
7f7358025000-7f735c000000 ---p 00000000 00:00 0 
7f735c000000-7f735c021000 rw-p 00000000 00:00 0 
7f735c021000-7f7360000000 ---p 00000000 00:00 0 
7f7360000000-7f7360026000 rw-p 00000000 00:00 0 
7f7360026000-7f7364000000 ---p 00000000 00:00 0 
7f7365205000-7f7365208000 ---p 00000000 00:00 0 
7f7365208000-7f7365306000 rw-p 00000000 00:00 0 
7f7365306000-7f7365309000 ---p 00000000 00:00 0 
7f7365309000-7f7365407000 rw-p 00000000 00:00 0 
7f7365407000-7f736540a000 ---p 00000000 00:00 0 
7f736540a000-7f7365508000 rw-p 00000000 00:00 0 
7f7365508000-7f736550b000 ---p 00000000 00:00 0 
7f736550b000-7f7365709000 rw-p 00000000 00:00 0 
7f7365709000-7f7365809000 ---p 00000000 00:00 0 
7f7365809000-7f736580c000 ---p 00000000 00:00 0 
7f736580c000-7f736590a000 rw-p 00000000 00:00 0 
7f736590a000-7f736590d000 ---p 00000000 00:00 0 
7f736590d000-7f7365a0b000 rw-p 00000000 00:00 0 
7f7365ae5000-7f7365ae8000 ---p 00000000 00:00 0 
7f7365ae8000-7f7365be6000 rw-p 00000000 00:00 0 
7f7365be6000-7f7365be9000 ---p 00000000 00:00 0 
7f7365be9000-7f7365ce7000 rw-p 00000000 00:00 0 
7f7365ce7000-7f7365cea000 ---p 00000000 00:00 0 
7f7365cea000-7f7365fe8000 rw-p 00000000 00:00 0 
7f7365fe8000-7f7365feb000 ---p 00000000 00:00 0 
7f7365feb000-7f73660e9000 rw-p 00000000 00:00 0 
7f73660e9000-7f73660ec000 ---p 00000000 00:00 0 
7f73660ec000-7f73661ea000 rw-p 00000000 00:00 0 
7f73661ea000-7f73661ed000 ---p 00000000 00:00 0 
7f73661ed000-7f73662eb000 rw-p 00000000 00:00 0 
7f73662eb000-7f73662ee000 ---p 00000000 00:00 0 
7f73662ee000-7f73663ec000 rw-p 00000000 00:00 0 
7f73663ec000-7f73663ef000 ---p 00000000 00:00 0 
7f73663ef000-7f73664ed000 rw-p 00000000 00:00 0 
7f73664ed000-7f73664f0000 ---p 00000000 00:00 0 
7f73664f0000-7f73665ee000 rw-p 00000000 00:00 0 
7f73665ee000-7f73665f1000 ---p 00000000 00:00 0 
7f73665f1000-7f73666ef000 rw-p 00000000 00:00 0 
7f73666ef000-7f73666f2000 ---p 00000000 00:00 0 
7f73666f2000-7f73667f0000 rw-p 00000000 00:00 0 
7f73667f0000-7f73667f3000 ---p 00000000 00:00 0 
7f73667f3000-7f73668f1000 rw-p 00000000 00:00 0 
7f73668f1000-7f73668f4000 ---p 00000000 00:00 0 
7f73668f4000-7f73669f2000 rw-p 00000000 00:00 0 
7f73669f2000-7f73669f5000 ---p 00000000 00:00 0 
7f73669f5000-7f7366cf3000 rw-p 00000000 00:00 0 
7f7366cf3000-7f7366cf6000 ---p 00000000 00:00 0 
7f7366cf6000-7f7366df4000 rw-p 00000000 00:00 0 
7f7366df4000-7f7366df7000 ---p 00000000 00:00 0 
7f7366df7000-7f7366ef5000 rw-p 00000000 00:00 0 
7f7366ef5000-7f7366ef8000 ---p 00000000 00:00 0 
7f7366ef8000-7f7366ff6000 rw-p 00000000 00:00 0 
7f7366ff6000-7f7366ff9000 ---p 00000000 00:00 0 
7f7366ff9000-7f73670f7000 rw-p 00000000 00:00 0 
7f73670f7000-7f73670fa000 ---p 00000000 00:00 0 
7f73670fa000-7f73671f8000 rw-p 00000000 00:00 0 
7f73671f8000-7f73671fb000 ---p 00000000 00:00 0 
7f73671fb000-7f73672f9000 rw-p 00000000 00:00 0 
7f73672f9000-7f73672fc000 ---p 00000000 00:00 0 
7f73672fc000-7f73673fa000 rw-p 00000000 00:00 0 
7f73673fa000-7f73673fd000 ---p 00000000 00:00 0 
7f73673fd000-7f73674fb000 rw-p 00000000 00:00 0 
7f73674fb000-7f73674fe000 ---p 00000000 00:00 0 
7f73674fe000-7f73675fc000 rw-p 00000000 00:00 0 
7f73675fc000-7f73675ff000 ---p 00000000 00:00 0 
7f73675ff000-7f73678fd000 rw-p 00000000 00:00 0 
7f73678fd000-7f7367900000 ---p 00000000 00:00 0 
7f7367900000-7f73679fe000 rw-p 00000000 00:00 0 
7f73679fe000-7f7367a01000 ---p 00000000 00:00 0 
7f7367a01000-7f7367aff000 rw-p 00000000 00:00 0 
7f7367aff000-7f7367b02000 ---p 00000000 00:00 0 
7f7367b02000-7f7367e00000 rw-p 00000000 00:00 0 
7f7367e00000-7f7368000000 rw-p 00000000 00:00 0 
7f7368000000-7f7368021000 rw-p 00000000 00:00 0 
7f7368021000-7f736c000000 ---p 00000000 00:00 0 
7f736c000000-7f736c021000 rw-p 00000000 00:00 0 
7f736c021000-7f7370000000 ---p 00000000 00:00 0 
7f7370000000-7f7370021000 rw-p 00000000 00:00 0 
7f7370021000-7f7374000000 ---p 00000000 00:00 0 
7f7374000000-7f73746d9000 rw-p 00000000 00:00 0 
7f73746d9000-7f7378000000 ---p 00000000 00:00 0 
7f7378000000-7f7378021000 rw-p 00000000 00:00 0 
7f7378021000-7f737c000000 ---p 00000000 00:00 0 
7f737c000000-7f737c021000 rw-p 00000000 00:00 0 
7f737c021000-7f7380000000 ---p 00000000 00:00 0 
7f7380000000-7f7383efb000 rw-p 00000000 00:00 0 
7f7383efb000-7f7384000000 ---p 00000000 00:00 0 
7f7384000000-7f7385416000 rw-p 00000000 00:00 0 
7f7385416000-7f7388000000 ---p 00000000 00:00 0 
7f7388000000-7f7388021000 rw-p 00000000 00:00 0 
7f7388021000-7f738c000000 ---p 00000000 00:00 0 
7f738c000000-7f738f17c000 rw-p 00000000 00:00 0 
7f738f17c000-7f7390000000 ---p 00000000 00:00 0 
7f7390000000-7f7390021000 rw-p 00000000 00:00 0 
7f7390021000-7f7394000000 ---p 00000000 00:00 0 
7f7394000000-7f7394334000 rw-p 00000000 00:00 0 
7f7394334000-7f7398000000 ---p 00000000 00:00 0 
7f7398000000-7f7398021000 rw-p 00000000 00:00 0 
7f7398021000-7f739c000000 ---p 00000000 00:00 0 
7f739c000000-7f739c021000 rw-p 00000000 00:00 0 
7f739c021000-7f73a0000000 ---p 00000000 00:00 0 
7f73a0000000-7f73a01a3000 rw-p 00000000 00:00 0 
7f73a01a3000-7f73a4000000 ---p 00000000 00:00 0 
7f73a4000000-7f73a42a8000 rw-p 00000000 00:00 0 
7f73a42a8000-7f73a8000000 ---p 00000000 00:00 0 
7f73a8062000-7f73a8065000 ---p 00000000 00:00 0 
7f73a8065000-7f73a8363000 rw-p 00000000 00:00 0 
7f73a8363000-7f73a8366000 ---p 00000000 00:00 0 
7f73a8366000-7f73a8464000 rw-p 00000000 00:00 0 
7f73a8464000-7f73a8467000 ---p 00000000 00:00 0 
7f73a8467000-7f73a8765000 rw-p 00000000 00:00 0 
7f73a8765000-7f73a8965000 rw-p 00000000 00:00 0 
7f73a8965000-7f73a8b65000 rw-p 00000000 00:00 0 
7f73a8b65000-7f73a8b7b000 r-xp 00000000 fd:00 664597                     /usr/lib64/libgcc_s-6.1.1-20160510.so.1
7f73a8b7b000-7f73a8d7a000 ---p 00016000 fd:00 664597                     /usr/lib64/libgcc_s-6.1.1-20160510.so.1
7f73a8d7a000-7f73a8d7b000 r--p 00015000 fd:00 664597                     /usr/lib64/libgcc_s-6.1.1-20160510.so.1
7f73a8d7b000-7f73a8d7c000 rw-p 00016000 fd:00 664597                     /usr/lib64/libgcc_s-6.1.1-20160510.so.1
7f73a8d7c000-7f73a8dae000 r-xp 00000000 fd:02 1842760                    /home/ike/soft/jdk1.8.0_101/jre/lib/amd64/libsunec.so
7f73a8dae000-7f73a8fad000 ---p 00032000 fd:02 1842760                    /home/ike/soft/jdk1.8.0_101/jre/lib/amd64/libsunec.so
7f73a8fad000-7f73a8fb3000 rw-p 00031000 fd:02 1842760                    /home/ike/soft/jdk1.8.0_101/jre/lib/amd64/libsunec.so
7f73a8fb3000-7f73a91c3000 rw-p 00000000 00:00 0 
7f73a91c3000-7f73a91c6000 ---p 00000000 00:00 0 
7f73a91c6000-7f73a92c4000 rw-p 00000000 00:00 0 
7f73a92c4000-7f73a92c7000 ---p 00000000 00:00 0 
7f73a92c7000-7f73a95c5000 rw-p 00000000 00:00 0 
7f73a95c5000-7f73a95d6000 r-xp 00000000 fd:02 1842775                    /home/ike/soft/jdk1.8.0_101/jre/lib/amd64/libnio.so
7f73a95d6000-7f73a97d5000 ---p 00011000 fd:02 1842775                    /home/ike/soft/jdk1.8.0_101/jre/lib/amd64/libnio.so
7f73a97d5000-7f73a97d6000 rw-p 00010000 fd:02 1842775                    /home/ike/soft/jdk1.8.0_101/jre/lib/amd64/libnio.so
7f73a97d6000-7f73a97ec000 r-xp 00000000 fd:02 1842752                    /home/ike/soft/jdk1.8.0_101/jre/lib/amd64/libnet.so
7f73a97ec000-7f73a99ec000 ---p 00016000 fd:02 1842752                    /home/ike/soft/jdk1.8.0_101/jre/lib/amd64/libnet.so
7f73a99ec000-7f73a99ed000 rw-p 00016000 fd:02 1842752                    /home/ike/soft/jdk1.8.0_101/jre/lib/amd64/libnet.so
7f73a99ed000-7f73a99f6000 r-xp 00000000 fd:02 1842786                    /home/ike/soft/jdk1.8.0_101/jre/lib/amd64/libmanagement.so
7f73a99f6000-7f73a9bf5000 ---p 00009000 fd:02 1842786                    /home/ike/soft/jdk1.8.0_101/jre/lib/amd64/libmanagement.so
7f73a9bf5000-7f73a9bf6000 rw-p 00008000 fd:02 1842786                    /home/ike/soft/jdk1.8.0_101/jre/lib/amd64/libmanagement.so
7f73a9bf6000-7f73a9df6000 rw-p 00000000 00:00 0 
7f73a9df6000-7f73a9ff6000 rw-p 00000000 00:00 0 
7f73a9ff6000-7f73aa1f6000 rw-p 00000000 00:00 0 
7f73aa1f6000-7f73aa3f6000 rw-p 00000000 00:00 0 
7f73aa3f6000-7f73aa5f6000 rw-p 00000000 00:00 0 
7f73aa5f6000-7f73aa7f6000 rw-p 00000000 00:00 0 
7f73aa84b000-7f73aaa4b000 rw-p 00000000 00:00 0 
7f73aaa4b000-7f73aac4b000 rw-p 00000000 00:00 0 
7f73aac71000-7f73aad07000 r--s 01102000 fd:02 1842825                    /home/ike/soft/jdk1.8.0_101/jre/lib/ext/jfxrt.jar
7f73aad07000-7f73aad0d000 r--s 0003f000 fd:02 1842827                    /home/ike/soft/jdk1.8.0_101/jre/lib/ext/sunjce_provider.jar
7f73aad0d000-7f73aad0e000 r--s 00009000 fd:02 1842826                    /home/ike/soft/jdk1.8.0_101/jre/lib/ext/sunec.jar
7f73aad0e000-7f73aad12000 r--s 00097000 fd:02 1842696                    /home/ike/soft/jdk1.8.0_101/jre/lib/jsse.jar
7f73aad12000-7f73aad17000 r--s 002f9000 fd:02 1842697                    /home/ike/soft/jdk1.8.0_101/jre/lib/charsets.jar
7f73aad17000-7f73aad1a000 r--s 0001a000 fd:02 1843003                    /home/ike/soft/jdk1.8.0_101/jre/lib/jce.jar
7f73aad1a000-7f73aad1d000 ---p 00000000 00:00 0 
7f73aad1d000-7f73aae1b000 rw-p 00000000 00:00 0 
7f73aae1b000-7f73aae25000 r--s 00116000 fd:02 1842829                    /home/ike/soft/jdk1.8.0_101/jre/lib/ext/localedata.jar
7f73aae25000-7f73aae41000 r--s 00393000 fd:02 1842832                    /home/ike/soft/jdk1.8.0_101/jre/lib/ext/cldrdata.jar
7f73aae41000-7f73aae42000 ---p 00000000 00:00 0 
7f73aae42000-7f73aaf42000 rw-p 00000000 00:00 0 
7f73aaf42000-7f73aaf45000 ---p 00000000 00:00 0 
7f73aaf45000-7f73ab043000 rw-p 00000000 00:00 0 
7f73ab043000-7f73ab046000 ---p 00000000 00:00 0 
7f73ab046000-7f73ab144000 rw-p 00000000 00:00 0 
7f73ab144000-7f73ab147000 ---p 00000000 00:00 0 
7f73ab147000-7f73ab245000 rw-p 00000000 00:00 0 
7f73ab245000-7f73ab248000 ---p 00000000 00:00 0 
7f73ab248000-7f73ab346000 rw-p 00000000 00:00 0 
7f73ab346000-7f73ab348000 r--s 0000a000 fd:02 1967374                    /home/ike/soft/idea-IU-163.10154.41/plugins/Groovy/lib/agent/gragent.jar
7f73ab348000-7f73ab34a000 r--s 00019000 fd:02 1967154                    /home/ike/soft/idea-IU-163.10154.41/lib/idea_rt.jar
7f73ab34a000-7f73ab363000 r--s 0012c000 fd:02 5375625                    /home/ike/.gradle/caches/modules-2/files-2.1/io.netty/netty/3.10.5.Final/9ca7d55d246092bddd29b867706e2f6c7db701a0/netty-3.10.5.Final.jar
7f73ab363000-7f73ab370000 r--s 000b9000 fd:02 5375621                    /home/ike/.gradle/caches/modules-2/files-2.1/org.apache.zookeeper/zookeeper/3.4.9/cbd9135689d6622a411e1e9b0ce880b502be5277/zookeeper-3.4.9.jar
7f73ab370000-7f73ab372000 r--s 0000c000 fd:02 3673183                    /home/ike/.m2/repository/org/ow2/asm/asm/5.0.4/asm-5.0.4.jar
7f73ab372000-7f73ab373000 r--s 00000000 fd:02 5375434                    /home/ike/.gradle/caches/modules-2/files-2.1/javax.inject/javax.inject/1/6975da39a7040257bd51d21a231b76c915872d38/javax.inject-1.jar
7f73ab373000-7f73ab374000 r--s 00001000 fd:02 5375432                    /home/ike/.gradle/caches/modules-2/files-2.1/javax.annotation/jsr250-api/1.0/5025422767732a1ab45d93abfea846513d742dcf/jsr250-api-1.0.jar
7f73ab374000-7f73ab375000 r--s 00001000 fd:02 5375430                    /home/ike/.gradle/caches/modules-2/files-2.1/org.jboss.spec.javax.interceptor/jboss-interceptors-api_1.1_spec/1.0.0.Beta1/8cb388fd3b4912373da7a18e199bb55aa52aa5c1/jboss-interceptors-api_1.1_spec-1.0.0.Beta1.jar
7f73ab375000-7f73ab377000 r--s 00007000 fd:02 5375428                    /home/ike/.gradle/caches/modules-2/files-2.1/javax.el/el-api/2.2/42971279cc8ba864462580c7fc2199fd5715ee7f/el-api-2.2.jar
7f73ab377000-7f73ab379000 r--s 00005000 fd:02 2361155                    /home/ike/.m2/repository/stax/stax-api/1.0.1/stax-api-1.0.1.jar
7f73ab379000-7f73ab37b000 r--s 00100000 fd:02 4457535                    /home/ike/.gradle/caches/modules-2/files-2.1/org.xerial.snappy/snappy-java/1.1.2.6/48d92871ca286a47f230feb375f0bbffa83b85f6/snappy-java-1.1.2.6.jar
7f73ab37b000-7f73ab37d000 r--s 00038000 fd:02 4457533                    /home/ike/.gradle/caches/modules-2/files-2.1/net.jpountz.lz4/lz4/1.3.0/c708bb2590c0652a642236ef45d9f99ff842a2ce/lz4-1.3.0.jar
7f73ab37d000-7f73ab37f000 r--s 0000b000 fd:02 3803685                    /home/ike/.m2/repository/org/objenesis/objenesis/2.2/objenesis-2.2.jar
7f73ab37f000-7f73ab380000 r--s 00001000 fd:02 3803683                    /home/ike/.m2/repository/com/esotericsoftware/minlog/1.3.0/minlog-1.3.0.jar
7f73ab380000-7f73ab382000 r--s 00004000 fd:02 3547323                    /home/ike/.m2/repository/com/esotericsoftware/reflectasm/1.11.3/reflectasm-1.11.3.jar
7f73ab382000-7f73ab386000 r--s 0000e000 fd:02 5375426                    /home/ike/.gradle/caches/modules-2/files-2.1/javax.enterprise/cdi-api/1.1/78b1feee99b05a78575fb2fd79fb77be5e74420d/cdi-api-1.1.jar
7f73ab386000-7f73ab389000 r--s 0002b000 fd:02 5375424                    /home/ike/.gradle/caches/modules-2/files-2.1/org.jboss/jandex/2.0.0.Final/3e899258936f94649c777193e1be846387ed54b3/jandex-2.0.0.Final.jar
7f73ab389000-7f73ab38e000 r--s 00068000 fd:02 2361099                    /home/ike/.m2/repository/antlr/antlr/2.7.7/antlr-2.7.7.jar
7f73ab38e000-7f73ab3cc000 r--s 0025d000 fd:02 2361153                    /home/ike/.m2/repository/org/apache/xmlbeans/xmlbeans/2.6.0/xmlbeans-2.6.0.jar
7f73ab3cc000-7f73ab3ce000 r--s 0000f000 fd:02 2361235                    /home/ike/.m2/repository/javax/activation/activation/1.1.1/activation-1.1.1.jar
7f73ab3ce000-7f73ab3d6000 r--s 00084000 fd:02 2361233                    /home/ike/.m2/repository/com/sun/mail/javax.mail/1.5.2/javax.mail-1.5.2.jar
7f73ab3d6000-7f73ab449000 r--s 0065b000 fd:02 4457531                    /home/ike/.gradle/caches/modules-2/files-2.1/org.scala-lang/scala-library/2.10.6/421989aa8f95a05a4f894630aad96b8c7b828732/scala-library-2.10.6.jar
7f73ab449000-7f73ab44c000 r--s 00012000 fd:02 4457529                    /home/ike/.gradle/caches/modules-2/files-2.1/com.yammer.metrics/metrics-core/2.2.0/f82c035cfa786d3cbec362c38c22a5f5b1bc8724/metrics-core-2.2.0.jar
7f73ab44c000-7f73ab44f000 r--s 00011000 fd:02 4457527                    /home/ike/.gradle/caches/modules-2/files-2.1/net.sf.jopt-simple/jopt-simple/5.0.3/cdd846cfc4e0f7eefafc02c0f5dce32b9303aa2a/jopt-simple-5.0.3.jar
7f73ab44f000-7f73ab461000 r--s 000d6000 fd:02 4457525                    /home/ike/.gradle/caches/modules-2/files-2.1/org.apache.kafka/kafka-clients/0.10.2.0/c20571ff756fcf8f4a7f76fc7b23707a4c14a67d/kafka-clients-0.10.2.0.jar
7f73ab461000-7f73ab463000 r--s 00014000 fd:02 2232683                    /home/ike/.m2/repository/jline/jline/0.9.94/jline-0.9.94.jar
7f73ab463000-7f73ab464000 r--s 00002000 fd:02 3935893                    /home/ike/.m2/repository/org/slf4j/slf4j-log4j12/1.6.1/slf4j-log4j12-1.6.1.jar
7f73ab464000-7f73ab46c000 r--s 00048000 fd:02 3020256                    /home/ike/.m2/repository/com/esotericsoftware/kryo/4.0.0/kryo-4.0.0.jar
7f73ab46c000-7f73ab46d000 r--s 00003000 fd:02 2361109                    /home/ike/.m2/repository/org/apache/geronimo/specs/geronimo-jta_1.1_spec/1.1.1/geronimo-jta_1.1_spec-1.1.1.jar
7f73ab46d000-7f73ab477000 r--s 000ae000 fd:02 2890754                    /home/ike/.m2/repository/org/javassist/javassist/3.20.0-GA/javassist-3.20.0-GA.jar
7f73ab477000-7f73ab47a000 r--s 00010000 fd:02 5375422                    /home/ike/.gradle/caches/modules-2/files-2.1/org.hibernate.common/hibernate-commons-annotations/5.0.1.Final/71e1cff3fcb20d3b3af4f3363c3ddb24d33c6879/hibernate-commons-annotations-5.0.1.Final.jar
7f73ab47a000-7f73ab47f000 r--s 00048000 fd:02 2361103                    /home/ike/.m2/repository/dom4j/dom4j/1.6.1/dom4j-1.6.1.jar
7f73ab47f000-7f73ab4f7000 r--s 005a9000 fd:02 6293168                    /home/ike/.gradle/caches/modules-2/files-2.1/org.hibernate/hibernate-core/5.2.4.Final/52414fccd4429d8f723996e26c61330df094d06c/hibernate-core-5.2.4.Final.jar
7f73ab4f7000-7f73ab4fb000 r--s 0000c000 fd:02 2361123                    /home/ike/.m2/repository/javax/validation/validation-api/1.1.0.Final/validation-api-1.1.0.Final.jar
7f73ab4fb000-7f73ab503000 r--s 00048000 fd:02 5769355                    /home/ike/.gradle/caches/modules-2/files-2.1/org.apache.httpcomponents/httpcore/4.4.6/e3fd8ced1f52c7574af952e2e6da0df8df08eb82/httpcore-4.4.6.jar
7f73ab503000-7f73ab507000 r--s 00015000 fd:02 4198063                    /home/ike/.gradle/caches/modules-2/files-2.1/com.github.virtuald/curvesapi/1.04/3386abf821719bc89c7685f9eaafaf4a842f0199/curvesapi-1.04.jar
7f73ab507000-7f73ab5c1000 r--s 004e0000 fd:02 4330750                    /home/ike/.gradle/caches/modules-2/files-2.1/org.apache.poi/poi-ooxml-schemas/3.16/9828a49307fc6bebfd42185b677d88b6e4994c63/poi-ooxml-schemas-3.16.jar
7f73ab5c1000-7f73ab5d1000 r--s 000a8000 fd:02 6820877                    /home/ike/.gradle/caches/modules-2/files-2.1/org.apache.commons/commons-collections4/4.1/a4cf4688fe1c7e3a63aa636cc96d013af537768e/commons-collections4-4.1.jar
7f73ab5d1000-7f73ab5d8000 r--s 0003f000 fd:02 2361720                    /home/ike/.m2/repository/commons-codec/commons-codec/1.10/commons-codec-1.10.jar
7f73ab5d8000-7f73ab5da000 r--s 0000b000 fd:02 2361231                    /home/ike/.m2/repository/org/apache/commons/commons-email/1.4/commons-email-1.4.jar
7f73ab5da000-7f73ab63d000 r--s 004f1000 fd:02 4457523                    /home/ike/.gradle/caches/modules-2/files-2.1/org.apache.kafka/kafka_2.10/0.10.2.0/eca9a789b4df7441796636bfb7e0f9210cae8b1e/kafka_2.10-0.10.2.0.jar
7f73ab63d000-7f73ab646000 r--s 0006f000 fd:02 2362197                    /home/ike/.m2/repository/log4j/log4j/1.2.17/log4j-1.2.17.jar
7f73ab646000-7f73ab65e000 r--s 001bf000 fd:02 3803629                    /home/ike/.m2/repository/org/aspectj/aspectjweaver/1.8.10/aspectjweaver-1.8.10.jar
7f73ab65e000-7f73ab668000 r--s 00098000 fd:02 4066903                    /home/ike/.m2/repository/org/quartz-scheduler/quartz/2.2.3/quartz-2.2.3.jar
7f73ab668000-7f73ab66d000 r--s 00029000 fd:02 4196119                    /home/ike/.m2/repository/org/springframework/spring-context-support/4.3.5.RELEASE/spring-context-support-4.3.5.RELEASE.jar
7f73ab66d000-7f73ab670000 r--s 0000c000 fd:02 4066890                    /home/ike/.m2/repository/org/mengyun/tcc-transaction-core/1.1.5/tcc-transaction-core-1.1.5.jar
7f73ab670000-7f73ab680000 r--s 000b2000 fd:02 2754605                    /home/ike/.m2/repository/org/jboss/netty/netty/3.2.5.Final/netty-3.2.5.Final.jar
7f73ab680000-7f73ab682000 r--s 0000e000 fd:02 2231993                    /home/ike/.m2/repository/commons-logging/commons-logging/1.2/commons-logging-1.2.jar
7f73ab682000-7f73ab685000 r--s 00019000 fd:02 5771001                    /home/ike/.gradle/caches/modules-2/files-2.1/org.apache.commons/commons-pool2/2.4.2/e5f4f28f19d57716fbc3989d7a357ebf1e454fea/commons-pool2-2.4.2.jar
7f73ab685000-7f73ab75c000 r--s 007a9000 fd:02 5115189                    /home/ike/.gradle/caches/modules-2/files-2.1/net.sf.ehcache/ehcache/2.10.3/cf74f9a4a049f181833b147a1d9aa62159c9d01d/ehcache-2.10.3.jar
7f73ab75c000-7f73ab75e000 r--s 0000f000 fd:02 2361095                    /home/ike/.m2/repository/org/jboss/logging/jboss-logging/3.3.0.Final/jboss-logging-3.3.0.Final.jar
7f73ab75e000-7f73ab760000 r--s 00003000 fd:02 6292679                    /home/ike/.gradle/caches/modules-2/files-2.1/org.slf4j/jcl-over-slf4j/1.7.22/86ceac14535af5a42c8fb0d06d79b925dd3cb263/jcl-over-slf4j-1.7.22.jar
7f73ab760000-7f73ab768000 r--s 0003a000 fd:02 4196123                    /home/ike/.m2/repository/org/springframework/spring-tx/4.3.5.RELEASE/spring-tx-4.3.5.RELEASE.jar
7f73ab768000-7f73ab76c000 r--s 00019000 fd:02 5375410                    /home/ike/.gradle/caches/modules-2/files-2.1/org.aspectj/aspectjrt/1.8.9/87372d9e2323313bec24b09a325bfea8ae0eb867/aspectjrt-1.8.9.jar
7f73ab76c000-7f73ab776000 r--s 00068000 fd:02 5375408                    /home/ike/.gradle/caches/modules-2/files-2.1/org.springframework/spring-orm/4.2.8.RELEASE/43b557f5025782616f791dbd720b4a606eeca1bf/spring-orm-4.2.8.RELEASE.jar
7f73ab776000-7f73ab77b000 r--s 0003c000 fd:02 6948946                    /home/ike/.gradle/caches/modules-2/files-2.1/org.springframework/spring-expression/4.3.7.RELEASE/5257b6486e43d8c05674323fea5b415d4da72f38/spring-expression-4.3.7.RELEASE.jar
7f73ab77b000-7f73ab792000 r--s 000fb000 fd:02 6948934                    /home/ike/.gradle/caches/modules-2/files-2.1/org.springframework/spring-core/4.3.7.RELEASE/54fa2db94cc7222edc90ec71354e47cd1dc07f7b/spring-core-4.3.7.RELEASE.jar
7f73ab792000-7f73ab7a0000 r--s 000ad000 fd:02 6948940                    /home/ike/.gradle/caches/modules-2/files-2.1/org.springframework/spring-beans/4.3.7.RELEASE/2de9f59f3202965438f3a02057d6ad8274636044/spring-beans-4.3.7.RELEASE.jar
7f73ab7a0000-7f73ab7a9000 r--s 00054000 fd:02 6948944                    /home/ike/.gradle/caches/modules-2/files-2.1/org.springframework/spring-aop/4.3.7.RELEASE/3f243d685e4a8a78a0c291445c6d85560ec4d339/spring-aop-4.3.7.RELEASE.jar
7f73ab7a9000-7f73ab7aa000 r--s 00001000 fd:02 3547313                    /home/ike/.m2/repository/org/mengyun/tcc-transaction-api/1.1.5/tcc-transaction-api-1.1.5.jar
7f73ab7aa000-7f73ab7ab000 r--s 00000000 fd:02 6293166                    /home/ike/.gradle/caches/modules-2/files-2.1/org.hibernate/hibernate-entitymanager/5.2.4.Final/b5f9506bbff26ce5c75f16e568fa43d148d0f1d1/hibernate-entitymanager-5.2.4.Final.jar
7f73ab7ab000-7f73ab7bd000 r--s 000a7000 fd:02 5768221                    /home/ike/.gradle/caches/modules-2/files-2.1/org.hibernate/hibernate-validator/5.4.0.Final/2076cbd5719e4182a75ab32e7186deb0ca5ac376/hibernate-validator-5.4.0.Final.jar
7f73ab7bd000-7f73ab7ca000 r--s 000aa000 fd:02 5769353                    /home/ike/.gradle/caches/modules-2/files-2.1/org.apache.httpcomponents/httpclient/4.5.3/d1577ae15f01ef5438c5afc62162457c00a34713/httpclient-4.5.3.jar
7f73ab7ca000-7f73ab7f6000 r--s 00263000 fd:02 4330748                    /home/ike/.gradle/caches/modules-2/files-2.1/org.apache.poi/poi/3.16/ad21c123ee5d6b5b2a8f0d4ed23b3ffe6759a889/poi-3.16.jar
7f73ab7f6000-7f73ab7f9000 ---p 00000000 00:00 0 
7f73ab7f9000-7f73ab8f7000 rw-p 00000000 00:00 0 
7f73ab8f7000-7f73ab8fa000 ---p 00000000 00:00 0 
7f73ab8fa000-7f73ab9f8000 rw-p 00000000 00:00 0 
7f73ab9f8000-7f73ab9fb000 ---p 00000000 00:00 0 
7f73ab9fb000-7f73abaf9000 rw-p 00000000 00:00 0 
7f73abaf9000-7f73abafd000 r-xp 00000000 fd:02 1842791                    /home/ike/soft/jdk1.8.0_101/jre/lib/amd64/libdt_socket.so
7f73abafd000-7f73abcfc000 ---p 00004000 fd:02 1842791                    /home/ike/soft/jdk1.8.0_101/jre/lib/amd64/libdt_socket.so
7f73abcfc000-7f73abcfd000 rw-p 00003000 fd:02 1842791                    /home/ike/soft/jdk1.8.0_101/jre/lib/amd64/libdt_socket.so
7f73abcfd000-7f73abd00000 ---p 00000000 00:00 0 
7f73abd00000-7f73abdfe000 rw-p 00000000 00:00 0 
7f73abdfe000-7f73abe01000 ---p 00000000 00:00 0 
7f73abe01000-7f73abeff000 rw-p 00000000 00:00 0 
7f73abeff000-7f73abf02000 ---p 00000000 00:00 0 
7f73abf02000-7f73ac000000 rw-p 00000000 00:00 0 
7f73ac000000-7f73ac021000 rw-p 00000000 00:00 0 
7f73ac021000-7f73b0000000 ---p 00000000 00:00 0 
7f73b0000000-7f73b0025000 rw-p 00000000 00:00 0 
7f73b0025000-7f73b4000000 ---p 00000000 00:00 0 
7f73b4000000-7f73b4021000 rw-p 00000000 00:00 0 
7f73b4021000-7f73b8000000 ---p 00000000 00:00 0 
7f73b8000000-7f73b8013000 r--s 0014c000 fd:02 4198061                    /home/ike/.gradle/caches/modules-2/files-2.1/org.apache.poi/poi-ooxml/3.16/76e20fe22404cc4da55ddfdaaaadee32bbfa3bdd/poi-ooxml-3.16.jar
7f73b8013000-7f73b8016000 r--s 00015000 fd:02 2361165                    /home/ike/.m2/repository/javax/servlet/javax.servlet-api/3.1.0/javax.servlet-api-3.1.0.jar
7f73b8016000-7f73b8019000 r--s 00010000 fd:02 5375623                    /home/ike/.gradle/caches/modules-2/files-2.1/com.101tec/zkclient/0.10/c54d4b5a5e89af75a80b6d5857400165ce5188d0/zkclient-0.10.jar
7f73b8019000-7f73b8037000 r--s 00143000 fd:02 4718692                    /home/ike/.m2/repository/com/alibaba/dubbo/2.5.4-SNAPSHOT/dubbo-2.5.4-SNAPSHOT.jar
7f73b8037000-7f73b8039000 r--s 0000e000 fd:02 6292671                    /home/ike/.gradle/caches/modules-2/files-2.1/com.fasterxml/classmate/1.3.3/864c8e370a691e343210cc7c532fc198cee460d8/classmate-1.3.3.jar
7f73b8039000-7f73b8045000 r--s 0007c000 fd:02 4196358                    /home/ike/.gradle/caches/modules-2/files-2.1/redis.clients/jedis/2.9.0/292bc9cc26553acd3cccc26f2f95620bf88a04c2/jedis-2.9.0.jar
7f73b8045000-7f73b8074000 r--s 00239000 fd:02 7868348                    /home/ike/.gradle/caches/modules-2/files-2.1/com.google.guava/guava/21.0/3a3d111be1be1b745edfa7d91678a12d7ed38709/guava-21.0.jar
7f73b8074000-7f73b8079000 r--s 00061000 fd:02 6161553                    /home/ike/.gradle/caches/modules-2/files-2.1/com.alibaba/fastjson/1.2.23/be2508e9bac203c38f3f52fc8d33332c4e7ee6c5/fastjson-1.2.23.jar
7f73b8079000-7f73b807c000 r--s 0001a000 fd:02 5903666                    /home/ike/.gradle/caches/modules-2/files-2.1/org.glassfish.web/javax.el/2.2.6/232abfe1f919127e9cfcd6e4e2c6324bb394535/javax.el-2.2.6.jar
7f73b807c000-7f73b807e000 r--s 00010000 fd:02 5903662                    /home/ike/.gradle/caches/modules-2/files-2.1/javax.el/javax.el-api/3.0.1-b04/8c0c970b8deae5054ff0bf4b17979c8181a506d3/javax.el-api-3.0.1-b04.jar
7f73b807e000-7f73b807f000 ---p 00000000 00:00 0 
7f73b807f000-7f73bc000000 rw-p 00000000 00:00 0 
7f73bc000000-7f73bc02c000 rw-p 00000000 00:00 0 
7f73bc02c000-7f73c0000000 ---p 00000000 00:00 0 
7f73c0000000-7f73c0001000 r--s 00002000 fd:02 4196775                    /home/ike/.m2/repository/org/mengyun/tcc-transaction-spring/1.1.5/tcc-transaction-spring-1.1.5.jar
7f73c0001000-7f73c0004000 r--s 00020000 fd:02 5115187                    /home/ike/.gradle/caches/modules-2/files-2.1/org.hibernate/hibernate-ehcache/5.2.4.Final/f70147c655b970ca70e3913f91880da6d264fe68/hibernate-ehcache-5.2.4.Final.jar
7f73c0004000-7f73c0015000 r--s 0009a000 fd:02 6948930                    /home/ike/.gradle/caches/modules-2/files-2.1/org.springframework.data/spring-data-commons/1.12.8.RELEASE/827a994d703ad9916b694d17401d8bf78bd773f9/spring-data-commons-1.12.8.RELEASE.jar
7f73c0015000-7f73c001f000 r--s 0005f000 fd:02 4196125                    /home/ike/.m2/repository/org/springframework/spring-jdbc/4.3.5.RELEASE/spring-jdbc-4.3.5.RELEASE.jar
7f73c001f000-7f73c0026000 r--s 0003e000 fd:02 5113951                    /home/ike/.gradle/caches/modules-2/files-2.1/org.springframework.data/spring-data-jpa/1.10.3.RELEASE/fc31fbdb8ff777d29077ac53a616f11c2c0df59/spring-data-jpa-1.10.3.RELEASE.jar
7f73c0026000-7f73c0040000 r--s 000fd000 fd:02 6948936                    /home/ike/.gradle/caches/modules-2/files-2.1/org.springframework/spring-context/4.3.7.RELEASE/34b66b0b7910122ef95ba4fff6da9238ef80a5de/spring-context-4.3.7.RELEASE.jar
7f73c0040000-7f73c0062000 r--s 001e6000 fd:02 5375396                    /home/ike/.gradle/caches/modules-2/files-2.1/com.alibaba/druid/1.0.26/f4bc6159b34e4cda5abd6480203492b470aa1a36/druid-1.0.26.jar
7f73c0062000-7f73c0e70000 rw-p 00000000 00:00 0 
7f73c0e70000-7f73c1049000 r--s 03d29000 fd:02 1842744                    /home/ike/soft/jdk1.8.0_101/jre/lib/rt.jar
7f73c1049000-7f73c1c21000 rw-p 00000000 00:00 0 
7f73c1c21000-7f73c1c22000 ---p 00000000 00:00 0 
7f73c1c22000-7f73c1d22000 rw-p 00000000 00:00 0 
7f73c1d22000-7f73c1d23000 ---p 00000000 00:00 0 
7f73c1d23000-7f73c1e23000 rw-p 00000000 00:00 0 
7f73c1e23000-7f73c1e24000 ---p 00000000 00:00 0 
7f73c1e24000-7f73c1f24000 rw-p 00000000 00:00 0 
7f73c1f24000-7f73c1f25000 ---p 00000000 00:00 0 
7f73c1f25000-7f73c204a000 rw-p 00000000 00:00 0 
7f73c204a000-7f73c22b5000 ---p 00000000 00:00 0 
7f73c22b5000-7f73c22da000 rw-p 00000000 00:00 0 
7f73c22da000-7f73c2545000 ---p 00000000 00:00 0 
7f73c2545000-7f73c2659000 rw-p 00000000 00:00 0 
7f73c2659000-7f73c268d000 ---p 00000000 00:00 0 
7f73c268d000-7f73c268e000 rw-p 00000000 00:00 0 
7f73c268e000-7f73c3a7e000 rwxp 00000000 00:00 0 
7f73c3a7e000-7f73d168e000 ---p 00000000 00:00 0 
7f73d168e000-7f73d8000000 r--p 00000000 fd:00 666413                     /usr/lib/locale/locale-archive
7f73d8000000-7f73d9c0f000 rw-p 00000000 00:00 0 
7f73d9c0f000-7f73dc000000 ---p 00000000 00:00 0 
7f73dc000000-7f73dc017000 r--s 001b7000 fd:02 6293164                    /home/ike/.gradle/caches/modules-2/files-2.1/mysql/mysql-connector-java/6.0.5/9d8df5a1f3273110f2a9ad304961bdd03d696d86/mysql-connector-java-6.0.5.jar
7f73dc017000-7f73dc01b000 r--s 0002f000 fd:02 4850916                    /home/ike/.gradle/caches/modules-2/files-2.1/commons-io/commons-io/2.5/2852e6e05fbb95076fc091f6d1780f1f8fe35e0f/commons-io-2.5.jar
7f73dc01b000-7f73dc01d000 r--s 00009000 fd:02 6948942                    /home/ike/.gradle/caches/modules-2/files-2.1/org.slf4j/slf4j-api/1.7.24/3f6b4bd4f8dbe8d4bea06d107a3826469b85c3e9/slf4j-api-1.7.24.jar
7f73dc01d000-7f73dc025000 r--s 0006e000 fd:02 6161536                    /home/ike/.gradle/caches/modules-2/files-2.1/org.apache.commons/commons-lang3/3.5/6c6c702c89bfff3cd9e80b04d668c5e190d588c6/commons-lang3-3.5.jar
7f73dc025000-7f73dc02a000 r--s 00017000 fd:02 2361107                    /home/ike/.m2/repository/org/hibernate/javax/persistence/hibernate-jpa-2.1-api/1.0.0.Final/hibernate-jpa-2.1-api-1.0.0.Final.jar
7f73dc02a000-7f73dc03d000 r--s 00345000 fd:02 1842973                    /home/ike/soft/jdk1.8.0_101/jre/lib/resources.jar
7f73dc03d000-7f73dc050000 r--s 000d6000 fd:02 1842972                    /home/ike/soft/jdk1.8.0_101/jre/lib/plugin.jar
7f73dc050000-7f73dc06b000 r--s 00208000 fd:02 1842857                    /home/ike/soft/jdk1.8.0_101/jre/lib/deploy.jar
7f73dc06b000-7f73dc131000 rw-p 00000000 00:00 0 
7f73dc131000-7f73dc4a1000 ---p 00000000 00:00 0 
7f73dc4a1000-7f73dc4bb000 r-xp 00000000 fd:02 1842773                    /home/ike/soft/jdk1.8.0_101/jre/lib/amd64/libzip.so
7f73dc4bb000-7f73dc6bb000 ---p 0001a000 fd:02 1842773                    /home/ike/soft/jdk1.8.0_101/jre/lib/amd64/libzip.so
7f73dc6bb000-7f73dc6bc000 rw-p 0001a000 fd:02 1842773                    /home/ike/soft/jdk1.8.0_101/jre/lib/amd64/libzip.so
7f73dc6bc000-7f73dc6c7000 r-xp 00000000 fd:00 663666                     /usr/lib64/libnss_files-2.23.so
7f73dc6c7000-7f73dc8c6000 ---p 0000b000 fd:00 663666                     /usr/lib64/libnss_files-2.23.so
7f73dc8c6000-7f73dc8c7000 r--p 0000a000 fd:00 663666                     /usr/lib64/libnss_files-2.23.so
7f73dc8c7000-7f73dc8c8000 rw-p 0000b000 fd:00 663666                     /usr/lib64/libnss_files-2.23.so
7f73dc8c8000-7f73dc8ce000 rw-p 00000000 00:00 0 
7f73dc8ce000-7f73dc8d8000 r-xp 00000000 fd:02 1842810                    /home/ike/soft/jdk1.8.0_101/jre/lib/amd64/libinstrument.so
7f73dc8d8000-7f73dcad7000 ---p 0000a000 fd:02 1842810                    /home/ike/soft/jdk1.8.0_101/jre/lib/amd64/libinstrument.so
7f73dcad7000-7f73dcad8000 rw-p 00009000 fd:02 1842810                    /home/ike/soft/jdk1.8.0_101/jre/lib/amd64/libinstrument.so
7f73dcad8000-7f73dcada000 r-xp 00000000 fd:02 1842781                    /home/ike/soft/jdk1.8.0_101/jre/lib/amd64/libnpt.so
7f73dcada000-7f73dccda000 ---p 00002000 fd:02 1842781                    /home/ike/soft/jdk1.8.0_101/jre/lib/amd64/libnpt.so
7f73dccda000-7f73dccdb000 rw-p 00002000 fd:02 1842781                    /home/ike/soft/jdk1.8.0_101/jre/lib/amd64/libnpt.so
7f73dccdb000-7f73dcd14000 r-xp 00000000 fd:02 1842749                    /home/ike/soft/jdk1.8.0_101/jre/lib/amd64/libjdwp.so
7f73dcd14000-7f73dcf13000 ---p 00039000 fd:02 1842749                    /home/ike/soft/jdk1.8.0_101/jre/lib/amd64/libjdwp.so
7f73dcf13000-7f73dcf15000 rw-p 00038000 fd:02 1842749                    /home/ike/soft/jdk1.8.0_101/jre/lib/amd64/libjdwp.so
7f73dcf15000-7f73dcf3f000 r-xp 00000000 fd:02 1842799                    /home/ike/soft/jdk1.8.0_101/jre/lib/amd64/libjava.so
7f73dcf3f000-7f73dd13f000 ---p 0002a000 fd:02 1842799                    /home/ike/soft/jdk1.8.0_101/jre/lib/amd64/libjava.so
7f73dd13f000-7f73dd141000 rw-p 0002a000 fd:02 1842799                    /home/ike/soft/jdk1.8.0_101/jre/lib/amd64/libjava.so
7f73dd141000-7f73dd14e000 r-xp 00000000 fd:02 1842753                    /home/ike/soft/jdk1.8.0_101/jre/lib/amd64/libverify.so
7f73dd14e000-7f73dd34e000 ---p 0000d000 fd:02 1842753                    /home/ike/soft/jdk1.8.0_101/jre/lib/amd64/libverify.so
7f73dd34e000-7f73dd350000 rw-p 0000d000 fd:02 1842753                    /home/ike/soft/jdk1.8.0_101/jre/lib/amd64/libverify.so
7f73dd350000-7f73dd357000 r-xp 00000000 fd:00 663774                     /usr/lib64/librt-2.23.so
7f73dd357000-7f73dd556000 ---p 00007000 fd:00 663774                     /usr/lib64/librt-2.23.so
7f73dd556000-7f73dd557000 r--p 00006000 fd:00 663774                     /usr/lib64/librt-2.23.so
7f73dd557000-7f73dd558000 rw-p 00007000 fd:00 663774                     /usr/lib64/librt-2.23.so
7f73dd558000-7f73dd660000 r-xp 00000000 fd:00 663268                     /usr/lib64/libm-2.23.so
7f73dd660000-7f73dd85f000 ---p 00108000 fd:00 663268                     /usr/lib64/libm-2.23.so
7f73dd85f000-7f73dd860000 r--p 00107000 fd:00 663268                     /usr/lib64/libm-2.23.so
7f73dd860000-7f73dd861000 rw-p 00108000 fd:00 663268                     /usr/lib64/libm-2.23.so
7f73dd861000-7f73de52c000 r-xp 00000000 fd:02 1842803                    /home/ike/soft/jdk1.8.0_101/jre/lib/amd64/server/libjvm.so
7f73de52c000-7f73de72b000 ---p 00ccb000 fd:02 1842803                    /home/ike/soft/jdk1.8.0_101/jre/lib/amd64/server/libjvm.so
7f73de72b000-7f73de804000 rw-p 00cca000 fd:02 1842803                    /home/ike/soft/jdk1.8.0_101/jre/lib/amd64/server/libjvm.so
7f73de804000-7f73de84f000 rw-p 00000000 00:00 0 
7f73de84f000-7f73dea08000 r-xp 00000000 fd:00 663117                     /usr/lib64/libc-2.23.so
7f73dea08000-7f73dec07000 ---p 001b9000 fd:00 663117                     /usr/lib64/libc-2.23.so
7f73dec07000-7f73dec0b000 r--p 001b8000 fd:00 663117                     /usr/lib64/libc-2.23.so
7f73dec0b000-7f73dec0d000 rw-p 001bc000 fd:00 663117                     /usr/lib64/libc-2.23.so
7f73dec0d000-7f73dec11000 rw-p 00000000 00:00 0 
7f73dec11000-7f73dec14000 r-xp 00000000 fd:00 663244                     /usr/lib64/libdl-2.23.so
7f73dec14000-7f73dee13000 ---p 00003000 fd:00 663244                     /usr/lib64/libdl-2.23.so
7f73dee13000-7f73dee14000 r--p 00002000 fd:00 663244                     /usr/lib64/libdl-2.23.so
7f73dee14000-7f73dee15000 rw-p 00003000 fd:00 663244                     /usr/lib64/libdl-2.23.so
7f73dee15000-7f73dee2a000 r-xp 00000000 fd:02 1841887                    /home/ike/soft/jdk1.8.0_101/lib/amd64/jli/libjli.so
7f73dee2a000-7f73df02a000 ---p 00015000 fd:02 1841887                    /home/ike/soft/jdk1.8.0_101/lib/amd64/jli/libjli.so
7f73df02a000-7f73df02b000 rw-p 00015000 fd:02 1841887                    /home/ike/soft/jdk1.8.0_101/lib/amd64/jli/libjli.so
7f73df02b000-7f73df042000 r-xp 00000000 fd:00 663674                     /usr/lib64/libpthread-2.23.so
7f73df042000-7f73df241000 ---p 00017000 fd:00 663674                     /usr/lib64/libpthread-2.23.so
7f73df241000-7f73df242000 r--p 00016000 fd:00 663674                     /usr/lib64/libpthread-2.23.so
7f73df242000-7f73df243000 rw-p 00017000 fd:00 663674                     /usr/lib64/libpthread-2.23.so
7f73df243000-7f73df247000 rw-p 00000000 00:00 0 
7f73df247000-7f73df26b000 r-xp 00000000 fd:00 666350                     /usr/lib64/ld-2.23.so
7f73df26b000-7f73df26f000 r--s 00097000 fd:02 1842696                    /home/ike/soft/jdk1.8.0_101/jre/lib/jsse.jar
7f73df26f000-7f73df271000 r--s 00007000 fd:02 1842814                    /home/ike/soft/jdk1.8.0_101/jre/lib/jfxswt.jar
7f73df271000-7f73df27b000 r--s 0006c000 fd:02 1842856                    /home/ike/soft/jdk1.8.0_101/jre/lib/javaws.jar
7f73df27b000-7f73df34c000 rw-p 00000000 00:00 0 
7f73df34c000-7f73df34f000 ---p 00000000 00:00 0 
7f73df34f000-7f73df451000 rw-p 00000000 00:00 0 
7f73df451000-7f73df452000 r--s 00000000 fd:02 1842820                    /home/ike/soft/jdk1.8.0_101/jre/lib/management-agent.jar
7f73df452000-7f73df457000 r--s 00084000 fd:02 1842848                    /home/ike/soft/jdk1.8.0_101/jre/lib/jfr.jar
7f73df457000-7f73df45a000 r--s 0001a000 fd:02 1843003                    /home/ike/soft/jdk1.8.0_101/jre/lib/jce.jar
7f73df45a000-7f73df45f000 r--s 002f9000 fd:02 1842697                    /home/ike/soft/jdk1.8.0_101/jre/lib/charsets.jar
7f73df45f000-7f73df467000 rw-s 00000000 00:27 2259090                    /tmp/hsperfdata_ike/11682
7f73df467000-7f73df468000 rw-p 00000000 00:00 0 
7f73df468000-7f73df469000 ---p 00000000 00:00 0 
7f73df469000-7f73df46a000 rw-p 00000000 00:00 0 
7f73df46a000-7f73df46b000 r--p 00023000 fd:00 666350                     /usr/lib64/ld-2.23.so
7f73df46b000-7f73df46c000 rw-p 00024000 fd:00 666350                     /usr/lib64/ld-2.23.so
7f73df46c000-7f73df46d000 rw-p 00000000 00:00 0 
7fff8f608000-7fff8f62c000 rw-p 00000000 00:00 0                          [stack]
7fff8f6f0000-7fff8f6f3000 r--p 00000000 00:00 0                          [vvar]
7fff8f6f3000-7fff8f6f5000 r-xp 00000000 00:00 0                          [vdso]
ffffffffff600000-ffffffffff601000 r-xp 00000000 00:00 0                  [vsyscall]

VM Arguments:
jvm_args: -agentlib:jdwp=transport=dt_socket,address=127.0.0.1:34035,suspend=y,server=n -javaagent:/home/ike/soft/idea-IU-163.10154.41/plugins/Groovy/lib/agent/gragent.jar -Dfile.encoding=UTF-8 
java_command: com.bjike.goddess.marketactivitymanage.Application
java_class_path (initial): /home/ike/soft/jdk1.8.0_101/jre/lib/charsets.jar:/home/ike/soft/jdk1.8.0_101/jre/lib/deploy.jar:/home/ike/soft/jdk1.8.0_101/jre/lib/ext/cldrdata.jar:/home/ike/soft/jdk1.8.0_101/jre/lib/ext/dnsns.jar:/home/ike/soft/jdk1.8.0_101/jre/lib/ext/jaccess.jar:/home/ike/soft/jdk1.8.0_101/jre/lib/ext/jfxrt.jar:/home/ike/soft/jdk1.8.0_101/jre/lib/ext/localedata.jar:/home/ike/soft/jdk1.8.0_101/jre/lib/ext/nashorn.jar:/home/ike/soft/jdk1.8.0_101/jre/lib/ext/sunec.jar:/home/ike/soft/jdk1.8.0_101/jre/lib/ext/sunjce_provider.jar:/home/ike/soft/jdk1.8.0_101/jre/lib/ext/sunpkcs11.jar:/home/ike/soft/jdk1.8.0_101/jre/lib/ext/zipfs.jar:/home/ike/soft/jdk1.8.0_101/jre/lib/javaws.jar:/home/ike/soft/jdk1.8.0_101/jre/lib/jce.jar:/home/ike/soft/jdk1.8.0_101/jre/lib/jfr.jar:/home/ike/soft/jdk1.8.0_101/jre/lib/jfxswt.jar:/home/ike/soft/jdk1.8.0_101/jre/lib/jsse.jar:/home/ike/soft/jdk1.8.0_101/jre/lib/management-agent.jar:/home/ike/soft/jdk1.8.0_101/jre/lib/plugin.jar:/home/ike/soft/jdk1.8.0_101/jre/lib/resources.jar:/home/ike/soft/jdk1.8.0_101/jre/lib/rt.jar:/home/ike/github/goddess-java/modules/marketactivitymanage/marketactivitymanage-provider/build/classes/main:/home/ike/github/goddess-java/modules/marketactivitymanage/marketactivitymanage-provider/build/resources/main:/home/ike/github/goddess-java/common/common-jpa/build/classes/main:/home/ike/github/goddess-java/common/common-provider/build/classes/main:/home/ike/github/goddess-java/common/common-provider/build/resources/main:/home/ike/github/goddess-java/modules/marketactivitymanage/marketactivitymanage-api/build/classes/main:/home/ike/github/goddess-java/modules/user/user-api/build/classes/main:/home/ike/github/goddess-java/common/common-utils/build/classes/main:/home/ike/github/goddess-java/common/common-api/build/classes/main:/home/ike/.m2/repository/org/hibernate/javax/persistence/hibernate-jpa-2.1-api/1.0.0.Final/hibernate-jpa-2.1-api-1.0.0.Final.jar:/home/ike/.gradle/caches/modules-2/files-2.1/org.apache
Launcher Type: SUN_STANDARD

Environment Variables:
JAVA_HOME=/home/ike/soft/jdk1.8.0_101
PATH=/home/ike/soft:/home/ike/soft/gradle-3.2.1/bin:/home/ike/soft/apache-maven-3.3.9/bin:/home/ike/soft/jdk1.8.0_101/bin:/usr/lib64/qt-3.3/bin:/usr/local/bin:/usr/local/sbin:/usr/bin:/usr/sbin:/home/ike/bin
USERNAME=ike
LD_LIBRARY_PATH=/home/ike/soft/idea-IU-163.10154.41/bin:
SHELL=/bin/zsh
DISPLAY=:0

Signal Handlers:
SIGSEGV: [libjvm.so+0xac4790], sa_mask[0]=11111111011111111101111111111110, sa_flags=SA_RESTART|SA_SIGINFO
SIGBUS: [libjvm.so+0xac4790], sa_mask[0]=11111111011111111101111111111110, sa_flags=SA_RESTART|SA_SIGINFO
SIGFPE: [libjvm.so+0x91f140], sa_mask[0]=11111111011111111101111111111110, sa_flags=SA_RESTART|SA_SIGINFO
SIGPIPE: [libjvm.so+0x91f140], sa_mask[0]=11111111011111111101111111111110, sa_flags=SA_RESTART|SA_SIGINFO
SIGXFSZ: [libjvm.so+0x91f140], sa_mask[0]=11111111011111111101111111111110, sa_flags=SA_RESTART|SA_SIGINFO
SIGILL: [libjvm.so+0x91f140], sa_mask[0]=11111111011111111101111111111110, sa_flags=SA_RESTART|SA_SIGINFO
SIGUSR1: SIG_DFL, sa_mask[0]=00000000000000000000000000000000, sa_flags=none
SIGUSR2: [libjvm.so+0x920770], sa_mask[0]=00100000000000000000000000000000, sa_flags=SA_RESTART|SA_SIGINFO
SIGHUP: [libjvm.so+0x921b70], sa_mask[0]=11111111011111111101111111111110, sa_flags=SA_RESTART|SA_SIGINFO
SIGINT: [libjvm.so+0x921b70], sa_mask[0]=11111111011111111101111111111110, sa_flags=SA_RESTART|SA_SIGINFO
SIGTERM: [libjvm.so+0x921b70], sa_mask[0]=11111111011111111101111111111110, sa_flags=SA_RESTART|SA_SIGINFO
SIGQUIT: [libjvm.so+0x921b70], sa_mask[0]=11111111011111111101111111111110, sa_flags=SA_RESTART|SA_SIGINFO


---------------  S Y S T E M  ---------------

OS:Fedora release 24 (Twenty Four)

uname:Linux 4.5.5-300.fc24.x86_64 #1 SMP Thu May 19 13:05:32 UTC 2016 x86_64
libc:glibc 2.23 NPTL 2.23 
rlimit: STACK 8192k, CORE infinity, NPROC 30911, NOFILE 4096, AS infinity
load average:46.16 16.74 7.02

/proc/meminfo:
MemTotal:        8053808 kB
MemFree:          106640 kB
MemAvailable:      16856 kB
Buffers:             400 kB
Cached:           202804 kB
SwapCached:        18252 kB
Active:          6302348 kB
Inactive:        1285744 kB
Active(anon):    6285028 kB
Inactive(anon):  1269560 kB
Active(file):      17320 kB
Inactive(file):    16184 kB
Unevictable:          64 kB
Mlocked:              64 kB
SwapTotal:       8126460 kB
SwapFree:             12 kB
Dirty:                 0 kB
Writeback:           748 kB
AnonPages:       7369076 kB
Mapped:            38876 kB
Shmem:            168876 kB
Slab:             137208 kB
SReclaimable:      59692 kB
SUnreclaim:        77516 kB
KernelStack:       39456 kB
PageTables:        97668 kB
NFS_Unstable:          0 kB
Bounce:                0 kB
WritebackTmp:          0 kB
CommitLimit:    12153364 kB
Committed_AS:   24401020 kB
VmallocTotal:   34359738367 kB
VmallocUsed:           0 kB
VmallocChunk:          0 kB
HardwareCorrupted:     0 kB
AnonHugePages:         0 kB
CmaTotal:              0 kB
CmaFree:               0 kB
HugePages_Total:       0
HugePages_Free:        0
HugePages_Rsvd:        0
HugePages_Surp:        0
Hugepagesize:       2048 kB
DirectMap4k:      251044 kB
DirectMap2M:     8015872 kB
DirectMap1G:           0 kB


CPU:total 4 (4 cores per cpu, 1 threads per core) family 6 model 94 stepping 3, cmov, cx8, fxsr, mmx, sse, sse2, sse3, ssse3, sse4.1, sse4.2, popcnt, avx, avx2, aes, clmul, erms, rtm, 3dnowpref, lzcnt, tsc, tscinvbit, bmi1, bmi2, adx

/proc/cpuinfo:
processor	: 0
vendor_id	: GenuineIntel
cpu family	: 6
model		: 94
model name	: Intel(R) Core(TM) i5-6500 CPU @ 3.20GHz
stepping	: 3
microcode	: 0x84
cpu MHz		: 3299.875
cache size	: 6144 KB
physical id	: 0
siblings	: 4
core id		: 0
cpu cores	: 4
apicid		: 0
initial apicid	: 0
fpu		: yes
fpu_exception	: yes
cpuid level	: 22
wp		: yes
flags		: fpu vme de pse tsc msr pae mce cx8 apic sep mtrr pge mca cmov pat pse36 clflush dts acpi mmx fxsr sse sse2 ss ht tm pbe syscall nx pdpe1gb rdtscp lm constant_tsc arch_perfmon pebs bts rep_good nopl xtopology nonstop_tsc aperfmperf eagerfpu pni pclmulqdq dtes64 monitor ds_cpl vmx smx est tm2 ssse3 sdbg fma cx16 xtpr pdcm pcid sse4_1 sse4_2 x2apic movbe popcnt tsc_deadline_timer aes xsave avx f16c rdrand lahf_lm abm 3dnowprefetch intel_pt tpr_shadow vnmi flexpriority ept vpid fsgsbase tsc_adjust bmi1 hle avx2 smep bmi2 erms invpcid rtm mpx rdseed adx smap clflushopt xsaveopt xsavec xgetbv1 dtherm ida arat pln pts hwp hwp_notify hwp_act_window hwp_epp
bugs		:
bogomips	: 6383.89
clflush size	: 64
cache_alignment	: 64
address sizes	: 39 bits physical, 48 bits virtual
power management:

processor	: 1
vendor_id	: GenuineIntel
cpu family	: 6
model		: 94
model name	: Intel(R) Core(TM) i5-6500 CPU @ 3.20GHz
stepping	: 3
microcode	: 0x84
cpu MHz		: 3300.000
cache size	: 6144 KB
physical id	: 0
siblings	: 4
core id		: 1
cpu cores	: 4
apicid		: 2
initial apicid	: 2
fpu		: yes
fpu_exception	: yes
cpuid level	: 22
wp		: yes
flags		: fpu vme de pse tsc msr pae mce cx8 apic sep mtrr pge mca cmov pat pse36 clflush dts acpi mmx fxsr sse sse2 ss ht tm pbe syscall nx pdpe1gb rdtscp lm constant_tsc arch_perfmon pebs bts rep_good nopl xtopology nonstop_tsc aperfmperf eagerfpu pni pclmulqdq dtes64 monitor ds_cpl vmx smx est tm2 ssse3 sdbg fma cx16 xtpr pdcm pcid sse4_1 sse4_2 x2apic movbe popcnt tsc_deadline_timer aes xsave avx f16c rdrand lahf_lm abm 3dnowprefetch intel_pt tpr_shadow vnmi flexpriority ept vpid fsgsbase tsc_adjust bmi1 hle avx2 smep bmi2 erms invpcid rtm mpx rdseed adx smap clflushopt xsaveopt xsavec xgetbv1 dtherm ida arat pln pts hwp hwp_notify hwp_act_window hwp_epp
bugs		:
bogomips	: 6383.89
clflush size	: 64
cache_alignment	: 64
address sizes	: 39 bits physical, 48 bits virtual
power management:

processor	: 2
vendor_id	: GenuineIntel
cpu family	: 6
model		: 94
model name	: Intel(R) Core(TM) i5-6500 CPU @ 3.20GHz
stepping	: 3
microcode	: 0x84
cpu MHz		: 3300.000
cache size	: 6144 KB
physical id	: 0
siblings	: 4
core id		: 2
cpu cores	: 4
apicid		: 4
initial apicid	: 4
fpu		: yes
fpu_exception	: yes
cpuid level	: 22
wp		: yes
flags		: fpu vme de pse tsc msr pae mce cx8 apic sep mtrr pge mca cmov pat pse36 clflush dts acpi mmx fxsr sse sse2 ss ht tm pbe syscall nx pdpe1gb rdtscp lm constant_tsc arch_perfmon pebs bts rep_good nopl xtopology nonstop_tsc aperfmperf eagerfpu pni pclmulqdq dtes64 monitor ds_cpl vmx smx est tm2 ssse3 sdbg fma cx16 xtpr pdcm pcid sse4_1 sse4_2 x2apic movbe popcnt tsc_deadline_timer aes xsave avx f16c rdrand lahf_lm abm 3dnowprefetch intel_pt tpr_shadow vnmi flexpriority ept vpid fsgsbase tsc_adjust bmi1 hle avx2 smep bmi2 erms invpcid rtm mpx rdseed adx smap clflushopt xsaveopt xsavec xgetbv1 dtherm ida arat pln pts hwp hwp_notify hwp_act_window hwp_epp
bugs		:
bogomips	: 6383.89
clflush size	: 64
cache_alignment	: 64
address sizes	: 39 bits physical, 48 bits virtual
power management:

processor	: 3
vendor_id	: GenuineIntel
cpu family	: 6
model		: 94
model name	: Intel(R) Core(TM) i5-6500 CPU @ 3.20GHz
stepping	: 3
microcode	: 0x84
cpu MHz		: 3301.375
cache size	: 6144 KB
physical id	: 0
siblings	: 4
core id		: 3
cpu cores	: 4
apicid		: 6
initial apicid	: 6
fpu		: yes
fpu_exception	: yes
cpuid level	: 22
wp		: yes
flags		: fpu vme de pse tsc msr pae mce cx8 apic sep mtrr pge mca cmov pat pse36 clflush dts acpi mmx fxsr sse sse2 ss ht tm pbe syscall nx pdpe1gb rdtscp lm constant_tsc arch_perfmon pebs bts rep_good nopl xtopology nonstop_tsc aperfmperf eagerfpu pni pclmulqdq dtes64 monitor ds_cpl vmx smx est tm2 ssse3 sdbg fma cx16 xtpr pdcm pcid sse4_1 sse4_2 x2apic movbe popcnt tsc_deadline_timer aes xsave avx f16c rdrand lahf_lm abm 3dnowprefetch intel_pt tpr_shadow vnmi flexpriority ept vpid fsgsbase tsc_adjust bmi1 hle avx2 smep bmi2 erms invpcid rtm mpx rdseed adx smap clflushopt xsaveopt xsavec xgetbv1 dtherm ida arat pln pts hwp hwp_notify hwp_act_window hwp_epp
bugs		:
bogomips	: 6383.89
clflush size	: 64
cache_alignment	: 64
address sizes	: 39 bits physical, 48 bits virtual
power management:



Memory: 4k page, physical 8053808k(106640k free), swap 8126460k(24k free)

vm_info: Java HotSpot(TM) 64-Bit Server VM (25.101-b13) for linux-amd64 JRE (1.8.0_101-b13), built on Jun 22 2016 02:59:44 by "java_re" with gcc 4.3.0 20080428 (Red Hat 4.3.0-8)

time: Wed Aug 16 16:38:19 2017
elapsed time: 702 seconds (0d 0h 11m 42s)

