#
# There is insufficient memory for the Java Runtime Environment to continue.
# Native memory allocation (mmap) failed to map 94896128 bytes for committing reserved memory.
# Possible reasons:
#   The system is out of physical RAM or swap space
#   In 32 bit mode, the process size limit was hit
# Possible solutions:
#   Reduce memory load on the system
#   Increase physical memory or swap space
#   Check if swap backing store is full
#   Use 64 bit Java on a 64 bit OS
#   Decrease Java heap size (-Xmx/-Xms)
#   Decrease number of Java threads
#   Decrease Java thread stack sizes (-Xss)
#   Set larger code cache with -XX:ReservedCodeCacheSize=
# This output file may be truncated or incomplete.
#
#  Out of Memory Error (os_linux.cpp:2627), pid=330, tid=0x00007fabb38f8700
#
# JRE version: Java(TM) SE Runtime Environment (8.0_101-b13) (build 1.8.0_101-b13)
# Java VM: Java HotSpot(TM) 64-Bit Server VM (25.101-b13 mixed mode linux-amd64 compressed oops)
# Failed to write core dump. Core dumps have been disabled. To enable core dumping, try "ulimit -c unlimited" before starting Java again
#

---------------  T H R E A D  ---------------

Current thread (0x00007fabd0076800):  VMThread [stack: 0x00007fabb37f8000,0x00007fabb38f9000] [id=338]

Stack: [0x00007fabb37f8000,0x00007fabb38f9000],  sp=0x00007fabb38f70a0,  free space=1020k
Native frames: (J=compiled Java code, j=interpreted, Vv=VM code, C=native code)
V  [libjvm.so+0xac3f0a]  VMError::report_and_die()+0x2ba
V  [libjvm.so+0x4fbf9b]  report_vm_out_of_memory(char const*, int, unsigned long, VMErrorType, char const*)+0x8b
V  [libjvm.so+0x9222d3]  os::Linux::commit_memory_impl(char*, unsigned long, bool)+0x103
V  [libjvm.so+0x922829]  os::pd_commit_memory(char*, unsigned long, unsigned long, bool)+0x29
V  [libjvm.so+0x91cb2a]  os::commit_memory(char*, unsigned long, unsigned long, bool)+0x2a
V  [libjvm.so+0x991053]  PSVirtualSpace::expand_by(unsigned long)+0x53
V  [libjvm.so+0x981920]  PSOldGen::expand(unsigned long)+0x170
V  [libjvm.so+0x981b2b]  PSOldGen::resize(unsigned long)+0x1cb
V  [libjvm.so+0x989821]  PSParallelCompact::invoke_no_policy(bool)+0x991
V  [libjvm.so+0x98f17d]  PSScavenge::invoke()+0x1ad
V  [libjvm.so+0x945fc0]  ParallelScavengeHeap::failed_mem_allocate(unsigned long)+0x70
V  [libjvm.so+0xac5927]  VM_ParallelGCFailedAllocation::doit()+0x97
V  [libjvm.so+0xacd405]  VM_Operation::evaluate()+0x55
V  [libjvm.so+0xacb7da]  VMThread::evaluate_operation(VM_Operation*)+0xba
V  [libjvm.so+0xacbb5e]  VMThread::loop()+0x1ce
V  [libjvm.so+0xacbfd0]  VMThread::run()+0x70
V  [libjvm.so+0x924698]  java_start(Thread*)+0x108

VM_Operation (0x00007fabb17d8230): ParallelGCFailedAllocation, mode: safepoint, requested by thread 0x00007fab78009000


---------------  P R O C E S S  ---------------

Java Threads: ( => current thread )
  0x00007fab64c3d800 JavaThread "Stdin handler" [_thread_blocked, id=408, stack(0x00007fabb14de000,0x00007fabb15df000)]
  0x00007fab64c40000 JavaThread "Asynchronous log dispatcher for org.gradle.launcher.daemon.server.DefaultDaemonConnection@1603e05f" [_thread_blocked, id=407, stack(0x00007fabb15df000,0x00007fabb16e0000)]
  0x00007fab7800c800 JavaThread "Cancel handler" [_thread_blocked, id=404, stack(0x00007fabb17e1000,0x00007fabb18e2000)]
  0x00007fab78003800 JavaThread "Handler for socket connection from /127.0.0.1:40577 to /127.0.0.1:56352" [_thread_in_native, id=403, stack(0x00007fabb18e2000,0x00007fabb19e3000)]
  0x00007fab643bb000 JavaThread "File lock request listener" [_thread_in_native, id=380, stack(0x00007fabb0d64000,0x00007fabb0e65000)]
  0x00007fab78009000 JavaThread "Daemon worker" [_thread_blocked, id=375, stack(0x00007fabb16e0000,0x00007fabb17e1000)]
  0x00007fab7402f800 JavaThread "Daemon" [_thread_blocked, id=372, stack(0x00007fabb19e3000,0x00007fabb1ae4000)]
  0x00007fabd0ba8000 JavaThread "Incoming local TCP Connector on port 40577" [_thread_in_native, id=371, stack(0x00007fabb1ceb000,0x00007fabb1dec000)]
  0x00007fabd0b77000 JavaThread "pool-1-thread-1" [_thread_blocked, id=370, stack(0x00007fabb1dec000,0x00007fabb1eed000)]
  0x00007fabd00bf000 JavaThread "Service Thread" daemon [_thread_blocked, id=345, stack(0x00007fabb30f1000,0x00007fabb31f2000)]
  0x00007fabd00bc000 JavaThread "C1 CompilerThread2" daemon [_thread_blocked, id=344, stack(0x00007fabb31f2000,0x00007fabb32f3000)]
  0x00007fabd00ba000 JavaThread "C2 CompilerThread1" daemon [_thread_blocked, id=343, stack(0x00007fabb32f3000,0x00007fabb33f4000)]
  0x00007fabd00b7000 JavaThread "C2 CompilerThread0" daemon [_thread_blocked, id=342, stack(0x00007fabb33f4000,0x00007fabb34f5000)]
  0x00007fabd00b5800 JavaThread "Signal Dispatcher" daemon [_thread_blocked, id=341, stack(0x00007fabb34f5000,0x00007fabb35f6000)]
  0x00007fabd0083000 JavaThread "Finalizer" daemon [_thread_blocked, id=340, stack(0x00007fabb35f6000,0x00007fabb36f7000)]
  0x00007fabd007e000 JavaThread "Reference Handler" daemon [_thread_blocked, id=339, stack(0x00007fabb36f7000,0x00007fabb37f8000)]
  0x00007fabd0008000 JavaThread "main" [_thread_blocked, id=333, stack(0x00007fabd997a000,0x00007fabd9a7b000)]

Other Threads:
=>0x00007fabd0076800 VMThread [stack: 0x00007fabb37f8000,0x00007fabb38f9000] [id=338]
  0x00007fabd00c1800 WatcherThread [stack: 0x00007fabb2ff0000,0x00007fabb30f1000] [id=346]

VM state:at safepoint (normal execution)

VM Mutex/Monitor currently owned by a thread:  ([mutex/lock_event])
[0x00007fabd0005b00] ExpandHeap_lock - owner thread: 0x00007fabd0076800
[0x00007fabd0006180] Threads_lock - owner thread: 0x00007fabd0076800
[0x00007fabd0006680] Heap_lock - owner thread: 0x00007fab78009000

Heap:
 PSYoungGen      total 327168K, used 0K [0x00000000eab00000, 0x0000000100000000, 0x0000000100000000)
  eden space 305152K, 0% used [0x00000000eab00000,0x00000000eab00000,0x00000000fd500000)
  from space 22016K, 0% used [0x00000000fd500000,0x00000000fd500000,0x00000000fea80000)
  to   space 21504K, 0% used [0x00000000feb00000,0x00000000feb00000,0x0000000100000000)
 ParOldGen       total 417792K, used 371627K [0x00000000c0000000, 0x00000000d9800000, 0x00000000eab00000)
  object space 417792K, 88% used [0x00000000c0000000,0x00000000d6aeae08,0x00000000d9800000)
 Metaspace       used 55626K, capacity 65420K, committed 65536K, reserved 1103872K
  class space    used 7688K, capacity 10935K, committed 11008K, reserved 1048576K

Card table byte_map: [0x00007fabd6b4a000,0x00007fabd6d4b000] byte_map_base: 0x00007fabd654a000

Marking Bits: (ParMarkBitMap*) 0x00007fabd8e45120
 Begin Bits: [0x00007fabd45f0000, 0x00007fabd55f0000)
 End Bits:   [0x00007fabd55f0000, 0x00007fabd65f0000)

Polling page: 0x00007fabd9a92000

CodeCache: size=245760Kb used=47666Kb max_used=47666Kb free=198093Kb
 bounds [0x00007fabc1000000, 0x00007fabc3ee0000, 0x00007fabd0000000]
 total_blobs=13022 nmethods=12331 adapters=599
 compilation: enabled

Compilation events (10 events):
Event: 73.447 Thread 0x00007fabd00b7000 nmethod 16075 0x00007fabc3ec1550 code [0x00007fabc3ec16e0, 0x00007fabc3ec1a48]
Event: 73.447 Thread 0x00007fabd00b7000 16094 %     4       org.codehaus.groovy.runtime.DefaultGroovyMethods::minus @ 73 (148 bytes)
Event: 73.447 Thread 0x00007fabd00bc000 16095 % !   3       java.util.ArrayList::batchRemove @ 14 (255 bytes)
Event: 73.448 Thread 0x00007fabd00bc000 nmethod 16095% 0x00007fabc3ebfe90 code [0x00007fabc3ec00a0, 0x00007fabc3ec0e08]
Event: 73.448 Thread 0x00007fabd00bc000 16096   !   2       sun.reflect.GeneratedMethodAccessor341::invoke (63 bytes)
Event: 73.449 Thread 0x00007fabd00bc000 nmethod 16096 0x00007fabc3ebf410 code [0x00007fabc3ebf5e0, 0x00007fabc3ebfad8]
Event: 73.465 Thread 0x00007fabd00bc000 16099 %     3       org.gradle.api.internal.artifacts.dependencies.DefaultProjectDependency::resolve @ 41 (73 bytes)
Event: 73.466 Thread 0x00007fabd00bc000 nmethod 16099% 0x00007fabc3ec3ed0 code [0x00007fabc3ec40e0, 0x00007fabc3ec4b28]
Event: 73.466 Thread 0x00007fabd00bc000 16100       3       org.gradle.api.internal.artifacts.dependencies.DefaultProjectDependency::resolve (73 bytes)
Event: 73.466 Thread 0x00007fabd00bc000 nmethod 16100 0x00007fabc3ec2f10 code [0x00007fabc3ec3120, 0x00007fabc3ec3b28]

GC Heap History (10 events):
Event: 70.731 GC heap after
Heap after GC invocations=92 (full 7):
 PSYoungGen      total 334848K, used 14336K [0x00000000eab00000, 0x0000000100000000, 0x0000000100000000)
  eden space 320512K, 0% used [0x00000000eab00000,0x00000000eab00000,0x00000000fe400000)
  from space 14336K, 100% used [0x00000000fe400000,0x00000000ff200000,0x00000000ff200000)
  to   space 14336K, 0% used [0x00000000ff200000,0x00000000ff200000,0x0000000100000000)
 ParOldGen       total 417792K, used 370123K [0x00000000c0000000, 0x00000000d9800000, 0x00000000eab00000)
  object space 417792K, 88% used [0x00000000c0000000,0x00000000d6972d08,0x00000000d9800000)
 Metaspace       used 52760K, capacity 61564K, committed 61696K, reserved 1101824K
  class space    used 7148K, capacity 10173K, committed 10240K, reserved 1048576K
}
Event: 71.077 GC heap before
{Heap before GC invocations=93 (full 7):
 PSYoungGen      total 334848K, used 334848K [0x00000000eab00000, 0x0000000100000000, 0x0000000100000000)
  eden space 320512K, 100% used [0x00000000eab00000,0x00000000fe400000,0x00000000fe400000)
  from space 14336K, 100% used [0x00000000fe400000,0x00000000ff200000,0x00000000ff200000)
  to   space 14336K, 0% used [0x00000000ff200000,0x00000000ff200000,0x0000000100000000)
 ParOldGen       total 417792K, used 370123K [0x00000000c0000000, 0x00000000d9800000, 0x00000000eab00000)
  object space 417792K, 88% used [0x00000000c0000000,0x00000000d6972d08,0x00000000d9800000)
 Metaspace       used 52760K, capacity 61564K, committed 61696K, reserved 1101824K
  class space    used 7148K, capacity 10173K, committed 10240K, reserved 1048576K
Event: 71.097 GC heap after
Heap after GC invocations=93 (full 7):
 PSYoungGen      total 329728K, used 11328K [0x00000000eab00000, 0x0000000100000000, 0x0000000100000000)
  eden space 315392K, 0% used [0x00000000eab00000,0x00000000eab00000,0x00000000fdf00000)
  from space 14336K, 79% used [0x00000000ff200000,0x00000000ffd10000,0x0000000100000000)
  to   space 16896K, 0% used [0x00000000fdf00000,0x00000000fdf00000,0x00000000fef80000)
 ParOldGen       total 417792K, used 379563K [0x00000000c0000000, 0x00000000d9800000, 0x00000000eab00000)
  object space 417792K, 90% used [0x00000000c0000000,0x00000000d72aad68,0x00000000d9800000)
 Metaspace       used 52760K, capacity 61564K, committed 61696K, reserved 1101824K
  class space    used 7148K, capacity 10173K, committed 10240K, reserved 1048576K
}
Event: 71.414 GC heap before
{Heap before GC invocations=94 (full 7):
 PSYoungGen      total 329728K, used 326720K [0x00000000eab00000, 0x0000000100000000, 0x0000000100000000)
  eden space 315392K, 100% used [0x00000000eab00000,0x00000000fdf00000,0x00000000fdf00000)
  from space 14336K, 79% used [0x00000000ff200000,0x00000000ffd10000,0x0000000100000000)
  to   space 16896K, 0% used [0x00000000fdf00000,0x00000000fdf00000,0x00000000fef80000)
 ParOldGen       total 417792K, used 379563K [0x00000000c0000000, 0x00000000d9800000, 0x00000000eab00000)
  object space 417792K, 90% used [0x00000000c0000000,0x00000000d72aad68,0x00000000d9800000)
 Metaspace       used 52760K, capacity 61564K, committed 61696K, reserved 1101824K
  class space    used 7148K, capacity 10173K, committed 10240K, reserved 1048576K
Event: 71.433 GC heap after
Heap after GC invocations=94 (full 7):
 PSYoungGen      total 332288K, used 10048K [0x00000000eab00000, 0x0000000100000000, 0x0000000100000000)
  eden space 315392K, 0% used [0x00000000eab00000,0x00000000eab00000,0x00000000fdf00000)
  from space 16896K, 59% used [0x00000000fdf00000,0x00000000fe8d0000,0x00000000fef80000)
  to   space 16384K, 0% used [0x00000000ff000000,0x00000000ff000000,0x0000000100000000)
 ParOldGen       total 417792K, used 383959K [0x00000000c0000000, 0x00000000d9800000, 0x00000000eab00000)
  object space 417792K, 91% used [0x00000000c0000000,0x00000000d76f5dd8,0x00000000d9800000)
 Metaspace       used 52760K, capacity 61564K, committed 61696K, reserved 1101824K
  class space    used 7148K, capacity 10173K, committed 10240K, reserved 1048576K
}
Event: 72.665 GC heap before
{Heap before GC invocations=95 (full 7):
 PSYoungGen      total 332288K, used 325440K [0x00000000eab00000, 0x0000000100000000, 0x0000000100000000)
  eden space 315392K, 100% used [0x00000000eab00000,0x00000000fdf00000,0x00000000fdf00000)
  from space 16896K, 59% used [0x00000000fdf00000,0x00000000fe8d0000,0x00000000fef80000)
  to   space 16384K, 0% used [0x00000000ff000000,0x00000000ff000000,0x0000000100000000)
 ParOldGen       total 417792K, used 383959K [0x00000000c0000000, 0x00000000d9800000, 0x00000000eab00000)
  object space 417792K, 91% used [0x00000000c0000000,0x00000000d76f5dd8,0x00000000d9800000)
 Metaspace       used 55417K, capacity 65132K, committed 65280K, reserved 1103872K
  class space    used 7668K, capacity 10899K, committed 11008K, reserved 1048576K
Event: 72.697 GC heap after
Heap after GC invocations=95 (full 7):
 PSYoungGen      total 321536K, used 16384K [0x00000000eab00000, 0x0000000100000000, 0x0000000100000000)
  eden space 305152K, 0% used [0x00000000eab00000,0x00000000eab00000,0x00000000fd500000)
  from space 16384K, 100% used [0x00000000ff000000,0x0000000100000000,0x0000000100000000)
  to   space 22016K, 0% used [0x00000000fd500000,0x00000000fd500000,0x00000000fea80000)
 ParOldGen       total 417792K, used 394420K [0x00000000c0000000, 0x00000000d9800000, 0x00000000eab00000)
  object space 417792K, 94% used [0x00000000c0000000,0x00000000d812d1b0,0x00000000d9800000)
 Metaspace       used 55417K, capacity 65132K, committed 65280K, reserved 1103872K
  class space    used 7668K, capacity 10899K, committed 11008K, reserved 1048576K
}
Event: 73.471 GC heap before
{Heap before GC invocations=96 (full 7):
 PSYoungGen      total 321536K, used 321536K [0x00000000eab00000, 0x0000000100000000, 0x0000000100000000)
  eden space 305152K, 100% used [0x00000000eab00000,0x00000000fd500000,0x00000000fd500000)
  from space 16384K, 100% used [0x00000000ff000000,0x0000000100000000,0x0000000100000000)
  to   space 22016K, 0% used [0x00000000fd500000,0x00000000fd500000,0x00000000fea80000)
 ParOldGen       total 417792K, used 394420K [0x00000000c0000000, 0x00000000d9800000, 0x00000000eab00000)
  object space 417792K, 94% used [0x00000000c0000000,0x00000000d812d1b0,0x00000000d9800000)
 Metaspace       used 55626K, capacity 65420K, committed 65536K, reserved 1103872K
  class space    used 7688K, capacity 10935K, committed 11008K, reserved 1048576K
Event: 73.501 GC heap after
Heap after GC invocations=96 (full 7):
 PSYoungGen      total 327168K, used 6400K [0x00000000eab00000, 0x0000000100000000, 0x0000000100000000)
  eden space 305152K, 0% used [0x00000000eab00000,0x00000000eab00000,0x00000000fd500000)
  from space 22016K, 29% used [0x00000000fd500000,0x00000000fdb40000,0x00000000fea80000)
  to   space 21504K, 0% used [0x00000000feb00000,0x00000000feb00000,0x0000000100000000)
 ParOldGen       total 417792K, used 410173K [0x00000000c0000000, 0x00000000d9800000, 0x00000000eab00000)
  object space 417792K, 98% used [0x00000000c0000000,0x00000000d908f538,0x00000000d9800000)
 Metaspace       used 55626K, capacity 65420K, committed 65536K, reserved 1103872K
  class space    used 7688K, capacity 10935K, committed 11008K, reserved 1048576K
}
Event: 73.501 GC heap before
{Heap before GC invocations=97 (full 8):
 PSYoungGen      total 327168K, used 6400K [0x00000000eab00000, 0x0000000100000000, 0x0000000100000000)
  eden space 305152K, 0% used [0x00000000eab00000,0x00000000eab00000,0x00000000fd500000)
  from space 22016K, 29% used [0x00000000fd500000,0x00000000fdb40000,0x00000000fea80000)
  to   space 21504K, 0% used [0x00000000feb00000,0x00000000feb00000,0x0000000100000000)
 ParOldGen       total 417792K, used 410173K [0x00000000c0000000, 0x00000000d9800000, 0x00000000eab00000)
  object space 417792K, 98% used [0x00000000c0000000,0x00000000d908f538,0x00000000d9800000)
 Metaspace       used 55626K, capacity 65420K, committed 65536K, reserved 1103872K
  class space    used 7688K, capacity 10935K, committed 11008K, reserved 1048576K

Deoptimization events (10 events):
Event: 72.220 Thread 0x00007fab78009000 Uncommon trap: reason=class_check action=maybe_recompile pc=0x00007fabc2c5566c method=java.util.AbstractSet.hashCode()I @ 29
Event: 72.221 Thread 0x00007fab78009000 Uncommon trap: reason=bimorphic action=maybe_recompile pc=0x00007fabc1fe8df8 method=java.util.AbstractCollection.containsAll(Ljava/util/Collection;)Z @ 17
Event: 72.222 Thread 0x00007fab78009000 Uncommon trap: reason=class_check action=maybe_recompile pc=0x00007fabc2c5566c method=java.util.AbstractSet.hashCode()I @ 29
Event: 72.222 Thread 0x00007fab78009000 Uncommon trap: reason=bimorphic action=maybe_recompile pc=0x00007fabc37a6868 method=java.util.AbstractCollection.containsAll(Ljava/util/Collection;)Z @ 17
Event: 72.222 Thread 0x00007fab78009000 Uncommon trap: reason=bimorphic action=maybe_recompile pc=0x00007fabc1fe8df8 method=java.util.AbstractCollection.containsAll(Ljava/util/Collection;)Z @ 17
Event: 72.222 Thread 0x00007fab78009000 Uncommon trap: reason=class_check action=maybe_recompile pc=0x00007fabc2c5566c method=java.util.AbstractSet.hashCode()I @ 29
Event: 72.222 Thread 0x00007fab78009000 Uncommon trap: reason=bimorphic action=maybe_recompile pc=0x00007fabc1fe8df8 method=java.util.AbstractCollection.containsAll(Ljava/util/Collection;)Z @ 17
Event: 72.223 Thread 0x00007fab78009000 Uncommon trap: reason=bimorphic action=maybe_recompile pc=0x00007fabc37a6868 method=java.util.AbstractCollection.containsAll(Ljava/util/Collection;)Z @ 17
Event: 72.238 Thread 0x00007fab78009000 Uncommon trap: reason=null_check action=make_not_entrant pc=0x00007fabc3cf7a08 method=java.lang.Class.isEnum()Z @ 1
Event: 72.962 Thread 0x00007fab78009000 Uncommon trap: reason=null_check action=make_not_entrant pc=0x00007fabc3e4b76c method=org.codehaus.groovy.runtime.typehandling.DefaultTypeTransformation.castToType(Ljava/lang/Object;Ljava/lang/Class;)Ljava/lang/Object; @ 65

Internal exceptions (10 events):
Event: 72.098 Thread 0x00007fab78009000 Exception <a 'java/lang/ClassNotFoundException': org/gradle/api/internal/file/collections/FileCollectionAdapterCustomizer> (0x00000000f47ff468) thrown at [/HUDSON3/workspace/8-2-build-linux-amd64/jdk8u101/7261/hotspot/src/share/vm/classfile/systemDictiona
Event: 72.098 Thread 0x00007fab78009000 Exception <a 'java/lang/ClassNotFoundException': org/gradle/api/internal/file/DefaultFileCollectionFactory$1Customizer> (0x00000000f48196f0) thrown at [/HUDSON3/workspace/8-2-build-linux-amd64/jdk8u101/7261/hotspot/src/share/vm/classfile/systemDictionary.
Event: 72.170 Thread 0x00007fab78009000 Exception <a 'java/lang/ClassNotFoundException': org/gradle/internal/component/local/model/PublishArtifactLocalArtifactMetaDataBeanInfo> (0x00000000f51963b8) thrown at [/HUDSON3/workspace/8-2-build-linux-amd64/jdk8u101/7261/hotspot/src/share/vm/classfile/
Event: 72.171 Thread 0x00007fab78009000 Exception <a 'java/lang/ClassNotFoundException': org/gradle/internal/component/local/model/PublishArtifactLocalArtifactMetaDataCustomizer> (0x00000000f51bf770) thrown at [/HUDSON3/workspace/8-2-build-linux-amd64/jdk8u101/7261/hotspot/src/share/vm/classfil
Event: 72.185 Thread 0x00007fab78009000 Exception <a 'java/lang/ClassNotFoundException': org/gradle/api/artifacts/DependencyBeanInfo> (0x00000000f5575518) thrown at [/HUDSON3/workspace/8-2-build-linux-amd64/jdk8u101/7261/hotspot/src/share/vm/classfile/systemDictionary.cpp, line 210]
Event: 72.185 Thread 0x00007fab78009000 Exception <a 'java/lang/ClassNotFoundException': org/gradle/api/artifacts/DependencyCustomizer> (0x00000000f5584c80) thrown at [/HUDSON3/workspace/8-2-build-linux-amd64/jdk8u101/7261/hotspot/src/share/vm/classfile/systemDictionary.cpp, line 210]
Event: 72.186 Thread 0x00007fab78009000 Exception <a 'java/lang/ClassNotFoundException': org/gradle/internal/component/local/model/DefaultProjectComponentSelectorBeanInfo> (0x00000000f55cc828) thrown at [/HUDSON3/workspace/8-2-build-linux-amd64/jdk8u101/7261/hotspot/src/share/vm/classfile/syste
Event: 72.186 Thread 0x00007fab78009000 Exception <a 'java/lang/ClassNotFoundException': org/gradle/internal/component/local/model/DefaultProjectComponentSelectorCustomizer> (0x00000000f55f54d8) thrown at [/HUDSON3/workspace/8-2-build-linux-amd64/jdk8u101/7261/hotspot/src/share/vm/classfile/sys
Event: 72.188 Thread 0x00007fab78009000 Exception <a 'java/lang/ClassNotFoundException': org/jetbrains/plugins/gradle/model/DefaultExternalProjectDependencyBeanInfo> (0x00000000f5621420) thrown at [/HUDSON3/workspace/8-2-build-linux-amd64/jdk8u101/7261/hotspot/src/share/vm/classfile/systemDicti
Event: 72.189 Thread 0x00007fab78009000 Exception <a 'java/lang/ClassNotFoundException': org/jetbrains/plugins/gradle/model/DefaultExternalProjectDependencyCustomizer> (0x00000000f5631440) thrown at [/HUDSON3/workspace/8-2-build-linux-amd64/jdk8u101/7261/hotspot/src/share/vm/classfile/systemDic

Events (10 events):
Event: 73.294 Thread 0x00007fab78009000 DEOPT UNPACKING pc=0x00007fabc1047633 sp=0x00007fabb17da080 mode 0
Event: 73.301 Thread 0x00007fab78009000 DEOPT PACKING pc=0x00007fabc1c497cf sp=0x00007fabb17db9b0
Event: 73.301 Thread 0x00007fab78009000 DEOPT UNPACKING pc=0x00007fabc1047633 sp=0x00007fabb17db728 mode 0
Event: 73.387 Thread 0x00007fab78009000 DEOPT PACKING pc=0x00007fabc3d6bf54 sp=0x00007fabb17db130
Event: 73.387 Thread 0x00007fab78009000 DEOPT UNPACKING pc=0x00007fabc1047633 sp=0x00007fabb17dae70 mode 0
Event: 73.418 Thread 0x00007fab78009000 DEOPT PACKING pc=0x00007fabc18c23b7 sp=0x00007fabb17d7f50
Event: 73.418 Thread 0x00007fab78009000 DEOPT UNPACKING pc=0x00007fabc1047633 sp=0x00007fabb17d7c98 mode 0
Event: 73.466 Thread 0x00007fab78009000 DEOPT PACKING pc=0x00007fabc3dc9167 sp=0x00007fabb17daed0
Event: 73.466 Thread 0x00007fab78009000 DEOPT UNPACKING pc=0x00007fabc1047633 sp=0x00007fabb17dac18 mode 0
Event: 73.471 Executing VM operation: ParallelGCFailedAllocation


Dynamic libraries:
00400000-00401000 r-xp 00000000 fd:02 2100689                            /home/ike/soft/jdk1.8/bin/java
00600000-00601000 rw-p 00000000 fd:02 2100689                            /home/ike/soft/jdk1.8/bin/java
01771000-01792000 rw-p 00000000 00:00 0                                  [heap]
c0000000-d9800000 rw-p 00000000 00:00 0 
df280000-eab00000 ---p 00000000 00:00 0 
eab00000-100000000 rw-p 00000000 00:00 0 
100000000-100ac0000 rw-p 00000000 00:00 0 
100ac0000-140000000 ---p 00000000 00:00 0 
7fab54000000-7fab54021000 rw-p 00000000 00:00 0 
7fab54021000-7fab58000000 ---p 00000000 00:00 0 
7fab5b800000-7fab5b940000 rw-p 00000000 00:00 0 
7fab5b940000-7fab5ba00000 ---p 00000000 00:00 0 
7fab5ba00000-7fab5bc00000 rw-p 00000000 00:00 0 
7fab5bc00000-7fab5be00000 rw-p 00000000 00:00 0 
7fab5be00000-7fab5c000000 rw-p 00000000 00:00 0 
7fab5c000000-7fab5c021000 rw-p 00000000 00:00 0 
7fab5c021000-7fab60000000 ---p 00000000 00:00 0 
7fab60000000-7fab60021000 rw-p 00000000 00:00 0 
7fab60021000-7fab64000000 ---p 00000000 00:00 0 
7fab64000000-7fab64e1f000 rw-p 00000000 00:00 0 
7fab64e1f000-7fab68000000 ---p 00000000 00:00 0 
7fab68000000-7fab68021000 rw-p 00000000 00:00 0 
7fab68021000-7fab6c000000 ---p 00000000 00:00 0 
7fab6c000000-7fab6c03c000 rw-p 00000000 00:00 0 
7fab6c03c000-7fab70000000 ---p 00000000 00:00 0 
7fab70000000-7fab70021000 rw-p 00000000 00:00 0 
7fab70021000-7fab74000000 ---p 00000000 00:00 0 
7fab74000000-7fab74067000 rw-p 00000000 00:00 0 
7fab74067000-7fab78000000 ---p 00000000 00:00 0 
7fab78000000-7fab78021000 rw-p 00000000 00:00 0 
7fab78021000-7fab7c000000 ---p 00000000 00:00 0 
7fab7c000000-7fab7c021000 rw-p 00000000 00:00 0 
7fab7c021000-7fab80000000 ---p 00000000 00:00 0 
7fab80000000-7fab80021000 rw-p 00000000 00:00 0 
7fab80021000-7fab84000000 ---p 00000000 00:00 0 
7fab84000000-7fab8528b000 rw-p 00000000 00:00 0 
7fab8528b000-7fab88000000 ---p 00000000 00:00 0 
7fab88000000-7fab88021000 rw-p 00000000 00:00 0 
7fab88021000-7fab8c000000 ---p 00000000 00:00 0 
7fab8c000000-7fab8df11000 rw-p 00000000 00:00 0 
7fab8df11000-7fab90000000 ---p 00000000 00:00 0 
7fab90000000-7fab925c5000 rw-p 00000000 00:00 0 
7fab925c5000-7fab94000000 ---p 00000000 00:00 0 
7fab94000000-7fab94021000 rw-p 00000000 00:00 0 
7fab94021000-7fab98000000 ---p 00000000 00:00 0 
7fab98067000-7fab98267000 rw-p 00000000 00:00 0 
7fab98267000-7fab98467000 rw-p 00000000 00:00 0 
7fab98467000-7fab98667000 rw-p 00000000 00:00 0 
7fab98667000-7fab98867000 rw-p 00000000 00:00 0 
7fab98867000-7fab98a67000 rw-p 00000000 00:00 0 
7fab98a67000-7fab98c67000 rw-p 00000000 00:00 0 
7fab98c67000-7fab98e67000 rw-p 00000000 00:00 0 
7fab98e67000-7fab99067000 rw-p 00000000 00:00 0 
7fab99067000-7fab99267000 rw-p 00000000 00:00 0 
7fab99267000-7fab99467000 rw-p 00000000 00:00 0 
7fab99467000-7faba0000000 r--p 00000000 fd:00 2885042                    /usr/lib/locale/locale-archive
7faba0000000-7faba0021000 rw-p 00000000 00:00 0 
7faba0021000-7faba4000000 ---p 00000000 00:00 0 
7faba4000000-7faba4021000 rw-p 00000000 00:00 0 
7faba4021000-7faba8000000 ---p 00000000 00:00 0 
7faba8000000-7faba82a8000 rw-p 00000000 00:00 0 
7faba82a8000-7fabac000000 ---p 00000000 00:00 0 
7fabac000000-7fabac042000 rw-p 00000000 00:00 0 
7fabac042000-7fabb0000000 ---p 00000000 00:00 0 
7fabb0174000-7fabb017b000 r--s 00063000 fd:02 5771569                    /home/ike/.gradle/caches/modules-2/files-2.1/org.springframework/springloaded/1.2.7.RELEASE/36be57f1a306cec1185b0276960fbe95dee08bf/springloaded-1.2.7.RELEASE.jar
7fabb017b000-7fabb0192000 r--s 000fb000 fd:02 6424510                    /home/ike/.gradle/caches/modules-2/files-2.1/org.springframework/spring-core/4.3.7.RELEASE/54fa2db94cc7222edc90ec71354e47cd1dc07f7b/spring-core-4.3.7.RELEASE.jar
7fabb0192000-7fabb01a0000 r--s 0009d000 fd:02 5769847                    /home/ike/.gradle/caches/modules-2/files-2.1/io.spring.gradle/dependency-management-plugin/1.0.0.RELEASE/d329501e7bf024f9557bdd66be4f8c4caf65769f/dependency-management-plugin-1.0.0.RELEASE.jar
7fabb01a0000-7fabb03a0000 rw-p 00000000 00:00 0 
7fabb03a0000-7fabb05a0000 rw-p 00000000 00:00 0 
7fabb05a0000-7fabb07a0000 rw-p 00000000 00:00 0 
7fabb07a0000-7fabb07ae000 r--s 000c9000 fd:02 2103546                    /home/ike/soft/idea-IU-171.4424.56/plugins/Kotlin/lib/kotlin-runtime.jar
7fabb07ae000-7fabb07d6000 r--s 001cf000 fd:02 6689105                    /home/ike/soft/idea-IU-171.4424.56/plugins/gradle/lib/guava-jdk5-17.0.jar
7fabb07d6000-7fabb09d6000 rw-p 00000000 00:00 0 
7fabb09d6000-7fabb0a13000 r--s 00556000 fd:02 3543035                    /home/ike/.gradle/caches/jars-1/cprxta6zmf1m79en2igefq0l0vfvwuq/sdk-tools.jar
7fabb0a13000-7fabb0a14000 r--s 00002000 fd:02 3543033                    /home/ike/.gradle/caches/jars-1/7eeemz0ebzyjliv6vswpt7ch1cxfnwo/external-system-rt.jar
7fabb0a14000-7fabb0a16000 r--s 0000d000 fd:02 3543028                    /home/ike/.gradle/caches/jars-1/ntllrquhp3b645zpmqsun8ror9zgr9c/gradle-tooling-extension-api.jar
7fabb0a16000-7fabb0a1c000 r--s 00027000 fd:02 3803142                    /home/ike/.gradle/caches/jars-1/oppocsxxrxxpvf1x62yjsonez1shwfh/gradle-messaging-3.3.jar
7fabb0a1c000-7fabb0a21000 r--s 00041000 fd:02 3540518                    /home/ike/.gradle/caches/jars-1/1i691ugm77z719iaqgz3wdl3b7s7ttu/commons-lang-2.6.jar
7fabb0a21000-7fabb0a5e000 r--s 001f8000 fd:02 3803140                    /home/ike/.gradle/caches/jars-1/fk7kufrqawdocti8873ck2wj8akemqu/gradle-core-3.3.jar
7fabb0a5e000-7fabb0a67000 r--s 00042000 fd:02 3803138                    /home/ike/.gradle/caches/jars-1/4yzaf100mgxlhzngci3n1vagnprd4js/gradle-base-services-3.3.jar
7fabb0a67000-7fabb0a8f000 r--s 001cf000 fd:02 3540512                    /home/ike/.gradle/caches/jars-1/87eo0lrvp84r6dbxjq018wy66es2era/guava-jdk5-17.0.jar
7fabb0a8f000-7fabb0a9c000 r--s 00041000 fd:02 3803136                    /home/ike/.gradle/caches/jars-1/tsai2fjftisq4ieuw7q9tfzqjairu8i/gradle-tooling-api-3.3.jar
7fabb0a9e000-7fabb0aa0000 r--s 0000e000 fd:02 3540268                    /home/ike/.gradle/caches/modules-2/files-2.1/commons-logging/commons-logging/1.2/4bfc12adfe4842bf07b657f0369c4cb522955686/commons-logging-1.2.jar
7fabb0aa0000-7fabb0aa3000 r--s 00022000 fd:02 5769845                    /home/ike/.gradle/caches/modules-2/files-2.1/org.springframework.boot/spring-boot-loader-tools/1.5.2.RELEASE/15c14c8a45c5876cb6389376eb6202c99e9e5d73/spring-boot-loader-tools-1.5.2.RELEASE.jar
7fabb0aa3000-7fabb0aa5000 r--s 0000b000 fd:02 5769843                    /home/ike/.gradle/caches/modules-2/files-2.1/org.springframework.boot/spring-boot-gradle-plugin/1.5.2.RELEASE/b3f123b179b0170c62c8a9ce33b47f9f28df4ca/spring-boot-gradle-plugin-1.5.2.RELEASE.jar
7fabb0aa5000-7fabb0aa6000 r--s 00003000 fd:02 2103015                    /home/ike/soft/idea-IU-171.4424.56/plugins/Grails/lib/grails-rt.jar
7fabb0aa6000-7fabb0aa7000 r--s 00002000 fd:02 2102680                    /home/ike/soft/idea-IU-171.4424.56/lib/external-system-rt.jar
7fabb0aa7000-7fabb0aa9000 r--s 0000d000 fd:02 6689100                    /home/ike/soft/idea-IU-171.4424.56/plugins/gradle/lib/gradle-tooling-extension-api.jar
7fabb0aa9000-7fabb0b19000 r--s 00643000 fd:02 2102683                    /home/ike/soft/idea-IU-171.4424.56/lib/groovy-all-2.4.6.jar
7fabb0b19000-7fabb0b1f000 r--s 00090000 fd:02 6689101                    /home/ike/soft/idea-IU-171.4424.56/plugins/gradle/lib/gradle-tooling-extension-impl.jar
7fabb0b1f000-7fabb0b24000 r--s 00034000 fd:02 2102684                    /home/ike/soft/idea-IU-171.4424.56/lib/gson-2.5.jar
7fabb0b24000-7fabb0b26000 r--s 00002000 fd:02 2103543                    /home/ike/soft/idea-IU-171.4424.56/plugins/Kotlin/lib/kotlin-gradle-tooling.jar
7fabb0b26000-7fabb0b27000 r--s 00005000 fd:02 2103013                    /home/ike/soft/idea-IU-171.4424.56/plugins/Grails/lib/grails-gradle-tooling.jar
7fabb0b27000-7fabb0b2a000 ---p 00000000 00:00 0 
7fabb0b2a000-7fabb0b60000 rw-p 00000000 00:00 0 
7fabb0b60000-7fabb0b61000 r--p 00000000 00:00 0 
7fabb0b61000-7fabb0d61000 rw-p 00000000 00:00 0 
7fabb0d61000-7fabb0d62000 r--s 00005000 fd:02 3543039                    /home/ike/.gradle/caches/jars-1/5gr6rpjx8jn2bijhjn68vh7634rzbdg/grails-gradle-tooling.jar
7fabb0d62000-7fabb0d64000 r--s 00002000 fd:02 3542987                    /home/ike/.gradle/caches/jars-1/ffu2lqju7b7c8daw7n4zgy065te8m4n/kotlin-gradle-tooling.jar
7fabb0d64000-7fabb0d67000 ---p 00000000 00:00 0 
7fabb0d67000-7fabb1065000 rw-p 00000000 00:00 0 
7fabb1065000-7fabb1265000 rw-p 00000000 00:00 0 
7fabb1265000-7fabb12de000 r--s 010e5000 fd:02 2098936                    /home/ike/soft/jdk1.8/lib/tools.jar
7fabb12de000-7fabb14de000 rw-p 00000000 00:00 0 
7fabb14de000-7fabb14e1000 ---p 00000000 00:00 0 
7fabb14e1000-7fabb15df000 rw-p 00000000 00:00 0 
7fabb15df000-7fabb15e2000 ---p 00000000 00:00 0 
7fabb15e2000-7fabb16e0000 rw-p 00000000 00:00 0 
7fabb16e0000-7fabb16e3000 ---p 00000000 00:00 0 
7fabb16e3000-7fabb17e1000 rw-p 00000000 00:00 0 
7fabb17e1000-7fabb17e4000 ---p 00000000 00:00 0 
7fabb17e4000-7fabb18e2000 rw-p 00000000 00:00 0 
7fabb18e2000-7fabb18e5000 ---p 00000000 00:00 0 
7fabb18e5000-7fabb19e3000 rw-p 00000000 00:00 0 
7fabb19e3000-7fabb19e6000 ---p 00000000 00:00 0 
7fabb19e6000-7fabb1ae4000 rw-p 00000000 00:00 0 
7fabb1ae4000-7fabb1aeb000 r--s 00000000 fd:00 2834                       /usr/lib64/gconv/gconv-modules.cache
7fabb1aeb000-7fabb1ceb000 rw-p 00000000 00:00 0 
7fabb1ceb000-7fabb1cee000 ---p 00000000 00:00 0 
7fabb1cee000-7fabb1dec000 rw-p 00000000 00:00 0 
7fabb1dec000-7fabb1def000 ---p 00000000 00:00 0 
7fabb1def000-7fabb1eed000 rw-p 00000000 00:00 0 
7fabb1eed000-7fabb1ef6000 r-xp 00000000 fd:02 2100283                    /home/ike/soft/jdk1.8/jre/lib/amd64/libmanagement.so
7fabb1ef6000-7fabb20f5000 ---p 00009000 fd:02 2100283                    /home/ike/soft/jdk1.8/jre/lib/amd64/libmanagement.so
7fabb20f5000-7fabb20f6000 rw-p 00008000 fd:02 2100283                    /home/ike/soft/jdk1.8/jre/lib/amd64/libmanagement.so
7fabb20f6000-7fabb20fa000 r--s 00097000 fd:02 2100406                    /home/ike/soft/jdk1.8/jre/lib/jsse.jar
7fabb20fa000-7fabb20fc000 r--s 00007000 fd:02 2230355                    /home/ike/soft/gradle/lib/plugins/gradle-tooling-api-builders-2.14.1.jar
7fabb20fc000-7fabb20ff000 r--s 00008000 fd:02 2230348                    /home/ike/soft/gradle/lib/plugins/gradle-testing-native-2.14.1.jar
7fabb20ff000-7fabb2101000 r--s 00009000 fd:02 2230427                    /home/ike/soft/gradle/lib/plugins/hamcrest-core-1.3.jar
7fabb2101000-7fabb2107000 r--s 00033000 fd:02 2230421                    /home/ike/soft/gradle/lib/plugins/snakeyaml-1.6.jar
7fabb2107000-7fabb2109000 r--s 00006000 fd:02 2230420                    /home/ike/soft/gradle/lib/plugins/jcommander-1.12.jar
7fabb2109000-7fabb210e000 r--s 00040000 fd:02 2230419                    /home/ike/soft/gradle/lib/plugins/bsh-2.0b4.jar
7fabb210e000-7fabb2117000 r--s 00089000 fd:02 2230378                    /home/ike/soft/gradle/lib/plugins/testng-6.3.1.jar
7fabb2117000-7fabb211f000 r--s 00045000 fd:02 2230377                    /home/ike/soft/gradle/lib/plugins/junit-4.12.jar
7fabb211f000-7fabb2125000 r--s 0002e000 fd:02 2230349                    /home/ike/soft/gradle/lib/plugins/gradle-testing-jvm-2.14.1.jar
7fabb2125000-7fabb212a000 r--s 00015000 fd:02 2230347                    /home/ike/soft/gradle/lib/plugins/gradle-testing-base-2.14.1.jar
7fabb212a000-7fabb212b000 r--s 00002000 fd:02 2230371                    /home/ike/soft/gradle/lib/plugins/sonar-batch-bootstrapper-2.9.jar
7fabb212b000-7fabb212e000 r--s 00015000 fd:02 2230325                    /home/ike/soft/gradle/lib/plugins/gradle-sonar-2.14.1.jar
7fabb212e000-7fabb2135000 r--s 00038000 fd:02 2230372                    /home/ike/soft/gradle/lib/plugins/bcpg-jdk15on-1.51.jar
7fabb2135000-7fabb2137000 r--s 0000d000 fd:02 2230326                    /home/ike/soft/gradle/lib/plugins/gradle-signing-2.14.1.jar
7fabb2137000-7fabb213a000 r--s 00009000 fd:02 2230324                    /home/ike/soft/gradle/lib/plugins/gradle-scala-2.14.1.jar
7fabb213a000-7fabb213b000 r--s 00004000 fd:02 2230353                    /home/ike/soft/gradle/lib/plugins/gradle-resources-sftp-2.14.1.jar
7fabb213b000-7fabb214b000 r--s 00088000 fd:02 2230388                    /home/ike/soft/gradle/lib/plugins/joda-time-2.8.2.jar
7fabb214b000-7fabb215c000 r--s 000cf000 fd:02 2230387                    /home/ike/soft/gradle/lib/plugins/jackson-databind-2.3.2.jar
7fabb215c000-7fabb215e000 r--s 00007000 fd:02 2230386                    /home/ike/soft/gradle/lib/plugins/jackson-annotations-2.3.2.jar
7fabb215e000-7fabb2161000 r--s 0002e000 fd:02 2230385                    /home/ike/soft/gradle/lib/plugins/jackson-core-2.3.2.jar
7fabb2161000-7fabb216c000 r--s 0006b000 fd:02 2230384                    /home/ike/soft/gradle/lib/plugins/aws-java-sdk-core-1.9.19.jar
7fabb216c000-7fabb2172000 r--s 00036000 fd:02 2230383                    /home/ike/soft/gradle/lib/plugins/aws-java-sdk-kms-1.9.19.jar
7fabb2172000-7fabb217d000 r--s 00079000 fd:02 2230382                    /home/ike/soft/gradle/lib/plugins/aws-java-sdk-s3-1.9.19.jar
7fabb217d000-7fabb217e000 r--s 00003000 fd:02 2230354                    /home/ike/soft/gradle/lib/plugins/gradle-resources-s3-2.14.1.jar
7fabb217e000-7fabb2180000 r--s 00005000 fd:02 2230376                    /home/ike/soft/gradle/lib/plugins/jatl-0.2.2.jar
7fabb2180000-7fabb2182000 r--s 0000f000 fd:02 2230331                    /home/ike/soft/gradle/lib/plugins/gradle-reporting-2.14.1.jar
7fabb2182000-7fabb2184000 r--s 00002000 fd:02 2230332                    /home/ike/soft/gradle/lib/plugins/gradle-publish-2.14.1.jar
7fabb2184000-7fabb2186000 r--s 00009000 fd:02 2230358                    /home/ike/soft/gradle/lib/plugins/commons-cli-1.2.jar
7fabb2186000-7fabb218c000 r--s 00033000 fd:02 2230316                    /home/ike/soft/gradle/lib/plugins/gradle-plugins-2.14.1.jar
7fabb218c000-7fabb218e000 r--s 00007000 fd:02 2230350                    /home/ike/soft/gradle/lib/plugins/gradle-plugin-development-2.14.1.jar
7fabb218e000-7fabb2194000 r--s 0002a000 fd:02 2230343                    /home/ike/soft/gradle/lib/plugins/gradle-platform-play-2.14.1.jar
7fabb2194000-7fabb21a1000 r--s 0004d000 fd:02 2230342                    /home/ike/soft/gradle/lib/plugins/gradle-platform-native-2.14.1.jar
7fabb21a1000-7fabb21a5000 r--s 0001a000 fd:02 2230337                    /home/ike/soft/gradle/lib/plugins/gradle-platform-jvm-2.14.1.jar
7fabb21a5000-7fabb21ac000 r--s 00029000 fd:02 2230336                    /home/ike/soft/gradle/lib/plugins/gradle-platform-base-2.14.1.jar
7fabb21ac000-7fabb21cd000 r--s 001c3000 fd:02 2230366                    /home/ike/soft/gradle/lib/plugins/bndlib-2.4.0.jar
7fabb21cd000-7fabb21cf000 r--s 00003000 fd:02 2230320                    /home/ike/soft/gradle/lib/plugins/gradle-osgi-2.14.1.jar
7fabb21cf000-7fabb21d2000 r--s 0000c000 fd:02 2230369                    /home/ike/soft/gradle/lib/plugins/pmaven-groovy-0.8-20100325.jar
7fabb21d2000-7fabb21d3000 r--s 00004000 fd:02 2230368                    /home/ike/soft/gradle/lib/plugins/pmaven-common-0.8-20100325.jar
7fabb21d3000-7fabb21d9000 r--s 00022000 fd:02 2230321                    /home/ike/soft/gradle/lib/plugins/gradle-maven-2.14.1.jar
7fabb21d9000-7fabb21db000 r--s 0000a000 fd:02 2230341                    /home/ike/soft/gradle/lib/plugins/gradle-language-scala-2.14.1.jar
7fabb21db000-7fabb21e1000 r--s 0001a000 fd:02 2230345                    /home/ike/soft/gradle/lib/plugins/gradle-language-native-2.14.1.jar
7fabb21e1000-7fabb21e3000 r--s 00008000 fd:02 2230338                    /home/ike/soft/gradle/lib/plugins/gradle-language-jvm-2.14.1.jar
7fabb21e3000-7fabb21e9000 r--s 00024000 fd:02 2230339                    /home/ike/soft/gradle/lib/plugins/gradle-language-java-2.14.1.jar
7fabb21e9000-7fabb21eb000 r--s 0000a000 fd:02 2230340                    /home/ike/soft/gradle/lib/plugins/gradle-language-groovy-2.14.1.jar
7fabb21eb000-7fabb21ee000 r--s 0001e000 fd:02 2230394                    /home/ike/soft/gradle/lib/plugins/jsp-api-2.1-6.1.14.jar
7fabb21ee000-7fabb2211000 r--s 00344000 fd:02 2230393                    /home/ike/soft/gradle/lib/plugins/core-3.1.1.jar
7fabb2211000-7fabb2212000 r--s 00006000 fd:02 2230392                    /home/ike/soft/gradle/lib/plugins/jetty-naming-6.1.25.jar
7fabb2212000-7fabb2213000 r--s 00002000 fd:02 2230365                    /home/ike/soft/gradle/lib/plugins/geronimo-annotation_1.0_spec-1.0.jar
7fabb2213000-7fabb2215000 r--s 00002000 fd:02 2230364                    /home/ike/soft/gradle/lib/plugins/jetty-annotations-6.1.25.jar
7fabb2215000-7fabb2226000 r--s 000ea000 fd:02 2230363                    /home/ike/soft/gradle/lib/plugins/jsp-2.1-6.1.14.jar
7fabb2226000-7fabb2228000 r--s 0000d000 fd:02 2230362                    /home/ike/soft/gradle/lib/plugins/jetty-plus-6.1.25.jar
7fabb2228000-7fabb222a000 r--s 0001f000 fd:02 2230361                    /home/ike/soft/gradle/lib/plugins/servlet-api-2.5-20081211.jar
7fabb222a000-7fabb222e000 r--s 00028000 fd:02 2230360                    /home/ike/soft/gradle/lib/plugins/jetty-util-6.1.25.jar
7fabb222e000-7fabb2235000 r--s 0007d000 fd:02 2230359                    /home/ike/soft/gradle/lib/plugins/jetty-6.1.25.jar
7fabb2235000-7fabb2237000 r--s 00009000 fd:02 2230318                    /home/ike/soft/gradle/lib/plugins/gradle-jetty-2.14.1.jar
7fabb2237000-7fabb223e000 r--s 00035000 fd:02 2230375                    /home/ike/soft/gradle/lib/plugins/simple-4.1.21.jar
7fabb223e000-7fabb224a000 r--s 00100000 fd:02 2230373                    /home/ike/soft/gradle/lib/plugins/rhino-1.7R3.jar
7fabb224a000-7fabb224e000 r--s 00011000 fd:02 2230328                    /home/ike/soft/gradle/lib/plugins/gradle-javascript-2.14.1.jar
7fabb224e000-7fabb2250000 r--s 0000c000 fd:02 2230334                    /home/ike/soft/gradle/lib/plugins/gradle-jacoco-2.14.1.jar
7fabb2250000-7fabb2253000 r--s 0000e000 fd:02 2230333                    /home/ike/soft/gradle/lib/plugins/gradle-ivy-2.14.1.jar
7fabb2253000-7fabb2254000 r--s 00002000 fd:02 2230344                    /home/ike/soft/gradle/lib/plugins/gradle-ide-play-2.14.1.jar
7fabb2254000-7fabb2259000 r--s 0002b000 fd:02 2230346                    /home/ike/soft/gradle/lib/plugins/gradle-ide-native-2.14.1.jar
7fabb2259000-7fabb2264000 r--s 00066000 fd:02 2230322                    /home/ike/soft/gradle/lib/plugins/gradle-ide-2.14.1.jar
7fabb2264000-7fabb2265000 r--s 00008000 fd:02 2230327                    /home/ike/soft/gradle/lib/plugins/gradle-ear-2.14.1.jar
7fabb2265000-7fabb226b000 r--s 00032000 fd:02 2230330                    /home/ike/soft/gradle/lib/plugins/gradle-diagnostics-2.14.1.jar
7fabb226b000-7fabb226f000 r--s 00021000 fd:02 2230317                    /home/ike/soft/gradle/lib/plugins/gradle-code-quality-2.14.1.jar
7fabb226f000-7fabb2273000 r--s 0001f000 fd:02 2230335                    /home/ike/soft/gradle/lib/plugins/gradle-build-init-2.14.1.jar
7fabb2273000-7fabb227a000 r--s 0008e000 fd:02 2230329                    /home/ike/soft/gradle/lib/plugins/gradle-build-comparison-2.14.1.jar
7fabb227a000-7fabb227c000 r--s 00008000 fd:02 2230319                    /home/ike/soft/gradle/lib/plugins/gradle-antlr-2.14.1.jar
7fabb227c000-7fabb227e000 r--s 00004000 fd:02 2230323                    /home/ike/soft/gradle/lib/plugins/gradle-announce-2.14.1.jar
7fabb227e000-7fabb2296000 r--s 00115000 fd:02 2230424                    /home/ike/soft/gradle/lib/plugins/xercesImpl-2.9.1.jar
7fabb2296000-7fabb229e000 r--s 00028000 fd:02 2230425                    /home/ike/soft/gradle/lib/plugins/xml-apis-1.3.04.jar
7fabb229e000-7fabb22a4000 r--s 0005b000 fd:02 2230423                    /home/ike/soft/gradle/lib/plugins/jcifs-1.3.17.jar
7fabb22a4000-7fabb22ab000 r--s 00049000 fd:02 2230422                    /home/ike/soft/gradle/lib/plugins/httpcore-4.4.4.jar
7fabb22ab000-7fabb22b1000 r--s 00033000 fd:02 2230370                    /home/ike/soft/gradle/lib/plugins/commons-codec-1.6.jar
7fabb22b1000-7fabb22b4000 r--s 0001c000 fd:02 2230380                    /home/ike/soft/gradle/lib/plugins/nekohtml-1.9.14.jar
7fabb22b4000-7fabb22c1000 r--s 000a4000 fd:02 2230379                    /home/ike/soft/gradle/lib/plugins/httpclient-4.4.1.jar
7fabb22c1000-7fabb22c3000 r--s 0000a000 fd:02 2230352                    /home/ike/soft/gradle/lib/plugins/gradle-resources-http-2.14.1.jar
7fabb22c3000-7fabb22c7000 r--s 00014000 fd:02 2230351                    /home/ike/soft/gradle/lib/plugins/gradle-plugin-use-2.14.1.jar
7fabb22c7000-7fabb22c8000 r--s 00000000 fd:02 2230267                    /home/ike/soft/gradle/lib/gradle-installation-beacon-2.14.1.jar
7fabb22c8000-7fabb22c9000 r--s 00007000 fd:02 2230418                    /home/ike/soft/gradle/lib/plugins/wagon-http-shared4-2.4.jar
7fabb22c9000-7fabb22cd000 r--s 00033000 fd:02 2230417                    /home/ike/soft/gradle/lib/plugins/plexus-utils-2.0.6.jar
7fabb22cd000-7fabb22d1000 r--s 00021000 fd:02 2230416                    /home/ike/soft/gradle/lib/plugins/maven-model-builder-3.0.4.jar
7fabb22d1000-7fabb22d2000 r--s 00002000 fd:02 2230415                    /home/ike/soft/gradle/lib/plugins/wagon-file-2.4.jar
7fabb22d2000-7fabb22d4000 r--s 00002000 fd:02 2230414                    /home/ike/soft/gradle/lib/plugins/plexus-cipher-1.7.jar
7fabb22d4000-7fabb22d7000 r--s 00013000 fd:02 2230413                    /home/ike/soft/gradle/lib/plugins/aether-api-1.13.1.jar
7fabb22d7000-7fabb22d9000 r--s 0000a000 fd:02 2230412                    /home/ike/soft/gradle/lib/plugins/maven-settings-3.0.4.jar
7fabb22d9000-7fabb22db000 r--s 0000d000 fd:02 2230411                    /home/ike/soft/gradle/lib/plugins/plexus-interpolation-1.14.jar
7fabb22db000-7fabb22dd000 r--s 0000b000 fd:02 2230410                    /home/ike/soft/gradle/lib/plugins/maven-artifact-3.0.4.jar
7fabb22dd000-7fabb22e4000 r--s 0002e000 fd:02 2230409                    /home/ike/soft/gradle/lib/plugins/plexus-container-default-1.5.5.jar
7fabb22e4000-7fabb22e6000 r--s 0000b000 fd:02 2230408                    /home/ike/soft/gradle/lib/plugins/maven-plugin-api-3.0.4.jar
7fabb22e6000-7fabb22e8000 r--s 00000000 fd:02 2230426                    /home/ike/soft/gradle/lib/plugins/plexus-component-annotations-1.5.5.jar
7fabb22e8000-7fabb22ee000 r--s 0003f000 fd:02 2230407                    /home/ike/soft/gradle/lib/plugins/maven-compat-3.0.4.jar
7fabb22ee000-7fabb22f1000 r--s 00008000 fd:02 2230406                    /home/ike/soft/gradle/lib/plugins/maven-settings-builder-3.0.4.jar
7fabb22f1000-7fabb22f3000 r--s 00026000 fd:02 2230404                    /home/ike/soft/gradle/lib/plugins/maven-model-3.0.4.jar
7fabb22f3000-7fabb22f5000 r--s 00006000 fd:02 2230403                    /home/ike/soft/gradle/lib/plugins/aether-connector-wagon-1.13.1.jar
7fabb22f5000-7fabb22f7000 r--s 0000a000 fd:02 2230402                    /home/ike/soft/gradle/lib/plugins/plexus-classworlds-2.4.jar
7fabb22f7000-7fabb22f9000 r--s 00006000 fd:02 2230401                    /home/ike/soft/gradle/lib/plugins/maven-repository-metadata-3.0.4.jar
7fabb22f9000-7fabb22fb000 r--s 0000c000 fd:02 2230400                    /home/ike/soft/gradle/lib/plugins/maven-aether-provider-3.0.4.jar
7fabb22fb000-7fabb22fd000 r--s 0000b000 fd:02 2230399                    /home/ike/soft/gradle/lib/plugins/wagon-provider-api-2.4.jar
7fabb22fd000-7fabb2301000 r--s 0001c000 fd:02 2230397                    /home/ike/soft/gradle/lib/plugins/aether-util-1.13.1.jar
7fabb2301000-7fabb2304000 r--s 0001d000 fd:02 2230396                    /home/ike/soft/gradle/lib/plugins/aether-impl-1.13.1.jar
7fabb2304000-7fabb2309000 r--s 00040000 fd:02 2230381                    /home/ike/soft/gradle/lib/plugins/jsch-0.1.53.jar
7fabb2309000-7fabb2349000 r--s 00277000 fd:02 2230391                    /home/ike/soft/gradle/lib/plugins/bcprov-jdk15on-1.51.jar
7fabb2349000-7fabb234d000 r--s 0001d000 fd:02 2230390                    /home/ike/soft/gradle/lib/plugins/xbean-reflect-3.4.jar
7fabb234d000-7fabb2359000 r--s 0007d000 fd:02 2230367                    /home/ike/soft/gradle/lib/plugins/maven-core-3.0.4.jar
7fabb2359000-7fabb2375000 r--s 000d3000 fd:02 2230356                    /home/ike/soft/gradle/lib/plugins/gradle-dependency-management-2.14.1.jar
7fabb2375000-7fabb238b000 r-xp 00000000 fd:00 2890778                    /usr/lib64/libgcc_s-6.3.1-20161221.so.1
7fabb238b000-7fabb258a000 ---p 00016000 fd:00 2890778                    /usr/lib64/libgcc_s-6.3.1-20161221.so.1
7fabb258a000-7fabb258b000 r--p 00015000 fd:00 2890778                    /usr/lib64/libgcc_s-6.3.1-20161221.so.1
7fabb258b000-7fabb258c000 rw-p 00016000 fd:00 2890778                    /usr/lib64/libgcc_s-6.3.1-20161221.so.1
7fabb258c000-7fabb2704000 r-xp 00000000 fd:00 2892058                    /usr/lib64/libstdc++.so.6.0.22
7fabb2704000-7fabb2904000 ---p 00178000 fd:00 2892058                    /usr/lib64/libstdc++.so.6.0.22
7fabb2904000-7fabb290e000 r--p 00178000 fd:00 2892058                    /usr/lib64/libstdc++.so.6.0.22
7fabb290e000-7fabb2910000 rw-p 00182000 fd:00 2892058                    /usr/lib64/libstdc++.so.6.0.22
7fabb2910000-7fabb2914000 rw-p 00000000 00:00 0 
7fabb2914000-7fabb2915000 r--s 00002000 fd:02 2230405                    /home/ike/soft/gradle/lib/plugins/wagon-http-2.4.jar
7fabb2915000-7fabb2916000 r--s 00003000 fd:02 2230398                    /home/ike/soft/gradle/lib/plugins/aether-spi-1.13.1.jar
7fabb2916000-7fabb291b000 r--s 0002a000 fd:02 2230374                    /home/ike/soft/gradle/lib/plugins/gson-2.2.4.jar
7fabb291b000-7fabb292a000 r--s 000d9000 fd:02 2230389                    /home/ike/soft/gradle/lib/plugins/ivy-2.2.0.jar
7fabb292a000-7fabb292e000 r-xp 00000000 fd:02 1838733                    /home/ike/.gradle/native/19/linux-amd64/libnative-platform.so
7fabb292e000-7fabb2b2d000 ---p 00004000 fd:02 1838733                    /home/ike/.gradle/native/19/linux-amd64/libnative-platform.so
7fabb2b2d000-7fabb2b2e000 rw-p 00003000 fd:02 1838733                    /home/ike/.gradle/native/19/linux-amd64/libnative-platform.so
7fabb2b2e000-7fabb2b3f000 r-xp 00000000 fd:02 2100229                    /home/ike/soft/jdk1.8/jre/lib/amd64/libnio.so
7fabb2b3f000-7fabb2d3e000 ---p 00011000 fd:02 2100229                    /home/ike/soft/jdk1.8/jre/lib/amd64/libnio.so
7fabb2d3e000-7fabb2d3f000 rw-p 00010000 fd:02 2100229                    /home/ike/soft/jdk1.8/jre/lib/amd64/libnio.so
7fabb2d3f000-7fabb2d55000 r-xp 00000000 fd:02 2100243                    /home/ike/soft/jdk1.8/jre/lib/amd64/libnet.so
7fabb2d55000-7fabb2f55000 ---p 00016000 fd:02 2100243                    /home/ike/soft/jdk1.8/jre/lib/amd64/libnet.so
7fabb2f55000-7fabb2f56000 rw-p 00016000 fd:02 2100243                    /home/ike/soft/jdk1.8/jre/lib/amd64/libnet.so
7fabb2f56000-7fabb2f60000 r--s 00116000 fd:02 2100424                    /home/ike/soft/jdk1.8/jre/lib/ext/localedata.jar
7fabb2f60000-7fabb2f62000 r--s 00005000 fd:02 2230266                    /home/ike/soft/gradle/lib/gradle-wrapper-2.14.1.jar
7fabb2f62000-7fabb2f70000 r--s 0004f000 fd:02 2230273                    /home/ike/soft/gradle/lib/gradle-tooling-api-2.14.1.jar
7fabb2f70000-7fabb2f76000 r--s 00032000 fd:02 2230295                    /home/ike/soft/gradle/lib/jaxen-1.1.jar
7fabb2f76000-7fabb2f81000 r--s 00059000 fd:02 2230272                    /home/ike/soft/gradle/lib/gradle-ui-2.14.1.jar
7fabb2f81000-7fabb2ff0000 r--s 0063e000 fd:02 2230279                    /home/ike/soft/gradle/lib/groovy-all-2.4.4.jar
7fabb2ff0000-7fabb2ff1000 ---p 00000000 00:00 0 
7fabb2ff1000-7fabb30f1000 rw-p 00000000 00:00 0 
7fabb30f1000-7fabb30f4000 ---p 00000000 00:00 0 
7fabb30f4000-7fabb31f2000 rw-p 00000000 00:00 0 
7fabb31f2000-7fabb31f5000 ---p 00000000 00:00 0 
7fabb31f5000-7fabb32f3000 rw-p 00000000 00:00 0 
7fabb32f3000-7fabb32f6000 ---p 00000000 00:00 0 
7fabb32f6000-7fabb33f4000 rw-p 00000000 00:00 0 
7fabb33f4000-7fabb33f7000 ---p 00000000 00:00 0 
7fabb33f7000-7fabb34f5000 rw-p 00000000 00:00 0 
7fabb34f5000-7fabb34f8000 ---p 00000000 00:00 0 
7fabb34f8000-7fabb35f6000 rw-p 00000000 00:00 0 
7fabb35f6000-7fabb35f9000 ---p 00000000 00:00 0 
7fabb35f9000-7fabb36f7000 rw-p 00000000 00:00 0 
7fabb36f7000-7fabb36fa000 ---p 00000000 00:00 0 
7fabb36fa000-7fabb37f8000 rw-p 00000000 00:00 0 
7fabb37f8000-7fabb37f9000 ---p 00000000 00:00 0 
7fabb37f9000-7fabb4000000 rw-p 00000000 00:00 0 
7fabb4000000-7fabb4023000 rw-p 00000000 00:00 0 
7fabb4023000-7fabb8000000 ---p 00000000 00:00 0 
7fabb8000000-7fabb8035000 rw-p 00000000 00:00 0 
7fabb8035000-7fabbc000000 ---p 00000000 00:00 0 
7fabbc000000-7fabbc02b000 rw-p 00000000 00:00 0 
7fabbc02b000-7fabc0000000 ---p 00000000 00:00 0 
7fabc0000000-7fabc0001000 r--s 00006000 fd:02 2230395                    /home/ike/soft/gradle/lib/plugins/plexus-sec-dispatcher-1.3.jar
7fabc0001000-7fabc0003000 r--s 00002000 fd:02 2230293                    /home/ike/soft/gradle/lib/gradle-open-api-2.14.1.jar
7fabc0003000-7fabc0008000 r--s 00048000 fd:02 2230294                    /home/ike/soft/gradle/lib/dom4j-1.6.1.jar
7fabc0008000-7fabc000b000 r--s 0000b000 fd:02 2230291                    /home/ike/soft/gradle/lib/gradle-resources-2.14.1.jar
7fabc000b000-7fabc000d000 r--s 00003000 fd:02 2230303                    /home/ike/soft/gradle/lib/jcl-over-slf4j-1.7.10.jar
7fabc000d000-7fabc000e000 r--s 00005000 fd:02 2230302                    /home/ike/soft/gradle/lib/log4j-over-slf4j-1.7.10.jar
7fabc000e000-7fabc0010000 r--s 00000000 fd:02 2230301                    /home/ike/soft/gradle/lib/jul-to-slf4j-1.7.10.jar
7fabc0010000-7fabc0015000 r--s 0001c000 fd:02 2230290                    /home/ike/soft/gradle/lib/gradle-logging-2.14.1.jar
7fabc0015000-7fabc0017000 r--s 00007000 fd:02 2230314                    /home/ike/soft/gradle/lib/objenesis-1.2.jar
7fabc0017000-7fabc0019000 r--s 00000000 fd:02 2230313                    /home/ike/soft/gradle/lib/minlog-1.2.jar
7fabc0019000-7fabc001b000 r--s 0000f000 fd:02 2230312                    /home/ike/soft/gradle/lib/reflectasm-1.07-shaded.jar
7fabc001b000-7fabc001f000 r--s 00026000 fd:02 2230300                    /home/ike/soft/gradle/lib/kryo-2.20.jar
7fabc001f000-7fabc0025000 r--s 00025000 fd:02 2230289                    /home/ike/soft/gradle/lib/gradle-messaging-2.14.1.jar
7fabc0025000-7fabc0026000 r--s 00003000 fd:02 2230311                    /home/ike/soft/gradle/lib/native-platform-freebsd-amd64-0.10.jar
7fabc0026000-7fabc0027000 r--s 00003000 fd:02 2230310                    /home/ike/soft/gradle/lib/native-platform-freebsd-i386-0.10.jar
7fabc0027000-7fabc0028000 r--s 00005000 fd:02 2230309                    /home/ike/soft/gradle/lib/native-platform-windows-i386-0.10.jar
7fabc0028000-7fabc0029000 r--s 00005000 fd:02 2230308                    /home/ike/soft/gradle/lib/native-platform-windows-amd64-0.10.jar
7fabc0029000-7fabc002a000 r--s 00003000 fd:02 2230307                    /home/ike/soft/gradle/lib/native-platform-linux-i386-0.10.jar
7fabc002a000-7fabc002b000 r--s 00003000 fd:02 2230306                    /home/ike/soft/gradle/lib/native-platform-linux-amd64-0.10.jar
7fabc002b000-7fabc002c000 r--s 00002000 fd:02 2230305                    /home/ike/soft/gradle/lib/native-platform-osx-amd64-0.10.jar
7fabc002c000-7fabc002d000 r--s 00002000 fd:02 2230304                    /home/ike/soft/gradle/lib/native-platform-osx-i386-0.10.jar
7fabc002d000-7fabc002f000 r--s 00008000 fd:02 2230298                    /home/ike/soft/gradle/lib/jansi-1.2.1.jar
7fabc002f000-7fabc0032000 r--s 0000d000 fd:02 2230297                    /home/ike/soft/gradle/lib/native-platform-0.10.jar
7fabc0032000-7fabc0036000 r--s 000e4000 fd:02 2230296                    /home/ike/soft/gradle/lib/jna-3.2.7.jar
7fabc0036000-7fabc0038000 r--s 00009000 fd:02 2230274                    /home/ike/soft/gradle/lib/gradle-native-2.14.1.jar
7fabc0038000-7fabc003a000 r--s 00005000 fd:02 2230271                    /home/ike/soft/gradle/lib/gradle-cli-2.14.1.jar
7fabc003a000-7fabc003c000 r--s 00007000 fd:02 2230281                    /home/ike/soft/gradle/lib/gradle-model-groovy-2.14.1.jar
7fabc003c000-7fabc003d000 r--s 00006000 fd:02 2230288                    /home/ike/soft/gradle/lib/gradle-base-services-groovy-2.14.1.jar
7fabc003d000-7fabc004c000 r--s 00080000 fd:02 2230280                    /home/ike/soft/gradle/lib/gradle-model-core-2.14.1.jar
7fabc004c000-7fabc004d000 r--s 00002000 fd:02 2230292                    /home/ike/soft/gradle/lib/gradle-docs-2.14.1.jar
7fabc004d000-7fabc005a000 r--s 00083000 fd:02 2230284                    /home/ike/soft/gradle/lib/commons-collections-3.2.2.jar
7fabc005a000-7fabc0082000 r--s 001cf000 fd:02 2230276                    /home/ike/soft/gradle/lib/guava-jdk5-17.0.jar
7fabc0082000-7fabc00a1000 r--s 001d1000 fd:02 2230283                    /home/ike/soft/gradle/lib/ant-1.9.6.jar
7fabc00a1000-7fabc00d8000 r--s 001bd000 fd:02 2230270                    /home/ike/soft/gradle/lib/gradle-core-2.14.1.jar
7fabc00d8000-7fabc1000000 rw-p 00000000 00:00 0 
7fabc1000000-7fabc3ee0000 rwxp 00000000 00:00 0 
7fabc3ee0000-7fabd0000000 ---p 00000000 00:00 0 
7fabd0000000-7fabd0e34000 rw-p 00000000 00:00 0 
7fabd0e34000-7fabd4000000 ---p 00000000 00:00 0 
7fabd4000000-7fabd4001000 r--s 00000000 fd:02 2230287                    /home/ike/soft/gradle/lib/javax.inject-1.jar
7fabd4001000-7fabd4005000 r--s 00027000 fd:02 2230285                    /home/ike/soft/gradle/lib/commons-io-2.2.jar
7fabd4005000-7fabd400a000 r--s 00038000 fd:02 2230282                    /home/ike/soft/gradle/lib/asm-all-5.1.jar
7fabd400a000-7fabd400f000 r--s 00041000 fd:02 2230277                    /home/ike/soft/gradle/lib/commons-lang-2.6.jar
7fabd400f000-7fabd41a1000 rw-p 00000000 00:00 0 
7fabd41a1000-7fabd437a000 r--s 03d29000 fd:02 2100521                    /home/ike/soft/jdk1.8/jre/lib/rt.jar
7fabd437a000-7fabd65f0000 rw-p 00000000 00:00 0 
7fabd65f0000-7fabd65f1000 ---p 00000000 00:00 0 
7fabd65f1000-7fabd66f1000 rw-p 00000000 00:00 0 
7fabd66f1000-7fabd66f2000 ---p 00000000 00:00 0 
7fabd66f2000-7fabd67f2000 rw-p 00000000 00:00 0 
7fabd67f2000-7fabd67f3000 ---p 00000000 00:00 0 
7fabd67f3000-7fabd68f3000 rw-p 00000000 00:00 0 
7fabd68f3000-7fabd68f4000 ---p 00000000 00:00 0 
7fabd68f4000-7fabd6ac0000 rw-p 00000000 00:00 0 
7fabd6ac0000-7fabd6b4a000 ---p 00000000 00:00 0 
7fabd6b4a000-7fabd6c16000 rw-p 00000000 00:00 0 
7fabd6c16000-7fabd6c9f000 ---p 00000000 00:00 0 
7fabd6c9f000-7fabd6d4a000 rw-p 00000000 00:00 0 
7fabd6d4a000-7fabd6e07000 rw-p 00000000 00:00 0 
7fabd6e07000-7fabd710b000 ---p 00000000 00:00 0 
7fabd710b000-7fabd7125000 r-xp 00000000 fd:02 2100263                    /home/ike/soft/jdk1.8/jre/lib/amd64/libzip.so
7fabd7125000-7fabd7325000 ---p 0001a000 fd:02 2100263                    /home/ike/soft/jdk1.8/jre/lib/amd64/libzip.so
7fabd7325000-7fabd7326000 rw-p 0001a000 fd:02 2100263                    /home/ike/soft/jdk1.8/jre/lib/amd64/libzip.so
7fabd7326000-7fabd7330000 r-xp 00000000 fd:00 2891856                    /usr/lib64/libnss_files-2.24.so
7fabd7330000-7fabd7530000 ---p 0000a000 fd:00 2891856                    /usr/lib64/libnss_files-2.24.so
7fabd7530000-7fabd7531000 r--p 0000a000 fd:00 2891856                    /usr/lib64/libnss_files-2.24.so
7fabd7531000-7fabd7532000 rw-p 0000b000 fd:00 2891856                    /usr/lib64/libnss_files-2.24.so
7fabd7532000-7fabd7538000 rw-p 00000000 00:00 0 
7fabd7538000-7fabd7562000 r-xp 00000000 fd:02 2100286                    /home/ike/soft/jdk1.8/jre/lib/amd64/libjava.so
7fabd7562000-7fabd7762000 ---p 0002a000 fd:02 2100286                    /home/ike/soft/jdk1.8/jre/lib/amd64/libjava.so
7fabd7762000-7fabd7764000 rw-p 0002a000 fd:02 2100286                    /home/ike/soft/jdk1.8/jre/lib/amd64/libjava.so
7fabd7764000-7fabd7771000 r-xp 00000000 fd:02 2100257                    /home/ike/soft/jdk1.8/jre/lib/amd64/libverify.so
7fabd7771000-7fabd7971000 ---p 0000d000 fd:02 2100257                    /home/ike/soft/jdk1.8/jre/lib/amd64/libverify.so
7fabd7971000-7fabd7973000 rw-p 0000d000 fd:02 2100257                    /home/ike/soft/jdk1.8/jre/lib/amd64/libverify.so
7fabd7973000-7fabd797a000 r-xp 00000000 fd:00 2891975                    /usr/lib64/librt-2.24.so
7fabd797a000-7fabd7b79000 ---p 00007000 fd:00 2891975                    /usr/lib64/librt-2.24.so
7fabd7b79000-7fabd7b7a000 r--p 00006000 fd:00 2891975                    /usr/lib64/librt-2.24.so
7fabd7b7a000-7fabd7b7b000 rw-p 00007000 fd:00 2891975                    /usr/lib64/librt-2.24.so
7fabd7b7b000-7fabd7c83000 r-xp 00000000 fd:00 2891438                    /usr/lib64/libm-2.24.so
7fabd7c83000-7fabd7e82000 ---p 00108000 fd:00 2891438                    /usr/lib64/libm-2.24.so
7fabd7e82000-7fabd7e83000 r--p 00107000 fd:00 2891438                    /usr/lib64/libm-2.24.so
7fabd7e83000-7fabd7e84000 rw-p 00108000 fd:00 2891438                    /usr/lib64/libm-2.24.so
7fabd7e84000-7fabd8b4f000 r-xp 00000000 fd:02 2100238                    /home/ike/soft/jdk1.8/jre/lib/amd64/server/libjvm.so
7fabd8b4f000-7fabd8d4e000 ---p 00ccb000 fd:02 2100238                    /home/ike/soft/jdk1.8/jre/lib/amd64/server/libjvm.so
7fabd8d4e000-7fabd8e27000 rw-p 00cca000 fd:02 2100238                    /home/ike/soft/jdk1.8/jre/lib/amd64/server/libjvm.so
7fabd8e27000-7fabd8e72000 rw-p 00000000 00:00 0 
7fabd8e72000-7fabd902f000 r-xp 00000000 fd:00 2891285                    /usr/lib64/libc-2.24.so
7fabd902f000-7fabd922e000 ---p 001bd000 fd:00 2891285                    /usr/lib64/libc-2.24.so
7fabd922e000-7fabd9232000 r--p 001bc000 fd:00 2891285                    /usr/lib64/libc-2.24.so
7fabd9232000-7fabd9234000 rw-p 001c0000 fd:00 2891285                    /usr/lib64/libc-2.24.so
7fabd9234000-7fabd9238000 rw-p 00000000 00:00 0 
7fabd9238000-7fabd923b000 r-xp 00000000 fd:00 2891382                    /usr/lib64/libdl-2.24.so
7fabd923b000-7fabd943a000 ---p 00003000 fd:00 2891382                    /usr/lib64/libdl-2.24.so
7fabd943a000-7fabd943b000 r--p 00002000 fd:00 2891382                    /usr/lib64/libdl-2.24.so
7fabd943b000-7fabd943c000 rw-p 00003000 fd:00 2891382                    /usr/lib64/libdl-2.24.so
7fabd943c000-7fabd9451000 r-xp 00000000 fd:02 2098935                    /home/ike/soft/jdk1.8/lib/amd64/jli/libjli.so
7fabd9451000-7fabd9651000 ---p 00015000 fd:02 2098935                    /home/ike/soft/jdk1.8/lib/amd64/jli/libjli.so
7fabd9651000-7fabd9652000 rw-p 00015000 fd:02 2098935                    /home/ike/soft/jdk1.8/lib/amd64/jli/libjli.so
7fabd9652000-7fabd966a000 r-xp 00000000 fd:00 2891857                    /usr/lib64/libpthread-2.24.so
7fabd966a000-7fabd986a000 ---p 00018000 fd:00 2891857                    /usr/lib64/libpthread-2.24.so
7fabd986a000-7fabd986b000 r--p 00018000 fd:00 2891857                    /usr/lib64/libpthread-2.24.so
7fabd986b000-7fabd986c000 rw-p 00019000 fd:00 2891857                    /usr/lib64/libpthread-2.24.so
7fabd986c000-7fabd9870000 rw-p 00000000 00:00 0 
7fabd9870000-7fabd9895000 r-xp 00000000 fd:00 2894298                    /usr/lib64/ld-2.24.so
7fabd9895000-7fabd9896000 r--s 00000000 fd:02 2230286                    /home/ike/soft/gradle/lib/jcip-annotations-1.0.jar
7fabd9896000-7fabd9897000 r--s 00001000 fd:02 2230278                    /home/ike/soft/gradle/lib/gradle-process-services-2.14.1.jar
7fabd9897000-7fabd9898000 r--s 00000000 fd:02 2230269                    /home/ike/soft/gradle/lib/gradle-jvm-services-2.14.1.jar
7fabd9898000-7fabd9899000 r--s 00007000 fd:02 2230275                    /home/ike/soft/gradle/lib/slf4j-api-1.7.10.jar
7fabd9899000-7fabd98a1000 r--s 0003a000 fd:02 2230268                    /home/ike/soft/gradle/lib/gradle-base-services-2.14.1.jar
7fabd98a1000-7fabd997a000 rw-p 00000000 00:00 0 
7fabd997a000-7fabd997d000 ---p 00000000 00:00 0 
7fabd997d000-7fabd9a7d000 rw-p 00000000 00:00 0 
7fabd9a7d000-7fabd9a7e000 r--s 00004000 fd:02 2230299                    /home/ike/soft/gradle/lib/ant-launcher-1.9.6.jar
7fabd9a7e000-7fabd9a89000 r--s 00051000 fd:02 2230265                    /home/ike/soft/gradle/lib/gradle-launcher-2.14.1.jar
7fabd9a89000-7fabd9a91000 rw-s 00000000 00:29 547261                     /tmp/hsperfdata_ike/330
7fabd9a91000-7fabd9a92000 rw-p 00000000 00:00 0 
7fabd9a92000-7fabd9a93000 ---p 00000000 00:00 0 
7fabd9a93000-7fabd9a95000 rw-p 00000000 00:00 0 
7fabd9a95000-7fabd9a96000 r--p 00025000 fd:00 2894298                    /usr/lib64/ld-2.24.so
7fabd9a96000-7fabd9a97000 rw-p 00026000 fd:00 2894298                    /usr/lib64/ld-2.24.so
7fabd9a97000-7fabd9a98000 rw-p 00000000 00:00 0 
7ffd7e77d000-7ffd7e79e000 rw-p 00000000 00:00 0                          [stack]
7ffd7e7ac000-7ffd7e7ae000 r--p 00000000 00:00 0                          [vvar]
7ffd7e7ae000-7ffd7e7b0000 r-xp 00000000 00:00 0                          [vdso]
ffffffffff600000-ffffffffff601000 r-xp 00000000 00:00 0                  [vsyscall]

VM Arguments:
jvm_args: -XX:MaxPermSize=256m -XX:+HeapDumpOnOutOfMemoryError -Xmx1024m -Dfile.encoding=UTF-8 -Duser.country=CN -Duser.language=zh -Duser.variant 
java_command: org.gradle.launcher.daemon.bootstrap.GradleDaemon 2.14.1
java_class_path (initial): /home/ike/soft/gradle/lib/gradle-launcher-2.14.1.jar
Launcher Type: SUN_STANDARD

Environment Variables:
JAVA_HOME=/home/ike/soft/jdk1.8
PATH=/home/ike/soft/gradle/bin:/home/ike/soft/maven3.3.9/bin:/home/ike/soft/jdk1.8/bin:/home/ike/soft/jdk1.8/bin:/home/ike/soft/gradle/bin:/home/ike/soft/maven3.3.9/bin:/usr/lib64/qt-3.3/bin:/usr/local/bin:/usr/local/sbin:/usr/bin:/usr/sbin:/home/ike/.local/bin:/home/ike/bin
USERNAME=ike
LD_LIBRARY_PATH=/home/ike/soft/idea-IU-171.4424.56/bin:
SHELL=/bin/bash
DISPLAY=:0

Signal Handlers:
SIGSEGV: [libjvm.so+0xac4790], sa_mask[0]=11111111011111111101111111111110, sa_flags=SA_RESTART|SA_SIGINFO
SIGBUS: [libjvm.so+0xac4790], sa_mask[0]=11111111011111111101111111111110, sa_flags=SA_RESTART|SA_SIGINFO
SIGFPE: [libjvm.so+0x91f140], sa_mask[0]=11111111011111111101111111111110, sa_flags=SA_RESTART|SA_SIGINFO
SIGPIPE: [libjvm.so+0x91f140], sa_mask[0]=11111111011111111101111111111110, sa_flags=SA_RESTART|SA_SIGINFO
SIGXFSZ: [libjvm.so+0x91f140], sa_mask[0]=11111111011111111101111111111110, sa_flags=SA_RESTART|SA_SIGINFO
SIGILL: [libjvm.so+0x91f140], sa_mask[0]=11111111011111111101111111111110, sa_flags=SA_RESTART|SA_SIGINFO
SIGUSR1: SIG_DFL, sa_mask[0]=00000000000000000000000000000000, sa_flags=none
SIGUSR2: [libjvm.so+0x920770], sa_mask[0]=00100000000000000000000000000000, sa_flags=SA_RESTART|SA_SIGINFO
SIGHUP: [libjvm.so+0x921b70], sa_mask[0]=11111111011111111101111111111110, sa_flags=SA_RESTART|SA_SIGINFO
SIGINT: [libjvm.so+0x921b70], sa_mask[0]=11111111011111111101111111111110, sa_flags=SA_RESTART|SA_SIGINFO
SIGTERM: [libjvm.so+0x921b70], sa_mask[0]=11111111011111111101111111111110, sa_flags=SA_RESTART|SA_SIGINFO
SIGQUIT: [libjvm.so+0x921b70], sa_mask[0]=11111111011111111101111111111110, sa_flags=SA_RESTART|SA_SIGINFO


---------------  S Y S T E M  ---------------

OS:Fedora release 25 (Twenty Five)

uname:Linux 4.8.6-300.fc25.x86_64 #1 SMP Tue Nov 1 12:36:38 UTC 2016 x86_64
libc:glibc 2.24 NPTL 2.24 
rlimit: STACK 8192k, CORE 0k, NPROC 31367, NOFILE 4096, AS infinity
load average:3.62 2.56 2.19

/proc/meminfo:
MemTotal:        8053800 kB
MemFree:          122312 kB
MemAvailable:      38044 kB
Buffers:            1296 kB
Cached:           232560 kB
SwapCached:         3896 kB
Active:          6534328 kB
Inactive:         987036 kB
Active(anon):    6509600 kB
Inactive(anon):   970212 kB
Active(file):      24728 kB
Inactive(file):    16824 kB
Unevictable:          92 kB
Mlocked:              92 kB
SwapTotal:       8187900 kB
SwapFree:              0 kB
Dirty:               636 kB
Writeback:             0 kB
AnonPages:       7284604 kB
Mapped:            66644 kB
Shmem:            192188 kB
Slab:             187300 kB
SReclaimable:      62656 kB
SUnreclaim:       124644 kB
KernelStack:       41312 kB
PageTables:       103060 kB
NFS_Unstable:          0 kB
Bounce:                0 kB
WritebackTmp:          0 kB
CommitLimit:    12214800 kB
Committed_AS:   26947592 kB
VmallocTotal:   34359738367 kB
VmallocUsed:           0 kB
VmallocChunk:          0 kB
HardwareCorrupted:     0 kB
AnonHugePages:         0 kB
ShmemHugePages:        0 kB
ShmemPmdMapped:        0 kB
CmaTotal:              0 kB
CmaFree:               0 kB
HugePages_Total:       0
HugePages_Free:        0
HugePages_Rsvd:        0
HugePages_Surp:        0
Hugepagesize:       2048 kB
DirectMap4k:      230564 kB
DirectMap2M:     6987776 kB
DirectMap1G:     1048576 kB


CPU:total 4 (4 cores per cpu, 1 threads per core) family 6 model 94 stepping 3, cmov, cx8, fxsr, mmx, sse, sse2, sse3, ssse3, sse4.1, sse4.2, popcnt, avx, avx2, aes, clmul, erms, rtm, 3dnowpref, lzcnt, tsc, tscinvbit, bmi1, bmi2, adx

/proc/cpuinfo:
processor	: 0
vendor_id	: GenuineIntel
cpu family	: 6
model		: 94
model name	: Intel(R) Core(TM) i5-6500 CPU @ 3.20GHz
stepping	: 3
microcode	: 0x9e
cpu MHz		: 3169.140
cache size	: 6144 KB
physical id	: 0
siblings	: 4
core id		: 0
cpu cores	: 4
apicid		: 0
initial apicid	: 0
fpu		: yes
fpu_exception	: yes
cpuid level	: 22
wp		: yes
flags		: fpu vme de pse tsc msr pae mce cx8 apic sep mtrr pge mca cmov pat pse36 clflush dts acpi mmx fxsr sse sse2 ss ht tm pbe syscall nx pdpe1gb rdtscp lm constant_tsc art arch_perfmon pebs bts rep_good nopl xtopology nonstop_tsc aperfmperf eagerfpu pni pclmulqdq dtes64 monitor ds_cpl vmx smx est tm2 ssse3 sdbg fma cx16 xtpr pdcm pcid sse4_1 sse4_2 x2apic movbe popcnt tsc_deadline_timer aes xsave avx f16c rdrand lahf_lm abm 3dnowprefetch intel_pt tpr_shadow vnmi flexpriority ept vpid fsgsbase tsc_adjust bmi1 hle avx2 smep bmi2 erms invpcid rtm mpx rdseed adx smap clflushopt xsaveopt xsavec xgetbv1 xsaves dtherm ida arat pln pts hwp hwp_notify hwp_act_window hwp_epp
bugs		:
bogomips	: 6384.00
clflush size	: 64
cache_alignment	: 64
address sizes	: 39 bits physical, 48 bits virtual
power management:

processor	: 1
vendor_id	: GenuineIntel
cpu family	: 6
model		: 94
model name	: Intel(R) Core(TM) i5-6500 CPU @ 3.20GHz
stepping	: 3
microcode	: 0x9e
cpu MHz		: 2751.757
cache size	: 6144 KB
physical id	: 0
siblings	: 4
core id		: 1
cpu cores	: 4
apicid		: 2
initial apicid	: 2
fpu		: yes
fpu_exception	: yes
cpuid level	: 22
wp		: yes
flags		: fpu vme de pse tsc msr pae mce cx8 apic sep mtrr pge mca cmov pat pse36 clflush dts acpi mmx fxsr sse sse2 ss ht tm pbe syscall nx pdpe1gb rdtscp lm constant_tsc art arch_perfmon pebs bts rep_good nopl xtopology nonstop_tsc aperfmperf eagerfpu pni pclmulqdq dtes64 monitor ds_cpl vmx smx est tm2 ssse3 sdbg fma cx16 xtpr pdcm pcid sse4_1 sse4_2 x2apic movbe popcnt tsc_deadline_timer aes xsave avx f16c rdrand lahf_lm abm 3dnowprefetch intel_pt tpr_shadow vnmi flexpriority ept vpid fsgsbase tsc_adjust bmi1 hle avx2 smep bmi2 erms invpcid rtm mpx rdseed adx smap clflushopt xsaveopt xsavec xgetbv1 xsaves dtherm ida arat pln pts hwp hwp_notify hwp_act_window hwp_epp
bugs		:
bogomips	: 6387.62
clflush size	: 64
cache_alignment	: 64
address sizes	: 39 bits physical, 48 bits virtual
power management:

processor	: 2
vendor_id	: GenuineIntel
cpu family	: 6
model		: 94
model name	: Intel(R) Core(TM) i5-6500 CPU @ 3.20GHz
stepping	: 3
microcode	: 0x9e
cpu MHz		: 3013.085
cache size	: 6144 KB
physical id	: 0
siblings	: 4
core id		: 2
cpu cores	: 4
apicid		: 4
initial apicid	: 4
fpu		: yes
fpu_exception	: yes
cpuid level	: 22
wp		: yes
flags		: fpu vme de pse tsc msr pae mce cx8 apic sep mtrr pge mca cmov pat pse36 clflush dts acpi mmx fxsr sse sse2 ss ht tm pbe syscall nx pdpe1gb rdtscp lm constant_tsc art arch_perfmon pebs bts rep_good nopl xtopology nonstop_tsc aperfmperf eagerfpu pni pclmulqdq dtes64 monitor ds_cpl vmx smx est tm2 ssse3 sdbg fma cx16 xtpr pdcm pcid sse4_1 sse4_2 x2apic movbe popcnt tsc_deadline_timer aes xsave avx f16c rdrand lahf_lm abm 3dnowprefetch intel_pt tpr_shadow vnmi flexpriority ept vpid fsgsbase tsc_adjust bmi1 hle avx2 smep bmi2 erms invpcid rtm mpx rdseed adx smap clflushopt xsaveopt xsavec xgetbv1 xsaves dtherm ida arat pln pts hwp hwp_notify hwp_act_window hwp_epp
bugs		:
bogomips	: 6387.66
clflush size	: 64
cache_alignment	: 64
address sizes	: 39 bits physical, 48 bits virtual
power management:

processor	: 3
vendor_id	: GenuineIntel
cpu family	: 6
model		: 94
model name	: Intel(R) Core(TM) i5-6500 CPU @ 3.20GHz
stepping	: 3
microcode	: 0x9e
cpu MHz		: 3078.710
cache size	: 6144 KB
physical id	: 0
siblings	: 4
core id		: 3
cpu cores	: 4
apicid		: 6
initial apicid	: 6
fpu		: yes
fpu_exception	: yes
cpuid level	: 22
wp		: yes
flags		: fpu vme de pse tsc msr pae mce cx8 apic sep mtrr pge mca cmov pat pse36 clflush dts acpi mmx fxsr sse sse2 ss ht tm pbe syscall nx pdpe1gb rdtscp lm constant_tsc art arch_perfmon pebs bts rep_good nopl xtopology nonstop_tsc aperfmperf eagerfpu pni pclmulqdq dtes64 monitor ds_cpl vmx smx est tm2 ssse3 sdbg fma cx16 xtpr pdcm pcid sse4_1 sse4_2 x2apic movbe popcnt tsc_deadline_timer aes xsave avx f16c rdrand lahf_lm abm 3dnowprefetch intel_pt tpr_shadow vnmi flexpriority ept vpid fsgsbase tsc_adjust bmi1 hle avx2 smep bmi2 erms invpcid rtm mpx rdseed adx smap clflushopt xsaveopt xsavec xgetbv1 xsaves dtherm ida arat pln pts hwp hwp_notify hwp_act_window hwp_epp
bugs		:
bogomips	: 6387.64
clflush size	: 64
cache_alignment	: 64
address sizes	: 39 bits physical, 48 bits virtual
power management:



Memory: 4k page, physical 8053800k(122460k free), swap 8187900k(0k free)

vm_info: Java HotSpot(TM) 64-Bit Server VM (25.101-b13) for linux-amd64 JRE (1.8.0_101-b13), built on Jun 22 2016 02:59:44 by "java_re" with gcc 4.3.0 20080428 (Red Hat 4.3.0-8)

time: Wed Jul 26 16:26:52 2017
elapsed time: 74 seconds (0d 0h 1m 14s)

